<?xml version="1.0" encoding="UTF-8"?>
<testsuite xmlns:xsi="http://www.w3.org/2001/XMLSchema-instance" xsi:noNamespaceSchemaLocation="https://maven.apache.org/surefire/maven-failsafe-plugin/xsd/failsafe-test-report-3.0.xsd" version="3.0" name="CucumberTestSuite" time="115.808" tests="13" errors="5" skipped="0" failures="0">
  <properties>
    <property name="java.specification.version" value="13"/>
    <property name="webdriver.chrome.driver" value="C:\Users\alwi\IdeaProjects\AltaShop\src\test\resources\webdriver\chromedriver.exe"/>
    <property name="sun.cpu.isalist" value="amd64"/>
    <property name="sun.jnu.encoding" value="Cp1252"/>
    <property name="java.class.path" value="C:\Users\alwi\IdeaProjects\AltaShop\target\test-classes;C:\Users\alwi\.m2\repository\net\serenity-bdd\serenity-core\3.2.1\serenity-core-3.2.1.jar;C:\Users\alwi\.m2\repository\net\serenity-bdd\serenity-model\3.2.1\serenity-model-3.2.1.jar;C:\Users\alwi\.m2\repository\org\apache\commons\commons-text\1.9\commons-text-1.9.jar;C:\Users\alwi\.m2\repository\commons-net\commons-net\3.8.0\commons-net-3.8.0.jar;C:\Users\alwi\.m2\repository\com\google\guava\guava\31.1-jre\guava-31.1-jre.jar;C:\Users\alwi\.m2\repository\com\google\guava\failureaccess\1.0.1\failureaccess-1.0.1.jar;C:\Users\alwi\.m2\repository\com\google\guava\listenablefuture\9999.0-empty-to-avoid-conflict-with-guava\listenablefuture-9999.0-empty-to-avoid-conflict-with-guava.jar;C:\Users\alwi\.m2\repository\com\google\code\findbugs\jsr305\3.0.2\jsr305-3.0.2.jar;C:\Users\alwi\.m2\repository\org\checkerframework\checker-qual\3.12.0\checker-qual-3.12.0.jar;C:\Users\alwi\.m2\repository\com\google\errorprone\error_prone_annotations\2.11.0\error_prone_annotations-2.11.0.jar;C:\Users\alwi\.m2\repository\com\google\j2objc\j2objc-annotations\1.3\j2objc-annotations-1.3.jar;C:\Users\alwi\.m2\repository\com\google\inject\guice\5.1.0\guice-5.1.0.jar;C:\Users\alwi\.m2\repository\javax\inject\javax.inject\1\javax.inject-1.jar;C:\Users\alwi\.m2\repository\aopalliance\aopalliance\1.0\aopalliance-1.0.jar;C:\Users\alwi\.m2\repository\org\jsoup\jsoup\1.14.3\jsoup-1.14.3.jar;C:\Users\alwi\.m2\repository\com\thoughtworks\xstream\xstream\1.4.19\xstream-1.4.19.jar;C:\Users\alwi\.m2\repository\io\github\x-stream\mxparser\1.2.2\mxparser-1.2.2.jar;C:\Users\alwi\.m2\repository\xmlpull\xmlpull\1.1.3.1\xmlpull-1.1.3.1.jar;C:\Users\alwi\.m2\repository\io\cucumber\cucumber-java\7.2.3\cucumber-java-7.2.3.jar;C:\Users\alwi\.m2\repository\com\typesafe\config\1.4.2\config-1.4.2.jar;C:\Users\alwi\.m2\repository\org\imgscalr\imgscalr-lib\4.2\imgscalr-lib-4.2.jar;C:\Users\alwi\.m2\repository\org\awaitility\awaitility\4.2.0\awaitility-4.2.0.jar;C:\Users\alwi\.m2\repository\org\freemarker\freemarker\2.3.31\freemarker-2.3.31.jar;C:\Users\alwi\.m2\repository\io\github\classgraph\classgraph\4.8.138\classgraph-4.8.138.jar;C:\Users\alwi\.m2\repository\net\sourceforge\jexcelapi\jxl\2.6.12\jxl-2.6.12.jar;C:\Users\alwi\.m2\repository\net\bytebuddy\byte-buddy\1.12.8\byte-buddy-1.12.8.jar;C:\Users\alwi\.m2\repository\net\bytebuddy\byte-buddy-agent\1.12.8\byte-buddy-agent-1.12.8.jar;C:\Users\alwi\.m2\repository\org\objenesis\objenesis\3.1\objenesis-3.1.jar;C:\Users\alwi\.m2\repository\net\serenity-bdd\serenity-reports\3.2.1\serenity-reports-3.2.1.jar;C:\Users\alwi\.m2\repository\net\serenity-bdd\serenity-stats\3.2.1\serenity-stats-3.2.1.jar;C:\Users\alwi\.m2\repository\net\serenity-bdd\serenity-reports-configuration\3.2.1\serenity-reports-configuration-3.2.1.jar;C:\Users\alwi\.m2\repository\com\vladsch\flexmark\flexmark-all\0.34.30\flexmark-all-0.34.30.jar;C:\Users\alwi\.m2\repository\com\vladsch\flexmark\flexmark\0.34.30\flexmark-0.34.30.jar;C:\Users\alwi\.m2\repository\com\vladsch\flexmark\flexmark-ext-abbreviation\0.34.30\flexmark-ext-abbreviation-0.34.30.jar;C:\Users\alwi\.m2\repository\com\vladsch\flexmark\flexmark-ext-admonition\0.34.30\flexmark-ext-admonition-0.34.30.jar;C:\Users\alwi\.m2\repository\com\vladsch\flexmark\flexmark-ext-anchorlink\0.34.30\flexmark-ext-anchorlink-0.34.30.jar;C:\Users\alwi\.m2\repository\com\vladsch\flexmark\flexmark-ext-aside\0.34.30\flexmark-ext-aside-0.34.30.jar;C:\Users\alwi\.m2\repository\com\vladsch\flexmark\flexmark-ext-attributes\0.34.30\flexmark-ext-attributes-0.34.30.jar;C:\Users\alwi\.m2\repository\com\vladsch\flexmark\flexmark-ext-autolink\0.34.30\flexmark-ext-autolink-0.34.30.jar;C:\Users\alwi\.m2\repository\org\nibor\autolink\autolink\0.6.0\autolink-0.6.0.jar;C:\Users\alwi\.m2\repository\com\vladsch\flexmark\flexmark-ext-definition\0.34.30\flexmark-ext-definition-0.34.30.jar;C:\Users\alwi\.m2\repository\com\vladsch\flexmark\flexmark-ext-emoji\0.34.30\flexmark-ext-emoji-0.34.30.jar;C:\Users\alwi\.m2\repository\com\vladsch\flexmark\flexmark-ext-enumerated-reference\0.34.30\flexmark-ext-enumerated-reference-0.34.30.jar;C:\Users\alwi\.m2\repository\com\vladsch\flexmark\flexmark-ext-escaped-character\0.34.30\flexmark-ext-escaped-character-0.34.30.jar;C:\Users\alwi\.m2\repository\com\vladsch\flexmark\flexmark-ext-footnotes\0.34.30\flexmark-ext-footnotes-0.34.30.jar;C:\Users\alwi\.m2\repository\com\vladsch\flexmark\flexmark-ext-gfm-issues\0.34.30\flexmark-ext-gfm-issues-0.34.30.jar;C:\Users\alwi\.m2\repository\com\vladsch\flexmark\flexmark-ext-gfm-strikethrough\0.34.30\flexmark-ext-gfm-strikethrough-0.34.30.jar;C:\Users\alwi\.m2\repository\com\vladsch\flexmark\flexmark-ext-gfm-tables\0.34.30\flexmark-ext-gfm-tables-0.34.30.jar;C:\Users\alwi\.m2\repository\com\vladsch\flexmark\flexmark-ext-gfm-tasklist\0.34.30\flexmark-ext-gfm-tasklist-0.34.30.jar;C:\Users\alwi\.m2\repository\com\vladsch\flexmark\flexmark-ext-gfm-users\0.34.30\flexmark-ext-gfm-users-0.34.30.jar;C:\Users\alwi\.m2\repository\com\vladsch\flexmark\flexmark-ext-gitlab\0.34.30\flexmark-ext-gitlab-0.34.30.jar;C:\Users\alwi\.m2\repository\com\vladsch\flexmark\flexmark-ext-jekyll-front-matter\0.34.30\flexmark-ext-jekyll-front-matter-0.34.30.jar;C:\Users\alwi\.m2\repository\com\vladsch\flexmark\flexmark-ext-jekyll-tag\0.34.30\flexmark-ext-jekyll-tag-0.34.30.jar;C:\Users\alwi\.m2\repository\com\vladsch\flexmark\flexmark-ext-media-tags\0.34.30\flexmark-ext-media-tags-0.34.30.jar;C:\Users\alwi\.m2\repository\com\vladsch\flexmark\flexmark-test-util\0.34.30\flexmark-test-util-0.34.30.jar;C:\Users\alwi\.m2\repository\com\vladsch\flexmark\flexmark-ext-ins\0.34.30\flexmark-ext-ins-0.34.30.jar;C:\Users\alwi\.m2\repository\com\vladsch\flexmark\flexmark-ext-xwiki-macros\0.34.30\flexmark-ext-xwiki-macros-0.34.30.jar;C:\Users\alwi\.m2\repository\com\vladsch\flexmark\flexmark-ext-superscript\0.34.30\flexmark-ext-superscript-0.34.30.jar;C:\Users\alwi\.m2\repository\com\vladsch\flexmark\flexmark-ext-tables\0.34.30\flexmark-ext-tables-0.34.30.jar;C:\Users\alwi\.m2\repository\com\vladsch\flexmark\flexmark-ext-toc\0.34.30\flexmark-ext-toc-0.34.30.jar;C:\Users\alwi\.m2\repository\com\vladsch\flexmark\flexmark-ext-typographic\0.34.30\flexmark-ext-typographic-0.34.30.jar;C:\Users\alwi\.m2\repository\com\vladsch\flexmark\flexmark-ext-wikilink\0.34.30\flexmark-ext-wikilink-0.34.30.jar;C:\Users\alwi\.m2\repository\com\vladsch\flexmark\flexmark-ext-yaml-front-matter\0.34.30\flexmark-ext-yaml-front-matter-0.34.30.jar;C:\Users\alwi\.m2\repository\com\vladsch\flexmark\flexmark-ext-youtube-embedded\0.34.30\flexmark-ext-youtube-embedded-0.34.30.jar;C:\Users\alwi\.m2\repository\com\vladsch\flexmark\flexmark-formatter\0.34.30\flexmark-formatter-0.34.30.jar;C:\Users\alwi\.m2\repository\com\vladsch\flexmark\flexmark-html-parser\0.34.30\flexmark-html-parser-0.34.30.jar;C:\Users\alwi\.m2\repository\com\vladsch\flexmark\flexmark-jira-converter\0.34.30\flexmark-jira-converter-0.34.30.jar;C:\Users\alwi\.m2\repository\com\vladsch\flexmark\flexmark-pdf-converter\0.34.30\flexmark-pdf-converter-0.34.30.jar;C:\Users\alwi\.m2\repository\com\openhtmltopdf\openhtmltopdf-core\0.0.1-RC13\openhtmltopdf-core-0.0.1-RC13.jar;C:\Users\alwi\.m2\repository\com\openhtmltopdf\openhtmltopdf-pdfbox\0.0.1-RC13\openhtmltopdf-pdfbox-0.0.1-RC13.jar;C:\Users\alwi\.m2\repository\org\apache\pdfbox\pdfbox\2.0.8\pdfbox-2.0.8.jar;C:\Users\alwi\.m2\repository\org\apache\pdfbox\fontbox\2.0.8\fontbox-2.0.8.jar;C:\Users\alwi\.m2\repository\commons-logging\commons-logging\1.2\commons-logging-1.2.jar;C:\Users\alwi\.m2\repository\org\apache\pdfbox\xmpbox\2.0.8\xmpbox-2.0.8.jar;C:\Users\alwi\.m2\repository\de\rototor\pdfbox\graphics2d\0.12\graphics2d-0.12.jar;C:\Users\alwi\.m2\repository\com\openhtmltopdf\openhtmltopdf-rtl-support\0.0.1-RC13\openhtmltopdf-rtl-support-0.0.1-RC13.jar;C:\Users\alwi\.m2\repository\com\ibm\icu\icu4j\59.1\icu4j-59.1.jar;C:\Users\alwi\.m2\repository\com\openhtmltopdf\openhtmltopdf-jsoup-dom-converter\0.0.1-RC13\openhtmltopdf-jsoup-dom-converter-0.0.1-RC13.jar;C:\Users\alwi\.m2\repository\com\vladsch\flexmark\flexmark-profile-pegdown\0.34.30\flexmark-profile-pegdown-0.34.30.jar;C:\Users\alwi\.m2\repository\com\vladsch\flexmark\flexmark-util\0.34.30\flexmark-util-0.34.30.jar;C:\Users\alwi\.m2\repository\com\vladsch\flexmark\flexmark-youtrack-converter\0.34.30\flexmark-youtrack-converter-0.34.30.jar;C:\Users\alwi\.m2\repository\es\nitaur\markdown\txtmark\0.16\txtmark-0.16.jar;C:\Users\alwi\.m2\repository\net\serenity-bdd\serenity-report-resources\3.2.1\serenity-report-resources-3.2.1.jar;C:\Users\alwi\.m2\repository\com\google\code\gson\gson\2.9.0\gson-2.9.0.jar;C:\Users\alwi\.m2\repository\com\fasterxml\jackson\core\jackson-core\2.13.2\jackson-core-2.13.2.jar;C:\Users\alwi\.m2\repository\com\fasterxml\jackson\core\jackson-databind\2.13.2\jackson-databind-2.13.2.jar;C:\Users\alwi\.m2\repository\com\fasterxml\jackson\core\jackson-annotations\2.13.2\jackson-annotations-2.13.2.jar;C:\Users\alwi\.m2\repository\commons-codec\commons-codec\1.15\commons-codec-1.15.jar;C:\Users\alwi\.m2\repository\commons-io\commons-io\2.11.0\commons-io-2.11.0.jar;C:\Users\alwi\.m2\repository\org\seleniumhq\selenium\selenium-java\4.1.2\selenium-java-4.1.2.jar;C:\Users\alwi\.m2\repository\org\seleniumhq\selenium\selenium-devtools-v85\4.1.2\selenium-devtools-v85-4.1.2.jar;C:\Users\alwi\.m2\repository\org\seleniumhq\selenium\selenium-devtools-v95\4.1.2\selenium-devtools-v95-4.1.2.jar;C:\Users\alwi\.m2\repository\org\seleniumhq\selenium\selenium-devtools-v96\4.1.2\selenium-devtools-v96-4.1.2.jar;C:\Users\alwi\.m2\repository\org\seleniumhq\selenium\selenium-devtools-v97\4.1.2\selenium-devtools-v97-4.1.2.jar;C:\Users\alwi\.m2\repository\org\seleniumhq\selenium\selenium-firefox-xpi-driver\4.1.2\selenium-firefox-xpi-driver-4.1.2.jar;C:\Users\alwi\.m2\repository\org\seleniumhq\selenium\selenium-opera-driver\4.1.2\selenium-opera-driver-4.1.2.jar;C:\Users\alwi\.m2\repository\org\seleniumhq\selenium\selenium-remote-driver\4.1.2\selenium-remote-driver-4.1.2.jar;C:\Users\alwi\.m2\repository\com\beust\jcommander\1.82\jcommander-1.82.jar;C:\Users\alwi\.m2\repository\io\netty\netty-buffer\4.1.73.Final\netty-buffer-4.1.73.Final.jar;C:\Users\alwi\.m2\repository\io\netty\netty-codec-http\4.1.73.Final\netty-codec-http-4.1.73.Final.jar;C:\Users\alwi\.m2\repository\io\netty\netty-codec\4.1.73.Final\netty-codec-4.1.73.Final.jar;C:\Users\alwi\.m2\repository\io\netty\netty-handler\4.1.73.Final\netty-handler-4.1.73.Final.jar;C:\Users\alwi\.m2\repository\io\netty\netty-tcnative-classes\2.0.46.Final\netty-tcnative-classes-2.0.46.Final.jar;C:\Users\alwi\.m2\repository\io\netty\netty-common\4.1.73.Final\netty-common-4.1.73.Final.jar;C:\Users\alwi\.m2\repository\io\netty\netty-transport-classes-epoll\4.1.73.Final\netty-transport-classes-epoll-4.1.73.Final.jar;C:\Users\alwi\.m2\repository\io\netty\netty-transport-classes-kqueue\4.1.73.Final\netty-transport-classes-kqueue-4.1.73.Final.jar;C:\Users\alwi\.m2\repository\io\netty\netty-transport-native-epoll\4.1.73.Final\netty-transport-native-epoll-4.1.73.Final.jar;C:\Users\alwi\.m2\repository\io\netty\netty-transport-native-kqueue\4.1.73.Final\netty-transport-native-kqueue-4.1.73.Final.jar;C:\Users\alwi\.m2\repository\io\netty\netty-transport-native-unix-common\4.1.73.Final\netty-transport-native-unix-common-4.1.73.Final.jar;C:\Users\alwi\.m2\repository\io\netty\netty-transport\4.1.73.Final\netty-transport-4.1.73.Final.jar;C:\Users\alwi\.m2\repository\io\netty\netty-resolver\4.1.73.Final\netty-resolver-4.1.73.Final.jar;C:\Users\alwi\.m2\repository\io\opentelemetry\opentelemetry-api\1.10.1\opentelemetry-api-1.10.1.jar;C:\Users\alwi\.m2\repository\io\opentelemetry\opentelemetry-context\1.10.1\opentelemetry-context-1.10.1.jar;C:\Users\alwi\.m2\repository\io\opentelemetry\opentelemetry-exporter-logging\1.10.1\opentelemetry-exporter-logging-1.10.1.jar;C:\Users\alwi\.m2\repository\io\opentelemetry\opentelemetry-sdk-metrics\1.10.1-alpha\opentelemetry-sdk-metrics-1.10.1-alpha.jar;C:\Users\alwi\.m2\repository\io\opentelemetry\opentelemetry-sdk-logs\1.10.1-alpha\opentelemetry-sdk-logs-1.10.1-alpha.jar;C:\Users\alwi\.m2\repository\io\opentelemetry\opentelemetry-sdk-common\1.10.1\opentelemetry-sdk-common-1.10.1.jar;C:\Users\alwi\.m2\repository\io\opentelemetry\opentelemetry-sdk-extension-autoconfigure-spi\1.10.1\opentelemetry-sdk-extension-autoconfigure-spi-1.10.1.jar;C:\Users\alwi\.m2\repository\io\opentelemetry\opentelemetry-sdk-extension-autoconfigure\1.10.1-alpha\opentelemetry-sdk-extension-autoconfigure-1.10.1-alpha.jar;C:\Users\alwi\.m2\repository\io\opentelemetry\opentelemetry-sdk-trace\1.10.1\opentelemetry-sdk-trace-1.10.1.jar;C:\Users\alwi\.m2\repository\io\opentelemetry\opentelemetry-sdk\1.10.1\opentelemetry-sdk-1.10.1.jar;C:\Users\alwi\.m2\repository\io\opentelemetry\opentelemetry-semconv\1.10.1-alpha\opentelemetry-semconv-1.10.1-alpha.jar;C:\Users\alwi\.m2\repository\io\ous\jtoml\2.0.0\jtoml-2.0.0.jar;C:\Users\alwi\.m2\repository\org\apache\commons\commons-exec\1.3\commons-exec-1.3.jar;C:\Users\alwi\.m2\repository\org\asynchttpclient\async-http-client\2.12.3\async-http-client-2.12.3.jar;C:\Users\alwi\.m2\repository\org\asynchttpclient\async-http-client-netty-utils\2.12.3\async-http-client-netty-utils-2.12.3.jar;C:\Users\alwi\.m2\repository\io\netty\netty-codec-socks\4.1.60.Final\netty-codec-socks-4.1.60.Final.jar;C:\Users\alwi\.m2\repository\io\netty\netty-handler-proxy\4.1.60.Final\netty-handler-proxy-4.1.60.Final.jar;C:\Users\alwi\.m2\repository\io\netty\netty-transport-native-epoll\4.1.60.Final\netty-transport-native-epoll-4.1.60.Final-linux-x86_64.jar;C:\Users\alwi\.m2\repository\io\netty\netty-transport-native-kqueue\4.1.60.Final\netty-transport-native-kqueue-4.1.60.Final-osx-x86_64.jar;C:\Users\alwi\.m2\repository\org\reactivestreams\reactive-streams\1.0.3\reactive-streams-1.0.3.jar;C:\Users\alwi\.m2\repository\com\typesafe\netty\netty-reactive-streams\2.0.4\netty-reactive-streams-2.0.4.jar;C:\Users\alwi\.m2\repository\org\seleniumhq\selenium\selenium-http\4.1.2\selenium-http-4.1.2.jar;C:\Users\alwi\.m2\repository\net\jodah\failsafe\2.4.4\failsafe-2.4.4.jar;C:\Users\alwi\.m2\repository\org\seleniumhq\selenium\selenium-safari-driver\4.1.2\selenium-safari-driver-4.1.2.jar;C:\Users\alwi\.m2\repository\org\seleniumhq\selenium\selenium-api\4.1.2\selenium-api-4.1.2.jar;C:\Users\alwi\.m2\repository\org\seleniumhq\selenium\selenium-support\4.1.2\selenium-support-4.1.2.jar;C:\Users\alwi\.m2\repository\com\google\auto\service\auto-service-annotations\1.0.1\auto-service-annotations-1.0.1.jar;C:\Users\alwi\.m2\repository\com\google\auto\service\auto-service\1.0.1\auto-service-1.0.1.jar;C:\Users\alwi\.m2\repository\com\google\auto\auto-common\1.2\auto-common-1.2.jar;C:\Users\alwi\.m2\repository\org\seleniumhq\selenium\selenium-json\4.1.2\selenium-json-4.1.2.jar;C:\Users\alwi\.m2\repository\org\seleniumhq\selenium\selenium-chrome-driver\4.1.2\selenium-chrome-driver-4.1.2.jar;C:\Users\alwi\.m2\repository\org\seleniumhq\selenium\selenium-chromium-driver\4.1.2\selenium-chromium-driver-4.1.2.jar;C:\Users\alwi\.m2\repository\org\seleniumhq\selenium\selenium-firefox-driver\4.1.2\selenium-firefox-driver-4.1.2.jar;C:\Users\alwi\.m2\repository\org\seleniumhq\selenium\selenium-edge-driver\4.1.2\selenium-edge-driver-4.1.2.jar;C:\Users\alwi\.m2\repository\org\seleniumhq\selenium\selenium-ie-driver\4.1.2\selenium-ie-driver-4.1.2.jar;C:\Users\alwi\.m2\repository\org\projectlombok\lombok\1.18.20\lombok-1.18.20.jar;C:\Users\alwi\.m2\repository\io\appium\java-client\8.0.0\java-client-8.0.0.jar;C:\Users\alwi\.m2\repository\commons-validator\commons-validator\1.7\commons-validator-1.7.jar;C:\Users\alwi\.m2\repository\commons-digester\commons-digester\2.1\commons-digester-2.1.jar;C:\Users\alwi\.m2\repository\org\aspectj\aspectjweaver\1.9.8\aspectjweaver-1.9.8.jar;C:\Users\alwi\.m2\repository\org\codehaus\groovy\groovy\3.0.10\groovy-3.0.10.jar;C:\Users\alwi\.m2\repository\net\sf\opencsv\opencsv\2.0\opencsv-2.0.jar;C:\Users\alwi\.m2\repository\commons-beanutils\commons-beanutils\1.9.4\commons-beanutils-1.9.4.jar;C:\Users\alwi\.m2\repository\org\apache\commons\commons-lang3\3.12.0\commons-lang3-3.12.0.jar;C:\Users\alwi\.m2\repository\commons-collections\commons-collections\3.2.2\commons-collections-3.2.2.jar;C:\Users\alwi\.m2\repository\org\fluentlenium\fluentlenium-core\0.10.2\fluentlenium-core-0.10.2.jar;C:\Users\alwi\.m2\repository\io\github\bonigarcia\webdrivermanager\5.1.0\webdrivermanager-5.1.0.jar;C:\Users\alwi\.m2\repository\com\github\docker-java\docker-java\3.2.13\docker-java-3.2.13.jar;C:\Users\alwi\.m2\repository\com\github\docker-java\docker-java-core\3.2.13\docker-java-core-3.2.13.jar;C:\Users\alwi\.m2\repository\com\github\docker-java\docker-java-api\3.2.13\docker-java-api-3.2.13.jar;C:\Users\alwi\.m2\repository\org\apache\commons\commons-compress\1.21\commons-compress-1.21.jar;C:\Users\alwi\.m2\repository\org\bouncycastle\bcpkix-jdk15on\1.64\bcpkix-jdk15on-1.64.jar;C:\Users\alwi\.m2\repository\org\bouncycastle\bcprov-jdk15on\1.64\bcprov-jdk15on-1.64.jar;C:\Users\alwi\.m2\repository\org\slf4j\jcl-over-slf4j\1.7.30\jcl-over-slf4j-1.7.30.jar;C:\Users\alwi\.m2\repository\com\github\docker-java\docker-java-transport-httpclient5\3.2.13\docker-java-transport-httpclient5-3.2.13.jar;C:\Users\alwi\.m2\repository\com\github\docker-java\docker-java-transport\3.2.13\docker-java-transport-3.2.13.jar;C:\Users\alwi\.m2\repository\org\apache\httpcomponents\client5\httpclient5\5.0.3\httpclient5-5.0.3.jar;C:\Users\alwi\.m2\repository\org\apache\httpcomponents\core5\httpcore5\5.0.2\httpcore5-5.0.2.jar;C:\Users\alwi\.m2\repository\net\java\dev\jna\jna\5.8.0\jna-5.8.0.jar;C:\Users\alwi\.m2\repository\org\brotli\dec\0.1.2\dec-0.1.2.jar;C:\Users\alwi\.m2\repository\com\jhlabs\filters\2.0.235\filters-2.0.235.jar;C:\Users\alwi\.m2\repository\com\paulhammant\ngwebdriver\1.1.6\ngwebdriver-1.1.6.jar;C:\Users\alwi\.m2\repository\joda-time\joda-time\2.8.2\joda-time-2.8.2.jar;C:\Users\alwi\.m2\repository\org\hamcrest\hamcrest\2.2\hamcrest-2.2.jar;C:\Users\alwi\.m2\repository\com\google\jimfs\jimfs\1.2\jimfs-1.2.jar;C:\Users\alwi\.m2\repository\org\mockito\mockito-core\3.3.3\mockito-core-3.3.3.jar;C:\Users\alwi\.m2\repository\javax\xml\bind\jaxb-api\2.3.1\jaxb-api-2.3.1.jar;C:\Users\alwi\.m2\repository\javax\activation\javax.activation-api\1.2.0\javax.activation-api-1.2.0.jar;C:\Users\alwi\.m2\repository\com\sun\xml\bind\jaxb-core\2.3.0.1\jaxb-core-2.3.0.1.jar;C:\Users\alwi\.m2\repository\com\sun\xml\bind\jaxb-impl\2.3.3\jaxb-impl-2.3.3.jar;C:\Users\alwi\.m2\repository\jakarta\xml\bind\jakarta.xml.bind-api\2.3.3\jakarta.xml.bind-api-2.3.3.jar;C:\Users\alwi\.m2\repository\com\sun\activation\jakarta.activation\1.2.2\jakarta.activation-1.2.2.jar;C:\Users\alwi\.m2\repository\javax\activation\activation\1.1.1\activation-1.1.1.jar;C:\Users\alwi\.m2\repository\net\serenity-bdd\serenity-cucumber\3.2.1\serenity-cucumber-3.2.1.jar;C:\Users\alwi\.m2\repository\io\cucumber\cucumber-core\7.2.3\cucumber-core-7.2.3.jar;C:\Users\alwi\.m2\repository\io\cucumber\cucumber-gherkin\7.2.3\cucumber-gherkin-7.2.3.jar;C:\Users\alwi\.m2\repository\io\cucumber\cucumber-gherkin-messages\7.2.3\cucumber-gherkin-messages-7.2.3.jar;C:\Users\alwi\.m2\repository\io\cucumber\messages\17.1.1\messages-17.1.1.jar;C:\Users\alwi\.m2\repository\io\cucumber\tag-expressions\4.1.0\tag-expressions-4.1.0.jar;C:\Users\alwi\.m2\repository\io\cucumber\cucumber-expressions\15.0.1\cucumber-expressions-15.0.1.jar;C:\Users\alwi\.m2\repository\io\cucumber\datatable\7.2.3\datatable-7.2.3.jar;C:\Users\alwi\.m2\repository\io\cucumber\cucumber-plugin\7.2.3\cucumber-plugin-7.2.3.jar;C:\Users\alwi\.m2\repository\io\cucumber\docstring\7.2.3\docstring-7.2.3.jar;C:\Users\alwi\.m2\repository\io\cucumber\html-formatter\17.0.0\html-formatter-17.0.0.jar;C:\Users\alwi\.m2\repository\io\cucumber\ci-environment\8.1.0\ci-environment-8.1.0.jar;C:\Users\alwi\.m2\repository\io\cucumber\cucumber-junit\7.2.3\cucumber-junit-7.2.3.jar;C:\Users\alwi\.m2\repository\org\apache\commons\commons-csv\1.5\commons-csv-1.5.jar;C:\Users\alwi\.m2\repository\net\serenity-bdd\serenity-screenplay\3.2.1\serenity-screenplay-3.2.1.jar;C:\Users\alwi\.m2\repository\net\serenity-bdd\serenity-screenplay-webdriver\3.2.1\serenity-screenplay-webdriver-3.2.1.jar;C:\Users\alwi\.m2\repository\net\serenity-bdd\serenity-ensure\3.2.1\serenity-ensure-3.2.1.jar;C:\Users\alwi\.m2\repository\net\serenity-bdd\serenity-junit\3.2.1\serenity-junit-3.2.1.jar;C:\Users\alwi\.m2\repository\org\jetbrains\kotlin\kotlin-stdlib\1.6.0\kotlin-stdlib-1.6.0.jar;C:\Users\alwi\.m2\repository\org\jetbrains\annotations\13.0\annotations-13.0.jar;C:\Users\alwi\.m2\repository\org\jetbrains\kotlin\kotlin-stdlib-common\1.6.0\kotlin-stdlib-common-1.6.0.jar;C:\Users\alwi\.m2\repository\org\junit\platform\junit-platform-launcher\1.8.1\junit-platform-launcher-1.8.1.jar;C:\Users\alwi\.m2\repository\org\junit\platform\junit-platform-engine\1.8.1\junit-platform-engine-1.8.1.jar;C:\Users\alwi\.m2\repository\org\opentest4j\opentest4j\1.2.0\opentest4j-1.2.0.jar;C:\Users\alwi\.m2\repository\org\junit\platform\junit-platform-commons\1.8.1\junit-platform-commons-1.8.1.jar;C:\Users\alwi\.m2\repository\org\apiguardian\apiguardian-api\1.1.2\apiguardian-api-1.1.2.jar;C:\Users\alwi\.m2\repository\org\junit\jupiter\junit-jupiter-engine\5.8.2\junit-jupiter-engine-5.8.2.jar;C:\Users\alwi\.m2\repository\org\junit\jupiter\junit-jupiter-api\5.8.2\junit-jupiter-api-5.8.2.jar;C:\Users\alwi\.m2\repository\org\junit\vintage\junit-vintage-engine\5.8.2\junit-vintage-engine-5.8.2.jar;C:\Users\alwi\.m2\repository\junit\junit\4.13.2\junit-4.13.2.jar;C:\Users\alwi\.m2\repository\org\hamcrest\hamcrest-core\1.3\hamcrest-core-1.3.jar;C:\Users\alwi\.m2\repository\ch\qos\logback\logback-classic\1.2.10\logback-classic-1.2.10.jar;C:\Users\alwi\.m2\repository\ch\qos\logback\logback-core\1.2.10\logback-core-1.2.10.jar;C:\Users\alwi\.m2\repository\org\slf4j\slf4j-api\1.7.32\slf4j-api-1.7.32.jar;C:\Users\alwi\.m2\repository\org\assertj\assertj-core\3.6.2\assertj-core-3.6.2.jar;"/>
    <property name="java.vm.vendor" value="Oracle Corporation"/>
    <property name="sun.arch.data.model" value="64"/>
    <property name="user.variant" value=""/>
    <property name="java.vendor.url" value="https://java.oracle.com/"/>
    <property name="user.timezone" value="Asia/Jakarta"/>
    <property name="log4j2.formatMsgNoLookups" value="true"/>
    <property name="user.country.format" value="ID"/>
    <property name="os.name" value="Windows 10"/>
    <property name="java.vm.specification.version" value="13"/>
    <property name="sun.java.launcher" value="SUN_STANDARD"/>
    <property name="user.country" value="US"/>
    <property name="sun.boot.library.path" value="C:\Program Files\Java\jdk-13.0.2\bin"/>
    <property name="sun.java.command" value="org.apache.maven.surefire.booter.ForkedBooter C:\Users\alwi\AppData\Local\Temp\surefire6405807669492708253 2022-10-26T20-23-24_415-jvmRun1 surefire5792598040940830823tmp surefire_010223681928787955999tmp"/>
    <property name="jdk.debug" value="release"/>
    <property name="surefire.test.class.path" value="C:\Users\alwi\IdeaProjects\AltaShop\target\test-classes;C:\Users\alwi\.m2\repository\net\serenity-bdd\serenity-core\3.2.1\serenity-core-3.2.1.jar;C:\Users\alwi\.m2\repository\net\serenity-bdd\serenity-model\3.2.1\serenity-model-3.2.1.jar;C:\Users\alwi\.m2\repository\org\apache\commons\commons-text\1.9\commons-text-1.9.jar;C:\Users\alwi\.m2\repository\commons-net\commons-net\3.8.0\commons-net-3.8.0.jar;C:\Users\alwi\.m2\repository\com\google\guava\guava\31.1-jre\guava-31.1-jre.jar;C:\Users\alwi\.m2\repository\com\google\guava\failureaccess\1.0.1\failureaccess-1.0.1.jar;C:\Users\alwi\.m2\repository\com\google\guava\listenablefuture\9999.0-empty-to-avoid-conflict-with-guava\listenablefuture-9999.0-empty-to-avoid-conflict-with-guava.jar;C:\Users\alwi\.m2\repository\com\google\code\findbugs\jsr305\3.0.2\jsr305-3.0.2.jar;C:\Users\alwi\.m2\repository\org\checkerframework\checker-qual\3.12.0\checker-qual-3.12.0.jar;C:\Users\alwi\.m2\repository\com\google\errorprone\error_prone_annotations\2.11.0\error_prone_annotations-2.11.0.jar;C:\Users\alwi\.m2\repository\com\google\j2objc\j2objc-annotations\1.3\j2objc-annotations-1.3.jar;C:\Users\alwi\.m2\repository\com\google\inject\guice\5.1.0\guice-5.1.0.jar;C:\Users\alwi\.m2\repository\javax\inject\javax.inject\1\javax.inject-1.jar;C:\Users\alwi\.m2\repository\aopalliance\aopalliance\1.0\aopalliance-1.0.jar;C:\Users\alwi\.m2\repository\org\jsoup\jsoup\1.14.3\jsoup-1.14.3.jar;C:\Users\alwi\.m2\repository\com\thoughtworks\xstream\xstream\1.4.19\xstream-1.4.19.jar;C:\Users\alwi\.m2\repository\io\github\x-stream\mxparser\1.2.2\mxparser-1.2.2.jar;C:\Users\alwi\.m2\repository\xmlpull\xmlpull\1.1.3.1\xmlpull-1.1.3.1.jar;C:\Users\alwi\.m2\repository\io\cucumber\cucumber-java\7.2.3\cucumber-java-7.2.3.jar;C:\Users\alwi\.m2\repository\com\typesafe\config\1.4.2\config-1.4.2.jar;C:\Users\alwi\.m2\repository\org\imgscalr\imgscalr-lib\4.2\imgscalr-lib-4.2.jar;C:\Users\alwi\.m2\repository\org\awaitility\awaitility\4.2.0\awaitility-4.2.0.jar;C:\Users\alwi\.m2\repository\org\freemarker\freemarker\2.3.31\freemarker-2.3.31.jar;C:\Users\alwi\.m2\repository\io\github\classgraph\classgraph\4.8.138\classgraph-4.8.138.jar;C:\Users\alwi\.m2\repository\net\sourceforge\jexcelapi\jxl\2.6.12\jxl-2.6.12.jar;C:\Users\alwi\.m2\repository\net\bytebuddy\byte-buddy\1.12.8\byte-buddy-1.12.8.jar;C:\Users\alwi\.m2\repository\net\bytebuddy\byte-buddy-agent\1.12.8\byte-buddy-agent-1.12.8.jar;C:\Users\alwi\.m2\repository\org\objenesis\objenesis\3.1\objenesis-3.1.jar;C:\Users\alwi\.m2\repository\net\serenity-bdd\serenity-reports\3.2.1\serenity-reports-3.2.1.jar;C:\Users\alwi\.m2\repository\net\serenity-bdd\serenity-stats\3.2.1\serenity-stats-3.2.1.jar;C:\Users\alwi\.m2\repository\net\serenity-bdd\serenity-reports-configuration\3.2.1\serenity-reports-configuration-3.2.1.jar;C:\Users\alwi\.m2\repository\com\vladsch\flexmark\flexmark-all\0.34.30\flexmark-all-0.34.30.jar;C:\Users\alwi\.m2\repository\com\vladsch\flexmark\flexmark\0.34.30\flexmark-0.34.30.jar;C:\Users\alwi\.m2\repository\com\vladsch\flexmark\flexmark-ext-abbreviation\0.34.30\flexmark-ext-abbreviation-0.34.30.jar;C:\Users\alwi\.m2\repository\com\vladsch\flexmark\flexmark-ext-admonition\0.34.30\flexmark-ext-admonition-0.34.30.jar;C:\Users\alwi\.m2\repository\com\vladsch\flexmark\flexmark-ext-anchorlink\0.34.30\flexmark-ext-anchorlink-0.34.30.jar;C:\Users\alwi\.m2\repository\com\vladsch\flexmark\flexmark-ext-aside\0.34.30\flexmark-ext-aside-0.34.30.jar;C:\Users\alwi\.m2\repository\com\vladsch\flexmark\flexmark-ext-attributes\0.34.30\flexmark-ext-attributes-0.34.30.jar;C:\Users\alwi\.m2\repository\com\vladsch\flexmark\flexmark-ext-autolink\0.34.30\flexmark-ext-autolink-0.34.30.jar;C:\Users\alwi\.m2\repository\org\nibor\autolink\autolink\0.6.0\autolink-0.6.0.jar;C:\Users\alwi\.m2\repository\com\vladsch\flexmark\flexmark-ext-definition\0.34.30\flexmark-ext-definition-0.34.30.jar;C:\Users\alwi\.m2\repository\com\vladsch\flexmark\flexmark-ext-emoji\0.34.30\flexmark-ext-emoji-0.34.30.jar;C:\Users\alwi\.m2\repository\com\vladsch\flexmark\flexmark-ext-enumerated-reference\0.34.30\flexmark-ext-enumerated-reference-0.34.30.jar;C:\Users\alwi\.m2\repository\com\vladsch\flexmark\flexmark-ext-escaped-character\0.34.30\flexmark-ext-escaped-character-0.34.30.jar;C:\Users\alwi\.m2\repository\com\vladsch\flexmark\flexmark-ext-footnotes\0.34.30\flexmark-ext-footnotes-0.34.30.jar;C:\Users\alwi\.m2\repository\com\vladsch\flexmark\flexmark-ext-gfm-issues\0.34.30\flexmark-ext-gfm-issues-0.34.30.jar;C:\Users\alwi\.m2\repository\com\vladsch\flexmark\flexmark-ext-gfm-strikethrough\0.34.30\flexmark-ext-gfm-strikethrough-0.34.30.jar;C:\Users\alwi\.m2\repository\com\vladsch\flexmark\flexmark-ext-gfm-tables\0.34.30\flexmark-ext-gfm-tables-0.34.30.jar;C:\Users\alwi\.m2\repository\com\vladsch\flexmark\flexmark-ext-gfm-tasklist\0.34.30\flexmark-ext-gfm-tasklist-0.34.30.jar;C:\Users\alwi\.m2\repository\com\vladsch\flexmark\flexmark-ext-gfm-users\0.34.30\flexmark-ext-gfm-users-0.34.30.jar;C:\Users\alwi\.m2\repository\com\vladsch\flexmark\flexmark-ext-gitlab\0.34.30\flexmark-ext-gitlab-0.34.30.jar;C:\Users\alwi\.m2\repository\com\vladsch\flexmark\flexmark-ext-jekyll-front-matter\0.34.30\flexmark-ext-jekyll-front-matter-0.34.30.jar;C:\Users\alwi\.m2\repository\com\vladsch\flexmark\flexmark-ext-jekyll-tag\0.34.30\flexmark-ext-jekyll-tag-0.34.30.jar;C:\Users\alwi\.m2\repository\com\vladsch\flexmark\flexmark-ext-media-tags\0.34.30\flexmark-ext-media-tags-0.34.30.jar;C:\Users\alwi\.m2\repository\com\vladsch\flexmark\flexmark-test-util\0.34.30\flexmark-test-util-0.34.30.jar;C:\Users\alwi\.m2\repository\com\vladsch\flexmark\flexmark-ext-ins\0.34.30\flexmark-ext-ins-0.34.30.jar;C:\Users\alwi\.m2\repository\com\vladsch\flexmark\flexmark-ext-xwiki-macros\0.34.30\flexmark-ext-xwiki-macros-0.34.30.jar;C:\Users\alwi\.m2\repository\com\vladsch\flexmark\flexmark-ext-superscript\0.34.30\flexmark-ext-superscript-0.34.30.jar;C:\Users\alwi\.m2\repository\com\vladsch\flexmark\flexmark-ext-tables\0.34.30\flexmark-ext-tables-0.34.30.jar;C:\Users\alwi\.m2\repository\com\vladsch\flexmark\flexmark-ext-toc\0.34.30\flexmark-ext-toc-0.34.30.jar;C:\Users\alwi\.m2\repository\com\vladsch\flexmark\flexmark-ext-typographic\0.34.30\flexmark-ext-typographic-0.34.30.jar;C:\Users\alwi\.m2\repository\com\vladsch\flexmark\flexmark-ext-wikilink\0.34.30\flexmark-ext-wikilink-0.34.30.jar;C:\Users\alwi\.m2\repository\com\vladsch\flexmark\flexmark-ext-yaml-front-matter\0.34.30\flexmark-ext-yaml-front-matter-0.34.30.jar;C:\Users\alwi\.m2\repository\com\vladsch\flexmark\flexmark-ext-youtube-embedded\0.34.30\flexmark-ext-youtube-embedded-0.34.30.jar;C:\Users\alwi\.m2\repository\com\vladsch\flexmark\flexmark-formatter\0.34.30\flexmark-formatter-0.34.30.jar;C:\Users\alwi\.m2\repository\com\vladsch\flexmark\flexmark-html-parser\0.34.30\flexmark-html-parser-0.34.30.jar;C:\Users\alwi\.m2\repository\com\vladsch\flexmark\flexmark-jira-converter\0.34.30\flexmark-jira-converter-0.34.30.jar;C:\Users\alwi\.m2\repository\com\vladsch\flexmark\flexmark-pdf-converter\0.34.30\flexmark-pdf-converter-0.34.30.jar;C:\Users\alwi\.m2\repository\com\openhtmltopdf\openhtmltopdf-core\0.0.1-RC13\openhtmltopdf-core-0.0.1-RC13.jar;C:\Users\alwi\.m2\repository\com\openhtmltopdf\openhtmltopdf-pdfbox\0.0.1-RC13\openhtmltopdf-pdfbox-0.0.1-RC13.jar;C:\Users\alwi\.m2\repository\org\apache\pdfbox\pdfbox\2.0.8\pdfbox-2.0.8.jar;C:\Users\alwi\.m2\repository\org\apache\pdfbox\fontbox\2.0.8\fontbox-2.0.8.jar;C:\Users\alwi\.m2\repository\commons-logging\commons-logging\1.2\commons-logging-1.2.jar;C:\Users\alwi\.m2\repository\org\apache\pdfbox\xmpbox\2.0.8\xmpbox-2.0.8.jar;C:\Users\alwi\.m2\repository\de\rototor\pdfbox\graphics2d\0.12\graphics2d-0.12.jar;C:\Users\alwi\.m2\repository\com\openhtmltopdf\openhtmltopdf-rtl-support\0.0.1-RC13\openhtmltopdf-rtl-support-0.0.1-RC13.jar;C:\Users\alwi\.m2\repository\com\ibm\icu\icu4j\59.1\icu4j-59.1.jar;C:\Users\alwi\.m2\repository\com\openhtmltopdf\openhtmltopdf-jsoup-dom-converter\0.0.1-RC13\openhtmltopdf-jsoup-dom-converter-0.0.1-RC13.jar;C:\Users\alwi\.m2\repository\com\vladsch\flexmark\flexmark-profile-pegdown\0.34.30\flexmark-profile-pegdown-0.34.30.jar;C:\Users\alwi\.m2\repository\com\vladsch\flexmark\flexmark-util\0.34.30\flexmark-util-0.34.30.jar;C:\Users\alwi\.m2\repository\com\vladsch\flexmark\flexmark-youtrack-converter\0.34.30\flexmark-youtrack-converter-0.34.30.jar;C:\Users\alwi\.m2\repository\es\nitaur\markdown\txtmark\0.16\txtmark-0.16.jar;C:\Users\alwi\.m2\repository\net\serenity-bdd\serenity-report-resources\3.2.1\serenity-report-resources-3.2.1.jar;C:\Users\alwi\.m2\repository\com\google\code\gson\gson\2.9.0\gson-2.9.0.jar;C:\Users\alwi\.m2\repository\com\fasterxml\jackson\core\jackson-core\2.13.2\jackson-core-2.13.2.jar;C:\Users\alwi\.m2\repository\com\fasterxml\jackson\core\jackson-databind\2.13.2\jackson-databind-2.13.2.jar;C:\Users\alwi\.m2\repository\com\fasterxml\jackson\core\jackson-annotations\2.13.2\jackson-annotations-2.13.2.jar;C:\Users\alwi\.m2\repository\commons-codec\commons-codec\1.15\commons-codec-1.15.jar;C:\Users\alwi\.m2\repository\commons-io\commons-io\2.11.0\commons-io-2.11.0.jar;C:\Users\alwi\.m2\repository\org\seleniumhq\selenium\selenium-java\4.1.2\selenium-java-4.1.2.jar;C:\Users\alwi\.m2\repository\org\seleniumhq\selenium\selenium-devtools-v85\4.1.2\selenium-devtools-v85-4.1.2.jar;C:\Users\alwi\.m2\repository\org\seleniumhq\selenium\selenium-devtools-v95\4.1.2\selenium-devtools-v95-4.1.2.jar;C:\Users\alwi\.m2\repository\org\seleniumhq\selenium\selenium-devtools-v96\4.1.2\selenium-devtools-v96-4.1.2.jar;C:\Users\alwi\.m2\repository\org\seleniumhq\selenium\selenium-devtools-v97\4.1.2\selenium-devtools-v97-4.1.2.jar;C:\Users\alwi\.m2\repository\org\seleniumhq\selenium\selenium-firefox-xpi-driver\4.1.2\selenium-firefox-xpi-driver-4.1.2.jar;C:\Users\alwi\.m2\repository\org\seleniumhq\selenium\selenium-opera-driver\4.1.2\selenium-opera-driver-4.1.2.jar;C:\Users\alwi\.m2\repository\org\seleniumhq\selenium\selenium-remote-driver\4.1.2\selenium-remote-driver-4.1.2.jar;C:\Users\alwi\.m2\repository\com\beust\jcommander\1.82\jcommander-1.82.jar;C:\Users\alwi\.m2\repository\io\netty\netty-buffer\4.1.73.Final\netty-buffer-4.1.73.Final.jar;C:\Users\alwi\.m2\repository\io\netty\netty-codec-http\4.1.73.Final\netty-codec-http-4.1.73.Final.jar;C:\Users\alwi\.m2\repository\io\netty\netty-codec\4.1.73.Final\netty-codec-4.1.73.Final.jar;C:\Users\alwi\.m2\repository\io\netty\netty-handler\4.1.73.Final\netty-handler-4.1.73.Final.jar;C:\Users\alwi\.m2\repository\io\netty\netty-tcnative-classes\2.0.46.Final\netty-tcnative-classes-2.0.46.Final.jar;C:\Users\alwi\.m2\repository\io\netty\netty-common\4.1.73.Final\netty-common-4.1.73.Final.jar;C:\Users\alwi\.m2\repository\io\netty\netty-transport-classes-epoll\4.1.73.Final\netty-transport-classes-epoll-4.1.73.Final.jar;C:\Users\alwi\.m2\repository\io\netty\netty-transport-classes-kqueue\4.1.73.Final\netty-transport-classes-kqueue-4.1.73.Final.jar;C:\Users\alwi\.m2\repository\io\netty\netty-transport-native-epoll\4.1.73.Final\netty-transport-native-epoll-4.1.73.Final.jar;C:\Users\alwi\.m2\repository\io\netty\netty-transport-native-kqueue\4.1.73.Final\netty-transport-native-kqueue-4.1.73.Final.jar;C:\Users\alwi\.m2\repository\io\netty\netty-transport-native-unix-common\4.1.73.Final\netty-transport-native-unix-common-4.1.73.Final.jar;C:\Users\alwi\.m2\repository\io\netty\netty-transport\4.1.73.Final\netty-transport-4.1.73.Final.jar;C:\Users\alwi\.m2\repository\io\netty\netty-resolver\4.1.73.Final\netty-resolver-4.1.73.Final.jar;C:\Users\alwi\.m2\repository\io\opentelemetry\opentelemetry-api\1.10.1\opentelemetry-api-1.10.1.jar;C:\Users\alwi\.m2\repository\io\opentelemetry\opentelemetry-context\1.10.1\opentelemetry-context-1.10.1.jar;C:\Users\alwi\.m2\repository\io\opentelemetry\opentelemetry-exporter-logging\1.10.1\opentelemetry-exporter-logging-1.10.1.jar;C:\Users\alwi\.m2\repository\io\opentelemetry\opentelemetry-sdk-metrics\1.10.1-alpha\opentelemetry-sdk-metrics-1.10.1-alpha.jar;C:\Users\alwi\.m2\repository\io\opentelemetry\opentelemetry-sdk-logs\1.10.1-alpha\opentelemetry-sdk-logs-1.10.1-alpha.jar;C:\Users\alwi\.m2\repository\io\opentelemetry\opentelemetry-sdk-common\1.10.1\opentelemetry-sdk-common-1.10.1.jar;C:\Users\alwi\.m2\repository\io\opentelemetry\opentelemetry-sdk-extension-autoconfigure-spi\1.10.1\opentelemetry-sdk-extension-autoconfigure-spi-1.10.1.jar;C:\Users\alwi\.m2\repository\io\opentelemetry\opentelemetry-sdk-extension-autoconfigure\1.10.1-alpha\opentelemetry-sdk-extension-autoconfigure-1.10.1-alpha.jar;C:\Users\alwi\.m2\repository\io\opentelemetry\opentelemetry-sdk-trace\1.10.1\opentelemetry-sdk-trace-1.10.1.jar;C:\Users\alwi\.m2\repository\io\opentelemetry\opentelemetry-sdk\1.10.1\opentelemetry-sdk-1.10.1.jar;C:\Users\alwi\.m2\repository\io\opentelemetry\opentelemetry-semconv\1.10.1-alpha\opentelemetry-semconv-1.10.1-alpha.jar;C:\Users\alwi\.m2\repository\io\ous\jtoml\2.0.0\jtoml-2.0.0.jar;C:\Users\alwi\.m2\repository\org\apache\commons\commons-exec\1.3\commons-exec-1.3.jar;C:\Users\alwi\.m2\repository\org\asynchttpclient\async-http-client\2.12.3\async-http-client-2.12.3.jar;C:\Users\alwi\.m2\repository\org\asynchttpclient\async-http-client-netty-utils\2.12.3\async-http-client-netty-utils-2.12.3.jar;C:\Users\alwi\.m2\repository\io\netty\netty-codec-socks\4.1.60.Final\netty-codec-socks-4.1.60.Final.jar;C:\Users\alwi\.m2\repository\io\netty\netty-handler-proxy\4.1.60.Final\netty-handler-proxy-4.1.60.Final.jar;C:\Users\alwi\.m2\repository\io\netty\netty-transport-native-epoll\4.1.60.Final\netty-transport-native-epoll-4.1.60.Final-linux-x86_64.jar;C:\Users\alwi\.m2\repository\io\netty\netty-transport-native-kqueue\4.1.60.Final\netty-transport-native-kqueue-4.1.60.Final-osx-x86_64.jar;C:\Users\alwi\.m2\repository\org\reactivestreams\reactive-streams\1.0.3\reactive-streams-1.0.3.jar;C:\Users\alwi\.m2\repository\com\typesafe\netty\netty-reactive-streams\2.0.4\netty-reactive-streams-2.0.4.jar;C:\Users\alwi\.m2\repository\org\seleniumhq\selenium\selenium-http\4.1.2\selenium-http-4.1.2.jar;C:\Users\alwi\.m2\repository\net\jodah\failsafe\2.4.4\failsafe-2.4.4.jar;C:\Users\alwi\.m2\repository\org\seleniumhq\selenium\selenium-safari-driver\4.1.2\selenium-safari-driver-4.1.2.jar;C:\Users\alwi\.m2\repository\org\seleniumhq\selenium\selenium-api\4.1.2\selenium-api-4.1.2.jar;C:\Users\alwi\.m2\repository\org\seleniumhq\selenium\selenium-support\4.1.2\selenium-support-4.1.2.jar;C:\Users\alwi\.m2\repository\com\google\auto\service\auto-service-annotations\1.0.1\auto-service-annotations-1.0.1.jar;C:\Users\alwi\.m2\repository\com\google\auto\service\auto-service\1.0.1\auto-service-1.0.1.jar;C:\Users\alwi\.m2\repository\com\google\auto\auto-common\1.2\auto-common-1.2.jar;C:\Users\alwi\.m2\repository\org\seleniumhq\selenium\selenium-json\4.1.2\selenium-json-4.1.2.jar;C:\Users\alwi\.m2\repository\org\seleniumhq\selenium\selenium-chrome-driver\4.1.2\selenium-chrome-driver-4.1.2.jar;C:\Users\alwi\.m2\repository\org\seleniumhq\selenium\selenium-chromium-driver\4.1.2\selenium-chromium-driver-4.1.2.jar;C:\Users\alwi\.m2\repository\org\seleniumhq\selenium\selenium-firefox-driver\4.1.2\selenium-firefox-driver-4.1.2.jar;C:\Users\alwi\.m2\repository\org\seleniumhq\selenium\selenium-edge-driver\4.1.2\selenium-edge-driver-4.1.2.jar;C:\Users\alwi\.m2\repository\org\seleniumhq\selenium\selenium-ie-driver\4.1.2\selenium-ie-driver-4.1.2.jar;C:\Users\alwi\.m2\repository\org\projectlombok\lombok\1.18.20\lombok-1.18.20.jar;C:\Users\alwi\.m2\repository\io\appium\java-client\8.0.0\java-client-8.0.0.jar;C:\Users\alwi\.m2\repository\commons-validator\commons-validator\1.7\commons-validator-1.7.jar;C:\Users\alwi\.m2\repository\commons-digester\commons-digester\2.1\commons-digester-2.1.jar;C:\Users\alwi\.m2\repository\org\aspectj\aspectjweaver\1.9.8\aspectjweaver-1.9.8.jar;C:\Users\alwi\.m2\repository\org\codehaus\groovy\groovy\3.0.10\groovy-3.0.10.jar;C:\Users\alwi\.m2\repository\net\sf\opencsv\opencsv\2.0\opencsv-2.0.jar;C:\Users\alwi\.m2\repository\commons-beanutils\commons-beanutils\1.9.4\commons-beanutils-1.9.4.jar;C:\Users\alwi\.m2\repository\org\apache\commons\commons-lang3\3.12.0\commons-lang3-3.12.0.jar;C:\Users\alwi\.m2\repository\commons-collections\commons-collections\3.2.2\commons-collections-3.2.2.jar;C:\Users\alwi\.m2\repository\org\fluentlenium\fluentlenium-core\0.10.2\fluentlenium-core-0.10.2.jar;C:\Users\alwi\.m2\repository\io\github\bonigarcia\webdrivermanager\5.1.0\webdrivermanager-5.1.0.jar;C:\Users\alwi\.m2\repository\com\github\docker-java\docker-java\3.2.13\docker-java-3.2.13.jar;C:\Users\alwi\.m2\repository\com\github\docker-java\docker-java-core\3.2.13\docker-java-core-3.2.13.jar;C:\Users\alwi\.m2\repository\com\github\docker-java\docker-java-api\3.2.13\docker-java-api-3.2.13.jar;C:\Users\alwi\.m2\repository\org\apache\commons\commons-compress\1.21\commons-compress-1.21.jar;C:\Users\alwi\.m2\repository\org\bouncycastle\bcpkix-jdk15on\1.64\bcpkix-jdk15on-1.64.jar;C:\Users\alwi\.m2\repository\org\bouncycastle\bcprov-jdk15on\1.64\bcprov-jdk15on-1.64.jar;C:\Users\alwi\.m2\repository\org\slf4j\jcl-over-slf4j\1.7.30\jcl-over-slf4j-1.7.30.jar;C:\Users\alwi\.m2\repository\com\github\docker-java\docker-java-transport-httpclient5\3.2.13\docker-java-transport-httpclient5-3.2.13.jar;C:\Users\alwi\.m2\repository\com\github\docker-java\docker-java-transport\3.2.13\docker-java-transport-3.2.13.jar;C:\Users\alwi\.m2\repository\org\apache\httpcomponents\client5\httpclient5\5.0.3\httpclient5-5.0.3.jar;C:\Users\alwi\.m2\repository\org\apache\httpcomponents\core5\httpcore5\5.0.2\httpcore5-5.0.2.jar;C:\Users\alwi\.m2\repository\net\java\dev\jna\jna\5.8.0\jna-5.8.0.jar;C:\Users\alwi\.m2\repository\org\brotli\dec\0.1.2\dec-0.1.2.jar;C:\Users\alwi\.m2\repository\com\jhlabs\filters\2.0.235\filters-2.0.235.jar;C:\Users\alwi\.m2\repository\com\paulhammant\ngwebdriver\1.1.6\ngwebdriver-1.1.6.jar;C:\Users\alwi\.m2\repository\joda-time\joda-time\2.8.2\joda-time-2.8.2.jar;C:\Users\alwi\.m2\repository\org\hamcrest\hamcrest\2.2\hamcrest-2.2.jar;C:\Users\alwi\.m2\repository\com\google\jimfs\jimfs\1.2\jimfs-1.2.jar;C:\Users\alwi\.m2\repository\org\mockito\mockito-core\3.3.3\mockito-core-3.3.3.jar;C:\Users\alwi\.m2\repository\javax\xml\bind\jaxb-api\2.3.1\jaxb-api-2.3.1.jar;C:\Users\alwi\.m2\repository\javax\activation\javax.activation-api\1.2.0\javax.activation-api-1.2.0.jar;C:\Users\alwi\.m2\repository\com\sun\xml\bind\jaxb-core\2.3.0.1\jaxb-core-2.3.0.1.jar;C:\Users\alwi\.m2\repository\com\sun\xml\bind\jaxb-impl\2.3.3\jaxb-impl-2.3.3.jar;C:\Users\alwi\.m2\repository\jakarta\xml\bind\jakarta.xml.bind-api\2.3.3\jakarta.xml.bind-api-2.3.3.jar;C:\Users\alwi\.m2\repository\com\sun\activation\jakarta.activation\1.2.2\jakarta.activation-1.2.2.jar;C:\Users\alwi\.m2\repository\javax\activation\activation\1.1.1\activation-1.1.1.jar;C:\Users\alwi\.m2\repository\net\serenity-bdd\serenity-cucumber\3.2.1\serenity-cucumber-3.2.1.jar;C:\Users\alwi\.m2\repository\io\cucumber\cucumber-core\7.2.3\cucumber-core-7.2.3.jar;C:\Users\alwi\.m2\repository\io\cucumber\cucumber-gherkin\7.2.3\cucumber-gherkin-7.2.3.jar;C:\Users\alwi\.m2\repository\io\cucumber\cucumber-gherkin-messages\7.2.3\cucumber-gherkin-messages-7.2.3.jar;C:\Users\alwi\.m2\repository\io\cucumber\messages\17.1.1\messages-17.1.1.jar;C:\Users\alwi\.m2\repository\io\cucumber\tag-expressions\4.1.0\tag-expressions-4.1.0.jar;C:\Users\alwi\.m2\repository\io\cucumber\cucumber-expressions\15.0.1\cucumber-expressions-15.0.1.jar;C:\Users\alwi\.m2\repository\io\cucumber\datatable\7.2.3\datatable-7.2.3.jar;C:\Users\alwi\.m2\repository\io\cucumber\cucumber-plugin\7.2.3\cucumber-plugin-7.2.3.jar;C:\Users\alwi\.m2\repository\io\cucumber\docstring\7.2.3\docstring-7.2.3.jar;C:\Users\alwi\.m2\repository\io\cucumber\html-formatter\17.0.0\html-formatter-17.0.0.jar;C:\Users\alwi\.m2\repository\io\cucumber\ci-environment\8.1.0\ci-environment-8.1.0.jar;C:\Users\alwi\.m2\repository\io\cucumber\cucumber-junit\7.2.3\cucumber-junit-7.2.3.jar;C:\Users\alwi\.m2\repository\org\apache\commons\commons-csv\1.5\commons-csv-1.5.jar;C:\Users\alwi\.m2\repository\net\serenity-bdd\serenity-screenplay\3.2.1\serenity-screenplay-3.2.1.jar;C:\Users\alwi\.m2\repository\net\serenity-bdd\serenity-screenplay-webdriver\3.2.1\serenity-screenplay-webdriver-3.2.1.jar;C:\Users\alwi\.m2\repository\net\serenity-bdd\serenity-ensure\3.2.1\serenity-ensure-3.2.1.jar;C:\Users\alwi\.m2\repository\net\serenity-bdd\serenity-junit\3.2.1\serenity-junit-3.2.1.jar;C:\Users\alwi\.m2\repository\org\jetbrains\kotlin\kotlin-stdlib\1.6.0\kotlin-stdlib-1.6.0.jar;C:\Users\alwi\.m2\repository\org\jetbrains\annotations\13.0\annotations-13.0.jar;C:\Users\alwi\.m2\repository\org\jetbrains\kotlin\kotlin-stdlib-common\1.6.0\kotlin-stdlib-common-1.6.0.jar;C:\Users\alwi\.m2\repository\org\junit\platform\junit-platform-launcher\1.8.1\junit-platform-launcher-1.8.1.jar;C:\Users\alwi\.m2\repository\org\junit\platform\junit-platform-engine\1.8.1\junit-platform-engine-1.8.1.jar;C:\Users\alwi\.m2\repository\org\opentest4j\opentest4j\1.2.0\opentest4j-1.2.0.jar;C:\Users\alwi\.m2\repository\org\junit\platform\junit-platform-commons\1.8.1\junit-platform-commons-1.8.1.jar;C:\Users\alwi\.m2\repository\org\apiguardian\apiguardian-api\1.1.2\apiguardian-api-1.1.2.jar;C:\Users\alwi\.m2\repository\org\junit\jupiter\junit-jupiter-engine\5.8.2\junit-jupiter-engine-5.8.2.jar;C:\Users\alwi\.m2\repository\org\junit\jupiter\junit-jupiter-api\5.8.2\junit-jupiter-api-5.8.2.jar;C:\Users\alwi\.m2\repository\org\junit\vintage\junit-vintage-engine\5.8.2\junit-vintage-engine-5.8.2.jar;C:\Users\alwi\.m2\repository\junit\junit\4.13.2\junit-4.13.2.jar;C:\Users\alwi\.m2\repository\org\hamcrest\hamcrest-core\1.3\hamcrest-core-1.3.jar;C:\Users\alwi\.m2\repository\ch\qos\logback\logback-classic\1.2.10\logback-classic-1.2.10.jar;C:\Users\alwi\.m2\repository\ch\qos\logback\logback-core\1.2.10\logback-core-1.2.10.jar;C:\Users\alwi\.m2\repository\org\slf4j\slf4j-api\1.7.32\slf4j-api-1.7.32.jar;C:\Users\alwi\.m2\repository\org\assertj\assertj-core\3.6.2\assertj-core-3.6.2.jar;"/>
    <property name="sun.cpu.endian" value="little"/>
    <property name="user.home" value="C:\Users\alwi"/>
    <property name="user.language" value="en"/>
    <property name="java.specification.vendor" value="Oracle Corporation"/>
    <property name="jdk.module.path" value="C:\Users\alwi\IdeaProjects\AltaShop\target\AltaShop-1.0-SNAPSHOT.jar"/>
    <property name="java.version.date" value="2020-01-14"/>
    <property name="java.home" value="C:\Program Files\Java\jdk-13.0.2"/>
    <property name="file.separator" value="\"/>
    <property name="basedir" value="C:\Users\alwi\IdeaProjects\AltaShop"/>
    <property name="java.vm.compressedOopsMode" value="32-bit"/>
    <property name="line.separator" value="&#10;"/>
    <property name="java.vm.specification.vendor" value="Oracle Corporation"/>
    <property name="java.specification.name" value="Java Platform API Specification"/>
    <property name="surefire.real.class.path" value="C:\Users\alwi\.m2\repository\org\apache\maven\surefire\surefire-booter\3.0.0-M5\surefire-booter-3.0.0-M5.jar;C:\Users\alwi\.m2\repository\org\apache\maven\surefire\surefire-api\3.0.0-M5\surefire-api-3.0.0-M5.jar;C:\Users\alwi\.m2\repository\org\apache\maven\surefire\surefire-logger-api\3.0.0-M5\surefire-logger-api-3.0.0-M5.jar;C:\Users\alwi\.m2\repository\org\apache\maven\surefire\surefire-shared-utils\3.0.0-M4\surefire-shared-utils-3.0.0-M4.jar;C:\Users\alwi\.m2\repository\org\apache\maven\surefire\surefire-extensions-spi\3.0.0-M5\surefire-extensions-spi-3.0.0-M5.jar;C:\Users\alwi\IdeaProjects\AltaShop\target\test-classes;C:\Users\alwi\.m2\repository\net\serenity-bdd\serenity-core\3.2.1\serenity-core-3.2.1.jar;C:\Users\alwi\.m2\repository\net\serenity-bdd\serenity-model\3.2.1\serenity-model-3.2.1.jar;C:\Users\alwi\.m2\repository\org\apache\commons\commons-text\1.9\commons-text-1.9.jar;C:\Users\alwi\.m2\repository\commons-net\commons-net\3.8.0\commons-net-3.8.0.jar;C:\Users\alwi\.m2\repository\com\google\guava\guava\31.1-jre\guava-31.1-jre.jar;C:\Users\alwi\.m2\repository\com\google\guava\failureaccess\1.0.1\failureaccess-1.0.1.jar;C:\Users\alwi\.m2\repository\com\google\guava\listenablefuture\9999.0-empty-to-avoid-conflict-with-guava\listenablefuture-9999.0-empty-to-avoid-conflict-with-guava.jar;C:\Users\alwi\.m2\repository\com\google\code\findbugs\jsr305\3.0.2\jsr305-3.0.2.jar;C:\Users\alwi\.m2\repository\org\checkerframework\checker-qual\3.12.0\checker-qual-3.12.0.jar;C:\Users\alwi\.m2\repository\com\google\errorprone\error_prone_annotations\2.11.0\error_prone_annotations-2.11.0.jar;C:\Users\alwi\.m2\repository\com\google\j2objc\j2objc-annotations\1.3\j2objc-annotations-1.3.jar;C:\Users\alwi\.m2\repository\com\google\inject\guice\5.1.0\guice-5.1.0.jar;C:\Users\alwi\.m2\repository\javax\inject\javax.inject\1\javax.inject-1.jar;C:\Users\alwi\.m2\repository\aopalliance\aopalliance\1.0\aopalliance-1.0.jar;C:\Users\alwi\.m2\repository\org\jsoup\jsoup\1.14.3\jsoup-1.14.3.jar;C:\Users\alwi\.m2\repository\com\thoughtworks\xstream\xstream\1.4.19\xstream-1.4.19.jar;C:\Users\alwi\.m2\repository\io\github\x-stream\mxparser\1.2.2\mxparser-1.2.2.jar;C:\Users\alwi\.m2\repository\xmlpull\xmlpull\1.1.3.1\xmlpull-1.1.3.1.jar;C:\Users\alwi\.m2\repository\io\cucumber\cucumber-java\7.2.3\cucumber-java-7.2.3.jar;C:\Users\alwi\.m2\repository\com\typesafe\config\1.4.2\config-1.4.2.jar;C:\Users\alwi\.m2\repository\org\imgscalr\imgscalr-lib\4.2\imgscalr-lib-4.2.jar;C:\Users\alwi\.m2\repository\org\awaitility\awaitility\4.2.0\awaitility-4.2.0.jar;C:\Users\alwi\.m2\repository\org\freemarker\freemarker\2.3.31\freemarker-2.3.31.jar;C:\Users\alwi\.m2\repository\io\github\classgraph\classgraph\4.8.138\classgraph-4.8.138.jar;C:\Users\alwi\.m2\repository\net\sourceforge\jexcelapi\jxl\2.6.12\jxl-2.6.12.jar;C:\Users\alwi\.m2\repository\net\bytebuddy\byte-buddy\1.12.8\byte-buddy-1.12.8.jar;C:\Users\alwi\.m2\repository\net\bytebuddy\byte-buddy-agent\1.12.8\byte-buddy-agent-1.12.8.jar;C:\Users\alwi\.m2\repository\org\objenesis\objenesis\3.1\objenesis-3.1.jar;C:\Users\alwi\.m2\repository\net\serenity-bdd\serenity-reports\3.2.1\serenity-reports-3.2.1.jar;C:\Users\alwi\.m2\repository\net\serenity-bdd\serenity-stats\3.2.1\serenity-stats-3.2.1.jar;C:\Users\alwi\.m2\repository\net\serenity-bdd\serenity-reports-configuration\3.2.1\serenity-reports-configuration-3.2.1.jar;C:\Users\alwi\.m2\repository\com\vladsch\flexmark\flexmark-all\0.34.30\flexmark-all-0.34.30.jar;C:\Users\alwi\.m2\repository\com\vladsch\flexmark\flexmark\0.34.30\flexmark-0.34.30.jar;C:\Users\alwi\.m2\repository\com\vladsch\flexmark\flexmark-ext-abbreviation\0.34.30\flexmark-ext-abbreviation-0.34.30.jar;C:\Users\alwi\.m2\repository\com\vladsch\flexmark\flexmark-ext-admonition\0.34.30\flexmark-ext-admonition-0.34.30.jar;C:\Users\alwi\.m2\repository\com\vladsch\flexmark\flexmark-ext-anchorlink\0.34.30\flexmark-ext-anchorlink-0.34.30.jar;C:\Users\alwi\.m2\repository\com\vladsch\flexmark\flexmark-ext-aside\0.34.30\flexmark-ext-aside-0.34.30.jar;C:\Users\alwi\.m2\repository\com\vladsch\flexmark\flexmark-ext-attributes\0.34.30\flexmark-ext-attributes-0.34.30.jar;C:\Users\alwi\.m2\repository\com\vladsch\flexmark\flexmark-ext-autolink\0.34.30\flexmark-ext-autolink-0.34.30.jar;C:\Users\alwi\.m2\repository\org\nibor\autolink\autolink\0.6.0\autolink-0.6.0.jar;C:\Users\alwi\.m2\repository\com\vladsch\flexmark\flexmark-ext-definition\0.34.30\flexmark-ext-definition-0.34.30.jar;C:\Users\alwi\.m2\repository\com\vladsch\flexmark\flexmark-ext-emoji\0.34.30\flexmark-ext-emoji-0.34.30.jar;C:\Users\alwi\.m2\repository\com\vladsch\flexmark\flexmark-ext-enumerated-reference\0.34.30\flexmark-ext-enumerated-reference-0.34.30.jar;C:\Users\alwi\.m2\repository\com\vladsch\flexmark\flexmark-ext-escaped-character\0.34.30\flexmark-ext-escaped-character-0.34.30.jar;C:\Users\alwi\.m2\repository\com\vladsch\flexmark\flexmark-ext-footnotes\0.34.30\flexmark-ext-footnotes-0.34.30.jar;C:\Users\alwi\.m2\repository\com\vladsch\flexmark\flexmark-ext-gfm-issues\0.34.30\flexmark-ext-gfm-issues-0.34.30.jar;C:\Users\alwi\.m2\repository\com\vladsch\flexmark\flexmark-ext-gfm-strikethrough\0.34.30\flexmark-ext-gfm-strikethrough-0.34.30.jar;C:\Users\alwi\.m2\repository\com\vladsch\flexmark\flexmark-ext-gfm-tables\0.34.30\flexmark-ext-gfm-tables-0.34.30.jar;C:\Users\alwi\.m2\repository\com\vladsch\flexmark\flexmark-ext-gfm-tasklist\0.34.30\flexmark-ext-gfm-tasklist-0.34.30.jar;C:\Users\alwi\.m2\repository\com\vladsch\flexmark\flexmark-ext-gfm-users\0.34.30\flexmark-ext-gfm-users-0.34.30.jar;C:\Users\alwi\.m2\repository\com\vladsch\flexmark\flexmark-ext-gitlab\0.34.30\flexmark-ext-gitlab-0.34.30.jar;C:\Users\alwi\.m2\repository\com\vladsch\flexmark\flexmark-ext-jekyll-front-matter\0.34.30\flexmark-ext-jekyll-front-matter-0.34.30.jar;C:\Users\alwi\.m2\repository\com\vladsch\flexmark\flexmark-ext-jekyll-tag\0.34.30\flexmark-ext-jekyll-tag-0.34.30.jar;C:\Users\alwi\.m2\repository\com\vladsch\flexmark\flexmark-ext-media-tags\0.34.30\flexmark-ext-media-tags-0.34.30.jar;C:\Users\alwi\.m2\repository\com\vladsch\flexmark\flexmark-test-util\0.34.30\flexmark-test-util-0.34.30.jar;C:\Users\alwi\.m2\repository\com\vladsch\flexmark\flexmark-ext-ins\0.34.30\flexmark-ext-ins-0.34.30.jar;C:\Users\alwi\.m2\repository\com\vladsch\flexmark\flexmark-ext-xwiki-macros\0.34.30\flexmark-ext-xwiki-macros-0.34.30.jar;C:\Users\alwi\.m2\repository\com\vladsch\flexmark\flexmark-ext-superscript\0.34.30\flexmark-ext-superscript-0.34.30.jar;C:\Users\alwi\.m2\repository\com\vladsch\flexmark\flexmark-ext-tables\0.34.30\flexmark-ext-tables-0.34.30.jar;C:\Users\alwi\.m2\repository\com\vladsch\flexmark\flexmark-ext-toc\0.34.30\flexmark-ext-toc-0.34.30.jar;C:\Users\alwi\.m2\repository\com\vladsch\flexmark\flexmark-ext-typographic\0.34.30\flexmark-ext-typographic-0.34.30.jar;C:\Users\alwi\.m2\repository\com\vladsch\flexmark\flexmark-ext-wikilink\0.34.30\flexmark-ext-wikilink-0.34.30.jar;C:\Users\alwi\.m2\repository\com\vladsch\flexmark\flexmark-ext-yaml-front-matter\0.34.30\flexmark-ext-yaml-front-matter-0.34.30.jar;C:\Users\alwi\.m2\repository\com\vladsch\flexmark\flexmark-ext-youtube-embedded\0.34.30\flexmark-ext-youtube-embedded-0.34.30.jar;C:\Users\alwi\.m2\repository\com\vladsch\flexmark\flexmark-formatter\0.34.30\flexmark-formatter-0.34.30.jar;C:\Users\alwi\.m2\repository\com\vladsch\flexmark\flexmark-html-parser\0.34.30\flexmark-html-parser-0.34.30.jar;C:\Users\alwi\.m2\repository\com\vladsch\flexmark\flexmark-jira-converter\0.34.30\flexmark-jira-converter-0.34.30.jar;C:\Users\alwi\.m2\repository\com\vladsch\flexmark\flexmark-pdf-converter\0.34.30\flexmark-pdf-converter-0.34.30.jar;C:\Users\alwi\.m2\repository\com\openhtmltopdf\openhtmltopdf-core\0.0.1-RC13\openhtmltopdf-core-0.0.1-RC13.jar;C:\Users\alwi\.m2\repository\com\openhtmltopdf\openhtmltopdf-pdfbox\0.0.1-RC13\openhtmltopdf-pdfbox-0.0.1-RC13.jar;C:\Users\alwi\.m2\repository\org\apache\pdfbox\pdfbox\2.0.8\pdfbox-2.0.8.jar;C:\Users\alwi\.m2\repository\org\apache\pdfbox\fontbox\2.0.8\fontbox-2.0.8.jar;C:\Users\alwi\.m2\repository\commons-logging\commons-logging\1.2\commons-logging-1.2.jar;C:\Users\alwi\.m2\repository\org\apache\pdfbox\xmpbox\2.0.8\xmpbox-2.0.8.jar;C:\Users\alwi\.m2\repository\de\rototor\pdfbox\graphics2d\0.12\graphics2d-0.12.jar;C:\Users\alwi\.m2\repository\com\openhtmltopdf\openhtmltopdf-rtl-support\0.0.1-RC13\openhtmltopdf-rtl-support-0.0.1-RC13.jar;C:\Users\alwi\.m2\repository\com\ibm\icu\icu4j\59.1\icu4j-59.1.jar;C:\Users\alwi\.m2\repository\com\openhtmltopdf\openhtmltopdf-jsoup-dom-converter\0.0.1-RC13\openhtmltopdf-jsoup-dom-converter-0.0.1-RC13.jar;C:\Users\alwi\.m2\repository\com\vladsch\flexmark\flexmark-profile-pegdown\0.34.30\flexmark-profile-pegdown-0.34.30.jar;C:\Users\alwi\.m2\repository\com\vladsch\flexmark\flexmark-util\0.34.30\flexmark-util-0.34.30.jar;C:\Users\alwi\.m2\repository\com\vladsch\flexmark\flexmark-youtrack-converter\0.34.30\flexmark-youtrack-converter-0.34.30.jar;C:\Users\alwi\.m2\repository\es\nitaur\markdown\txtmark\0.16\txtmark-0.16.jar;C:\Users\alwi\.m2\repository\net\serenity-bdd\serenity-report-resources\3.2.1\serenity-report-resources-3.2.1.jar;C:\Users\alwi\.m2\repository\com\google\code\gson\gson\2.9.0\gson-2.9.0.jar;C:\Users\alwi\.m2\repository\com\fasterxml\jackson\core\jackson-core\2.13.2\jackson-core-2.13.2.jar;C:\Users\alwi\.m2\repository\com\fasterxml\jackson\core\jackson-databind\2.13.2\jackson-databind-2.13.2.jar;C:\Users\alwi\.m2\repository\com\fasterxml\jackson\core\jackson-annotations\2.13.2\jackson-annotations-2.13.2.jar;C:\Users\alwi\.m2\repository\commons-codec\commons-codec\1.15\commons-codec-1.15.jar;C:\Users\alwi\.m2\repository\commons-io\commons-io\2.11.0\commons-io-2.11.0.jar;C:\Users\alwi\.m2\repository\org\seleniumhq\selenium\selenium-java\4.1.2\selenium-java-4.1.2.jar;C:\Users\alwi\.m2\repository\org\seleniumhq\selenium\selenium-devtools-v85\4.1.2\selenium-devtools-v85-4.1.2.jar;C:\Users\alwi\.m2\repository\org\seleniumhq\selenium\selenium-devtools-v95\4.1.2\selenium-devtools-v95-4.1.2.jar;C:\Users\alwi\.m2\repository\org\seleniumhq\selenium\selenium-devtools-v96\4.1.2\selenium-devtools-v96-4.1.2.jar;C:\Users\alwi\.m2\repository\org\seleniumhq\selenium\selenium-devtools-v97\4.1.2\selenium-devtools-v97-4.1.2.jar;C:\Users\alwi\.m2\repository\org\seleniumhq\selenium\selenium-firefox-xpi-driver\4.1.2\selenium-firefox-xpi-driver-4.1.2.jar;C:\Users\alwi\.m2\repository\org\seleniumhq\selenium\selenium-opera-driver\4.1.2\selenium-opera-driver-4.1.2.jar;C:\Users\alwi\.m2\repository\org\seleniumhq\selenium\selenium-remote-driver\4.1.2\selenium-remote-driver-4.1.2.jar;C:\Users\alwi\.m2\repository\com\beust\jcommander\1.82\jcommander-1.82.jar;C:\Users\alwi\.m2\repository\io\netty\netty-buffer\4.1.73.Final\netty-buffer-4.1.73.Final.jar;C:\Users\alwi\.m2\repository\io\netty\netty-codec-http\4.1.73.Final\netty-codec-http-4.1.73.Final.jar;C:\Users\alwi\.m2\repository\io\netty\netty-codec\4.1.73.Final\netty-codec-4.1.73.Final.jar;C:\Users\alwi\.m2\repository\io\netty\netty-handler\4.1.73.Final\netty-handler-4.1.73.Final.jar;C:\Users\alwi\.m2\repository\io\netty\netty-tcnative-classes\2.0.46.Final\netty-tcnative-classes-2.0.46.Final.jar;C:\Users\alwi\.m2\repository\io\netty\netty-common\4.1.73.Final\netty-common-4.1.73.Final.jar;C:\Users\alwi\.m2\repository\io\netty\netty-transport-classes-epoll\4.1.73.Final\netty-transport-classes-epoll-4.1.73.Final.jar;C:\Users\alwi\.m2\repository\io\netty\netty-transport-classes-kqueue\4.1.73.Final\netty-transport-classes-kqueue-4.1.73.Final.jar;C:\Users\alwi\.m2\repository\io\netty\netty-transport-native-epoll\4.1.73.Final\netty-transport-native-epoll-4.1.73.Final.jar;C:\Users\alwi\.m2\repository\io\netty\netty-transport-native-kqueue\4.1.73.Final\netty-transport-native-kqueue-4.1.73.Final.jar;C:\Users\alwi\.m2\repository\io\netty\netty-transport-native-unix-common\4.1.73.Final\netty-transport-native-unix-common-4.1.73.Final.jar;C:\Users\alwi\.m2\repository\io\netty\netty-transport\4.1.73.Final\netty-transport-4.1.73.Final.jar;C:\Users\alwi\.m2\repository\io\netty\netty-resolver\4.1.73.Final\netty-resolver-4.1.73.Final.jar;C:\Users\alwi\.m2\repository\io\opentelemetry\opentelemetry-api\1.10.1\opentelemetry-api-1.10.1.jar;C:\Users\alwi\.m2\repository\io\opentelemetry\opentelemetry-context\1.10.1\opentelemetry-context-1.10.1.jar;C:\Users\alwi\.m2\repository\io\opentelemetry\opentelemetry-exporter-logging\1.10.1\opentelemetry-exporter-logging-1.10.1.jar;C:\Users\alwi\.m2\repository\io\opentelemetry\opentelemetry-sdk-metrics\1.10.1-alpha\opentelemetry-sdk-metrics-1.10.1-alpha.jar;C:\Users\alwi\.m2\repository\io\opentelemetry\opentelemetry-sdk-logs\1.10.1-alpha\opentelemetry-sdk-logs-1.10.1-alpha.jar;C:\Users\alwi\.m2\repository\io\opentelemetry\opentelemetry-sdk-common\1.10.1\opentelemetry-sdk-common-1.10.1.jar;C:\Users\alwi\.m2\repository\io\opentelemetry\opentelemetry-sdk-extension-autoconfigure-spi\1.10.1\opentelemetry-sdk-extension-autoconfigure-spi-1.10.1.jar;C:\Users\alwi\.m2\repository\io\opentelemetry\opentelemetry-sdk-extension-autoconfigure\1.10.1-alpha\opentelemetry-sdk-extension-autoconfigure-1.10.1-alpha.jar;C:\Users\alwi\.m2\repository\io\opentelemetry\opentelemetry-sdk-trace\1.10.1\opentelemetry-sdk-trace-1.10.1.jar;C:\Users\alwi\.m2\repository\io\opentelemetry\opentelemetry-sdk\1.10.1\opentelemetry-sdk-1.10.1.jar;C:\Users\alwi\.m2\repository\io\opentelemetry\opentelemetry-semconv\1.10.1-alpha\opentelemetry-semconv-1.10.1-alpha.jar;C:\Users\alwi\.m2\repository\io\ous\jtoml\2.0.0\jtoml-2.0.0.jar;C:\Users\alwi\.m2\repository\org\apache\commons\commons-exec\1.3\commons-exec-1.3.jar;C:\Users\alwi\.m2\repository\org\asynchttpclient\async-http-client\2.12.3\async-http-client-2.12.3.jar;C:\Users\alwi\.m2\repository\org\asynchttpclient\async-http-client-netty-utils\2.12.3\async-http-client-netty-utils-2.12.3.jar;C:\Users\alwi\.m2\repository\io\netty\netty-codec-socks\4.1.60.Final\netty-codec-socks-4.1.60.Final.jar;C:\Users\alwi\.m2\repository\io\netty\netty-handler-proxy\4.1.60.Final\netty-handler-proxy-4.1.60.Final.jar;C:\Users\alwi\.m2\repository\io\netty\netty-transport-native-epoll\4.1.60.Final\netty-transport-native-epoll-4.1.60.Final-linux-x86_64.jar;C:\Users\alwi\.m2\repository\io\netty\netty-transport-native-kqueue\4.1.60.Final\netty-transport-native-kqueue-4.1.60.Final-osx-x86_64.jar;C:\Users\alwi\.m2\repository\org\reactivestreams\reactive-streams\1.0.3\reactive-streams-1.0.3.jar;C:\Users\alwi\.m2\repository\com\typesafe\netty\netty-reactive-streams\2.0.4\netty-reactive-streams-2.0.4.jar;C:\Users\alwi\.m2\repository\org\seleniumhq\selenium\selenium-http\4.1.2\selenium-http-4.1.2.jar;C:\Users\alwi\.m2\repository\net\jodah\failsafe\2.4.4\failsafe-2.4.4.jar;C:\Users\alwi\.m2\repository\org\seleniumhq\selenium\selenium-safari-driver\4.1.2\selenium-safari-driver-4.1.2.jar;C:\Users\alwi\.m2\repository\org\seleniumhq\selenium\selenium-api\4.1.2\selenium-api-4.1.2.jar;C:\Users\alwi\.m2\repository\org\seleniumhq\selenium\selenium-support\4.1.2\selenium-support-4.1.2.jar;C:\Users\alwi\.m2\repository\com\google\auto\service\auto-service-annotations\1.0.1\auto-service-annotations-1.0.1.jar;C:\Users\alwi\.m2\repository\com\google\auto\service\auto-service\1.0.1\auto-service-1.0.1.jar;C:\Users\alwi\.m2\repository\com\google\auto\auto-common\1.2\auto-common-1.2.jar;C:\Users\alwi\.m2\repository\org\seleniumhq\selenium\selenium-json\4.1.2\selenium-json-4.1.2.jar;C:\Users\alwi\.m2\repository\org\seleniumhq\selenium\selenium-chrome-driver\4.1.2\selenium-chrome-driver-4.1.2.jar;C:\Users\alwi\.m2\repository\org\seleniumhq\selenium\selenium-chromium-driver\4.1.2\selenium-chromium-driver-4.1.2.jar;C:\Users\alwi\.m2\repository\org\seleniumhq\selenium\selenium-firefox-driver\4.1.2\selenium-firefox-driver-4.1.2.jar;C:\Users\alwi\.m2\repository\org\seleniumhq\selenium\selenium-edge-driver\4.1.2\selenium-edge-driver-4.1.2.jar;C:\Users\alwi\.m2\repository\org\seleniumhq\selenium\selenium-ie-driver\4.1.2\selenium-ie-driver-4.1.2.jar;C:\Users\alwi\.m2\repository\org\projectlombok\lombok\1.18.20\lombok-1.18.20.jar;C:\Users\alwi\.m2\repository\io\appium\java-client\8.0.0\java-client-8.0.0.jar;C:\Users\alwi\.m2\repository\commons-validator\commons-validator\1.7\commons-validator-1.7.jar;C:\Users\alwi\.m2\repository\commons-digester\commons-digester\2.1\commons-digester-2.1.jar;C:\Users\alwi\.m2\repository\org\aspectj\aspectjweaver\1.9.8\aspectjweaver-1.9.8.jar;C:\Users\alwi\.m2\repository\org\codehaus\groovy\groovy\3.0.10\groovy-3.0.10.jar;C:\Users\alwi\.m2\repository\net\sf\opencsv\opencsv\2.0\opencsv-2.0.jar;C:\Users\alwi\.m2\repository\commons-beanutils\commons-beanutils\1.9.4\commons-beanutils-1.9.4.jar;C:\Users\alwi\.m2\repository\org\apache\commons\commons-lang3\3.12.0\commons-lang3-3.12.0.jar;C:\Users\alwi\.m2\repository\commons-collections\commons-collections\3.2.2\commons-collections-3.2.2.jar;C:\Users\alwi\.m2\repository\org\fluentlenium\fluentlenium-core\0.10.2\fluentlenium-core-0.10.2.jar;C:\Users\alwi\.m2\repository\io\github\bonigarcia\webdrivermanager\5.1.0\webdrivermanager-5.1.0.jar;C:\Users\alwi\.m2\repository\com\github\docker-java\docker-java\3.2.13\docker-java-3.2.13.jar;C:\Users\alwi\.m2\repository\com\github\docker-java\docker-java-core\3.2.13\docker-java-core-3.2.13.jar;C:\Users\alwi\.m2\repository\com\github\docker-java\docker-java-api\3.2.13\docker-java-api-3.2.13.jar;C:\Users\alwi\.m2\repository\org\apache\commons\commons-compress\1.21\commons-compress-1.21.jar;C:\Users\alwi\.m2\repository\org\bouncycastle\bcpkix-jdk15on\1.64\bcpkix-jdk15on-1.64.jar;C:\Users\alwi\.m2\repository\org\bouncycastle\bcprov-jdk15on\1.64\bcprov-jdk15on-1.64.jar;C:\Users\alwi\.m2\repository\org\slf4j\jcl-over-slf4j\1.7.30\jcl-over-slf4j-1.7.30.jar;C:\Users\alwi\.m2\repository\com\github\docker-java\docker-java-transport-httpclient5\3.2.13\docker-java-transport-httpclient5-3.2.13.jar;C:\Users\alwi\.m2\repository\com\github\docker-java\docker-java-transport\3.2.13\docker-java-transport-3.2.13.jar;C:\Users\alwi\.m2\repository\org\apache\httpcomponents\client5\httpclient5\5.0.3\httpclient5-5.0.3.jar;C:\Users\alwi\.m2\repository\org\apache\httpcomponents\core5\httpcore5\5.0.2\httpcore5-5.0.2.jar;C:\Users\alwi\.m2\repository\net\java\dev\jna\jna\5.8.0\jna-5.8.0.jar;C:\Users\alwi\.m2\repository\org\brotli\dec\0.1.2\dec-0.1.2.jar;C:\Users\alwi\.m2\repository\com\jhlabs\filters\2.0.235\filters-2.0.235.jar;C:\Users\alwi\.m2\repository\com\paulhammant\ngwebdriver\1.1.6\ngwebdriver-1.1.6.jar;C:\Users\alwi\.m2\repository\joda-time\joda-time\2.8.2\joda-time-2.8.2.jar;C:\Users\alwi\.m2\repository\org\hamcrest\hamcrest\2.2\hamcrest-2.2.jar;C:\Users\alwi\.m2\repository\com\google\jimfs\jimfs\1.2\jimfs-1.2.jar;C:\Users\alwi\.m2\repository\org\mockito\mockito-core\3.3.3\mockito-core-3.3.3.jar;C:\Users\alwi\.m2\repository\javax\xml\bind\jaxb-api\2.3.1\jaxb-api-2.3.1.jar;C:\Users\alwi\.m2\repository\javax\activation\javax.activation-api\1.2.0\javax.activation-api-1.2.0.jar;C:\Users\alwi\.m2\repository\com\sun\xml\bind\jaxb-core\2.3.0.1\jaxb-core-2.3.0.1.jar;C:\Users\alwi\.m2\repository\com\sun\xml\bind\jaxb-impl\2.3.3\jaxb-impl-2.3.3.jar;C:\Users\alwi\.m2\repository\jakarta\xml\bind\jakarta.xml.bind-api\2.3.3\jakarta.xml.bind-api-2.3.3.jar;C:\Users\alwi\.m2\repository\com\sun\activation\jakarta.activation\1.2.2\jakarta.activation-1.2.2.jar;C:\Users\alwi\.m2\repository\javax\activation\activation\1.1.1\activation-1.1.1.jar;C:\Users\alwi\.m2\repository\net\serenity-bdd\serenity-cucumber\3.2.1\serenity-cucumber-3.2.1.jar;C:\Users\alwi\.m2\repository\io\cucumber\cucumber-core\7.2.3\cucumber-core-7.2.3.jar;C:\Users\alwi\.m2\repository\io\cucumber\cucumber-gherkin\7.2.3\cucumber-gherkin-7.2.3.jar;C:\Users\alwi\.m2\repository\io\cucumber\cucumber-gherkin-messages\7.2.3\cucumber-gherkin-messages-7.2.3.jar;C:\Users\alwi\.m2\repository\io\cucumber\messages\17.1.1\messages-17.1.1.jar;C:\Users\alwi\.m2\repository\io\cucumber\tag-expressions\4.1.0\tag-expressions-4.1.0.jar;C:\Users\alwi\.m2\repository\io\cucumber\cucumber-expressions\15.0.1\cucumber-expressions-15.0.1.jar;C:\Users\alwi\.m2\repository\io\cucumber\datatable\7.2.3\datatable-7.2.3.jar;C:\Users\alwi\.m2\repository\io\cucumber\cucumber-plugin\7.2.3\cucumber-plugin-7.2.3.jar;C:\Users\alwi\.m2\repository\io\cucumber\docstring\7.2.3\docstring-7.2.3.jar;C:\Users\alwi\.m2\repository\io\cucumber\html-formatter\17.0.0\html-formatter-17.0.0.jar;C:\Users\alwi\.m2\repository\io\cucumber\ci-environment\8.1.0\ci-environment-8.1.0.jar;C:\Users\alwi\.m2\repository\io\cucumber\cucumber-junit\7.2.3\cucumber-junit-7.2.3.jar;C:\Users\alwi\.m2\repository\org\apache\commons\commons-csv\1.5\commons-csv-1.5.jar;C:\Users\alwi\.m2\repository\net\serenity-bdd\serenity-screenplay\3.2.1\serenity-screenplay-3.2.1.jar;C:\Users\alwi\.m2\repository\net\serenity-bdd\serenity-screenplay-webdriver\3.2.1\serenity-screenplay-webdriver-3.2.1.jar;C:\Users\alwi\.m2\repository\net\serenity-bdd\serenity-ensure\3.2.1\serenity-ensure-3.2.1.jar;C:\Users\alwi\.m2\repository\net\serenity-bdd\serenity-junit\3.2.1\serenity-junit-3.2.1.jar;C:\Users\alwi\.m2\repository\org\jetbrains\kotlin\kotlin-stdlib\1.6.0\kotlin-stdlib-1.6.0.jar;C:\Users\alwi\.m2\repository\org\jetbrains\annotations\13.0\annotations-13.0.jar;C:\Users\alwi\.m2\repository\org\jetbrains\kotlin\kotlin-stdlib-common\1.6.0\kotlin-stdlib-common-1.6.0.jar;C:\Users\alwi\.m2\repository\org\junit\platform\junit-platform-launcher\1.8.1\junit-platform-launcher-1.8.1.jar;C:\Users\alwi\.m2\repository\org\junit\platform\junit-platform-engine\1.8.1\junit-platform-engine-1.8.1.jar;C:\Users\alwi\.m2\repository\org\opentest4j\opentest4j\1.2.0\opentest4j-1.2.0.jar;C:\Users\alwi\.m2\repository\org\junit\platform\junit-platform-commons\1.8.1\junit-platform-commons-1.8.1.jar;C:\Users\alwi\.m2\repository\org\apiguardian\apiguardian-api\1.1.2\apiguardian-api-1.1.2.jar;C:\Users\alwi\.m2\repository\org\junit\jupiter\junit-jupiter-engine\5.8.2\junit-jupiter-engine-5.8.2.jar;C:\Users\alwi\.m2\repository\org\junit\jupiter\junit-jupiter-api\5.8.2\junit-jupiter-api-5.8.2.jar;C:\Users\alwi\.m2\repository\org\junit\vintage\junit-vintage-engine\5.8.2\junit-vintage-engine-5.8.2.jar;C:\Users\alwi\.m2\repository\junit\junit\4.13.2\junit-4.13.2.jar;C:\Users\alwi\.m2\repository\org\hamcrest\hamcrest-core\1.3\hamcrest-core-1.3.jar;C:\Users\alwi\.m2\repository\ch\qos\logback\logback-classic\1.2.10\logback-classic-1.2.10.jar;C:\Users\alwi\.m2\repository\ch\qos\logback\logback-core\1.2.10\logback-core-1.2.10.jar;C:\Users\alwi\.m2\repository\org\slf4j\slf4j-api\1.7.32\slf4j-api-1.7.32.jar;C:\Users\alwi\.m2\repository\org\assertj\assertj-core\3.6.2\assertj-core-3.6.2.jar;C:\Users\alwi\.m2\repository\org\apache\maven\surefire\surefire-junit-platform\3.0.0-M5\surefire-junit-platform-3.0.0-M5.jar;C:\Users\alwi\.m2\repository\org\apache\maven\surefire\common-java5\3.0.0-M5\common-java5-3.0.0-M5.jar"/>
    <property name="user.script" value=""/>
    <property name="java.protocol.handler.pkgs" value="com.google.common"/>
    <property name="sun.management.compiler" value="HotSpot 64-Bit Tiered Compilers"/>
    <property name="java.runtime.version" value="13.0.2+8"/>
    <property name="user.name" value="alwi"/>
    <property name="path.separator" value=";"/>
    <property name="os.version" value="10.0"/>
    <property name="java.runtime.name" value="Java(TM) SE Runtime Environment"/>
    <property name="file.encoding" value="Cp1252"/>
    <property name="webdriver.base.url" value=""/>
    <property name="java.vm.name" value="Java HotSpot(TM) 64-Bit Server VM"/>
    <property name="localRepository" value="C:\Users\alwi\.m2\repository"/>
    <property name="java.vendor.url.bug" value="https://bugreport.java.com/bugreport/"/>
    <property name="java.io.tmpdir" value="C:\Users\alwi\AppData\Local\Temp\"/>
    <property name="java.version" value="13.0.2"/>
    <property name="user.dir" value="C:\Users\alwi\IdeaProjects\AltaShop"/>
    <property name="os.arch" value="amd64"/>
    <property name="java.vm.specification.name" value="Java Virtual Machine Specification"/>
    <property name="user.language.format" value="id"/>
    <property name="sun.os.patch.level" value=""/>
    <property name="java.library.path" value="C:\Program Files\Java\jdk-13.0.2\bin;C:\WINDOWS\Sun\Java\bin;C:\WINDOWS\system32;C:\WINDOWS;C:\Program Files (x86)\Common Files\Oracle\Java\javapath;C:\WINDOWS\system32;C:\WINDOWS;C:\WINDOWS\System32\Wbem;C:\WINDOWS\System32\WindowsPowerShell\v1.0\;C:\Program Files\Java\jdk-13.0.2\bin\;C:\Program Files\Go\bin;C:\WINDOWS\System32\OpenSSH\;C:\Program Files\Git\cmd;C:\Program Files\nodejs\;%ANDROID_HOME%\platform-tools;%ANDROID_HOME%\tools;C:\Users\alwi\AppData\Local\Microsoft\WindowsApps;C:\Users\alwi\AppData\Local\Programs\Microsoft VS Code\bin;C:\Users\alwi\go\bin;C:\Users\alwi\AppData\Local\GitHubDesktop\bin;C:\Program Files (x86)\apache-maven-3.8.6\bin;C:\Users\alwi\AppData\Roaming\npm;."/>
    <property name="java.vm.info" value="mixed mode"/>
    <property name="java.vendor" value="Oracle Corporation"/>
    <property name="java.vm.version" value="13.0.2+8"/>
    <property name="sun.io.unicode.encoding" value="UnicodeLittle"/>
    <property name="java.class.version" value="57.0"/>
  </properties>
  <testcase name="Home detail product" classname="Home" time="18.333">
    <system-out><![CDATA[20:23:28.928 [main] INFO io.cucumber.core.plugin.SerenityReporter - Running feature from file:///C:/Users/alwi/IdeaProjects/AltaShop/src/test/resources/features/Category.feature
20:23:29.152 [main] INFO  - 

-------------------------------------------------------------------------------------
     _______. _______ .______       _______ .__   __.  __  .___________.____    ____ 
    /       ||   ____||   _  \     |   ____||  \ |  | |  | |           |\   \  /   / 
   |   (----`|  |__   |  |_)  |    |  |__   |   \|  | |  | `---|  |----` \   \/   /  
    \   \    |   __|  |      /     |   __|  |  . `  | |  |     |  |       \_    _/   
.----)   |   |  |____ |  |\  \----.|  |____ |  |\   | |  |     |  |         |  |     
|_______/    |_______|| _| `._____||_______||__| \__| |__|     |__|         |__|    
                                                                                     
 News and tutorials at http://www.serenity-bdd.info                                  
 Documentation at https://wakaleo.gitbooks.io/the-serenity-book/content/             
 Join the Serenity Community on Gitter: https://gitter.im/serenity-bdd/serenity-core 
 Serenity BDD Support and Training at http://serenity-bdd.info/#/trainingandsupport  
-------------------------------------------------------------------------------------

20:23:29.155 [main] DEBUG net.thucydides.core.steps.StepEventBus - Test suite started for story net.thucydides.core.model.Story@d99e90e8
20:23:29.159 [main] INFO  - Test Suite Started: Category
20:23:29.177 [main] INFO io.cucumber.core.plugin.SerenityReporter - Running feature from file:///C:/Users/alwi/IdeaProjects/AltaShop/src/test/resources/features/Home.feature
20:23:29.183 [main] DEBUG net.thucydides.core.steps.StepEventBus - Test suite started for story net.thucydides.core.model.Story@b16b2c08
20:23:29.184 [main] INFO  - Test Suite Started: Home
20:23:29.185 [main] INFO io.cucumber.core.plugin.SerenityReporter - Running feature from file:///C:/Users/alwi/IdeaProjects/AltaShop/src/test/resources/features/Login.feature
20:23:29.194 [main] DEBUG net.thucydides.core.steps.StepEventBus - Test suite started for story net.thucydides.core.model.Story@23282f08
20:23:29.195 [main] INFO  - Test Suite Started: Login
20:23:29.195 [main] INFO io.cucumber.core.plugin.SerenityReporter - Running feature from file:///C:/Users/alwi/IdeaProjects/AltaShop/src/test/resources/features/Logout.feature
20:23:29.201 [main] DEBUG net.thucydides.core.steps.StepEventBus - Test suite started for story net.thucydides.core.model.Story@7960de68
20:23:29.202 [main] INFO  - Test Suite Started: Logout
20:23:29.202 [main] INFO io.cucumber.core.plugin.SerenityReporter - Running feature from file:///C:/Users/alwi/IdeaProjects/AltaShop/src/test/resources/features/Order.feature
20:23:29.208 [main] DEBUG net.thucydides.core.steps.StepEventBus - Test suite started for story net.thucydides.core.model.Story@cc4b76a8
20:23:29.208 [main] INFO  - Test Suite Started: Order
20:23:29.209 [main] INFO io.cucumber.core.plugin.SerenityReporter - Running feature from file:///C:/Users/alwi/IdeaProjects/AltaShop/src/test/resources/features/Register.feature
20:23:29.216 [main] DEBUG net.thucydides.core.steps.StepEventBus - Test suite started for story net.thucydides.core.model.Story@30e75088
20:23:29.216 [main] INFO  - Test Suite Started: Register
20:23:29.217 [main] INFO io.cucumber.core.plugin.SerenityReporter - Running feature from file:///C:/Users/alwi/IdeaProjects/AltaShop/src/test/resources/features/Home.feature
20:23:29.221 [main] DEBUG net.thucydides.core.steps.StepEventBus - Test suite started for story net.thucydides.core.model.Story@b16b2c08
20:23:29.221 [main] INFO  - Test Suite Started: Home

Scenario: Home detail product &amp#27;[90m# src/test/resources/features/Home.feature:6&amp#27;[0m
20:23:29.333 [main] INFO io.cucumber.core.plugin.SerenityReporter - Running feature from file:///C:/Users/alwi/IdeaProjects/AltaShop/src/test/resources/features/Home.feature
20:23:29.477 [main] INFO  - 
  _____   ___   ___   _____     ___   _____     _     ___   _____   ___   ___  
 |_   _| | __| / __| |_   _|   / __| |_   _|   /_\   | _ \ |_   _| | __| |   \ 
   | |   | _|  \__ \   | |     \__ \   | |    / _ \  |   /   | |   | _|  | |) |
   |_|   |___| |___/   |_|     |___/   |_|   /_/ \_\ |_|_\   |_|   |___| |___/ 

Home detail product(home;home-detail-product)
--------------------------------------------------------------------------------
20:23:30.426 [main] INFO net.serenitybdd.core.webdriver.driverproviders.ChromeDriverProvider - Using automatically driver download
20:23:31.257 [main] DEBUG io.github.bonigarcia.wdm.cache.ResolutionCache - Resolution chrome=106 in cache (valid until 20:56:42 26/10/2022 ICT)
20:23:31.265 [main] DEBUG io.github.bonigarcia.wdm.cache.ResolutionCache - Resolution chrome106=106.0.5249.61 in cache (valid until 22:47:25 26/10/2022 WIB)
20:23:31.268 [main] INFO io.github.bonigarcia.wdm.WebDriverManager - Using chromedriver 106.0.5249.61 (resolved driver for Chrome 106)
20:23:31.293 [main] DEBUG io.github.bonigarcia.wdm.WebDriverManager - Driver chromedriver 106.0.5249.61 found in cache
20:23:31.295 [main] INFO io.github.bonigarcia.wdm.WebDriverManager - Exporting webdriver.chrome.driver as C:\Users\alwi\.cache\selenium\chromedriver\win32\106.0.5249.61\chromedriver.exe
20:23:32.073 [main] DEBUG net.thucydides.core.reflection.ClassFinder - Could not load class .CucumberTestSuite
20:23:32.074 [main] DEBUG net.thucydides.core.reflection.ClassFinder - Could not load class .starter.pages.CategoryPage
20:23:32.074 [main] DEBUG net.thucydides.core.reflection.ClassFinder - Could not load class .starter.pages.HomePage
20:23:32.074 [main] DEBUG net.thucydides.core.reflection.ClassFinder - Could not load class .starter.pages.LoginPage
20:23:32.074 [main] DEBUG net.thucydides.core.reflection.ClassFinder - Could not load class .starter.pages.LogoutPage
20:23:32.074 [main] DEBUG net.thucydides.core.reflection.ClassFinder - Could not load class .starter.pages.OrderPage
20:23:32.074 [main] DEBUG net.thucydides.core.reflection.ClassFinder - Could not load class .starter.pages.RegisterPage
20:23:32.074 [main] DEBUG net.thucydides.core.reflection.ClassFinder - Could not load class .starter.stepdefinitions.CategoryStep
20:23:32.074 [main] DEBUG net.thucydides.core.reflection.ClassFinder - Could not load class .starter.stepdefinitions.HomeStep
20:23:32.074 [main] DEBUG net.thucydides.core.reflection.ClassFinder - Could not load class .starter.stepdefinitions.LoginStep
20:23:32.075 [main] DEBUG net.thucydides.core.reflection.ClassFinder - Could not load class .starter.stepdefinitions.LogoutStep
20:23:32.075 [main] DEBUG net.thucydides.core.reflection.ClassFinder - Could not load class .starter.stepdefinitions.OrderStep
20:23:32.075 [main] DEBUG net.thucydides.core.reflection.ClassFinder - Could not load class .starter.stepdefinitions.RegisterStep
20:23:32.075 [main] DEBUG net.thucydides.core.reflection.ClassFinder - Could not load class .starter.utils.GeneratedString
20:23:32.076 [main] DEBUG net.thucydides.core.reflection.ClassFinder - Could not load class META-INF.versions.9.com.sun.istack.logging.StackHelper
20:23:32.076 [main] DEBUG net.thucydides.core.reflection.ClassFinder - Could not load class META-INF.versions.9.com.sun.xml.bind.v2.runtime.reflect.opt.AccessorInjector
20:23:32.077 [main] DEBUG net.thucydides.core.reflection.ClassFinder - Could not load class META-INF.versions.9.com.sun.xml.bind.v2.runtime.reflect.opt.Injector
20:23:32.077 [main] DEBUG net.thucydides.core.reflection.ClassFinder - Could not load class META-INF.versions.9.com.sun.xml.bind.v2.runtime.reflect.opt.OptimizedAccessorFactory
20:23:32.078 [main] DEBUG net.thucydides.core.reflection.ClassFinder - Could not load class META-INF.versions.9.com.sun.xml.bind.v2.runtime.reflect.opt.OptimizedTransducedAccessorFactory
20:23:32.078 [main] DEBUG net.thucydides.core.reflection.ClassFinder - Could not load class META-INF.versions.9.io.opentelemetry.sdk.internal.CurrentJavaVersionSpecific
20:23:32.079 [main] DEBUG net.thucydides.core.reflection.ClassFinder - Could not load class META-INF.versions.9.io.opentelemetry.sdk.internal.Java9VersionSpecific
20:23:32.079 [main] DEBUG net.thucydides.core.reflection.ClassFinder - Could not load class META-INF.versions.9.javax.xml.bind.ModuleUtil
20:23:32.080 [main] DEBUG net.thucydides.core.reflection.ClassFinder - Could not load class META-INF.versions.9.module-info
20:23:32.080 [main] DEBUG net.thucydides.core.reflection.ClassFinder - Could not load class META-INF.versions.9.org.junit.platform.commons.util.ModuleUtils
20:23:32.496 [main] DEBUG net.thucydides.core.reflection.ClassFinder - Could not load class com.google.gson.internal.
20:23:32.719 [main] DEBUG net.thucydides.core.reflection.ClassFinder - Could not load class com.sun.xml.bind.v2.runtime.output.FastInfosetStreamWriterOutput
20:23:33.335 [main] DEBUG net.thucydides.core.reflection.ClassFinder - Could not load class module-info
20:23:36.907 [main] DEBUG io.netty.util.internal.logging.InternalLoggerFactory - Using SLF4J as the default logging framework
20:23:36.912 [main] DEBUG io.netty.util.ResourceLeakDetector - -Dio.netty.leakDetection.level: simple
20:23:36.912 [main] DEBUG io.netty.util.ResourceLeakDetector - -Dio.netty.leakDetection.targetRecords: 4
20:23:36.917 [main] DEBUG io.netty.util.ResourceLeakDetectorFactory - Loaded default ResourceLeakDetector: io.netty.util.ResourceLeakDetector@2f062dbc
20:23:36.938 [main] DEBUG io.netty.util.internal.PlatformDependent0 - -Dio.netty.noUnsafe: false
20:23:36.938 [main] DEBUG io.netty.util.internal.PlatformDependent0 - Java version: 13
20:23:36.939 [main] DEBUG io.netty.util.internal.PlatformDependent0 - sun.misc.Unsafe.theUnsafe: available
20:23:36.940 [main] DEBUG io.netty.util.internal.PlatformDependent0 - sun.misc.Unsafe.copyMemory: available
20:23:36.940 [main] DEBUG io.netty.util.internal.PlatformDependent0 - java.nio.Buffer.address: available
20:23:36.941 [main] DEBUG io.netty.util.internal.PlatformDependent0 - direct buffer constructor: unavailable: Reflective setAccessible(true) disabled
20:23:36.941 [main] DEBUG io.netty.util.internal.PlatformDependent0 - java.nio.Bits.unaligned: available, true
20:23:36.942 [main] DEBUG io.netty.util.internal.PlatformDependent0 - jdk.internal.misc.Unsafe.allocateUninitializedArray(int): unavailable: class io.netty.util.internal.PlatformDependent0$6 cannot access class jdk.internal.misc.Unsafe (in module java.base) because module java.base does not export jdk.internal.misc to unnamed module @615f972
20:23:36.944 [main] DEBUG io.netty.util.internal.PlatformDependent0 - java.nio.DirectByteBuffer.<init>(long, int): unavailable
20:23:36.944 [main] DEBUG io.netty.util.internal.PlatformDependent - sun.misc.Unsafe: available
20:23:36.947 [main] DEBUG io.netty.util.internal.PlatformDependent - maxDirectMemory: 2141192192 bytes (maybe)
20:23:36.947 [main] DEBUG io.netty.util.internal.PlatformDependent - -Dio.netty.tmpdir: C:\Users\alwi\AppData\Local\Temp (java.io.tmpdir)
20:23:36.947 [main] DEBUG io.netty.util.internal.PlatformDependent - -Dio.netty.bitMode: 64 (sun.arch.data.model)
20:23:36.947 [main] DEBUG io.netty.util.internal.PlatformDependent - Platform: Windows
20:23:36.948 [main] DEBUG io.netty.util.internal.PlatformDependent - -Dio.netty.maxDirectMemory: -1 bytes
20:23:36.948 [main] DEBUG io.netty.util.internal.PlatformDependent - -Dio.netty.uninitializedArrayAllocationThreshold: -1
20:23:36.949 [main] DEBUG io.netty.util.internal.CleanerJava9 - java.nio.ByteBuffer.cleaner(): available
20:23:36.949 [main] DEBUG io.netty.util.internal.PlatformDependent - -Dio.netty.noPreferDirect: false
20:23:36.959 [main] DEBUG io.netty.util.internal.PlatformDependent - org.jctools-core.MpscChunkedArrayQueue: available
20:23:36.982 [main] DEBUG io.netty.util.internal.InternalThreadLocalMap - -Dio.netty.threadLocalMap.stringBuilder.initialSize: 1024
20:23:36.983 [main] DEBUG io.netty.util.internal.InternalThreadLocalMap - -Dio.netty.threadLocalMap.stringBuilder.maxSize: 4096
20:23:37.052 [main] DEBUG io.netty.handler.ssl.JdkSslContext - Default protocols (JDK): [TLSv1.3, TLSv1.2, TLSv1.1, TLSv1] 
20:23:37.053 [main] DEBUG io.netty.handler.ssl.JdkSslContext - Default cipher suites (JDK): [TLS_ECDHE_ECDSA_WITH_AES_256_GCM_SHA384, TLS_ECDHE_ECDSA_WITH_AES_128_GCM_SHA256, TLS_ECDHE_RSA_WITH_AES_128_GCM_SHA256, TLS_ECDHE_RSA_WITH_AES_256_GCM_SHA384, TLS_ECDHE_RSA_WITH_AES_128_CBC_SHA, TLS_ECDHE_RSA_WITH_AES_256_CBC_SHA, TLS_RSA_WITH_AES_128_GCM_SHA256, TLS_RSA_WITH_AES_128_CBC_SHA, TLS_RSA_WITH_AES_256_CBC_SHA, TLS_AES_128_GCM_SHA256, TLS_AES_256_GCM_SHA384]
20:23:37.089 [main] DEBUG io.netty.channel.MultithreadEventLoopGroup - -Dio.netty.eventLoopThreads: 16
20:23:37.102 [main] DEBUG io.netty.channel.nio.NioEventLoop - -Dio.netty.noKeySetOptimization: false
20:23:37.102 [main] DEBUG io.netty.channel.nio.NioEventLoop - -Dio.netty.selectorAutoRebuildThreshold: 512
20:23:37.353 [main] DEBUG io.netty.buffer.PooledByteBufAllocator - -Dio.netty.allocator.numHeapArenas: 16
20:23:37.353 [main] DEBUG io.netty.buffer.PooledByteBufAllocator - -Dio.netty.allocator.numDirectArenas: 16
20:23:37.353 [main] DEBUG io.netty.buffer.PooledByteBufAllocator - -Dio.netty.allocator.pageSize: 8192
20:23:37.353 [main] DEBUG io.netty.buffer.PooledByteBufAllocator - -Dio.netty.allocator.maxOrder: 11
20:23:37.353 [main] DEBUG io.netty.buffer.PooledByteBufAllocator - -Dio.netty.allocator.chunkSize: 16777216
20:23:37.353 [main] DEBUG io.netty.buffer.PooledByteBufAllocator - -Dio.netty.allocator.smallCacheSize: 256
20:23:37.353 [main] DEBUG io.netty.buffer.PooledByteBufAllocator - -Dio.netty.allocator.normalCacheSize: 64
20:23:37.353 [main] DEBUG io.netty.buffer.PooledByteBufAllocator - -Dio.netty.allocator.maxCachedBufferCapacity: 32768
20:23:37.353 [main] DEBUG io.netty.buffer.PooledByteBufAllocator - -Dio.netty.allocator.cacheTrimInterval: 8192
20:23:37.353 [main] DEBUG io.netty.buffer.PooledByteBufAllocator - -Dio.netty.allocator.cacheTrimIntervalMillis: 0
20:23:37.354 [main] DEBUG io.netty.buffer.PooledByteBufAllocator - -Dio.netty.allocator.useCacheForAllThreads: true
20:23:37.354 [main] DEBUG io.netty.buffer.PooledByteBufAllocator - -Dio.netty.allocator.maxCachedByteBuffersPerChunk: 1023
20:23:37.363 [main] DEBUG io.netty.buffer.ByteBufUtil - -Dio.netty.allocator.type: pooled
20:23:37.364 [main] DEBUG io.netty.buffer.ByteBufUtil - -Dio.netty.threadLocalDirectBufferSize: 0
20:23:37.364 [main] DEBUG io.netty.buffer.ByteBufUtil - -Dio.netty.maxThreadLocalCharBufferSize: 16384
20:23:37.651 [main] DEBUG net.serenitybdd.core.webdriver.driverproviders.ProvideNewDriver - Instantiating driver
20:23:37.651 [main] DEBUG net.serenitybdd.core.webdriver.driverproviders.ProvideNewDriver - Driver capabilities: Capabilities {acceptInsecureCerts: false, base.url: https://alta-shop.vercel.app, browserName: chrome, chrome.driver: src/test/resources/webdrive..., driver: chrome, goog:chromeOptions: {args: [], extensions: []}, wait.for.timeout: 5000}
20:23:38.416 [Forwarding newSession on session null to remote] DEBUG io.netty.channel.DefaultChannelId - -Dio.netty.processId: 1160 (auto-detected)
20:23:38.418 [Forwarding newSession on session null to remote] DEBUG io.netty.util.NetUtil - -Djava.net.preferIPv4Stack: false
20:23:38.418 [Forwarding newSession on session null to remote] DEBUG io.netty.util.NetUtil - -Djava.net.preferIPv6Addresses: false
20:23:38.643 [Forwarding newSession on session null to remote] DEBUG io.netty.util.NetUtilInitializations - Loopback interface: lo (Software Loopback Interface 1, 127.0.0.1)
20:23:38.645 [Forwarding newSession on session null to remote] DEBUG io.netty.util.NetUtil - Failed to get SOMAXCONN from sysctl and file \proc\sys\net\core\somaxconn. Default: 200
20:23:38.874 [Forwarding newSession on session null to remote] DEBUG io.netty.channel.DefaultChannelId - -Dio.netty.machineId: 50:3e:aa:ff:fe:ef:df:ab (auto-detected)
20:23:38.954 [AsyncHttpClient-1-2] DEBUG io.netty.buffer.AbstractByteBuf - -Dio.netty.buffer.checkAccessible: true
20:23:38.954 [AsyncHttpClient-1-2] DEBUG io.netty.buffer.AbstractByteBuf - -Dio.netty.buffer.checkBounds: true
20:23:38.954 [AsyncHttpClient-1-2] DEBUG io.netty.util.ResourceLeakDetectorFactory - Loaded default ResourceLeakDetector: io.netty.util.ResourceLeakDetector@72fa9944
20:23:38.970 [AsyncHttpClient-1-2] DEBUG org.asynchttpclient.netty.channel.NettyConnectListener - Using new Channel '[id: 0xf79a11e2, L:/127.0.0.1:62738 - R:localhost/127.0.0.1:56701]' for 'POST' to '/session'
20:23:38.995 [AsyncHttpClient-1-2] DEBUG io.netty.util.Recycler - -Dio.netty.recycler.maxCapacityPerThread: 4096
20:23:38.996 [AsyncHttpClient-1-2] DEBUG io.netty.util.Recycler - -Dio.netty.recycler.ratio: 8
20:23:38.996 [AsyncHttpClient-1-2] DEBUG io.netty.util.Recycler - -Dio.netty.recycler.chunkSize: 32
20:23:38.996 [AsyncHttpClient-1-2] DEBUG io.netty.util.Recycler - -Dio.netty.recycler.blocking: false
20:23:42.421 [AsyncHttpClient-1-2] DEBUG io.netty.handler.codec.compression.Brotli - brotli4j not in the classpath; Brotli support will be unavailable.
20:23:42.421 [AsyncHttpClient-1-2] DEBUG org.asynchttpclient.netty.handler.HttpHandler - 

Request DefaultHttpRequest(decodeResult: success, version: HTTP/1.1)
POST /session HTTP/1.1
User-Agent: selenium/4.1.2 (java windows)
Content-Length: 639
Content-Type: application/json; charset=utf-8
host: localhost:56701
accept: */*

Response DefaultHttpResponse(decodeResult: success, version: HTTP/1.1)
HTTP/1.1 200 OK
Content-Type: application/json; charset=utf-8
cache-control: no-cache
content-length: 790

20:23:42.430 [AsyncHttpClient-1-2] DEBUG org.asynchttpclient.netty.channel.ChannelManager - Adding key: http://localhost:56701 for channel [id: 0xf79a11e2, L:/127.0.0.1:62738 - R:localhost/127.0.0.1:56701]
20:23:42.468 [AsyncHttpClient-1-1] DEBUG org.asynchttpclient.netty.channel.DefaultChannelPool - Entry count for : http://localhost:56701 : 1
20:23:42.498 [AsyncHttpClient-1-3] DEBUG org.asynchttpclient.netty.channel.NettyConnectListener - Using new Channel '[id: 0xa8b6f204, L:/127.0.0.1:62749 - R:localhost/127.0.0.1:62740]' for 'GET' to '/json/version'
20:23:42.503 [AsyncHttpClient-1-3] DEBUG org.asynchttpclient.netty.handler.HttpHandler - 

Request DefaultFullHttpRequest(decodeResult: success, version: HTTP/1.1, content: EmptyByteBufBE)
GET /json/version HTTP/1.1
User-Agent: selenium/4.1.2 (java windows)
host: localhost:62740
accept: */*

Response DefaultHttpResponse(decodeResult: success, version: HTTP/1.1)
HTTP/1.1 200 OK
Content-Type: application/json; charset=UTF-8
content-length: 424

20:23:42.503 [AsyncHttpClient-1-3] DEBUG org.asynchttpclient.netty.channel.ChannelManager - Adding key: http://localhost:62740 for channel [id: 0xa8b6f204, L:/127.0.0.1:62749 - R:localhost/127.0.0.1:62740]
20:23:42.510 [main] DEBUG io.netty.util.internal.ThreadLocalRandom - -Dio.netty.initialSeedUniquifier: 0xcfd353086d701479
20:23:42.516 [AsyncHttpClient-1-4] DEBUG org.asynchttpclient.netty.channel.NettyConnectListener - Using new Channel '[id: 0xb754d73c, L:/127.0.0.1:62750 - R:localhost/127.0.0.1:62740]' for 'GET' to '/devtools/browser/ffaf01b1-c6f5-4208-9502-113d38d0e602'
20:23:42.523 [AsyncHttpClient-1-4] DEBUG org.asynchttpclient.netty.handler.WebSocketHandler - 

Request DefaultFullHttpRequest(decodeResult: success, version: HTTP/1.1, content: EmptyByteBufBE)
GET /devtools/browser/ffaf01b1-c6f5-4208-9502-113d38d0e602 HTTP/1.1
upgrade: websocket
connection: upgrade
sec-websocket-key: BfGCFFk30fk251ztY63z6w==
sec-websocket-version: 13
origin: http://localhost:62740
host: localhost:62740
accept: */*
user-agent: AHC/2.1

Response DefaultHttpResponse(decodeResult: success, version: HTTP/1.1)
HTTP/1.1 101 WebSocket Protocol Handshake
Upgrade: WebSocket
Connection: Upgrade
Sec-WebSocket-Accept: 0EQlSv9xFQ+Rd0jixwr16fcBK5c=

20:23:43.242 [main] DEBUG net.thucydides.core.reflection.ClassFinder - Could not load class .CucumberTestSuite
20:23:43.242 [main] DEBUG net.thucydides.core.reflection.ClassFinder - Could not load class .starter.pages.CategoryPage
20:23:43.242 [main] DEBUG net.thucydides.core.reflection.ClassFinder - Could not load class .starter.pages.HomePage
20:23:43.242 [main] DEBUG net.thucydides.core.reflection.ClassFinder - Could not load class .starter.pages.LoginPage
20:23:43.242 [main] DEBUG net.thucydides.core.reflection.ClassFinder - Could not load class .starter.pages.LogoutPage
20:23:43.242 [main] DEBUG net.thucydides.core.reflection.ClassFinder - Could not load class .starter.pages.OrderPage
20:23:43.242 [main] DEBUG net.thucydides.core.reflection.ClassFinder - Could not load class .starter.pages.RegisterPage
20:23:43.242 [main] DEBUG net.thucydides.core.reflection.ClassFinder - Could not load class .starter.stepdefinitions.CategoryStep
20:23:43.242 [main] DEBUG net.thucydides.core.reflection.ClassFinder - Could not load class .starter.stepdefinitions.HomeStep
20:23:43.242 [main] DEBUG net.thucydides.core.reflection.ClassFinder - Could not load class .starter.stepdefinitions.LoginStep
20:23:43.242 [main] DEBUG net.thucydides.core.reflection.ClassFinder - Could not load class .starter.stepdefinitions.LogoutStep
20:23:43.242 [main] DEBUG net.thucydides.core.reflection.ClassFinder - Could not load class .starter.stepdefinitions.OrderStep
20:23:43.243 [main] DEBUG net.thucydides.core.reflection.ClassFinder - Could not load class .starter.stepdefinitions.RegisterStep
20:23:43.243 [main] DEBUG net.thucydides.core.reflection.ClassFinder - Could not load class .starter.utils.GeneratedString
20:23:43.243 [main] DEBUG net.thucydides.core.reflection.ClassFinder - Could not load class META-INF.versions.9.com.sun.istack.logging.StackHelper
20:23:43.244 [main] DEBUG net.thucydides.core.reflection.ClassFinder - Could not load class META-INF.versions.9.com.sun.xml.bind.v2.runtime.reflect.opt.AccessorInjector
20:23:43.244 [main] DEBUG net.thucydides.core.reflection.ClassFinder - Could not load class META-INF.versions.9.com.sun.xml.bind.v2.runtime.reflect.opt.Injector
20:23:43.244 [main] DEBUG net.thucydides.core.reflection.ClassFinder - Could not load class META-INF.versions.9.com.sun.xml.bind.v2.runtime.reflect.opt.OptimizedAccessorFactory
20:23:43.244 [main] DEBUG net.thucydides.core.reflection.ClassFinder - Could not load class META-INF.versions.9.com.sun.xml.bind.v2.runtime.reflect.opt.OptimizedTransducedAccessorFactory
20:23:43.245 [main] DEBUG net.thucydides.core.reflection.ClassFinder - Could not load class META-INF.versions.9.io.opentelemetry.sdk.internal.CurrentJavaVersionSpecific
20:23:43.245 [main] DEBUG net.thucydides.core.reflection.ClassFinder - Could not load class META-INF.versions.9.io.opentelemetry.sdk.internal.Java9VersionSpecific
20:23:43.246 [main] DEBUG net.thucydides.core.reflection.ClassFinder - Could not load class META-INF.versions.9.javax.xml.bind.ModuleUtil
20:23:43.247 [main] DEBUG net.thucydides.core.reflection.ClassFinder - Could not load class META-INF.versions.9.module-info
20:23:43.248 [main] DEBUG net.thucydides.core.reflection.ClassFinder - Could not load class META-INF.versions.9.org.junit.platform.commons.util.ModuleUtils
20:23:43.251 [main] DEBUG net.thucydides.core.reflection.ClassFinder - Could not load class com.google.gson.internal.
20:23:43.253 [main] DEBUG net.thucydides.core.reflection.ClassFinder - Could not load class com.sun.xml.bind.v2.runtime.output.FastInfosetStreamWriterOutput
20:23:43.257 [main] DEBUG net.thucydides.core.reflection.ClassFinder - Could not load class module-info
20:23:43.287 [Forwarding get on session bdb16c8156fee577232425cf51f38dda to remote] DEBUG org.asynchttpclient.netty.request.NettyRequestSender - Using pooled Channel '[id: 0xf79a11e2, L:/127.0.0.1:62738 - R:localhost/127.0.0.1:56701]' for 'POST' to 'http://localhost:56701/session/bdb16c8156fee577232425cf51f38dda/url'
20:23:43.287 [Forwarding get on session bdb16c8156fee577232425cf51f38dda to remote] DEBUG org.asynchttpclient.netty.request.NettyRequestSender - Using open Channel [id: 0xf79a11e2, L:/127.0.0.1:62738 - R:localhost/127.0.0.1:56701] for POST '/session/bdb16c8156fee577232425cf51f38dda/url'
20:23:43.564 [AsyncHttpClient-1-1] DEBUG org.asynchttpclient.netty.channel.DefaultChannelPool - Entry count for : http://localhost:62740 : 1
20:23:44.558 [AsyncHttpClient-1-2] DEBUG org.asynchttpclient.netty.handler.HttpHandler - 

Request DefaultHttpRequest(decodeResult: success, version: HTTP/1.1)
POST /session/bdb16c8156fee577232425cf51f38dda/url HTTP/1.1
User-Agent: selenium/4.1.2 (java windows)
Content-Length: 59
Content-Type: application/json; charset=utf-8
host: localhost:56701
accept: */*

Response DefaultHttpResponse(decodeResult: success, version: HTTP/1.1)
HTTP/1.1 200 OK
Content-Type: application/json; charset=utf-8
cache-control: no-cache
content-length: 14

20:23:44.559 [AsyncHttpClient-1-2] DEBUG org.asynchttpclient.netty.channel.ChannelManager - Adding key: http://localhost:56701 for channel [id: 0xf79a11e2, L:/127.0.0.1:62738 - R:localhost/127.0.0.1:56701]
20:23:44.571 [Forwarding setTimeout on session bdb16c8156fee577232425cf51f38dda to remote] DEBUG org.asynchttpclient.netty.request.NettyRequestSender - Using pooled Channel '[id: 0xf79a11e2, L:/127.0.0.1:62738 - R:localhost/127.0.0.1:56701]' for 'POST' to 'http://localhost:56701/session/bdb16c8156fee577232425cf51f38dda/timeouts'
20:23:44.571 [Forwarding setTimeout on session bdb16c8156fee577232425cf51f38dda to remote] DEBUG org.asynchttpclient.netty.request.NettyRequestSender - Using open Channel [id: 0xf79a11e2, L:/127.0.0.1:62738 - R:localhost/127.0.0.1:56701] for POST '/session/bdb16c8156fee577232425cf51f38dda/timeouts'
20:23:44.577 [AsyncHttpClient-1-2] DEBUG org.asynchttpclient.netty.handler.HttpHandler - 

Request DefaultHttpRequest(decodeResult: success, version: HTTP/1.1)
POST /session/bdb16c8156fee577232425cf51f38dda/timeouts HTTP/1.1
User-Agent: selenium/4.1.2 (java windows)
Content-Length: 22
Content-Type: application/json; charset=utf-8
host: localhost:56701
accept: */*

Response DefaultHttpResponse(decodeResult: success, version: HTTP/1.1)
HTTP/1.1 200 OK
Content-Type: application/json; charset=utf-8
cache-control: no-cache
content-length: 14

20:23:44.577 [AsyncHttpClient-1-2] DEBUG org.asynchttpclient.netty.channel.ChannelManager - Adding key: http://localhost:56701 for channel [id: 0xf79a11e2, L:/127.0.0.1:62738 - R:localhost/127.0.0.1:56701]
20:23:44.591 [Forwarding getCurrentUrl on session bdb16c8156fee577232425cf51f38dda to remote] DEBUG org.asynchttpclient.netty.request.NettyRequestSender - Using pooled Channel '[id: 0xf79a11e2, L:/127.0.0.1:62738 - R:localhost/127.0.0.1:56701]' for 'GET' to 'http://localhost:56701/session/bdb16c8156fee577232425cf51f38dda/url'
20:23:44.591 [Forwarding getCurrentUrl on session bdb16c8156fee577232425cf51f38dda to remote] DEBUG org.asynchttpclient.netty.request.NettyRequestSender - Using open Channel [id: 0xf79a11e2, L:/127.0.0.1:62738 - R:localhost/127.0.0.1:56701] for GET '/session/bdb16c8156fee577232425cf51f38dda/url'
20:23:44.620 [AsyncHttpClient-1-2] DEBUG org.asynchttpclient.netty.handler.HttpHandler - 

Request DefaultFullHttpRequest(decodeResult: success, version: HTTP/1.1, content: EmptyByteBufBE)
GET /session/bdb16c8156fee577232425cf51f38dda/url HTTP/1.1
User-Agent: selenium/4.1.2 (java windows)
Cache-Control: no-cache
Content-Type: application/json; charset=utf-8
host: localhost:56701
accept: */*

Response DefaultHttpResponse(decodeResult: success, version: HTTP/1.1)
HTTP/1.1 200 OK
Content-Type: application/json; charset=utf-8
cache-control: no-cache
content-length: 41

20:23:44.621 [AsyncHttpClient-1-2] DEBUG org.asynchttpclient.netty.channel.ChannelManager - Adding key: http://localhost:56701 for channel [id: 0xf79a11e2, L:/127.0.0.1:62738 - R:localhost/127.0.0.1:56701]
  &amp#27;[32mGiven &amp#27;[0m&amp#27;[32mI am on the home page&amp#27;[0m &amp#27;[90m# starter.stepdefinitions.HomeStep.iAmOnTheHomePage()&amp#27;[0m
20:23:44.674 [AsyncHttpClient-1-1] DEBUG org.asynchttpclient.netty.channel.DefaultChannelPool - Entry count for : http://localhost:62740 : 1
20:23:44.674 [AsyncHttpClient-1-1] DEBUG org.asynchttpclient.netty.channel.DefaultChannelPool - Entry count for : http://localhost:56701 : 1
20:23:44.706 [main] DEBUG net.serenitybdd.core.photography.Darkroom - Opening darkroom
20:23:44.708 [Darkroom Processing Line] DEBUG net.serenitybdd.core.photography.DarkroomProcessingLine - Darkroom processing line starting up
20:23:44.709 [Forwarding screenshot on session bdb16c8156fee577232425cf51f38dda to remote] DEBUG org.asynchttpclient.netty.request.NettyRequestSender - Using pooled Channel '[id: 0xf79a11e2, L:/127.0.0.1:62738 - R:localhost/127.0.0.1:56701]' for 'GET' to 'http://localhost:56701/session/bdb16c8156fee577232425cf51f38dda/screenshot'
20:23:44.709 [Forwarding screenshot on session bdb16c8156fee577232425cf51f38dda to remote] DEBUG org.asynchttpclient.netty.request.NettyRequestSender - Using open Channel [id: 0xf79a11e2, L:/127.0.0.1:62738 - R:localhost/127.0.0.1:56701] for GET '/session/bdb16c8156fee577232425cf51f38dda/screenshot'
20:23:44.881 [AsyncHttpClient-1-2] DEBUG org.asynchttpclient.netty.handler.HttpHandler - 

Request DefaultFullHttpRequest(decodeResult: success, version: HTTP/1.1, content: EmptyByteBufBE)
GET /session/bdb16c8156fee577232425cf51f38dda/screenshot HTTP/1.1
User-Agent: selenium/4.1.2 (java windows)
Cache-Control: no-cache
Content-Type: application/json; charset=utf-8
host: localhost:56701
accept: */*

Response DefaultHttpResponse(decodeResult: success, version: HTTP/1.1)
HTTP/1.1 200 OK
Content-Type: application/json; charset=utf-8
cache-control: no-cache
content-length: 37928

20:23:44.882 [AsyncHttpClient-1-2] DEBUG org.asynchttpclient.netty.channel.ChannelManager - Adding key: http://localhost:56701 for channel [id: 0xf79a11e2, L:/127.0.0.1:62738 - R:localhost/127.0.0.1:56701]
20:23:44.977 [main] DEBUG net.serenitybdd.core.photography.Darkroom - Send negative for processing for target\site\serenity\2505d40b8aac0740271a9e800380ccad3b6f7bf447693a24c92aebdd1d43988d.png
20:23:44.978 [Darkroom Processing Line] DEBUG net.serenitybdd.core.photography.DarkroomProcessingLine - Processing screenshot image in /var/screenshots/screenshot-13895827939700952392
20:23:44.978 [Darkroom Processing Line] DEBUG net.serenitybdd.core.photography.DarkroomProcessingLine - Saving screenshot to target\site\serenity\2505d40b8aac0740271a9e800380ccad3b6f7bf447693a24c92aebdd1d43988d.png
20:23:45.021 [Forwarding findElement on session bdb16c8156fee577232425cf51f38dda to remote] DEBUG org.asynchttpclient.netty.request.NettyRequestSender - Using pooled Channel '[id: 0xf79a11e2, L:/127.0.0.1:62738 - R:localhost/127.0.0.1:56701]' for 'POST' to 'http://localhost:56701/session/bdb16c8156fee577232425cf51f38dda/element'
20:23:45.022 [Forwarding findElement on session bdb16c8156fee577232425cf51f38dda to remote] DEBUG org.asynchttpclient.netty.request.NettyRequestSender - Using open Channel [id: 0xf79a11e2, L:/127.0.0.1:62738 - R:localhost/127.0.0.1:56701] for POST '/session/bdb16c8156fee577232425cf51f38dda/element'
20:23:45.768 [AsyncHttpClient-1-1] DEBUG org.asynchttpclient.netty.channel.DefaultChannelPool - Entry count for : http://localhost:62740 : 1
20:23:46.015 [AsyncHttpClient-1-2] DEBUG org.asynchttpclient.netty.handler.HttpHandler - 

Request DefaultHttpRequest(decodeResult: success, version: HTTP/1.1)
POST /session/bdb16c8156fee577232425cf51f38dda/element HTTP/1.1
User-Agent: selenium/4.1.2 (java windows)
Content-Length: 71
Content-Type: application/json; charset=utf-8
host: localhost:56701
accept: */*

Response DefaultHttpResponse(decodeResult: success, version: HTTP/1.1)
HTTP/1.1 200 OK
Content-Type: application/json; charset=utf-8
cache-control: no-cache
content-length: 88

20:23:46.015 [AsyncHttpClient-1-2] DEBUG org.asynchttpclient.netty.channel.ChannelManager - Adding key: http://localhost:56701 for channel [id: 0xf79a11e2, L:/127.0.0.1:62738 - R:localhost/127.0.0.1:56701]
20:23:46.021 [Forwarding getElementTagName on session bdb16c8156fee577232425cf51f38dda to remote] DEBUG org.asynchttpclient.netty.request.NettyRequestSender - Using pooled Channel '[id: 0xf79a11e2, L:/127.0.0.1:62738 - R:localhost/127.0.0.1:56701]' for 'GET' to 'http://localhost:56701/session/bdb16c8156fee577232425cf51f38dda/element/79092d19-a3ec-4830-a16d-39d391f018c7/name'
20:23:46.021 [Forwarding getElementTagName on session bdb16c8156fee577232425cf51f38dda to remote] DEBUG org.asynchttpclient.netty.request.NettyRequestSender - Using open Channel [id: 0xf79a11e2, L:/127.0.0.1:62738 - R:localhost/127.0.0.1:56701] for GET '/session/bdb16c8156fee577232425cf51f38dda/element/79092d19-a3ec-4830-a16d-39d391f018c7/name'
20:23:46.032 [AsyncHttpClient-1-2] DEBUG org.asynchttpclient.netty.handler.HttpHandler - 

Request DefaultFullHttpRequest(decodeResult: success, version: HTTP/1.1, content: EmptyByteBufBE)
GET /session/bdb16c8156fee577232425cf51f38dda/element/79092d19-a3ec-4830-a16d-39d391f018c7/name HTTP/1.1
User-Agent: selenium/4.1.2 (java windows)
Cache-Control: no-cache
Content-Type: application/json; charset=utf-8
host: localhost:56701
accept: */*

Response DefaultHttpResponse(decodeResult: success, version: HTTP/1.1)
HTTP/1.1 200 OK
Content-Type: application/json; charset=utf-8
cache-control: no-cache
content-length: 16

20:23:46.032 [AsyncHttpClient-1-2] DEBUG org.asynchttpclient.netty.channel.ChannelManager - Adding key: http://localhost:56701 for channel [id: 0xf79a11e2, L:/127.0.0.1:62738 - R:localhost/127.0.0.1:56701]
20:23:46.035 [Forwarding getElementTagName on session bdb16c8156fee577232425cf51f38dda to remote] DEBUG org.asynchttpclient.netty.request.NettyRequestSender - Using pooled Channel '[id: 0xf79a11e2, L:/127.0.0.1:62738 - R:localhost/127.0.0.1:56701]' for 'GET' to 'http://localhost:56701/session/bdb16c8156fee577232425cf51f38dda/element/79092d19-a3ec-4830-a16d-39d391f018c7/name'
20:23:46.036 [Forwarding getElementTagName on session bdb16c8156fee577232425cf51f38dda to remote] DEBUG org.asynchttpclient.netty.request.NettyRequestSender - Using open Channel [id: 0xf79a11e2, L:/127.0.0.1:62738 - R:localhost/127.0.0.1:56701] for GET '/session/bdb16c8156fee577232425cf51f38dda/element/79092d19-a3ec-4830-a16d-39d391f018c7/name'
20:23:46.040 [AsyncHttpClient-1-2] DEBUG org.asynchttpclient.netty.handler.HttpHandler - 

Request DefaultFullHttpRequest(decodeResult: success, version: HTTP/1.1, content: EmptyByteBufBE)
GET /session/bdb16c8156fee577232425cf51f38dda/element/79092d19-a3ec-4830-a16d-39d391f018c7/name HTTP/1.1
User-Agent: selenium/4.1.2 (java windows)
Cache-Control: no-cache
Content-Type: application/json; charset=utf-8
host: localhost:56701
accept: */*

Response DefaultHttpResponse(decodeResult: success, version: HTTP/1.1)
HTTP/1.1 200 OK
Content-Type: application/json; charset=utf-8
cache-control: no-cache
content-length: 16

20:23:46.040 [AsyncHttpClient-1-2] DEBUG org.asynchttpclient.netty.channel.ChannelManager - Adding key: http://localhost:56701 for channel [id: 0xf79a11e2, L:/127.0.0.1:62738 - R:localhost/127.0.0.1:56701]
20:23:46.043 [Forwarding findElement on session bdb16c8156fee577232425cf51f38dda to remote] DEBUG org.asynchttpclient.netty.request.NettyRequestSender - Using pooled Channel '[id: 0xf79a11e2, L:/127.0.0.1:62738 - R:localhost/127.0.0.1:56701]' for 'POST' to 'http://localhost:56701/session/bdb16c8156fee577232425cf51f38dda/element'
20:23:46.043 [Forwarding findElement on session bdb16c8156fee577232425cf51f38dda to remote] DEBUG org.asynchttpclient.netty.request.NettyRequestSender - Using open Channel [id: 0xf79a11e2, L:/127.0.0.1:62738 - R:localhost/127.0.0.1:56701] for POST '/session/bdb16c8156fee577232425cf51f38dda/element'
20:23:46.050 [AsyncHttpClient-1-2] DEBUG org.asynchttpclient.netty.handler.HttpHandler - 

Request DefaultHttpRequest(decodeResult: success, version: HTTP/1.1)
POST /session/bdb16c8156fee577232425cf51f38dda/element HTTP/1.1
User-Agent: selenium/4.1.2 (java windows)
Content-Length: 71
Content-Type: application/json; charset=utf-8
host: localhost:56701
accept: */*

Response DefaultHttpResponse(decodeResult: success, version: HTTP/1.1)
HTTP/1.1 200 OK
Content-Type: application/json; charset=utf-8
cache-control: no-cache
content-length: 88

20:23:46.050 [AsyncHttpClient-1-2] DEBUG org.asynchttpclient.netty.channel.ChannelManager - Adding key: http://localhost:56701 for channel [id: 0xf79a11e2, L:/127.0.0.1:62738 - R:localhost/127.0.0.1:56701]
20:23:46.053 [Forwarding clickElement on session bdb16c8156fee577232425cf51f38dda to remote] DEBUG org.asynchttpclient.netty.request.NettyRequestSender - Using pooled Channel '[id: 0xf79a11e2, L:/127.0.0.1:62738 - R:localhost/127.0.0.1:56701]' for 'POST' to 'http://localhost:56701/session/bdb16c8156fee577232425cf51f38dda/element/79092d19-a3ec-4830-a16d-39d391f018c7/click'
20:23:46.053 [Forwarding clickElement on session bdb16c8156fee577232425cf51f38dda to remote] DEBUG org.asynchttpclient.netty.request.NettyRequestSender - Using open Channel [id: 0xf79a11e2, L:/127.0.0.1:62738 - R:localhost/127.0.0.1:56701] for POST '/session/bdb16c8156fee577232425cf51f38dda/element/79092d19-a3ec-4830-a16d-39d391f018c7/click'
20:23:46.107 [AsyncHttpClient-1-2] DEBUG org.asynchttpclient.netty.handler.HttpHandler - 

Request DefaultHttpRequest(decodeResult: success, version: HTTP/1.1)
POST /session/bdb16c8156fee577232425cf51f38dda/element/79092d19-a3ec-4830-a16d-39d391f018c7/click HTTP/1.1
User-Agent: selenium/4.1.2 (java windows)
Content-Length: 50
Content-Type: application/json; charset=utf-8
host: localhost:56701
accept: */*

Response DefaultHttpResponse(decodeResult: success, version: HTTP/1.1)
HTTP/1.1 200 OK
Content-Type: application/json; charset=utf-8
cache-control: no-cache
content-length: 14

20:23:46.107 [AsyncHttpClient-1-2] DEBUG org.asynchttpclient.netty.channel.ChannelManager - Adding key: http://localhost:56701 for channel [id: 0xf79a11e2, L:/127.0.0.1:62738 - R:localhost/127.0.0.1:56701]
  &amp#27;[32mWhen &amp#27;[0m&amp#27;[32mI click button detail&amp#27;[0m  &amp#27;[90m# starter.stepdefinitions.HomeStep.iClickButtonDetail()&amp#27;[0m
20:23:46.120 [Forwarding screenshot on session bdb16c8156fee577232425cf51f38dda to remote] DEBUG org.asynchttpclient.netty.request.NettyRequestSender - Using pooled Channel '[id: 0xf79a11e2, L:/127.0.0.1:62738 - R:localhost/127.0.0.1:56701]' for 'GET' to 'http://localhost:56701/session/bdb16c8156fee577232425cf51f38dda/screenshot'
20:23:46.121 [Forwarding screenshot on session bdb16c8156fee577232425cf51f38dda to remote] DEBUG org.asynchttpclient.netty.request.NettyRequestSender - Using open Channel [id: 0xf79a11e2, L:/127.0.0.1:62738 - R:localhost/127.0.0.1:56701] for GET '/session/bdb16c8156fee577232425cf51f38dda/screenshot'
20:23:46.300 [AsyncHttpClient-1-2] DEBUG org.asynchttpclient.netty.handler.HttpHandler - 

Request DefaultFullHttpRequest(decodeResult: success, version: HTTP/1.1, content: EmptyByteBufBE)
GET /session/bdb16c8156fee577232425cf51f38dda/screenshot HTTP/1.1
User-Agent: selenium/4.1.2 (java windows)
Cache-Control: no-cache
Content-Type: application/json; charset=utf-8
host: localhost:56701
accept: */*

Response DefaultHttpResponse(decodeResult: success, version: HTTP/1.1)
HTTP/1.1 200 OK
Content-Type: application/json; charset=utf-8
cache-control: no-cache
content-length: 15128

20:23:46.301 [AsyncHttpClient-1-2] DEBUG org.asynchttpclient.netty.channel.ChannelManager - Adding key: http://localhost:56701 for channel [id: 0xf79a11e2, L:/127.0.0.1:62738 - R:localhost/127.0.0.1:56701]
20:23:46.303 [main] DEBUG net.serenitybdd.core.photography.Darkroom - Send negative for processing for target\site\serenity\7f50d89af72764d28dc1d9a71ea58577e8755f31a316987faef45e1987df4a63.png
20:23:46.303 [Darkroom Processing Line] DEBUG net.serenitybdd.core.photography.DarkroomProcessingLine - Processing screenshot image in /var/screenshots/screenshot-14974143381350573767
20:23:46.303 [Darkroom Processing Line] DEBUG net.serenitybdd.core.photography.DarkroomProcessingLine - Saving screenshot to target\site\serenity\7f50d89af72764d28dc1d9a71ea58577e8755f31a316987faef45e1987df4a63.png
20:23:46.310 [Forwarding get on session bdb16c8156fee577232425cf51f38dda to remote] DEBUG org.asynchttpclient.netty.request.NettyRequestSender - Using pooled Channel '[id: 0xf79a11e2, L:/127.0.0.1:62738 - R:localhost/127.0.0.1:56701]' for 'POST' to 'http://localhost:56701/session/bdb16c8156fee577232425cf51f38dda/url'
20:23:46.311 [Forwarding get on session bdb16c8156fee577232425cf51f38dda to remote] DEBUG org.asynchttpclient.netty.request.NettyRequestSender - Using open Channel [id: 0xf79a11e2, L:/127.0.0.1:62738 - R:localhost/127.0.0.1:56701] for POST '/session/bdb16c8156fee577232425cf51f38dda/url'
20:23:46.576 [AsyncHttpClient-1-2] DEBUG org.asynchttpclient.netty.handler.HttpHandler - 

Request DefaultHttpRequest(decodeResult: success, version: HTTP/1.1)
POST /session/bdb16c8156fee577232425cf51f38dda/url HTTP/1.1
User-Agent: selenium/4.1.2 (java windows)
Content-Length: 74
Content-Type: application/json; charset=utf-8
host: localhost:56701
accept: */*

Response DefaultHttpResponse(decodeResult: success, version: HTTP/1.1)
HTTP/1.1 200 OK
Content-Type: application/json; charset=utf-8
cache-control: no-cache
content-length: 14

20:23:46.576 [AsyncHttpClient-1-2] DEBUG org.asynchttpclient.netty.channel.ChannelManager - Adding key: http://localhost:56701 for channel [id: 0xf79a11e2, L:/127.0.0.1:62738 - R:localhost/127.0.0.1:56701]
20:23:46.586 [Forwarding getCurrentUrl on session bdb16c8156fee577232425cf51f38dda to remote] DEBUG org.asynchttpclient.netty.request.NettyRequestSender - Using pooled Channel '[id: 0xf79a11e2, L:/127.0.0.1:62738 - R:localhost/127.0.0.1:56701]' for 'GET' to 'http://localhost:56701/session/bdb16c8156fee577232425cf51f38dda/url'
20:23:46.586 [Forwarding getCurrentUrl on session bdb16c8156fee577232425cf51f38dda to remote] DEBUG org.asynchttpclient.netty.request.NettyRequestSender - Using open Channel [id: 0xf79a11e2, L:/127.0.0.1:62738 - R:localhost/127.0.0.1:56701] for GET '/session/bdb16c8156fee577232425cf51f38dda/url'
20:23:46.594 [AsyncHttpClient-1-2] DEBUG org.asynchttpclient.netty.handler.HttpHandler - 

Request DefaultFullHttpRequest(decodeResult: success, version: HTTP/1.1, content: EmptyByteBufBE)
GET /session/bdb16c8156fee577232425cf51f38dda/url HTTP/1.1
User-Agent: selenium/4.1.2 (java windows)
Cache-Control: no-cache
Content-Type: application/json; charset=utf-8
host: localhost:56701
accept: */*

Response DefaultHttpResponse(decodeResult: success, version: HTTP/1.1)
HTTP/1.1 200 OK
Content-Type: application/json; charset=utf-8
cache-control: no-cache
content-length: 51

20:23:46.594 [AsyncHttpClient-1-2] DEBUG org.asynchttpclient.netty.channel.ChannelManager - Adding key: http://localhost:56701 for channel [id: 0xf79a11e2, L:/127.0.0.1:62738 - R:localhost/127.0.0.1:56701]
  &amp#27;[32mThen &amp#27;[0m&amp#27;[32mI will get the detail&amp#27;[0m  &amp#27;[90m# starter.stepdefinitions.HomeStep.iWillGetTheDetail()&amp#27;[0m
20:23:46.604 [Forwarding screenshot on session bdb16c8156fee577232425cf51f38dda to remote] DEBUG org.asynchttpclient.netty.request.NettyRequestSender - Using pooled Channel '[id: 0xf79a11e2, L:/127.0.0.1:62738 - R:localhost/127.0.0.1:56701]' for 'GET' to 'http://localhost:56701/session/bdb16c8156fee577232425cf51f38dda/screenshot'
20:23:46.604 [Forwarding screenshot on session bdb16c8156fee577232425cf51f38dda to remote] DEBUG org.asynchttpclient.netty.request.NettyRequestSender - Using open Channel [id: 0xf79a11e2, L:/127.0.0.1:62738 - R:localhost/127.0.0.1:56701] for GET '/session/bdb16c8156fee577232425cf51f38dda/screenshot'
20:23:46.751 [AsyncHttpClient-1-2] DEBUG org.asynchttpclient.netty.handler.HttpHandler - 

Request DefaultFullHttpRequest(decodeResult: success, version: HTTP/1.1, content: EmptyByteBufBE)
GET /session/bdb16c8156fee577232425cf51f38dda/screenshot HTTP/1.1
User-Agent: selenium/4.1.2 (java windows)
Cache-Control: no-cache
Content-Type: application/json; charset=utf-8
host: localhost:56701
accept: */*

Response DefaultHttpResponse(decodeResult: success, version: HTTP/1.1)
HTTP/1.1 200 OK
Content-Type: application/json; charset=utf-8
cache-control: no-cache
content-length: 15128

20:23:46.752 [AsyncHttpClient-1-2] DEBUG org.asynchttpclient.netty.channel.ChannelManager - Adding key: http://localhost:56701 for channel [id: 0xf79a11e2, L:/127.0.0.1:62738 - R:localhost/127.0.0.1:56701]
20:23:46.754 [main] DEBUG net.serenitybdd.core.photography.Darkroom - Send negative for processing for target\site\serenity\7f50d89af72764d28dc1d9a71ea58577e8755f31a316987faef45e1987df4a63.png
20:23:46.758 [main] INFO  - 
  _____   ___   ___   _____     ___     _     ___   ___   ___   ___  
 |_   _| | __| / __| |_   _|   | _ \   /_\   / __| / __| | __| |   \ 
   | |   | _|  \__ \   | |     |  _/  / _ \  \__ \ \__ \ | _|  | |) |
   |_|   |___| |___/   |_|     |_|   /_/ \_\ |___/ |___/ |___| |___/ 

Home detail product
----------------------------------------------------------------------
20:23:46.866 [AsyncHttpClient-1-1] DEBUG org.asynchttpclient.netty.channel.DefaultChannelPool - Entry count for : http://localhost:62740 : 1
20:23:46.866 [AsyncHttpClient-1-1] DEBUG org.asynchttpclient.netty.channel.DefaultChannelPool - Entry count for : http://localhost:56701 : 1
20:23:46.880 [Driver Command Executor] DEBUG org.asynchttpclient.netty.request.NettyRequestSender - Using pooled Channel '[id: 0xf79a11e2, L:/127.0.0.1:62738 - R:localhost/127.0.0.1:56701]' for 'DELETE' to 'http://localhost:56701/session/bdb16c8156fee577232425cf51f38dda'
20:23:46.881 [Driver Command Executor] DEBUG org.asynchttpclient.netty.request.NettyRequestSender - Using open Channel [id: 0xf79a11e2, L:/127.0.0.1:62738 - R:localhost/127.0.0.1:56701] for DELETE '/session/bdb16c8156fee577232425cf51f38dda'
20:23:46.883 [AsyncHttpClient-1-4] DEBUG org.asynchttpclient.netty.handler.WebSocketHandler - Channel Closed: [id: 0xb754d73c, L:/127.0.0.1:62750 ! R:localhost/127.0.0.1:62740] with attribute NettyResponseFuture{currentRetry=5,
	isDone=1,
	isCancelled=0,
	asyncHandler=org.asynchttpclient.ws.WebSocketUpgradeHandler@1ab24773,
	nettyRequest=org.asynchttpclient.netty.request.NettyRequest@545d6e88,
	future=java.util.concurrent.CompletableFuture@7f5a7286[Completed normally],
	uri=ws://localhost:62740/devtools/browser/ffaf01b1-c6f5-4208-9502-113d38d0e602,
	keepAlive=true,
	redirectCount=0,
	timeoutsHolder=null,
	inAuth=0,
	touch=1666790622537}
20:23:46.884 [AsyncHttpClient-1-4] DEBUG org.asynchttpclient.netty.channel.ChannelManager - Closing Channel [id: 0xb754d73c, L:/127.0.0.1:62750 ! R:localhost/127.0.0.1:62740] 
20:23:46.927 [AsyncHttpClient-1-3] DEBUG org.asynchttpclient.netty.handler.HttpHandler - Unexpected I/O exception on channel [id: 0xa8b6f204, L:/127.0.0.1:62749 - R:localhost/127.0.0.1:62740]
java.net.SocketException: Connection reset
	at java.base/sun.nio.ch.SocketChannelImpl.throwConnectionReset(SocketChannelImpl.java:345)
	at java.base/sun.nio.ch.SocketChannelImpl.read(SocketChannelImpl.java:376)
	at io.netty.buffer.PooledByteBuf.setBytes(PooledByteBuf.java:258)
	at io.netty.buffer.AbstractByteBuf.writeBytes(AbstractByteBuf.java:1132)
	at io.netty.channel.socket.nio.NioSocketChannel.doReadBytes(NioSocketChannel.java:350)
	at io.netty.channel.nio.AbstractNioByteChannel$NioByteUnsafe.read(AbstractNioByteChannel.java:151)
	at io.netty.channel.nio.NioEventLoop.processSelectedKey(NioEventLoop.java:722)
	at io.netty.channel.nio.NioEventLoop.processSelectedKeysOptimized(NioEventLoop.java:658)
	at io.netty.channel.nio.NioEventLoop.processSelectedKeys(NioEventLoop.java:584)
	at io.netty.channel.nio.NioEventLoop.run(NioEventLoop.java:496)
	at io.netty.util.concurrent.SingleThreadEventExecutor$4.run(SingleThreadEventExecutor.java:986)
	at io.netty.util.internal.ThreadExecutorMap$2.run(ThreadExecutorMap.java:74)
	at io.netty.util.concurrent.FastThreadLocalRunnable.run(FastThreadLocalRunnable.java:30)
	at java.base/java.lang.Thread.run(Thread.java:830)
20:23:46.928 [AsyncHttpClient-1-3] DEBUG org.asynchttpclient.netty.channel.ChannelManager - Closing Channel [id: 0xa8b6f204, L:/127.0.0.1:62749 - R:localhost/127.0.0.1:62740] 
20:23:46.931 [AsyncHttpClient-1-3] DEBUG org.asynchttpclient.netty.handler.HttpHandler - Channel Closed: [id: 0xa8b6f204, L:/127.0.0.1:62749 ! R:localhost/127.0.0.1:62740] with attribute DISCARD
20:23:46.940 [AsyncHttpClient-1-2] DEBUG org.asynchttpclient.netty.handler.HttpHandler - 

Request DefaultFullHttpRequest(decodeResult: success, version: HTTP/1.1, content: EmptyByteBufBE)
DELETE /session/bdb16c8156fee577232425cf51f38dda HTTP/1.1
User-Agent: selenium/4.1.2 (java windows)
Content-Type: application/json; charset=utf-8
host: localhost:56701
accept: */*

Response DefaultHttpResponse(decodeResult: success, version: HTTP/1.1)
HTTP/1.1 200 OK
Content-Type: application/json; charset=utf-8
cache-control: no-cache
content-length: 14

20:23:46.941 [AsyncHttpClient-1-2] DEBUG org.asynchttpclient.netty.channel.ChannelManager - Adding key: http://localhost:56701 for channel [id: 0xf79a11e2, L:/127.0.0.1:62738 - R:localhost/127.0.0.1:56701]
20:23:47.020 [AsyncHttpClient-1-2] DEBUG org.asynchttpclient.netty.handler.HttpHandler - Channel Closed: [id: 0xf79a11e2, L:/127.0.0.1:62738 ! R:localhost/127.0.0.1:56701] with attribute DISCARD
]]></system-out>
    <system-err><![CDATA[Starting ChromeDriver 105.0.5195.52 (412c95e518836d8a7d97250d62b29c2ae6a26a85-refs/branch-heads/5195@{#853}) on port 56701
Only local connections are allowed.
Please see https://chromedriver.chromium.org/security-considerations for suggestions on keeping ChromeDriver safe.
ChromeDriver was started successfully.
[1666790622.392][WARNING]: This version of ChromeDriver has not been tested with Chrome version 106.
Okt 26, 2022 8:23:42 PM org.openqa.selenium.remote.ProtocolHandshake createSession
INFO: Detected dialect: W3C
Okt 26, 2022 8:23:42 PM org.openqa.selenium.devtools.CdpVersionFinder findNearestMatch
WARNING: Unable to find an exact match for CDP version 106, so returning the closest version found: a no-op implementation
Okt 26, 2022 8:23:42 PM org.openqa.selenium.devtools.CdpVersionFinder findNearestMatch
INFO: Unable to find CDP implementation matching 106.
Okt 26, 2022 8:23:42 PM org.openqa.selenium.chromium.ChromiumDriver lambda$new$3
WARNING: Unable to find version of CDP to use for . You may need to include a dependency on a specific version of the CDP using something similar to `org.seleniumhq.selenium:selenium-devtools-v86:4.1.2` where the version ("v86") matches the version of the chromium-based browser you're using and the version number of the artifact is the same as Selenium's.
]]></system-err>
  </testcase>
  <testcase name="Home product to buy" classname="Home" time="6.572">
    <system-out><![CDATA[
Scenario: Home product to buy          &amp#27;[90m# src/test/resources/features/Home.feature:11&amp#27;[0m
20:23:47.579 [main] INFO io.cucumber.core.plugin.SerenityReporter - Running feature from file:///C:/Users/alwi/IdeaProjects/AltaShop/src/test/resources/features/Home.feature
20:23:47.584 [main] INFO  - 
  _____   ___   ___   _____     ___   _____     _     ___   _____   ___   ___  
 |_   _| | __| / __| |_   _|   / __| |_   _|   /_\   | _ \ |_   _| | __| |   \ 
   | |   | _|  \__ \   | |     \__ \   | |    / _ \  |   /   | |   | _|  | |) |
   |_|   |___| |___/   |_|     |___/   |_|   /_/ \_\ |_|_\   |_|   |___| |___/ 

Home product to buy(home;home-product-to-buy)
--------------------------------------------------------------------------------
20:23:47.610 [main] INFO net.serenitybdd.core.webdriver.driverproviders.ChromeDriverProvider - Using automatically driver download
20:23:47.755 [main] DEBUG io.github.bonigarcia.wdm.cache.ResolutionCache - Resolution chrome=106 in cache (valid until 20:56:42 26/10/2022 ICT)
20:23:47.759 [main] DEBUG io.github.bonigarcia.wdm.cache.ResolutionCache - Resolution chrome106=106.0.5249.61 in cache (valid until 22:47:25 26/10/2022 WIB)
20:23:47.761 [main] INFO io.github.bonigarcia.wdm.WebDriverManager - Using chromedriver 106.0.5249.61 (resolved driver for Chrome 106)
20:23:47.775 [main] DEBUG io.github.bonigarcia.wdm.WebDriverManager - Driver chromedriver 106.0.5249.61 found in cache
20:23:47.776 [main] INFO io.github.bonigarcia.wdm.WebDriverManager - Exporting webdriver.chrome.driver as C:\Users\alwi\.cache\selenium\chromedriver\win32\106.0.5249.61\chromedriver.exe
20:23:47.900 [main] DEBUG net.serenitybdd.core.webdriver.driverproviders.ProvideNewDriver - Instantiating driver
20:23:47.900 [main] DEBUG net.serenitybdd.core.webdriver.driverproviders.ProvideNewDriver - Driver capabilities: Capabilities {acceptInsecureCerts: false, base.url: https://alta-shop.vercel.app, browserName: chrome, chrome.driver: src/test/resources/webdrive..., driver: chrome, goog:chromeOptions: {args: [], extensions: []}, wait.for.timeout: 5000}
20:23:47.966 [AsyncHttpClient-1-1] DEBUG org.asynchttpclient.netty.channel.DefaultChannelPool - Entry count for : http://localhost:62740 : 1
20:23:47.966 [AsyncHttpClient-1-1] DEBUG org.asynchttpclient.netty.channel.DefaultChannelPool - Entry count for : http://localhost:56701 : 1
20:23:47.966 [AsyncHttpClient-1-1] DEBUG org.asynchttpclient.netty.channel.DefaultChannelPool - Adding Candidate expired Channel [id: 0xa8b6f204, L:/127.0.0.1:62749 ! R:localhost/127.0.0.1:62740] isIdleTimeoutExpired=false isRemotelyClosed=true isTtlExpired=false
20:23:47.966 [AsyncHttpClient-1-1] DEBUG org.asynchttpclient.netty.channel.DefaultChannelPool - Closing Idle Channel [id: 0xa8b6f204, L:/127.0.0.1:62749 ! R:localhost/127.0.0.1:62740]
20:23:47.966 [AsyncHttpClient-1-1] DEBUG org.asynchttpclient.netty.channel.DefaultChannelPool - Adding Candidate expired Channel [id: 0xf79a11e2, L:/127.0.0.1:62738 ! R:localhost/127.0.0.1:56701] isIdleTimeoutExpired=false isRemotelyClosed=true isTtlExpired=false
20:23:47.966 [AsyncHttpClient-1-1] DEBUG org.asynchttpclient.netty.channel.DefaultChannelPool - Closing Idle Channel [id: 0xf79a11e2, L:/127.0.0.1:62738 ! R:localhost/127.0.0.1:56701]
20:23:47.966 [AsyncHttpClient-1-1] DEBUG org.asynchttpclient.netty.channel.DefaultChannelPool - Closed 2 connections out of 2 in 0 ms
20:23:48.442 [AsyncHttpClient-1-5] DEBUG org.asynchttpclient.netty.channel.NettyConnectListener - Using new Channel '[id: 0xde431cbf, L:/127.0.0.1:62775 - R:localhost/127.0.0.1:63815]' for 'POST' to '/session'
20:23:49.927 [AsyncHttpClient-1-5] DEBUG org.asynchttpclient.netty.handler.HttpHandler - 

Request DefaultHttpRequest(decodeResult: success, version: HTTP/1.1)
POST /session HTTP/1.1
User-Agent: selenium/4.1.2 (java windows)
Content-Length: 639
Content-Type: application/json; charset=utf-8
host: localhost:63815
accept: */*

Response DefaultHttpResponse(decodeResult: success, version: HTTP/1.1)
HTTP/1.1 200 OK
Content-Type: application/json; charset=utf-8
cache-control: no-cache
content-length: 788

20:23:49.928 [AsyncHttpClient-1-5] DEBUG org.asynchttpclient.netty.channel.ChannelManager - Adding key: http://localhost:63815 for channel [id: 0xde431cbf, L:/127.0.0.1:62775 - R:localhost/127.0.0.1:63815]
20:23:49.941 [AsyncHttpClient-1-6] DEBUG org.asynchttpclient.netty.channel.NettyConnectListener - Using new Channel '[id: 0x63c363a0, L:/127.0.0.1:62783 - R:localhost/127.0.0.1:62777]' for 'GET' to '/json/version'
20:23:49.949 [AsyncHttpClient-1-6] DEBUG org.asynchttpclient.netty.handler.HttpHandler - 

Request DefaultFullHttpRequest(decodeResult: success, version: HTTP/1.1, content: EmptyByteBufBE)
GET /json/version HTTP/1.1
User-Agent: selenium/4.1.2 (java windows)
host: localhost:62777
accept: */*

Response DefaultHttpResponse(decodeResult: success, version: HTTP/1.1)
HTTP/1.1 200 OK
Content-Type: application/json; charset=UTF-8
content-length: 424

20:23:49.949 [AsyncHttpClient-1-6] DEBUG org.asynchttpclient.netty.channel.ChannelManager - Adding key: http://localhost:62777 for channel [id: 0x63c363a0, L:/127.0.0.1:62783 - R:localhost/127.0.0.1:62777]
20:23:49.955 [AsyncHttpClient-1-7] DEBUG org.asynchttpclient.netty.channel.NettyConnectListener - Using new Channel '[id: 0x9c9c5e04, L:/127.0.0.1:62785 - R:localhost/127.0.0.1:62777]' for 'GET' to '/devtools/browser/66aca6fb-a2d0-4877-bf36-7a83c4423676'
20:23:49.964 [AsyncHttpClient-1-7] DEBUG org.asynchttpclient.netty.handler.WebSocketHandler - 

Request DefaultFullHttpRequest(decodeResult: success, version: HTTP/1.1, content: EmptyByteBufBE)
GET /devtools/browser/66aca6fb-a2d0-4877-bf36-7a83c4423676 HTTP/1.1
upgrade: websocket
connection: upgrade
sec-websocket-key: m+7fq4Whpx7aDeYqWxw4Dg==
sec-websocket-version: 13
origin: http://localhost:62777
host: localhost:62777
accept: */*
user-agent: AHC/2.1

Response DefaultHttpResponse(decodeResult: success, version: HTTP/1.1)
HTTP/1.1 101 WebSocket Protocol Handshake
Upgrade: WebSocket
Connection: Upgrade
Sec-WebSocket-Accept: uKyDWtwIjFjq1QGjPEsYvJau9yA=

20:23:49.975 [Forwarding get on session 5c5b7c774a5beadc31bb45908b8c00fd to remote] DEBUG org.asynchttpclient.netty.request.NettyRequestSender - Using pooled Channel '[id: 0xde431cbf, L:/127.0.0.1:62775 - R:localhost/127.0.0.1:63815]' for 'POST' to 'http://localhost:63815/session/5c5b7c774a5beadc31bb45908b8c00fd/url'
20:23:49.975 [Forwarding get on session 5c5b7c774a5beadc31bb45908b8c00fd to remote] DEBUG org.asynchttpclient.netty.request.NettyRequestSender - Using open Channel [id: 0xde431cbf, L:/127.0.0.1:62775 - R:localhost/127.0.0.1:63815] for POST '/session/5c5b7c774a5beadc31bb45908b8c00fd/url'
20:23:50.173 [AsyncHttpClient-1-1] DEBUG org.asynchttpclient.netty.channel.DefaultChannelPool - Entry count for : http://localhost:62777 : 1
20:23:51.271 [AsyncHttpClient-1-1] DEBUG org.asynchttpclient.netty.channel.DefaultChannelPool - Entry count for : http://localhost:62777 : 1
20:23:51.393 [AsyncHttpClient-1-5] DEBUG org.asynchttpclient.netty.handler.HttpHandler - 

Request DefaultHttpRequest(decodeResult: success, version: HTTP/1.1)
POST /session/5c5b7c774a5beadc31bb45908b8c00fd/url HTTP/1.1
User-Agent: selenium/4.1.2 (java windows)
Content-Length: 59
Content-Type: application/json; charset=utf-8
host: localhost:63815
accept: */*

Response DefaultHttpResponse(decodeResult: success, version: HTTP/1.1)
HTTP/1.1 200 OK
Content-Type: application/json; charset=utf-8
cache-control: no-cache
content-length: 14

20:23:51.393 [AsyncHttpClient-1-5] DEBUG org.asynchttpclient.netty.channel.ChannelManager - Adding key: http://localhost:63815 for channel [id: 0xde431cbf, L:/127.0.0.1:62775 - R:localhost/127.0.0.1:63815]
20:23:51.396 [Forwarding setTimeout on session 5c5b7c774a5beadc31bb45908b8c00fd to remote] DEBUG org.asynchttpclient.netty.request.NettyRequestSender - Using pooled Channel '[id: 0xde431cbf, L:/127.0.0.1:62775 - R:localhost/127.0.0.1:63815]' for 'POST' to 'http://localhost:63815/session/5c5b7c774a5beadc31bb45908b8c00fd/timeouts'
20:23:51.396 [Forwarding setTimeout on session 5c5b7c774a5beadc31bb45908b8c00fd to remote] DEBUG org.asynchttpclient.netty.request.NettyRequestSender - Using open Channel [id: 0xde431cbf, L:/127.0.0.1:62775 - R:localhost/127.0.0.1:63815] for POST '/session/5c5b7c774a5beadc31bb45908b8c00fd/timeouts'
20:23:51.398 [AsyncHttpClient-1-5] DEBUG org.asynchttpclient.netty.handler.HttpHandler - 

Request DefaultHttpRequest(decodeResult: success, version: HTTP/1.1)
POST /session/5c5b7c774a5beadc31bb45908b8c00fd/timeouts HTTP/1.1
User-Agent: selenium/4.1.2 (java windows)
Content-Length: 22
Content-Type: application/json; charset=utf-8
host: localhost:63815
accept: */*

Response DefaultHttpResponse(decodeResult: success, version: HTTP/1.1)
HTTP/1.1 200 OK
Content-Type: application/json; charset=utf-8
cache-control: no-cache
content-length: 14

20:23:51.399 [AsyncHttpClient-1-5] DEBUG org.asynchttpclient.netty.channel.ChannelManager - Adding key: http://localhost:63815 for channel [id: 0xde431cbf, L:/127.0.0.1:62775 - R:localhost/127.0.0.1:63815]
20:23:51.403 [Forwarding getCurrentUrl on session 5c5b7c774a5beadc31bb45908b8c00fd to remote] DEBUG org.asynchttpclient.netty.request.NettyRequestSender - Using pooled Channel '[id: 0xde431cbf, L:/127.0.0.1:62775 - R:localhost/127.0.0.1:63815]' for 'GET' to 'http://localhost:63815/session/5c5b7c774a5beadc31bb45908b8c00fd/url'
20:23:51.403 [Forwarding getCurrentUrl on session 5c5b7c774a5beadc31bb45908b8c00fd to remote] DEBUG org.asynchttpclient.netty.request.NettyRequestSender - Using open Channel [id: 0xde431cbf, L:/127.0.0.1:62775 - R:localhost/127.0.0.1:63815] for GET '/session/5c5b7c774a5beadc31bb45908b8c00fd/url'
20:23:51.409 [AsyncHttpClient-1-5] DEBUG org.asynchttpclient.netty.handler.HttpHandler - 

Request DefaultFullHttpRequest(decodeResult: success, version: HTTP/1.1, content: EmptyByteBufBE)
GET /session/5c5b7c774a5beadc31bb45908b8c00fd/url HTTP/1.1
User-Agent: selenium/4.1.2 (java windows)
Cache-Control: no-cache
Content-Type: application/json; charset=utf-8
host: localhost:63815
accept: */*

Response DefaultHttpResponse(decodeResult: success, version: HTTP/1.1)
HTTP/1.1 200 OK
Content-Type: application/json; charset=utf-8
cache-control: no-cache
content-length: 41

20:23:51.409 [AsyncHttpClient-1-5] DEBUG org.asynchttpclient.netty.channel.ChannelManager - Adding key: http://localhost:63815 for channel [id: 0xde431cbf, L:/127.0.0.1:62775 - R:localhost/127.0.0.1:63815]
  &amp#27;[32mGiven &amp#27;[0m&amp#27;[32mI am on the home page&amp#27;[0m          &amp#27;[90m# starter.stepdefinitions.HomeStep.iAmOnTheHomePage()&amp#27;[0m
20:23:51.416 [Forwarding screenshot on session 5c5b7c774a5beadc31bb45908b8c00fd to remote] DEBUG org.asynchttpclient.netty.request.NettyRequestSender - Using pooled Channel '[id: 0xde431cbf, L:/127.0.0.1:62775 - R:localhost/127.0.0.1:63815]' for 'GET' to 'http://localhost:63815/session/5c5b7c774a5beadc31bb45908b8c00fd/screenshot'
20:23:51.416 [Forwarding screenshot on session 5c5b7c774a5beadc31bb45908b8c00fd to remote] DEBUG org.asynchttpclient.netty.request.NettyRequestSender - Using open Channel [id: 0xde431cbf, L:/127.0.0.1:62775 - R:localhost/127.0.0.1:63815] for GET '/session/5c5b7c774a5beadc31bb45908b8c00fd/screenshot'
20:23:51.570 [AsyncHttpClient-1-5] DEBUG org.asynchttpclient.netty.handler.HttpHandler - 

Request DefaultFullHttpRequest(decodeResult: success, version: HTTP/1.1, content: EmptyByteBufBE)
GET /session/5c5b7c774a5beadc31bb45908b8c00fd/screenshot HTTP/1.1
User-Agent: selenium/4.1.2 (java windows)
Cache-Control: no-cache
Content-Type: application/json; charset=utf-8
host: localhost:63815
accept: */*

Response DefaultHttpResponse(decodeResult: success, version: HTTP/1.1)
HTTP/1.1 200 OK
Content-Type: application/json; charset=utf-8
cache-control: no-cache
content-length: 30740

20:23:51.571 [AsyncHttpClient-1-5] DEBUG org.asynchttpclient.netty.channel.ChannelManager - Adding key: http://localhost:63815 for channel [id: 0xde431cbf, L:/127.0.0.1:62775 - R:localhost/127.0.0.1:63815]
20:23:51.573 [main] DEBUG net.serenitybdd.core.photography.Darkroom - Send negative for processing for target\site\serenity\affa0e087ccd0131844c01de5bd306a72387ab139d2d17aaf3f05bb9ba4d087d.png
20:23:51.574 [Darkroom Processing Line] DEBUG net.serenitybdd.core.photography.DarkroomProcessingLine - Processing screenshot image in /var/screenshots/screenshot-14760258301158580841
20:23:51.574 [Darkroom Processing Line] DEBUG net.serenitybdd.core.photography.DarkroomProcessingLine - Saving screenshot to target\site\serenity\affa0e087ccd0131844c01de5bd306a72387ab139d2d17aaf3f05bb9ba4d087d.png
20:23:51.586 [Forwarding findElement on session 5c5b7c774a5beadc31bb45908b8c00fd to remote] DEBUG org.asynchttpclient.netty.request.NettyRequestSender - Using pooled Channel '[id: 0xde431cbf, L:/127.0.0.1:62775 - R:localhost/127.0.0.1:63815]' for 'POST' to 'http://localhost:63815/session/5c5b7c774a5beadc31bb45908b8c00fd/element'
20:23:51.586 [Forwarding findElement on session 5c5b7c774a5beadc31bb45908b8c00fd to remote] DEBUG org.asynchttpclient.netty.request.NettyRequestSender - Using open Channel [id: 0xde431cbf, L:/127.0.0.1:62775 - R:localhost/127.0.0.1:63815] for POST '/session/5c5b7c774a5beadc31bb45908b8c00fd/element'
20:23:52.369 [AsyncHttpClient-1-1] DEBUG org.asynchttpclient.netty.channel.DefaultChannelPool - Entry count for : http://localhost:62777 : 1
20:23:52.826 [AsyncHttpClient-1-5] DEBUG org.asynchttpclient.netty.handler.HttpHandler - 

Request DefaultHttpRequest(decodeResult: success, version: HTTP/1.1)
POST /session/5c5b7c774a5beadc31bb45908b8c00fd/element HTTP/1.1
User-Agent: selenium/4.1.2 (java windows)
Content-Length: 145
Content-Type: application/json; charset=utf-8
host: localhost:63815
accept: */*

Response DefaultHttpResponse(decodeResult: success, version: HTTP/1.1)
HTTP/1.1 200 OK
Content-Type: application/json; charset=utf-8
cache-control: no-cache
content-length: 88

20:23:52.826 [AsyncHttpClient-1-5] DEBUG org.asynchttpclient.netty.channel.ChannelManager - Adding key: http://localhost:63815 for channel [id: 0xde431cbf, L:/127.0.0.1:62775 - R:localhost/127.0.0.1:63815]
20:23:52.831 [Forwarding getElementTagName on session 5c5b7c774a5beadc31bb45908b8c00fd to remote] DEBUG org.asynchttpclient.netty.request.NettyRequestSender - Using pooled Channel '[id: 0xde431cbf, L:/127.0.0.1:62775 - R:localhost/127.0.0.1:63815]' for 'GET' to 'http://localhost:63815/session/5c5b7c774a5beadc31bb45908b8c00fd/element/d75912b8-dd04-4daf-a1ab-3ddf6b5f800c/name'
20:23:52.831 [Forwarding getElementTagName on session 5c5b7c774a5beadc31bb45908b8c00fd to remote] DEBUG org.asynchttpclient.netty.request.NettyRequestSender - Using open Channel [id: 0xde431cbf, L:/127.0.0.1:62775 - R:localhost/127.0.0.1:63815] for GET '/session/5c5b7c774a5beadc31bb45908b8c00fd/element/d75912b8-dd04-4daf-a1ab-3ddf6b5f800c/name'
20:23:52.836 [AsyncHttpClient-1-5] DEBUG org.asynchttpclient.netty.handler.HttpHandler - 

Request DefaultFullHttpRequest(decodeResult: success, version: HTTP/1.1, content: EmptyByteBufBE)
GET /session/5c5b7c774a5beadc31bb45908b8c00fd/element/d75912b8-dd04-4daf-a1ab-3ddf6b5f800c/name HTTP/1.1
User-Agent: selenium/4.1.2 (java windows)
Cache-Control: no-cache
Content-Type: application/json; charset=utf-8
host: localhost:63815
accept: */*

Response DefaultHttpResponse(decodeResult: success, version: HTTP/1.1)
HTTP/1.1 200 OK
Content-Type: application/json; charset=utf-8
cache-control: no-cache
content-length: 18

20:23:52.836 [AsyncHttpClient-1-5] DEBUG org.asynchttpclient.netty.channel.ChannelManager - Adding key: http://localhost:63815 for channel [id: 0xde431cbf, L:/127.0.0.1:62775 - R:localhost/127.0.0.1:63815]
20:23:52.838 [Forwarding getElementTagName on session 5c5b7c774a5beadc31bb45908b8c00fd to remote] DEBUG org.asynchttpclient.netty.request.NettyRequestSender - Using pooled Channel '[id: 0xde431cbf, L:/127.0.0.1:62775 - R:localhost/127.0.0.1:63815]' for 'GET' to 'http://localhost:63815/session/5c5b7c774a5beadc31bb45908b8c00fd/element/d75912b8-dd04-4daf-a1ab-3ddf6b5f800c/name'
20:23:52.838 [Forwarding getElementTagName on session 5c5b7c774a5beadc31bb45908b8c00fd to remote] DEBUG org.asynchttpclient.netty.request.NettyRequestSender - Using open Channel [id: 0xde431cbf, L:/127.0.0.1:62775 - R:localhost/127.0.0.1:63815] for GET '/session/5c5b7c774a5beadc31bb45908b8c00fd/element/d75912b8-dd04-4daf-a1ab-3ddf6b5f800c/name'
20:23:52.841 [AsyncHttpClient-1-5] DEBUG org.asynchttpclient.netty.handler.HttpHandler - 

Request DefaultFullHttpRequest(decodeResult: success, version: HTTP/1.1, content: EmptyByteBufBE)
GET /session/5c5b7c774a5beadc31bb45908b8c00fd/element/d75912b8-dd04-4daf-a1ab-3ddf6b5f800c/name HTTP/1.1
User-Agent: selenium/4.1.2 (java windows)
Cache-Control: no-cache
Content-Type: application/json; charset=utf-8
host: localhost:63815
accept: */*

Response DefaultHttpResponse(decodeResult: success, version: HTTP/1.1)
HTTP/1.1 200 OK
Content-Type: application/json; charset=utf-8
cache-control: no-cache
content-length: 18

20:23:52.841 [AsyncHttpClient-1-5] DEBUG org.asynchttpclient.netty.channel.ChannelManager - Adding key: http://localhost:63815 for channel [id: 0xde431cbf, L:/127.0.0.1:62775 - R:localhost/127.0.0.1:63815]
20:23:52.851 [Forwarding isElementEnabled on session 5c5b7c774a5beadc31bb45908b8c00fd to remote] DEBUG org.asynchttpclient.netty.request.NettyRequestSender - Using pooled Channel '[id: 0xde431cbf, L:/127.0.0.1:62775 - R:localhost/127.0.0.1:63815]' for 'GET' to 'http://localhost:63815/session/5c5b7c774a5beadc31bb45908b8c00fd/element/d75912b8-dd04-4daf-a1ab-3ddf6b5f800c/enabled'
20:23:52.851 [Forwarding isElementEnabled on session 5c5b7c774a5beadc31bb45908b8c00fd to remote] DEBUG org.asynchttpclient.netty.request.NettyRequestSender - Using open Channel [id: 0xde431cbf, L:/127.0.0.1:62775 - R:localhost/127.0.0.1:63815] for GET '/session/5c5b7c774a5beadc31bb45908b8c00fd/element/d75912b8-dd04-4daf-a1ab-3ddf6b5f800c/enabled'
20:23:52.869 [AsyncHttpClient-1-5] DEBUG org.asynchttpclient.netty.handler.HttpHandler - 

Request DefaultFullHttpRequest(decodeResult: success, version: HTTP/1.1, content: EmptyByteBufBE)
GET /session/5c5b7c774a5beadc31bb45908b8c00fd/element/d75912b8-dd04-4daf-a1ab-3ddf6b5f800c/enabled HTTP/1.1
User-Agent: selenium/4.1.2 (java windows)
Cache-Control: no-cache
Content-Type: application/json; charset=utf-8
host: localhost:63815
accept: */*

Response DefaultHttpResponse(decodeResult: success, version: HTTP/1.1)
HTTP/1.1 200 OK
Content-Type: application/json; charset=utf-8
cache-control: no-cache
content-length: 14

20:23:52.870 [AsyncHttpClient-1-5] DEBUG org.asynchttpclient.netty.channel.ChannelManager - Adding key: http://localhost:63815 for channel [id: 0xde431cbf, L:/127.0.0.1:62775 - R:localhost/127.0.0.1:63815]
20:23:52.875 [Forwarding isElementEnabled on session 5c5b7c774a5beadc31bb45908b8c00fd to remote] DEBUG org.asynchttpclient.netty.request.NettyRequestSender - Using pooled Channel '[id: 0xde431cbf, L:/127.0.0.1:62775 - R:localhost/127.0.0.1:63815]' for 'GET' to 'http://localhost:63815/session/5c5b7c774a5beadc31bb45908b8c00fd/element/d75912b8-dd04-4daf-a1ab-3ddf6b5f800c/enabled'
20:23:52.875 [Forwarding isElementEnabled on session 5c5b7c774a5beadc31bb45908b8c00fd to remote] DEBUG org.asynchttpclient.netty.request.NettyRequestSender - Using open Channel [id: 0xde431cbf, L:/127.0.0.1:62775 - R:localhost/127.0.0.1:63815] for GET '/session/5c5b7c774a5beadc31bb45908b8c00fd/element/d75912b8-dd04-4daf-a1ab-3ddf6b5f800c/enabled'
20:23:52.887 [AsyncHttpClient-1-5] DEBUG org.asynchttpclient.netty.handler.HttpHandler - 

Request DefaultFullHttpRequest(decodeResult: success, version: HTTP/1.1, content: EmptyByteBufBE)
GET /session/5c5b7c774a5beadc31bb45908b8c00fd/element/d75912b8-dd04-4daf-a1ab-3ddf6b5f800c/enabled HTTP/1.1
User-Agent: selenium/4.1.2 (java windows)
Cache-Control: no-cache
Content-Type: application/json; charset=utf-8
host: localhost:63815
accept: */*

Response DefaultHttpResponse(decodeResult: success, version: HTTP/1.1)
HTTP/1.1 200 OK
Content-Type: application/json; charset=utf-8
cache-control: no-cache
content-length: 14

20:23:52.888 [AsyncHttpClient-1-5] DEBUG org.asynchttpclient.netty.channel.ChannelManager - Adding key: http://localhost:63815 for channel [id: 0xde431cbf, L:/127.0.0.1:62775 - R:localhost/127.0.0.1:63815]
20:23:52.890 [Forwarding findElement on session 5c5b7c774a5beadc31bb45908b8c00fd to remote] DEBUG org.asynchttpclient.netty.request.NettyRequestSender - Using pooled Channel '[id: 0xde431cbf, L:/127.0.0.1:62775 - R:localhost/127.0.0.1:63815]' for 'POST' to 'http://localhost:63815/session/5c5b7c774a5beadc31bb45908b8c00fd/element'
20:23:52.891 [Forwarding findElement on session 5c5b7c774a5beadc31bb45908b8c00fd to remote] DEBUG org.asynchttpclient.netty.request.NettyRequestSender - Using open Channel [id: 0xde431cbf, L:/127.0.0.1:62775 - R:localhost/127.0.0.1:63815] for POST '/session/5c5b7c774a5beadc31bb45908b8c00fd/element'
20:23:52.899 [AsyncHttpClient-1-5] DEBUG org.asynchttpclient.netty.handler.HttpHandler - 

Request DefaultHttpRequest(decodeResult: success, version: HTTP/1.1)
POST /session/5c5b7c774a5beadc31bb45908b8c00fd/element HTTP/1.1
User-Agent: selenium/4.1.2 (java windows)
Content-Length: 145
Content-Type: application/json; charset=utf-8
host: localhost:63815
accept: */*

Response DefaultHttpResponse(decodeResult: success, version: HTTP/1.1)
HTTP/1.1 200 OK
Content-Type: application/json; charset=utf-8
cache-control: no-cache
content-length: 88

20:23:52.899 [AsyncHttpClient-1-5] DEBUG org.asynchttpclient.netty.channel.ChannelManager - Adding key: http://localhost:63815 for channel [id: 0xde431cbf, L:/127.0.0.1:62775 - R:localhost/127.0.0.1:63815]
20:23:52.901 [Forwarding clickElement on session 5c5b7c774a5beadc31bb45908b8c00fd to remote] DEBUG org.asynchttpclient.netty.request.NettyRequestSender - Using pooled Channel '[id: 0xde431cbf, L:/127.0.0.1:62775 - R:localhost/127.0.0.1:63815]' for 'POST' to 'http://localhost:63815/session/5c5b7c774a5beadc31bb45908b8c00fd/element/d75912b8-dd04-4daf-a1ab-3ddf6b5f800c/click'
20:23:52.901 [Forwarding clickElement on session 5c5b7c774a5beadc31bb45908b8c00fd to remote] DEBUG org.asynchttpclient.netty.request.NettyRequestSender - Using open Channel [id: 0xde431cbf, L:/127.0.0.1:62775 - R:localhost/127.0.0.1:63815] for POST '/session/5c5b7c774a5beadc31bb45908b8c00fd/element/d75912b8-dd04-4daf-a1ab-3ddf6b5f800c/click'
20:23:52.950 [AsyncHttpClient-1-5] DEBUG org.asynchttpclient.netty.handler.HttpHandler - 

Request DefaultHttpRequest(decodeResult: success, version: HTTP/1.1)
POST /session/5c5b7c774a5beadc31bb45908b8c00fd/element/d75912b8-dd04-4daf-a1ab-3ddf6b5f800c/click HTTP/1.1
User-Agent: selenium/4.1.2 (java windows)
Content-Length: 50
Content-Type: application/json; charset=utf-8
host: localhost:63815
accept: */*

Response DefaultHttpResponse(decodeResult: success, version: HTTP/1.1)
HTTP/1.1 200 OK
Content-Type: application/json; charset=utf-8
cache-control: no-cache
content-length: 14

20:23:52.951 [AsyncHttpClient-1-5] DEBUG org.asynchttpclient.netty.channel.ChannelManager - Adding key: http://localhost:63815 for channel [id: 0xde431cbf, L:/127.0.0.1:62775 - R:localhost/127.0.0.1:63815]
  &amp#27;[32mWhen &amp#27;[0m&amp#27;[32mI click button buy&amp#27;[0m              &amp#27;[90m# starter.stepdefinitions.HomeStep.iClickButtonBuy()&amp#27;[0m
20:23:52.958 [Forwarding screenshot on session 5c5b7c774a5beadc31bb45908b8c00fd to remote] DEBUG org.asynchttpclient.netty.request.NettyRequestSender - Using pooled Channel '[id: 0xde431cbf, L:/127.0.0.1:62775 - R:localhost/127.0.0.1:63815]' for 'GET' to 'http://localhost:63815/session/5c5b7c774a5beadc31bb45908b8c00fd/screenshot'
20:23:52.958 [Forwarding screenshot on session 5c5b7c774a5beadc31bb45908b8c00fd to remote] DEBUG org.asynchttpclient.netty.request.NettyRequestSender - Using open Channel [id: 0xde431cbf, L:/127.0.0.1:62775 - R:localhost/127.0.0.1:63815] for GET '/session/5c5b7c774a5beadc31bb45908b8c00fd/screenshot'
20:23:53.078 [AsyncHttpClient-1-5] DEBUG org.asynchttpclient.netty.handler.HttpHandler - 

Request DefaultFullHttpRequest(decodeResult: success, version: HTTP/1.1, content: EmptyByteBufBE)
GET /session/5c5b7c774a5beadc31bb45908b8c00fd/screenshot HTTP/1.1
User-Agent: selenium/4.1.2 (java windows)
Cache-Control: no-cache
Content-Type: application/json; charset=utf-8
host: localhost:63815
accept: */*

Response DefaultHttpResponse(decodeResult: success, version: HTTP/1.1)
HTTP/1.1 200 OK
Content-Type: application/json; charset=utf-8
cache-control: no-cache
content-length: 69572

20:23:53.079 [AsyncHttpClient-1-5] DEBUG org.asynchttpclient.netty.channel.ChannelManager - Adding key: http://localhost:63815 for channel [id: 0xde431cbf, L:/127.0.0.1:62775 - R:localhost/127.0.0.1:63815]
20:23:53.083 [main] DEBUG net.serenitybdd.core.photography.Darkroom - Send negative for processing for target\site\serenity\10cd88c1ddf6cbb8fd31f5e8f2023b9735c89df32a3df95eb316453c91f8ef4f.png
20:23:53.083 [Darkroom Processing Line] DEBUG net.serenitybdd.core.photography.DarkroomProcessingLine - Processing screenshot image in /var/screenshots/screenshot-3863722407102963456
20:23:53.083 [Darkroom Processing Line] DEBUG net.serenitybdd.core.photography.DarkroomProcessingLine - Saving screenshot to target\site\serenity\10cd88c1ddf6cbb8fd31f5e8f2023b9735c89df32a3df95eb316453c91f8ef4f.png
20:23:53.097 [Forwarding findElement on session 5c5b7c774a5beadc31bb45908b8c00fd to remote] DEBUG org.asynchttpclient.netty.request.NettyRequestSender - Using pooled Channel '[id: 0xde431cbf, L:/127.0.0.1:62775 - R:localhost/127.0.0.1:63815]' for 'POST' to 'http://localhost:63815/session/5c5b7c774a5beadc31bb45908b8c00fd/element'
20:23:53.097 [Forwarding findElement on session 5c5b7c774a5beadc31bb45908b8c00fd to remote] DEBUG org.asynchttpclient.netty.request.NettyRequestSender - Using open Channel [id: 0xde431cbf, L:/127.0.0.1:62775 - R:localhost/127.0.0.1:63815] for POST '/session/5c5b7c774a5beadc31bb45908b8c00fd/element'
20:23:53.305 [AsyncHttpClient-1-5] DEBUG org.asynchttpclient.netty.handler.HttpHandler - 

Request DefaultHttpRequest(decodeResult: success, version: HTTP/1.1)
POST /session/5c5b7c774a5beadc31bb45908b8c00fd/element HTTP/1.1
User-Agent: selenium/4.1.2 (java windows)
Content-Length: 86
Content-Type: application/json; charset=utf-8
host: localhost:63815
accept: */*

Response DefaultHttpResponse(decodeResult: success, version: HTTP/1.1)
HTTP/1.1 200 OK
Content-Type: application/json; charset=utf-8
cache-control: no-cache
content-length: 88

20:23:53.306 [AsyncHttpClient-1-5] DEBUG org.asynchttpclient.netty.channel.ChannelManager - Adding key: http://localhost:63815 for channel [id: 0xde431cbf, L:/127.0.0.1:62775 - R:localhost/127.0.0.1:63815]
20:23:53.320 [Forwarding isElementDisplayed on session 5c5b7c774a5beadc31bb45908b8c00fd to remote] DEBUG org.asynchttpclient.netty.request.NettyRequestSender - Using pooled Channel '[id: 0xde431cbf, L:/127.0.0.1:62775 - R:localhost/127.0.0.1:63815]' for 'POST' to 'http://localhost:63815/session/5c5b7c774a5beadc31bb45908b8c00fd/execute/sync'
20:23:53.320 [Forwarding isElementDisplayed on session 5c5b7c774a5beadc31bb45908b8c00fd to remote] DEBUG org.asynchttpclient.netty.request.NettyRequestSender - Using open Channel [id: 0xde431cbf, L:/127.0.0.1:62775 - R:localhost/127.0.0.1:63815] for POST '/session/5c5b7c774a5beadc31bb45908b8c00fd/execute/sync'
20:23:53.349 [AsyncHttpClient-1-5] DEBUG org.asynchttpclient.netty.handler.HttpHandler - 

Request DefaultHttpRequest(decodeResult: success, version: HTTP/1.1)
POST /session/5c5b7c774a5beadc31bb45908b8c00fd/execute/sync HTTP/1.1
User-Agent: selenium/4.1.2 (java windows)
Content-Length: 48780
Content-Type: application/json; charset=utf-8
host: localhost:63815
accept: */*

Response DefaultHttpResponse(decodeResult: success, version: HTTP/1.1)
HTTP/1.1 200 OK
Content-Type: application/json; charset=utf-8
cache-control: no-cache
content-length: 14

20:23:53.350 [AsyncHttpClient-1-5] DEBUG org.asynchttpclient.netty.channel.ChannelManager - Adding key: http://localhost:63815 for channel [id: 0xde431cbf, L:/127.0.0.1:62775 - R:localhost/127.0.0.1:63815]
  &amp#27;[32mThen &amp#27;[0m&amp#27;[32mI will get the product to order&amp#27;[0m &amp#27;[90m# starter.stepdefinitions.HomeStep.iWillGetTheProductToOrder()&amp#27;[0m
20:23:53.355 [Forwarding screenshot on session 5c5b7c774a5beadc31bb45908b8c00fd to remote] DEBUG org.asynchttpclient.netty.request.NettyRequestSender - Using pooled Channel '[id: 0xde431cbf, L:/127.0.0.1:62775 - R:localhost/127.0.0.1:63815]' for 'GET' to 'http://localhost:63815/session/5c5b7c774a5beadc31bb45908b8c00fd/screenshot'
20:23:53.355 [Forwarding screenshot on session 5c5b7c774a5beadc31bb45908b8c00fd to remote] DEBUG org.asynchttpclient.netty.request.NettyRequestSender - Using open Channel [id: 0xde431cbf, L:/127.0.0.1:62775 - R:localhost/127.0.0.1:63815] for GET '/session/5c5b7c774a5beadc31bb45908b8c00fd/screenshot'
20:23:53.466 [AsyncHttpClient-1-1] DEBUG org.asynchttpclient.netty.channel.DefaultChannelPool - Entry count for : http://localhost:62777 : 1
20:23:53.488 [AsyncHttpClient-1-5] DEBUG org.asynchttpclient.netty.handler.HttpHandler - 

Request DefaultFullHttpRequest(decodeResult: success, version: HTTP/1.1, content: EmptyByteBufBE)
GET /session/5c5b7c774a5beadc31bb45908b8c00fd/screenshot HTTP/1.1
User-Agent: selenium/4.1.2 (java windows)
Cache-Control: no-cache
Content-Type: application/json; charset=utf-8
host: localhost:63815
accept: */*

Response DefaultHttpResponse(decodeResult: success, version: HTTP/1.1)
HTTP/1.1 200 OK
Content-Type: application/json; charset=utf-8
cache-control: no-cache
content-length: 68488

20:23:53.489 [AsyncHttpClient-1-5] DEBUG org.asynchttpclient.netty.channel.ChannelManager - Adding key: http://localhost:63815 for channel [id: 0xde431cbf, L:/127.0.0.1:62775 - R:localhost/127.0.0.1:63815]
20:23:53.493 [main] DEBUG net.serenitybdd.core.photography.Darkroom - Send negative for processing for target\site\serenity\c388ea41a24879fbabb23171cd4b1b5c6163b54d4499afbb5094062d404a9556.png
20:23:53.493 [Darkroom Processing Line] DEBUG net.serenitybdd.core.photography.DarkroomProcessingLine - Processing screenshot image in /var/screenshots/screenshot-11656257608346891543
20:23:53.494 [Darkroom Processing Line] DEBUG net.serenitybdd.core.photography.DarkroomProcessingLine - Saving screenshot to target\site\serenity\c388ea41a24879fbabb23171cd4b1b5c6163b54d4499afbb5094062d404a9556.png
20:23:53.495 [main] INFO  - 
  _____   ___   ___   _____     ___     _     ___   ___   ___   ___  
 |_   _| | __| / __| |_   _|   | _ \   /_\   / __| / __| | __| |   \ 
   | |   | _|  \__ \   | |     |  _/  / _ \  \__ \ \__ \ | _|  | |) |
   |_|   |___| |___/   |_|     |_|   /_/ \_\ |___/ |___/ |___| |___/ 

Home product to buy
----------------------------------------------------------------------
20:23:53.498 [AsyncHttpClient-1-7] DEBUG org.asynchttpclient.netty.handler.WebSocketHandler - Channel Closed: [id: 0x9c9c5e04, L:/127.0.0.1:62785 ! R:localhost/127.0.0.1:62777] with attribute NettyResponseFuture{currentRetry=5,
	isDone=1,
	isCancelled=0,
	asyncHandler=org.asynchttpclient.ws.WebSocketUpgradeHandler@4d5e0c3,
	nettyRequest=org.asynchttpclient.netty.request.NettyRequest@41d76e3d,
	future=java.util.concurrent.CompletableFuture@234505a7[Completed normally],
	uri=ws://localhost:62777/devtools/browser/66aca6fb-a2d0-4877-bf36-7a83c4423676,
	keepAlive=true,
	redirectCount=0,
	timeoutsHolder=null,
	inAuth=0,
	touch=1666790629965}
20:23:53.498 [AsyncHttpClient-1-7] DEBUG org.asynchttpclient.netty.channel.ChannelManager - Closing Channel [id: 0x9c9c5e04, L:/127.0.0.1:62785 ! R:localhost/127.0.0.1:62777] 
20:23:53.500 [Driver Command Executor] DEBUG org.asynchttpclient.netty.request.NettyRequestSender - Using pooled Channel '[id: 0xde431cbf, L:/127.0.0.1:62775 - R:localhost/127.0.0.1:63815]' for 'DELETE' to 'http://localhost:63815/session/5c5b7c774a5beadc31bb45908b8c00fd'
20:23:53.500 [Driver Command Executor] DEBUG org.asynchttpclient.netty.request.NettyRequestSender - Using open Channel [id: 0xde431cbf, L:/127.0.0.1:62775 - R:localhost/127.0.0.1:63815] for DELETE '/session/5c5b7c774a5beadc31bb45908b8c00fd'
20:23:53.543 [AsyncHttpClient-1-6] DEBUG org.asynchttpclient.netty.handler.HttpHandler - Unexpected I/O exception on channel [id: 0x63c363a0, L:/127.0.0.1:62783 - R:localhost/127.0.0.1:62777]
java.net.SocketException: Connection reset
	at java.base/sun.nio.ch.SocketChannelImpl.throwConnectionReset(SocketChannelImpl.java:345)
	at java.base/sun.nio.ch.SocketChannelImpl.read(SocketChannelImpl.java:376)
	at io.netty.buffer.PooledByteBuf.setBytes(PooledByteBuf.java:258)
	at io.netty.buffer.AbstractByteBuf.writeBytes(AbstractByteBuf.java:1132)
	at io.netty.channel.socket.nio.NioSocketChannel.doReadBytes(NioSocketChannel.java:350)
	at io.netty.channel.nio.AbstractNioByteChannel$NioByteUnsafe.read(AbstractNioByteChannel.java:151)
	at io.netty.channel.nio.NioEventLoop.processSelectedKey(NioEventLoop.java:722)
	at io.netty.channel.nio.NioEventLoop.processSelectedKeysOptimized(NioEventLoop.java:658)
	at io.netty.channel.nio.NioEventLoop.processSelectedKeys(NioEventLoop.java:584)
	at io.netty.channel.nio.NioEventLoop.run(NioEventLoop.java:496)
	at io.netty.util.concurrent.SingleThreadEventExecutor$4.run(SingleThreadEventExecutor.java:986)
	at io.netty.util.internal.ThreadExecutorMap$2.run(ThreadExecutorMap.java:74)
	at io.netty.util.concurrent.FastThreadLocalRunnable.run(FastThreadLocalRunnable.java:30)
	at java.base/java.lang.Thread.run(Thread.java:830)
20:23:53.544 [AsyncHttpClient-1-6] DEBUG org.asynchttpclient.netty.channel.ChannelManager - Closing Channel [id: 0x63c363a0, L:/127.0.0.1:62783 - R:localhost/127.0.0.1:62777] 
20:23:53.544 [AsyncHttpClient-1-6] DEBUG org.asynchttpclient.netty.handler.HttpHandler - Channel Closed: [id: 0x63c363a0, L:/127.0.0.1:62783 ! R:localhost/127.0.0.1:62777] with attribute DISCARD
20:23:53.563 [AsyncHttpClient-1-5] DEBUG org.asynchttpclient.netty.handler.HttpHandler - 

Request DefaultFullHttpRequest(decodeResult: success, version: HTTP/1.1, content: EmptyByteBufBE)
DELETE /session/5c5b7c774a5beadc31bb45908b8c00fd HTTP/1.1
User-Agent: selenium/4.1.2 (java windows)
Content-Type: application/json; charset=utf-8
host: localhost:63815
accept: */*

Response DefaultHttpResponse(decodeResult: success, version: HTTP/1.1)
HTTP/1.1 200 OK
Content-Type: application/json; charset=utf-8
cache-control: no-cache
content-length: 14

20:23:53.563 [AsyncHttpClient-1-5] DEBUG org.asynchttpclient.netty.channel.ChannelManager - Adding key: http://localhost:63815 for channel [id: 0xde431cbf, L:/127.0.0.1:62775 - R:localhost/127.0.0.1:63815]
20:23:53.623 [AsyncHttpClient-1-5] DEBUG org.asynchttpclient.netty.handler.HttpHandler - Channel Closed: [id: 0xde431cbf, L:/127.0.0.1:62775 ! R:localhost/127.0.0.1:63815] with attribute DISCARD
]]></system-out>
    <system-err><![CDATA[Starting ChromeDriver 105.0.5195.52 (412c95e518836d8a7d97250d62b29c2ae6a26a85-refs/branch-heads/5195@{#853}) on port 63815
Only local connections are allowed.
Please see https://chromedriver.chromium.org/security-considerations for suggestions on keeping ChromeDriver safe.
ChromeDriver was started successfully.
[1666790629.898][WARNING]: This version of ChromeDriver has not been tested with Chrome version 106.
Okt 26, 2022 8:23:49 PM org.openqa.selenium.remote.ProtocolHandshake createSession
INFO: Detected dialect: W3C
Okt 26, 2022 8:23:49 PM org.openqa.selenium.devtools.CdpVersionFinder findNearestMatch
WARNING: Unable to find an exact match for CDP version 106, so returning the closest version found: a no-op implementation
Okt 26, 2022 8:23:49 PM org.openqa.selenium.devtools.CdpVersionFinder findNearestMatch
INFO: Unable to find CDP implementation matching 106.
Okt 26, 2022 8:23:49 PM org.openqa.selenium.chromium.ChromiumDriver lambda$new$3
WARNING: Unable to find version of CDP to use for . You may need to include a dependency on a specific version of the CDP using something similar to `org.seleniumhq.selenium:selenium-devtools-v86:4.1.2` where the version ("v86") matches the version of the chromium-based browser you're using and the version number of the artifact is the same as Selenium's.
]]></system-err>
  </testcase>
  <testcase name="Login with email and password #1" classname="Login" time="4.237">
    <system-out><![CDATA[20:23:54.142 [main] INFO io.cucumber.core.plugin.SerenityReporter - Running feature from file:///C:/Users/alwi/IdeaProjects/AltaShop/src/test/resources/features/Login.feature
20:23:54.144 [main] DEBUG net.thucydides.core.steps.StepEventBus - Test suite started for story net.thucydides.core.model.Story@23282f08
20:23:54.145 [main] INFO  - Test Suite Started: Login

@Logout
Scenario Outline: Login with email and password &amp#27;[90m# src/test/resources/features/Login.feature:15&amp#27;[0m
20:23:54.159 [main] INFO io.cucumber.core.plugin.SerenityReporter - Running feature from file:///C:/Users/alwi/IdeaProjects/AltaShop/src/test/resources/features/Login.feature
20:23:54.167 [main] INFO  - 
  _____   ___   ___   _____     ___   _____     _     ___   _____   ___   ___  
 |_   _| | __| / __| |_   _|   / __| |_   _|   /_\   | _ \ |_   _| | __| |   \ 
   | |   | _|  \__ \   | |     \__ \   | |    / _ \  |   /   | |   | _|  | |) |
   |_|   |___| |___/   |_|     |___/   |_|   /_/ \_\ |_|_\   |_|   |___| |___/ 

Login with email and password(login;login-with-email-and-password)
--------------------------------------------------------------------------------
20:23:54.343 [main] INFO net.serenitybdd.core.webdriver.driverproviders.ChromeDriverProvider - Using automatically driver download
20:23:54.456 [main] DEBUG io.github.bonigarcia.wdm.cache.ResolutionCache - Resolution chrome=106 in cache (valid until 20:56:42 26/10/2022 ICT)
20:23:54.462 [main] DEBUG io.github.bonigarcia.wdm.cache.ResolutionCache - Resolution chrome106=106.0.5249.61 in cache (valid until 22:47:25 26/10/2022 WIB)
20:23:54.464 [main] INFO io.github.bonigarcia.wdm.WebDriverManager - Using chromedriver 106.0.5249.61 (resolved driver for Chrome 106)
20:23:54.478 [main] DEBUG io.github.bonigarcia.wdm.WebDriverManager - Driver chromedriver 106.0.5249.61 found in cache
20:23:54.479 [main] INFO io.github.bonigarcia.wdm.WebDriverManager - Exporting webdriver.chrome.driver as C:\Users\alwi\.cache\selenium\chromedriver\win32\106.0.5249.61\chromedriver.exe
20:23:54.567 [AsyncHttpClient-1-1] DEBUG org.asynchttpclient.netty.channel.DefaultChannelPool - Entry count for : http://localhost:63815 : 1
20:23:54.567 [AsyncHttpClient-1-1] DEBUG org.asynchttpclient.netty.channel.DefaultChannelPool - Entry count for : http://localhost:62777 : 1
20:23:54.567 [AsyncHttpClient-1-1] DEBUG org.asynchttpclient.netty.channel.DefaultChannelPool - Adding Candidate expired Channel [id: 0xde431cbf, L:/127.0.0.1:62775 ! R:localhost/127.0.0.1:63815] isIdleTimeoutExpired=false isRemotelyClosed=true isTtlExpired=false
20:23:54.567 [AsyncHttpClient-1-1] DEBUG org.asynchttpclient.netty.channel.DefaultChannelPool - Closing Idle Channel [id: 0xde431cbf, L:/127.0.0.1:62775 ! R:localhost/127.0.0.1:63815]
20:23:54.567 [AsyncHttpClient-1-1] DEBUG org.asynchttpclient.netty.channel.DefaultChannelPool - Adding Candidate expired Channel [id: 0x63c363a0, L:/127.0.0.1:62783 ! R:localhost/127.0.0.1:62777] isIdleTimeoutExpired=false isRemotelyClosed=true isTtlExpired=false
20:23:54.567 [AsyncHttpClient-1-1] DEBUG org.asynchttpclient.netty.channel.DefaultChannelPool - Closing Idle Channel [id: 0x63c363a0, L:/127.0.0.1:62783 ! R:localhost/127.0.0.1:62777]
20:23:54.567 [AsyncHttpClient-1-1] DEBUG org.asynchttpclient.netty.channel.DefaultChannelPool - Closed 2 connections out of 2 in 0 ms
20:23:54.592 [main] DEBUG net.serenitybdd.core.webdriver.driverproviders.ProvideNewDriver - Instantiating driver
20:23:54.593 [main] DEBUG net.serenitybdd.core.webdriver.driverproviders.ProvideNewDriver - Driver capabilities: Capabilities {acceptInsecureCerts: false, base.url: https://alta-shop.vercel.app, browserName: chrome, chrome.driver: src/test/resources/webdrive..., driver: chrome, goog:chromeOptions: {args: [], extensions: []}, wait.for.timeout: 5000}
20:23:55.128 [AsyncHttpClient-1-8] DEBUG org.asynchttpclient.netty.channel.NettyConnectListener - Using new Channel '[id: 0xf8dc9b50, L:/127.0.0.1:62812 - R:localhost/127.0.0.1:54884]' for 'POST' to '/session'
20:23:55.932 [AsyncHttpClient-1-8] DEBUG org.asynchttpclient.netty.handler.HttpHandler - 

Request DefaultHttpRequest(decodeResult: success, version: HTTP/1.1)
POST /session HTTP/1.1
User-Agent: selenium/4.1.2 (java windows)
Content-Length: 639
Content-Type: application/json; charset=utf-8
host: localhost:54884
accept: */*

Response DefaultHttpResponse(decodeResult: success, version: HTTP/1.1)
HTTP/1.1 200 OK
Content-Type: application/json; charset=utf-8
cache-control: no-cache
content-length: 789

20:23:55.933 [AsyncHttpClient-1-8] DEBUG org.asynchttpclient.netty.channel.ChannelManager - Adding key: http://localhost:54884 for channel [id: 0xf8dc9b50, L:/127.0.0.1:62812 - R:localhost/127.0.0.1:54884]
20:23:55.946 [AsyncHttpClient-1-9] DEBUG org.asynchttpclient.netty.channel.NettyConnectListener - Using new Channel '[id: 0x7f19369b, L:/127.0.0.1:62819 - R:localhost/127.0.0.1:62813]' for 'GET' to '/json/version'
20:23:55.952 [AsyncHttpClient-1-9] DEBUG org.asynchttpclient.netty.handler.HttpHandler - 

Request DefaultFullHttpRequest(decodeResult: success, version: HTTP/1.1, content: EmptyByteBufBE)
GET /json/version HTTP/1.1
User-Agent: selenium/4.1.2 (java windows)
host: localhost:62813
accept: */*

Response DefaultHttpResponse(decodeResult: success, version: HTTP/1.1)
HTTP/1.1 200 OK
Content-Type: application/json; charset=UTF-8
content-length: 424

20:23:55.952 [AsyncHttpClient-1-9] DEBUG org.asynchttpclient.netty.channel.ChannelManager - Adding key: http://localhost:62813 for channel [id: 0x7f19369b, L:/127.0.0.1:62819 - R:localhost/127.0.0.1:62813]
20:23:55.956 [AsyncHttpClient-1-10] DEBUG org.asynchttpclient.netty.channel.NettyConnectListener - Using new Channel '[id: 0x5664e90e, L:/127.0.0.1:62820 - R:localhost/127.0.0.1:62813]' for 'GET' to '/devtools/browser/beb66aa5-c8bf-4cef-97a8-42a65cf9c93c'
20:23:55.960 [AsyncHttpClient-1-10] DEBUG org.asynchttpclient.netty.handler.WebSocketHandler - 

Request DefaultFullHttpRequest(decodeResult: success, version: HTTP/1.1, content: EmptyByteBufBE)
GET /devtools/browser/beb66aa5-c8bf-4cef-97a8-42a65cf9c93c HTTP/1.1
upgrade: websocket
connection: upgrade
sec-websocket-key: R6dcCjS6ey8jvkkhZsXgBA==
sec-websocket-version: 13
origin: http://localhost:62813
host: localhost:62813
accept: */*
user-agent: AHC/2.1

Response DefaultHttpResponse(decodeResult: success, version: HTTP/1.1)
HTTP/1.1 101 WebSocket Protocol Handshake
Upgrade: WebSocket
Connection: Upgrade
Sec-WebSocket-Accept: 9Ie8pFCIrK1SUB0KHT/09958G3A=

20:23:55.967 [Forwarding get on session d5309c5a93cc40dadb94179561565308 to remote] DEBUG org.asynchttpclient.netty.request.NettyRequestSender - Using pooled Channel '[id: 0xf8dc9b50, L:/127.0.0.1:62812 - R:localhost/127.0.0.1:54884]' for 'POST' to 'http://localhost:54884/session/d5309c5a93cc40dadb94179561565308/url'
20:23:55.967 [Forwarding get on session d5309c5a93cc40dadb94179561565308 to remote] DEBUG org.asynchttpclient.netty.request.NettyRequestSender - Using open Channel [id: 0xf8dc9b50, L:/127.0.0.1:62812 - R:localhost/127.0.0.1:54884] for POST '/session/d5309c5a93cc40dadb94179561565308/url'
20:23:56.480 [AsyncHttpClient-1-8] DEBUG org.asynchttpclient.netty.handler.HttpHandler - 

Request DefaultHttpRequest(decodeResult: success, version: HTTP/1.1)
POST /session/d5309c5a93cc40dadb94179561565308/url HTTP/1.1
User-Agent: selenium/4.1.2 (java windows)
Content-Length: 74
Content-Type: application/json; charset=utf-8
host: localhost:54884
accept: */*

Response DefaultHttpResponse(decodeResult: success, version: HTTP/1.1)
HTTP/1.1 200 OK
Content-Type: application/json; charset=utf-8
cache-control: no-cache
content-length: 14

20:23:56.481 [AsyncHttpClient-1-8] DEBUG org.asynchttpclient.netty.channel.ChannelManager - Adding key: http://localhost:54884 for channel [id: 0xf8dc9b50, L:/127.0.0.1:62812 - R:localhost/127.0.0.1:54884]
20:23:56.484 [Forwarding setTimeout on session d5309c5a93cc40dadb94179561565308 to remote] DEBUG org.asynchttpclient.netty.request.NettyRequestSender - Using pooled Channel '[id: 0xf8dc9b50, L:/127.0.0.1:62812 - R:localhost/127.0.0.1:54884]' for 'POST' to 'http://localhost:54884/session/d5309c5a93cc40dadb94179561565308/timeouts'
20:23:56.484 [Forwarding setTimeout on session d5309c5a93cc40dadb94179561565308 to remote] DEBUG org.asynchttpclient.netty.request.NettyRequestSender - Using open Channel [id: 0xf8dc9b50, L:/127.0.0.1:62812 - R:localhost/127.0.0.1:54884] for POST '/session/d5309c5a93cc40dadb94179561565308/timeouts'
20:23:56.486 [AsyncHttpClient-1-8] DEBUG org.asynchttpclient.netty.handler.HttpHandler - 

Request DefaultHttpRequest(decodeResult: success, version: HTTP/1.1)
POST /session/d5309c5a93cc40dadb94179561565308/timeouts HTTP/1.1
User-Agent: selenium/4.1.2 (java windows)
Content-Length: 22
Content-Type: application/json; charset=utf-8
host: localhost:54884
accept: */*

Response DefaultHttpResponse(decodeResult: success, version: HTTP/1.1)
HTTP/1.1 200 OK
Content-Type: application/json; charset=utf-8
cache-control: no-cache
content-length: 14

20:23:56.487 [AsyncHttpClient-1-8] DEBUG org.asynchttpclient.netty.channel.ChannelManager - Adding key: http://localhost:54884 for channel [id: 0xf8dc9b50, L:/127.0.0.1:62812 - R:localhost/127.0.0.1:54884]
20:23:56.492 [Forwarding getCurrentUrl on session d5309c5a93cc40dadb94179561565308 to remote] DEBUG org.asynchttpclient.netty.request.NettyRequestSender - Using pooled Channel '[id: 0xf8dc9b50, L:/127.0.0.1:62812 - R:localhost/127.0.0.1:54884]' for 'GET' to 'http://localhost:54884/session/d5309c5a93cc40dadb94179561565308/url'
20:23:56.492 [Forwarding getCurrentUrl on session d5309c5a93cc40dadb94179561565308 to remote] DEBUG org.asynchttpclient.netty.request.NettyRequestSender - Using open Channel [id: 0xf8dc9b50, L:/127.0.0.1:62812 - R:localhost/127.0.0.1:54884] for GET '/session/d5309c5a93cc40dadb94179561565308/url'
20:23:56.503 [AsyncHttpClient-1-8] DEBUG org.asynchttpclient.netty.handler.HttpHandler - 

Request DefaultFullHttpRequest(decodeResult: success, version: HTTP/1.1, content: EmptyByteBufBE)
GET /session/d5309c5a93cc40dadb94179561565308/url HTTP/1.1
User-Agent: selenium/4.1.2 (java windows)
Cache-Control: no-cache
Content-Type: application/json; charset=utf-8
host: localhost:54884
accept: */*

Response DefaultHttpResponse(decodeResult: success, version: HTTP/1.1)
HTTP/1.1 200 OK
Content-Type: application/json; charset=utf-8
cache-control: no-cache
content-length: 51

20:23:56.503 [AsyncHttpClient-1-8] DEBUG org.asynchttpclient.netty.channel.ChannelManager - Adding key: http://localhost:54884 for channel [id: 0xf8dc9b50, L:/127.0.0.1:62812 - R:localhost/127.0.0.1:54884]
  &amp#27;[32mGiven &amp#27;[0m&amp#27;[32mI am on the login page&amp#27;[0m                  &amp#27;[90m# starter.stepdefinitions.LoginStep.iAmOnTheLoginPage()&amp#27;[0m
20:23:56.518 [main] DEBUG net.serenitybdd.core.photography.Darkroom - Opening darkroom
20:23:56.519 [Darkroom Processing Line] DEBUG net.serenitybdd.core.photography.DarkroomProcessingLine - Darkroom processing line starting up
20:23:56.519 [Forwarding screenshot on session d5309c5a93cc40dadb94179561565308 to remote] DEBUG org.asynchttpclient.netty.request.NettyRequestSender - Using pooled Channel '[id: 0xf8dc9b50, L:/127.0.0.1:62812 - R:localhost/127.0.0.1:54884]' for 'GET' to 'http://localhost:54884/session/d5309c5a93cc40dadb94179561565308/screenshot'
20:23:56.519 [Forwarding screenshot on session d5309c5a93cc40dadb94179561565308 to remote] DEBUG org.asynchttpclient.netty.request.NettyRequestSender - Using open Channel [id: 0xf8dc9b50, L:/127.0.0.1:62812 - R:localhost/127.0.0.1:54884] for GET '/session/d5309c5a93cc40dadb94179561565308/screenshot'
20:23:56.620 [AsyncHttpClient-1-8] DEBUG org.asynchttpclient.netty.handler.HttpHandler - 

Request DefaultFullHttpRequest(decodeResult: success, version: HTTP/1.1, content: EmptyByteBufBE)
GET /session/d5309c5a93cc40dadb94179561565308/screenshot HTTP/1.1
User-Agent: selenium/4.1.2 (java windows)
Cache-Control: no-cache
Content-Type: application/json; charset=utf-8
host: localhost:54884
accept: */*

Response DefaultHttpResponse(decodeResult: success, version: HTTP/1.1)
HTTP/1.1 200 OK
Content-Type: application/json; charset=utf-8
cache-control: no-cache
content-length: 24528

20:23:56.621 [AsyncHttpClient-1-8] DEBUG org.asynchttpclient.netty.channel.ChannelManager - Adding key: http://localhost:54884 for channel [id: 0xf8dc9b50, L:/127.0.0.1:62812 - R:localhost/127.0.0.1:54884]
20:23:56.625 [main] DEBUG net.serenitybdd.core.photography.Darkroom - Send negative for processing for target\site\serenity\4a081d05db2e6be9b3256b332b844d9c53d5aa88207142e6b6c18ed6759b787c.png
20:23:56.626 [Darkroom Processing Line] DEBUG net.serenitybdd.core.photography.DarkroomProcessingLine - Processing screenshot image in /var/screenshots/screenshot-8597307242470362759
20:23:56.626 [Darkroom Processing Line] DEBUG net.serenitybdd.core.photography.DarkroomProcessingLine - Saving screenshot to target\site\serenity\4a081d05db2e6be9b3256b332b844d9c53d5aa88207142e6b6c18ed6759b787c.png
20:23:56.642 [Forwarding findElement on session d5309c5a93cc40dadb94179561565308 to remote] DEBUG org.asynchttpclient.netty.request.NettyRequestSender - Using pooled Channel '[id: 0xf8dc9b50, L:/127.0.0.1:62812 - R:localhost/127.0.0.1:54884]' for 'POST' to 'http://localhost:54884/session/d5309c5a93cc40dadb94179561565308/element'
20:23:56.642 [Forwarding findElement on session d5309c5a93cc40dadb94179561565308 to remote] DEBUG org.asynchttpclient.netty.request.NettyRequestSender - Using open Channel [id: 0xf8dc9b50, L:/127.0.0.1:62812 - R:localhost/127.0.0.1:54884] for POST '/session/d5309c5a93cc40dadb94179561565308/element'
20:23:56.653 [AsyncHttpClient-1-8] DEBUG org.asynchttpclient.netty.handler.HttpHandler - 

Request DefaultHttpRequest(decodeResult: success, version: HTTP/1.1)
POST /session/d5309c5a93cc40dadb94179561565308/element HTTP/1.1
User-Agent: selenium/4.1.2 (java windows)
Content-Length: 55
Content-Type: application/json; charset=utf-8
host: localhost:54884
accept: */*

Response DefaultHttpResponse(decodeResult: success, version: HTTP/1.1)
HTTP/1.1 200 OK
Content-Type: application/json; charset=utf-8
cache-control: no-cache
content-length: 88

20:23:56.654 [AsyncHttpClient-1-8] DEBUG org.asynchttpclient.netty.channel.ChannelManager - Adding key: http://localhost:54884 for channel [id: 0xf8dc9b50, L:/127.0.0.1:62812 - R:localhost/127.0.0.1:54884]
20:23:56.655 [Forwarding clearElement on session d5309c5a93cc40dadb94179561565308 to remote] DEBUG org.asynchttpclient.netty.request.NettyRequestSender - Using pooled Channel '[id: 0xf8dc9b50, L:/127.0.0.1:62812 - R:localhost/127.0.0.1:54884]' for 'POST' to 'http://localhost:54884/session/d5309c5a93cc40dadb94179561565308/element/0ebb5daa-6497-4caf-b563-69c07d879069/clear'
20:23:56.656 [Forwarding clearElement on session d5309c5a93cc40dadb94179561565308 to remote] DEBUG org.asynchttpclient.netty.request.NettyRequestSender - Using open Channel [id: 0xf8dc9b50, L:/127.0.0.1:62812 - R:localhost/127.0.0.1:54884] for POST '/session/d5309c5a93cc40dadb94179561565308/element/0ebb5daa-6497-4caf-b563-69c07d879069/clear'
20:23:56.707 [AsyncHttpClient-1-8] DEBUG org.asynchttpclient.netty.handler.HttpHandler - 

Request DefaultHttpRequest(decodeResult: success, version: HTTP/1.1)
POST /session/d5309c5a93cc40dadb94179561565308/element/0ebb5daa-6497-4caf-b563-69c07d879069/clear HTTP/1.1
User-Agent: selenium/4.1.2 (java windows)
Content-Length: 50
Content-Type: application/json; charset=utf-8
host: localhost:54884
accept: */*

Response DefaultHttpResponse(decodeResult: success, version: HTTP/1.1)
HTTP/1.1 200 OK
Content-Type: application/json; charset=utf-8
cache-control: no-cache
content-length: 14

20:23:56.707 [AsyncHttpClient-1-8] DEBUG org.asynchttpclient.netty.channel.ChannelManager - Adding key: http://localhost:54884 for channel [id: 0xf8dc9b50, L:/127.0.0.1:62812 - R:localhost/127.0.0.1:54884]
20:23:56.714 [Forwarding sendKeysToElement on session d5309c5a93cc40dadb94179561565308 to remote] DEBUG org.asynchttpclient.netty.request.NettyRequestSender - Using pooled Channel '[id: 0xf8dc9b50, L:/127.0.0.1:62812 - R:localhost/127.0.0.1:54884]' for 'POST' to 'http://localhost:54884/session/d5309c5a93cc40dadb94179561565308/element/0ebb5daa-6497-4caf-b563-69c07d879069/value'
20:23:56.714 [Forwarding sendKeysToElement on session d5309c5a93cc40dadb94179561565308 to remote] DEBUG org.asynchttpclient.netty.request.NettyRequestSender - Using open Channel [id: 0xf8dc9b50, L:/127.0.0.1:62812 - R:localhost/127.0.0.1:54884] for POST '/session/d5309c5a93cc40dadb94179561565308/element/0ebb5daa-6497-4caf-b563-69c07d879069/value'
20:23:56.765 [AsyncHttpClient-1-1] DEBUG org.asynchttpclient.netty.channel.DefaultChannelPool - Entry count for : http://localhost:62813 : 1
20:23:56.847 [AsyncHttpClient-1-8] DEBUG org.asynchttpclient.netty.handler.HttpHandler - 

Request DefaultHttpRequest(decodeResult: success, version: HTTP/1.1)
POST /session/d5309c5a93cc40dadb94179561565308/element/0ebb5daa-6497-4caf-b563-69c07d879069/value HTTP/1.1
User-Agent: selenium/4.1.2 (java windows)
Content-Length: 241
Content-Type: application/json; charset=utf-8
host: localhost:54884
accept: */*

Response DefaultHttpResponse(decodeResult: success, version: HTTP/1.1)
HTTP/1.1 200 OK
Content-Type: application/json; charset=utf-8
cache-control: no-cache
content-length: 14

20:23:56.847 [AsyncHttpClient-1-8] DEBUG org.asynchttpclient.netty.channel.ChannelManager - Adding key: http://localhost:54884 for channel [id: 0xf8dc9b50, L:/127.0.0.1:62812 - R:localhost/127.0.0.1:54884]
  &amp#27;[32mWhen &amp#27;[0m&amp#27;[32mI input email &amp#27;[0m&amp#27;[32m&amp#27;[1m"naixxy1@mail.com"&amp#27;[0m         &amp#27;[90m# starter.stepdefinitions.LoginStep.iInputEmail(java.lang.String)&amp#27;[0m
20:23:56.863 [Forwarding screenshot on session d5309c5a93cc40dadb94179561565308 to remote] DEBUG org.asynchttpclient.netty.request.NettyRequestSender - Using pooled Channel '[id: 0xf8dc9b50, L:/127.0.0.1:62812 - R:localhost/127.0.0.1:54884]' for 'GET' to 'http://localhost:54884/session/d5309c5a93cc40dadb94179561565308/screenshot'
20:23:56.863 [Forwarding screenshot on session d5309c5a93cc40dadb94179561565308 to remote] DEBUG org.asynchttpclient.netty.request.NettyRequestSender - Using open Channel [id: 0xf8dc9b50, L:/127.0.0.1:62812 - R:localhost/127.0.0.1:54884] for GET '/session/d5309c5a93cc40dadb94179561565308/screenshot'
20:23:57.007 [AsyncHttpClient-1-8] DEBUG org.asynchttpclient.netty.handler.HttpHandler - 

Request DefaultFullHttpRequest(decodeResult: success, version: HTTP/1.1, content: EmptyByteBufBE)
GET /session/d5309c5a93cc40dadb94179561565308/screenshot HTTP/1.1
User-Agent: selenium/4.1.2 (java windows)
Cache-Control: no-cache
Content-Type: application/json; charset=utf-8
host: localhost:54884
accept: */*

Response DefaultHttpResponse(decodeResult: success, version: HTTP/1.1)
HTTP/1.1 200 OK
Content-Type: application/json; charset=utf-8
cache-control: no-cache
content-length: 28908

20:23:57.008 [AsyncHttpClient-1-8] DEBUG org.asynchttpclient.netty.channel.ChannelManager - Adding key: http://localhost:54884 for channel [id: 0xf8dc9b50, L:/127.0.0.1:62812 - R:localhost/127.0.0.1:54884]
20:23:57.010 [main] DEBUG net.serenitybdd.core.photography.Darkroom - Send negative for processing for target\site\serenity\b7169b89d485c8cc1a99b44c79669b23c5dbe2cdf4278ed48a28a039cf5b2146.png
20:23:57.010 [Darkroom Processing Line] DEBUG net.serenitybdd.core.photography.DarkroomProcessingLine - Processing screenshot image in /var/screenshots/screenshot-6607456498697700993
20:23:57.010 [Darkroom Processing Line] DEBUG net.serenitybdd.core.photography.DarkroomProcessingLine - Saving screenshot to target\site\serenity\b7169b89d485c8cc1a99b44c79669b23c5dbe2cdf4278ed48a28a039cf5b2146.png
20:23:57.017 [Forwarding findElement on session d5309c5a93cc40dadb94179561565308 to remote] DEBUG org.asynchttpclient.netty.request.NettyRequestSender - Using pooled Channel '[id: 0xf8dc9b50, L:/127.0.0.1:62812 - R:localhost/127.0.0.1:54884]' for 'POST' to 'http://localhost:54884/session/d5309c5a93cc40dadb94179561565308/element'
20:23:57.017 [Forwarding findElement on session d5309c5a93cc40dadb94179561565308 to remote] DEBUG org.asynchttpclient.netty.request.NettyRequestSender - Using open Channel [id: 0xf8dc9b50, L:/127.0.0.1:62812 - R:localhost/127.0.0.1:54884] for POST '/session/d5309c5a93cc40dadb94179561565308/element'
20:23:57.031 [AsyncHttpClient-1-8] DEBUG org.asynchttpclient.netty.handler.HttpHandler - 

Request DefaultHttpRequest(decodeResult: success, version: HTTP/1.1)
POST /session/d5309c5a93cc40dadb94179561565308/element HTTP/1.1
User-Agent: selenium/4.1.2 (java windows)
Content-Length: 55
Content-Type: application/json; charset=utf-8
host: localhost:54884
accept: */*

Response DefaultHttpResponse(decodeResult: success, version: HTTP/1.1)
HTTP/1.1 200 OK
Content-Type: application/json; charset=utf-8
cache-control: no-cache
content-length: 88

20:23:57.031 [AsyncHttpClient-1-8] DEBUG org.asynchttpclient.netty.channel.ChannelManager - Adding key: http://localhost:54884 for channel [id: 0xf8dc9b50, L:/127.0.0.1:62812 - R:localhost/127.0.0.1:54884]
20:23:57.033 [Forwarding clearElement on session d5309c5a93cc40dadb94179561565308 to remote] DEBUG org.asynchttpclient.netty.request.NettyRequestSender - Using pooled Channel '[id: 0xf8dc9b50, L:/127.0.0.1:62812 - R:localhost/127.0.0.1:54884]' for 'POST' to 'http://localhost:54884/session/d5309c5a93cc40dadb94179561565308/element/0210bf24-248c-4d50-a00e-e54544cb7b65/clear'
20:23:57.033 [Forwarding clearElement on session d5309c5a93cc40dadb94179561565308 to remote] DEBUG org.asynchttpclient.netty.request.NettyRequestSender - Using open Channel [id: 0xf8dc9b50, L:/127.0.0.1:62812 - R:localhost/127.0.0.1:54884] for POST '/session/d5309c5a93cc40dadb94179561565308/element/0210bf24-248c-4d50-a00e-e54544cb7b65/clear'
20:23:57.071 [AsyncHttpClient-1-8] DEBUG org.asynchttpclient.netty.handler.HttpHandler - 

Request DefaultHttpRequest(decodeResult: success, version: HTTP/1.1)
POST /session/d5309c5a93cc40dadb94179561565308/element/0210bf24-248c-4d50-a00e-e54544cb7b65/clear HTTP/1.1
User-Agent: selenium/4.1.2 (java windows)
Content-Length: 50
Content-Type: application/json; charset=utf-8
host: localhost:54884
accept: */*

Response DefaultHttpResponse(decodeResult: success, version: HTTP/1.1)
HTTP/1.1 200 OK
Content-Type: application/json; charset=utf-8
cache-control: no-cache
content-length: 14

20:23:57.071 [AsyncHttpClient-1-8] DEBUG org.asynchttpclient.netty.channel.ChannelManager - Adding key: http://localhost:54884 for channel [id: 0xf8dc9b50, L:/127.0.0.1:62812 - R:localhost/127.0.0.1:54884]
20:23:57.073 [Forwarding sendKeysToElement on session d5309c5a93cc40dadb94179561565308 to remote] DEBUG org.asynchttpclient.netty.request.NettyRequestSender - Using pooled Channel '[id: 0xf8dc9b50, L:/127.0.0.1:62812 - R:localhost/127.0.0.1:54884]' for 'POST' to 'http://localhost:54884/session/d5309c5a93cc40dadb94179561565308/element/0210bf24-248c-4d50-a00e-e54544cb7b65/value'
20:23:57.073 [Forwarding sendKeysToElement on session d5309c5a93cc40dadb94179561565308 to remote] DEBUG org.asynchttpclient.netty.request.NettyRequestSender - Using open Channel [id: 0xf8dc9b50, L:/127.0.0.1:62812 - R:localhost/127.0.0.1:54884] for POST '/session/d5309c5a93cc40dadb94179561565308/element/0210bf24-248c-4d50-a00e-e54544cb7b65/value'
20:23:57.136 [AsyncHttpClient-1-8] DEBUG org.asynchttpclient.netty.handler.HttpHandler - 

Request DefaultHttpRequest(decodeResult: success, version: HTTP/1.1)
POST /session/d5309c5a93cc40dadb94179561565308/element/0210bf24-248c-4d50-a00e-e54544cb7b65/value HTTP/1.1
User-Agent: selenium/4.1.2 (java windows)
Content-Length: 141
Content-Type: application/json; charset=utf-8
host: localhost:54884
accept: */*

Response DefaultHttpResponse(decodeResult: success, version: HTTP/1.1)
HTTP/1.1 200 OK
Content-Type: application/json; charset=utf-8
cache-control: no-cache
content-length: 14

20:23:57.136 [AsyncHttpClient-1-8] DEBUG org.asynchttpclient.netty.channel.ChannelManager - Adding key: http://localhost:54884 for channel [id: 0xf8dc9b50, L:/127.0.0.1:62812 - R:localhost/127.0.0.1:54884]
  &amp#27;[32mAnd &amp#27;[0m&amp#27;[32mI input password &amp#27;[0m&amp#27;[32m&amp#27;[1m"naixxy"&amp#27;[0m                 &amp#27;[90m# starter.stepdefinitions.LoginStep.iInputPassword(java.lang.String)&amp#27;[0m
20:23:57.145 [Forwarding screenshot on session d5309c5a93cc40dadb94179561565308 to remote] DEBUG org.asynchttpclient.netty.request.NettyRequestSender - Using pooled Channel '[id: 0xf8dc9b50, L:/127.0.0.1:62812 - R:localhost/127.0.0.1:54884]' for 'GET' to 'http://localhost:54884/session/d5309c5a93cc40dadb94179561565308/screenshot'
20:23:57.145 [Forwarding screenshot on session d5309c5a93cc40dadb94179561565308 to remote] DEBUG org.asynchttpclient.netty.request.NettyRequestSender - Using open Channel [id: 0xf8dc9b50, L:/127.0.0.1:62812 - R:localhost/127.0.0.1:54884] for GET '/session/d5309c5a93cc40dadb94179561565308/screenshot'
20:23:57.285 [AsyncHttpClient-1-8] DEBUG org.asynchttpclient.netty.handler.HttpHandler - 

Request DefaultFullHttpRequest(decodeResult: success, version: HTTP/1.1, content: EmptyByteBufBE)
GET /session/d5309c5a93cc40dadb94179561565308/screenshot HTTP/1.1
User-Agent: selenium/4.1.2 (java windows)
Cache-Control: no-cache
Content-Type: application/json; charset=utf-8
host: localhost:54884
accept: */*

Response DefaultHttpResponse(decodeResult: success, version: HTTP/1.1)
HTTP/1.1 200 OK
Content-Type: application/json; charset=utf-8
cache-control: no-cache
content-length: 30024

20:23:57.287 [AsyncHttpClient-1-8] DEBUG org.asynchttpclient.netty.channel.ChannelManager - Adding key: http://localhost:54884 for channel [id: 0xf8dc9b50, L:/127.0.0.1:62812 - R:localhost/127.0.0.1:54884]
20:23:57.291 [main] DEBUG net.serenitybdd.core.photography.Darkroom - Send negative for processing for target\site\serenity\695fd907550699e74a1c8084fdef59b499cc0b9ff9d9895437e253dd481e6572.png
20:23:57.292 [Darkroom Processing Line] DEBUG net.serenitybdd.core.photography.DarkroomProcessingLine - Processing screenshot image in /var/screenshots/screenshot-1426086058832414611
20:23:57.292 [Darkroom Processing Line] DEBUG net.serenitybdd.core.photography.DarkroomProcessingLine - Saving screenshot to target\site\serenity\695fd907550699e74a1c8084fdef59b499cc0b9ff9d9895437e253dd481e6572.png
20:23:57.309 [Forwarding findElement on session d5309c5a93cc40dadb94179561565308 to remote] DEBUG org.asynchttpclient.netty.request.NettyRequestSender - Using pooled Channel '[id: 0xf8dc9b50, L:/127.0.0.1:62812 - R:localhost/127.0.0.1:54884]' for 'POST' to 'http://localhost:54884/session/d5309c5a93cc40dadb94179561565308/element'
20:23:57.310 [Forwarding findElement on session d5309c5a93cc40dadb94179561565308 to remote] DEBUG org.asynchttpclient.netty.request.NettyRequestSender - Using open Channel [id: 0xf8dc9b50, L:/127.0.0.1:62812 - R:localhost/127.0.0.1:54884] for POST '/session/d5309c5a93cc40dadb94179561565308/element'
20:23:57.340 [AsyncHttpClient-1-8] DEBUG org.asynchttpclient.netty.handler.HttpHandler - 

Request DefaultHttpRequest(decodeResult: success, version: HTTP/1.1)
POST /session/d5309c5a93cc40dadb94179561565308/element HTTP/1.1
User-Agent: selenium/4.1.2 (java windows)
Content-Length: 143
Content-Type: application/json; charset=utf-8
host: localhost:54884
accept: */*

Response DefaultHttpResponse(decodeResult: success, version: HTTP/1.1)
HTTP/1.1 200 OK
Content-Type: application/json; charset=utf-8
cache-control: no-cache
content-length: 88

20:23:57.341 [AsyncHttpClient-1-8] DEBUG org.asynchttpclient.netty.channel.ChannelManager - Adding key: http://localhost:54884 for channel [id: 0xf8dc9b50, L:/127.0.0.1:62812 - R:localhost/127.0.0.1:54884]
20:23:57.343 [Forwarding getElementTagName on session d5309c5a93cc40dadb94179561565308 to remote] DEBUG org.asynchttpclient.netty.request.NettyRequestSender - Using pooled Channel '[id: 0xf8dc9b50, L:/127.0.0.1:62812 - R:localhost/127.0.0.1:54884]' for 'GET' to 'http://localhost:54884/session/d5309c5a93cc40dadb94179561565308/element/58f23611-b062-47f5-a1a0-b9bf8cc9ffc7/name'
20:23:57.344 [Forwarding getElementTagName on session d5309c5a93cc40dadb94179561565308 to remote] DEBUG org.asynchttpclient.netty.request.NettyRequestSender - Using open Channel [id: 0xf8dc9b50, L:/127.0.0.1:62812 - R:localhost/127.0.0.1:54884] for GET '/session/d5309c5a93cc40dadb94179561565308/element/58f23611-b062-47f5-a1a0-b9bf8cc9ffc7/name'
20:23:57.350 [AsyncHttpClient-1-8] DEBUG org.asynchttpclient.netty.handler.HttpHandler - 

Request DefaultFullHttpRequest(decodeResult: success, version: HTTP/1.1, content: EmptyByteBufBE)
GET /session/d5309c5a93cc40dadb94179561565308/element/58f23611-b062-47f5-a1a0-b9bf8cc9ffc7/name HTTP/1.1
User-Agent: selenium/4.1.2 (java windows)
Cache-Control: no-cache
Content-Type: application/json; charset=utf-8
host: localhost:54884
accept: */*

Response DefaultHttpResponse(decodeResult: success, version: HTTP/1.1)
HTTP/1.1 200 OK
Content-Type: application/json; charset=utf-8
cache-control: no-cache
content-length: 18

20:23:57.351 [AsyncHttpClient-1-8] DEBUG org.asynchttpclient.netty.channel.ChannelManager - Adding key: http://localhost:54884 for channel [id: 0xf8dc9b50, L:/127.0.0.1:62812 - R:localhost/127.0.0.1:54884]
20:23:57.354 [Forwarding getElementTagName on session d5309c5a93cc40dadb94179561565308 to remote] DEBUG org.asynchttpclient.netty.request.NettyRequestSender - Using pooled Channel '[id: 0xf8dc9b50, L:/127.0.0.1:62812 - R:localhost/127.0.0.1:54884]' for 'GET' to 'http://localhost:54884/session/d5309c5a93cc40dadb94179561565308/element/58f23611-b062-47f5-a1a0-b9bf8cc9ffc7/name'
20:23:57.354 [Forwarding getElementTagName on session d5309c5a93cc40dadb94179561565308 to remote] DEBUG org.asynchttpclient.netty.request.NettyRequestSender - Using open Channel [id: 0xf8dc9b50, L:/127.0.0.1:62812 - R:localhost/127.0.0.1:54884] for GET '/session/d5309c5a93cc40dadb94179561565308/element/58f23611-b062-47f5-a1a0-b9bf8cc9ffc7/name'
20:23:57.363 [AsyncHttpClient-1-8] DEBUG org.asynchttpclient.netty.handler.HttpHandler - 

Request DefaultFullHttpRequest(decodeResult: success, version: HTTP/1.1, content: EmptyByteBufBE)
GET /session/d5309c5a93cc40dadb94179561565308/element/58f23611-b062-47f5-a1a0-b9bf8cc9ffc7/name HTTP/1.1
User-Agent: selenium/4.1.2 (java windows)
Cache-Control: no-cache
Content-Type: application/json; charset=utf-8
host: localhost:54884
accept: */*

Response DefaultHttpResponse(decodeResult: success, version: HTTP/1.1)
HTTP/1.1 200 OK
Content-Type: application/json; charset=utf-8
cache-control: no-cache
content-length: 18

20:23:57.363 [AsyncHttpClient-1-8] DEBUG org.asynchttpclient.netty.channel.ChannelManager - Adding key: http://localhost:54884 for channel [id: 0xf8dc9b50, L:/127.0.0.1:62812 - R:localhost/127.0.0.1:54884]
20:23:57.367 [Forwarding isElementEnabled on session d5309c5a93cc40dadb94179561565308 to remote] DEBUG org.asynchttpclient.netty.request.NettyRequestSender - Using pooled Channel '[id: 0xf8dc9b50, L:/127.0.0.1:62812 - R:localhost/127.0.0.1:54884]' for 'GET' to 'http://localhost:54884/session/d5309c5a93cc40dadb94179561565308/element/58f23611-b062-47f5-a1a0-b9bf8cc9ffc7/enabled'
20:23:57.367 [Forwarding isElementEnabled on session d5309c5a93cc40dadb94179561565308 to remote] DEBUG org.asynchttpclient.netty.request.NettyRequestSender - Using open Channel [id: 0xf8dc9b50, L:/127.0.0.1:62812 - R:localhost/127.0.0.1:54884] for GET '/session/d5309c5a93cc40dadb94179561565308/element/58f23611-b062-47f5-a1a0-b9bf8cc9ffc7/enabled'
20:23:57.383 [AsyncHttpClient-1-8] DEBUG org.asynchttpclient.netty.handler.HttpHandler - 

Request DefaultFullHttpRequest(decodeResult: success, version: HTTP/1.1, content: EmptyByteBufBE)
GET /session/d5309c5a93cc40dadb94179561565308/element/58f23611-b062-47f5-a1a0-b9bf8cc9ffc7/enabled HTTP/1.1
User-Agent: selenium/4.1.2 (java windows)
Cache-Control: no-cache
Content-Type: application/json; charset=utf-8
host: localhost:54884
accept: */*

Response DefaultHttpResponse(decodeResult: success, version: HTTP/1.1)
HTTP/1.1 200 OK
Content-Type: application/json; charset=utf-8
cache-control: no-cache
content-length: 14

20:23:57.383 [AsyncHttpClient-1-8] DEBUG org.asynchttpclient.netty.channel.ChannelManager - Adding key: http://localhost:54884 for channel [id: 0xf8dc9b50, L:/127.0.0.1:62812 - R:localhost/127.0.0.1:54884]
20:23:57.386 [Forwarding isElementEnabled on session d5309c5a93cc40dadb94179561565308 to remote] DEBUG org.asynchttpclient.netty.request.NettyRequestSender - Using pooled Channel '[id: 0xf8dc9b50, L:/127.0.0.1:62812 - R:localhost/127.0.0.1:54884]' for 'GET' to 'http://localhost:54884/session/d5309c5a93cc40dadb94179561565308/element/58f23611-b062-47f5-a1a0-b9bf8cc9ffc7/enabled'
20:23:57.386 [Forwarding isElementEnabled on session d5309c5a93cc40dadb94179561565308 to remote] DEBUG org.asynchttpclient.netty.request.NettyRequestSender - Using open Channel [id: 0xf8dc9b50, L:/127.0.0.1:62812 - R:localhost/127.0.0.1:54884] for GET '/session/d5309c5a93cc40dadb94179561565308/element/58f23611-b062-47f5-a1a0-b9bf8cc9ffc7/enabled'
20:23:57.398 [AsyncHttpClient-1-8] DEBUG org.asynchttpclient.netty.handler.HttpHandler - 

Request DefaultFullHttpRequest(decodeResult: success, version: HTTP/1.1, content: EmptyByteBufBE)
GET /session/d5309c5a93cc40dadb94179561565308/element/58f23611-b062-47f5-a1a0-b9bf8cc9ffc7/enabled HTTP/1.1
User-Agent: selenium/4.1.2 (java windows)
Cache-Control: no-cache
Content-Type: application/json; charset=utf-8
host: localhost:54884
accept: */*

Response DefaultHttpResponse(decodeResult: success, version: HTTP/1.1)
HTTP/1.1 200 OK
Content-Type: application/json; charset=utf-8
cache-control: no-cache
content-length: 14

20:23:57.399 [AsyncHttpClient-1-8] DEBUG org.asynchttpclient.netty.channel.ChannelManager - Adding key: http://localhost:54884 for channel [id: 0xf8dc9b50, L:/127.0.0.1:62812 - R:localhost/127.0.0.1:54884]
20:23:57.404 [Forwarding findElement on session d5309c5a93cc40dadb94179561565308 to remote] DEBUG org.asynchttpclient.netty.request.NettyRequestSender - Using pooled Channel '[id: 0xf8dc9b50, L:/127.0.0.1:62812 - R:localhost/127.0.0.1:54884]' for 'POST' to 'http://localhost:54884/session/d5309c5a93cc40dadb94179561565308/element'
20:23:57.405 [Forwarding findElement on session d5309c5a93cc40dadb94179561565308 to remote] DEBUG org.asynchttpclient.netty.request.NettyRequestSender - Using open Channel [id: 0xf8dc9b50, L:/127.0.0.1:62812 - R:localhost/127.0.0.1:54884] for POST '/session/d5309c5a93cc40dadb94179561565308/element'
20:23:57.427 [AsyncHttpClient-1-8] DEBUG org.asynchttpclient.netty.handler.HttpHandler - 

Request DefaultHttpRequest(decodeResult: success, version: HTTP/1.1)
POST /session/d5309c5a93cc40dadb94179561565308/element HTTP/1.1
User-Agent: selenium/4.1.2 (java windows)
Content-Length: 143
Content-Type: application/json; charset=utf-8
host: localhost:54884
accept: */*

Response DefaultHttpResponse(decodeResult: success, version: HTTP/1.1)
HTTP/1.1 200 OK
Content-Type: application/json; charset=utf-8
cache-control: no-cache
content-length: 88

20:23:57.427 [AsyncHttpClient-1-8] DEBUG org.asynchttpclient.netty.channel.ChannelManager - Adding key: http://localhost:54884 for channel [id: 0xf8dc9b50, L:/127.0.0.1:62812 - R:localhost/127.0.0.1:54884]
20:23:57.430 [Forwarding clickElement on session d5309c5a93cc40dadb94179561565308 to remote] DEBUG org.asynchttpclient.netty.request.NettyRequestSender - Using pooled Channel '[id: 0xf8dc9b50, L:/127.0.0.1:62812 - R:localhost/127.0.0.1:54884]' for 'POST' to 'http://localhost:54884/session/d5309c5a93cc40dadb94179561565308/element/58f23611-b062-47f5-a1a0-b9bf8cc9ffc7/click'
20:23:57.430 [Forwarding clickElement on session d5309c5a93cc40dadb94179561565308 to remote] DEBUG org.asynchttpclient.netty.request.NettyRequestSender - Using open Channel [id: 0xf8dc9b50, L:/127.0.0.1:62812 - R:localhost/127.0.0.1:54884] for POST '/session/d5309c5a93cc40dadb94179561565308/element/58f23611-b062-47f5-a1a0-b9bf8cc9ffc7/click'
20:23:57.503 [AsyncHttpClient-1-8] DEBUG org.asynchttpclient.netty.handler.HttpHandler - 

Request DefaultHttpRequest(decodeResult: success, version: HTTP/1.1)
POST /session/d5309c5a93cc40dadb94179561565308/element/58f23611-b062-47f5-a1a0-b9bf8cc9ffc7/click HTTP/1.1
User-Agent: selenium/4.1.2 (java windows)
Content-Length: 50
Content-Type: application/json; charset=utf-8
host: localhost:54884
accept: */*

Response DefaultHttpResponse(decodeResult: success, version: HTTP/1.1)
HTTP/1.1 200 OK
Content-Type: application/json; charset=utf-8
cache-control: no-cache
content-length: 14

20:23:57.504 [AsyncHttpClient-1-8] DEBUG org.asynchttpclient.netty.channel.ChannelManager - Adding key: http://localhost:54884 for channel [id: 0xf8dc9b50, L:/127.0.0.1:62812 - R:localhost/127.0.0.1:54884]
  &amp#27;[32mAnd &amp#27;[0m&amp#27;[32mI click login button&amp#27;[0m                      &amp#27;[90m# starter.stepdefinitions.LoginStep.iClickLoginButton()&amp#27;[0m
20:23:57.511 [Forwarding screenshot on session d5309c5a93cc40dadb94179561565308 to remote] DEBUG org.asynchttpclient.netty.request.NettyRequestSender - Using pooled Channel '[id: 0xf8dc9b50, L:/127.0.0.1:62812 - R:localhost/127.0.0.1:54884]' for 'GET' to 'http://localhost:54884/session/d5309c5a93cc40dadb94179561565308/screenshot'
20:23:57.511 [Forwarding screenshot on session d5309c5a93cc40dadb94179561565308 to remote] DEBUG org.asynchttpclient.netty.request.NettyRequestSender - Using open Channel [id: 0xf8dc9b50, L:/127.0.0.1:62812 - R:localhost/127.0.0.1:54884] for GET '/session/d5309c5a93cc40dadb94179561565308/screenshot'
20:23:57.684 [AsyncHttpClient-1-8] DEBUG org.asynchttpclient.netty.handler.HttpHandler - 

Request DefaultFullHttpRequest(decodeResult: success, version: HTTP/1.1, content: EmptyByteBufBE)
GET /session/d5309c5a93cc40dadb94179561565308/screenshot HTTP/1.1
User-Agent: selenium/4.1.2 (java windows)
Cache-Control: no-cache
Content-Type: application/json; charset=utf-8
host: localhost:54884
accept: */*

Response DefaultHttpResponse(decodeResult: success, version: HTTP/1.1)
HTTP/1.1 200 OK
Content-Type: application/json; charset=utf-8
cache-control: no-cache
content-length: 29416

20:23:57.684 [AsyncHttpClient-1-8] DEBUG org.asynchttpclient.netty.channel.ChannelManager - Adding key: http://localhost:54884 for channel [id: 0xf8dc9b50, L:/127.0.0.1:62812 - R:localhost/127.0.0.1:54884]
20:23:57.687 [main] DEBUG net.serenitybdd.core.photography.Darkroom - Send negative for processing for target\site\serenity\3102b780c56e657d55f6628aa57c8c700a7357961be41dab85f6d30fabdfae3d.png
20:23:57.687 [Darkroom Processing Line] DEBUG net.serenitybdd.core.photography.DarkroomProcessingLine - Processing screenshot image in /var/screenshots/screenshot-2502750393595253548
20:23:57.687 [Darkroom Processing Line] DEBUG net.serenitybdd.core.photography.DarkroomProcessingLine - Saving screenshot to target\site\serenity\3102b780c56e657d55f6628aa57c8c700a7357961be41dab85f6d30fabdfae3d.png
  &amp#27;[32mThen &amp#27;[0m&amp#27;[32mI will get the result &amp#27;[0m&amp#27;[32m&amp#27;[1m"success"&amp#27;[0m          &amp#27;[90m# starter.stepdefinitions.LoginStep.iWillGetTheResult(java.lang.String)&amp#27;[0m
20:23:57.718 [AsyncHttpClient-1-10] DEBUG org.asynchttpclient.netty.handler.WebSocketHandler - Channel Closed: [id: 0x5664e90e, L:/127.0.0.1:62820 ! R:localhost/127.0.0.1:62813] with attribute NettyResponseFuture{currentRetry=5,
	isDone=1,
	isCancelled=0,
	asyncHandler=org.asynchttpclient.ws.WebSocketUpgradeHandler@3c0296e3,
	nettyRequest=org.asynchttpclient.netty.request.NettyRequest@79001f07,
	future=java.util.concurrent.CompletableFuture@187763d1[Completed normally],
	uri=ws://localhost:62813/devtools/browser/beb66aa5-c8bf-4cef-97a8-42a65cf9c93c,
	keepAlive=true,
	redirectCount=0,
	timeoutsHolder=null,
	inAuth=0,
	touch=1666790635960}
20:23:57.718 [AsyncHttpClient-1-10] DEBUG org.asynchttpclient.netty.channel.ChannelManager - Closing Channel [id: 0x5664e90e, L:/127.0.0.1:62820 ! R:localhost/127.0.0.1:62813] 
20:23:57.718 [Driver Command Executor] DEBUG org.asynchttpclient.netty.request.NettyRequestSender - Using pooled Channel '[id: 0xf8dc9b50, L:/127.0.0.1:62812 - R:localhost/127.0.0.1:54884]' for 'DELETE' to 'http://localhost:54884/session/d5309c5a93cc40dadb94179561565308'
20:23:57.718 [Driver Command Executor] DEBUG org.asynchttpclient.netty.request.NettyRequestSender - Using open Channel [id: 0xf8dc9b50, L:/127.0.0.1:62812 - R:localhost/127.0.0.1:54884] for DELETE '/session/d5309c5a93cc40dadb94179561565308'
20:23:57.785 [AsyncHttpClient-1-9] DEBUG org.asynchttpclient.netty.handler.HttpHandler - Unexpected I/O exception on channel [id: 0x7f19369b, L:/127.0.0.1:62819 - R:localhost/127.0.0.1:62813]
java.net.SocketException: Connection reset
	at java.base/sun.nio.ch.SocketChannelImpl.throwConnectionReset(SocketChannelImpl.java:345)
	at java.base/sun.nio.ch.SocketChannelImpl.read(SocketChannelImpl.java:376)
	at io.netty.buffer.PooledByteBuf.setBytes(PooledByteBuf.java:258)
	at io.netty.buffer.AbstractByteBuf.writeBytes(AbstractByteBuf.java:1132)
	at io.netty.channel.socket.nio.NioSocketChannel.doReadBytes(NioSocketChannel.java:350)
	at io.netty.channel.nio.AbstractNioByteChannel$NioByteUnsafe.read(AbstractNioByteChannel.java:151)
	at io.netty.channel.nio.NioEventLoop.processSelectedKey(NioEventLoop.java:722)
	at io.netty.channel.nio.NioEventLoop.processSelectedKeysOptimized(NioEventLoop.java:658)
	at io.netty.channel.nio.NioEventLoop.processSelectedKeys(NioEventLoop.java:584)
	at io.netty.channel.nio.NioEventLoop.run(NioEventLoop.java:496)
	at io.netty.util.concurrent.SingleThreadEventExecutor$4.run(SingleThreadEventExecutor.java:986)
	at io.netty.util.internal.ThreadExecutorMap$2.run(ThreadExecutorMap.java:74)
	at io.netty.util.concurrent.FastThreadLocalRunnable.run(FastThreadLocalRunnable.java:30)
	at java.base/java.lang.Thread.run(Thread.java:830)
20:23:57.785 [AsyncHttpClient-1-9] DEBUG org.asynchttpclient.netty.channel.ChannelManager - Closing Channel [id: 0x7f19369b, L:/127.0.0.1:62819 - R:localhost/127.0.0.1:62813] 
20:23:57.785 [AsyncHttpClient-1-9] DEBUG org.asynchttpclient.netty.handler.HttpHandler - Channel Closed: [id: 0x7f19369b, L:/127.0.0.1:62819 ! R:localhost/127.0.0.1:62813] with attribute DISCARD
20:23:57.797 [AsyncHttpClient-1-8] DEBUG org.asynchttpclient.netty.handler.HttpHandler - 

Request DefaultFullHttpRequest(decodeResult: success, version: HTTP/1.1, content: EmptyByteBufBE)
DELETE /session/d5309c5a93cc40dadb94179561565308 HTTP/1.1
User-Agent: selenium/4.1.2 (java windows)
Content-Type: application/json; charset=utf-8
host: localhost:54884
accept: */*

Response DefaultHttpResponse(decodeResult: success, version: HTTP/1.1)
HTTP/1.1 200 OK
Content-Type: application/json; charset=utf-8
cache-control: no-cache
content-length: 14

20:23:57.798 [AsyncHttpClient-1-8] DEBUG org.asynchttpclient.netty.channel.ChannelManager - Adding key: http://localhost:54884 for channel [id: 0xf8dc9b50, L:/127.0.0.1:62812 - R:localhost/127.0.0.1:54884]
20:23:57.865 [AsyncHttpClient-1-1] DEBUG org.asynchttpclient.netty.channel.DefaultChannelPool - Entry count for : http://localhost:62813 : 1
20:23:57.865 [AsyncHttpClient-1-1] DEBUG org.asynchttpclient.netty.channel.DefaultChannelPool - Entry count for : http://localhost:54884 : 1
20:23:57.865 [AsyncHttpClient-1-1] DEBUG org.asynchttpclient.netty.channel.DefaultChannelPool - Adding Candidate expired Channel [id: 0x7f19369b, L:/127.0.0.1:62819 ! R:localhost/127.0.0.1:62813] isIdleTimeoutExpired=false isRemotelyClosed=true isTtlExpired=false
20:23:57.865 [AsyncHttpClient-1-1] DEBUG org.asynchttpclient.netty.channel.DefaultChannelPool - Closing Idle Channel [id: 0x7f19369b, L:/127.0.0.1:62819 ! R:localhost/127.0.0.1:62813]
20:23:57.865 [AsyncHttpClient-1-1] DEBUG org.asynchttpclient.netty.channel.DefaultChannelPool - Closed 1 connections out of 2 in 0 ms
20:23:57.867 [AsyncHttpClient-1-8] DEBUG org.asynchttpclient.netty.handler.HttpHandler - Channel Closed: [id: 0xf8dc9b50, L:/127.0.0.1:62812 ! R:localhost/127.0.0.1:54884] with attribute DISCARD
20:23:58.383 [main] INFO  - 
  _____   ___   ___   _____     ___     _     ___   ___   ___   ___  
 |_   _| | __| / __| |_   _|   | _ \   /_\   / __| / __| | __| |   \ 
   | |   | _|  \__ \   | |     |  _/  / _ \  \__ \ \__ \ | _|  | |) |
   |_|   |___| |___/   |_|     |_|   /_/ \_\ |___/ |___/ |___| |___/ 

Login with email and password
----------------------------------------------------------------------
]]></system-out>
    <system-err><![CDATA[Starting ChromeDriver 105.0.5195.52 (412c95e518836d8a7d97250d62b29c2ae6a26a85-refs/branch-heads/5195@{#853}) on port 54884
Only local connections are allowed.
Please see https://chromedriver.chromium.org/security-considerations for suggestions on keeping ChromeDriver safe.
ChromeDriver was started successfully.
[1666790635.917][WARNING]: This version of ChromeDriver has not been tested with Chrome version 106.
Okt 26, 2022 8:23:55 PM org.openqa.selenium.remote.ProtocolHandshake createSession
INFO: Detected dialect: W3C
Okt 26, 2022 8:23:55 PM org.openqa.selenium.devtools.CdpVersionFinder findNearestMatch
WARNING: Unable to find an exact match for CDP version 106, so returning the closest version found: a no-op implementation
Okt 26, 2022 8:23:55 PM org.openqa.selenium.devtools.CdpVersionFinder findNearestMatch
INFO: Unable to find CDP implementation matching 106.
Okt 26, 2022 8:23:55 PM org.openqa.selenium.chromium.ChromiumDriver lambda$new$3
WARNING: Unable to find version of CDP to use for . You may need to include a dependency on a specific version of the CDP using something similar to `org.seleniumhq.selenium:selenium-devtools-v86:4.1.2` where the version ("v86") matches the version of the chromium-based browser you're using and the version number of the artifact is the same as Selenium's.
]]></system-err>
  </testcase>
  <testcase name="Login with email and password #2" classname="Login" time="5.511">
    <system-out><![CDATA[
@Logout
Scenario Outline: Login with email and password &amp#27;[90m# src/test/resources/features/Login.feature:16&amp#27;[0m
20:23:58.393 [main] INFO io.cucumber.core.plugin.SerenityReporter - Running feature from file:///C:/Users/alwi/IdeaProjects/AltaShop/src/test/resources/features/Login.feature
20:23:58.407 [main] INFO net.serenitybdd.core.webdriver.driverproviders.ChromeDriverProvider - Using automatically driver download
20:23:58.569 [main] DEBUG io.github.bonigarcia.wdm.cache.ResolutionCache - Resolution chrome=106 in cache (valid until 20:56:42 26/10/2022 ICT)
20:23:58.578 [main] DEBUG io.github.bonigarcia.wdm.cache.ResolutionCache - Resolution chrome106=106.0.5249.61 in cache (valid until 22:47:25 26/10/2022 WIB)
20:23:58.581 [main] INFO io.github.bonigarcia.wdm.WebDriverManager - Using chromedriver 106.0.5249.61 (resolved driver for Chrome 106)
20:23:58.606 [main] DEBUG io.github.bonigarcia.wdm.WebDriverManager - Driver chromedriver 106.0.5249.61 found in cache
20:23:58.606 [main] INFO io.github.bonigarcia.wdm.WebDriverManager - Exporting webdriver.chrome.driver as C:\Users\alwi\.cache\selenium\chromedriver\win32\106.0.5249.61\chromedriver.exe
20:23:58.766 [main] DEBUG net.serenitybdd.core.webdriver.driverproviders.ProvideNewDriver - Instantiating driver
20:23:58.766 [main] DEBUG net.serenitybdd.core.webdriver.driverproviders.ProvideNewDriver - Driver capabilities: Capabilities {acceptInsecureCerts: false, base.url: https://alta-shop.vercel.app, browserName: chrome, chrome.driver: src/test/resources/webdrive..., driver: chrome, goog:chromeOptions: {args: [], extensions: []}, wait.for.timeout: 5000}
20:23:58.965 [AsyncHttpClient-1-1] DEBUG org.asynchttpclient.netty.channel.DefaultChannelPool - Entry count for : http://localhost:54884 : 1
20:23:58.965 [AsyncHttpClient-1-1] DEBUG org.asynchttpclient.netty.channel.DefaultChannelPool - Adding Candidate expired Channel [id: 0xf8dc9b50, L:/127.0.0.1:62812 ! R:localhost/127.0.0.1:54884] isIdleTimeoutExpired=false isRemotelyClosed=true isTtlExpired=false
20:23:58.965 [AsyncHttpClient-1-1] DEBUG org.asynchttpclient.netty.channel.DefaultChannelPool - Closing Idle Channel [id: 0xf8dc9b50, L:/127.0.0.1:62812 ! R:localhost/127.0.0.1:54884]
20:23:58.965 [AsyncHttpClient-1-1] DEBUG org.asynchttpclient.netty.channel.DefaultChannelPool - Closed 1 connections out of 1 in 0 ms
20:23:59.303 [AsyncHttpClient-1-11] DEBUG org.asynchttpclient.netty.channel.NettyConnectListener - Using new Channel '[id: 0x6d058be0, L:/127.0.0.1:62838 - R:localhost/127.0.0.1:59621]' for 'POST' to '/session'
20:24:00.000 [AsyncHttpClient-1-11] DEBUG org.asynchttpclient.netty.handler.HttpHandler - 

Request DefaultHttpRequest(decodeResult: success, version: HTTP/1.1)
POST /session HTTP/1.1
User-Agent: selenium/4.1.2 (java windows)
Content-Length: 639
Content-Type: application/json; charset=utf-8
host: localhost:59621
accept: */*

Response DefaultHttpResponse(decodeResult: success, version: HTTP/1.1)
HTTP/1.1 200 OK
Content-Type: application/json; charset=utf-8
cache-control: no-cache
content-length: 789

20:24:00.000 [AsyncHttpClient-1-11] DEBUG org.asynchttpclient.netty.channel.ChannelManager - Adding key: http://localhost:59621 for channel [id: 0x6d058be0, L:/127.0.0.1:62838 - R:localhost/127.0.0.1:59621]
20:24:00.007 [AsyncHttpClient-1-12] DEBUG org.asynchttpclient.netty.channel.NettyConnectListener - Using new Channel '[id: 0xd77afc3b, L:/127.0.0.1:62851 - R:localhost/127.0.0.1:62840]' for 'GET' to '/json/version'
20:24:00.015 [AsyncHttpClient-1-12] DEBUG org.asynchttpclient.netty.handler.HttpHandler - 

Request DefaultFullHttpRequest(decodeResult: success, version: HTTP/1.1, content: EmptyByteBufBE)
GET /json/version HTTP/1.1
User-Agent: selenium/4.1.2 (java windows)
host: localhost:62840
accept: */*

Response DefaultHttpResponse(decodeResult: success, version: HTTP/1.1)
HTTP/1.1 200 OK
Content-Type: application/json; charset=UTF-8
content-length: 424

20:24:00.015 [AsyncHttpClient-1-12] DEBUG org.asynchttpclient.netty.channel.ChannelManager - Adding key: http://localhost:62840 for channel [id: 0xd77afc3b, L:/127.0.0.1:62851 - R:localhost/127.0.0.1:62840]
20:24:00.020 [AsyncHttpClient-1-13] DEBUG org.asynchttpclient.netty.channel.NettyConnectListener - Using new Channel '[id: 0x857f26e3, L:/127.0.0.1:62852 - R:localhost/127.0.0.1:62840]' for 'GET' to '/devtools/browser/39350b09-e119-456a-9c71-072cb0e44166'
20:24:00.027 [AsyncHttpClient-1-13] DEBUG org.asynchttpclient.netty.handler.WebSocketHandler - 

Request DefaultFullHttpRequest(decodeResult: success, version: HTTP/1.1, content: EmptyByteBufBE)
GET /devtools/browser/39350b09-e119-456a-9c71-072cb0e44166 HTTP/1.1
upgrade: websocket
connection: upgrade
sec-websocket-key: pF+FD3zLGqc9GGBfwhXQSg==
sec-websocket-version: 13
origin: http://localhost:62840
host: localhost:62840
accept: */*
user-agent: AHC/2.1

Response DefaultHttpResponse(decodeResult: success, version: HTTP/1.1)
HTTP/1.1 101 WebSocket Protocol Handshake
Upgrade: WebSocket
Connection: Upgrade
Sec-WebSocket-Accept: 81STVNexe8J5cEnftwEB2+NMbo8=

20:24:00.033 [Forwarding get on session b7eacc5e3f6030898c78307dc473647c to remote] DEBUG org.asynchttpclient.netty.request.NettyRequestSender - Using pooled Channel '[id: 0x6d058be0, L:/127.0.0.1:62838 - R:localhost/127.0.0.1:59621]' for 'POST' to 'http://localhost:59621/session/b7eacc5e3f6030898c78307dc473647c/url'
20:24:00.034 [Forwarding get on session b7eacc5e3f6030898c78307dc473647c to remote] DEBUG org.asynchttpclient.netty.request.NettyRequestSender - Using open Channel [id: 0x6d058be0, L:/127.0.0.1:62838 - R:localhost/127.0.0.1:59621] for POST '/session/b7eacc5e3f6030898c78307dc473647c/url'
20:24:00.067 [AsyncHttpClient-1-1] DEBUG org.asynchttpclient.netty.channel.DefaultChannelPool - Entry count for : http://localhost:62840 : 1
20:24:00.607 [AsyncHttpClient-1-11] DEBUG org.asynchttpclient.netty.handler.HttpHandler - 

Request DefaultHttpRequest(decodeResult: success, version: HTTP/1.1)
POST /session/b7eacc5e3f6030898c78307dc473647c/url HTTP/1.1
User-Agent: selenium/4.1.2 (java windows)
Content-Length: 74
Content-Type: application/json; charset=utf-8
host: localhost:59621
accept: */*

Response DefaultHttpResponse(decodeResult: success, version: HTTP/1.1)
HTTP/1.1 200 OK
Content-Type: application/json; charset=utf-8
cache-control: no-cache
content-length: 14

20:24:00.607 [AsyncHttpClient-1-11] DEBUG org.asynchttpclient.netty.channel.ChannelManager - Adding key: http://localhost:59621 for channel [id: 0x6d058be0, L:/127.0.0.1:62838 - R:localhost/127.0.0.1:59621]
20:24:00.609 [Forwarding setTimeout on session b7eacc5e3f6030898c78307dc473647c to remote] DEBUG org.asynchttpclient.netty.request.NettyRequestSender - Using pooled Channel '[id: 0x6d058be0, L:/127.0.0.1:62838 - R:localhost/127.0.0.1:59621]' for 'POST' to 'http://localhost:59621/session/b7eacc5e3f6030898c78307dc473647c/timeouts'
20:24:00.609 [Forwarding setTimeout on session b7eacc5e3f6030898c78307dc473647c to remote] DEBUG org.asynchttpclient.netty.request.NettyRequestSender - Using open Channel [id: 0x6d058be0, L:/127.0.0.1:62838 - R:localhost/127.0.0.1:59621] for POST '/session/b7eacc5e3f6030898c78307dc473647c/timeouts'
20:24:00.611 [AsyncHttpClient-1-11] DEBUG org.asynchttpclient.netty.handler.HttpHandler - 

Request DefaultHttpRequest(decodeResult: success, version: HTTP/1.1)
POST /session/b7eacc5e3f6030898c78307dc473647c/timeouts HTTP/1.1
User-Agent: selenium/4.1.2 (java windows)
Content-Length: 22
Content-Type: application/json; charset=utf-8
host: localhost:59621
accept: */*

Response DefaultHttpResponse(decodeResult: success, version: HTTP/1.1)
HTTP/1.1 200 OK
Content-Type: application/json; charset=utf-8
cache-control: no-cache
content-length: 14

20:24:00.611 [AsyncHttpClient-1-11] DEBUG org.asynchttpclient.netty.channel.ChannelManager - Adding key: http://localhost:59621 for channel [id: 0x6d058be0, L:/127.0.0.1:62838 - R:localhost/127.0.0.1:59621]
20:24:00.615 [Forwarding getCurrentUrl on session b7eacc5e3f6030898c78307dc473647c to remote] DEBUG org.asynchttpclient.netty.request.NettyRequestSender - Using pooled Channel '[id: 0x6d058be0, L:/127.0.0.1:62838 - R:localhost/127.0.0.1:59621]' for 'GET' to 'http://localhost:59621/session/b7eacc5e3f6030898c78307dc473647c/url'
20:24:00.615 [Forwarding getCurrentUrl on session b7eacc5e3f6030898c78307dc473647c to remote] DEBUG org.asynchttpclient.netty.request.NettyRequestSender - Using open Channel [id: 0x6d058be0, L:/127.0.0.1:62838 - R:localhost/127.0.0.1:59621] for GET '/session/b7eacc5e3f6030898c78307dc473647c/url'
20:24:00.618 [AsyncHttpClient-1-11] DEBUG org.asynchttpclient.netty.handler.HttpHandler - 

Request DefaultFullHttpRequest(decodeResult: success, version: HTTP/1.1, content: EmptyByteBufBE)
GET /session/b7eacc5e3f6030898c78307dc473647c/url HTTP/1.1
User-Agent: selenium/4.1.2 (java windows)
Cache-Control: no-cache
Content-Type: application/json; charset=utf-8
host: localhost:59621
accept: */*

Response DefaultHttpResponse(decodeResult: success, version: HTTP/1.1)
HTTP/1.1 200 OK
Content-Type: application/json; charset=utf-8
cache-control: no-cache
content-length: 51

20:24:00.619 [AsyncHttpClient-1-11] DEBUG org.asynchttpclient.netty.channel.ChannelManager - Adding key: http://localhost:59621 for channel [id: 0x6d058be0, L:/127.0.0.1:62838 - R:localhost/127.0.0.1:59621]
  &amp#27;[32mGiven &amp#27;[0m&amp#27;[32mI am on the login page&amp#27;[0m                  &amp#27;[90m# starter.stepdefinitions.LoginStep.iAmOnTheLoginPage()&amp#27;[0m
20:24:00.625 [Forwarding screenshot on session b7eacc5e3f6030898c78307dc473647c to remote] DEBUG org.asynchttpclient.netty.request.NettyRequestSender - Using pooled Channel '[id: 0x6d058be0, L:/127.0.0.1:62838 - R:localhost/127.0.0.1:59621]' for 'GET' to 'http://localhost:59621/session/b7eacc5e3f6030898c78307dc473647c/screenshot'
20:24:00.625 [Forwarding screenshot on session b7eacc5e3f6030898c78307dc473647c to remote] DEBUG org.asynchttpclient.netty.request.NettyRequestSender - Using open Channel [id: 0x6d058be0, L:/127.0.0.1:62838 - R:localhost/127.0.0.1:59621] for GET '/session/b7eacc5e3f6030898c78307dc473647c/screenshot'
20:24:00.709 [AsyncHttpClient-1-11] DEBUG org.asynchttpclient.netty.handler.HttpHandler - 

Request DefaultFullHttpRequest(decodeResult: success, version: HTTP/1.1, content: EmptyByteBufBE)
GET /session/b7eacc5e3f6030898c78307dc473647c/screenshot HTTP/1.1
User-Agent: selenium/4.1.2 (java windows)
Cache-Control: no-cache
Content-Type: application/json; charset=utf-8
host: localhost:59621
accept: */*

Response DefaultHttpResponse(decodeResult: success, version: HTTP/1.1)
HTTP/1.1 200 OK
Content-Type: application/json; charset=utf-8
cache-control: no-cache
content-length: 24528

20:24:00.710 [AsyncHttpClient-1-11] DEBUG org.asynchttpclient.netty.channel.ChannelManager - Adding key: http://localhost:59621 for channel [id: 0x6d058be0, L:/127.0.0.1:62838 - R:localhost/127.0.0.1:59621]
20:24:00.712 [main] DEBUG net.serenitybdd.core.photography.Darkroom - Send negative for processing for target\site\serenity\4a081d05db2e6be9b3256b332b844d9c53d5aa88207142e6b6c18ed6759b787c.png
20:24:00.721 [Forwarding findElement on session b7eacc5e3f6030898c78307dc473647c to remote] DEBUG org.asynchttpclient.netty.request.NettyRequestSender - Using pooled Channel '[id: 0x6d058be0, L:/127.0.0.1:62838 - R:localhost/127.0.0.1:59621]' for 'POST' to 'http://localhost:59621/session/b7eacc5e3f6030898c78307dc473647c/element'
20:24:00.721 [Forwarding findElement on session b7eacc5e3f6030898c78307dc473647c to remote] DEBUG org.asynchttpclient.netty.request.NettyRequestSender - Using open Channel [id: 0x6d058be0, L:/127.0.0.1:62838 - R:localhost/127.0.0.1:59621] for POST '/session/b7eacc5e3f6030898c78307dc473647c/element'
20:24:00.735 [AsyncHttpClient-1-11] DEBUG org.asynchttpclient.netty.handler.HttpHandler - 

Request DefaultHttpRequest(decodeResult: success, version: HTTP/1.1)
POST /session/b7eacc5e3f6030898c78307dc473647c/element HTTP/1.1
User-Agent: selenium/4.1.2 (java windows)
Content-Length: 55
Content-Type: application/json; charset=utf-8
host: localhost:59621
accept: */*

Response DefaultHttpResponse(decodeResult: success, version: HTTP/1.1)
HTTP/1.1 200 OK
Content-Type: application/json; charset=utf-8
cache-control: no-cache
content-length: 88

20:24:00.735 [AsyncHttpClient-1-11] DEBUG org.asynchttpclient.netty.channel.ChannelManager - Adding key: http://localhost:59621 for channel [id: 0x6d058be0, L:/127.0.0.1:62838 - R:localhost/127.0.0.1:59621]
20:24:00.738 [Forwarding clearElement on session b7eacc5e3f6030898c78307dc473647c to remote] DEBUG org.asynchttpclient.netty.request.NettyRequestSender - Using pooled Channel '[id: 0x6d058be0, L:/127.0.0.1:62838 - R:localhost/127.0.0.1:59621]' for 'POST' to 'http://localhost:59621/session/b7eacc5e3f6030898c78307dc473647c/element/6d09e18e-88e4-4913-b02f-926560311fd3/clear'
20:24:00.738 [Forwarding clearElement on session b7eacc5e3f6030898c78307dc473647c to remote] DEBUG org.asynchttpclient.netty.request.NettyRequestSender - Using open Channel [id: 0x6d058be0, L:/127.0.0.1:62838 - R:localhost/127.0.0.1:59621] for POST '/session/b7eacc5e3f6030898c78307dc473647c/element/6d09e18e-88e4-4913-b02f-926560311fd3/clear'
20:24:00.782 [AsyncHttpClient-1-11] DEBUG org.asynchttpclient.netty.handler.HttpHandler - 

Request DefaultHttpRequest(decodeResult: success, version: HTTP/1.1)
POST /session/b7eacc5e3f6030898c78307dc473647c/element/6d09e18e-88e4-4913-b02f-926560311fd3/clear HTTP/1.1
User-Agent: selenium/4.1.2 (java windows)
Content-Length: 50
Content-Type: application/json; charset=utf-8
host: localhost:59621
accept: */*

Response DefaultHttpResponse(decodeResult: success, version: HTTP/1.1)
HTTP/1.1 200 OK
Content-Type: application/json; charset=utf-8
cache-control: no-cache
content-length: 14

20:24:00.782 [AsyncHttpClient-1-11] DEBUG org.asynchttpclient.netty.channel.ChannelManager - Adding key: http://localhost:59621 for channel [id: 0x6d058be0, L:/127.0.0.1:62838 - R:localhost/127.0.0.1:59621]
20:24:00.785 [Forwarding sendKeysToElement on session b7eacc5e3f6030898c78307dc473647c to remote] DEBUG org.asynchttpclient.netty.request.NettyRequestSender - Using pooled Channel '[id: 0x6d058be0, L:/127.0.0.1:62838 - R:localhost/127.0.0.1:59621]' for 'POST' to 'http://localhost:59621/session/b7eacc5e3f6030898c78307dc473647c/element/6d09e18e-88e4-4913-b02f-926560311fd3/value'
20:24:00.785 [Forwarding sendKeysToElement on session b7eacc5e3f6030898c78307dc473647c to remote] DEBUG org.asynchttpclient.netty.request.NettyRequestSender - Using open Channel [id: 0x6d058be0, L:/127.0.0.1:62838 - R:localhost/127.0.0.1:59621] for POST '/session/b7eacc5e3f6030898c78307dc473647c/element/6d09e18e-88e4-4913-b02f-926560311fd3/value'
20:24:00.946 [AsyncHttpClient-1-11] DEBUG org.asynchttpclient.netty.handler.HttpHandler - 

Request DefaultHttpRequest(decodeResult: success, version: HTTP/1.1)
POST /session/b7eacc5e3f6030898c78307dc473647c/element/6d09e18e-88e4-4913-b02f-926560311fd3/value HTTP/1.1
User-Agent: selenium/4.1.2 (java windows)
Content-Length: 241
Content-Type: application/json; charset=utf-8
host: localhost:59621
accept: */*

Response DefaultHttpResponse(decodeResult: success, version: HTTP/1.1)
HTTP/1.1 200 OK
Content-Type: application/json; charset=utf-8
cache-control: no-cache
content-length: 14

20:24:00.947 [AsyncHttpClient-1-11] DEBUG org.asynchttpclient.netty.channel.ChannelManager - Adding key: http://localhost:59621 for channel [id: 0x6d058be0, L:/127.0.0.1:62838 - R:localhost/127.0.0.1:59621]
  &amp#27;[32mWhen &amp#27;[0m&amp#27;[32mI input email &amp#27;[0m&amp#27;[32m&amp#27;[1m"naixxy1@mail.com"&amp#27;[0m         &amp#27;[90m# starter.stepdefinitions.LoginStep.iInputEmail(java.lang.String)&amp#27;[0m
20:24:00.956 [Forwarding screenshot on session b7eacc5e3f6030898c78307dc473647c to remote] DEBUG org.asynchttpclient.netty.request.NettyRequestSender - Using pooled Channel '[id: 0x6d058be0, L:/127.0.0.1:62838 - R:localhost/127.0.0.1:59621]' for 'GET' to 'http://localhost:59621/session/b7eacc5e3f6030898c78307dc473647c/screenshot'
20:24:00.956 [Forwarding screenshot on session b7eacc5e3f6030898c78307dc473647c to remote] DEBUG org.asynchttpclient.netty.request.NettyRequestSender - Using open Channel [id: 0x6d058be0, L:/127.0.0.1:62838 - R:localhost/127.0.0.1:59621] for GET '/session/b7eacc5e3f6030898c78307dc473647c/screenshot'
20:24:01.115 [AsyncHttpClient-1-11] DEBUG org.asynchttpclient.netty.handler.HttpHandler - 

Request DefaultFullHttpRequest(decodeResult: success, version: HTTP/1.1, content: EmptyByteBufBE)
GET /session/b7eacc5e3f6030898c78307dc473647c/screenshot HTTP/1.1
User-Agent: selenium/4.1.2 (java windows)
Cache-Control: no-cache
Content-Type: application/json; charset=utf-8
host: localhost:59621
accept: */*

Response DefaultHttpResponse(decodeResult: success, version: HTTP/1.1)
HTTP/1.1 200 OK
Content-Type: application/json; charset=utf-8
cache-control: no-cache
content-length: 28908

20:24:01.116 [AsyncHttpClient-1-11] DEBUG org.asynchttpclient.netty.channel.ChannelManager - Adding key: http://localhost:59621 for channel [id: 0x6d058be0, L:/127.0.0.1:62838 - R:localhost/127.0.0.1:59621]
20:24:01.119 [main] DEBUG net.serenitybdd.core.photography.Darkroom - Send negative for processing for target\site\serenity\be26c760d8e034011bd1806ffc7050d506f4e57f47fb14385938a8ea0a4a0776.png
20:24:01.120 [Darkroom Processing Line] DEBUG net.serenitybdd.core.photography.DarkroomProcessingLine - Processing screenshot image in /var/screenshots/screenshot-4986679930736056310
20:24:01.120 [Darkroom Processing Line] DEBUG net.serenitybdd.core.photography.DarkroomProcessingLine - Saving screenshot to target\site\serenity\be26c760d8e034011bd1806ffc7050d506f4e57f47fb14385938a8ea0a4a0776.png
20:24:01.132 [Forwarding findElement on session b7eacc5e3f6030898c78307dc473647c to remote] DEBUG org.asynchttpclient.netty.request.NettyRequestSender - Using pooled Channel '[id: 0x6d058be0, L:/127.0.0.1:62838 - R:localhost/127.0.0.1:59621]' for 'POST' to 'http://localhost:59621/session/b7eacc5e3f6030898c78307dc473647c/element'
20:24:01.132 [Forwarding findElement on session b7eacc5e3f6030898c78307dc473647c to remote] DEBUG org.asynchttpclient.netty.request.NettyRequestSender - Using open Channel [id: 0x6d058be0, L:/127.0.0.1:62838 - R:localhost/127.0.0.1:59621] for POST '/session/b7eacc5e3f6030898c78307dc473647c/element'
20:24:01.145 [AsyncHttpClient-1-11] DEBUG org.asynchttpclient.netty.handler.HttpHandler - 

Request DefaultHttpRequest(decodeResult: success, version: HTTP/1.1)
POST /session/b7eacc5e3f6030898c78307dc473647c/element HTTP/1.1
User-Agent: selenium/4.1.2 (java windows)
Content-Length: 55
Content-Type: application/json; charset=utf-8
host: localhost:59621
accept: */*

Response DefaultHttpResponse(decodeResult: success, version: HTTP/1.1)
HTTP/1.1 200 OK
Content-Type: application/json; charset=utf-8
cache-control: no-cache
content-length: 88

20:24:01.146 [AsyncHttpClient-1-11] DEBUG org.asynchttpclient.netty.channel.ChannelManager - Adding key: http://localhost:59621 for channel [id: 0x6d058be0, L:/127.0.0.1:62838 - R:localhost/127.0.0.1:59621]
20:24:01.148 [Forwarding clearElement on session b7eacc5e3f6030898c78307dc473647c to remote] DEBUG org.asynchttpclient.netty.request.NettyRequestSender - Using pooled Channel '[id: 0x6d058be0, L:/127.0.0.1:62838 - R:localhost/127.0.0.1:59621]' for 'POST' to 'http://localhost:59621/session/b7eacc5e3f6030898c78307dc473647c/element/f6e4f510-7d17-484c-9bcb-b146ac64ee58/clear'
20:24:01.148 [Forwarding clearElement on session b7eacc5e3f6030898c78307dc473647c to remote] DEBUG org.asynchttpclient.netty.request.NettyRequestSender - Using open Channel [id: 0x6d058be0, L:/127.0.0.1:62838 - R:localhost/127.0.0.1:59621] for POST '/session/b7eacc5e3f6030898c78307dc473647c/element/f6e4f510-7d17-484c-9bcb-b146ac64ee58/clear'
20:24:01.165 [AsyncHttpClient-1-1] DEBUG org.asynchttpclient.netty.channel.DefaultChannelPool - Entry count for : http://localhost:62840 : 1
20:24:01.185 [AsyncHttpClient-1-11] DEBUG org.asynchttpclient.netty.handler.HttpHandler - 

Request DefaultHttpRequest(decodeResult: success, version: HTTP/1.1)
POST /session/b7eacc5e3f6030898c78307dc473647c/element/f6e4f510-7d17-484c-9bcb-b146ac64ee58/clear HTTP/1.1
User-Agent: selenium/4.1.2 (java windows)
Content-Length: 50
Content-Type: application/json; charset=utf-8
host: localhost:59621
accept: */*

Response DefaultHttpResponse(decodeResult: success, version: HTTP/1.1)
HTTP/1.1 200 OK
Content-Type: application/json; charset=utf-8
cache-control: no-cache
content-length: 14

20:24:01.185 [AsyncHttpClient-1-11] DEBUG org.asynchttpclient.netty.channel.ChannelManager - Adding key: http://localhost:59621 for channel [id: 0x6d058be0, L:/127.0.0.1:62838 - R:localhost/127.0.0.1:59621]
20:24:01.188 [Forwarding sendKeysToElement on session b7eacc5e3f6030898c78307dc473647c to remote] DEBUG org.asynchttpclient.netty.request.NettyRequestSender - Using pooled Channel '[id: 0x6d058be0, L:/127.0.0.1:62838 - R:localhost/127.0.0.1:59621]' for 'POST' to 'http://localhost:59621/session/b7eacc5e3f6030898c78307dc473647c/element/f6e4f510-7d17-484c-9bcb-b146ac64ee58/value'
20:24:01.188 [Forwarding sendKeysToElement on session b7eacc5e3f6030898c78307dc473647c to remote] DEBUG org.asynchttpclient.netty.request.NettyRequestSender - Using open Channel [id: 0x6d058be0, L:/127.0.0.1:62838 - R:localhost/127.0.0.1:59621] for POST '/session/b7eacc5e3f6030898c78307dc473647c/element/f6e4f510-7d17-484c-9bcb-b146ac64ee58/value'
20:24:01.269 [AsyncHttpClient-1-11] DEBUG org.asynchttpclient.netty.handler.HttpHandler - 

Request DefaultHttpRequest(decodeResult: success, version: HTTP/1.1)
POST /session/b7eacc5e3f6030898c78307dc473647c/element/f6e4f510-7d17-484c-9bcb-b146ac64ee58/value HTTP/1.1
User-Agent: selenium/4.1.2 (java windows)
Content-Length: 121
Content-Type: application/json; charset=utf-8
host: localhost:59621
accept: */*

Response DefaultHttpResponse(decodeResult: success, version: HTTP/1.1)
HTTP/1.1 200 OK
Content-Type: application/json; charset=utf-8
cache-control: no-cache
content-length: 14

20:24:01.269 [AsyncHttpClient-1-11] DEBUG org.asynchttpclient.netty.channel.ChannelManager - Adding key: http://localhost:59621 for channel [id: 0x6d058be0, L:/127.0.0.1:62838 - R:localhost/127.0.0.1:59621]
  &amp#27;[32mAnd &amp#27;[0m&amp#27;[32mI input password &amp#27;[0m&amp#27;[32m&amp#27;[1m"hihi"&amp#27;[0m                   &amp#27;[90m# starter.stepdefinitions.LoginStep.iInputPassword(java.lang.String)&amp#27;[0m
20:24:01.284 [Forwarding screenshot on session b7eacc5e3f6030898c78307dc473647c to remote] DEBUG org.asynchttpclient.netty.request.NettyRequestSender - Using pooled Channel '[id: 0x6d058be0, L:/127.0.0.1:62838 - R:localhost/127.0.0.1:59621]' for 'GET' to 'http://localhost:59621/session/b7eacc5e3f6030898c78307dc473647c/screenshot'
20:24:01.284 [Forwarding screenshot on session b7eacc5e3f6030898c78307dc473647c to remote] DEBUG org.asynchttpclient.netty.request.NettyRequestSender - Using open Channel [id: 0x6d058be0, L:/127.0.0.1:62838 - R:localhost/127.0.0.1:59621] for GET '/session/b7eacc5e3f6030898c78307dc473647c/screenshot'
20:24:01.488 [AsyncHttpClient-1-11] DEBUG org.asynchttpclient.netty.handler.HttpHandler - 

Request DefaultFullHttpRequest(decodeResult: success, version: HTTP/1.1, content: EmptyByteBufBE)
GET /session/b7eacc5e3f6030898c78307dc473647c/screenshot HTTP/1.1
User-Agent: selenium/4.1.2 (java windows)
Cache-Control: no-cache
Content-Type: application/json; charset=utf-8
host: localhost:59621
accept: */*

Response DefaultHttpResponse(decodeResult: success, version: HTTP/1.1)
HTTP/1.1 200 OK
Content-Type: application/json; charset=utf-8
cache-control: no-cache
content-length: 28844

20:24:01.489 [AsyncHttpClient-1-11] DEBUG org.asynchttpclient.netty.channel.ChannelManager - Adding key: http://localhost:59621 for channel [id: 0x6d058be0, L:/127.0.0.1:62838 - R:localhost/127.0.0.1:59621]
20:24:01.496 [main] DEBUG net.serenitybdd.core.photography.Darkroom - Send negative for processing for target\site\serenity\819f0eea4c24be2b8b6c8bff73fc5ef2cf7370264bdafb625da80498629155a9.png
20:24:01.498 [Darkroom Processing Line] DEBUG net.serenitybdd.core.photography.DarkroomProcessingLine - Processing screenshot image in /var/screenshots/screenshot-14752469527394574260
20:24:01.498 [Darkroom Processing Line] DEBUG net.serenitybdd.core.photography.DarkroomProcessingLine - Saving screenshot to target\site\serenity\819f0eea4c24be2b8b6c8bff73fc5ef2cf7370264bdafb625da80498629155a9.png
20:24:01.516 [Forwarding findElement on session b7eacc5e3f6030898c78307dc473647c to remote] DEBUG org.asynchttpclient.netty.request.NettyRequestSender - Using pooled Channel '[id: 0x6d058be0, L:/127.0.0.1:62838 - R:localhost/127.0.0.1:59621]' for 'POST' to 'http://localhost:59621/session/b7eacc5e3f6030898c78307dc473647c/element'
20:24:01.516 [Forwarding findElement on session b7eacc5e3f6030898c78307dc473647c to remote] DEBUG org.asynchttpclient.netty.request.NettyRequestSender - Using open Channel [id: 0x6d058be0, L:/127.0.0.1:62838 - R:localhost/127.0.0.1:59621] for POST '/session/b7eacc5e3f6030898c78307dc473647c/element'
20:24:01.568 [AsyncHttpClient-1-11] DEBUG org.asynchttpclient.netty.handler.HttpHandler - 

Request DefaultHttpRequest(decodeResult: success, version: HTTP/1.1)
POST /session/b7eacc5e3f6030898c78307dc473647c/element HTTP/1.1
User-Agent: selenium/4.1.2 (java windows)
Content-Length: 143
Content-Type: application/json; charset=utf-8
host: localhost:59621
accept: */*

Response DefaultHttpResponse(decodeResult: success, version: HTTP/1.1)
HTTP/1.1 200 OK
Content-Type: application/json; charset=utf-8
cache-control: no-cache
content-length: 88

20:24:01.568 [AsyncHttpClient-1-11] DEBUG org.asynchttpclient.netty.channel.ChannelManager - Adding key: http://localhost:59621 for channel [id: 0x6d058be0, L:/127.0.0.1:62838 - R:localhost/127.0.0.1:59621]
20:24:01.572 [Forwarding getElementTagName on session b7eacc5e3f6030898c78307dc473647c to remote] DEBUG org.asynchttpclient.netty.request.NettyRequestSender - Using pooled Channel '[id: 0x6d058be0, L:/127.0.0.1:62838 - R:localhost/127.0.0.1:59621]' for 'GET' to 'http://localhost:59621/session/b7eacc5e3f6030898c78307dc473647c/element/b8ec4f69-9d53-48f4-bd75-e1bcd76f1595/name'
20:24:01.572 [Forwarding getElementTagName on session b7eacc5e3f6030898c78307dc473647c to remote] DEBUG org.asynchttpclient.netty.request.NettyRequestSender - Using open Channel [id: 0x6d058be0, L:/127.0.0.1:62838 - R:localhost/127.0.0.1:59621] for GET '/session/b7eacc5e3f6030898c78307dc473647c/element/b8ec4f69-9d53-48f4-bd75-e1bcd76f1595/name'
20:24:01.583 [AsyncHttpClient-1-11] DEBUG org.asynchttpclient.netty.handler.HttpHandler - 

Request DefaultFullHttpRequest(decodeResult: success, version: HTTP/1.1, content: EmptyByteBufBE)
GET /session/b7eacc5e3f6030898c78307dc473647c/element/b8ec4f69-9d53-48f4-bd75-e1bcd76f1595/name HTTP/1.1
User-Agent: selenium/4.1.2 (java windows)
Cache-Control: no-cache
Content-Type: application/json; charset=utf-8
host: localhost:59621
accept: */*

Response DefaultHttpResponse(decodeResult: success, version: HTTP/1.1)
HTTP/1.1 200 OK
Content-Type: application/json; charset=utf-8
cache-control: no-cache
content-length: 18

20:24:01.583 [AsyncHttpClient-1-11] DEBUG org.asynchttpclient.netty.channel.ChannelManager - Adding key: http://localhost:59621 for channel [id: 0x6d058be0, L:/127.0.0.1:62838 - R:localhost/127.0.0.1:59621]
20:24:01.586 [Forwarding getElementTagName on session b7eacc5e3f6030898c78307dc473647c to remote] DEBUG org.asynchttpclient.netty.request.NettyRequestSender - Using pooled Channel '[id: 0x6d058be0, L:/127.0.0.1:62838 - R:localhost/127.0.0.1:59621]' for 'GET' to 'http://localhost:59621/session/b7eacc5e3f6030898c78307dc473647c/element/b8ec4f69-9d53-48f4-bd75-e1bcd76f1595/name'
20:24:01.586 [Forwarding getElementTagName on session b7eacc5e3f6030898c78307dc473647c to remote] DEBUG org.asynchttpclient.netty.request.NettyRequestSender - Using open Channel [id: 0x6d058be0, L:/127.0.0.1:62838 - R:localhost/127.0.0.1:59621] for GET '/session/b7eacc5e3f6030898c78307dc473647c/element/b8ec4f69-9d53-48f4-bd75-e1bcd76f1595/name'
20:24:01.593 [AsyncHttpClient-1-11] DEBUG org.asynchttpclient.netty.handler.HttpHandler - 

Request DefaultFullHttpRequest(decodeResult: success, version: HTTP/1.1, content: EmptyByteBufBE)
GET /session/b7eacc5e3f6030898c78307dc473647c/element/b8ec4f69-9d53-48f4-bd75-e1bcd76f1595/name HTTP/1.1
User-Agent: selenium/4.1.2 (java windows)
Cache-Control: no-cache
Content-Type: application/json; charset=utf-8
host: localhost:59621
accept: */*

Response DefaultHttpResponse(decodeResult: success, version: HTTP/1.1)
HTTP/1.1 200 OK
Content-Type: application/json; charset=utf-8
cache-control: no-cache
content-length: 18

20:24:01.593 [AsyncHttpClient-1-11] DEBUG org.asynchttpclient.netty.channel.ChannelManager - Adding key: http://localhost:59621 for channel [id: 0x6d058be0, L:/127.0.0.1:62838 - R:localhost/127.0.0.1:59621]
20:24:01.598 [Forwarding isElementEnabled on session b7eacc5e3f6030898c78307dc473647c to remote] DEBUG org.asynchttpclient.netty.request.NettyRequestSender - Using pooled Channel '[id: 0x6d058be0, L:/127.0.0.1:62838 - R:localhost/127.0.0.1:59621]' for 'GET' to 'http://localhost:59621/session/b7eacc5e3f6030898c78307dc473647c/element/b8ec4f69-9d53-48f4-bd75-e1bcd76f1595/enabled'
20:24:01.599 [Forwarding isElementEnabled on session b7eacc5e3f6030898c78307dc473647c to remote] DEBUG org.asynchttpclient.netty.request.NettyRequestSender - Using open Channel [id: 0x6d058be0, L:/127.0.0.1:62838 - R:localhost/127.0.0.1:59621] for GET '/session/b7eacc5e3f6030898c78307dc473647c/element/b8ec4f69-9d53-48f4-bd75-e1bcd76f1595/enabled'
20:24:01.618 [AsyncHttpClient-1-11] DEBUG org.asynchttpclient.netty.handler.HttpHandler - 

Request DefaultFullHttpRequest(decodeResult: success, version: HTTP/1.1, content: EmptyByteBufBE)
GET /session/b7eacc5e3f6030898c78307dc473647c/element/b8ec4f69-9d53-48f4-bd75-e1bcd76f1595/enabled HTTP/1.1
User-Agent: selenium/4.1.2 (java windows)
Cache-Control: no-cache
Content-Type: application/json; charset=utf-8
host: localhost:59621
accept: */*

Response DefaultHttpResponse(decodeResult: success, version: HTTP/1.1)
HTTP/1.1 200 OK
Content-Type: application/json; charset=utf-8
cache-control: no-cache
content-length: 14

20:24:01.618 [AsyncHttpClient-1-11] DEBUG org.asynchttpclient.netty.channel.ChannelManager - Adding key: http://localhost:59621 for channel [id: 0x6d058be0, L:/127.0.0.1:62838 - R:localhost/127.0.0.1:59621]
20:24:01.621 [Forwarding isElementEnabled on session b7eacc5e3f6030898c78307dc473647c to remote] DEBUG org.asynchttpclient.netty.request.NettyRequestSender - Using pooled Channel '[id: 0x6d058be0, L:/127.0.0.1:62838 - R:localhost/127.0.0.1:59621]' for 'GET' to 'http://localhost:59621/session/b7eacc5e3f6030898c78307dc473647c/element/b8ec4f69-9d53-48f4-bd75-e1bcd76f1595/enabled'
20:24:01.621 [Forwarding isElementEnabled on session b7eacc5e3f6030898c78307dc473647c to remote] DEBUG org.asynchttpclient.netty.request.NettyRequestSender - Using open Channel [id: 0x6d058be0, L:/127.0.0.1:62838 - R:localhost/127.0.0.1:59621] for GET '/session/b7eacc5e3f6030898c78307dc473647c/element/b8ec4f69-9d53-48f4-bd75-e1bcd76f1595/enabled'
20:24:01.631 [AsyncHttpClient-1-11] DEBUG org.asynchttpclient.netty.handler.HttpHandler - 

Request DefaultFullHttpRequest(decodeResult: success, version: HTTP/1.1, content: EmptyByteBufBE)
GET /session/b7eacc5e3f6030898c78307dc473647c/element/b8ec4f69-9d53-48f4-bd75-e1bcd76f1595/enabled HTTP/1.1
User-Agent: selenium/4.1.2 (java windows)
Cache-Control: no-cache
Content-Type: application/json; charset=utf-8
host: localhost:59621
accept: */*

Response DefaultHttpResponse(decodeResult: success, version: HTTP/1.1)
HTTP/1.1 200 OK
Content-Type: application/json; charset=utf-8
cache-control: no-cache
content-length: 14

20:24:01.632 [AsyncHttpClient-1-11] DEBUG org.asynchttpclient.netty.channel.ChannelManager - Adding key: http://localhost:59621 for channel [id: 0x6d058be0, L:/127.0.0.1:62838 - R:localhost/127.0.0.1:59621]
20:24:01.636 [Forwarding findElement on session b7eacc5e3f6030898c78307dc473647c to remote] DEBUG org.asynchttpclient.netty.request.NettyRequestSender - Using pooled Channel '[id: 0x6d058be0, L:/127.0.0.1:62838 - R:localhost/127.0.0.1:59621]' for 'POST' to 'http://localhost:59621/session/b7eacc5e3f6030898c78307dc473647c/element'
20:24:01.636 [Forwarding findElement on session b7eacc5e3f6030898c78307dc473647c to remote] DEBUG org.asynchttpclient.netty.request.NettyRequestSender - Using open Channel [id: 0x6d058be0, L:/127.0.0.1:62838 - R:localhost/127.0.0.1:59621] for POST '/session/b7eacc5e3f6030898c78307dc473647c/element'
20:24:01.648 [AsyncHttpClient-1-11] DEBUG org.asynchttpclient.netty.handler.HttpHandler - 

Request DefaultHttpRequest(decodeResult: success, version: HTTP/1.1)
POST /session/b7eacc5e3f6030898c78307dc473647c/element HTTP/1.1
User-Agent: selenium/4.1.2 (java windows)
Content-Length: 143
Content-Type: application/json; charset=utf-8
host: localhost:59621
accept: */*

Response DefaultHttpResponse(decodeResult: success, version: HTTP/1.1)
HTTP/1.1 200 OK
Content-Type: application/json; charset=utf-8
cache-control: no-cache
content-length: 88

20:24:01.649 [AsyncHttpClient-1-11] DEBUG org.asynchttpclient.netty.channel.ChannelManager - Adding key: http://localhost:59621 for channel [id: 0x6d058be0, L:/127.0.0.1:62838 - R:localhost/127.0.0.1:59621]
20:24:01.651 [Forwarding clickElement on session b7eacc5e3f6030898c78307dc473647c to remote] DEBUG org.asynchttpclient.netty.request.NettyRequestSender - Using pooled Channel '[id: 0x6d058be0, L:/127.0.0.1:62838 - R:localhost/127.0.0.1:59621]' for 'POST' to 'http://localhost:59621/session/b7eacc5e3f6030898c78307dc473647c/element/b8ec4f69-9d53-48f4-bd75-e1bcd76f1595/click'
20:24:01.651 [Forwarding clickElement on session b7eacc5e3f6030898c78307dc473647c to remote] DEBUG org.asynchttpclient.netty.request.NettyRequestSender - Using open Channel [id: 0x6d058be0, L:/127.0.0.1:62838 - R:localhost/127.0.0.1:59621] for POST '/session/b7eacc5e3f6030898c78307dc473647c/element/b8ec4f69-9d53-48f4-bd75-e1bcd76f1595/click'
20:24:01.727 [AsyncHttpClient-1-11] DEBUG org.asynchttpclient.netty.handler.HttpHandler - 

Request DefaultHttpRequest(decodeResult: success, version: HTTP/1.1)
POST /session/b7eacc5e3f6030898c78307dc473647c/element/b8ec4f69-9d53-48f4-bd75-e1bcd76f1595/click HTTP/1.1
User-Agent: selenium/4.1.2 (java windows)
Content-Length: 50
Content-Type: application/json; charset=utf-8
host: localhost:59621
accept: */*

Response DefaultHttpResponse(decodeResult: success, version: HTTP/1.1)
HTTP/1.1 200 OK
Content-Type: application/json; charset=utf-8
cache-control: no-cache
content-length: 14

20:24:01.728 [AsyncHttpClient-1-11] DEBUG org.asynchttpclient.netty.channel.ChannelManager - Adding key: http://localhost:59621 for channel [id: 0x6d058be0, L:/127.0.0.1:62838 - R:localhost/127.0.0.1:59621]
  &amp#27;[32mAnd &amp#27;[0m&amp#27;[32mI click login button&amp#27;[0m                      &amp#27;[90m# starter.stepdefinitions.LoginStep.iClickLoginButton()&amp#27;[0m
20:24:01.743 [Forwarding screenshot on session b7eacc5e3f6030898c78307dc473647c to remote] DEBUG org.asynchttpclient.netty.request.NettyRequestSender - Using pooled Channel '[id: 0x6d058be0, L:/127.0.0.1:62838 - R:localhost/127.0.0.1:59621]' for 'GET' to 'http://localhost:59621/session/b7eacc5e3f6030898c78307dc473647c/screenshot'
20:24:01.743 [Forwarding screenshot on session b7eacc5e3f6030898c78307dc473647c to remote] DEBUG org.asynchttpclient.netty.request.NettyRequestSender - Using open Channel [id: 0x6d058be0, L:/127.0.0.1:62838 - R:localhost/127.0.0.1:59621] for GET '/session/b7eacc5e3f6030898c78307dc473647c/screenshot'
20:24:01.922 [AsyncHttpClient-1-11] DEBUG org.asynchttpclient.netty.handler.HttpHandler - 

Request DefaultFullHttpRequest(decodeResult: success, version: HTTP/1.1, content: EmptyByteBufBE)
GET /session/b7eacc5e3f6030898c78307dc473647c/screenshot HTTP/1.1
User-Agent: selenium/4.1.2 (java windows)
Cache-Control: no-cache
Content-Type: application/json; charset=utf-8
host: localhost:59621
accept: */*

Response DefaultHttpResponse(decodeResult: success, version: HTTP/1.1)
HTTP/1.1 200 OK
Content-Type: application/json; charset=utf-8
cache-control: no-cache
content-length: 28300

20:24:01.923 [AsyncHttpClient-1-11] DEBUG org.asynchttpclient.netty.channel.ChannelManager - Adding key: http://localhost:59621 for channel [id: 0x6d058be0, L:/127.0.0.1:62838 - R:localhost/127.0.0.1:59621]
20:24:01.927 [main] DEBUG net.serenitybdd.core.photography.Darkroom - Send negative for processing for target\site\serenity\88ab9d7a30511433f4deca6074c1dbcc42e2f81bf5972023d9d2bb1b263f259d.png
20:24:01.928 [Darkroom Processing Line] DEBUG net.serenitybdd.core.photography.DarkroomProcessingLine - Processing screenshot image in /var/screenshots/screenshot-2500458640435565170
20:24:01.928 [Darkroom Processing Line] DEBUG net.serenitybdd.core.photography.DarkroomProcessingLine - Saving screenshot to target\site\serenity\88ab9d7a30511433f4deca6074c1dbcc42e2f81bf5972023d9d2bb1b263f259d.png
20:24:01.943 [Forwarding findElement on session b7eacc5e3f6030898c78307dc473647c to remote] DEBUG org.asynchttpclient.netty.request.NettyRequestSender - Using pooled Channel '[id: 0x6d058be0, L:/127.0.0.1:62838 - R:localhost/127.0.0.1:59621]' for 'POST' to 'http://localhost:59621/session/b7eacc5e3f6030898c78307dc473647c/element'
20:24:01.943 [Forwarding findElement on session b7eacc5e3f6030898c78307dc473647c to remote] DEBUG org.asynchttpclient.netty.request.NettyRequestSender - Using open Channel [id: 0x6d058be0, L:/127.0.0.1:62838 - R:localhost/127.0.0.1:59621] for POST '/session/b7eacc5e3f6030898c78307dc473647c/element'
20:24:02.267 [AsyncHttpClient-1-1] DEBUG org.asynchttpclient.netty.channel.DefaultChannelPool - Entry count for : http://localhost:62840 : 1
20:24:03.084 [AsyncHttpClient-1-11] DEBUG org.asynchttpclient.netty.handler.HttpHandler - 

Request DefaultHttpRequest(decodeResult: success, version: HTTP/1.1)
POST /session/b7eacc5e3f6030898c78307dc473647c/element HTTP/1.1
User-Agent: selenium/4.1.2 (java windows)
Content-Length: 69
Content-Type: application/json; charset=utf-8
host: localhost:59621
accept: */*

Response DefaultHttpResponse(decodeResult: success, version: HTTP/1.1)
HTTP/1.1 200 OK
Content-Type: application/json; charset=utf-8
cache-control: no-cache
content-length: 88

20:24:03.084 [AsyncHttpClient-1-11] DEBUG org.asynchttpclient.netty.channel.ChannelManager - Adding key: http://localhost:59621 for channel [id: 0x6d058be0, L:/127.0.0.1:62838 - R:localhost/127.0.0.1:59621]
20:24:03.088 [Forwarding isElementDisplayed on session b7eacc5e3f6030898c78307dc473647c to remote] DEBUG org.asynchttpclient.netty.request.NettyRequestSender - Using pooled Channel '[id: 0x6d058be0, L:/127.0.0.1:62838 - R:localhost/127.0.0.1:59621]' for 'POST' to 'http://localhost:59621/session/b7eacc5e3f6030898c78307dc473647c/execute/sync'
20:24:03.088 [Forwarding isElementDisplayed on session b7eacc5e3f6030898c78307dc473647c to remote] DEBUG org.asynchttpclient.netty.request.NettyRequestSender - Using open Channel [id: 0x6d058be0, L:/127.0.0.1:62838 - R:localhost/127.0.0.1:59621] for POST '/session/b7eacc5e3f6030898c78307dc473647c/execute/sync'
20:24:03.102 [AsyncHttpClient-1-11] DEBUG org.asynchttpclient.netty.handler.HttpHandler - 

Request DefaultHttpRequest(decodeResult: success, version: HTTP/1.1)
POST /session/b7eacc5e3f6030898c78307dc473647c/execute/sync HTTP/1.1
User-Agent: selenium/4.1.2 (java windows)
Content-Length: 48780
Content-Type: application/json; charset=utf-8
host: localhost:59621
accept: */*

Response DefaultHttpResponse(decodeResult: success, version: HTTP/1.1)
HTTP/1.1 200 OK
Content-Type: application/json; charset=utf-8
cache-control: no-cache
content-length: 14

20:24:03.102 [AsyncHttpClient-1-11] DEBUG org.asynchttpclient.netty.channel.ChannelManager - Adding key: http://localhost:59621 for channel [id: 0x6d058be0, L:/127.0.0.1:62838 - R:localhost/127.0.0.1:59621]
  &amp#27;[32mThen &amp#27;[0m&amp#27;[32mI will get the result &amp#27;[0m&amp#27;[32m&amp#27;[1m"failed"&amp#27;[0m           &amp#27;[90m# starter.stepdefinitions.LoginStep.iWillGetTheResult(java.lang.String)&amp#27;[0m
20:24:03.108 [Forwarding screenshot on session b7eacc5e3f6030898c78307dc473647c to remote] DEBUG org.asynchttpclient.netty.request.NettyRequestSender - Using pooled Channel '[id: 0x6d058be0, L:/127.0.0.1:62838 - R:localhost/127.0.0.1:59621]' for 'GET' to 'http://localhost:59621/session/b7eacc5e3f6030898c78307dc473647c/screenshot'
20:24:03.108 [Forwarding screenshot on session b7eacc5e3f6030898c78307dc473647c to remote] DEBUG org.asynchttpclient.netty.request.NettyRequestSender - Using open Channel [id: 0x6d058be0, L:/127.0.0.1:62838 - R:localhost/127.0.0.1:59621] for GET '/session/b7eacc5e3f6030898c78307dc473647c/screenshot'
20:24:03.234 [AsyncHttpClient-1-11] DEBUG org.asynchttpclient.netty.handler.HttpHandler - 

Request DefaultFullHttpRequest(decodeResult: success, version: HTTP/1.1, content: EmptyByteBufBE)
GET /session/b7eacc5e3f6030898c78307dc473647c/screenshot HTTP/1.1
User-Agent: selenium/4.1.2 (java windows)
Cache-Control: no-cache
Content-Type: application/json; charset=utf-8
host: localhost:59621
accept: */*

Response DefaultHttpResponse(decodeResult: success, version: HTTP/1.1)
HTTP/1.1 200 OK
Content-Type: application/json; charset=utf-8
cache-control: no-cache
content-length: 34656

20:24:03.234 [AsyncHttpClient-1-11] DEBUG org.asynchttpclient.netty.channel.ChannelManager - Adding key: http://localhost:59621 for channel [id: 0x6d058be0, L:/127.0.0.1:62838 - R:localhost/127.0.0.1:59621]
20:24:03.237 [main] DEBUG net.serenitybdd.core.photography.Darkroom - Send negative for processing for target\site\serenity\326e7fa3b3e8d6e5985a5a2cb79b3bd9126b39f265654a0cec544030bce93bb2.png
20:24:03.237 [Darkroom Processing Line] DEBUG net.serenitybdd.core.photography.DarkroomProcessingLine - Processing screenshot image in /var/screenshots/screenshot-6595692759579061007
20:24:03.237 [Darkroom Processing Line] DEBUG net.serenitybdd.core.photography.DarkroomProcessingLine - Saving screenshot to target\site\serenity\326e7fa3b3e8d6e5985a5a2cb79b3bd9126b39f265654a0cec544030bce93bb2.png
20:24:03.243 [AsyncHttpClient-1-13] DEBUG org.asynchttpclient.netty.handler.WebSocketHandler - Channel Closed: [id: 0x857f26e3, L:/127.0.0.1:62852 ! R:localhost/127.0.0.1:62840] with attribute NettyResponseFuture{currentRetry=5,
	isDone=1,
	isCancelled=0,
	asyncHandler=org.asynchttpclient.ws.WebSocketUpgradeHandler@72ae8f1e,
	nettyRequest=org.asynchttpclient.netty.request.NettyRequest@37ac1f2f,
	future=java.util.concurrent.CompletableFuture@7816e820[Completed normally],
	uri=ws://localhost:62840/devtools/browser/39350b09-e119-456a-9c71-072cb0e44166,
	keepAlive=true,
	redirectCount=0,
	timeoutsHolder=null,
	inAuth=0,
	touch=1666790640028}
20:24:03.244 [AsyncHttpClient-1-13] DEBUG org.asynchttpclient.netty.channel.ChannelManager - Closing Channel [id: 0x857f26e3, L:/127.0.0.1:62852 ! R:localhost/127.0.0.1:62840] 
20:24:03.244 [Driver Command Executor] DEBUG org.asynchttpclient.netty.request.NettyRequestSender - Using pooled Channel '[id: 0x6d058be0, L:/127.0.0.1:62838 - R:localhost/127.0.0.1:59621]' for 'DELETE' to 'http://localhost:59621/session/b7eacc5e3f6030898c78307dc473647c'
20:24:03.244 [Driver Command Executor] DEBUG org.asynchttpclient.netty.request.NettyRequestSender - Using open Channel [id: 0x6d058be0, L:/127.0.0.1:62838 - R:localhost/127.0.0.1:59621] for DELETE '/session/b7eacc5e3f6030898c78307dc473647c'
20:24:03.285 [AsyncHttpClient-1-12] DEBUG org.asynchttpclient.netty.handler.HttpHandler - Unexpected I/O exception on channel [id: 0xd77afc3b, L:/127.0.0.1:62851 - R:localhost/127.0.0.1:62840]
java.net.SocketException: Connection reset
	at java.base/sun.nio.ch.SocketChannelImpl.throwConnectionReset(SocketChannelImpl.java:345)
	at java.base/sun.nio.ch.SocketChannelImpl.read(SocketChannelImpl.java:376)
	at io.netty.buffer.PooledByteBuf.setBytes(PooledByteBuf.java:258)
	at io.netty.buffer.AbstractByteBuf.writeBytes(AbstractByteBuf.java:1132)
	at io.netty.channel.socket.nio.NioSocketChannel.doReadBytes(NioSocketChannel.java:350)
	at io.netty.channel.nio.AbstractNioByteChannel$NioByteUnsafe.read(AbstractNioByteChannel.java:151)
	at io.netty.channel.nio.NioEventLoop.processSelectedKey(NioEventLoop.java:722)
	at io.netty.channel.nio.NioEventLoop.processSelectedKeysOptimized(NioEventLoop.java:658)
	at io.netty.channel.nio.NioEventLoop.processSelectedKeys(NioEventLoop.java:584)
	at io.netty.channel.nio.NioEventLoop.run(NioEventLoop.java:496)
	at io.netty.util.concurrent.SingleThreadEventExecutor$4.run(SingleThreadEventExecutor.java:986)
	at io.netty.util.internal.ThreadExecutorMap$2.run(ThreadExecutorMap.java:74)
	at io.netty.util.concurrent.FastThreadLocalRunnable.run(FastThreadLocalRunnable.java:30)
	at java.base/java.lang.Thread.run(Thread.java:830)
20:24:03.286 [AsyncHttpClient-1-12] DEBUG org.asynchttpclient.netty.channel.ChannelManager - Closing Channel [id: 0xd77afc3b, L:/127.0.0.1:62851 - R:localhost/127.0.0.1:62840] 
20:24:03.286 [AsyncHttpClient-1-12] DEBUG org.asynchttpclient.netty.handler.HttpHandler - Channel Closed: [id: 0xd77afc3b, L:/127.0.0.1:62851 ! R:localhost/127.0.0.1:62840] with attribute DISCARD
20:24:03.303 [AsyncHttpClient-1-11] DEBUG org.asynchttpclient.netty.handler.HttpHandler - 

Request DefaultFullHttpRequest(decodeResult: success, version: HTTP/1.1, content: EmptyByteBufBE)
DELETE /session/b7eacc5e3f6030898c78307dc473647c HTTP/1.1
User-Agent: selenium/4.1.2 (java windows)
Content-Type: application/json; charset=utf-8
host: localhost:59621
accept: */*

Response DefaultHttpResponse(decodeResult: success, version: HTTP/1.1)
HTTP/1.1 200 OK
Content-Type: application/json; charset=utf-8
cache-control: no-cache
content-length: 14

20:24:03.304 [AsyncHttpClient-1-11] DEBUG org.asynchttpclient.netty.channel.ChannelManager - Adding key: http://localhost:59621 for channel [id: 0x6d058be0, L:/127.0.0.1:62838 - R:localhost/127.0.0.1:59621]
20:24:03.373 [AsyncHttpClient-1-1] DEBUG org.asynchttpclient.netty.channel.DefaultChannelPool - Entry count for : http://localhost:62840 : 1
20:24:03.373 [AsyncHttpClient-1-1] DEBUG org.asynchttpclient.netty.channel.DefaultChannelPool - Entry count for : http://localhost:59621 : 1
20:24:03.373 [AsyncHttpClient-1-1] DEBUG org.asynchttpclient.netty.channel.DefaultChannelPool - Adding Candidate expired Channel [id: 0xd77afc3b, L:/127.0.0.1:62851 ! R:localhost/127.0.0.1:62840] isIdleTimeoutExpired=false isRemotelyClosed=true isTtlExpired=false
20:24:03.373 [AsyncHttpClient-1-1] DEBUG org.asynchttpclient.netty.channel.DefaultChannelPool - Closing Idle Channel [id: 0xd77afc3b, L:/127.0.0.1:62851 ! R:localhost/127.0.0.1:62840]
20:24:03.373 [AsyncHttpClient-1-1] DEBUG org.asynchttpclient.netty.channel.DefaultChannelPool - Closed 1 connections out of 2 in 0 ms
20:24:03.375 [AsyncHttpClient-1-11] DEBUG org.asynchttpclient.netty.handler.HttpHandler - Channel Closed: [id: 0x6d058be0, L:/127.0.0.1:62838 ! R:localhost/127.0.0.1:59621] with attribute DISCARD
20:24:03.895 [main] INFO  - 
  _____   ___   ___   _____     ___     _     ___   ___   ___   ___  
 |_   _| | __| / __| |_   _|   | _ \   /_\   / __| / __| | __| |   \ 
   | |   | _|  \__ \   | |     |  _/  / _ \  \__ \ \__ \ | _|  | |) |
   |_|   |___| |___/   |_|     |_|   /_/ \_\ |___/ |___/ |___| |___/ 

Login with email and password
----------------------------------------------------------------------
]]></system-out>
    <system-err><![CDATA[Starting ChromeDriver 105.0.5195.52 (412c95e518836d8a7d97250d62b29c2ae6a26a85-refs/branch-heads/5195@{#853}) on port 59621
Only local connections are allowed.
Please see https://chromedriver.chromium.org/security-considerations for suggestions on keeping ChromeDriver safe.
ChromeDriver was started successfully.
[1666790639.985][WARNING]: This version of ChromeDriver has not been tested with Chrome version 106.
Okt 26, 2022 8:24:00 PM org.openqa.selenium.remote.ProtocolHandshake createSession
INFO: Detected dialect: W3C
Okt 26, 2022 8:24:00 PM org.openqa.selenium.devtools.CdpVersionFinder findNearestMatch
WARNING: Unable to find an exact match for CDP version 106, so returning the closest version found: a no-op implementation
Okt 26, 2022 8:24:00 PM org.openqa.selenium.devtools.CdpVersionFinder findNearestMatch
INFO: Unable to find CDP implementation matching 106.
Okt 26, 2022 8:24:00 PM org.openqa.selenium.chromium.ChromiumDriver lambda$new$3
WARNING: Unable to find version of CDP to use for . You may need to include a dependency on a specific version of the CDP using something similar to `org.seleniumhq.selenium:selenium-devtools-v86:4.1.2` where the version ("v86") matches the version of the chromium-based browser you're using and the version number of the artifact is the same as Selenium's.
]]></system-err>
  </testcase>
  <testcase name="Login with email and password #3" classname="Login" time="5.72">
    <system-out><![CDATA[
@Logout
Scenario Outline: Login with email and password &amp#27;[90m# src/test/resources/features/Login.feature:17&amp#27;[0m
20:24:03.907 [main] INFO io.cucumber.core.plugin.SerenityReporter - Running feature from file:///C:/Users/alwi/IdeaProjects/AltaShop/src/test/resources/features/Login.feature
20:24:03.931 [main] INFO net.serenitybdd.core.webdriver.driverproviders.ChromeDriverProvider - Using automatically driver download
20:24:04.071 [main] DEBUG io.github.bonigarcia.wdm.cache.ResolutionCache - Resolution chrome=106 in cache (valid until 20:56:42 26/10/2022 ICT)
20:24:04.074 [main] DEBUG io.github.bonigarcia.wdm.cache.ResolutionCache - Resolution chrome106=106.0.5249.61 in cache (valid until 22:47:25 26/10/2022 WIB)
20:24:04.075 [main] INFO io.github.bonigarcia.wdm.WebDriverManager - Using chromedriver 106.0.5249.61 (resolved driver for Chrome 106)
20:24:04.087 [main] DEBUG io.github.bonigarcia.wdm.WebDriverManager - Driver chromedriver 106.0.5249.61 found in cache
20:24:04.087 [main] INFO io.github.bonigarcia.wdm.WebDriverManager - Exporting webdriver.chrome.driver as C:\Users\alwi\.cache\selenium\chromedriver\win32\106.0.5249.61\chromedriver.exe
20:24:04.217 [main] DEBUG net.serenitybdd.core.webdriver.driverproviders.ProvideNewDriver - Instantiating driver
20:24:04.218 [main] DEBUG net.serenitybdd.core.webdriver.driverproviders.ProvideNewDriver - Driver capabilities: Capabilities {acceptInsecureCerts: false, base.url: https://alta-shop.vercel.app, browserName: chrome, chrome.driver: src/test/resources/webdrive..., driver: chrome, goog:chromeOptions: {args: [], extensions: []}, wait.for.timeout: 5000}
20:24:04.469 [AsyncHttpClient-1-1] DEBUG org.asynchttpclient.netty.channel.DefaultChannelPool - Entry count for : http://localhost:59621 : 1
20:24:04.469 [AsyncHttpClient-1-1] DEBUG org.asynchttpclient.netty.channel.DefaultChannelPool - Adding Candidate expired Channel [id: 0x6d058be0, L:/127.0.0.1:62838 ! R:localhost/127.0.0.1:59621] isIdleTimeoutExpired=false isRemotelyClosed=true isTtlExpired=false
20:24:04.469 [AsyncHttpClient-1-1] DEBUG org.asynchttpclient.netty.channel.DefaultChannelPool - Closing Idle Channel [id: 0x6d058be0, L:/127.0.0.1:62838 ! R:localhost/127.0.0.1:59621]
20:24:04.469 [AsyncHttpClient-1-1] DEBUG org.asynchttpclient.netty.channel.DefaultChannelPool - Closed 1 connections out of 1 in 0 ms
20:24:04.758 [AsyncHttpClient-1-14] DEBUG org.asynchttpclient.netty.channel.NettyConnectListener - Using new Channel '[id: 0xee8aa9ee, L:/127.0.0.1:62877 - R:localhost/127.0.0.1:62923]' for 'POST' to '/session'
20:24:05.705 [AsyncHttpClient-1-14] DEBUG org.asynchttpclient.netty.handler.HttpHandler - 

Request DefaultHttpRequest(decodeResult: success, version: HTTP/1.1)
POST /session HTTP/1.1
User-Agent: selenium/4.1.2 (java windows)
Content-Length: 639
Content-Type: application/json; charset=utf-8
host: localhost:62923
accept: */*

Response DefaultHttpResponse(decodeResult: success, version: HTTP/1.1)
HTTP/1.1 200 OK
Content-Type: application/json; charset=utf-8
cache-control: no-cache
content-length: 790

20:24:05.705 [AsyncHttpClient-1-14] DEBUG org.asynchttpclient.netty.channel.ChannelManager - Adding key: http://localhost:62923 for channel [id: 0xee8aa9ee, L:/127.0.0.1:62877 - R:localhost/127.0.0.1:62923]
20:24:05.716 [AsyncHttpClient-1-15] DEBUG org.asynchttpclient.netty.channel.NettyConnectListener - Using new Channel '[id: 0x275939a0, L:/127.0.0.1:62887 - R:localhost/127.0.0.1:62879]' for 'GET' to '/json/version'
20:24:05.722 [AsyncHttpClient-1-15] DEBUG org.asynchttpclient.netty.handler.HttpHandler - 

Request DefaultFullHttpRequest(decodeResult: success, version: HTTP/1.1, content: EmptyByteBufBE)
GET /json/version HTTP/1.1
User-Agent: selenium/4.1.2 (java windows)
host: localhost:62879
accept: */*

Response DefaultHttpResponse(decodeResult: success, version: HTTP/1.1)
HTTP/1.1 200 OK
Content-Type: application/json; charset=UTF-8
content-length: 424

20:24:05.722 [AsyncHttpClient-1-15] DEBUG org.asynchttpclient.netty.channel.ChannelManager - Adding key: http://localhost:62879 for channel [id: 0x275939a0, L:/127.0.0.1:62887 - R:localhost/127.0.0.1:62879]
20:24:05.727 [AsyncHttpClient-1-16] DEBUG org.asynchttpclient.netty.channel.NettyConnectListener - Using new Channel '[id: 0x2bba1e11, L:/127.0.0.1:62888 - R:localhost/127.0.0.1:62879]' for 'GET' to '/devtools/browser/23b52509-e939-4e14-bb5a-fb841cbae893'
20:24:05.732 [AsyncHttpClient-1-16] DEBUG org.asynchttpclient.netty.handler.WebSocketHandler - 

Request DefaultFullHttpRequest(decodeResult: success, version: HTTP/1.1, content: EmptyByteBufBE)
GET /devtools/browser/23b52509-e939-4e14-bb5a-fb841cbae893 HTTP/1.1
upgrade: websocket
connection: upgrade
sec-websocket-key: ZFSG1a6yvDquXelm4hJLQA==
sec-websocket-version: 13
origin: http://localhost:62879
host: localhost:62879
accept: */*
user-agent: AHC/2.1

Response DefaultHttpResponse(decodeResult: success, version: HTTP/1.1)
HTTP/1.1 101 WebSocket Protocol Handshake
Upgrade: WebSocket
Connection: Upgrade
Sec-WebSocket-Accept: iDG7DygCerGwiWnsW7QCgcYIf9M=

20:24:05.738 [Forwarding get on session d6e9b59a40d3db602ddc4f346ba85a96 to remote] DEBUG org.asynchttpclient.netty.request.NettyRequestSender - Using pooled Channel '[id: 0xee8aa9ee, L:/127.0.0.1:62877 - R:localhost/127.0.0.1:62923]' for 'POST' to 'http://localhost:62923/session/d6e9b59a40d3db602ddc4f346ba85a96/url'
20:24:05.738 [Forwarding get on session d6e9b59a40d3db602ddc4f346ba85a96 to remote] DEBUG org.asynchttpclient.netty.request.NettyRequestSender - Using open Channel [id: 0xee8aa9ee, L:/127.0.0.1:62877 - R:localhost/127.0.0.1:62923] for POST '/session/d6e9b59a40d3db602ddc4f346ba85a96/url'
20:24:06.328 [AsyncHttpClient-1-14] DEBUG org.asynchttpclient.netty.handler.HttpHandler - 

Request DefaultHttpRequest(decodeResult: success, version: HTTP/1.1)
POST /session/d6e9b59a40d3db602ddc4f346ba85a96/url HTTP/1.1
User-Agent: selenium/4.1.2 (java windows)
Content-Length: 74
Content-Type: application/json; charset=utf-8
host: localhost:62923
accept: */*

Response DefaultHttpResponse(decodeResult: success, version: HTTP/1.1)
HTTP/1.1 200 OK
Content-Type: application/json; charset=utf-8
cache-control: no-cache
content-length: 14

20:24:06.329 [AsyncHttpClient-1-14] DEBUG org.asynchttpclient.netty.channel.ChannelManager - Adding key: http://localhost:62923 for channel [id: 0xee8aa9ee, L:/127.0.0.1:62877 - R:localhost/127.0.0.1:62923]
20:24:06.331 [Forwarding setTimeout on session d6e9b59a40d3db602ddc4f346ba85a96 to remote] DEBUG org.asynchttpclient.netty.request.NettyRequestSender - Using pooled Channel '[id: 0xee8aa9ee, L:/127.0.0.1:62877 - R:localhost/127.0.0.1:62923]' for 'POST' to 'http://localhost:62923/session/d6e9b59a40d3db602ddc4f346ba85a96/timeouts'
20:24:06.331 [Forwarding setTimeout on session d6e9b59a40d3db602ddc4f346ba85a96 to remote] DEBUG org.asynchttpclient.netty.request.NettyRequestSender - Using open Channel [id: 0xee8aa9ee, L:/127.0.0.1:62877 - R:localhost/127.0.0.1:62923] for POST '/session/d6e9b59a40d3db602ddc4f346ba85a96/timeouts'
20:24:06.333 [AsyncHttpClient-1-14] DEBUG org.asynchttpclient.netty.handler.HttpHandler - 

Request DefaultHttpRequest(decodeResult: success, version: HTTP/1.1)
POST /session/d6e9b59a40d3db602ddc4f346ba85a96/timeouts HTTP/1.1
User-Agent: selenium/4.1.2 (java windows)
Content-Length: 22
Content-Type: application/json; charset=utf-8
host: localhost:62923
accept: */*

Response DefaultHttpResponse(decodeResult: success, version: HTTP/1.1)
HTTP/1.1 200 OK
Content-Type: application/json; charset=utf-8
cache-control: no-cache
content-length: 14

20:24:06.333 [AsyncHttpClient-1-14] DEBUG org.asynchttpclient.netty.channel.ChannelManager - Adding key: http://localhost:62923 for channel [id: 0xee8aa9ee, L:/127.0.0.1:62877 - R:localhost/127.0.0.1:62923]
20:24:06.338 [Forwarding getCurrentUrl on session d6e9b59a40d3db602ddc4f346ba85a96 to remote] DEBUG org.asynchttpclient.netty.request.NettyRequestSender - Using pooled Channel '[id: 0xee8aa9ee, L:/127.0.0.1:62877 - R:localhost/127.0.0.1:62923]' for 'GET' to 'http://localhost:62923/session/d6e9b59a40d3db602ddc4f346ba85a96/url'
20:24:06.338 [Forwarding getCurrentUrl on session d6e9b59a40d3db602ddc4f346ba85a96 to remote] DEBUG org.asynchttpclient.netty.request.NettyRequestSender - Using open Channel [id: 0xee8aa9ee, L:/127.0.0.1:62877 - R:localhost/127.0.0.1:62923] for GET '/session/d6e9b59a40d3db602ddc4f346ba85a96/url'
20:24:06.345 [AsyncHttpClient-1-14] DEBUG org.asynchttpclient.netty.handler.HttpHandler - 

Request DefaultFullHttpRequest(decodeResult: success, version: HTTP/1.1, content: EmptyByteBufBE)
GET /session/d6e9b59a40d3db602ddc4f346ba85a96/url HTTP/1.1
User-Agent: selenium/4.1.2 (java windows)
Cache-Control: no-cache
Content-Type: application/json; charset=utf-8
host: localhost:62923
accept: */*

Response DefaultHttpResponse(decodeResult: success, version: HTTP/1.1)
HTTP/1.1 200 OK
Content-Type: application/json; charset=utf-8
cache-control: no-cache
content-length: 51

20:24:06.345 [AsyncHttpClient-1-14] DEBUG org.asynchttpclient.netty.channel.ChannelManager - Adding key: http://localhost:62923 for channel [id: 0xee8aa9ee, L:/127.0.0.1:62877 - R:localhost/127.0.0.1:62923]
  &amp#27;[32mGiven &amp#27;[0m&amp#27;[32mI am on the login page&amp#27;[0m                  &amp#27;[90m# starter.stepdefinitions.LoginStep.iAmOnTheLoginPage()&amp#27;[0m
20:24:06.357 [Forwarding screenshot on session d6e9b59a40d3db602ddc4f346ba85a96 to remote] DEBUG org.asynchttpclient.netty.request.NettyRequestSender - Using pooled Channel '[id: 0xee8aa9ee, L:/127.0.0.1:62877 - R:localhost/127.0.0.1:62923]' for 'GET' to 'http://localhost:62923/session/d6e9b59a40d3db602ddc4f346ba85a96/screenshot'
20:24:06.357 [Forwarding screenshot on session d6e9b59a40d3db602ddc4f346ba85a96 to remote] DEBUG org.asynchttpclient.netty.request.NettyRequestSender - Using open Channel [id: 0xee8aa9ee, L:/127.0.0.1:62877 - R:localhost/127.0.0.1:62923] for GET '/session/d6e9b59a40d3db602ddc4f346ba85a96/screenshot'
20:24:06.491 [AsyncHttpClient-1-14] DEBUG org.asynchttpclient.netty.handler.HttpHandler - 

Request DefaultFullHttpRequest(decodeResult: success, version: HTTP/1.1, content: EmptyByteBufBE)
GET /session/d6e9b59a40d3db602ddc4f346ba85a96/screenshot HTTP/1.1
User-Agent: selenium/4.1.2 (java windows)
Cache-Control: no-cache
Content-Type: application/json; charset=utf-8
host: localhost:62923
accept: */*

Response DefaultHttpResponse(decodeResult: success, version: HTTP/1.1)
HTTP/1.1 200 OK
Content-Type: application/json; charset=utf-8
cache-control: no-cache
content-length: 24528

20:24:06.492 [AsyncHttpClient-1-14] DEBUG org.asynchttpclient.netty.channel.ChannelManager - Adding key: http://localhost:62923 for channel [id: 0xee8aa9ee, L:/127.0.0.1:62877 - R:localhost/127.0.0.1:62923]
20:24:06.493 [main] DEBUG net.serenitybdd.core.photography.Darkroom - Send negative for processing for target\site\serenity\4a081d05db2e6be9b3256b332b844d9c53d5aa88207142e6b6c18ed6759b787c.png
20:24:06.506 [Forwarding findElement on session d6e9b59a40d3db602ddc4f346ba85a96 to remote] DEBUG org.asynchttpclient.netty.request.NettyRequestSender - Using pooled Channel '[id: 0xee8aa9ee, L:/127.0.0.1:62877 - R:localhost/127.0.0.1:62923]' for 'POST' to 'http://localhost:62923/session/d6e9b59a40d3db602ddc4f346ba85a96/element'
20:24:06.506 [Forwarding findElement on session d6e9b59a40d3db602ddc4f346ba85a96 to remote] DEBUG org.asynchttpclient.netty.request.NettyRequestSender - Using open Channel [id: 0xee8aa9ee, L:/127.0.0.1:62877 - R:localhost/127.0.0.1:62923] for POST '/session/d6e9b59a40d3db602ddc4f346ba85a96/element'
20:24:06.525 [AsyncHttpClient-1-14] DEBUG org.asynchttpclient.netty.handler.HttpHandler - 

Request DefaultHttpRequest(decodeResult: success, version: HTTP/1.1)
POST /session/d6e9b59a40d3db602ddc4f346ba85a96/element HTTP/1.1
User-Agent: selenium/4.1.2 (java windows)
Content-Length: 55
Content-Type: application/json; charset=utf-8
host: localhost:62923
accept: */*

Response DefaultHttpResponse(decodeResult: success, version: HTTP/1.1)
HTTP/1.1 200 OK
Content-Type: application/json; charset=utf-8
cache-control: no-cache
content-length: 88

20:24:06.525 [AsyncHttpClient-1-14] DEBUG org.asynchttpclient.netty.channel.ChannelManager - Adding key: http://localhost:62923 for channel [id: 0xee8aa9ee, L:/127.0.0.1:62877 - R:localhost/127.0.0.1:62923]
20:24:06.528 [Forwarding clearElement on session d6e9b59a40d3db602ddc4f346ba85a96 to remote] DEBUG org.asynchttpclient.netty.request.NettyRequestSender - Using pooled Channel '[id: 0xee8aa9ee, L:/127.0.0.1:62877 - R:localhost/127.0.0.1:62923]' for 'POST' to 'http://localhost:62923/session/d6e9b59a40d3db602ddc4f346ba85a96/element/89380e42-94ee-4fbd-9994-0cd918d06f7b/clear'
20:24:06.529 [Forwarding clearElement on session d6e9b59a40d3db602ddc4f346ba85a96 to remote] DEBUG org.asynchttpclient.netty.request.NettyRequestSender - Using open Channel [id: 0xee8aa9ee, L:/127.0.0.1:62877 - R:localhost/127.0.0.1:62923] for POST '/session/d6e9b59a40d3db602ddc4f346ba85a96/element/89380e42-94ee-4fbd-9994-0cd918d06f7b/clear'
20:24:06.585 [AsyncHttpClient-1-14] DEBUG org.asynchttpclient.netty.handler.HttpHandler - 

Request DefaultHttpRequest(decodeResult: success, version: HTTP/1.1)
POST /session/d6e9b59a40d3db602ddc4f346ba85a96/element/89380e42-94ee-4fbd-9994-0cd918d06f7b/clear HTTP/1.1
User-Agent: selenium/4.1.2 (java windows)
Content-Length: 50
Content-Type: application/json; charset=utf-8
host: localhost:62923
accept: */*

Response DefaultHttpResponse(decodeResult: success, version: HTTP/1.1)
HTTP/1.1 200 OK
Content-Type: application/json; charset=utf-8
cache-control: no-cache
content-length: 14

20:24:06.585 [AsyncHttpClient-1-14] DEBUG org.asynchttpclient.netty.channel.ChannelManager - Adding key: http://localhost:62923 for channel [id: 0xee8aa9ee, L:/127.0.0.1:62877 - R:localhost/127.0.0.1:62923]
20:24:06.588 [Forwarding sendKeysToElement on session d6e9b59a40d3db602ddc4f346ba85a96 to remote] DEBUG org.asynchttpclient.netty.request.NettyRequestSender - Using pooled Channel '[id: 0xee8aa9ee, L:/127.0.0.1:62877 - R:localhost/127.0.0.1:62923]' for 'POST' to 'http://localhost:62923/session/d6e9b59a40d3db602ddc4f346ba85a96/element/89380e42-94ee-4fbd-9994-0cd918d06f7b/value'
20:24:06.588 [Forwarding sendKeysToElement on session d6e9b59a40d3db602ddc4f346ba85a96 to remote] DEBUG org.asynchttpclient.netty.request.NettyRequestSender - Using open Channel [id: 0xee8aa9ee, L:/127.0.0.1:62877 - R:localhost/127.0.0.1:62923] for POST '/session/d6e9b59a40d3db602ddc4f346ba85a96/element/89380e42-94ee-4fbd-9994-0cd918d06f7b/value'
20:24:06.675 [AsyncHttpClient-1-1] DEBUG org.asynchttpclient.netty.channel.DefaultChannelPool - Entry count for : http://localhost:62879 : 1
20:24:06.758 [AsyncHttpClient-1-14] DEBUG org.asynchttpclient.netty.handler.HttpHandler - 

Request DefaultHttpRequest(decodeResult: success, version: HTTP/1.1)
POST /session/d6e9b59a40d3db602ddc4f346ba85a96/element/89380e42-94ee-4fbd-9994-0cd918d06f7b/value HTTP/1.1
User-Agent: selenium/4.1.2 (java windows)
Content-Length: 241
Content-Type: application/json; charset=utf-8
host: localhost:62923
accept: */*

Response DefaultHttpResponse(decodeResult: success, version: HTTP/1.1)
HTTP/1.1 200 OK
Content-Type: application/json; charset=utf-8
cache-control: no-cache
content-length: 14

20:24:06.758 [AsyncHttpClient-1-14] DEBUG org.asynchttpclient.netty.channel.ChannelManager - Adding key: http://localhost:62923 for channel [id: 0xee8aa9ee, L:/127.0.0.1:62877 - R:localhost/127.0.0.1:62923]
  &amp#27;[32mWhen &amp#27;[0m&amp#27;[32mI input email &amp#27;[0m&amp#27;[32m&amp#27;[1m"naixxy1@mail.com"&amp#27;[0m         &amp#27;[90m# starter.stepdefinitions.LoginStep.iInputEmail(java.lang.String)&amp#27;[0m
20:24:06.766 [Forwarding screenshot on session d6e9b59a40d3db602ddc4f346ba85a96 to remote] DEBUG org.asynchttpclient.netty.request.NettyRequestSender - Using pooled Channel '[id: 0xee8aa9ee, L:/127.0.0.1:62877 - R:localhost/127.0.0.1:62923]' for 'GET' to 'http://localhost:62923/session/d6e9b59a40d3db602ddc4f346ba85a96/screenshot'
20:24:06.766 [Forwarding screenshot on session d6e9b59a40d3db602ddc4f346ba85a96 to remote] DEBUG org.asynchttpclient.netty.request.NettyRequestSender - Using open Channel [id: 0xee8aa9ee, L:/127.0.0.1:62877 - R:localhost/127.0.0.1:62923] for GET '/session/d6e9b59a40d3db602ddc4f346ba85a96/screenshot'
20:24:06.925 [AsyncHttpClient-1-14] DEBUG org.asynchttpclient.netty.handler.HttpHandler - 

Request DefaultFullHttpRequest(decodeResult: success, version: HTTP/1.1, content: EmptyByteBufBE)
GET /session/d6e9b59a40d3db602ddc4f346ba85a96/screenshot HTTP/1.1
User-Agent: selenium/4.1.2 (java windows)
Cache-Control: no-cache
Content-Type: application/json; charset=utf-8
host: localhost:62923
accept: */*

Response DefaultHttpResponse(decodeResult: success, version: HTTP/1.1)
HTTP/1.1 200 OK
Content-Type: application/json; charset=utf-8
cache-control: no-cache
content-length: 28912

20:24:06.926 [AsyncHttpClient-1-14] DEBUG org.asynchttpclient.netty.channel.ChannelManager - Adding key: http://localhost:62923 for channel [id: 0xee8aa9ee, L:/127.0.0.1:62877 - R:localhost/127.0.0.1:62923]
20:24:06.928 [main] DEBUG net.serenitybdd.core.photography.Darkroom - Send negative for processing for target\site\serenity\66ecba8a4d0607aaf35775fe5f43e3dfe88720318205523d8b0ce783e2f5bb77.png
20:24:06.928 [Darkroom Processing Line] DEBUG net.serenitybdd.core.photography.DarkroomProcessingLine - Processing screenshot image in /var/screenshots/screenshot-12577343291545295463
20:24:06.928 [Darkroom Processing Line] DEBUG net.serenitybdd.core.photography.DarkroomProcessingLine - Saving screenshot to target\site\serenity\66ecba8a4d0607aaf35775fe5f43e3dfe88720318205523d8b0ce783e2f5bb77.png
20:24:06.940 [Forwarding findElement on session d6e9b59a40d3db602ddc4f346ba85a96 to remote] DEBUG org.asynchttpclient.netty.request.NettyRequestSender - Using pooled Channel '[id: 0xee8aa9ee, L:/127.0.0.1:62877 - R:localhost/127.0.0.1:62923]' for 'POST' to 'http://localhost:62923/session/d6e9b59a40d3db602ddc4f346ba85a96/element'
20:24:06.940 [Forwarding findElement on session d6e9b59a40d3db602ddc4f346ba85a96 to remote] DEBUG org.asynchttpclient.netty.request.NettyRequestSender - Using open Channel [id: 0xee8aa9ee, L:/127.0.0.1:62877 - R:localhost/127.0.0.1:62923] for POST '/session/d6e9b59a40d3db602ddc4f346ba85a96/element'
20:24:06.955 [AsyncHttpClient-1-14] DEBUG org.asynchttpclient.netty.handler.HttpHandler - 

Request DefaultHttpRequest(decodeResult: success, version: HTTP/1.1)
POST /session/d6e9b59a40d3db602ddc4f346ba85a96/element HTTP/1.1
User-Agent: selenium/4.1.2 (java windows)
Content-Length: 55
Content-Type: application/json; charset=utf-8
host: localhost:62923
accept: */*

Response DefaultHttpResponse(decodeResult: success, version: HTTP/1.1)
HTTP/1.1 200 OK
Content-Type: application/json; charset=utf-8
cache-control: no-cache
content-length: 88

20:24:06.956 [AsyncHttpClient-1-14] DEBUG org.asynchttpclient.netty.channel.ChannelManager - Adding key: http://localhost:62923 for channel [id: 0xee8aa9ee, L:/127.0.0.1:62877 - R:localhost/127.0.0.1:62923]
20:24:06.959 [Forwarding clearElement on session d6e9b59a40d3db602ddc4f346ba85a96 to remote] DEBUG org.asynchttpclient.netty.request.NettyRequestSender - Using pooled Channel '[id: 0xee8aa9ee, L:/127.0.0.1:62877 - R:localhost/127.0.0.1:62923]' for 'POST' to 'http://localhost:62923/session/d6e9b59a40d3db602ddc4f346ba85a96/element/7964a5d0-e350-4466-b175-dc11be6de850/clear'
20:24:06.959 [Forwarding clearElement on session d6e9b59a40d3db602ddc4f346ba85a96 to remote] DEBUG org.asynchttpclient.netty.request.NettyRequestSender - Using open Channel [id: 0xee8aa9ee, L:/127.0.0.1:62877 - R:localhost/127.0.0.1:62923] for POST '/session/d6e9b59a40d3db602ddc4f346ba85a96/element/7964a5d0-e350-4466-b175-dc11be6de850/clear'
20:24:07.003 [AsyncHttpClient-1-14] DEBUG org.asynchttpclient.netty.handler.HttpHandler - 

Request DefaultHttpRequest(decodeResult: success, version: HTTP/1.1)
POST /session/d6e9b59a40d3db602ddc4f346ba85a96/element/7964a5d0-e350-4466-b175-dc11be6de850/clear HTTP/1.1
User-Agent: selenium/4.1.2 (java windows)
Content-Length: 50
Content-Type: application/json; charset=utf-8
host: localhost:62923
accept: */*

Response DefaultHttpResponse(decodeResult: success, version: HTTP/1.1)
HTTP/1.1 200 OK
Content-Type: application/json; charset=utf-8
cache-control: no-cache
content-length: 14

20:24:07.003 [AsyncHttpClient-1-14] DEBUG org.asynchttpclient.netty.channel.ChannelManager - Adding key: http://localhost:62923 for channel [id: 0xee8aa9ee, L:/127.0.0.1:62877 - R:localhost/127.0.0.1:62923]
20:24:07.007 [Forwarding sendKeysToElement on session d6e9b59a40d3db602ddc4f346ba85a96 to remote] DEBUG org.asynchttpclient.netty.request.NettyRequestSender - Using pooled Channel '[id: 0xee8aa9ee, L:/127.0.0.1:62877 - R:localhost/127.0.0.1:62923]' for 'POST' to 'http://localhost:62923/session/d6e9b59a40d3db602ddc4f346ba85a96/element/7964a5d0-e350-4466-b175-dc11be6de850/value'
20:24:07.007 [Forwarding sendKeysToElement on session d6e9b59a40d3db602ddc4f346ba85a96 to remote] DEBUG org.asynchttpclient.netty.request.NettyRequestSender - Using open Channel [id: 0xee8aa9ee, L:/127.0.0.1:62877 - R:localhost/127.0.0.1:62923] for POST '/session/d6e9b59a40d3db602ddc4f346ba85a96/element/7964a5d0-e350-4466-b175-dc11be6de850/value'
20:24:07.047 [AsyncHttpClient-1-14] DEBUG org.asynchttpclient.netty.handler.HttpHandler - 

Request DefaultHttpRequest(decodeResult: success, version: HTTP/1.1)
POST /session/d6e9b59a40d3db602ddc4f346ba85a96/element/7964a5d0-e350-4466-b175-dc11be6de850/value HTTP/1.1
User-Agent: selenium/4.1.2 (java windows)
Content-Length: 82
Content-Type: application/json; charset=utf-8
host: localhost:62923
accept: */*

Response DefaultHttpResponse(decodeResult: success, version: HTTP/1.1)
HTTP/1.1 200 OK
Content-Type: application/json; charset=utf-8
cache-control: no-cache
content-length: 14

20:24:07.048 [AsyncHttpClient-1-14] DEBUG org.asynchttpclient.netty.channel.ChannelManager - Adding key: http://localhost:62923 for channel [id: 0xee8aa9ee, L:/127.0.0.1:62877 - R:localhost/127.0.0.1:62923]
  &amp#27;[32mAnd &amp#27;[0m&amp#27;[32mI input password &amp#27;[0m&amp#27;[32m&amp#27;[1m""&amp#27;[0m                       &amp#27;[90m# starter.stepdefinitions.LoginStep.iInputPassword(java.lang.String)&amp#27;[0m
20:24:07.067 [Forwarding screenshot on session d6e9b59a40d3db602ddc4f346ba85a96 to remote] DEBUG org.asynchttpclient.netty.request.NettyRequestSender - Using pooled Channel '[id: 0xee8aa9ee, L:/127.0.0.1:62877 - R:localhost/127.0.0.1:62923]' for 'GET' to 'http://localhost:62923/session/d6e9b59a40d3db602ddc4f346ba85a96/screenshot'
20:24:07.067 [Forwarding screenshot on session d6e9b59a40d3db602ddc4f346ba85a96 to remote] DEBUG org.asynchttpclient.netty.request.NettyRequestSender - Using open Channel [id: 0xee8aa9ee, L:/127.0.0.1:62877 - R:localhost/127.0.0.1:62923] for GET '/session/d6e9b59a40d3db602ddc4f346ba85a96/screenshot'
20:24:07.216 [AsyncHttpClient-1-14] DEBUG org.asynchttpclient.netty.handler.HttpHandler - 

Request DefaultFullHttpRequest(decodeResult: success, version: HTTP/1.1, content: EmptyByteBufBE)
GET /session/d6e9b59a40d3db602ddc4f346ba85a96/screenshot HTTP/1.1
User-Agent: selenium/4.1.2 (java windows)
Cache-Control: no-cache
Content-Type: application/json; charset=utf-8
host: localhost:62923
accept: */*

Response DefaultHttpResponse(decodeResult: success, version: HTTP/1.1)
HTTP/1.1 200 OK
Content-Type: application/json; charset=utf-8
cache-control: no-cache
content-length: 28496

20:24:07.216 [AsyncHttpClient-1-14] DEBUG org.asynchttpclient.netty.channel.ChannelManager - Adding key: http://localhost:62923 for channel [id: 0xee8aa9ee, L:/127.0.0.1:62877 - R:localhost/127.0.0.1:62923]
20:24:07.220 [main] DEBUG net.serenitybdd.core.photography.Darkroom - Send negative for processing for target\site\serenity\ea98578aa2a5625708cecafd67af5e5f1fea8e8219aa0c4029c90427057c50ca.png
20:24:07.221 [Darkroom Processing Line] DEBUG net.serenitybdd.core.photography.DarkroomProcessingLine - Processing screenshot image in /var/screenshots/screenshot-13211543608062729640
20:24:07.221 [Darkroom Processing Line] DEBUG net.serenitybdd.core.photography.DarkroomProcessingLine - Saving screenshot to target\site\serenity\ea98578aa2a5625708cecafd67af5e5f1fea8e8219aa0c4029c90427057c50ca.png
20:24:07.233 [Forwarding findElement on session d6e9b59a40d3db602ddc4f346ba85a96 to remote] DEBUG org.asynchttpclient.netty.request.NettyRequestSender - Using pooled Channel '[id: 0xee8aa9ee, L:/127.0.0.1:62877 - R:localhost/127.0.0.1:62923]' for 'POST' to 'http://localhost:62923/session/d6e9b59a40d3db602ddc4f346ba85a96/element'
20:24:07.233 [Forwarding findElement on session d6e9b59a40d3db602ddc4f346ba85a96 to remote] DEBUG org.asynchttpclient.netty.request.NettyRequestSender - Using open Channel [id: 0xee8aa9ee, L:/127.0.0.1:62877 - R:localhost/127.0.0.1:62923] for POST '/session/d6e9b59a40d3db602ddc4f346ba85a96/element'
20:24:07.253 [AsyncHttpClient-1-14] DEBUG org.asynchttpclient.netty.handler.HttpHandler - 

Request DefaultHttpRequest(decodeResult: success, version: HTTP/1.1)
POST /session/d6e9b59a40d3db602ddc4f346ba85a96/element HTTP/1.1
User-Agent: selenium/4.1.2 (java windows)
Content-Length: 143
Content-Type: application/json; charset=utf-8
host: localhost:62923
accept: */*

Response DefaultHttpResponse(decodeResult: success, version: HTTP/1.1)
HTTP/1.1 200 OK
Content-Type: application/json; charset=utf-8
cache-control: no-cache
content-length: 88

20:24:07.253 [AsyncHttpClient-1-14] DEBUG org.asynchttpclient.netty.channel.ChannelManager - Adding key: http://localhost:62923 for channel [id: 0xee8aa9ee, L:/127.0.0.1:62877 - R:localhost/127.0.0.1:62923]
20:24:07.257 [Forwarding getElementTagName on session d6e9b59a40d3db602ddc4f346ba85a96 to remote] DEBUG org.asynchttpclient.netty.request.NettyRequestSender - Using pooled Channel '[id: 0xee8aa9ee, L:/127.0.0.1:62877 - R:localhost/127.0.0.1:62923]' for 'GET' to 'http://localhost:62923/session/d6e9b59a40d3db602ddc4f346ba85a96/element/0fa8e7c8-d72f-477a-8a47-1a267c4aa89c/name'
20:24:07.257 [Forwarding getElementTagName on session d6e9b59a40d3db602ddc4f346ba85a96 to remote] DEBUG org.asynchttpclient.netty.request.NettyRequestSender - Using open Channel [id: 0xee8aa9ee, L:/127.0.0.1:62877 - R:localhost/127.0.0.1:62923] for GET '/session/d6e9b59a40d3db602ddc4f346ba85a96/element/0fa8e7c8-d72f-477a-8a47-1a267c4aa89c/name'
20:24:07.263 [AsyncHttpClient-1-14] DEBUG org.asynchttpclient.netty.handler.HttpHandler - 

Request DefaultFullHttpRequest(decodeResult: success, version: HTTP/1.1, content: EmptyByteBufBE)
GET /session/d6e9b59a40d3db602ddc4f346ba85a96/element/0fa8e7c8-d72f-477a-8a47-1a267c4aa89c/name HTTP/1.1
User-Agent: selenium/4.1.2 (java windows)
Cache-Control: no-cache
Content-Type: application/json; charset=utf-8
host: localhost:62923
accept: */*

Response DefaultHttpResponse(decodeResult: success, version: HTTP/1.1)
HTTP/1.1 200 OK
Content-Type: application/json; charset=utf-8
cache-control: no-cache
content-length: 18

20:24:07.264 [AsyncHttpClient-1-14] DEBUG org.asynchttpclient.netty.channel.ChannelManager - Adding key: http://localhost:62923 for channel [id: 0xee8aa9ee, L:/127.0.0.1:62877 - R:localhost/127.0.0.1:62923]
20:24:07.265 [Forwarding getElementTagName on session d6e9b59a40d3db602ddc4f346ba85a96 to remote] DEBUG org.asynchttpclient.netty.request.NettyRequestSender - Using pooled Channel '[id: 0xee8aa9ee, L:/127.0.0.1:62877 - R:localhost/127.0.0.1:62923]' for 'GET' to 'http://localhost:62923/session/d6e9b59a40d3db602ddc4f346ba85a96/element/0fa8e7c8-d72f-477a-8a47-1a267c4aa89c/name'
20:24:07.265 [Forwarding getElementTagName on session d6e9b59a40d3db602ddc4f346ba85a96 to remote] DEBUG org.asynchttpclient.netty.request.NettyRequestSender - Using open Channel [id: 0xee8aa9ee, L:/127.0.0.1:62877 - R:localhost/127.0.0.1:62923] for GET '/session/d6e9b59a40d3db602ddc4f346ba85a96/element/0fa8e7c8-d72f-477a-8a47-1a267c4aa89c/name'
20:24:07.269 [AsyncHttpClient-1-14] DEBUG org.asynchttpclient.netty.handler.HttpHandler - 

Request DefaultFullHttpRequest(decodeResult: success, version: HTTP/1.1, content: EmptyByteBufBE)
GET /session/d6e9b59a40d3db602ddc4f346ba85a96/element/0fa8e7c8-d72f-477a-8a47-1a267c4aa89c/name HTTP/1.1
User-Agent: selenium/4.1.2 (java windows)
Cache-Control: no-cache
Content-Type: application/json; charset=utf-8
host: localhost:62923
accept: */*

Response DefaultHttpResponse(decodeResult: success, version: HTTP/1.1)
HTTP/1.1 200 OK
Content-Type: application/json; charset=utf-8
cache-control: no-cache
content-length: 18

20:24:07.269 [AsyncHttpClient-1-14] DEBUG org.asynchttpclient.netty.channel.ChannelManager - Adding key: http://localhost:62923 for channel [id: 0xee8aa9ee, L:/127.0.0.1:62877 - R:localhost/127.0.0.1:62923]
20:24:07.274 [Forwarding isElementEnabled on session d6e9b59a40d3db602ddc4f346ba85a96 to remote] DEBUG org.asynchttpclient.netty.request.NettyRequestSender - Using pooled Channel '[id: 0xee8aa9ee, L:/127.0.0.1:62877 - R:localhost/127.0.0.1:62923]' for 'GET' to 'http://localhost:62923/session/d6e9b59a40d3db602ddc4f346ba85a96/element/0fa8e7c8-d72f-477a-8a47-1a267c4aa89c/enabled'
20:24:07.275 [Forwarding isElementEnabled on session d6e9b59a40d3db602ddc4f346ba85a96 to remote] DEBUG org.asynchttpclient.netty.request.NettyRequestSender - Using open Channel [id: 0xee8aa9ee, L:/127.0.0.1:62877 - R:localhost/127.0.0.1:62923] for GET '/session/d6e9b59a40d3db602ddc4f346ba85a96/element/0fa8e7c8-d72f-477a-8a47-1a267c4aa89c/enabled'
20:24:07.282 [AsyncHttpClient-1-14] DEBUG org.asynchttpclient.netty.handler.HttpHandler - 

Request DefaultFullHttpRequest(decodeResult: success, version: HTTP/1.1, content: EmptyByteBufBE)
GET /session/d6e9b59a40d3db602ddc4f346ba85a96/element/0fa8e7c8-d72f-477a-8a47-1a267c4aa89c/enabled HTTP/1.1
User-Agent: selenium/4.1.2 (java windows)
Cache-Control: no-cache
Content-Type: application/json; charset=utf-8
host: localhost:62923
accept: */*

Response DefaultHttpResponse(decodeResult: success, version: HTTP/1.1)
HTTP/1.1 200 OK
Content-Type: application/json; charset=utf-8
cache-control: no-cache
content-length: 14

20:24:07.282 [AsyncHttpClient-1-14] DEBUG org.asynchttpclient.netty.channel.ChannelManager - Adding key: http://localhost:62923 for channel [id: 0xee8aa9ee, L:/127.0.0.1:62877 - R:localhost/127.0.0.1:62923]
20:24:07.284 [Forwarding isElementEnabled on session d6e9b59a40d3db602ddc4f346ba85a96 to remote] DEBUG org.asynchttpclient.netty.request.NettyRequestSender - Using pooled Channel '[id: 0xee8aa9ee, L:/127.0.0.1:62877 - R:localhost/127.0.0.1:62923]' for 'GET' to 'http://localhost:62923/session/d6e9b59a40d3db602ddc4f346ba85a96/element/0fa8e7c8-d72f-477a-8a47-1a267c4aa89c/enabled'
20:24:07.284 [Forwarding isElementEnabled on session d6e9b59a40d3db602ddc4f346ba85a96 to remote] DEBUG org.asynchttpclient.netty.request.NettyRequestSender - Using open Channel [id: 0xee8aa9ee, L:/127.0.0.1:62877 - R:localhost/127.0.0.1:62923] for GET '/session/d6e9b59a40d3db602ddc4f346ba85a96/element/0fa8e7c8-d72f-477a-8a47-1a267c4aa89c/enabled'
20:24:07.293 [AsyncHttpClient-1-14] DEBUG org.asynchttpclient.netty.handler.HttpHandler - 

Request DefaultFullHttpRequest(decodeResult: success, version: HTTP/1.1, content: EmptyByteBufBE)
GET /session/d6e9b59a40d3db602ddc4f346ba85a96/element/0fa8e7c8-d72f-477a-8a47-1a267c4aa89c/enabled HTTP/1.1
User-Agent: selenium/4.1.2 (java windows)
Cache-Control: no-cache
Content-Type: application/json; charset=utf-8
host: localhost:62923
accept: */*

Response DefaultHttpResponse(decodeResult: success, version: HTTP/1.1)
HTTP/1.1 200 OK
Content-Type: application/json; charset=utf-8
cache-control: no-cache
content-length: 14

20:24:07.294 [AsyncHttpClient-1-14] DEBUG org.asynchttpclient.netty.channel.ChannelManager - Adding key: http://localhost:62923 for channel [id: 0xee8aa9ee, L:/127.0.0.1:62877 - R:localhost/127.0.0.1:62923]
20:24:07.298 [Forwarding findElement on session d6e9b59a40d3db602ddc4f346ba85a96 to remote] DEBUG org.asynchttpclient.netty.request.NettyRequestSender - Using pooled Channel '[id: 0xee8aa9ee, L:/127.0.0.1:62877 - R:localhost/127.0.0.1:62923]' for 'POST' to 'http://localhost:62923/session/d6e9b59a40d3db602ddc4f346ba85a96/element'
20:24:07.298 [Forwarding findElement on session d6e9b59a40d3db602ddc4f346ba85a96 to remote] DEBUG org.asynchttpclient.netty.request.NettyRequestSender - Using open Channel [id: 0xee8aa9ee, L:/127.0.0.1:62877 - R:localhost/127.0.0.1:62923] for POST '/session/d6e9b59a40d3db602ddc4f346ba85a96/element'
20:24:07.307 [AsyncHttpClient-1-14] DEBUG org.asynchttpclient.netty.handler.HttpHandler - 

Request DefaultHttpRequest(decodeResult: success, version: HTTP/1.1)
POST /session/d6e9b59a40d3db602ddc4f346ba85a96/element HTTP/1.1
User-Agent: selenium/4.1.2 (java windows)
Content-Length: 143
Content-Type: application/json; charset=utf-8
host: localhost:62923
accept: */*

Response DefaultHttpResponse(decodeResult: success, version: HTTP/1.1)
HTTP/1.1 200 OK
Content-Type: application/json; charset=utf-8
cache-control: no-cache
content-length: 88

20:24:07.307 [AsyncHttpClient-1-14] DEBUG org.asynchttpclient.netty.channel.ChannelManager - Adding key: http://localhost:62923 for channel [id: 0xee8aa9ee, L:/127.0.0.1:62877 - R:localhost/127.0.0.1:62923]
20:24:07.310 [Forwarding clickElement on session d6e9b59a40d3db602ddc4f346ba85a96 to remote] DEBUG org.asynchttpclient.netty.request.NettyRequestSender - Using pooled Channel '[id: 0xee8aa9ee, L:/127.0.0.1:62877 - R:localhost/127.0.0.1:62923]' for 'POST' to 'http://localhost:62923/session/d6e9b59a40d3db602ddc4f346ba85a96/element/0fa8e7c8-d72f-477a-8a47-1a267c4aa89c/click'
20:24:07.310 [Forwarding clickElement on session d6e9b59a40d3db602ddc4f346ba85a96 to remote] DEBUG org.asynchttpclient.netty.request.NettyRequestSender - Using open Channel [id: 0xee8aa9ee, L:/127.0.0.1:62877 - R:localhost/127.0.0.1:62923] for POST '/session/d6e9b59a40d3db602ddc4f346ba85a96/element/0fa8e7c8-d72f-477a-8a47-1a267c4aa89c/click'
20:24:07.388 [AsyncHttpClient-1-14] DEBUG org.asynchttpclient.netty.handler.HttpHandler - 

Request DefaultHttpRequest(decodeResult: success, version: HTTP/1.1)
POST /session/d6e9b59a40d3db602ddc4f346ba85a96/element/0fa8e7c8-d72f-477a-8a47-1a267c4aa89c/click HTTP/1.1
User-Agent: selenium/4.1.2 (java windows)
Content-Length: 50
Content-Type: application/json; charset=utf-8
host: localhost:62923
accept: */*

Response DefaultHttpResponse(decodeResult: success, version: HTTP/1.1)
HTTP/1.1 200 OK
Content-Type: application/json; charset=utf-8
cache-control: no-cache
content-length: 14

20:24:07.389 [AsyncHttpClient-1-14] DEBUG org.asynchttpclient.netty.channel.ChannelManager - Adding key: http://localhost:62923 for channel [id: 0xee8aa9ee, L:/127.0.0.1:62877 - R:localhost/127.0.0.1:62923]
  &amp#27;[32mAnd &amp#27;[0m&amp#27;[32mI click login button&amp#27;[0m                      &amp#27;[90m# starter.stepdefinitions.LoginStep.iClickLoginButton()&amp#27;[0m
20:24:07.397 [Forwarding screenshot on session d6e9b59a40d3db602ddc4f346ba85a96 to remote] DEBUG org.asynchttpclient.netty.request.NettyRequestSender - Using pooled Channel '[id: 0xee8aa9ee, L:/127.0.0.1:62877 - R:localhost/127.0.0.1:62923]' for 'GET' to 'http://localhost:62923/session/d6e9b59a40d3db602ddc4f346ba85a96/screenshot'
20:24:07.397 [Forwarding screenshot on session d6e9b59a40d3db602ddc4f346ba85a96 to remote] DEBUG org.asynchttpclient.netty.request.NettyRequestSender - Using open Channel [id: 0xee8aa9ee, L:/127.0.0.1:62877 - R:localhost/127.0.0.1:62923] for GET '/session/d6e9b59a40d3db602ddc4f346ba85a96/screenshot'
20:24:07.549 [AsyncHttpClient-1-14] DEBUG org.asynchttpclient.netty.handler.HttpHandler - 

Request DefaultFullHttpRequest(decodeResult: success, version: HTTP/1.1, content: EmptyByteBufBE)
GET /session/d6e9b59a40d3db602ddc4f346ba85a96/screenshot HTTP/1.1
User-Agent: selenium/4.1.2 (java windows)
Cache-Control: no-cache
Content-Type: application/json; charset=utf-8
host: localhost:62923
accept: */*

Response DefaultHttpResponse(decodeResult: success, version: HTTP/1.1)
HTTP/1.1 200 OK
Content-Type: application/json; charset=utf-8
cache-control: no-cache
content-length: 29164

20:24:07.550 [AsyncHttpClient-1-14] DEBUG org.asynchttpclient.netty.channel.ChannelManager - Adding key: http://localhost:62923 for channel [id: 0xee8aa9ee, L:/127.0.0.1:62877 - R:localhost/127.0.0.1:62923]
20:24:07.552 [main] DEBUG net.serenitybdd.core.photography.Darkroom - Send negative for processing for target\site\serenity\a865644476b123992d18982e7abd1341e8180fc3c9e95c4bcd70c825f03ba4aa.png
20:24:07.552 [Darkroom Processing Line] DEBUG net.serenitybdd.core.photography.DarkroomProcessingLine - Processing screenshot image in /var/screenshots/screenshot-10279269814965280334
20:24:07.552 [Darkroom Processing Line] DEBUG net.serenitybdd.core.photography.DarkroomProcessingLine - Saving screenshot to target\site\serenity\a865644476b123992d18982e7abd1341e8180fc3c9e95c4bcd70c825f03ba4aa.png
20:24:07.561 [Forwarding findElement on session d6e9b59a40d3db602ddc4f346ba85a96 to remote] DEBUG org.asynchttpclient.netty.request.NettyRequestSender - Using pooled Channel '[id: 0xee8aa9ee, L:/127.0.0.1:62877 - R:localhost/127.0.0.1:62923]' for 'POST' to 'http://localhost:62923/session/d6e9b59a40d3db602ddc4f346ba85a96/element'
20:24:07.561 [Forwarding findElement on session d6e9b59a40d3db602ddc4f346ba85a96 to remote] DEBUG org.asynchttpclient.netty.request.NettyRequestSender - Using open Channel [id: 0xee8aa9ee, L:/127.0.0.1:62877 - R:localhost/127.0.0.1:62923] for POST '/session/d6e9b59a40d3db602ddc4f346ba85a96/element'
20:24:07.765 [AsyncHttpClient-1-1] DEBUG org.asynchttpclient.netty.channel.DefaultChannelPool - Entry count for : http://localhost:62879 : 1
20:24:08.753 [AsyncHttpClient-1-14] DEBUG org.asynchttpclient.netty.handler.HttpHandler - 

Request DefaultHttpRequest(decodeResult: success, version: HTTP/1.1)
POST /session/d6e9b59a40d3db602ddc4f346ba85a96/element HTTP/1.1
User-Agent: selenium/4.1.2 (java windows)
Content-Length: 69
Content-Type: application/json; charset=utf-8
host: localhost:62923
accept: */*

Response DefaultHttpResponse(decodeResult: success, version: HTTP/1.1)
HTTP/1.1 200 OK
Content-Type: application/json; charset=utf-8
cache-control: no-cache
content-length: 88

20:24:08.753 [AsyncHttpClient-1-14] DEBUG org.asynchttpclient.netty.channel.ChannelManager - Adding key: http://localhost:62923 for channel [id: 0xee8aa9ee, L:/127.0.0.1:62877 - R:localhost/127.0.0.1:62923]
20:24:08.761 [Forwarding isElementDisplayed on session d6e9b59a40d3db602ddc4f346ba85a96 to remote] DEBUG org.asynchttpclient.netty.request.NettyRequestSender - Using pooled Channel '[id: 0xee8aa9ee, L:/127.0.0.1:62877 - R:localhost/127.0.0.1:62923]' for 'POST' to 'http://localhost:62923/session/d6e9b59a40d3db602ddc4f346ba85a96/execute/sync'
20:24:08.762 [Forwarding isElementDisplayed on session d6e9b59a40d3db602ddc4f346ba85a96 to remote] DEBUG org.asynchttpclient.netty.request.NettyRequestSender - Using open Channel [id: 0xee8aa9ee, L:/127.0.0.1:62877 - R:localhost/127.0.0.1:62923] for POST '/session/d6e9b59a40d3db602ddc4f346ba85a96/execute/sync'
20:24:08.781 [AsyncHttpClient-1-14] DEBUG org.asynchttpclient.netty.handler.HttpHandler - 

Request DefaultHttpRequest(decodeResult: success, version: HTTP/1.1)
POST /session/d6e9b59a40d3db602ddc4f346ba85a96/execute/sync HTTP/1.1
User-Agent: selenium/4.1.2 (java windows)
Content-Length: 48780
Content-Type: application/json; charset=utf-8
host: localhost:62923
accept: */*

Response DefaultHttpResponse(decodeResult: success, version: HTTP/1.1)
HTTP/1.1 200 OK
Content-Type: application/json; charset=utf-8
cache-control: no-cache
content-length: 14

20:24:08.781 [AsyncHttpClient-1-14] DEBUG org.asynchttpclient.netty.channel.ChannelManager - Adding key: http://localhost:62923 for channel [id: 0xee8aa9ee, L:/127.0.0.1:62877 - R:localhost/127.0.0.1:62923]
  &amp#27;[32mThen &amp#27;[0m&amp#27;[32mI will get the result &amp#27;[0m&amp#27;[32m&amp#27;[1m"failed"&amp#27;[0m           &amp#27;[90m# starter.stepdefinitions.LoginStep.iWillGetTheResult(java.lang.String)&amp#27;[0m
20:24:08.786 [Forwarding screenshot on session d6e9b59a40d3db602ddc4f346ba85a96 to remote] DEBUG org.asynchttpclient.netty.request.NettyRequestSender - Using pooled Channel '[id: 0xee8aa9ee, L:/127.0.0.1:62877 - R:localhost/127.0.0.1:62923]' for 'GET' to 'http://localhost:62923/session/d6e9b59a40d3db602ddc4f346ba85a96/screenshot'
20:24:08.786 [Forwarding screenshot on session d6e9b59a40d3db602ddc4f346ba85a96 to remote] DEBUG org.asynchttpclient.netty.request.NettyRequestSender - Using open Channel [id: 0xee8aa9ee, L:/127.0.0.1:62877 - R:localhost/127.0.0.1:62923] for GET '/session/d6e9b59a40d3db602ddc4f346ba85a96/screenshot'
20:24:08.872 [AsyncHttpClient-1-1] DEBUG org.asynchttpclient.netty.channel.DefaultChannelPool - Entry count for : http://localhost:62879 : 1
20:24:08.937 [AsyncHttpClient-1-14] DEBUG org.asynchttpclient.netty.handler.HttpHandler - 

Request DefaultFullHttpRequest(decodeResult: success, version: HTTP/1.1, content: EmptyByteBufBE)
GET /session/d6e9b59a40d3db602ddc4f346ba85a96/screenshot HTTP/1.1
User-Agent: selenium/4.1.2 (java windows)
Cache-Control: no-cache
Content-Type: application/json; charset=utf-8
host: localhost:62923
accept: */*

Response DefaultHttpResponse(decodeResult: success, version: HTTP/1.1)
HTTP/1.1 200 OK
Content-Type: application/json; charset=utf-8
cache-control: no-cache
content-length: 34232

20:24:08.938 [AsyncHttpClient-1-14] DEBUG org.asynchttpclient.netty.channel.ChannelManager - Adding key: http://localhost:62923 for channel [id: 0xee8aa9ee, L:/127.0.0.1:62877 - R:localhost/127.0.0.1:62923]
20:24:08.940 [main] DEBUG net.serenitybdd.core.photography.Darkroom - Send negative for processing for target\site\serenity\6ca173638ee123a41c98bc6230dcd3c0bb21d2d81cb53263ab830f100ed5dacc.png
20:24:08.940 [Darkroom Processing Line] DEBUG net.serenitybdd.core.photography.DarkroomProcessingLine - Processing screenshot image in /var/screenshots/screenshot-4827175153745136061
20:24:08.940 [Darkroom Processing Line] DEBUG net.serenitybdd.core.photography.DarkroomProcessingLine - Saving screenshot to target\site\serenity\6ca173638ee123a41c98bc6230dcd3c0bb21d2d81cb53263ab830f100ed5dacc.png
20:24:08.946 [AsyncHttpClient-1-16] DEBUG org.asynchttpclient.netty.handler.WebSocketHandler - Channel Closed: [id: 0x2bba1e11, L:/127.0.0.1:62888 ! R:localhost/127.0.0.1:62879] with attribute NettyResponseFuture{currentRetry=5,
	isDone=1,
	isCancelled=0,
	asyncHandler=org.asynchttpclient.ws.WebSocketUpgradeHandler@10c1a800,
	nettyRequest=org.asynchttpclient.netty.request.NettyRequest@55c3247c,
	future=java.util.concurrent.CompletableFuture@1b54ff7[Completed normally],
	uri=ws://localhost:62879/devtools/browser/23b52509-e939-4e14-bb5a-fb841cbae893,
	keepAlive=true,
	redirectCount=0,
	timeoutsHolder=null,
	inAuth=0,
	touch=1666790645732}
20:24:08.947 [AsyncHttpClient-1-16] DEBUG org.asynchttpclient.netty.channel.ChannelManager - Closing Channel [id: 0x2bba1e11, L:/127.0.0.1:62888 ! R:localhost/127.0.0.1:62879] 
20:24:08.947 [Driver Command Executor] DEBUG org.asynchttpclient.netty.request.NettyRequestSender - Using pooled Channel '[id: 0xee8aa9ee, L:/127.0.0.1:62877 - R:localhost/127.0.0.1:62923]' for 'DELETE' to 'http://localhost:62923/session/d6e9b59a40d3db602ddc4f346ba85a96'
20:24:08.947 [Driver Command Executor] DEBUG org.asynchttpclient.netty.request.NettyRequestSender - Using open Channel [id: 0xee8aa9ee, L:/127.0.0.1:62877 - R:localhost/127.0.0.1:62923] for DELETE '/session/d6e9b59a40d3db602ddc4f346ba85a96'
20:24:08.996 [AsyncHttpClient-1-15] DEBUG org.asynchttpclient.netty.handler.HttpHandler - Unexpected I/O exception on channel [id: 0x275939a0, L:/127.0.0.1:62887 - R:localhost/127.0.0.1:62879]
java.net.SocketException: Connection reset
	at java.base/sun.nio.ch.SocketChannelImpl.throwConnectionReset(SocketChannelImpl.java:345)
	at java.base/sun.nio.ch.SocketChannelImpl.read(SocketChannelImpl.java:376)
	at io.netty.buffer.PooledByteBuf.setBytes(PooledByteBuf.java:258)
	at io.netty.buffer.AbstractByteBuf.writeBytes(AbstractByteBuf.java:1132)
	at io.netty.channel.socket.nio.NioSocketChannel.doReadBytes(NioSocketChannel.java:350)
	at io.netty.channel.nio.AbstractNioByteChannel$NioByteUnsafe.read(AbstractNioByteChannel.java:151)
	at io.netty.channel.nio.NioEventLoop.processSelectedKey(NioEventLoop.java:722)
	at io.netty.channel.nio.NioEventLoop.processSelectedKeysOptimized(NioEventLoop.java:658)
	at io.netty.channel.nio.NioEventLoop.processSelectedKeys(NioEventLoop.java:584)
	at io.netty.channel.nio.NioEventLoop.run(NioEventLoop.java:496)
	at io.netty.util.concurrent.SingleThreadEventExecutor$4.run(SingleThreadEventExecutor.java:986)
	at io.netty.util.internal.ThreadExecutorMap$2.run(ThreadExecutorMap.java:74)
	at io.netty.util.concurrent.FastThreadLocalRunnable.run(FastThreadLocalRunnable.java:30)
	at java.base/java.lang.Thread.run(Thread.java:830)
20:24:08.996 [AsyncHttpClient-1-15] DEBUG org.asynchttpclient.netty.channel.ChannelManager - Closing Channel [id: 0x275939a0, L:/127.0.0.1:62887 - R:localhost/127.0.0.1:62879] 
20:24:08.997 [AsyncHttpClient-1-15] DEBUG org.asynchttpclient.netty.handler.HttpHandler - Channel Closed: [id: 0x275939a0, L:/127.0.0.1:62887 ! R:localhost/127.0.0.1:62879] with attribute DISCARD
20:24:09.013 [AsyncHttpClient-1-14] DEBUG org.asynchttpclient.netty.handler.HttpHandler - 

Request DefaultFullHttpRequest(decodeResult: success, version: HTTP/1.1, content: EmptyByteBufBE)
DELETE /session/d6e9b59a40d3db602ddc4f346ba85a96 HTTP/1.1
User-Agent: selenium/4.1.2 (java windows)
Content-Type: application/json; charset=utf-8
host: localhost:62923
accept: */*

Response DefaultHttpResponse(decodeResult: success, version: HTTP/1.1)
HTTP/1.1 200 OK
Content-Type: application/json; charset=utf-8
cache-control: no-cache
content-length: 14

20:24:09.013 [AsyncHttpClient-1-14] DEBUG org.asynchttpclient.netty.channel.ChannelManager - Adding key: http://localhost:62923 for channel [id: 0xee8aa9ee, L:/127.0.0.1:62877 - R:localhost/127.0.0.1:62923]
20:24:09.092 [AsyncHttpClient-1-14] DEBUG org.asynchttpclient.netty.handler.HttpHandler - Channel Closed: [id: 0xee8aa9ee, L:/127.0.0.1:62877 ! R:localhost/127.0.0.1:62923] with attribute DISCARD
]]></system-out>
    <system-err><![CDATA[Starting ChromeDriver 105.0.5195.52 (412c95e518836d8a7d97250d62b29c2ae6a26a85-refs/branch-heads/5195@{#853}) on port 62923
Only local connections are allowed.
Please see https://chromedriver.chromium.org/security-considerations for suggestions on keeping ChromeDriver safe.
ChromeDriver was started successfully.
[1666790645.666][WARNING]: This version of ChromeDriver has not been tested with Chrome version 106.
Okt 26, 2022 8:24:05 PM org.openqa.selenium.remote.ProtocolHandshake createSession
INFO: Detected dialect: W3C
Okt 26, 2022 8:24:05 PM org.openqa.selenium.devtools.CdpVersionFinder findNearestMatch
WARNING: Unable to find an exact match for CDP version 106, so returning the closest version found: a no-op implementation
Okt 26, 2022 8:24:05 PM org.openqa.selenium.devtools.CdpVersionFinder findNearestMatch
INFO: Unable to find CDP implementation matching 106.
Okt 26, 2022 8:24:05 PM org.openqa.selenium.chromium.ChromiumDriver lambda$new$3
WARNING: Unable to find version of CDP to use for . You may need to include a dependency on a specific version of the CDP using something similar to `org.seleniumhq.selenium:selenium-devtools-v86:4.1.2` where the version ("v86") matches the version of the chromium-based browser you're using and the version number of the artifact is the same as Selenium's.
]]></system-err>
  </testcase>
  <testcase name="Login with email and password #4" classname="Login" time="5.536">
    <system-out><![CDATA[
@Logout
Scenario Outline: Login with email and password &amp#27;[90m# src/test/resources/features/Login.feature:18&amp#27;[0m
20:24:09.626 [main] INFO io.cucumber.core.plugin.SerenityReporter - Running feature from file:///C:/Users/alwi/IdeaProjects/AltaShop/src/test/resources/features/Login.feature
20:24:09.646 [main] INFO net.serenitybdd.core.webdriver.driverproviders.ChromeDriverProvider - Using automatically driver download
20:24:09.804 [main] DEBUG io.github.bonigarcia.wdm.cache.ResolutionCache - Resolution chrome=106 in cache (valid until 20:56:42 26/10/2022 ICT)
20:24:09.808 [main] DEBUG io.github.bonigarcia.wdm.cache.ResolutionCache - Resolution chrome106=106.0.5249.61 in cache (valid until 22:47:25 26/10/2022 WIB)
20:24:09.809 [main] INFO io.github.bonigarcia.wdm.WebDriverManager - Using chromedriver 106.0.5249.61 (resolved driver for Chrome 106)
20:24:09.827 [main] DEBUG io.github.bonigarcia.wdm.WebDriverManager - Driver chromedriver 106.0.5249.61 found in cache
20:24:09.828 [main] INFO io.github.bonigarcia.wdm.WebDriverManager - Exporting webdriver.chrome.driver as C:\Users\alwi\.cache\selenium\chromedriver\win32\106.0.5249.61\chromedriver.exe
20:24:09.948 [main] DEBUG net.serenitybdd.core.webdriver.driverproviders.ProvideNewDriver - Instantiating driver
20:24:09.948 [main] DEBUG net.serenitybdd.core.webdriver.driverproviders.ProvideNewDriver - Driver capabilities: Capabilities {acceptInsecureCerts: false, base.url: https://alta-shop.vercel.app, browserName: chrome, chrome.driver: src/test/resources/webdrive..., driver: chrome, goog:chromeOptions: {args: [], extensions: []}, wait.for.timeout: 5000}
20:24:09.967 [AsyncHttpClient-1-1] DEBUG org.asynchttpclient.netty.channel.DefaultChannelPool - Entry count for : http://localhost:62923 : 1
20:24:09.967 [AsyncHttpClient-1-1] DEBUG org.asynchttpclient.netty.channel.DefaultChannelPool - Entry count for : http://localhost:62879 : 1
20:24:09.967 [AsyncHttpClient-1-1] DEBUG org.asynchttpclient.netty.channel.DefaultChannelPool - Adding Candidate expired Channel [id: 0xee8aa9ee, L:/127.0.0.1:62877 ! R:localhost/127.0.0.1:62923] isIdleTimeoutExpired=false isRemotelyClosed=true isTtlExpired=false
20:24:09.967 [AsyncHttpClient-1-1] DEBUG org.asynchttpclient.netty.channel.DefaultChannelPool - Closing Idle Channel [id: 0xee8aa9ee, L:/127.0.0.1:62877 ! R:localhost/127.0.0.1:62923]
20:24:09.967 [AsyncHttpClient-1-1] DEBUG org.asynchttpclient.netty.channel.DefaultChannelPool - Adding Candidate expired Channel [id: 0x275939a0, L:/127.0.0.1:62887 ! R:localhost/127.0.0.1:62879] isIdleTimeoutExpired=false isRemotelyClosed=true isTtlExpired=false
20:24:09.968 [AsyncHttpClient-1-1] DEBUG org.asynchttpclient.netty.channel.DefaultChannelPool - Closing Idle Channel [id: 0x275939a0, L:/127.0.0.1:62887 ! R:localhost/127.0.0.1:62879]
20:24:09.968 [AsyncHttpClient-1-1] DEBUG org.asynchttpclient.netty.channel.DefaultChannelPool - Closed 2 connections out of 2 in 1 ms
20:24:10.481 [AsyncHttpClient-1-17] DEBUG org.asynchttpclient.netty.channel.NettyConnectListener - Using new Channel '[id: 0xbb9cc75b, L:/127.0.0.1:62908 - R:localhost/127.0.0.1:53794]' for 'POST' to '/session'
20:24:11.339 [AsyncHttpClient-1-17] DEBUG org.asynchttpclient.netty.handler.HttpHandler - 

Request DefaultHttpRequest(decodeResult: success, version: HTTP/1.1)
POST /session HTTP/1.1
User-Agent: selenium/4.1.2 (java windows)
Content-Length: 639
Content-Type: application/json; charset=utf-8
host: localhost:53794
accept: */*

Response DefaultHttpResponse(decodeResult: success, version: HTTP/1.1)
HTTP/1.1 200 OK
Content-Type: application/json; charset=utf-8
cache-control: no-cache
content-length: 790

20:24:11.339 [AsyncHttpClient-1-17] DEBUG org.asynchttpclient.netty.channel.ChannelManager - Adding key: http://localhost:53794 for channel [id: 0xbb9cc75b, L:/127.0.0.1:62908 - R:localhost/127.0.0.1:53794]
20:24:11.348 [AsyncHttpClient-1-2] DEBUG org.asynchttpclient.netty.channel.NettyConnectListener - Using new Channel '[id: 0x34e323ee, L:/127.0.0.1:62916 - R:localhost/127.0.0.1:62909]' for 'GET' to '/json/version'
20:24:11.349 [AsyncHttpClient-1-2] DEBUG org.asynchttpclient.netty.handler.HttpHandler - 

Request DefaultFullHttpRequest(decodeResult: success, version: HTTP/1.1, content: EmptyByteBufBE)
GET /json/version HTTP/1.1
User-Agent: selenium/4.1.2 (java windows)
host: localhost:62909
accept: */*

Response DefaultHttpResponse(decodeResult: success, version: HTTP/1.1)
HTTP/1.1 200 OK
Content-Type: application/json; charset=UTF-8
content-length: 424

20:24:11.349 [AsyncHttpClient-1-2] DEBUG org.asynchttpclient.netty.channel.ChannelManager - Adding key: http://localhost:62909 for channel [id: 0x34e323ee, L:/127.0.0.1:62916 - R:localhost/127.0.0.1:62909]
20:24:11.351 [AsyncHttpClient-1-3] DEBUG org.asynchttpclient.netty.channel.NettyConnectListener - Using new Channel '[id: 0xef34c645, L:/127.0.0.1:62917 - R:localhost/127.0.0.1:62909]' for 'GET' to '/devtools/browser/e76ffa22-6e5e-4d06-9fbe-b879d3fe1a3e'
20:24:11.352 [AsyncHttpClient-1-3] DEBUG org.asynchttpclient.netty.handler.WebSocketHandler - 

Request DefaultFullHttpRequest(decodeResult: success, version: HTTP/1.1, content: EmptyByteBufBE)
GET /devtools/browser/e76ffa22-6e5e-4d06-9fbe-b879d3fe1a3e HTTP/1.1
upgrade: websocket
connection: upgrade
sec-websocket-key: MtE2QeaFm5LxLMq1IGUgfQ==
sec-websocket-version: 13
origin: http://localhost:62909
host: localhost:62909
accept: */*
user-agent: AHC/2.1

Response DefaultHttpResponse(decodeResult: success, version: HTTP/1.1)
HTTP/1.1 101 WebSocket Protocol Handshake
Upgrade: WebSocket
Connection: Upgrade
Sec-WebSocket-Accept: AYkmPcni7Njnq1UpuTCN1RyYOG8=

20:24:11.356 [Forwarding get on session c24103fdbf584fb6fe735dd8bb04ee5b to remote] DEBUG org.asynchttpclient.netty.request.NettyRequestSender - Using pooled Channel '[id: 0xbb9cc75b, L:/127.0.0.1:62908 - R:localhost/127.0.0.1:53794]' for 'POST' to 'http://localhost:53794/session/c24103fdbf584fb6fe735dd8bb04ee5b/url'
20:24:11.356 [Forwarding get on session c24103fdbf584fb6fe735dd8bb04ee5b to remote] DEBUG org.asynchttpclient.netty.request.NettyRequestSender - Using open Channel [id: 0xbb9cc75b, L:/127.0.0.1:62908 - R:localhost/127.0.0.1:53794] for POST '/session/c24103fdbf584fb6fe735dd8bb04ee5b/url'
20:24:11.993 [AsyncHttpClient-1-17] DEBUG org.asynchttpclient.netty.handler.HttpHandler - 

Request DefaultHttpRequest(decodeResult: success, version: HTTP/1.1)
POST /session/c24103fdbf584fb6fe735dd8bb04ee5b/url HTTP/1.1
User-Agent: selenium/4.1.2 (java windows)
Content-Length: 74
Content-Type: application/json; charset=utf-8
host: localhost:53794
accept: */*

Response DefaultHttpResponse(decodeResult: success, version: HTTP/1.1)
HTTP/1.1 200 OK
Content-Type: application/json; charset=utf-8
cache-control: no-cache
content-length: 14

20:24:11.993 [AsyncHttpClient-1-17] DEBUG org.asynchttpclient.netty.channel.ChannelManager - Adding key: http://localhost:53794 for channel [id: 0xbb9cc75b, L:/127.0.0.1:62908 - R:localhost/127.0.0.1:53794]
20:24:11.995 [Forwarding setTimeout on session c24103fdbf584fb6fe735dd8bb04ee5b to remote] DEBUG org.asynchttpclient.netty.request.NettyRequestSender - Using pooled Channel '[id: 0xbb9cc75b, L:/127.0.0.1:62908 - R:localhost/127.0.0.1:53794]' for 'POST' to 'http://localhost:53794/session/c24103fdbf584fb6fe735dd8bb04ee5b/timeouts'
20:24:11.995 [Forwarding setTimeout on session c24103fdbf584fb6fe735dd8bb04ee5b to remote] DEBUG org.asynchttpclient.netty.request.NettyRequestSender - Using open Channel [id: 0xbb9cc75b, L:/127.0.0.1:62908 - R:localhost/127.0.0.1:53794] for POST '/session/c24103fdbf584fb6fe735dd8bb04ee5b/timeouts'
20:24:11.996 [AsyncHttpClient-1-17] DEBUG org.asynchttpclient.netty.handler.HttpHandler - 

Request DefaultHttpRequest(decodeResult: success, version: HTTP/1.1)
POST /session/c24103fdbf584fb6fe735dd8bb04ee5b/timeouts HTTP/1.1
User-Agent: selenium/4.1.2 (java windows)
Content-Length: 22
Content-Type: application/json; charset=utf-8
host: localhost:53794
accept: */*

Response DefaultHttpResponse(decodeResult: success, version: HTTP/1.1)
HTTP/1.1 200 OK
Content-Type: application/json; charset=utf-8
cache-control: no-cache
content-length: 14

20:24:11.996 [AsyncHttpClient-1-17] DEBUG org.asynchttpclient.netty.channel.ChannelManager - Adding key: http://localhost:53794 for channel [id: 0xbb9cc75b, L:/127.0.0.1:62908 - R:localhost/127.0.0.1:53794]
20:24:12.000 [Forwarding getCurrentUrl on session c24103fdbf584fb6fe735dd8bb04ee5b to remote] DEBUG org.asynchttpclient.netty.request.NettyRequestSender - Using pooled Channel '[id: 0xbb9cc75b, L:/127.0.0.1:62908 - R:localhost/127.0.0.1:53794]' for 'GET' to 'http://localhost:53794/session/c24103fdbf584fb6fe735dd8bb04ee5b/url'
20:24:12.000 [Forwarding getCurrentUrl on session c24103fdbf584fb6fe735dd8bb04ee5b to remote] DEBUG org.asynchttpclient.netty.request.NettyRequestSender - Using open Channel [id: 0xbb9cc75b, L:/127.0.0.1:62908 - R:localhost/127.0.0.1:53794] for GET '/session/c24103fdbf584fb6fe735dd8bb04ee5b/url'
20:24:12.004 [AsyncHttpClient-1-17] DEBUG org.asynchttpclient.netty.handler.HttpHandler - 

Request DefaultFullHttpRequest(decodeResult: success, version: HTTP/1.1, content: EmptyByteBufBE)
GET /session/c24103fdbf584fb6fe735dd8bb04ee5b/url HTTP/1.1
User-Agent: selenium/4.1.2 (java windows)
Cache-Control: no-cache
Content-Type: application/json; charset=utf-8
host: localhost:53794
accept: */*

Response DefaultHttpResponse(decodeResult: success, version: HTTP/1.1)
HTTP/1.1 200 OK
Content-Type: application/json; charset=utf-8
cache-control: no-cache
content-length: 51

20:24:12.004 [AsyncHttpClient-1-17] DEBUG org.asynchttpclient.netty.channel.ChannelManager - Adding key: http://localhost:53794 for channel [id: 0xbb9cc75b, L:/127.0.0.1:62908 - R:localhost/127.0.0.1:53794]
  &amp#27;[32mGiven &amp#27;[0m&amp#27;[32mI am on the login page&amp#27;[0m                  &amp#27;[90m# starter.stepdefinitions.LoginStep.iAmOnTheLoginPage()&amp#27;[0m
20:24:12.014 [Forwarding screenshot on session c24103fdbf584fb6fe735dd8bb04ee5b to remote] DEBUG org.asynchttpclient.netty.request.NettyRequestSender - Using pooled Channel '[id: 0xbb9cc75b, L:/127.0.0.1:62908 - R:localhost/127.0.0.1:53794]' for 'GET' to 'http://localhost:53794/session/c24103fdbf584fb6fe735dd8bb04ee5b/screenshot'
20:24:12.014 [Forwarding screenshot on session c24103fdbf584fb6fe735dd8bb04ee5b to remote] DEBUG org.asynchttpclient.netty.request.NettyRequestSender - Using open Channel [id: 0xbb9cc75b, L:/127.0.0.1:62908 - R:localhost/127.0.0.1:53794] for GET '/session/c24103fdbf584fb6fe735dd8bb04ee5b/screenshot'
20:24:12.116 [AsyncHttpClient-1-17] DEBUG org.asynchttpclient.netty.handler.HttpHandler - 

Request DefaultFullHttpRequest(decodeResult: success, version: HTTP/1.1, content: EmptyByteBufBE)
GET /session/c24103fdbf584fb6fe735dd8bb04ee5b/screenshot HTTP/1.1
User-Agent: selenium/4.1.2 (java windows)
Cache-Control: no-cache
Content-Type: application/json; charset=utf-8
host: localhost:53794
accept: */*

Response DefaultHttpResponse(decodeResult: success, version: HTTP/1.1)
HTTP/1.1 200 OK
Content-Type: application/json; charset=utf-8
cache-control: no-cache
content-length: 24528

20:24:12.117 [AsyncHttpClient-1-17] DEBUG org.asynchttpclient.netty.channel.ChannelManager - Adding key: http://localhost:53794 for channel [id: 0xbb9cc75b, L:/127.0.0.1:62908 - R:localhost/127.0.0.1:53794]
20:24:12.118 [main] DEBUG net.serenitybdd.core.photography.Darkroom - Send negative for processing for target\site\serenity\4a081d05db2e6be9b3256b332b844d9c53d5aa88207142e6b6c18ed6759b787c.png
20:24:12.131 [Forwarding findElement on session c24103fdbf584fb6fe735dd8bb04ee5b to remote] DEBUG org.asynchttpclient.netty.request.NettyRequestSender - Using pooled Channel '[id: 0xbb9cc75b, L:/127.0.0.1:62908 - R:localhost/127.0.0.1:53794]' for 'POST' to 'http://localhost:53794/session/c24103fdbf584fb6fe735dd8bb04ee5b/element'
20:24:12.131 [Forwarding findElement on session c24103fdbf584fb6fe735dd8bb04ee5b to remote] DEBUG org.asynchttpclient.netty.request.NettyRequestSender - Using open Channel [id: 0xbb9cc75b, L:/127.0.0.1:62908 - R:localhost/127.0.0.1:53794] for POST '/session/c24103fdbf584fb6fe735dd8bb04ee5b/element'
20:24:12.141 [AsyncHttpClient-1-17] DEBUG org.asynchttpclient.netty.handler.HttpHandler - 

Request DefaultHttpRequest(decodeResult: success, version: HTTP/1.1)
POST /session/c24103fdbf584fb6fe735dd8bb04ee5b/element HTTP/1.1
User-Agent: selenium/4.1.2 (java windows)
Content-Length: 55
Content-Type: application/json; charset=utf-8
host: localhost:53794
accept: */*

Response DefaultHttpResponse(decodeResult: success, version: HTTP/1.1)
HTTP/1.1 200 OK
Content-Type: application/json; charset=utf-8
cache-control: no-cache
content-length: 88

20:24:12.141 [AsyncHttpClient-1-17] DEBUG org.asynchttpclient.netty.channel.ChannelManager - Adding key: http://localhost:53794 for channel [id: 0xbb9cc75b, L:/127.0.0.1:62908 - R:localhost/127.0.0.1:53794]
20:24:12.143 [Forwarding clearElement on session c24103fdbf584fb6fe735dd8bb04ee5b to remote] DEBUG org.asynchttpclient.netty.request.NettyRequestSender - Using pooled Channel '[id: 0xbb9cc75b, L:/127.0.0.1:62908 - R:localhost/127.0.0.1:53794]' for 'POST' to 'http://localhost:53794/session/c24103fdbf584fb6fe735dd8bb04ee5b/element/fd7a9ac2-55c8-4ac8-a2bd-cac4491b151a/clear'
20:24:12.143 [Forwarding clearElement on session c24103fdbf584fb6fe735dd8bb04ee5b to remote] DEBUG org.asynchttpclient.netty.request.NettyRequestSender - Using open Channel [id: 0xbb9cc75b, L:/127.0.0.1:62908 - R:localhost/127.0.0.1:53794] for POST '/session/c24103fdbf584fb6fe735dd8bb04ee5b/element/fd7a9ac2-55c8-4ac8-a2bd-cac4491b151a/clear'
20:24:12.171 [AsyncHttpClient-1-1] DEBUG org.asynchttpclient.netty.channel.DefaultChannelPool - Entry count for : http://localhost:62909 : 1
20:24:12.181 [AsyncHttpClient-1-17] DEBUG org.asynchttpclient.netty.handler.HttpHandler - 

Request DefaultHttpRequest(decodeResult: success, version: HTTP/1.1)
POST /session/c24103fdbf584fb6fe735dd8bb04ee5b/element/fd7a9ac2-55c8-4ac8-a2bd-cac4491b151a/clear HTTP/1.1
User-Agent: selenium/4.1.2 (java windows)
Content-Length: 50
Content-Type: application/json; charset=utf-8
host: localhost:53794
accept: */*

Response DefaultHttpResponse(decodeResult: success, version: HTTP/1.1)
HTTP/1.1 200 OK
Content-Type: application/json; charset=utf-8
cache-control: no-cache
content-length: 14

20:24:12.181 [AsyncHttpClient-1-17] DEBUG org.asynchttpclient.netty.channel.ChannelManager - Adding key: http://localhost:53794 for channel [id: 0xbb9cc75b, L:/127.0.0.1:62908 - R:localhost/127.0.0.1:53794]
20:24:12.183 [Forwarding sendKeysToElement on session c24103fdbf584fb6fe735dd8bb04ee5b to remote] DEBUG org.asynchttpclient.netty.request.NettyRequestSender - Using pooled Channel '[id: 0xbb9cc75b, L:/127.0.0.1:62908 - R:localhost/127.0.0.1:53794]' for 'POST' to 'http://localhost:53794/session/c24103fdbf584fb6fe735dd8bb04ee5b/element/fd7a9ac2-55c8-4ac8-a2bd-cac4491b151a/value'
20:24:12.183 [Forwarding sendKeysToElement on session c24103fdbf584fb6fe735dd8bb04ee5b to remote] DEBUG org.asynchttpclient.netty.request.NettyRequestSender - Using open Channel [id: 0xbb9cc75b, L:/127.0.0.1:62908 - R:localhost/127.0.0.1:53794] for POST '/session/c24103fdbf584fb6fe735dd8bb04ee5b/element/fd7a9ac2-55c8-4ac8-a2bd-cac4491b151a/value'
20:24:12.227 [AsyncHttpClient-1-17] DEBUG org.asynchttpclient.netty.handler.HttpHandler - 

Request DefaultHttpRequest(decodeResult: success, version: HTTP/1.1)
POST /session/c24103fdbf584fb6fe735dd8bb04ee5b/element/fd7a9ac2-55c8-4ac8-a2bd-cac4491b151a/value HTTP/1.1
User-Agent: selenium/4.1.2 (java windows)
Content-Length: 82
Content-Type: application/json; charset=utf-8
host: localhost:53794
accept: */*

Response DefaultHttpResponse(decodeResult: success, version: HTTP/1.1)
HTTP/1.1 200 OK
Content-Type: application/json; charset=utf-8
cache-control: no-cache
content-length: 14

20:24:12.227 [AsyncHttpClient-1-17] DEBUG org.asynchttpclient.netty.channel.ChannelManager - Adding key: http://localhost:53794 for channel [id: 0xbb9cc75b, L:/127.0.0.1:62908 - R:localhost/127.0.0.1:53794]
  &amp#27;[32mWhen &amp#27;[0m&amp#27;[32mI input email &amp#27;[0m&amp#27;[32m&amp#27;[1m""&amp#27;[0m                         &amp#27;[90m# starter.stepdefinitions.LoginStep.iInputEmail(java.lang.String)&amp#27;[0m
20:24:12.239 [Forwarding screenshot on session c24103fdbf584fb6fe735dd8bb04ee5b to remote] DEBUG org.asynchttpclient.netty.request.NettyRequestSender - Using pooled Channel '[id: 0xbb9cc75b, L:/127.0.0.1:62908 - R:localhost/127.0.0.1:53794]' for 'GET' to 'http://localhost:53794/session/c24103fdbf584fb6fe735dd8bb04ee5b/screenshot'
20:24:12.240 [Forwarding screenshot on session c24103fdbf584fb6fe735dd8bb04ee5b to remote] DEBUG org.asynchttpclient.netty.request.NettyRequestSender - Using open Channel [id: 0xbb9cc75b, L:/127.0.0.1:62908 - R:localhost/127.0.0.1:53794] for GET '/session/c24103fdbf584fb6fe735dd8bb04ee5b/screenshot'
20:24:12.342 [AsyncHttpClient-1-17] DEBUG org.asynchttpclient.netty.handler.HttpHandler - 

Request DefaultFullHttpRequest(decodeResult: success, version: HTTP/1.1, content: EmptyByteBufBE)
GET /session/c24103fdbf584fb6fe735dd8bb04ee5b/screenshot HTTP/1.1
User-Agent: selenium/4.1.2 (java windows)
Cache-Control: no-cache
Content-Type: application/json; charset=utf-8
host: localhost:53794
accept: */*

Response DefaultHttpResponse(decodeResult: success, version: HTTP/1.1)
HTTP/1.1 200 OK
Content-Type: application/json; charset=utf-8
cache-control: no-cache
content-length: 24740

20:24:12.343 [AsyncHttpClient-1-17] DEBUG org.asynchttpclient.netty.channel.ChannelManager - Adding key: http://localhost:53794 for channel [id: 0xbb9cc75b, L:/127.0.0.1:62908 - R:localhost/127.0.0.1:53794]
20:24:12.345 [main] DEBUG net.serenitybdd.core.photography.Darkroom - Send negative for processing for target\site\serenity\c1d20d75882def40e080d7d5d8ca706d233a58bb4dbaacebea7aa3046d74acea.png
20:24:12.345 [Darkroom Processing Line] DEBUG net.serenitybdd.core.photography.DarkroomProcessingLine - Processing screenshot image in /var/screenshots/screenshot-10120728911408427625
20:24:12.345 [Darkroom Processing Line] DEBUG net.serenitybdd.core.photography.DarkroomProcessingLine - Saving screenshot to target\site\serenity\c1d20d75882def40e080d7d5d8ca706d233a58bb4dbaacebea7aa3046d74acea.png
20:24:12.360 [Forwarding findElement on session c24103fdbf584fb6fe735dd8bb04ee5b to remote] DEBUG org.asynchttpclient.netty.request.NettyRequestSender - Using pooled Channel '[id: 0xbb9cc75b, L:/127.0.0.1:62908 - R:localhost/127.0.0.1:53794]' for 'POST' to 'http://localhost:53794/session/c24103fdbf584fb6fe735dd8bb04ee5b/element'
20:24:12.360 [Forwarding findElement on session c24103fdbf584fb6fe735dd8bb04ee5b to remote] DEBUG org.asynchttpclient.netty.request.NettyRequestSender - Using open Channel [id: 0xbb9cc75b, L:/127.0.0.1:62908 - R:localhost/127.0.0.1:53794] for POST '/session/c24103fdbf584fb6fe735dd8bb04ee5b/element'
20:24:12.375 [AsyncHttpClient-1-17] DEBUG org.asynchttpclient.netty.handler.HttpHandler - 

Request DefaultHttpRequest(decodeResult: success, version: HTTP/1.1)
POST /session/c24103fdbf584fb6fe735dd8bb04ee5b/element HTTP/1.1
User-Agent: selenium/4.1.2 (java windows)
Content-Length: 55
Content-Type: application/json; charset=utf-8
host: localhost:53794
accept: */*

Response DefaultHttpResponse(decodeResult: success, version: HTTP/1.1)
HTTP/1.1 200 OK
Content-Type: application/json; charset=utf-8
cache-control: no-cache
content-length: 88

20:24:12.375 [AsyncHttpClient-1-17] DEBUG org.asynchttpclient.netty.channel.ChannelManager - Adding key: http://localhost:53794 for channel [id: 0xbb9cc75b, L:/127.0.0.1:62908 - R:localhost/127.0.0.1:53794]
20:24:12.377 [Forwarding clearElement on session c24103fdbf584fb6fe735dd8bb04ee5b to remote] DEBUG org.asynchttpclient.netty.request.NettyRequestSender - Using pooled Channel '[id: 0xbb9cc75b, L:/127.0.0.1:62908 - R:localhost/127.0.0.1:53794]' for 'POST' to 'http://localhost:53794/session/c24103fdbf584fb6fe735dd8bb04ee5b/element/e4fe47a9-e89a-4634-9072-6f67ada81d1b/clear'
20:24:12.377 [Forwarding clearElement on session c24103fdbf584fb6fe735dd8bb04ee5b to remote] DEBUG org.asynchttpclient.netty.request.NettyRequestSender - Using open Channel [id: 0xbb9cc75b, L:/127.0.0.1:62908 - R:localhost/127.0.0.1:53794] for POST '/session/c24103fdbf584fb6fe735dd8bb04ee5b/element/e4fe47a9-e89a-4634-9072-6f67ada81d1b/clear'
20:24:12.424 [AsyncHttpClient-1-17] DEBUG org.asynchttpclient.netty.handler.HttpHandler - 

Request DefaultHttpRequest(decodeResult: success, version: HTTP/1.1)
POST /session/c24103fdbf584fb6fe735dd8bb04ee5b/element/e4fe47a9-e89a-4634-9072-6f67ada81d1b/clear HTTP/1.1
User-Agent: selenium/4.1.2 (java windows)
Content-Length: 50
Content-Type: application/json; charset=utf-8
host: localhost:53794
accept: */*

Response DefaultHttpResponse(decodeResult: success, version: HTTP/1.1)
HTTP/1.1 200 OK
Content-Type: application/json; charset=utf-8
cache-control: no-cache
content-length: 14

20:24:12.425 [AsyncHttpClient-1-17] DEBUG org.asynchttpclient.netty.channel.ChannelManager - Adding key: http://localhost:53794 for channel [id: 0xbb9cc75b, L:/127.0.0.1:62908 - R:localhost/127.0.0.1:53794]
20:24:12.428 [Forwarding sendKeysToElement on session c24103fdbf584fb6fe735dd8bb04ee5b to remote] DEBUG org.asynchttpclient.netty.request.NettyRequestSender - Using pooled Channel '[id: 0xbb9cc75b, L:/127.0.0.1:62908 - R:localhost/127.0.0.1:53794]' for 'POST' to 'http://localhost:53794/session/c24103fdbf584fb6fe735dd8bb04ee5b/element/e4fe47a9-e89a-4634-9072-6f67ada81d1b/value'
20:24:12.428 [Forwarding sendKeysToElement on session c24103fdbf584fb6fe735dd8bb04ee5b to remote] DEBUG org.asynchttpclient.netty.request.NettyRequestSender - Using open Channel [id: 0xbb9cc75b, L:/127.0.0.1:62908 - R:localhost/127.0.0.1:53794] for POST '/session/c24103fdbf584fb6fe735dd8bb04ee5b/element/e4fe47a9-e89a-4634-9072-6f67ada81d1b/value'
20:24:12.476 [AsyncHttpClient-1-17] DEBUG org.asynchttpclient.netty.handler.HttpHandler - 

Request DefaultHttpRequest(decodeResult: success, version: HTTP/1.1)
POST /session/c24103fdbf584fb6fe735dd8bb04ee5b/element/e4fe47a9-e89a-4634-9072-6f67ada81d1b/value HTTP/1.1
User-Agent: selenium/4.1.2 (java windows)
Content-Length: 91
Content-Type: application/json; charset=utf-8
host: localhost:53794
accept: */*

Response DefaultHttpResponse(decodeResult: success, version: HTTP/1.1)
HTTP/1.1 200 OK
Content-Type: application/json; charset=utf-8
cache-control: no-cache
content-length: 14

20:24:12.477 [AsyncHttpClient-1-17] DEBUG org.asynchttpclient.netty.channel.ChannelManager - Adding key: http://localhost:53794 for channel [id: 0xbb9cc75b, L:/127.0.0.1:62908 - R:localhost/127.0.0.1:53794]
  &amp#27;[32mAnd &amp#27;[0m&amp#27;[32mI input password &amp#27;[0m&amp#27;[32m&amp#27;[1m"a"&amp#27;[0m                      &amp#27;[90m# starter.stepdefinitions.LoginStep.iInputPassword(java.lang.String)&amp#27;[0m
20:24:12.487 [Forwarding screenshot on session c24103fdbf584fb6fe735dd8bb04ee5b to remote] DEBUG org.asynchttpclient.netty.request.NettyRequestSender - Using pooled Channel '[id: 0xbb9cc75b, L:/127.0.0.1:62908 - R:localhost/127.0.0.1:53794]' for 'GET' to 'http://localhost:53794/session/c24103fdbf584fb6fe735dd8bb04ee5b/screenshot'
20:24:12.487 [Forwarding screenshot on session c24103fdbf584fb6fe735dd8bb04ee5b to remote] DEBUG org.asynchttpclient.netty.request.NettyRequestSender - Using open Channel [id: 0xbb9cc75b, L:/127.0.0.1:62908 - R:localhost/127.0.0.1:53794] for GET '/session/c24103fdbf584fb6fe735dd8bb04ee5b/screenshot'
20:24:12.591 [AsyncHttpClient-1-17] DEBUG org.asynchttpclient.netty.handler.HttpHandler - 

Request DefaultFullHttpRequest(decodeResult: success, version: HTTP/1.1, content: EmptyByteBufBE)
GET /session/c24103fdbf584fb6fe735dd8bb04ee5b/screenshot HTTP/1.1
User-Agent: selenium/4.1.2 (java windows)
Cache-Control: no-cache
Content-Type: application/json; charset=utf-8
host: localhost:53794
accept: */*

Response DefaultHttpResponse(decodeResult: success, version: HTTP/1.1)
HTTP/1.1 200 OK
Content-Type: application/json; charset=utf-8
cache-control: no-cache
content-length: 25264

20:24:12.592 [AsyncHttpClient-1-17] DEBUG org.asynchttpclient.netty.channel.ChannelManager - Adding key: http://localhost:53794 for channel [id: 0xbb9cc75b, L:/127.0.0.1:62908 - R:localhost/127.0.0.1:53794]
20:24:12.595 [main] DEBUG net.serenitybdd.core.photography.Darkroom - Send negative for processing for target\site\serenity\57491ed746a67dbfe594602e1cf620a808f9cc8f3fd7309eb63dd3640401c654.png
20:24:12.595 [Darkroom Processing Line] DEBUG net.serenitybdd.core.photography.DarkroomProcessingLine - Processing screenshot image in /var/screenshots/screenshot-2546253035781442933
20:24:12.595 [Darkroom Processing Line] DEBUG net.serenitybdd.core.photography.DarkroomProcessingLine - Saving screenshot to target\site\serenity\57491ed746a67dbfe594602e1cf620a808f9cc8f3fd7309eb63dd3640401c654.png
20:24:12.608 [Forwarding findElement on session c24103fdbf584fb6fe735dd8bb04ee5b to remote] DEBUG org.asynchttpclient.netty.request.NettyRequestSender - Using pooled Channel '[id: 0xbb9cc75b, L:/127.0.0.1:62908 - R:localhost/127.0.0.1:53794]' for 'POST' to 'http://localhost:53794/session/c24103fdbf584fb6fe735dd8bb04ee5b/element'
20:24:12.608 [Forwarding findElement on session c24103fdbf584fb6fe735dd8bb04ee5b to remote] DEBUG org.asynchttpclient.netty.request.NettyRequestSender - Using open Channel [id: 0xbb9cc75b, L:/127.0.0.1:62908 - R:localhost/127.0.0.1:53794] for POST '/session/c24103fdbf584fb6fe735dd8bb04ee5b/element'
20:24:12.641 [AsyncHttpClient-1-17] DEBUG org.asynchttpclient.netty.handler.HttpHandler - 

Request DefaultHttpRequest(decodeResult: success, version: HTTP/1.1)
POST /session/c24103fdbf584fb6fe735dd8bb04ee5b/element HTTP/1.1
User-Agent: selenium/4.1.2 (java windows)
Content-Length: 143
Content-Type: application/json; charset=utf-8
host: localhost:53794
accept: */*

Response DefaultHttpResponse(decodeResult: success, version: HTTP/1.1)
HTTP/1.1 200 OK
Content-Type: application/json; charset=utf-8
cache-control: no-cache
content-length: 88

20:24:12.642 [AsyncHttpClient-1-17] DEBUG org.asynchttpclient.netty.channel.ChannelManager - Adding key: http://localhost:53794 for channel [id: 0xbb9cc75b, L:/127.0.0.1:62908 - R:localhost/127.0.0.1:53794]
20:24:12.644 [Forwarding getElementTagName on session c24103fdbf584fb6fe735dd8bb04ee5b to remote] DEBUG org.asynchttpclient.netty.request.NettyRequestSender - Using pooled Channel '[id: 0xbb9cc75b, L:/127.0.0.1:62908 - R:localhost/127.0.0.1:53794]' for 'GET' to 'http://localhost:53794/session/c24103fdbf584fb6fe735dd8bb04ee5b/element/c5f563b0-1ae9-4499-84d7-7225ebdfaf82/name'
20:24:12.644 [Forwarding getElementTagName on session c24103fdbf584fb6fe735dd8bb04ee5b to remote] DEBUG org.asynchttpclient.netty.request.NettyRequestSender - Using open Channel [id: 0xbb9cc75b, L:/127.0.0.1:62908 - R:localhost/127.0.0.1:53794] for GET '/session/c24103fdbf584fb6fe735dd8bb04ee5b/element/c5f563b0-1ae9-4499-84d7-7225ebdfaf82/name'
20:24:12.648 [AsyncHttpClient-1-17] DEBUG org.asynchttpclient.netty.handler.HttpHandler - 

Request DefaultFullHttpRequest(decodeResult: success, version: HTTP/1.1, content: EmptyByteBufBE)
GET /session/c24103fdbf584fb6fe735dd8bb04ee5b/element/c5f563b0-1ae9-4499-84d7-7225ebdfaf82/name HTTP/1.1
User-Agent: selenium/4.1.2 (java windows)
Cache-Control: no-cache
Content-Type: application/json; charset=utf-8
host: localhost:53794
accept: */*

Response DefaultHttpResponse(decodeResult: success, version: HTTP/1.1)
HTTP/1.1 200 OK
Content-Type: application/json; charset=utf-8
cache-control: no-cache
content-length: 18

20:24:12.648 [AsyncHttpClient-1-17] DEBUG org.asynchttpclient.netty.channel.ChannelManager - Adding key: http://localhost:53794 for channel [id: 0xbb9cc75b, L:/127.0.0.1:62908 - R:localhost/127.0.0.1:53794]
20:24:12.651 [Forwarding getElementTagName on session c24103fdbf584fb6fe735dd8bb04ee5b to remote] DEBUG org.asynchttpclient.netty.request.NettyRequestSender - Using pooled Channel '[id: 0xbb9cc75b, L:/127.0.0.1:62908 - R:localhost/127.0.0.1:53794]' for 'GET' to 'http://localhost:53794/session/c24103fdbf584fb6fe735dd8bb04ee5b/element/c5f563b0-1ae9-4499-84d7-7225ebdfaf82/name'
20:24:12.651 [Forwarding getElementTagName on session c24103fdbf584fb6fe735dd8bb04ee5b to remote] DEBUG org.asynchttpclient.netty.request.NettyRequestSender - Using open Channel [id: 0xbb9cc75b, L:/127.0.0.1:62908 - R:localhost/127.0.0.1:53794] for GET '/session/c24103fdbf584fb6fe735dd8bb04ee5b/element/c5f563b0-1ae9-4499-84d7-7225ebdfaf82/name'
20:24:12.655 [AsyncHttpClient-1-17] DEBUG org.asynchttpclient.netty.handler.HttpHandler - 

Request DefaultFullHttpRequest(decodeResult: success, version: HTTP/1.1, content: EmptyByteBufBE)
GET /session/c24103fdbf584fb6fe735dd8bb04ee5b/element/c5f563b0-1ae9-4499-84d7-7225ebdfaf82/name HTTP/1.1
User-Agent: selenium/4.1.2 (java windows)
Cache-Control: no-cache
Content-Type: application/json; charset=utf-8
host: localhost:53794
accept: */*

Response DefaultHttpResponse(decodeResult: success, version: HTTP/1.1)
HTTP/1.1 200 OK
Content-Type: application/json; charset=utf-8
cache-control: no-cache
content-length: 18

20:24:12.655 [AsyncHttpClient-1-17] DEBUG org.asynchttpclient.netty.channel.ChannelManager - Adding key: http://localhost:53794 for channel [id: 0xbb9cc75b, L:/127.0.0.1:62908 - R:localhost/127.0.0.1:53794]
20:24:12.660 [Forwarding isElementEnabled on session c24103fdbf584fb6fe735dd8bb04ee5b to remote] DEBUG org.asynchttpclient.netty.request.NettyRequestSender - Using pooled Channel '[id: 0xbb9cc75b, L:/127.0.0.1:62908 - R:localhost/127.0.0.1:53794]' for 'GET' to 'http://localhost:53794/session/c24103fdbf584fb6fe735dd8bb04ee5b/element/c5f563b0-1ae9-4499-84d7-7225ebdfaf82/enabled'
20:24:12.660 [Forwarding isElementEnabled on session c24103fdbf584fb6fe735dd8bb04ee5b to remote] DEBUG org.asynchttpclient.netty.request.NettyRequestSender - Using open Channel [id: 0xbb9cc75b, L:/127.0.0.1:62908 - R:localhost/127.0.0.1:53794] for GET '/session/c24103fdbf584fb6fe735dd8bb04ee5b/element/c5f563b0-1ae9-4499-84d7-7225ebdfaf82/enabled'
20:24:12.675 [AsyncHttpClient-1-17] DEBUG org.asynchttpclient.netty.handler.HttpHandler - 

Request DefaultFullHttpRequest(decodeResult: success, version: HTTP/1.1, content: EmptyByteBufBE)
GET /session/c24103fdbf584fb6fe735dd8bb04ee5b/element/c5f563b0-1ae9-4499-84d7-7225ebdfaf82/enabled HTTP/1.1
User-Agent: selenium/4.1.2 (java windows)
Cache-Control: no-cache
Content-Type: application/json; charset=utf-8
host: localhost:53794
accept: */*

Response DefaultHttpResponse(decodeResult: success, version: HTTP/1.1)
HTTP/1.1 200 OK
Content-Type: application/json; charset=utf-8
cache-control: no-cache
content-length: 14

20:24:12.676 [AsyncHttpClient-1-17] DEBUG org.asynchttpclient.netty.channel.ChannelManager - Adding key: http://localhost:53794 for channel [id: 0xbb9cc75b, L:/127.0.0.1:62908 - R:localhost/127.0.0.1:53794]
20:24:12.679 [Forwarding isElementEnabled on session c24103fdbf584fb6fe735dd8bb04ee5b to remote] DEBUG org.asynchttpclient.netty.request.NettyRequestSender - Using pooled Channel '[id: 0xbb9cc75b, L:/127.0.0.1:62908 - R:localhost/127.0.0.1:53794]' for 'GET' to 'http://localhost:53794/session/c24103fdbf584fb6fe735dd8bb04ee5b/element/c5f563b0-1ae9-4499-84d7-7225ebdfaf82/enabled'
20:24:12.679 [Forwarding isElementEnabled on session c24103fdbf584fb6fe735dd8bb04ee5b to remote] DEBUG org.asynchttpclient.netty.request.NettyRequestSender - Using open Channel [id: 0xbb9cc75b, L:/127.0.0.1:62908 - R:localhost/127.0.0.1:53794] for GET '/session/c24103fdbf584fb6fe735dd8bb04ee5b/element/c5f563b0-1ae9-4499-84d7-7225ebdfaf82/enabled'
20:24:12.689 [AsyncHttpClient-1-17] DEBUG org.asynchttpclient.netty.handler.HttpHandler - 

Request DefaultFullHttpRequest(decodeResult: success, version: HTTP/1.1, content: EmptyByteBufBE)
GET /session/c24103fdbf584fb6fe735dd8bb04ee5b/element/c5f563b0-1ae9-4499-84d7-7225ebdfaf82/enabled HTTP/1.1
User-Agent: selenium/4.1.2 (java windows)
Cache-Control: no-cache
Content-Type: application/json; charset=utf-8
host: localhost:53794
accept: */*

Response DefaultHttpResponse(decodeResult: success, version: HTTP/1.1)
HTTP/1.1 200 OK
Content-Type: application/json; charset=utf-8
cache-control: no-cache
content-length: 14

20:24:12.689 [AsyncHttpClient-1-17] DEBUG org.asynchttpclient.netty.channel.ChannelManager - Adding key: http://localhost:53794 for channel [id: 0xbb9cc75b, L:/127.0.0.1:62908 - R:localhost/127.0.0.1:53794]
20:24:12.693 [Forwarding findElement on session c24103fdbf584fb6fe735dd8bb04ee5b to remote] DEBUG org.asynchttpclient.netty.request.NettyRequestSender - Using pooled Channel '[id: 0xbb9cc75b, L:/127.0.0.1:62908 - R:localhost/127.0.0.1:53794]' for 'POST' to 'http://localhost:53794/session/c24103fdbf584fb6fe735dd8bb04ee5b/element'
20:24:12.693 [Forwarding findElement on session c24103fdbf584fb6fe735dd8bb04ee5b to remote] DEBUG org.asynchttpclient.netty.request.NettyRequestSender - Using open Channel [id: 0xbb9cc75b, L:/127.0.0.1:62908 - R:localhost/127.0.0.1:53794] for POST '/session/c24103fdbf584fb6fe735dd8bb04ee5b/element'
20:24:12.706 [AsyncHttpClient-1-17] DEBUG org.asynchttpclient.netty.handler.HttpHandler - 

Request DefaultHttpRequest(decodeResult: success, version: HTTP/1.1)
POST /session/c24103fdbf584fb6fe735dd8bb04ee5b/element HTTP/1.1
User-Agent: selenium/4.1.2 (java windows)
Content-Length: 143
Content-Type: application/json; charset=utf-8
host: localhost:53794
accept: */*

Response DefaultHttpResponse(decodeResult: success, version: HTTP/1.1)
HTTP/1.1 200 OK
Content-Type: application/json; charset=utf-8
cache-control: no-cache
content-length: 88

20:24:12.707 [AsyncHttpClient-1-17] DEBUG org.asynchttpclient.netty.channel.ChannelManager - Adding key: http://localhost:53794 for channel [id: 0xbb9cc75b, L:/127.0.0.1:62908 - R:localhost/127.0.0.1:53794]
20:24:12.709 [Forwarding clickElement on session c24103fdbf584fb6fe735dd8bb04ee5b to remote] DEBUG org.asynchttpclient.netty.request.NettyRequestSender - Using pooled Channel '[id: 0xbb9cc75b, L:/127.0.0.1:62908 - R:localhost/127.0.0.1:53794]' for 'POST' to 'http://localhost:53794/session/c24103fdbf584fb6fe735dd8bb04ee5b/element/c5f563b0-1ae9-4499-84d7-7225ebdfaf82/click'
20:24:12.709 [Forwarding clickElement on session c24103fdbf584fb6fe735dd8bb04ee5b to remote] DEBUG org.asynchttpclient.netty.request.NettyRequestSender - Using open Channel [id: 0xbb9cc75b, L:/127.0.0.1:62908 - R:localhost/127.0.0.1:53794] for POST '/session/c24103fdbf584fb6fe735dd8bb04ee5b/element/c5f563b0-1ae9-4499-84d7-7225ebdfaf82/click'
20:24:12.767 [AsyncHttpClient-1-17] DEBUG org.asynchttpclient.netty.handler.HttpHandler - 

Request DefaultHttpRequest(decodeResult: success, version: HTTP/1.1)
POST /session/c24103fdbf584fb6fe735dd8bb04ee5b/element/c5f563b0-1ae9-4499-84d7-7225ebdfaf82/click HTTP/1.1
User-Agent: selenium/4.1.2 (java windows)
Content-Length: 50
Content-Type: application/json; charset=utf-8
host: localhost:53794
accept: */*

Response DefaultHttpResponse(decodeResult: success, version: HTTP/1.1)
HTTP/1.1 200 OK
Content-Type: application/json; charset=utf-8
cache-control: no-cache
content-length: 14

20:24:12.767 [AsyncHttpClient-1-17] DEBUG org.asynchttpclient.netty.channel.ChannelManager - Adding key: http://localhost:53794 for channel [id: 0xbb9cc75b, L:/127.0.0.1:62908 - R:localhost/127.0.0.1:53794]
  &amp#27;[32mAnd &amp#27;[0m&amp#27;[32mI click login button&amp#27;[0m                      &amp#27;[90m# starter.stepdefinitions.LoginStep.iClickLoginButton()&amp#27;[0m
20:24:12.776 [Forwarding screenshot on session c24103fdbf584fb6fe735dd8bb04ee5b to remote] DEBUG org.asynchttpclient.netty.request.NettyRequestSender - Using pooled Channel '[id: 0xbb9cc75b, L:/127.0.0.1:62908 - R:localhost/127.0.0.1:53794]' for 'GET' to 'http://localhost:53794/session/c24103fdbf584fb6fe735dd8bb04ee5b/screenshot'
20:24:12.776 [Forwarding screenshot on session c24103fdbf584fb6fe735dd8bb04ee5b to remote] DEBUG org.asynchttpclient.netty.request.NettyRequestSender - Using open Channel [id: 0xbb9cc75b, L:/127.0.0.1:62908 - R:localhost/127.0.0.1:53794] for GET '/session/c24103fdbf584fb6fe735dd8bb04ee5b/screenshot'
20:24:12.900 [AsyncHttpClient-1-17] DEBUG org.asynchttpclient.netty.handler.HttpHandler - 

Request DefaultFullHttpRequest(decodeResult: success, version: HTTP/1.1, content: EmptyByteBufBE)
GET /session/c24103fdbf584fb6fe735dd8bb04ee5b/screenshot HTTP/1.1
User-Agent: selenium/4.1.2 (java windows)
Cache-Control: no-cache
Content-Type: application/json; charset=utf-8
host: localhost:53794
accept: */*

Response DefaultHttpResponse(decodeResult: success, version: HTTP/1.1)
HTTP/1.1 200 OK
Content-Type: application/json; charset=utf-8
cache-control: no-cache
content-length: 24396

20:24:12.901 [AsyncHttpClient-1-17] DEBUG org.asynchttpclient.netty.channel.ChannelManager - Adding key: http://localhost:53794 for channel [id: 0xbb9cc75b, L:/127.0.0.1:62908 - R:localhost/127.0.0.1:53794]
20:24:12.903 [main] DEBUG net.serenitybdd.core.photography.Darkroom - Send negative for processing for target\site\serenity\8066750bd0c68351cba7b807f5e3d921a7ee5d032594fec42f5755d2c4e041c3.png
20:24:12.904 [Darkroom Processing Line] DEBUG net.serenitybdd.core.photography.DarkroomProcessingLine - Processing screenshot image in /var/screenshots/screenshot-12348457063530635063
20:24:12.904 [Darkroom Processing Line] DEBUG net.serenitybdd.core.photography.DarkroomProcessingLine - Saving screenshot to target\site\serenity\8066750bd0c68351cba7b807f5e3d921a7ee5d032594fec42f5755d2c4e041c3.png
20:24:12.911 [Forwarding findElement on session c24103fdbf584fb6fe735dd8bb04ee5b to remote] DEBUG org.asynchttpclient.netty.request.NettyRequestSender - Using pooled Channel '[id: 0xbb9cc75b, L:/127.0.0.1:62908 - R:localhost/127.0.0.1:53794]' for 'POST' to 'http://localhost:53794/session/c24103fdbf584fb6fe735dd8bb04ee5b/element'
20:24:12.911 [Forwarding findElement on session c24103fdbf584fb6fe735dd8bb04ee5b to remote] DEBUG org.asynchttpclient.netty.request.NettyRequestSender - Using open Channel [id: 0xbb9cc75b, L:/127.0.0.1:62908 - R:localhost/127.0.0.1:53794] for POST '/session/c24103fdbf584fb6fe735dd8bb04ee5b/element'
20:24:13.271 [AsyncHttpClient-1-1] DEBUG org.asynchttpclient.netty.channel.DefaultChannelPool - Entry count for : http://localhost:62909 : 1
20:24:14.367 [AsyncHttpClient-1-1] DEBUG org.asynchttpclient.netty.channel.DefaultChannelPool - Entry count for : http://localhost:62909 : 1
20:24:14.372 [AsyncHttpClient-1-17] DEBUG org.asynchttpclient.netty.handler.HttpHandler - 

Request DefaultHttpRequest(decodeResult: success, version: HTTP/1.1)
POST /session/c24103fdbf584fb6fe735dd8bb04ee5b/element HTTP/1.1
User-Agent: selenium/4.1.2 (java windows)
Content-Length: 69
Content-Type: application/json; charset=utf-8
host: localhost:53794
accept: */*

Response DefaultHttpResponse(decodeResult: success, version: HTTP/1.1)
HTTP/1.1 200 OK
Content-Type: application/json; charset=utf-8
cache-control: no-cache
content-length: 88

20:24:14.372 [AsyncHttpClient-1-17] DEBUG org.asynchttpclient.netty.channel.ChannelManager - Adding key: http://localhost:53794 for channel [id: 0xbb9cc75b, L:/127.0.0.1:62908 - R:localhost/127.0.0.1:53794]
20:24:14.377 [Forwarding isElementDisplayed on session c24103fdbf584fb6fe735dd8bb04ee5b to remote] DEBUG org.asynchttpclient.netty.request.NettyRequestSender - Using pooled Channel '[id: 0xbb9cc75b, L:/127.0.0.1:62908 - R:localhost/127.0.0.1:53794]' for 'POST' to 'http://localhost:53794/session/c24103fdbf584fb6fe735dd8bb04ee5b/execute/sync'
20:24:14.377 [Forwarding isElementDisplayed on session c24103fdbf584fb6fe735dd8bb04ee5b to remote] DEBUG org.asynchttpclient.netty.request.NettyRequestSender - Using open Channel [id: 0xbb9cc75b, L:/127.0.0.1:62908 - R:localhost/127.0.0.1:53794] for POST '/session/c24103fdbf584fb6fe735dd8bb04ee5b/execute/sync'
20:24:14.393 [AsyncHttpClient-1-17] DEBUG org.asynchttpclient.netty.handler.HttpHandler - 

Request DefaultHttpRequest(decodeResult: success, version: HTTP/1.1)
POST /session/c24103fdbf584fb6fe735dd8bb04ee5b/execute/sync HTTP/1.1
User-Agent: selenium/4.1.2 (java windows)
Content-Length: 48780
Content-Type: application/json; charset=utf-8
host: localhost:53794
accept: */*

Response DefaultHttpResponse(decodeResult: success, version: HTTP/1.1)
HTTP/1.1 200 OK
Content-Type: application/json; charset=utf-8
cache-control: no-cache
content-length: 14

20:24:14.393 [AsyncHttpClient-1-17] DEBUG org.asynchttpclient.netty.channel.ChannelManager - Adding key: http://localhost:53794 for channel [id: 0xbb9cc75b, L:/127.0.0.1:62908 - R:localhost/127.0.0.1:53794]
  &amp#27;[32mThen &amp#27;[0m&amp#27;[32mI will get the result &amp#27;[0m&amp#27;[32m&amp#27;[1m"failed"&amp#27;[0m           &amp#27;[90m# starter.stepdefinitions.LoginStep.iWillGetTheResult(java.lang.String)&amp#27;[0m
20:24:14.399 [Forwarding screenshot on session c24103fdbf584fb6fe735dd8bb04ee5b to remote] DEBUG org.asynchttpclient.netty.request.NettyRequestSender - Using pooled Channel '[id: 0xbb9cc75b, L:/127.0.0.1:62908 - R:localhost/127.0.0.1:53794]' for 'GET' to 'http://localhost:53794/session/c24103fdbf584fb6fe735dd8bb04ee5b/screenshot'
20:24:14.399 [Forwarding screenshot on session c24103fdbf584fb6fe735dd8bb04ee5b to remote] DEBUG org.asynchttpclient.netty.request.NettyRequestSender - Using open Channel [id: 0xbb9cc75b, L:/127.0.0.1:62908 - R:localhost/127.0.0.1:53794] for GET '/session/c24103fdbf584fb6fe735dd8bb04ee5b/screenshot'
20:24:14.507 [AsyncHttpClient-1-17] DEBUG org.asynchttpclient.netty.handler.HttpHandler - 

Request DefaultFullHttpRequest(decodeResult: success, version: HTTP/1.1, content: EmptyByteBufBE)
GET /session/c24103fdbf584fb6fe735dd8bb04ee5b/screenshot HTTP/1.1
User-Agent: selenium/4.1.2 (java windows)
Cache-Control: no-cache
Content-Type: application/json; charset=utf-8
host: localhost:53794
accept: */*

Response DefaultHttpResponse(decodeResult: success, version: HTTP/1.1)
HTTP/1.1 200 OK
Content-Type: application/json; charset=utf-8
cache-control: no-cache
content-length: 28908

20:24:14.508 [AsyncHttpClient-1-17] DEBUG org.asynchttpclient.netty.channel.ChannelManager - Adding key: http://localhost:53794 for channel [id: 0xbb9cc75b, L:/127.0.0.1:62908 - R:localhost/127.0.0.1:53794]
20:24:14.510 [main] DEBUG net.serenitybdd.core.photography.Darkroom - Send negative for processing for target\site\serenity\d759bd9802d56a41121f15bee282c9cc2ed331c191df4f3b0ab4a4d08825997f.png
20:24:14.511 [Darkroom Processing Line] DEBUG net.serenitybdd.core.photography.DarkroomProcessingLine - Processing screenshot image in /var/screenshots/screenshot-9533312379088201709
20:24:14.511 [Darkroom Processing Line] DEBUG net.serenitybdd.core.photography.DarkroomProcessingLine - Saving screenshot to target\site\serenity\d759bd9802d56a41121f15bee282c9cc2ed331c191df4f3b0ab4a4d08825997f.png
20:24:14.516 [AsyncHttpClient-1-3] DEBUG org.asynchttpclient.netty.handler.WebSocketHandler - Channel Closed: [id: 0xef34c645, L:/127.0.0.1:62917 ! R:localhost/127.0.0.1:62909] with attribute NettyResponseFuture{currentRetry=5,
	isDone=1,
	isCancelled=0,
	asyncHandler=org.asynchttpclient.ws.WebSocketUpgradeHandler@4e419323,
	nettyRequest=org.asynchttpclient.netty.request.NettyRequest@2e1aab35,
	future=java.util.concurrent.CompletableFuture@1244eeef[Completed normally],
	uri=ws://localhost:62909/devtools/browser/e76ffa22-6e5e-4d06-9fbe-b879d3fe1a3e,
	keepAlive=true,
	redirectCount=0,
	timeoutsHolder=null,
	inAuth=0,
	touch=1666790651353}
20:24:14.516 [Driver Command Executor] DEBUG org.asynchttpclient.netty.request.NettyRequestSender - Using pooled Channel '[id: 0xbb9cc75b, L:/127.0.0.1:62908 - R:localhost/127.0.0.1:53794]' for 'DELETE' to 'http://localhost:53794/session/c24103fdbf584fb6fe735dd8bb04ee5b'
20:24:14.516 [Driver Command Executor] DEBUG org.asynchttpclient.netty.request.NettyRequestSender - Using open Channel [id: 0xbb9cc75b, L:/127.0.0.1:62908 - R:localhost/127.0.0.1:53794] for DELETE '/session/c24103fdbf584fb6fe735dd8bb04ee5b'
20:24:14.516 [AsyncHttpClient-1-3] DEBUG org.asynchttpclient.netty.channel.ChannelManager - Closing Channel [id: 0xef34c645, L:/127.0.0.1:62917 ! R:localhost/127.0.0.1:62909] 
20:24:14.554 [AsyncHttpClient-1-2] DEBUG org.asynchttpclient.netty.handler.HttpHandler - Unexpected I/O exception on channel [id: 0x34e323ee, L:/127.0.0.1:62916 - R:localhost/127.0.0.1:62909]
java.net.SocketException: Connection reset
	at java.base/sun.nio.ch.SocketChannelImpl.throwConnectionReset(SocketChannelImpl.java:345)
	at java.base/sun.nio.ch.SocketChannelImpl.read(SocketChannelImpl.java:376)
	at io.netty.buffer.PooledByteBuf.setBytes(PooledByteBuf.java:258)
	at io.netty.buffer.AbstractByteBuf.writeBytes(AbstractByteBuf.java:1132)
	at io.netty.channel.socket.nio.NioSocketChannel.doReadBytes(NioSocketChannel.java:350)
	at io.netty.channel.nio.AbstractNioByteChannel$NioByteUnsafe.read(AbstractNioByteChannel.java:151)
	at io.netty.channel.nio.NioEventLoop.processSelectedKey(NioEventLoop.java:722)
	at io.netty.channel.nio.NioEventLoop.processSelectedKeysOptimized(NioEventLoop.java:658)
	at io.netty.channel.nio.NioEventLoop.processSelectedKeys(NioEventLoop.java:584)
	at io.netty.channel.nio.NioEventLoop.run(NioEventLoop.java:496)
	at io.netty.util.concurrent.SingleThreadEventExecutor$4.run(SingleThreadEventExecutor.java:986)
	at io.netty.util.internal.ThreadExecutorMap$2.run(ThreadExecutorMap.java:74)
	at io.netty.util.concurrent.FastThreadLocalRunnable.run(FastThreadLocalRunnable.java:30)
	at java.base/java.lang.Thread.run(Thread.java:830)
20:24:14.554 [AsyncHttpClient-1-2] DEBUG org.asynchttpclient.netty.channel.ChannelManager - Closing Channel [id: 0x34e323ee, L:/127.0.0.1:62916 - R:localhost/127.0.0.1:62909] 
20:24:14.555 [AsyncHttpClient-1-2] DEBUG org.asynchttpclient.netty.handler.HttpHandler - Channel Closed: [id: 0x34e323ee, L:/127.0.0.1:62916 ! R:localhost/127.0.0.1:62909] with attribute DISCARD
20:24:14.573 [AsyncHttpClient-1-17] DEBUG org.asynchttpclient.netty.handler.HttpHandler - 

Request DefaultFullHttpRequest(decodeResult: success, version: HTTP/1.1, content: EmptyByteBufBE)
DELETE /session/c24103fdbf584fb6fe735dd8bb04ee5b HTTP/1.1
User-Agent: selenium/4.1.2 (java windows)
Content-Type: application/json; charset=utf-8
host: localhost:53794
accept: */*

Response DefaultHttpResponse(decodeResult: success, version: HTTP/1.1)
HTTP/1.1 200 OK
Content-Type: application/json; charset=utf-8
cache-control: no-cache
content-length: 14

20:24:14.574 [AsyncHttpClient-1-17] DEBUG org.asynchttpclient.netty.channel.ChannelManager - Adding key: http://localhost:53794 for channel [id: 0xbb9cc75b, L:/127.0.0.1:62908 - R:localhost/127.0.0.1:53794]
20:24:14.634 [AsyncHttpClient-1-17] DEBUG org.asynchttpclient.netty.handler.HttpHandler - Channel Closed: [id: 0xbb9cc75b, L:/127.0.0.1:62908 ! R:localhost/127.0.0.1:53794] with attribute DISCARD
]]></system-out>
    <system-err><![CDATA[Starting ChromeDriver 105.0.5195.52 (412c95e518836d8a7d97250d62b29c2ae6a26a85-refs/branch-heads/5195@{#853}) on port 53794
Only local connections are allowed.
Please see https://chromedriver.chromium.org/security-considerations for suggestions on keeping ChromeDriver safe.
ChromeDriver was started successfully.
[1666790651.319][WARNING]: This version of ChromeDriver has not been tested with Chrome version 106.
Okt 26, 2022 8:24:11 PM org.openqa.selenium.remote.ProtocolHandshake createSession
INFO: Detected dialect: W3C
Okt 26, 2022 8:24:11 PM org.openqa.selenium.devtools.CdpVersionFinder findNearestMatch
WARNING: Unable to find an exact match for CDP version 106, so returning the closest version found: a no-op implementation
Okt 26, 2022 8:24:11 PM org.openqa.selenium.devtools.CdpVersionFinder findNearestMatch
INFO: Unable to find CDP implementation matching 106.
Okt 26, 2022 8:24:11 PM org.openqa.selenium.chromium.ChromiumDriver lambda$new$3
WARNING: Unable to find version of CDP to use for . You may need to include a dependency on a specific version of the CDP using something similar to `org.seleniumhq.selenium:selenium-devtools-v86:4.1.2` where the version ("v86") matches the version of the chromium-based browser you're using and the version number of the artifact is the same as Selenium's.
]]></system-err>
  </testcase>
  <testcase name="Login with email and password #5" classname="Login" time="4.975">
    <system-out><![CDATA[
@Logout
Scenario Outline: Login with email and password &amp#27;[90m# src/test/resources/features/Login.feature:19&amp#27;[0m
20:24:15.166 [main] INFO io.cucumber.core.plugin.SerenityReporter - Running feature from file:///C:/Users/alwi/IdeaProjects/AltaShop/src/test/resources/features/Login.feature
20:24:15.182 [main] INFO net.serenitybdd.core.webdriver.driverproviders.ChromeDriverProvider - Using automatically driver download
20:24:15.303 [main] DEBUG io.github.bonigarcia.wdm.cache.ResolutionCache - Resolution chrome=106 in cache (valid until 20:56:42 26/10/2022 ICT)
20:24:15.307 [main] DEBUG io.github.bonigarcia.wdm.cache.ResolutionCache - Resolution chrome106=106.0.5249.61 in cache (valid until 22:47:25 26/10/2022 WIB)
20:24:15.310 [main] INFO io.github.bonigarcia.wdm.WebDriverManager - Using chromedriver 106.0.5249.61 (resolved driver for Chrome 106)
20:24:15.325 [main] DEBUG io.github.bonigarcia.wdm.WebDriverManager - Driver chromedriver 106.0.5249.61 found in cache
20:24:15.326 [main] INFO io.github.bonigarcia.wdm.WebDriverManager - Exporting webdriver.chrome.driver as C:\Users\alwi\.cache\selenium\chromedriver\win32\106.0.5249.61\chromedriver.exe
20:24:15.450 [main] DEBUG net.serenitybdd.core.webdriver.driverproviders.ProvideNewDriver - Instantiating driver
20:24:15.450 [main] DEBUG net.serenitybdd.core.webdriver.driverproviders.ProvideNewDriver - Driver capabilities: Capabilities {acceptInsecureCerts: false, base.url: https://alta-shop.vercel.app, browserName: chrome, chrome.driver: src/test/resources/webdrive..., driver: chrome, goog:chromeOptions: {args: [], extensions: []}, wait.for.timeout: 5000}
20:24:15.466 [AsyncHttpClient-1-1] DEBUG org.asynchttpclient.netty.channel.DefaultChannelPool - Entry count for : http://localhost:53794 : 1
20:24:15.466 [AsyncHttpClient-1-1] DEBUG org.asynchttpclient.netty.channel.DefaultChannelPool - Entry count for : http://localhost:62909 : 1
20:24:15.466 [AsyncHttpClient-1-1] DEBUG org.asynchttpclient.netty.channel.DefaultChannelPool - Adding Candidate expired Channel [id: 0xbb9cc75b, L:/127.0.0.1:62908 ! R:localhost/127.0.0.1:53794] isIdleTimeoutExpired=false isRemotelyClosed=true isTtlExpired=false
20:24:15.466 [AsyncHttpClient-1-1] DEBUG org.asynchttpclient.netty.channel.DefaultChannelPool - Closing Idle Channel [id: 0xbb9cc75b, L:/127.0.0.1:62908 ! R:localhost/127.0.0.1:53794]
20:24:15.466 [AsyncHttpClient-1-1] DEBUG org.asynchttpclient.netty.channel.DefaultChannelPool - Adding Candidate expired Channel [id: 0x34e323ee, L:/127.0.0.1:62916 ! R:localhost/127.0.0.1:62909] isIdleTimeoutExpired=false isRemotelyClosed=true isTtlExpired=false
20:24:15.466 [AsyncHttpClient-1-1] DEBUG org.asynchttpclient.netty.channel.DefaultChannelPool - Closing Idle Channel [id: 0x34e323ee, L:/127.0.0.1:62916 ! R:localhost/127.0.0.1:62909]
20:24:15.466 [AsyncHttpClient-1-1] DEBUG org.asynchttpclient.netty.channel.DefaultChannelPool - Closed 2 connections out of 2 in 0 ms
20:24:15.978 [AsyncHttpClient-1-4] DEBUG org.asynchttpclient.netty.channel.NettyConnectListener - Using new Channel '[id: 0x5d623a3c, L:/127.0.0.1:62943 - R:localhost/127.0.0.1:62304]' for 'POST' to '/session'
20:24:16.719 [AsyncHttpClient-1-4] DEBUG org.asynchttpclient.netty.handler.HttpHandler - 

Request DefaultHttpRequest(decodeResult: success, version: HTTP/1.1)
POST /session HTTP/1.1
User-Agent: selenium/4.1.2 (java windows)
Content-Length: 639
Content-Type: application/json; charset=utf-8
host: localhost:62304
accept: */*

Response DefaultHttpResponse(decodeResult: success, version: HTTP/1.1)
HTTP/1.1 200 OK
Content-Type: application/json; charset=utf-8
cache-control: no-cache
content-length: 790

20:24:16.719 [AsyncHttpClient-1-4] DEBUG org.asynchttpclient.netty.channel.ChannelManager - Adding key: http://localhost:62304 for channel [id: 0x5d623a3c, L:/127.0.0.1:62943 - R:localhost/127.0.0.1:62304]
20:24:16.727 [AsyncHttpClient-1-5] DEBUG org.asynchttpclient.netty.channel.NettyConnectListener - Using new Channel '[id: 0x4ae5baf4, L:/127.0.0.1:62951 - R:localhost/127.0.0.1:62944]' for 'GET' to '/json/version'
20:24:16.728 [AsyncHttpClient-1-5] DEBUG org.asynchttpclient.netty.handler.HttpHandler - 

Request DefaultFullHttpRequest(decodeResult: success, version: HTTP/1.1, content: EmptyByteBufBE)
GET /json/version HTTP/1.1
User-Agent: selenium/4.1.2 (java windows)
host: localhost:62944
accept: */*

Response DefaultHttpResponse(decodeResult: success, version: HTTP/1.1)
HTTP/1.1 200 OK
Content-Type: application/json; charset=UTF-8
content-length: 424

20:24:16.728 [AsyncHttpClient-1-5] DEBUG org.asynchttpclient.netty.channel.ChannelManager - Adding key: http://localhost:62944 for channel [id: 0x4ae5baf4, L:/127.0.0.1:62951 - R:localhost/127.0.0.1:62944]
20:24:16.731 [AsyncHttpClient-1-6] DEBUG org.asynchttpclient.netty.channel.NettyConnectListener - Using new Channel '[id: 0x91cb2a30, L:/127.0.0.1:62952 - R:localhost/127.0.0.1:62944]' for 'GET' to '/devtools/browser/1a893c6f-20e7-463a-bd2c-2db7250b789d'
20:24:16.733 [AsyncHttpClient-1-6] DEBUG org.asynchttpclient.netty.handler.WebSocketHandler - 

Request DefaultFullHttpRequest(decodeResult: success, version: HTTP/1.1, content: EmptyByteBufBE)
GET /devtools/browser/1a893c6f-20e7-463a-bd2c-2db7250b789d HTTP/1.1
upgrade: websocket
connection: upgrade
sec-websocket-key: gDyOHmAQ8O1JQWogCULTZQ==
sec-websocket-version: 13
origin: http://localhost:62944
host: localhost:62944
accept: */*
user-agent: AHC/2.1

Response DefaultHttpResponse(decodeResult: success, version: HTTP/1.1)
HTTP/1.1 101 WebSocket Protocol Handshake
Upgrade: WebSocket
Connection: Upgrade
Sec-WebSocket-Accept: Uz+EMubsOXvnk3X/dL/mLeuIijc=

20:24:16.739 [Forwarding get on session e80e91448d1f28baf63bb71a390c19e5 to remote] DEBUG org.asynchttpclient.netty.request.NettyRequestSender - Using pooled Channel '[id: 0x5d623a3c, L:/127.0.0.1:62943 - R:localhost/127.0.0.1:62304]' for 'POST' to 'http://localhost:62304/session/e80e91448d1f28baf63bb71a390c19e5/url'
20:24:16.739 [Forwarding get on session e80e91448d1f28baf63bb71a390c19e5 to remote] DEBUG org.asynchttpclient.netty.request.NettyRequestSender - Using open Channel [id: 0x5d623a3c, L:/127.0.0.1:62943 - R:localhost/127.0.0.1:62304] for POST '/session/e80e91448d1f28baf63bb71a390c19e5/url'
20:24:17.230 [AsyncHttpClient-1-4] DEBUG org.asynchttpclient.netty.handler.HttpHandler - 

Request DefaultHttpRequest(decodeResult: success, version: HTTP/1.1)
POST /session/e80e91448d1f28baf63bb71a390c19e5/url HTTP/1.1
User-Agent: selenium/4.1.2 (java windows)
Content-Length: 74
Content-Type: application/json; charset=utf-8
host: localhost:62304
accept: */*

Response DefaultHttpResponse(decodeResult: success, version: HTTP/1.1)
HTTP/1.1 200 OK
Content-Type: application/json; charset=utf-8
cache-control: no-cache
content-length: 14

20:24:17.230 [AsyncHttpClient-1-4] DEBUG org.asynchttpclient.netty.channel.ChannelManager - Adding key: http://localhost:62304 for channel [id: 0x5d623a3c, L:/127.0.0.1:62943 - R:localhost/127.0.0.1:62304]
20:24:17.231 [Forwarding setTimeout on session e80e91448d1f28baf63bb71a390c19e5 to remote] DEBUG org.asynchttpclient.netty.request.NettyRequestSender - Using pooled Channel '[id: 0x5d623a3c, L:/127.0.0.1:62943 - R:localhost/127.0.0.1:62304]' for 'POST' to 'http://localhost:62304/session/e80e91448d1f28baf63bb71a390c19e5/timeouts'
20:24:17.231 [Forwarding setTimeout on session e80e91448d1f28baf63bb71a390c19e5 to remote] DEBUG org.asynchttpclient.netty.request.NettyRequestSender - Using open Channel [id: 0x5d623a3c, L:/127.0.0.1:62943 - R:localhost/127.0.0.1:62304] for POST '/session/e80e91448d1f28baf63bb71a390c19e5/timeouts'
20:24:17.232 [AsyncHttpClient-1-4] DEBUG org.asynchttpclient.netty.handler.HttpHandler - 

Request DefaultHttpRequest(decodeResult: success, version: HTTP/1.1)
POST /session/e80e91448d1f28baf63bb71a390c19e5/timeouts HTTP/1.1
User-Agent: selenium/4.1.2 (java windows)
Content-Length: 22
Content-Type: application/json; charset=utf-8
host: localhost:62304
accept: */*

Response DefaultHttpResponse(decodeResult: success, version: HTTP/1.1)
HTTP/1.1 200 OK
Content-Type: application/json; charset=utf-8
cache-control: no-cache
content-length: 14

20:24:17.233 [AsyncHttpClient-1-4] DEBUG org.asynchttpclient.netty.channel.ChannelManager - Adding key: http://localhost:62304 for channel [id: 0x5d623a3c, L:/127.0.0.1:62943 - R:localhost/127.0.0.1:62304]
20:24:17.235 [Forwarding getCurrentUrl on session e80e91448d1f28baf63bb71a390c19e5 to remote] DEBUG org.asynchttpclient.netty.request.NettyRequestSender - Using pooled Channel '[id: 0x5d623a3c, L:/127.0.0.1:62943 - R:localhost/127.0.0.1:62304]' for 'GET' to 'http://localhost:62304/session/e80e91448d1f28baf63bb71a390c19e5/url'
20:24:17.235 [Forwarding getCurrentUrl on session e80e91448d1f28baf63bb71a390c19e5 to remote] DEBUG org.asynchttpclient.netty.request.NettyRequestSender - Using open Channel [id: 0x5d623a3c, L:/127.0.0.1:62943 - R:localhost/127.0.0.1:62304] for GET '/session/e80e91448d1f28baf63bb71a390c19e5/url'
20:24:17.240 [AsyncHttpClient-1-4] DEBUG org.asynchttpclient.netty.handler.HttpHandler - 

Request DefaultFullHttpRequest(decodeResult: success, version: HTTP/1.1, content: EmptyByteBufBE)
GET /session/e80e91448d1f28baf63bb71a390c19e5/url HTTP/1.1
User-Agent: selenium/4.1.2 (java windows)
Cache-Control: no-cache
Content-Type: application/json; charset=utf-8
host: localhost:62304
accept: */*

Response DefaultHttpResponse(decodeResult: success, version: HTTP/1.1)
HTTP/1.1 200 OK
Content-Type: application/json; charset=utf-8
cache-control: no-cache
content-length: 51

20:24:17.240 [AsyncHttpClient-1-4] DEBUG org.asynchttpclient.netty.channel.ChannelManager - Adding key: http://localhost:62304 for channel [id: 0x5d623a3c, L:/127.0.0.1:62943 - R:localhost/127.0.0.1:62304]
  &amp#27;[32mGiven &amp#27;[0m&amp#27;[32mI am on the login page&amp#27;[0m                  &amp#27;[90m# starter.stepdefinitions.LoginStep.iAmOnTheLoginPage()&amp#27;[0m
20:24:17.254 [Forwarding screenshot on session e80e91448d1f28baf63bb71a390c19e5 to remote] DEBUG org.asynchttpclient.netty.request.NettyRequestSender - Using pooled Channel '[id: 0x5d623a3c, L:/127.0.0.1:62943 - R:localhost/127.0.0.1:62304]' for 'GET' to 'http://localhost:62304/session/e80e91448d1f28baf63bb71a390c19e5/screenshot'
20:24:17.254 [Forwarding screenshot on session e80e91448d1f28baf63bb71a390c19e5 to remote] DEBUG org.asynchttpclient.netty.request.NettyRequestSender - Using open Channel [id: 0x5d623a3c, L:/127.0.0.1:62943 - R:localhost/127.0.0.1:62304] for GET '/session/e80e91448d1f28baf63bb71a390c19e5/screenshot'
20:24:17.369 [AsyncHttpClient-1-4] DEBUG org.asynchttpclient.netty.handler.HttpHandler - 

Request DefaultFullHttpRequest(decodeResult: success, version: HTTP/1.1, content: EmptyByteBufBE)
GET /session/e80e91448d1f28baf63bb71a390c19e5/screenshot HTTP/1.1
User-Agent: selenium/4.1.2 (java windows)
Cache-Control: no-cache
Content-Type: application/json; charset=utf-8
host: localhost:62304
accept: */*

Response DefaultHttpResponse(decodeResult: success, version: HTTP/1.1)
HTTP/1.1 200 OK
Content-Type: application/json; charset=utf-8
cache-control: no-cache
content-length: 24528

20:24:17.370 [AsyncHttpClient-1-4] DEBUG org.asynchttpclient.netty.channel.ChannelManager - Adding key: http://localhost:62304 for channel [id: 0x5d623a3c, L:/127.0.0.1:62943 - R:localhost/127.0.0.1:62304]
20:24:17.372 [main] DEBUG net.serenitybdd.core.photography.Darkroom - Send negative for processing for target\site\serenity\4a081d05db2e6be9b3256b332b844d9c53d5aa88207142e6b6c18ed6759b787c.png
20:24:17.383 [Forwarding findElement on session e80e91448d1f28baf63bb71a390c19e5 to remote] DEBUG org.asynchttpclient.netty.request.NettyRequestSender - Using pooled Channel '[id: 0x5d623a3c, L:/127.0.0.1:62943 - R:localhost/127.0.0.1:62304]' for 'POST' to 'http://localhost:62304/session/e80e91448d1f28baf63bb71a390c19e5/element'
20:24:17.383 [Forwarding findElement on session e80e91448d1f28baf63bb71a390c19e5 to remote] DEBUG org.asynchttpclient.netty.request.NettyRequestSender - Using open Channel [id: 0x5d623a3c, L:/127.0.0.1:62943 - R:localhost/127.0.0.1:62304] for POST '/session/e80e91448d1f28baf63bb71a390c19e5/element'
20:24:17.394 [AsyncHttpClient-1-4] DEBUG org.asynchttpclient.netty.handler.HttpHandler - 

Request DefaultHttpRequest(decodeResult: success, version: HTTP/1.1)
POST /session/e80e91448d1f28baf63bb71a390c19e5/element HTTP/1.1
User-Agent: selenium/4.1.2 (java windows)
Content-Length: 55
Content-Type: application/json; charset=utf-8
host: localhost:62304
accept: */*

Response DefaultHttpResponse(decodeResult: success, version: HTTP/1.1)
HTTP/1.1 200 OK
Content-Type: application/json; charset=utf-8
cache-control: no-cache
content-length: 88

20:24:17.394 [AsyncHttpClient-1-4] DEBUG org.asynchttpclient.netty.channel.ChannelManager - Adding key: http://localhost:62304 for channel [id: 0x5d623a3c, L:/127.0.0.1:62943 - R:localhost/127.0.0.1:62304]
20:24:17.398 [Forwarding clearElement on session e80e91448d1f28baf63bb71a390c19e5 to remote] DEBUG org.asynchttpclient.netty.request.NettyRequestSender - Using pooled Channel '[id: 0x5d623a3c, L:/127.0.0.1:62943 - R:localhost/127.0.0.1:62304]' for 'POST' to 'http://localhost:62304/session/e80e91448d1f28baf63bb71a390c19e5/element/092d5e75-6ff2-464a-827a-e53914884622/clear'
20:24:17.398 [Forwarding clearElement on session e80e91448d1f28baf63bb71a390c19e5 to remote] DEBUG org.asynchttpclient.netty.request.NettyRequestSender - Using open Channel [id: 0x5d623a3c, L:/127.0.0.1:62943 - R:localhost/127.0.0.1:62304] for POST '/session/e80e91448d1f28baf63bb71a390c19e5/element/092d5e75-6ff2-464a-827a-e53914884622/clear'
20:24:17.435 [AsyncHttpClient-1-4] DEBUG org.asynchttpclient.netty.handler.HttpHandler - 

Request DefaultHttpRequest(decodeResult: success, version: HTTP/1.1)
POST /session/e80e91448d1f28baf63bb71a390c19e5/element/092d5e75-6ff2-464a-827a-e53914884622/clear HTTP/1.1
User-Agent: selenium/4.1.2 (java windows)
Content-Length: 50
Content-Type: application/json; charset=utf-8
host: localhost:62304
accept: */*

Response DefaultHttpResponse(decodeResult: success, version: HTTP/1.1)
HTTP/1.1 200 OK
Content-Type: application/json; charset=utf-8
cache-control: no-cache
content-length: 14

20:24:17.436 [AsyncHttpClient-1-4] DEBUG org.asynchttpclient.netty.channel.ChannelManager - Adding key: http://localhost:62304 for channel [id: 0x5d623a3c, L:/127.0.0.1:62943 - R:localhost/127.0.0.1:62304]
20:24:17.438 [Forwarding sendKeysToElement on session e80e91448d1f28baf63bb71a390c19e5 to remote] DEBUG org.asynchttpclient.netty.request.NettyRequestSender - Using pooled Channel '[id: 0x5d623a3c, L:/127.0.0.1:62943 - R:localhost/127.0.0.1:62304]' for 'POST' to 'http://localhost:62304/session/e80e91448d1f28baf63bb71a390c19e5/element/092d5e75-6ff2-464a-827a-e53914884622/value'
20:24:17.438 [Forwarding sendKeysToElement on session e80e91448d1f28baf63bb71a390c19e5 to remote] DEBUG org.asynchttpclient.netty.request.NettyRequestSender - Using open Channel [id: 0x5d623a3c, L:/127.0.0.1:62943 - R:localhost/127.0.0.1:62304] for POST '/session/e80e91448d1f28baf63bb71a390c19e5/element/092d5e75-6ff2-464a-827a-e53914884622/value'
20:24:17.484 [AsyncHttpClient-1-4] DEBUG org.asynchttpclient.netty.handler.HttpHandler - 

Request DefaultHttpRequest(decodeResult: success, version: HTTP/1.1)
POST /session/e80e91448d1f28baf63bb71a390c19e5/element/092d5e75-6ff2-464a-827a-e53914884622/value HTTP/1.1
User-Agent: selenium/4.1.2 (java windows)
Content-Length: 82
Content-Type: application/json; charset=utf-8
host: localhost:62304
accept: */*

Response DefaultHttpResponse(decodeResult: success, version: HTTP/1.1)
HTTP/1.1 200 OK
Content-Type: application/json; charset=utf-8
cache-control: no-cache
content-length: 14

20:24:17.484 [AsyncHttpClient-1-4] DEBUG org.asynchttpclient.netty.channel.ChannelManager - Adding key: http://localhost:62304 for channel [id: 0x5d623a3c, L:/127.0.0.1:62943 - R:localhost/127.0.0.1:62304]
  &amp#27;[32mWhen &amp#27;[0m&amp#27;[32mI input email &amp#27;[0m&amp#27;[32m&amp#27;[1m""&amp#27;[0m                         &amp#27;[90m# starter.stepdefinitions.LoginStep.iInputEmail(java.lang.String)&amp#27;[0m
20:24:17.495 [Forwarding screenshot on session e80e91448d1f28baf63bb71a390c19e5 to remote] DEBUG org.asynchttpclient.netty.request.NettyRequestSender - Using pooled Channel '[id: 0x5d623a3c, L:/127.0.0.1:62943 - R:localhost/127.0.0.1:62304]' for 'GET' to 'http://localhost:62304/session/e80e91448d1f28baf63bb71a390c19e5/screenshot'
20:24:17.495 [Forwarding screenshot on session e80e91448d1f28baf63bb71a390c19e5 to remote] DEBUG org.asynchttpclient.netty.request.NettyRequestSender - Using open Channel [id: 0x5d623a3c, L:/127.0.0.1:62943 - R:localhost/127.0.0.1:62304] for GET '/session/e80e91448d1f28baf63bb71a390c19e5/screenshot'
20:24:17.622 [AsyncHttpClient-1-4] DEBUG org.asynchttpclient.netty.handler.HttpHandler - 

Request DefaultFullHttpRequest(decodeResult: success, version: HTTP/1.1, content: EmptyByteBufBE)
GET /session/e80e91448d1f28baf63bb71a390c19e5/screenshot HTTP/1.1
User-Agent: selenium/4.1.2 (java windows)
Cache-Control: no-cache
Content-Type: application/json; charset=utf-8
host: localhost:62304
accept: */*

Response DefaultHttpResponse(decodeResult: success, version: HTTP/1.1)
HTTP/1.1 200 OK
Content-Type: application/json; charset=utf-8
cache-control: no-cache
content-length: 24744

20:24:17.623 [AsyncHttpClient-1-4] DEBUG org.asynchttpclient.netty.channel.ChannelManager - Adding key: http://localhost:62304 for channel [id: 0x5d623a3c, L:/127.0.0.1:62943 - R:localhost/127.0.0.1:62304]
20:24:17.625 [main] DEBUG net.serenitybdd.core.photography.Darkroom - Send negative for processing for target\site\serenity\67742f82e236b87a74386011f9c789cb04905a651859be1ac7616817eb14859f.png
20:24:17.625 [Darkroom Processing Line] DEBUG net.serenitybdd.core.photography.DarkroomProcessingLine - Processing screenshot image in /var/screenshots/screenshot-14289872521317982344
20:24:17.625 [Darkroom Processing Line] DEBUG net.serenitybdd.core.photography.DarkroomProcessingLine - Saving screenshot to target\site\serenity\67742f82e236b87a74386011f9c789cb04905a651859be1ac7616817eb14859f.png
20:24:17.635 [Forwarding findElement on session e80e91448d1f28baf63bb71a390c19e5 to remote] DEBUG org.asynchttpclient.netty.request.NettyRequestSender - Using pooled Channel '[id: 0x5d623a3c, L:/127.0.0.1:62943 - R:localhost/127.0.0.1:62304]' for 'POST' to 'http://localhost:62304/session/e80e91448d1f28baf63bb71a390c19e5/element'
20:24:17.635 [Forwarding findElement on session e80e91448d1f28baf63bb71a390c19e5 to remote] DEBUG org.asynchttpclient.netty.request.NettyRequestSender - Using open Channel [id: 0x5d623a3c, L:/127.0.0.1:62943 - R:localhost/127.0.0.1:62304] for POST '/session/e80e91448d1f28baf63bb71a390c19e5/element'
20:24:17.650 [AsyncHttpClient-1-4] DEBUG org.asynchttpclient.netty.handler.HttpHandler - 

Request DefaultHttpRequest(decodeResult: success, version: HTTP/1.1)
POST /session/e80e91448d1f28baf63bb71a390c19e5/element HTTP/1.1
User-Agent: selenium/4.1.2 (java windows)
Content-Length: 55
Content-Type: application/json; charset=utf-8
host: localhost:62304
accept: */*

Response DefaultHttpResponse(decodeResult: success, version: HTTP/1.1)
HTTP/1.1 200 OK
Content-Type: application/json; charset=utf-8
cache-control: no-cache
content-length: 88

20:24:17.650 [AsyncHttpClient-1-4] DEBUG org.asynchttpclient.netty.channel.ChannelManager - Adding key: http://localhost:62304 for channel [id: 0x5d623a3c, L:/127.0.0.1:62943 - R:localhost/127.0.0.1:62304]
20:24:17.652 [Forwarding clearElement on session e80e91448d1f28baf63bb71a390c19e5 to remote] DEBUG org.asynchttpclient.netty.request.NettyRequestSender - Using pooled Channel '[id: 0x5d623a3c, L:/127.0.0.1:62943 - R:localhost/127.0.0.1:62304]' for 'POST' to 'http://localhost:62304/session/e80e91448d1f28baf63bb71a390c19e5/element/f275adea-8530-4dd1-ab39-1a5ad33597e4/clear'
20:24:17.652 [Forwarding clearElement on session e80e91448d1f28baf63bb71a390c19e5 to remote] DEBUG org.asynchttpclient.netty.request.NettyRequestSender - Using open Channel [id: 0x5d623a3c, L:/127.0.0.1:62943 - R:localhost/127.0.0.1:62304] for POST '/session/e80e91448d1f28baf63bb71a390c19e5/element/f275adea-8530-4dd1-ab39-1a5ad33597e4/clear'
20:24:17.665 [AsyncHttpClient-1-1] DEBUG org.asynchttpclient.netty.channel.DefaultChannelPool - Entry count for : http://localhost:62944 : 1
20:24:17.697 [AsyncHttpClient-1-4] DEBUG org.asynchttpclient.netty.handler.HttpHandler - 

Request DefaultHttpRequest(decodeResult: success, version: HTTP/1.1)
POST /session/e80e91448d1f28baf63bb71a390c19e5/element/f275adea-8530-4dd1-ab39-1a5ad33597e4/clear HTTP/1.1
User-Agent: selenium/4.1.2 (java windows)
Content-Length: 50
Content-Type: application/json; charset=utf-8
host: localhost:62304
accept: */*

Response DefaultHttpResponse(decodeResult: success, version: HTTP/1.1)
HTTP/1.1 200 OK
Content-Type: application/json; charset=utf-8
cache-control: no-cache
content-length: 14

20:24:17.698 [AsyncHttpClient-1-4] DEBUG org.asynchttpclient.netty.channel.ChannelManager - Adding key: http://localhost:62304 for channel [id: 0x5d623a3c, L:/127.0.0.1:62943 - R:localhost/127.0.0.1:62304]
20:24:17.701 [Forwarding sendKeysToElement on session e80e91448d1f28baf63bb71a390c19e5 to remote] DEBUG org.asynchttpclient.netty.request.NettyRequestSender - Using pooled Channel '[id: 0x5d623a3c, L:/127.0.0.1:62943 - R:localhost/127.0.0.1:62304]' for 'POST' to 'http://localhost:62304/session/e80e91448d1f28baf63bb71a390c19e5/element/f275adea-8530-4dd1-ab39-1a5ad33597e4/value'
20:24:17.701 [Forwarding sendKeysToElement on session e80e91448d1f28baf63bb71a390c19e5 to remote] DEBUG org.asynchttpclient.netty.request.NettyRequestSender - Using open Channel [id: 0x5d623a3c, L:/127.0.0.1:62943 - R:localhost/127.0.0.1:62304] for POST '/session/e80e91448d1f28baf63bb71a390c19e5/element/f275adea-8530-4dd1-ab39-1a5ad33597e4/value'
20:24:17.739 [AsyncHttpClient-1-4] DEBUG org.asynchttpclient.netty.handler.HttpHandler - 

Request DefaultHttpRequest(decodeResult: success, version: HTTP/1.1)
POST /session/e80e91448d1f28baf63bb71a390c19e5/element/f275adea-8530-4dd1-ab39-1a5ad33597e4/value HTTP/1.1
User-Agent: selenium/4.1.2 (java windows)
Content-Length: 82
Content-Type: application/json; charset=utf-8
host: localhost:62304
accept: */*

Response DefaultHttpResponse(decodeResult: success, version: HTTP/1.1)
HTTP/1.1 200 OK
Content-Type: application/json; charset=utf-8
cache-control: no-cache
content-length: 14

20:24:17.739 [AsyncHttpClient-1-4] DEBUG org.asynchttpclient.netty.channel.ChannelManager - Adding key: http://localhost:62304 for channel [id: 0x5d623a3c, L:/127.0.0.1:62943 - R:localhost/127.0.0.1:62304]
  &amp#27;[32mAnd &amp#27;[0m&amp#27;[32mI input password &amp#27;[0m&amp#27;[32m&amp#27;[1m""&amp#27;[0m                       &amp#27;[90m# starter.stepdefinitions.LoginStep.iInputPassword(java.lang.String)&amp#27;[0m
20:24:17.750 [Forwarding screenshot on session e80e91448d1f28baf63bb71a390c19e5 to remote] DEBUG org.asynchttpclient.netty.request.NettyRequestSender - Using pooled Channel '[id: 0x5d623a3c, L:/127.0.0.1:62943 - R:localhost/127.0.0.1:62304]' for 'GET' to 'http://localhost:62304/session/e80e91448d1f28baf63bb71a390c19e5/screenshot'
20:24:17.750 [Forwarding screenshot on session e80e91448d1f28baf63bb71a390c19e5 to remote] DEBUG org.asynchttpclient.netty.request.NettyRequestSender - Using open Channel [id: 0x5d623a3c, L:/127.0.0.1:62943 - R:localhost/127.0.0.1:62304] for GET '/session/e80e91448d1f28baf63bb71a390c19e5/screenshot'
20:24:17.856 [AsyncHttpClient-1-4] DEBUG org.asynchttpclient.netty.handler.HttpHandler - 

Request DefaultFullHttpRequest(decodeResult: success, version: HTTP/1.1, content: EmptyByteBufBE)
GET /session/e80e91448d1f28baf63bb71a390c19e5/screenshot HTTP/1.1
User-Agent: selenium/4.1.2 (java windows)
Cache-Control: no-cache
Content-Type: application/json; charset=utf-8
host: localhost:62304
accept: */*

Response DefaultHttpResponse(decodeResult: success, version: HTTP/1.1)
HTTP/1.1 200 OK
Content-Type: application/json; charset=utf-8
cache-control: no-cache
content-length: 24880

20:24:17.856 [AsyncHttpClient-1-4] DEBUG org.asynchttpclient.netty.channel.ChannelManager - Adding key: http://localhost:62304 for channel [id: 0x5d623a3c, L:/127.0.0.1:62943 - R:localhost/127.0.0.1:62304]
20:24:17.858 [main] DEBUG net.serenitybdd.core.photography.Darkroom - Send negative for processing for target\site\serenity\6ce5cd7641f531e35faf644df2c228bbc5625483a19551db93d997143bfb12bc.png
20:24:17.858 [Darkroom Processing Line] DEBUG net.serenitybdd.core.photography.DarkroomProcessingLine - Processing screenshot image in /var/screenshots/screenshot-15774843882410526060
20:24:17.858 [Darkroom Processing Line] DEBUG net.serenitybdd.core.photography.DarkroomProcessingLine - Saving screenshot to target\site\serenity\6ce5cd7641f531e35faf644df2c228bbc5625483a19551db93d997143bfb12bc.png
20:24:17.869 [Forwarding findElement on session e80e91448d1f28baf63bb71a390c19e5 to remote] DEBUG org.asynchttpclient.netty.request.NettyRequestSender - Using pooled Channel '[id: 0x5d623a3c, L:/127.0.0.1:62943 - R:localhost/127.0.0.1:62304]' for 'POST' to 'http://localhost:62304/session/e80e91448d1f28baf63bb71a390c19e5/element'
20:24:17.869 [Forwarding findElement on session e80e91448d1f28baf63bb71a390c19e5 to remote] DEBUG org.asynchttpclient.netty.request.NettyRequestSender - Using open Channel [id: 0x5d623a3c, L:/127.0.0.1:62943 - R:localhost/127.0.0.1:62304] for POST '/session/e80e91448d1f28baf63bb71a390c19e5/element'
20:24:17.886 [AsyncHttpClient-1-4] DEBUG org.asynchttpclient.netty.handler.HttpHandler - 

Request DefaultHttpRequest(decodeResult: success, version: HTTP/1.1)
POST /session/e80e91448d1f28baf63bb71a390c19e5/element HTTP/1.1
User-Agent: selenium/4.1.2 (java windows)
Content-Length: 143
Content-Type: application/json; charset=utf-8
host: localhost:62304
accept: */*

Response DefaultHttpResponse(decodeResult: success, version: HTTP/1.1)
HTTP/1.1 200 OK
Content-Type: application/json; charset=utf-8
cache-control: no-cache
content-length: 88

20:24:17.886 [AsyncHttpClient-1-4] DEBUG org.asynchttpclient.netty.channel.ChannelManager - Adding key: http://localhost:62304 for channel [id: 0x5d623a3c, L:/127.0.0.1:62943 - R:localhost/127.0.0.1:62304]
20:24:17.889 [Forwarding getElementTagName on session e80e91448d1f28baf63bb71a390c19e5 to remote] DEBUG org.asynchttpclient.netty.request.NettyRequestSender - Using pooled Channel '[id: 0x5d623a3c, L:/127.0.0.1:62943 - R:localhost/127.0.0.1:62304]' for 'GET' to 'http://localhost:62304/session/e80e91448d1f28baf63bb71a390c19e5/element/ab93e032-8708-40df-9c3f-73bef6068828/name'
20:24:17.889 [Forwarding getElementTagName on session e80e91448d1f28baf63bb71a390c19e5 to remote] DEBUG org.asynchttpclient.netty.request.NettyRequestSender - Using open Channel [id: 0x5d623a3c, L:/127.0.0.1:62943 - R:localhost/127.0.0.1:62304] for GET '/session/e80e91448d1f28baf63bb71a390c19e5/element/ab93e032-8708-40df-9c3f-73bef6068828/name'
20:24:17.898 [AsyncHttpClient-1-4] DEBUG org.asynchttpclient.netty.handler.HttpHandler - 

Request DefaultFullHttpRequest(decodeResult: success, version: HTTP/1.1, content: EmptyByteBufBE)
GET /session/e80e91448d1f28baf63bb71a390c19e5/element/ab93e032-8708-40df-9c3f-73bef6068828/name HTTP/1.1
User-Agent: selenium/4.1.2 (java windows)
Cache-Control: no-cache
Content-Type: application/json; charset=utf-8
host: localhost:62304
accept: */*

Response DefaultHttpResponse(decodeResult: success, version: HTTP/1.1)
HTTP/1.1 200 OK
Content-Type: application/json; charset=utf-8
cache-control: no-cache
content-length: 18

20:24:17.898 [AsyncHttpClient-1-4] DEBUG org.asynchttpclient.netty.channel.ChannelManager - Adding key: http://localhost:62304 for channel [id: 0x5d623a3c, L:/127.0.0.1:62943 - R:localhost/127.0.0.1:62304]
20:24:17.900 [Forwarding getElementTagName on session e80e91448d1f28baf63bb71a390c19e5 to remote] DEBUG org.asynchttpclient.netty.request.NettyRequestSender - Using pooled Channel '[id: 0x5d623a3c, L:/127.0.0.1:62943 - R:localhost/127.0.0.1:62304]' for 'GET' to 'http://localhost:62304/session/e80e91448d1f28baf63bb71a390c19e5/element/ab93e032-8708-40df-9c3f-73bef6068828/name'
20:24:17.900 [Forwarding getElementTagName on session e80e91448d1f28baf63bb71a390c19e5 to remote] DEBUG org.asynchttpclient.netty.request.NettyRequestSender - Using open Channel [id: 0x5d623a3c, L:/127.0.0.1:62943 - R:localhost/127.0.0.1:62304] for GET '/session/e80e91448d1f28baf63bb71a390c19e5/element/ab93e032-8708-40df-9c3f-73bef6068828/name'
20:24:17.905 [AsyncHttpClient-1-4] DEBUG org.asynchttpclient.netty.handler.HttpHandler - 

Request DefaultFullHttpRequest(decodeResult: success, version: HTTP/1.1, content: EmptyByteBufBE)
GET /session/e80e91448d1f28baf63bb71a390c19e5/element/ab93e032-8708-40df-9c3f-73bef6068828/name HTTP/1.1
User-Agent: selenium/4.1.2 (java windows)
Cache-Control: no-cache
Content-Type: application/json; charset=utf-8
host: localhost:62304
accept: */*

Response DefaultHttpResponse(decodeResult: success, version: HTTP/1.1)
HTTP/1.1 200 OK
Content-Type: application/json; charset=utf-8
cache-control: no-cache
content-length: 18

20:24:17.905 [AsyncHttpClient-1-4] DEBUG org.asynchttpclient.netty.channel.ChannelManager - Adding key: http://localhost:62304 for channel [id: 0x5d623a3c, L:/127.0.0.1:62943 - R:localhost/127.0.0.1:62304]
20:24:17.909 [Forwarding isElementEnabled on session e80e91448d1f28baf63bb71a390c19e5 to remote] DEBUG org.asynchttpclient.netty.request.NettyRequestSender - Using pooled Channel '[id: 0x5d623a3c, L:/127.0.0.1:62943 - R:localhost/127.0.0.1:62304]' for 'GET' to 'http://localhost:62304/session/e80e91448d1f28baf63bb71a390c19e5/element/ab93e032-8708-40df-9c3f-73bef6068828/enabled'
20:24:17.909 [Forwarding isElementEnabled on session e80e91448d1f28baf63bb71a390c19e5 to remote] DEBUG org.asynchttpclient.netty.request.NettyRequestSender - Using open Channel [id: 0x5d623a3c, L:/127.0.0.1:62943 - R:localhost/127.0.0.1:62304] for GET '/session/e80e91448d1f28baf63bb71a390c19e5/element/ab93e032-8708-40df-9c3f-73bef6068828/enabled'
20:24:17.923 [AsyncHttpClient-1-4] DEBUG org.asynchttpclient.netty.handler.HttpHandler - 

Request DefaultFullHttpRequest(decodeResult: success, version: HTTP/1.1, content: EmptyByteBufBE)
GET /session/e80e91448d1f28baf63bb71a390c19e5/element/ab93e032-8708-40df-9c3f-73bef6068828/enabled HTTP/1.1
User-Agent: selenium/4.1.2 (java windows)
Cache-Control: no-cache
Content-Type: application/json; charset=utf-8
host: localhost:62304
accept: */*

Response DefaultHttpResponse(decodeResult: success, version: HTTP/1.1)
HTTP/1.1 200 OK
Content-Type: application/json; charset=utf-8
cache-control: no-cache
content-length: 14

20:24:17.923 [AsyncHttpClient-1-4] DEBUG org.asynchttpclient.netty.channel.ChannelManager - Adding key: http://localhost:62304 for channel [id: 0x5d623a3c, L:/127.0.0.1:62943 - R:localhost/127.0.0.1:62304]
20:24:17.927 [Forwarding isElementEnabled on session e80e91448d1f28baf63bb71a390c19e5 to remote] DEBUG org.asynchttpclient.netty.request.NettyRequestSender - Using pooled Channel '[id: 0x5d623a3c, L:/127.0.0.1:62943 - R:localhost/127.0.0.1:62304]' for 'GET' to 'http://localhost:62304/session/e80e91448d1f28baf63bb71a390c19e5/element/ab93e032-8708-40df-9c3f-73bef6068828/enabled'
20:24:17.927 [Forwarding isElementEnabled on session e80e91448d1f28baf63bb71a390c19e5 to remote] DEBUG org.asynchttpclient.netty.request.NettyRequestSender - Using open Channel [id: 0x5d623a3c, L:/127.0.0.1:62943 - R:localhost/127.0.0.1:62304] for GET '/session/e80e91448d1f28baf63bb71a390c19e5/element/ab93e032-8708-40df-9c3f-73bef6068828/enabled'
20:24:17.935 [AsyncHttpClient-1-4] DEBUG org.asynchttpclient.netty.handler.HttpHandler - 

Request DefaultFullHttpRequest(decodeResult: success, version: HTTP/1.1, content: EmptyByteBufBE)
GET /session/e80e91448d1f28baf63bb71a390c19e5/element/ab93e032-8708-40df-9c3f-73bef6068828/enabled HTTP/1.1
User-Agent: selenium/4.1.2 (java windows)
Cache-Control: no-cache
Content-Type: application/json; charset=utf-8
host: localhost:62304
accept: */*

Response DefaultHttpResponse(decodeResult: success, version: HTTP/1.1)
HTTP/1.1 200 OK
Content-Type: application/json; charset=utf-8
cache-control: no-cache
content-length: 14

20:24:17.935 [AsyncHttpClient-1-4] DEBUG org.asynchttpclient.netty.channel.ChannelManager - Adding key: http://localhost:62304 for channel [id: 0x5d623a3c, L:/127.0.0.1:62943 - R:localhost/127.0.0.1:62304]
20:24:17.937 [Forwarding findElement on session e80e91448d1f28baf63bb71a390c19e5 to remote] DEBUG org.asynchttpclient.netty.request.NettyRequestSender - Using pooled Channel '[id: 0x5d623a3c, L:/127.0.0.1:62943 - R:localhost/127.0.0.1:62304]' for 'POST' to 'http://localhost:62304/session/e80e91448d1f28baf63bb71a390c19e5/element'
20:24:17.937 [Forwarding findElement on session e80e91448d1f28baf63bb71a390c19e5 to remote] DEBUG org.asynchttpclient.netty.request.NettyRequestSender - Using open Channel [id: 0x5d623a3c, L:/127.0.0.1:62943 - R:localhost/127.0.0.1:62304] for POST '/session/e80e91448d1f28baf63bb71a390c19e5/element'
20:24:17.948 [AsyncHttpClient-1-4] DEBUG org.asynchttpclient.netty.handler.HttpHandler - 

Request DefaultHttpRequest(decodeResult: success, version: HTTP/1.1)
POST /session/e80e91448d1f28baf63bb71a390c19e5/element HTTP/1.1
User-Agent: selenium/4.1.2 (java windows)
Content-Length: 143
Content-Type: application/json; charset=utf-8
host: localhost:62304
accept: */*

Response DefaultHttpResponse(decodeResult: success, version: HTTP/1.1)
HTTP/1.1 200 OK
Content-Type: application/json; charset=utf-8
cache-control: no-cache
content-length: 88

20:24:17.948 [AsyncHttpClient-1-4] DEBUG org.asynchttpclient.netty.channel.ChannelManager - Adding key: http://localhost:62304 for channel [id: 0x5d623a3c, L:/127.0.0.1:62943 - R:localhost/127.0.0.1:62304]
20:24:17.950 [Forwarding clickElement on session e80e91448d1f28baf63bb71a390c19e5 to remote] DEBUG org.asynchttpclient.netty.request.NettyRequestSender - Using pooled Channel '[id: 0x5d623a3c, L:/127.0.0.1:62943 - R:localhost/127.0.0.1:62304]' for 'POST' to 'http://localhost:62304/session/e80e91448d1f28baf63bb71a390c19e5/element/ab93e032-8708-40df-9c3f-73bef6068828/click'
20:24:17.950 [Forwarding clickElement on session e80e91448d1f28baf63bb71a390c19e5 to remote] DEBUG org.asynchttpclient.netty.request.NettyRequestSender - Using open Channel [id: 0x5d623a3c, L:/127.0.0.1:62943 - R:localhost/127.0.0.1:62304] for POST '/session/e80e91448d1f28baf63bb71a390c19e5/element/ab93e032-8708-40df-9c3f-73bef6068828/click'
20:24:18.017 [AsyncHttpClient-1-4] DEBUG org.asynchttpclient.netty.handler.HttpHandler - 

Request DefaultHttpRequest(decodeResult: success, version: HTTP/1.1)
POST /session/e80e91448d1f28baf63bb71a390c19e5/element/ab93e032-8708-40df-9c3f-73bef6068828/click HTTP/1.1
User-Agent: selenium/4.1.2 (java windows)
Content-Length: 50
Content-Type: application/json; charset=utf-8
host: localhost:62304
accept: */*

Response DefaultHttpResponse(decodeResult: success, version: HTTP/1.1)
HTTP/1.1 200 OK
Content-Type: application/json; charset=utf-8
cache-control: no-cache
content-length: 14

20:24:18.018 [AsyncHttpClient-1-4] DEBUG org.asynchttpclient.netty.channel.ChannelManager - Adding key: http://localhost:62304 for channel [id: 0x5d623a3c, L:/127.0.0.1:62943 - R:localhost/127.0.0.1:62304]
  &amp#27;[32mAnd &amp#27;[0m&amp#27;[32mI click login button&amp#27;[0m                      &amp#27;[90m# starter.stepdefinitions.LoginStep.iClickLoginButton()&amp#27;[0m
20:24:18.027 [Forwarding screenshot on session e80e91448d1f28baf63bb71a390c19e5 to remote] DEBUG org.asynchttpclient.netty.request.NettyRequestSender - Using pooled Channel '[id: 0x5d623a3c, L:/127.0.0.1:62943 - R:localhost/127.0.0.1:62304]' for 'GET' to 'http://localhost:62304/session/e80e91448d1f28baf63bb71a390c19e5/screenshot'
20:24:18.027 [Forwarding screenshot on session e80e91448d1f28baf63bb71a390c19e5 to remote] DEBUG org.asynchttpclient.netty.request.NettyRequestSender - Using open Channel [id: 0x5d623a3c, L:/127.0.0.1:62943 - R:localhost/127.0.0.1:62304] for GET '/session/e80e91448d1f28baf63bb71a390c19e5/screenshot'
20:24:18.135 [AsyncHttpClient-1-4] DEBUG org.asynchttpclient.netty.handler.HttpHandler - 

Request DefaultFullHttpRequest(decodeResult: success, version: HTTP/1.1, content: EmptyByteBufBE)
GET /session/e80e91448d1f28baf63bb71a390c19e5/screenshot HTTP/1.1
User-Agent: selenium/4.1.2 (java windows)
Cache-Control: no-cache
Content-Type: application/json; charset=utf-8
host: localhost:62304
accept: */*

Response DefaultHttpResponse(decodeResult: success, version: HTTP/1.1)
HTTP/1.1 200 OK
Content-Type: application/json; charset=utf-8
cache-control: no-cache
content-length: 24840

20:24:18.135 [AsyncHttpClient-1-4] DEBUG org.asynchttpclient.netty.channel.ChannelManager - Adding key: http://localhost:62304 for channel [id: 0x5d623a3c, L:/127.0.0.1:62943 - R:localhost/127.0.0.1:62304]
20:24:18.137 [main] DEBUG net.serenitybdd.core.photography.Darkroom - Send negative for processing for target\site\serenity\ba474ba99d37efa9c6cc7c4a5039517edefff90d0e3fe37771a42bc64e84a8eb.png
20:24:18.137 [Darkroom Processing Line] DEBUG net.serenitybdd.core.photography.DarkroomProcessingLine - Processing screenshot image in /var/screenshots/screenshot-5213524800604472311
20:24:18.137 [Darkroom Processing Line] DEBUG net.serenitybdd.core.photography.DarkroomProcessingLine - Saving screenshot to target\site\serenity\ba474ba99d37efa9c6cc7c4a5039517edefff90d0e3fe37771a42bc64e84a8eb.png
20:24:18.148 [Forwarding findElement on session e80e91448d1f28baf63bb71a390c19e5 to remote] DEBUG org.asynchttpclient.netty.request.NettyRequestSender - Using pooled Channel '[id: 0x5d623a3c, L:/127.0.0.1:62943 - R:localhost/127.0.0.1:62304]' for 'POST' to 'http://localhost:62304/session/e80e91448d1f28baf63bb71a390c19e5/element'
20:24:18.148 [Forwarding findElement on session e80e91448d1f28baf63bb71a390c19e5 to remote] DEBUG org.asynchttpclient.netty.request.NettyRequestSender - Using open Channel [id: 0x5d623a3c, L:/127.0.0.1:62943 - R:localhost/127.0.0.1:62304] for POST '/session/e80e91448d1f28baf63bb71a390c19e5/element'
20:24:18.767 [AsyncHttpClient-1-1] DEBUG org.asynchttpclient.netty.channel.DefaultChannelPool - Entry count for : http://localhost:62944 : 1
20:24:19.349 [AsyncHttpClient-1-4] DEBUG org.asynchttpclient.netty.handler.HttpHandler - 

Request DefaultHttpRequest(decodeResult: success, version: HTTP/1.1)
POST /session/e80e91448d1f28baf63bb71a390c19e5/element HTTP/1.1
User-Agent: selenium/4.1.2 (java windows)
Content-Length: 69
Content-Type: application/json; charset=utf-8
host: localhost:62304
accept: */*

Response DefaultHttpResponse(decodeResult: success, version: HTTP/1.1)
HTTP/1.1 200 OK
Content-Type: application/json; charset=utf-8
cache-control: no-cache
content-length: 88

20:24:19.349 [AsyncHttpClient-1-4] DEBUG org.asynchttpclient.netty.channel.ChannelManager - Adding key: http://localhost:62304 for channel [id: 0x5d623a3c, L:/127.0.0.1:62943 - R:localhost/127.0.0.1:62304]
20:24:19.353 [Forwarding isElementDisplayed on session e80e91448d1f28baf63bb71a390c19e5 to remote] DEBUG org.asynchttpclient.netty.request.NettyRequestSender - Using pooled Channel '[id: 0x5d623a3c, L:/127.0.0.1:62943 - R:localhost/127.0.0.1:62304]' for 'POST' to 'http://localhost:62304/session/e80e91448d1f28baf63bb71a390c19e5/execute/sync'
20:24:19.353 [Forwarding isElementDisplayed on session e80e91448d1f28baf63bb71a390c19e5 to remote] DEBUG org.asynchttpclient.netty.request.NettyRequestSender - Using open Channel [id: 0x5d623a3c, L:/127.0.0.1:62943 - R:localhost/127.0.0.1:62304] for POST '/session/e80e91448d1f28baf63bb71a390c19e5/execute/sync'
20:24:19.368 [AsyncHttpClient-1-4] DEBUG org.asynchttpclient.netty.handler.HttpHandler - 

Request DefaultHttpRequest(decodeResult: success, version: HTTP/1.1)
POST /session/e80e91448d1f28baf63bb71a390c19e5/execute/sync HTTP/1.1
User-Agent: selenium/4.1.2 (java windows)
Content-Length: 48780
Content-Type: application/json; charset=utf-8
host: localhost:62304
accept: */*

Response DefaultHttpResponse(decodeResult: success, version: HTTP/1.1)
HTTP/1.1 200 OK
Content-Type: application/json; charset=utf-8
cache-control: no-cache
content-length: 14

20:24:19.368 [AsyncHttpClient-1-4] DEBUG org.asynchttpclient.netty.channel.ChannelManager - Adding key: http://localhost:62304 for channel [id: 0x5d623a3c, L:/127.0.0.1:62943 - R:localhost/127.0.0.1:62304]
  &amp#27;[32mThen &amp#27;[0m&amp#27;[32mI will get the result &amp#27;[0m&amp#27;[32m&amp#27;[1m"failed"&amp#27;[0m           &amp#27;[90m# starter.stepdefinitions.LoginStep.iWillGetTheResult(java.lang.String)&amp#27;[0m
20:24:19.373 [Forwarding screenshot on session e80e91448d1f28baf63bb71a390c19e5 to remote] DEBUG org.asynchttpclient.netty.request.NettyRequestSender - Using pooled Channel '[id: 0x5d623a3c, L:/127.0.0.1:62943 - R:localhost/127.0.0.1:62304]' for 'GET' to 'http://localhost:62304/session/e80e91448d1f28baf63bb71a390c19e5/screenshot'
20:24:19.373 [Forwarding screenshot on session e80e91448d1f28baf63bb71a390c19e5 to remote] DEBUG org.asynchttpclient.netty.request.NettyRequestSender - Using open Channel [id: 0x5d623a3c, L:/127.0.0.1:62943 - R:localhost/127.0.0.1:62304] for GET '/session/e80e91448d1f28baf63bb71a390c19e5/screenshot'
20:24:19.484 [AsyncHttpClient-1-4] DEBUG org.asynchttpclient.netty.handler.HttpHandler - 

Request DefaultFullHttpRequest(decodeResult: success, version: HTTP/1.1, content: EmptyByteBufBE)
GET /session/e80e91448d1f28baf63bb71a390c19e5/screenshot HTTP/1.1
User-Agent: selenium/4.1.2 (java windows)
Cache-Control: no-cache
Content-Type: application/json; charset=utf-8
host: localhost:62304
accept: */*

Response DefaultHttpResponse(decodeResult: success, version: HTTP/1.1)
HTTP/1.1 200 OK
Content-Type: application/json; charset=utf-8
cache-control: no-cache
content-length: 29344

20:24:19.485 [AsyncHttpClient-1-4] DEBUG org.asynchttpclient.netty.channel.ChannelManager - Adding key: http://localhost:62304 for channel [id: 0x5d623a3c, L:/127.0.0.1:62943 - R:localhost/127.0.0.1:62304]
20:24:19.487 [main] DEBUG net.serenitybdd.core.photography.Darkroom - Send negative for processing for target\site\serenity\17d64d0acdf868ffb71d137c8e7b21d841f8e564519c3d24b8020c8f04ad4a95.png
20:24:19.487 [Darkroom Processing Line] DEBUG net.serenitybdd.core.photography.DarkroomProcessingLine - Processing screenshot image in /var/screenshots/screenshot-7653410131552221536
20:24:19.487 [Darkroom Processing Line] DEBUG net.serenitybdd.core.photography.DarkroomProcessingLine - Saving screenshot to target\site\serenity\17d64d0acdf868ffb71d137c8e7b21d841f8e564519c3d24b8020c8f04ad4a95.png
20:24:19.494 [AsyncHttpClient-1-6] DEBUG org.asynchttpclient.netty.handler.WebSocketHandler - Channel Closed: [id: 0x91cb2a30, L:/127.0.0.1:62952 ! R:localhost/127.0.0.1:62944] with attribute NettyResponseFuture{currentRetry=5,
	isDone=1,
	isCancelled=0,
	asyncHandler=org.asynchttpclient.ws.WebSocketUpgradeHandler@4c77e998,
	nettyRequest=org.asynchttpclient.netty.request.NettyRequest@14259545,
	future=java.util.concurrent.CompletableFuture@34f2b7fc[Completed normally],
	uri=ws://localhost:62944/devtools/browser/1a893c6f-20e7-463a-bd2c-2db7250b789d,
	keepAlive=true,
	redirectCount=0,
	timeoutsHolder=null,
	inAuth=0,
	touch=1666790656733}
20:24:19.494 [AsyncHttpClient-1-6] DEBUG org.asynchttpclient.netty.channel.ChannelManager - Closing Channel [id: 0x91cb2a30, L:/127.0.0.1:62952 ! R:localhost/127.0.0.1:62944] 
20:24:19.494 [Driver Command Executor] DEBUG org.asynchttpclient.netty.request.NettyRequestSender - Using pooled Channel '[id: 0x5d623a3c, L:/127.0.0.1:62943 - R:localhost/127.0.0.1:62304]' for 'DELETE' to 'http://localhost:62304/session/e80e91448d1f28baf63bb71a390c19e5'
20:24:19.494 [Driver Command Executor] DEBUG org.asynchttpclient.netty.request.NettyRequestSender - Using open Channel [id: 0x5d623a3c, L:/127.0.0.1:62943 - R:localhost/127.0.0.1:62304] for DELETE '/session/e80e91448d1f28baf63bb71a390c19e5'
20:24:19.533 [AsyncHttpClient-1-5] DEBUG org.asynchttpclient.netty.handler.HttpHandler - Unexpected I/O exception on channel [id: 0x4ae5baf4, L:/127.0.0.1:62951 - R:localhost/127.0.0.1:62944]
java.net.SocketException: Connection reset
	at java.base/sun.nio.ch.SocketChannelImpl.throwConnectionReset(SocketChannelImpl.java:345)
	at java.base/sun.nio.ch.SocketChannelImpl.read(SocketChannelImpl.java:376)
	at io.netty.buffer.PooledByteBuf.setBytes(PooledByteBuf.java:258)
	at io.netty.buffer.AbstractByteBuf.writeBytes(AbstractByteBuf.java:1132)
	at io.netty.channel.socket.nio.NioSocketChannel.doReadBytes(NioSocketChannel.java:350)
	at io.netty.channel.nio.AbstractNioByteChannel$NioByteUnsafe.read(AbstractNioByteChannel.java:151)
	at io.netty.channel.nio.NioEventLoop.processSelectedKey(NioEventLoop.java:722)
	at io.netty.channel.nio.NioEventLoop.processSelectedKeysOptimized(NioEventLoop.java:658)
	at io.netty.channel.nio.NioEventLoop.processSelectedKeys(NioEventLoop.java:584)
	at io.netty.channel.nio.NioEventLoop.run(NioEventLoop.java:496)
	at io.netty.util.concurrent.SingleThreadEventExecutor$4.run(SingleThreadEventExecutor.java:986)
	at io.netty.util.internal.ThreadExecutorMap$2.run(ThreadExecutorMap.java:74)
	at io.netty.util.concurrent.FastThreadLocalRunnable.run(FastThreadLocalRunnable.java:30)
	at java.base/java.lang.Thread.run(Thread.java:830)
20:24:19.533 [AsyncHttpClient-1-5] DEBUG org.asynchttpclient.netty.channel.ChannelManager - Closing Channel [id: 0x4ae5baf4, L:/127.0.0.1:62951 - R:localhost/127.0.0.1:62944] 
20:24:19.534 [AsyncHttpClient-1-5] DEBUG org.asynchttpclient.netty.handler.HttpHandler - Channel Closed: [id: 0x4ae5baf4, L:/127.0.0.1:62951 ! R:localhost/127.0.0.1:62944] with attribute DISCARD
20:24:19.554 [AsyncHttpClient-1-4] DEBUG org.asynchttpclient.netty.handler.HttpHandler - 

Request DefaultFullHttpRequest(decodeResult: success, version: HTTP/1.1, content: EmptyByteBufBE)
DELETE /session/e80e91448d1f28baf63bb71a390c19e5 HTTP/1.1
User-Agent: selenium/4.1.2 (java windows)
Content-Type: application/json; charset=utf-8
host: localhost:62304
accept: */*

Response DefaultHttpResponse(decodeResult: success, version: HTTP/1.1)
HTTP/1.1 200 OK
Content-Type: application/json; charset=utf-8
cache-control: no-cache
content-length: 14

20:24:19.554 [AsyncHttpClient-1-4] DEBUG org.asynchttpclient.netty.channel.ChannelManager - Adding key: http://localhost:62304 for channel [id: 0x5d623a3c, L:/127.0.0.1:62943 - R:localhost/127.0.0.1:62304]
20:24:19.611 [AsyncHttpClient-1-4] DEBUG org.asynchttpclient.netty.handler.HttpHandler - Channel Closed: [id: 0x5d623a3c, L:/127.0.0.1:62943 ! R:localhost/127.0.0.1:62304] with attribute DISCARD
20:24:19.865 [AsyncHttpClient-1-1] DEBUG org.asynchttpclient.netty.channel.DefaultChannelPool - Entry count for : http://localhost:62944 : 1
20:24:19.865 [AsyncHttpClient-1-1] DEBUG org.asynchttpclient.netty.channel.DefaultChannelPool - Entry count for : http://localhost:62304 : 1
20:24:19.865 [AsyncHttpClient-1-1] DEBUG org.asynchttpclient.netty.channel.DefaultChannelPool - Adding Candidate expired Channel [id: 0x4ae5baf4, L:/127.0.0.1:62951 ! R:localhost/127.0.0.1:62944] isIdleTimeoutExpired=false isRemotelyClosed=true isTtlExpired=false
20:24:19.865 [AsyncHttpClient-1-1] DEBUG org.asynchttpclient.netty.channel.DefaultChannelPool - Closing Idle Channel [id: 0x4ae5baf4, L:/127.0.0.1:62951 ! R:localhost/127.0.0.1:62944]
20:24:19.865 [AsyncHttpClient-1-1] DEBUG org.asynchttpclient.netty.channel.DefaultChannelPool - Adding Candidate expired Channel [id: 0x5d623a3c, L:/127.0.0.1:62943 ! R:localhost/127.0.0.1:62304] isIdleTimeoutExpired=false isRemotelyClosed=true isTtlExpired=false
20:24:19.865 [AsyncHttpClient-1-1] DEBUG org.asynchttpclient.netty.channel.DefaultChannelPool - Closing Idle Channel [id: 0x5d623a3c, L:/127.0.0.1:62943 ! R:localhost/127.0.0.1:62304]
20:24:19.865 [AsyncHttpClient-1-1] DEBUG org.asynchttpclient.netty.channel.DefaultChannelPool - Closed 2 connections out of 2 in 0 ms
]]></system-out>
    <system-err><![CDATA[Starting ChromeDriver 105.0.5195.52 (412c95e518836d8a7d97250d62b29c2ae6a26a85-refs/branch-heads/5195@{#853}) on port 62304
Only local connections are allowed.
Please see https://chromedriver.chromium.org/security-considerations for suggestions on keeping ChromeDriver safe.
ChromeDriver was started successfully.
[1666790656.697][WARNING]: This version of ChromeDriver has not been tested with Chrome version 106.
Okt 26, 2022 8:24:16 PM org.openqa.selenium.remote.ProtocolHandshake createSession
INFO: Detected dialect: W3C
Okt 26, 2022 8:24:16 PM org.openqa.selenium.devtools.CdpVersionFinder findNearestMatch
WARNING: Unable to find an exact match for CDP version 106, so returning the closest version found: a no-op implementation
Okt 26, 2022 8:24:16 PM org.openqa.selenium.devtools.CdpVersionFinder findNearestMatch
INFO: Unable to find CDP implementation matching 106.
Okt 26, 2022 8:24:16 PM org.openqa.selenium.chromium.ChromiumDriver lambda$new$3
WARNING: Unable to find version of CDP to use for . You may need to include a dependency on a specific version of the CDP using something similar to `org.seleniumhq.selenium:selenium-devtools-v86:4.1.2` where the version ("v86") matches the version of the chromium-based browser you're using and the version number of the artifact is the same as Selenium's.
]]></system-err>
  </testcase>
  <testcase name="Order product" classname="Order" time="7.245">
    <system-out><![CDATA[20:24:20.129 [main] INFO io.cucumber.core.plugin.SerenityReporter - Running feature from file:///C:/Users/alwi/IdeaProjects/AltaShop/src/test/resources/features/Order.feature
20:24:20.131 [main] DEBUG net.thucydides.core.steps.StepEventBus - Test suite started for story net.thucydides.core.model.Story@cc4b76a8
20:24:20.131 [main] INFO  - Test Suite Started: Order

Scenario: Order product             &amp#27;[90m# src/test/resources/features/Order.feature:6&amp#27;[0m
20:24:20.144 [main] INFO io.cucumber.core.plugin.SerenityReporter - Running feature from file:///C:/Users/alwi/IdeaProjects/AltaShop/src/test/resources/features/Order.feature
20:24:20.154 [main] INFO  - 
  _____   ___   ___   _____     ___   _____     _     ___   _____   ___   ___  
 |_   _| | __| / __| |_   _|   / __| |_   _|   /_\   | _ \ |_   _| | __| |   \ 
   | |   | _|  \__ \   | |     \__ \   | |    / _ \  |   /   | |   | _|  | |) |
   |_|   |___| |___/   |_|     |___/   |_|   /_/ \_\ |_|_\   |_|   |___| |___/ 

Order product(order;order-product)
--------------------------------------------------------------------------------
20:24:20.174 [main] INFO net.serenitybdd.core.webdriver.driverproviders.ChromeDriverProvider - Using automatically driver download
20:24:20.321 [main] DEBUG io.github.bonigarcia.wdm.cache.ResolutionCache - Resolution chrome=106 in cache (valid until 20:56:42 26/10/2022 ICT)
20:24:20.323 [main] DEBUG io.github.bonigarcia.wdm.cache.ResolutionCache - Resolution chrome106=106.0.5249.61 in cache (valid until 22:47:25 26/10/2022 WIB)
20:24:20.325 [main] INFO io.github.bonigarcia.wdm.WebDriverManager - Using chromedriver 106.0.5249.61 (resolved driver for Chrome 106)
20:24:20.334 [main] DEBUG io.github.bonigarcia.wdm.WebDriverManager - Driver chromedriver 106.0.5249.61 found in cache
20:24:20.335 [main] INFO io.github.bonigarcia.wdm.WebDriverManager - Exporting webdriver.chrome.driver as C:\Users\alwi\.cache\selenium\chromedriver\win32\106.0.5249.61\chromedriver.exe
20:24:20.467 [main] DEBUG net.serenitybdd.core.webdriver.driverproviders.ProvideNewDriver - Instantiating driver
20:24:20.467 [main] DEBUG net.serenitybdd.core.webdriver.driverproviders.ProvideNewDriver - Driver capabilities: Capabilities {acceptInsecureCerts: false, base.url: https://alta-shop.vercel.app, browserName: chrome, chrome.driver: src/test/resources/webdrive..., driver: chrome, goog:chromeOptions: {args: [], extensions: []}, wait.for.timeout: 5000}
20:24:21.003 [AsyncHttpClient-1-7] DEBUG org.asynchttpclient.netty.channel.NettyConnectListener - Using new Channel '[id: 0x30865f26, L:/127.0.0.1:62971 - R:localhost/127.0.0.1:49281]' for 'POST' to '/session'
20:24:21.816 [AsyncHttpClient-1-7] DEBUG org.asynchttpclient.netty.handler.HttpHandler - 

Request DefaultHttpRequest(decodeResult: success, version: HTTP/1.1)
POST /session HTTP/1.1
User-Agent: selenium/4.1.2 (java windows)
Content-Length: 639
Content-Type: application/json; charset=utf-8
host: localhost:49281
accept: */*

Response DefaultHttpResponse(decodeResult: success, version: HTTP/1.1)
HTTP/1.1 200 OK
Content-Type: application/json; charset=utf-8
cache-control: no-cache
content-length: 790

20:24:21.816 [AsyncHttpClient-1-7] DEBUG org.asynchttpclient.netty.channel.ChannelManager - Adding key: http://localhost:49281 for channel [id: 0x30865f26, L:/127.0.0.1:62971 - R:localhost/127.0.0.1:49281]
20:24:21.825 [AsyncHttpClient-1-8] DEBUG org.asynchttpclient.netty.channel.NettyConnectListener - Using new Channel '[id: 0x3fbbb37b, L:/127.0.0.1:62980 - R:localhost/127.0.0.1:62972]' for 'GET' to '/json/version'
20:24:21.826 [AsyncHttpClient-1-8] DEBUG org.asynchttpclient.netty.handler.HttpHandler - 

Request DefaultFullHttpRequest(decodeResult: success, version: HTTP/1.1, content: EmptyByteBufBE)
GET /json/version HTTP/1.1
User-Agent: selenium/4.1.2 (java windows)
host: localhost:62972
accept: */*

Response DefaultHttpResponse(decodeResult: success, version: HTTP/1.1)
HTTP/1.1 200 OK
Content-Type: application/json; charset=UTF-8
content-length: 424

20:24:21.826 [AsyncHttpClient-1-8] DEBUG org.asynchttpclient.netty.channel.ChannelManager - Adding key: http://localhost:62972 for channel [id: 0x3fbbb37b, L:/127.0.0.1:62980 - R:localhost/127.0.0.1:62972]
20:24:21.829 [AsyncHttpClient-1-9] DEBUG org.asynchttpclient.netty.channel.NettyConnectListener - Using new Channel '[id: 0x2c65b250, L:/127.0.0.1:62981 - R:localhost/127.0.0.1:62972]' for 'GET' to '/devtools/browser/21e8d26d-2bed-45f5-b135-102d25ea80f1'
20:24:21.830 [AsyncHttpClient-1-9] DEBUG org.asynchttpclient.netty.handler.WebSocketHandler - 

Request DefaultFullHttpRequest(decodeResult: success, version: HTTP/1.1, content: EmptyByteBufBE)
GET /devtools/browser/21e8d26d-2bed-45f5-b135-102d25ea80f1 HTTP/1.1
upgrade: websocket
connection: upgrade
sec-websocket-key: h6ZFUPns1IWJUpQMVBbsQw==
sec-websocket-version: 13
origin: http://localhost:62972
host: localhost:62972
accept: */*
user-agent: AHC/2.1

Response DefaultHttpResponse(decodeResult: success, version: HTTP/1.1)
HTTP/1.1 101 WebSocket Protocol Handshake
Upgrade: WebSocket
Connection: Upgrade
Sec-WebSocket-Accept: v+FswSSf5CggJxKb05OJyc0HL6s=

20:24:21.838 [Forwarding get on session 96c9b57c5035bed6429eb24bf3c5b5ba to remote] DEBUG org.asynchttpclient.netty.request.NettyRequestSender - Using pooled Channel '[id: 0x30865f26, L:/127.0.0.1:62971 - R:localhost/127.0.0.1:49281]' for 'POST' to 'http://localhost:49281/session/96c9b57c5035bed6429eb24bf3c5b5ba/url'
20:24:21.838 [Forwarding get on session 96c9b57c5035bed6429eb24bf3c5b5ba to remote] DEBUG org.asynchttpclient.netty.request.NettyRequestSender - Using open Channel [id: 0x30865f26, L:/127.0.0.1:62971 - R:localhost/127.0.0.1:49281] for POST '/session/96c9b57c5035bed6429eb24bf3c5b5ba/url'
20:24:22.066 [AsyncHttpClient-1-1] DEBUG org.asynchttpclient.netty.channel.DefaultChannelPool - Entry count for : http://localhost:62972 : 1
20:24:22.415 [AsyncHttpClient-1-7] DEBUG org.asynchttpclient.netty.handler.HttpHandler - 

Request DefaultHttpRequest(decodeResult: success, version: HTTP/1.1)
POST /session/96c9b57c5035bed6429eb24bf3c5b5ba/url HTTP/1.1
User-Agent: selenium/4.1.2 (java windows)
Content-Length: 59
Content-Type: application/json; charset=utf-8
host: localhost:49281
accept: */*

Response DefaultHttpResponse(decodeResult: success, version: HTTP/1.1)
HTTP/1.1 200 OK
Content-Type: application/json; charset=utf-8
cache-control: no-cache
content-length: 14

20:24:22.415 [AsyncHttpClient-1-7] DEBUG org.asynchttpclient.netty.channel.ChannelManager - Adding key: http://localhost:49281 for channel [id: 0x30865f26, L:/127.0.0.1:62971 - R:localhost/127.0.0.1:49281]
20:24:22.419 [Forwarding setTimeout on session 96c9b57c5035bed6429eb24bf3c5b5ba to remote] DEBUG org.asynchttpclient.netty.request.NettyRequestSender - Using pooled Channel '[id: 0x30865f26, L:/127.0.0.1:62971 - R:localhost/127.0.0.1:49281]' for 'POST' to 'http://localhost:49281/session/96c9b57c5035bed6429eb24bf3c5b5ba/timeouts'
20:24:22.419 [Forwarding setTimeout on session 96c9b57c5035bed6429eb24bf3c5b5ba to remote] DEBUG org.asynchttpclient.netty.request.NettyRequestSender - Using open Channel [id: 0x30865f26, L:/127.0.0.1:62971 - R:localhost/127.0.0.1:49281] for POST '/session/96c9b57c5035bed6429eb24bf3c5b5ba/timeouts'
20:24:22.421 [AsyncHttpClient-1-7] DEBUG org.asynchttpclient.netty.handler.HttpHandler - 

Request DefaultHttpRequest(decodeResult: success, version: HTTP/1.1)
POST /session/96c9b57c5035bed6429eb24bf3c5b5ba/timeouts HTTP/1.1
User-Agent: selenium/4.1.2 (java windows)
Content-Length: 22
Content-Type: application/json; charset=utf-8
host: localhost:49281
accept: */*

Response DefaultHttpResponse(decodeResult: success, version: HTTP/1.1)
HTTP/1.1 200 OK
Content-Type: application/json; charset=utf-8
cache-control: no-cache
content-length: 14

20:24:22.421 [AsyncHttpClient-1-7] DEBUG org.asynchttpclient.netty.channel.ChannelManager - Adding key: http://localhost:49281 for channel [id: 0x30865f26, L:/127.0.0.1:62971 - R:localhost/127.0.0.1:49281]
20:24:22.425 [Forwarding getCurrentUrl on session 96c9b57c5035bed6429eb24bf3c5b5ba to remote] DEBUG org.asynchttpclient.netty.request.NettyRequestSender - Using pooled Channel '[id: 0x30865f26, L:/127.0.0.1:62971 - R:localhost/127.0.0.1:49281]' for 'GET' to 'http://localhost:49281/session/96c9b57c5035bed6429eb24bf3c5b5ba/url'
20:24:22.425 [Forwarding getCurrentUrl on session 96c9b57c5035bed6429eb24bf3c5b5ba to remote] DEBUG org.asynchttpclient.netty.request.NettyRequestSender - Using open Channel [id: 0x30865f26, L:/127.0.0.1:62971 - R:localhost/127.0.0.1:49281] for GET '/session/96c9b57c5035bed6429eb24bf3c5b5ba/url'
20:24:22.430 [AsyncHttpClient-1-7] DEBUG org.asynchttpclient.netty.handler.HttpHandler - 

Request DefaultFullHttpRequest(decodeResult: success, version: HTTP/1.1, content: EmptyByteBufBE)
GET /session/96c9b57c5035bed6429eb24bf3c5b5ba/url HTTP/1.1
User-Agent: selenium/4.1.2 (java windows)
Cache-Control: no-cache
Content-Type: application/json; charset=utf-8
host: localhost:49281
accept: */*

Response DefaultHttpResponse(decodeResult: success, version: HTTP/1.1)
HTTP/1.1 200 OK
Content-Type: application/json; charset=utf-8
cache-control: no-cache
content-length: 41

20:24:22.430 [AsyncHttpClient-1-7] DEBUG org.asynchttpclient.netty.channel.ChannelManager - Adding key: http://localhost:49281 for channel [id: 0x30865f26, L:/127.0.0.1:62971 - R:localhost/127.0.0.1:49281]
  &amp#27;[32mGiven &amp#27;[0m&amp#27;[32mI am on the home page&amp#27;[0m       &amp#27;[90m# starter.stepdefinitions.HomeStep.iAmOnTheHomePage()&amp#27;[0m
20:24:22.438 [main] DEBUG net.serenitybdd.core.photography.Darkroom - Opening darkroom
20:24:22.438 [Darkroom Processing Line] DEBUG net.serenitybdd.core.photography.DarkroomProcessingLine - Darkroom processing line starting up
20:24:22.439 [Forwarding screenshot on session 96c9b57c5035bed6429eb24bf3c5b5ba to remote] DEBUG org.asynchttpclient.netty.request.NettyRequestSender - Using pooled Channel '[id: 0x30865f26, L:/127.0.0.1:62971 - R:localhost/127.0.0.1:49281]' for 'GET' to 'http://localhost:49281/session/96c9b57c5035bed6429eb24bf3c5b5ba/screenshot'
20:24:22.439 [Forwarding screenshot on session 96c9b57c5035bed6429eb24bf3c5b5ba to remote] DEBUG org.asynchttpclient.netty.request.NettyRequestSender - Using open Channel [id: 0x30865f26, L:/127.0.0.1:62971 - R:localhost/127.0.0.1:49281] for GET '/session/96c9b57c5035bed6429eb24bf3c5b5ba/screenshot'
20:24:22.578 [AsyncHttpClient-1-7] DEBUG org.asynchttpclient.netty.handler.HttpHandler - 

Request DefaultFullHttpRequest(decodeResult: success, version: HTTP/1.1, content: EmptyByteBufBE)
GET /session/96c9b57c5035bed6429eb24bf3c5b5ba/screenshot HTTP/1.1
User-Agent: selenium/4.1.2 (java windows)
Cache-Control: no-cache
Content-Type: application/json; charset=utf-8
host: localhost:49281
accept: */*

Response DefaultHttpResponse(decodeResult: success, version: HTTP/1.1)
HTTP/1.1 200 OK
Content-Type: application/json; charset=utf-8
cache-control: no-cache
content-length: 28648

20:24:22.579 [AsyncHttpClient-1-7] DEBUG org.asynchttpclient.netty.channel.ChannelManager - Adding key: http://localhost:49281 for channel [id: 0x30865f26, L:/127.0.0.1:62971 - R:localhost/127.0.0.1:49281]
20:24:22.581 [main] DEBUG net.serenitybdd.core.photography.Darkroom - Send negative for processing for target\site\serenity\28548c7311a3a66764a3383ba76f8a69a88ac095c775c1bd71cc7d193d30810c.png
20:24:22.581 [Darkroom Processing Line] DEBUG net.serenitybdd.core.photography.DarkroomProcessingLine - Processing screenshot image in /var/screenshots/screenshot-13783502853639257074
20:24:22.581 [Darkroom Processing Line] DEBUG net.serenitybdd.core.photography.DarkroomProcessingLine - Saving screenshot to target\site\serenity\28548c7311a3a66764a3383ba76f8a69a88ac095c775c1bd71cc7d193d30810c.png
20:24:22.590 [Forwarding findElement on session 96c9b57c5035bed6429eb24bf3c5b5ba to remote] DEBUG org.asynchttpclient.netty.request.NettyRequestSender - Using pooled Channel '[id: 0x30865f26, L:/127.0.0.1:62971 - R:localhost/127.0.0.1:49281]' for 'POST' to 'http://localhost:49281/session/96c9b57c5035bed6429eb24bf3c5b5ba/element'
20:24:22.590 [Forwarding findElement on session 96c9b57c5035bed6429eb24bf3c5b5ba to remote] DEBUG org.asynchttpclient.netty.request.NettyRequestSender - Using open Channel [id: 0x30865f26, L:/127.0.0.1:62971 - R:localhost/127.0.0.1:49281] for POST '/session/96c9b57c5035bed6429eb24bf3c5b5ba/element'
20:24:23.166 [AsyncHttpClient-1-1] DEBUG org.asynchttpclient.netty.channel.DefaultChannelPool - Entry count for : http://localhost:62972 : 1
20:24:24.013 [AsyncHttpClient-1-7] DEBUG org.asynchttpclient.netty.handler.HttpHandler - 

Request DefaultHttpRequest(decodeResult: success, version: HTTP/1.1)
POST /session/96c9b57c5035bed6429eb24bf3c5b5ba/element HTTP/1.1
User-Agent: selenium/4.1.2 (java windows)
Content-Length: 145
Content-Type: application/json; charset=utf-8
host: localhost:49281
accept: */*

Response DefaultHttpResponse(decodeResult: success, version: HTTP/1.1)
HTTP/1.1 200 OK
Content-Type: application/json; charset=utf-8
cache-control: no-cache
content-length: 88

20:24:24.013 [AsyncHttpClient-1-7] DEBUG org.asynchttpclient.netty.channel.ChannelManager - Adding key: http://localhost:49281 for channel [id: 0x30865f26, L:/127.0.0.1:62971 - R:localhost/127.0.0.1:49281]
20:24:24.016 [Forwarding getElementTagName on session 96c9b57c5035bed6429eb24bf3c5b5ba to remote] DEBUG org.asynchttpclient.netty.request.NettyRequestSender - Using pooled Channel '[id: 0x30865f26, L:/127.0.0.1:62971 - R:localhost/127.0.0.1:49281]' for 'GET' to 'http://localhost:49281/session/96c9b57c5035bed6429eb24bf3c5b5ba/element/aa4165f0-ec39-4119-8d26-dfc382e60226/name'
20:24:24.016 [Forwarding getElementTagName on session 96c9b57c5035bed6429eb24bf3c5b5ba to remote] DEBUG org.asynchttpclient.netty.request.NettyRequestSender - Using open Channel [id: 0x30865f26, L:/127.0.0.1:62971 - R:localhost/127.0.0.1:49281] for GET '/session/96c9b57c5035bed6429eb24bf3c5b5ba/element/aa4165f0-ec39-4119-8d26-dfc382e60226/name'
20:24:24.026 [AsyncHttpClient-1-7] DEBUG org.asynchttpclient.netty.handler.HttpHandler - 

Request DefaultFullHttpRequest(decodeResult: success, version: HTTP/1.1, content: EmptyByteBufBE)
GET /session/96c9b57c5035bed6429eb24bf3c5b5ba/element/aa4165f0-ec39-4119-8d26-dfc382e60226/name HTTP/1.1
User-Agent: selenium/4.1.2 (java windows)
Cache-Control: no-cache
Content-Type: application/json; charset=utf-8
host: localhost:49281
accept: */*

Response DefaultHttpResponse(decodeResult: success, version: HTTP/1.1)
HTTP/1.1 200 OK
Content-Type: application/json; charset=utf-8
cache-control: no-cache
content-length: 18

20:24:24.027 [AsyncHttpClient-1-7] DEBUG org.asynchttpclient.netty.channel.ChannelManager - Adding key: http://localhost:49281 for channel [id: 0x30865f26, L:/127.0.0.1:62971 - R:localhost/127.0.0.1:49281]
20:24:24.029 [Forwarding getElementTagName on session 96c9b57c5035bed6429eb24bf3c5b5ba to remote] DEBUG org.asynchttpclient.netty.request.NettyRequestSender - Using pooled Channel '[id: 0x30865f26, L:/127.0.0.1:62971 - R:localhost/127.0.0.1:49281]' for 'GET' to 'http://localhost:49281/session/96c9b57c5035bed6429eb24bf3c5b5ba/element/aa4165f0-ec39-4119-8d26-dfc382e60226/name'
20:24:24.029 [Forwarding getElementTagName on session 96c9b57c5035bed6429eb24bf3c5b5ba to remote] DEBUG org.asynchttpclient.netty.request.NettyRequestSender - Using open Channel [id: 0x30865f26, L:/127.0.0.1:62971 - R:localhost/127.0.0.1:49281] for GET '/session/96c9b57c5035bed6429eb24bf3c5b5ba/element/aa4165f0-ec39-4119-8d26-dfc382e60226/name'
20:24:24.033 [AsyncHttpClient-1-7] DEBUG org.asynchttpclient.netty.handler.HttpHandler - 

Request DefaultFullHttpRequest(decodeResult: success, version: HTTP/1.1, content: EmptyByteBufBE)
GET /session/96c9b57c5035bed6429eb24bf3c5b5ba/element/aa4165f0-ec39-4119-8d26-dfc382e60226/name HTTP/1.1
User-Agent: selenium/4.1.2 (java windows)
Cache-Control: no-cache
Content-Type: application/json; charset=utf-8
host: localhost:49281
accept: */*

Response DefaultHttpResponse(decodeResult: success, version: HTTP/1.1)
HTTP/1.1 200 OK
Content-Type: application/json; charset=utf-8
cache-control: no-cache
content-length: 18

20:24:24.033 [AsyncHttpClient-1-7] DEBUG org.asynchttpclient.netty.channel.ChannelManager - Adding key: http://localhost:49281 for channel [id: 0x30865f26, L:/127.0.0.1:62971 - R:localhost/127.0.0.1:49281]
20:24:24.035 [Forwarding isElementEnabled on session 96c9b57c5035bed6429eb24bf3c5b5ba to remote] DEBUG org.asynchttpclient.netty.request.NettyRequestSender - Using pooled Channel '[id: 0x30865f26, L:/127.0.0.1:62971 - R:localhost/127.0.0.1:49281]' for 'GET' to 'http://localhost:49281/session/96c9b57c5035bed6429eb24bf3c5b5ba/element/aa4165f0-ec39-4119-8d26-dfc382e60226/enabled'
20:24:24.035 [Forwarding isElementEnabled on session 96c9b57c5035bed6429eb24bf3c5b5ba to remote] DEBUG org.asynchttpclient.netty.request.NettyRequestSender - Using open Channel [id: 0x30865f26, L:/127.0.0.1:62971 - R:localhost/127.0.0.1:49281] for GET '/session/96c9b57c5035bed6429eb24bf3c5b5ba/element/aa4165f0-ec39-4119-8d26-dfc382e60226/enabled'
20:24:24.046 [AsyncHttpClient-1-7] DEBUG org.asynchttpclient.netty.handler.HttpHandler - 

Request DefaultFullHttpRequest(decodeResult: success, version: HTTP/1.1, content: EmptyByteBufBE)
GET /session/96c9b57c5035bed6429eb24bf3c5b5ba/element/aa4165f0-ec39-4119-8d26-dfc382e60226/enabled HTTP/1.1
User-Agent: selenium/4.1.2 (java windows)
Cache-Control: no-cache
Content-Type: application/json; charset=utf-8
host: localhost:49281
accept: */*

Response DefaultHttpResponse(decodeResult: success, version: HTTP/1.1)
HTTP/1.1 200 OK
Content-Type: application/json; charset=utf-8
cache-control: no-cache
content-length: 14

20:24:24.046 [AsyncHttpClient-1-7] DEBUG org.asynchttpclient.netty.channel.ChannelManager - Adding key: http://localhost:49281 for channel [id: 0x30865f26, L:/127.0.0.1:62971 - R:localhost/127.0.0.1:49281]
20:24:24.049 [Forwarding isElementEnabled on session 96c9b57c5035bed6429eb24bf3c5b5ba to remote] DEBUG org.asynchttpclient.netty.request.NettyRequestSender - Using pooled Channel '[id: 0x30865f26, L:/127.0.0.1:62971 - R:localhost/127.0.0.1:49281]' for 'GET' to 'http://localhost:49281/session/96c9b57c5035bed6429eb24bf3c5b5ba/element/aa4165f0-ec39-4119-8d26-dfc382e60226/enabled'
20:24:24.049 [Forwarding isElementEnabled on session 96c9b57c5035bed6429eb24bf3c5b5ba to remote] DEBUG org.asynchttpclient.netty.request.NettyRequestSender - Using open Channel [id: 0x30865f26, L:/127.0.0.1:62971 - R:localhost/127.0.0.1:49281] for GET '/session/96c9b57c5035bed6429eb24bf3c5b5ba/element/aa4165f0-ec39-4119-8d26-dfc382e60226/enabled'
20:24:24.055 [AsyncHttpClient-1-7] DEBUG org.asynchttpclient.netty.handler.HttpHandler - 

Request DefaultFullHttpRequest(decodeResult: success, version: HTTP/1.1, content: EmptyByteBufBE)
GET /session/96c9b57c5035bed6429eb24bf3c5b5ba/element/aa4165f0-ec39-4119-8d26-dfc382e60226/enabled HTTP/1.1
User-Agent: selenium/4.1.2 (java windows)
Cache-Control: no-cache
Content-Type: application/json; charset=utf-8
host: localhost:49281
accept: */*

Response DefaultHttpResponse(decodeResult: success, version: HTTP/1.1)
HTTP/1.1 200 OK
Content-Type: application/json; charset=utf-8
cache-control: no-cache
content-length: 14

20:24:24.055 [AsyncHttpClient-1-7] DEBUG org.asynchttpclient.netty.channel.ChannelManager - Adding key: http://localhost:49281 for channel [id: 0x30865f26, L:/127.0.0.1:62971 - R:localhost/127.0.0.1:49281]
20:24:24.057 [Forwarding findElement on session 96c9b57c5035bed6429eb24bf3c5b5ba to remote] DEBUG org.asynchttpclient.netty.request.NettyRequestSender - Using pooled Channel '[id: 0x30865f26, L:/127.0.0.1:62971 - R:localhost/127.0.0.1:49281]' for 'POST' to 'http://localhost:49281/session/96c9b57c5035bed6429eb24bf3c5b5ba/element'
20:24:24.058 [Forwarding findElement on session 96c9b57c5035bed6429eb24bf3c5b5ba to remote] DEBUG org.asynchttpclient.netty.request.NettyRequestSender - Using open Channel [id: 0x30865f26, L:/127.0.0.1:62971 - R:localhost/127.0.0.1:49281] for POST '/session/96c9b57c5035bed6429eb24bf3c5b5ba/element'
20:24:24.066 [AsyncHttpClient-1-7] DEBUG org.asynchttpclient.netty.handler.HttpHandler - 

Request DefaultHttpRequest(decodeResult: success, version: HTTP/1.1)
POST /session/96c9b57c5035bed6429eb24bf3c5b5ba/element HTTP/1.1
User-Agent: selenium/4.1.2 (java windows)
Content-Length: 145
Content-Type: application/json; charset=utf-8
host: localhost:49281
accept: */*

Response DefaultHttpResponse(decodeResult: success, version: HTTP/1.1)
HTTP/1.1 200 OK
Content-Type: application/json; charset=utf-8
cache-control: no-cache
content-length: 88

20:24:24.066 [AsyncHttpClient-1-7] DEBUG org.asynchttpclient.netty.channel.ChannelManager - Adding key: http://localhost:49281 for channel [id: 0x30865f26, L:/127.0.0.1:62971 - R:localhost/127.0.0.1:49281]
20:24:24.068 [Forwarding clickElement on session 96c9b57c5035bed6429eb24bf3c5b5ba to remote] DEBUG org.asynchttpclient.netty.request.NettyRequestSender - Using pooled Channel '[id: 0x30865f26, L:/127.0.0.1:62971 - R:localhost/127.0.0.1:49281]' for 'POST' to 'http://localhost:49281/session/96c9b57c5035bed6429eb24bf3c5b5ba/element/aa4165f0-ec39-4119-8d26-dfc382e60226/click'
20:24:24.068 [Forwarding clickElement on session 96c9b57c5035bed6429eb24bf3c5b5ba to remote] DEBUG org.asynchttpclient.netty.request.NettyRequestSender - Using open Channel [id: 0x30865f26, L:/127.0.0.1:62971 - R:localhost/127.0.0.1:49281] for POST '/session/96c9b57c5035bed6429eb24bf3c5b5ba/element/aa4165f0-ec39-4119-8d26-dfc382e60226/click'
20:24:24.126 [AsyncHttpClient-1-7] DEBUG org.asynchttpclient.netty.handler.HttpHandler - 

Request DefaultHttpRequest(decodeResult: success, version: HTTP/1.1)
POST /session/96c9b57c5035bed6429eb24bf3c5b5ba/element/aa4165f0-ec39-4119-8d26-dfc382e60226/click HTTP/1.1
User-Agent: selenium/4.1.2 (java windows)
Content-Length: 50
Content-Type: application/json; charset=utf-8
host: localhost:49281
accept: */*

Response DefaultHttpResponse(decodeResult: success, version: HTTP/1.1)
HTTP/1.1 200 OK
Content-Type: application/json; charset=utf-8
cache-control: no-cache
content-length: 14

20:24:24.126 [AsyncHttpClient-1-7] DEBUG org.asynchttpclient.netty.channel.ChannelManager - Adding key: http://localhost:49281 for channel [id: 0x30865f26, L:/127.0.0.1:62971 - R:localhost/127.0.0.1:49281]
  &amp#27;[32mAnd &amp#27;[0m&amp#27;[32mI click button buy&amp#27;[0m            &amp#27;[90m# starter.stepdefinitions.HomeStep.iClickButtonBuy()&amp#27;[0m
20:24:24.132 [Forwarding screenshot on session 96c9b57c5035bed6429eb24bf3c5b5ba to remote] DEBUG org.asynchttpclient.netty.request.NettyRequestSender - Using pooled Channel '[id: 0x30865f26, L:/127.0.0.1:62971 - R:localhost/127.0.0.1:49281]' for 'GET' to 'http://localhost:49281/session/96c9b57c5035bed6429eb24bf3c5b5ba/screenshot'
20:24:24.132 [Forwarding screenshot on session 96c9b57c5035bed6429eb24bf3c5b5ba to remote] DEBUG org.asynchttpclient.netty.request.NettyRequestSender - Using open Channel [id: 0x30865f26, L:/127.0.0.1:62971 - R:localhost/127.0.0.1:49281] for GET '/session/96c9b57c5035bed6429eb24bf3c5b5ba/screenshot'
20:24:24.264 [AsyncHttpClient-1-1] DEBUG org.asynchttpclient.netty.channel.DefaultChannelPool - Entry count for : http://localhost:62972 : 1
20:24:24.784 [AsyncHttpClient-1-7] DEBUG org.asynchttpclient.netty.handler.HttpHandler - 

Request DefaultFullHttpRequest(decodeResult: success, version: HTTP/1.1, content: EmptyByteBufBE)
GET /session/96c9b57c5035bed6429eb24bf3c5b5ba/screenshot HTTP/1.1
User-Agent: selenium/4.1.2 (java windows)
Cache-Control: no-cache
Content-Type: application/json; charset=utf-8
host: localhost:49281
accept: */*

Response DefaultHttpResponse(decodeResult: success, version: HTTP/1.1)
HTTP/1.1 200 OK
Content-Type: application/json; charset=utf-8
cache-control: no-cache
content-length: 69576

20:24:24.785 [AsyncHttpClient-1-7] DEBUG org.asynchttpclient.netty.channel.ChannelManager - Adding key: http://localhost:49281 for channel [id: 0x30865f26, L:/127.0.0.1:62971 - R:localhost/127.0.0.1:49281]
20:24:24.789 [main] DEBUG net.serenitybdd.core.photography.Darkroom - Send negative for processing for target\site\serenity\cc3990d7810c5ac07054fabeca8effc6849fd531f085311b78347029215de34a.png
20:24:24.789 [Darkroom Processing Line] DEBUG net.serenitybdd.core.photography.DarkroomProcessingLine - Processing screenshot image in /var/screenshots/screenshot-7486812898849782207
20:24:24.789 [Darkroom Processing Line] DEBUG net.serenitybdd.core.photography.DarkroomProcessingLine - Saving screenshot to target\site\serenity\cc3990d7810c5ac07054fabeca8effc6849fd531f085311b78347029215de34a.png
20:24:24.933 [Forwarding findElement on session 96c9b57c5035bed6429eb24bf3c5b5ba to remote] DEBUG org.asynchttpclient.netty.request.NettyRequestSender - Using pooled Channel '[id: 0x30865f26, L:/127.0.0.1:62971 - R:localhost/127.0.0.1:49281]' for 'POST' to 'http://localhost:49281/session/96c9b57c5035bed6429eb24bf3c5b5ba/element'
20:24:24.934 [Forwarding findElement on session 96c9b57c5035bed6429eb24bf3c5b5ba to remote] DEBUG org.asynchttpclient.netty.request.NettyRequestSender - Using open Channel [id: 0x30865f26, L:/127.0.0.1:62971 - R:localhost/127.0.0.1:49281] for POST '/session/96c9b57c5035bed6429eb24bf3c5b5ba/element'
20:24:24.946 [AsyncHttpClient-1-7] DEBUG org.asynchttpclient.netty.handler.HttpHandler - 

Request DefaultHttpRequest(decodeResult: success, version: HTTP/1.1)
POST /session/96c9b57c5035bed6429eb24bf3c5b5ba/element HTTP/1.1
User-Agent: selenium/4.1.2 (java windows)
Content-Length: 132
Content-Type: application/json; charset=utf-8
host: localhost:49281
accept: */*

Response DefaultHttpResponse(decodeResult: success, version: HTTP/1.1)
HTTP/1.1 200 OK
Content-Type: application/json; charset=utf-8
cache-control: no-cache
content-length: 88

20:24:24.946 [AsyncHttpClient-1-7] DEBUG org.asynchttpclient.netty.channel.ChannelManager - Adding key: http://localhost:49281 for channel [id: 0x30865f26, L:/127.0.0.1:62971 - R:localhost/127.0.0.1:49281]
20:24:24.949 [Forwarding getElementTagName on session 96c9b57c5035bed6429eb24bf3c5b5ba to remote] DEBUG org.asynchttpclient.netty.request.NettyRequestSender - Using pooled Channel '[id: 0x30865f26, L:/127.0.0.1:62971 - R:localhost/127.0.0.1:49281]' for 'GET' to 'http://localhost:49281/session/96c9b57c5035bed6429eb24bf3c5b5ba/element/0c11d889-09b2-4a5a-b5d5-1f05a49db9f1/name'
20:24:24.949 [Forwarding getElementTagName on session 96c9b57c5035bed6429eb24bf3c5b5ba to remote] DEBUG org.asynchttpclient.netty.request.NettyRequestSender - Using open Channel [id: 0x30865f26, L:/127.0.0.1:62971 - R:localhost/127.0.0.1:49281] for GET '/session/96c9b57c5035bed6429eb24bf3c5b5ba/element/0c11d889-09b2-4a5a-b5d5-1f05a49db9f1/name'
20:24:24.955 [AsyncHttpClient-1-7] DEBUG org.asynchttpclient.netty.handler.HttpHandler - 

Request DefaultFullHttpRequest(decodeResult: success, version: HTTP/1.1, content: EmptyByteBufBE)
GET /session/96c9b57c5035bed6429eb24bf3c5b5ba/element/0c11d889-09b2-4a5a-b5d5-1f05a49db9f1/name HTTP/1.1
User-Agent: selenium/4.1.2 (java windows)
Cache-Control: no-cache
Content-Type: application/json; charset=utf-8
host: localhost:49281
accept: */*

Response DefaultHttpResponse(decodeResult: success, version: HTTP/1.1)
HTTP/1.1 200 OK
Content-Type: application/json; charset=utf-8
cache-control: no-cache
content-length: 16

20:24:24.956 [AsyncHttpClient-1-7] DEBUG org.asynchttpclient.netty.channel.ChannelManager - Adding key: http://localhost:49281 for channel [id: 0x30865f26, L:/127.0.0.1:62971 - R:localhost/127.0.0.1:49281]
20:24:24.957 [Forwarding getElementTagName on session 96c9b57c5035bed6429eb24bf3c5b5ba to remote] DEBUG org.asynchttpclient.netty.request.NettyRequestSender - Using pooled Channel '[id: 0x30865f26, L:/127.0.0.1:62971 - R:localhost/127.0.0.1:49281]' for 'GET' to 'http://localhost:49281/session/96c9b57c5035bed6429eb24bf3c5b5ba/element/0c11d889-09b2-4a5a-b5d5-1f05a49db9f1/name'
20:24:24.957 [Forwarding getElementTagName on session 96c9b57c5035bed6429eb24bf3c5b5ba to remote] DEBUG org.asynchttpclient.netty.request.NettyRequestSender - Using open Channel [id: 0x30865f26, L:/127.0.0.1:62971 - R:localhost/127.0.0.1:49281] for GET '/session/96c9b57c5035bed6429eb24bf3c5b5ba/element/0c11d889-09b2-4a5a-b5d5-1f05a49db9f1/name'
20:24:24.961 [AsyncHttpClient-1-7] DEBUG org.asynchttpclient.netty.handler.HttpHandler - 

Request DefaultFullHttpRequest(decodeResult: success, version: HTTP/1.1, content: EmptyByteBufBE)
GET /session/96c9b57c5035bed6429eb24bf3c5b5ba/element/0c11d889-09b2-4a5a-b5d5-1f05a49db9f1/name HTTP/1.1
User-Agent: selenium/4.1.2 (java windows)
Cache-Control: no-cache
Content-Type: application/json; charset=utf-8
host: localhost:49281
accept: */*

Response DefaultHttpResponse(decodeResult: success, version: HTTP/1.1)
HTTP/1.1 200 OK
Content-Type: application/json; charset=utf-8
cache-control: no-cache
content-length: 16

20:24:24.961 [AsyncHttpClient-1-7] DEBUG org.asynchttpclient.netty.channel.ChannelManager - Adding key: http://localhost:49281 for channel [id: 0x30865f26, L:/127.0.0.1:62971 - R:localhost/127.0.0.1:49281]
20:24:24.963 [Forwarding findElement on session 96c9b57c5035bed6429eb24bf3c5b5ba to remote] DEBUG org.asynchttpclient.netty.request.NettyRequestSender - Using pooled Channel '[id: 0x30865f26, L:/127.0.0.1:62971 - R:localhost/127.0.0.1:49281]' for 'POST' to 'http://localhost:49281/session/96c9b57c5035bed6429eb24bf3c5b5ba/element'
20:24:24.963 [Forwarding findElement on session 96c9b57c5035bed6429eb24bf3c5b5ba to remote] DEBUG org.asynchttpclient.netty.request.NettyRequestSender - Using open Channel [id: 0x30865f26, L:/127.0.0.1:62971 - R:localhost/127.0.0.1:49281] for POST '/session/96c9b57c5035bed6429eb24bf3c5b5ba/element'
20:24:24.972 [AsyncHttpClient-1-7] DEBUG org.asynchttpclient.netty.handler.HttpHandler - 

Request DefaultHttpRequest(decodeResult: success, version: HTTP/1.1)
POST /session/96c9b57c5035bed6429eb24bf3c5b5ba/element HTTP/1.1
User-Agent: selenium/4.1.2 (java windows)
Content-Length: 132
Content-Type: application/json; charset=utf-8
host: localhost:49281
accept: */*

Response DefaultHttpResponse(decodeResult: success, version: HTTP/1.1)
HTTP/1.1 200 OK
Content-Type: application/json; charset=utf-8
cache-control: no-cache
content-length: 88

20:24:24.972 [AsyncHttpClient-1-7] DEBUG org.asynchttpclient.netty.channel.ChannelManager - Adding key: http://localhost:49281 for channel [id: 0x30865f26, L:/127.0.0.1:62971 - R:localhost/127.0.0.1:49281]
20:24:24.974 [Forwarding clickElement on session 96c9b57c5035bed6429eb24bf3c5b5ba to remote] DEBUG org.asynchttpclient.netty.request.NettyRequestSender - Using pooled Channel '[id: 0x30865f26, L:/127.0.0.1:62971 - R:localhost/127.0.0.1:49281]' for 'POST' to 'http://localhost:49281/session/96c9b57c5035bed6429eb24bf3c5b5ba/element/0c11d889-09b2-4a5a-b5d5-1f05a49db9f1/click'
20:24:24.974 [Forwarding clickElement on session 96c9b57c5035bed6429eb24bf3c5b5ba to remote] DEBUG org.asynchttpclient.netty.request.NettyRequestSender - Using open Channel [id: 0x30865f26, L:/127.0.0.1:62971 - R:localhost/127.0.0.1:49281] for POST '/session/96c9b57c5035bed6429eb24bf3c5b5ba/element/0c11d889-09b2-4a5a-b5d5-1f05a49db9f1/click'
20:24:25.016 [AsyncHttpClient-1-7] DEBUG org.asynchttpclient.netty.handler.HttpHandler - 

Request DefaultHttpRequest(decodeResult: success, version: HTTP/1.1)
POST /session/96c9b57c5035bed6429eb24bf3c5b5ba/element/0c11d889-09b2-4a5a-b5d5-1f05a49db9f1/click HTTP/1.1
User-Agent: selenium/4.1.2 (java windows)
Content-Length: 50
Content-Type: application/json; charset=utf-8
host: localhost:49281
accept: */*

Response DefaultHttpResponse(decodeResult: success, version: HTTP/1.1)
HTTP/1.1 200 OK
Content-Type: application/json; charset=utf-8
cache-control: no-cache
content-length: 14

20:24:25.016 [AsyncHttpClient-1-7] DEBUG org.asynchttpclient.netty.channel.ChannelManager - Adding key: http://localhost:49281 for channel [id: 0x30865f26, L:/127.0.0.1:62971 - R:localhost/127.0.0.1:49281]
  &amp#27;[32mAnd &amp#27;[0m&amp#27;[32mI click order button&amp#27;[0m          &amp#27;[90m# starter.stepdefinitions.OrderStep.iClickOrderButton()&amp#27;[0m
20:24:25.029 [Forwarding screenshot on session 96c9b57c5035bed6429eb24bf3c5b5ba to remote] DEBUG org.asynchttpclient.netty.request.NettyRequestSender - Using pooled Channel '[id: 0x30865f26, L:/127.0.0.1:62971 - R:localhost/127.0.0.1:49281]' for 'GET' to 'http://localhost:49281/session/96c9b57c5035bed6429eb24bf3c5b5ba/screenshot'
20:24:25.029 [Forwarding screenshot on session 96c9b57c5035bed6429eb24bf3c5b5ba to remote] DEBUG org.asynchttpclient.netty.request.NettyRequestSender - Using open Channel [id: 0x30865f26, L:/127.0.0.1:62971 - R:localhost/127.0.0.1:49281] for GET '/session/96c9b57c5035bed6429eb24bf3c5b5ba/screenshot'
20:24:25.175 [AsyncHttpClient-1-7] DEBUG org.asynchttpclient.netty.handler.HttpHandler - 

Request DefaultFullHttpRequest(decodeResult: success, version: HTTP/1.1, content: EmptyByteBufBE)
GET /session/96c9b57c5035bed6429eb24bf3c5b5ba/screenshot HTTP/1.1
User-Agent: selenium/4.1.2 (java windows)
Cache-Control: no-cache
Content-Type: application/json; charset=utf-8
host: localhost:49281
accept: */*

Response DefaultHttpResponse(decodeResult: success, version: HTTP/1.1)
HTTP/1.1 200 OK
Content-Type: application/json; charset=utf-8
cache-control: no-cache
content-length: 29468

20:24:25.176 [AsyncHttpClient-1-7] DEBUG org.asynchttpclient.netty.channel.ChannelManager - Adding key: http://localhost:49281 for channel [id: 0x30865f26, L:/127.0.0.1:62971 - R:localhost/127.0.0.1:49281]
20:24:25.178 [main] DEBUG net.serenitybdd.core.photography.Darkroom - Send negative for processing for target\site\serenity\e7fdd6c04de8a17e07214aee1648bed7c3b6945b161a8ecba20e4034333cdc4a.png
20:24:25.179 [Darkroom Processing Line] DEBUG net.serenitybdd.core.photography.DarkroomProcessingLine - Processing screenshot image in /var/screenshots/screenshot-16829630168549276198
20:24:25.179 [Darkroom Processing Line] DEBUG net.serenitybdd.core.photography.DarkroomProcessingLine - Saving screenshot to target\site\serenity\e7fdd6c04de8a17e07214aee1648bed7c3b6945b161a8ecba20e4034333cdc4a.png
20:24:25.191 [Forwarding findElement on session 96c9b57c5035bed6429eb24bf3c5b5ba to remote] DEBUG org.asynchttpclient.netty.request.NettyRequestSender - Using pooled Channel '[id: 0x30865f26, L:/127.0.0.1:62971 - R:localhost/127.0.0.1:49281]' for 'POST' to 'http://localhost:49281/session/96c9b57c5035bed6429eb24bf3c5b5ba/element'
20:24:25.191 [Forwarding findElement on session 96c9b57c5035bed6429eb24bf3c5b5ba to remote] DEBUG org.asynchttpclient.netty.request.NettyRequestSender - Using open Channel [id: 0x30865f26, L:/127.0.0.1:62971 - R:localhost/127.0.0.1:49281] for POST '/session/96c9b57c5035bed6429eb24bf3c5b5ba/element'
20:24:25.204 [AsyncHttpClient-1-7] DEBUG org.asynchttpclient.netty.handler.HttpHandler - 

Request DefaultHttpRequest(decodeResult: success, version: HTTP/1.1)
POST /session/96c9b57c5035bed6429eb24bf3c5b5ba/element HTTP/1.1
User-Agent: selenium/4.1.2 (java windows)
Content-Length: 66
Content-Type: application/json; charset=utf-8
host: localhost:49281
accept: */*

Response DefaultHttpResponse(decodeResult: success, version: HTTP/1.1)
HTTP/1.1 200 OK
Content-Type: application/json; charset=utf-8
cache-control: no-cache
content-length: 88

20:24:25.204 [AsyncHttpClient-1-7] DEBUG org.asynchttpclient.netty.channel.ChannelManager - Adding key: http://localhost:49281 for channel [id: 0x30865f26, L:/127.0.0.1:62971 - R:localhost/127.0.0.1:49281]
20:24:25.206 [Forwarding getElementTagName on session 96c9b57c5035bed6429eb24bf3c5b5ba to remote] DEBUG org.asynchttpclient.netty.request.NettyRequestSender - Using pooled Channel '[id: 0x30865f26, L:/127.0.0.1:62971 - R:localhost/127.0.0.1:49281]' for 'GET' to 'http://localhost:49281/session/96c9b57c5035bed6429eb24bf3c5b5ba/element/6296686a-d09d-47df-937f-79a3f478944e/name'
20:24:25.206 [Forwarding getElementTagName on session 96c9b57c5035bed6429eb24bf3c5b5ba to remote] DEBUG org.asynchttpclient.netty.request.NettyRequestSender - Using open Channel [id: 0x30865f26, L:/127.0.0.1:62971 - R:localhost/127.0.0.1:49281] for GET '/session/96c9b57c5035bed6429eb24bf3c5b5ba/element/6296686a-d09d-47df-937f-79a3f478944e/name'
20:24:25.213 [AsyncHttpClient-1-7] DEBUG org.asynchttpclient.netty.handler.HttpHandler - 

Request DefaultFullHttpRequest(decodeResult: success, version: HTTP/1.1, content: EmptyByteBufBE)
GET /session/96c9b57c5035bed6429eb24bf3c5b5ba/element/6296686a-d09d-47df-937f-79a3f478944e/name HTTP/1.1
User-Agent: selenium/4.1.2 (java windows)
Cache-Control: no-cache
Content-Type: application/json; charset=utf-8
host: localhost:49281
accept: */*

Response DefaultHttpResponse(decodeResult: success, version: HTTP/1.1)
HTTP/1.1 200 OK
Content-Type: application/json; charset=utf-8
cache-control: no-cache
content-length: 16

20:24:25.214 [AsyncHttpClient-1-7] DEBUG org.asynchttpclient.netty.channel.ChannelManager - Adding key: http://localhost:49281 for channel [id: 0x30865f26, L:/127.0.0.1:62971 - R:localhost/127.0.0.1:49281]
20:24:25.215 [Forwarding getElementTagName on session 96c9b57c5035bed6429eb24bf3c5b5ba to remote] DEBUG org.asynchttpclient.netty.request.NettyRequestSender - Using pooled Channel '[id: 0x30865f26, L:/127.0.0.1:62971 - R:localhost/127.0.0.1:49281]' for 'GET' to 'http://localhost:49281/session/96c9b57c5035bed6429eb24bf3c5b5ba/element/6296686a-d09d-47df-937f-79a3f478944e/name'
20:24:25.215 [Forwarding getElementTagName on session 96c9b57c5035bed6429eb24bf3c5b5ba to remote] DEBUG org.asynchttpclient.netty.request.NettyRequestSender - Using open Channel [id: 0x30865f26, L:/127.0.0.1:62971 - R:localhost/127.0.0.1:49281] for GET '/session/96c9b57c5035bed6429eb24bf3c5b5ba/element/6296686a-d09d-47df-937f-79a3f478944e/name'
20:24:25.218 [AsyncHttpClient-1-7] DEBUG org.asynchttpclient.netty.handler.HttpHandler - 

Request DefaultFullHttpRequest(decodeResult: success, version: HTTP/1.1, content: EmptyByteBufBE)
GET /session/96c9b57c5035bed6429eb24bf3c5b5ba/element/6296686a-d09d-47df-937f-79a3f478944e/name HTTP/1.1
User-Agent: selenium/4.1.2 (java windows)
Cache-Control: no-cache
Content-Type: application/json; charset=utf-8
host: localhost:49281
accept: */*

Response DefaultHttpResponse(decodeResult: success, version: HTTP/1.1)
HTTP/1.1 200 OK
Content-Type: application/json; charset=utf-8
cache-control: no-cache
content-length: 16

20:24:25.218 [AsyncHttpClient-1-7] DEBUG org.asynchttpclient.netty.channel.ChannelManager - Adding key: http://localhost:49281 for channel [id: 0x30865f26, L:/127.0.0.1:62971 - R:localhost/127.0.0.1:49281]
20:24:25.220 [Forwarding findElement on session 96c9b57c5035bed6429eb24bf3c5b5ba to remote] DEBUG org.asynchttpclient.netty.request.NettyRequestSender - Using pooled Channel '[id: 0x30865f26, L:/127.0.0.1:62971 - R:localhost/127.0.0.1:49281]' for 'POST' to 'http://localhost:49281/session/96c9b57c5035bed6429eb24bf3c5b5ba/element'
20:24:25.221 [Forwarding findElement on session 96c9b57c5035bed6429eb24bf3c5b5ba to remote] DEBUG org.asynchttpclient.netty.request.NettyRequestSender - Using open Channel [id: 0x30865f26, L:/127.0.0.1:62971 - R:localhost/127.0.0.1:49281] for POST '/session/96c9b57c5035bed6429eb24bf3c5b5ba/element'
20:24:25.228 [AsyncHttpClient-1-7] DEBUG org.asynchttpclient.netty.handler.HttpHandler - 

Request DefaultHttpRequest(decodeResult: success, version: HTTP/1.1)
POST /session/96c9b57c5035bed6429eb24bf3c5b5ba/element HTTP/1.1
User-Agent: selenium/4.1.2 (java windows)
Content-Length: 66
Content-Type: application/json; charset=utf-8
host: localhost:49281
accept: */*

Response DefaultHttpResponse(decodeResult: success, version: HTTP/1.1)
HTTP/1.1 200 OK
Content-Type: application/json; charset=utf-8
cache-control: no-cache
content-length: 88

20:24:25.228 [AsyncHttpClient-1-7] DEBUG org.asynchttpclient.netty.channel.ChannelManager - Adding key: http://localhost:49281 for channel [id: 0x30865f26, L:/127.0.0.1:62971 - R:localhost/127.0.0.1:49281]
20:24:25.230 [Forwarding clickElement on session 96c9b57c5035bed6429eb24bf3c5b5ba to remote] DEBUG org.asynchttpclient.netty.request.NettyRequestSender - Using pooled Channel '[id: 0x30865f26, L:/127.0.0.1:62971 - R:localhost/127.0.0.1:49281]' for 'POST' to 'http://localhost:49281/session/96c9b57c5035bed6429eb24bf3c5b5ba/element/6296686a-d09d-47df-937f-79a3f478944e/click'
20:24:25.230 [Forwarding clickElement on session 96c9b57c5035bed6429eb24bf3c5b5ba to remote] DEBUG org.asynchttpclient.netty.request.NettyRequestSender - Using open Channel [id: 0x30865f26, L:/127.0.0.1:62971 - R:localhost/127.0.0.1:49281] for POST '/session/96c9b57c5035bed6429eb24bf3c5b5ba/element/6296686a-d09d-47df-937f-79a3f478944e/click'
20:24:25.267 [AsyncHttpClient-1-7] DEBUG org.asynchttpclient.netty.handler.HttpHandler - 

Request DefaultHttpRequest(decodeResult: success, version: HTTP/1.1)
POST /session/96c9b57c5035bed6429eb24bf3c5b5ba/element/6296686a-d09d-47df-937f-79a3f478944e/click HTTP/1.1
User-Agent: selenium/4.1.2 (java windows)
Content-Length: 50
Content-Type: application/json; charset=utf-8
host: localhost:49281
accept: */*

Response DefaultHttpResponse(decodeResult: success, version: HTTP/1.1)
HTTP/1.1 200 OK
Content-Type: application/json; charset=utf-8
cache-control: no-cache
content-length: 14

20:24:25.267 [AsyncHttpClient-1-7] DEBUG org.asynchttpclient.netty.channel.ChannelManager - Adding key: http://localhost:49281 for channel [id: 0x30865f26, L:/127.0.0.1:62971 - R:localhost/127.0.0.1:49281]
  &amp#27;[32mWhen &amp#27;[0m&amp#27;[32mI click button add&amp#27;[0m           &amp#27;[90m# starter.stepdefinitions.OrderStep.iClickButtonAdd()&amp#27;[0m
20:24:25.272 [Forwarding screenshot on session 96c9b57c5035bed6429eb24bf3c5b5ba to remote] DEBUG org.asynchttpclient.netty.request.NettyRequestSender - Using pooled Channel '[id: 0x30865f26, L:/127.0.0.1:62971 - R:localhost/127.0.0.1:49281]' for 'GET' to 'http://localhost:49281/session/96c9b57c5035bed6429eb24bf3c5b5ba/screenshot'
20:24:25.272 [Forwarding screenshot on session 96c9b57c5035bed6429eb24bf3c5b5ba to remote] DEBUG org.asynchttpclient.netty.request.NettyRequestSender - Using open Channel [id: 0x30865f26, L:/127.0.0.1:62971 - R:localhost/127.0.0.1:49281] for GET '/session/96c9b57c5035bed6429eb24bf3c5b5ba/screenshot'
20:24:25.374 [AsyncHttpClient-1-1] DEBUG org.asynchttpclient.netty.channel.DefaultChannelPool - Entry count for : http://localhost:62972 : 1
20:24:25.376 [AsyncHttpClient-1-7] DEBUG org.asynchttpclient.netty.handler.HttpHandler - 

Request DefaultFullHttpRequest(decodeResult: success, version: HTTP/1.1, content: EmptyByteBufBE)
GET /session/96c9b57c5035bed6429eb24bf3c5b5ba/screenshot HTTP/1.1
User-Agent: selenium/4.1.2 (java windows)
Cache-Control: no-cache
Content-Type: application/json; charset=utf-8
host: localhost:49281
accept: */*

Response DefaultHttpResponse(decodeResult: success, version: HTTP/1.1)
HTTP/1.1 200 OK
Content-Type: application/json; charset=utf-8
cache-control: no-cache
content-length: 32472

20:24:25.377 [AsyncHttpClient-1-7] DEBUG org.asynchttpclient.netty.channel.ChannelManager - Adding key: http://localhost:49281 for channel [id: 0x30865f26, L:/127.0.0.1:62971 - R:localhost/127.0.0.1:49281]
20:24:25.378 [main] DEBUG net.serenitybdd.core.photography.Darkroom - Send negative for processing for target\site\serenity\aaf2b3a10d02aab21acc6e019c2b5a0aa0b846d9d5e44910849a502a03c1651b.png
20:24:25.379 [Darkroom Processing Line] DEBUG net.serenitybdd.core.photography.DarkroomProcessingLine - Processing screenshot image in /var/screenshots/screenshot-5203394387806127084
20:24:25.379 [Darkroom Processing Line] DEBUG net.serenitybdd.core.photography.DarkroomProcessingLine - Saving screenshot to target\site\serenity\aaf2b3a10d02aab21acc6e019c2b5a0aa0b846d9d5e44910849a502a03c1651b.png
20:24:25.384 [Forwarding findElement on session 96c9b57c5035bed6429eb24bf3c5b5ba to remote] DEBUG org.asynchttpclient.netty.request.NettyRequestSender - Using pooled Channel '[id: 0x30865f26, L:/127.0.0.1:62971 - R:localhost/127.0.0.1:49281]' for 'POST' to 'http://localhost:49281/session/96c9b57c5035bed6429eb24bf3c5b5ba/element'
20:24:25.384 [Forwarding findElement on session 96c9b57c5035bed6429eb24bf3c5b5ba to remote] DEBUG org.asynchttpclient.netty.request.NettyRequestSender - Using open Channel [id: 0x30865f26, L:/127.0.0.1:62971 - R:localhost/127.0.0.1:49281] for POST '/session/96c9b57c5035bed6429eb24bf3c5b5ba/element'
20:24:25.396 [AsyncHttpClient-1-7] DEBUG org.asynchttpclient.netty.handler.HttpHandler - 

Request DefaultHttpRequest(decodeResult: success, version: HTTP/1.1)
POST /session/96c9b57c5035bed6429eb24bf3c5b5ba/element HTTP/1.1
User-Agent: selenium/4.1.2 (java windows)
Content-Length: 83
Content-Type: application/json; charset=utf-8
host: localhost:49281
accept: */*

Response DefaultHttpResponse(decodeResult: success, version: HTTP/1.1)
HTTP/1.1 200 OK
Content-Type: application/json; charset=utf-8
cache-control: no-cache
content-length: 88

20:24:25.396 [AsyncHttpClient-1-7] DEBUG org.asynchttpclient.netty.channel.ChannelManager - Adding key: http://localhost:49281 for channel [id: 0x30865f26, L:/127.0.0.1:62971 - R:localhost/127.0.0.1:49281]
20:24:25.399 [Forwarding isElementDisplayed on session 96c9b57c5035bed6429eb24bf3c5b5ba to remote] DEBUG org.asynchttpclient.netty.request.NettyRequestSender - Using pooled Channel '[id: 0x30865f26, L:/127.0.0.1:62971 - R:localhost/127.0.0.1:49281]' for 'POST' to 'http://localhost:49281/session/96c9b57c5035bed6429eb24bf3c5b5ba/execute/sync'
20:24:25.399 [Forwarding isElementDisplayed on session 96c9b57c5035bed6429eb24bf3c5b5ba to remote] DEBUG org.asynchttpclient.netty.request.NettyRequestSender - Using open Channel [id: 0x30865f26, L:/127.0.0.1:62971 - R:localhost/127.0.0.1:49281] for POST '/session/96c9b57c5035bed6429eb24bf3c5b5ba/execute/sync'
20:24:25.414 [AsyncHttpClient-1-7] DEBUG org.asynchttpclient.netty.handler.HttpHandler - 

Request DefaultHttpRequest(decodeResult: success, version: HTTP/1.1)
POST /session/96c9b57c5035bed6429eb24bf3c5b5ba/execute/sync HTTP/1.1
User-Agent: selenium/4.1.2 (java windows)
Content-Length: 48780
Content-Type: application/json; charset=utf-8
host: localhost:49281
accept: */*

Response DefaultHttpResponse(decodeResult: success, version: HTTP/1.1)
HTTP/1.1 200 OK
Content-Type: application/json; charset=utf-8
cache-control: no-cache
content-length: 14

20:24:25.414 [AsyncHttpClient-1-7] DEBUG org.asynchttpclient.netty.channel.ChannelManager - Adding key: http://localhost:49281 for channel [id: 0x30865f26, L:/127.0.0.1:62971 - R:localhost/127.0.0.1:49281]
  &amp#27;[32mAnd &amp#27;[0m&amp#27;[32mText qty has change&amp#27;[0m           &amp#27;[90m# starter.stepdefinitions.OrderStep.textQtyHasChange()&amp#27;[0m
20:24:25.425 [Forwarding findElement on session 96c9b57c5035bed6429eb24bf3c5b5ba to remote] DEBUG org.asynchttpclient.netty.request.NettyRequestSender - Using pooled Channel '[id: 0x30865f26, L:/127.0.0.1:62971 - R:localhost/127.0.0.1:49281]' for 'POST' to 'http://localhost:49281/session/96c9b57c5035bed6429eb24bf3c5b5ba/element'
20:24:25.425 [Forwarding findElement on session 96c9b57c5035bed6429eb24bf3c5b5ba to remote] DEBUG org.asynchttpclient.netty.request.NettyRequestSender - Using open Channel [id: 0x30865f26, L:/127.0.0.1:62971 - R:localhost/127.0.0.1:49281] for POST '/session/96c9b57c5035bed6429eb24bf3c5b5ba/element'
20:24:25.435 [AsyncHttpClient-1-7] DEBUG org.asynchttpclient.netty.handler.HttpHandler - 

Request DefaultHttpRequest(decodeResult: success, version: HTTP/1.1)
POST /session/96c9b57c5035bed6429eb24bf3c5b5ba/element HTTP/1.1
User-Agent: selenium/4.1.2 (java windows)
Content-Length: 66
Content-Type: application/json; charset=utf-8
host: localhost:49281
accept: */*

Response DefaultHttpResponse(decodeResult: success, version: HTTP/1.1)
HTTP/1.1 200 OK
Content-Type: application/json; charset=utf-8
cache-control: no-cache
content-length: 88

20:24:25.435 [AsyncHttpClient-1-7] DEBUG org.asynchttpclient.netty.channel.ChannelManager - Adding key: http://localhost:49281 for channel [id: 0x30865f26, L:/127.0.0.1:62971 - R:localhost/127.0.0.1:49281]
20:24:25.436 [Forwarding getElementTagName on session 96c9b57c5035bed6429eb24bf3c5b5ba to remote] DEBUG org.asynchttpclient.netty.request.NettyRequestSender - Using pooled Channel '[id: 0x30865f26, L:/127.0.0.1:62971 - R:localhost/127.0.0.1:49281]' for 'GET' to 'http://localhost:49281/session/96c9b57c5035bed6429eb24bf3c5b5ba/element/e5e70912-b5ef-481a-bf32-9f492c7ce7a7/name'
20:24:25.436 [Forwarding getElementTagName on session 96c9b57c5035bed6429eb24bf3c5b5ba to remote] DEBUG org.asynchttpclient.netty.request.NettyRequestSender - Using open Channel [id: 0x30865f26, L:/127.0.0.1:62971 - R:localhost/127.0.0.1:49281] for GET '/session/96c9b57c5035bed6429eb24bf3c5b5ba/element/e5e70912-b5ef-481a-bf32-9f492c7ce7a7/name'
20:24:25.442 [AsyncHttpClient-1-7] DEBUG org.asynchttpclient.netty.handler.HttpHandler - 

Request DefaultFullHttpRequest(decodeResult: success, version: HTTP/1.1, content: EmptyByteBufBE)
GET /session/96c9b57c5035bed6429eb24bf3c5b5ba/element/e5e70912-b5ef-481a-bf32-9f492c7ce7a7/name HTTP/1.1
User-Agent: selenium/4.1.2 (java windows)
Cache-Control: no-cache
Content-Type: application/json; charset=utf-8
host: localhost:49281
accept: */*

Response DefaultHttpResponse(decodeResult: success, version: HTTP/1.1)
HTTP/1.1 200 OK
Content-Type: application/json; charset=utf-8
cache-control: no-cache
content-length: 16

20:24:25.442 [AsyncHttpClient-1-7] DEBUG org.asynchttpclient.netty.channel.ChannelManager - Adding key: http://localhost:49281 for channel [id: 0x30865f26, L:/127.0.0.1:62971 - R:localhost/127.0.0.1:49281]
20:24:25.443 [Forwarding getElementTagName on session 96c9b57c5035bed6429eb24bf3c5b5ba to remote] DEBUG org.asynchttpclient.netty.request.NettyRequestSender - Using pooled Channel '[id: 0x30865f26, L:/127.0.0.1:62971 - R:localhost/127.0.0.1:49281]' for 'GET' to 'http://localhost:49281/session/96c9b57c5035bed6429eb24bf3c5b5ba/element/e5e70912-b5ef-481a-bf32-9f492c7ce7a7/name'
20:24:25.444 [Forwarding getElementTagName on session 96c9b57c5035bed6429eb24bf3c5b5ba to remote] DEBUG org.asynchttpclient.netty.request.NettyRequestSender - Using open Channel [id: 0x30865f26, L:/127.0.0.1:62971 - R:localhost/127.0.0.1:49281] for GET '/session/96c9b57c5035bed6429eb24bf3c5b5ba/element/e5e70912-b5ef-481a-bf32-9f492c7ce7a7/name'
20:24:25.447 [AsyncHttpClient-1-7] DEBUG org.asynchttpclient.netty.handler.HttpHandler - 

Request DefaultFullHttpRequest(decodeResult: success, version: HTTP/1.1, content: EmptyByteBufBE)
GET /session/96c9b57c5035bed6429eb24bf3c5b5ba/element/e5e70912-b5ef-481a-bf32-9f492c7ce7a7/name HTTP/1.1
User-Agent: selenium/4.1.2 (java windows)
Cache-Control: no-cache
Content-Type: application/json; charset=utf-8
host: localhost:49281
accept: */*

Response DefaultHttpResponse(decodeResult: success, version: HTTP/1.1)
HTTP/1.1 200 OK
Content-Type: application/json; charset=utf-8
cache-control: no-cache
content-length: 16

20:24:25.447 [AsyncHttpClient-1-7] DEBUG org.asynchttpclient.netty.channel.ChannelManager - Adding key: http://localhost:49281 for channel [id: 0x30865f26, L:/127.0.0.1:62971 - R:localhost/127.0.0.1:49281]
20:24:25.449 [Forwarding findElement on session 96c9b57c5035bed6429eb24bf3c5b5ba to remote] DEBUG org.asynchttpclient.netty.request.NettyRequestSender - Using pooled Channel '[id: 0x30865f26, L:/127.0.0.1:62971 - R:localhost/127.0.0.1:49281]' for 'POST' to 'http://localhost:49281/session/96c9b57c5035bed6429eb24bf3c5b5ba/element'
20:24:25.449 [Forwarding findElement on session 96c9b57c5035bed6429eb24bf3c5b5ba to remote] DEBUG org.asynchttpclient.netty.request.NettyRequestSender - Using open Channel [id: 0x30865f26, L:/127.0.0.1:62971 - R:localhost/127.0.0.1:49281] for POST '/session/96c9b57c5035bed6429eb24bf3c5b5ba/element'
20:24:25.456 [AsyncHttpClient-1-7] DEBUG org.asynchttpclient.netty.handler.HttpHandler - 

Request DefaultHttpRequest(decodeResult: success, version: HTTP/1.1)
POST /session/96c9b57c5035bed6429eb24bf3c5b5ba/element HTTP/1.1
User-Agent: selenium/4.1.2 (java windows)
Content-Length: 66
Content-Type: application/json; charset=utf-8
host: localhost:49281
accept: */*

Response DefaultHttpResponse(decodeResult: success, version: HTTP/1.1)
HTTP/1.1 200 OK
Content-Type: application/json; charset=utf-8
cache-control: no-cache
content-length: 88

20:24:25.456 [AsyncHttpClient-1-7] DEBUG org.asynchttpclient.netty.channel.ChannelManager - Adding key: http://localhost:49281 for channel [id: 0x30865f26, L:/127.0.0.1:62971 - R:localhost/127.0.0.1:49281]
20:24:25.458 [Forwarding clickElement on session 96c9b57c5035bed6429eb24bf3c5b5ba to remote] DEBUG org.asynchttpclient.netty.request.NettyRequestSender - Using pooled Channel '[id: 0x30865f26, L:/127.0.0.1:62971 - R:localhost/127.0.0.1:49281]' for 'POST' to 'http://localhost:49281/session/96c9b57c5035bed6429eb24bf3c5b5ba/element/e5e70912-b5ef-481a-bf32-9f492c7ce7a7/click'
20:24:25.458 [Forwarding clickElement on session 96c9b57c5035bed6429eb24bf3c5b5ba to remote] DEBUG org.asynchttpclient.netty.request.NettyRequestSender - Using open Channel [id: 0x30865f26, L:/127.0.0.1:62971 - R:localhost/127.0.0.1:49281] for POST '/session/96c9b57c5035bed6429eb24bf3c5b5ba/element/e5e70912-b5ef-481a-bf32-9f492c7ce7a7/click'
20:24:25.498 [AsyncHttpClient-1-7] DEBUG org.asynchttpclient.netty.handler.HttpHandler - 

Request DefaultHttpRequest(decodeResult: success, version: HTTP/1.1)
POST /session/96c9b57c5035bed6429eb24bf3c5b5ba/element/e5e70912-b5ef-481a-bf32-9f492c7ce7a7/click HTTP/1.1
User-Agent: selenium/4.1.2 (java windows)
Content-Length: 50
Content-Type: application/json; charset=utf-8
host: localhost:49281
accept: */*

Response DefaultHttpResponse(decodeResult: success, version: HTTP/1.1)
HTTP/1.1 200 OK
Content-Type: application/json; charset=utf-8
cache-control: no-cache
content-length: 14

20:24:25.498 [AsyncHttpClient-1-7] DEBUG org.asynchttpclient.netty.channel.ChannelManager - Adding key: http://localhost:49281 for channel [id: 0x30865f26, L:/127.0.0.1:62971 - R:localhost/127.0.0.1:49281]
  &amp#27;[32mAnd &amp#27;[0m&amp#27;[32mI click button delete&amp#27;[0m         &amp#27;[90m# starter.stepdefinitions.OrderStep.iClickButtonDelete()&amp#27;[0m
20:24:25.504 [Forwarding screenshot on session 96c9b57c5035bed6429eb24bf3c5b5ba to remote] DEBUG org.asynchttpclient.netty.request.NettyRequestSender - Using pooled Channel '[id: 0x30865f26, L:/127.0.0.1:62971 - R:localhost/127.0.0.1:49281]' for 'GET' to 'http://localhost:49281/session/96c9b57c5035bed6429eb24bf3c5b5ba/screenshot'
20:24:25.504 [Forwarding screenshot on session 96c9b57c5035bed6429eb24bf3c5b5ba to remote] DEBUG org.asynchttpclient.netty.request.NettyRequestSender - Using open Channel [id: 0x30865f26, L:/127.0.0.1:62971 - R:localhost/127.0.0.1:49281] for GET '/session/96c9b57c5035bed6429eb24bf3c5b5ba/screenshot'
20:24:25.618 [AsyncHttpClient-1-7] DEBUG org.asynchttpclient.netty.handler.HttpHandler - 

Request DefaultFullHttpRequest(decodeResult: success, version: HTTP/1.1, content: EmptyByteBufBE)
GET /session/96c9b57c5035bed6429eb24bf3c5b5ba/screenshot HTTP/1.1
User-Agent: selenium/4.1.2 (java windows)
Cache-Control: no-cache
Content-Type: application/json; charset=utf-8
host: localhost:49281
accept: */*

Response DefaultHttpResponse(decodeResult: success, version: HTTP/1.1)
HTTP/1.1 200 OK
Content-Type: application/json; charset=utf-8
cache-control: no-cache
content-length: 29568

20:24:25.619 [AsyncHttpClient-1-7] DEBUG org.asynchttpclient.netty.channel.ChannelManager - Adding key: http://localhost:49281 for channel [id: 0x30865f26, L:/127.0.0.1:62971 - R:localhost/127.0.0.1:49281]
20:24:25.620 [main] DEBUG net.serenitybdd.core.photography.Darkroom - Send negative for processing for target\site\serenity\309a91e58e8aeed0c7eba796340cb663ff347cac6b02ad03147591aae81ccf52.png
20:24:25.621 [Darkroom Processing Line] DEBUG net.serenitybdd.core.photography.DarkroomProcessingLine - Processing screenshot image in /var/screenshots/screenshot-398476493909264972
20:24:25.621 [Darkroom Processing Line] DEBUG net.serenitybdd.core.photography.DarkroomProcessingLine - Saving screenshot to target\site\serenity\309a91e58e8aeed0c7eba796340cb663ff347cac6b02ad03147591aae81ccf52.png
20:24:25.629 [Forwarding findElement on session 96c9b57c5035bed6429eb24bf3c5b5ba to remote] DEBUG org.asynchttpclient.netty.request.NettyRequestSender - Using pooled Channel '[id: 0x30865f26, L:/127.0.0.1:62971 - R:localhost/127.0.0.1:49281]' for 'POST' to 'http://localhost:49281/session/96c9b57c5035bed6429eb24bf3c5b5ba/element'
20:24:25.629 [Forwarding findElement on session 96c9b57c5035bed6429eb24bf3c5b5ba to remote] DEBUG org.asynchttpclient.netty.request.NettyRequestSender - Using open Channel [id: 0x30865f26, L:/127.0.0.1:62971 - R:localhost/127.0.0.1:49281] for POST '/session/96c9b57c5035bed6429eb24bf3c5b5ba/element'
20:24:25.637 [AsyncHttpClient-1-7] DEBUG org.asynchttpclient.netty.handler.HttpHandler - 

Request DefaultHttpRequest(decodeResult: success, version: HTTP/1.1)
POST /session/96c9b57c5035bed6429eb24bf3c5b5ba/element HTTP/1.1
User-Agent: selenium/4.1.2 (java windows)
Content-Length: 83
Content-Type: application/json; charset=utf-8
host: localhost:49281
accept: */*

Response DefaultHttpResponse(decodeResult: success, version: HTTP/1.1)
HTTP/1.1 200 OK
Content-Type: application/json; charset=utf-8
cache-control: no-cache
content-length: 88

20:24:25.637 [AsyncHttpClient-1-7] DEBUG org.asynchttpclient.netty.channel.ChannelManager - Adding key: http://localhost:49281 for channel [id: 0x30865f26, L:/127.0.0.1:62971 - R:localhost/127.0.0.1:49281]
20:24:25.640 [Forwarding isElementDisplayed on session 96c9b57c5035bed6429eb24bf3c5b5ba to remote] DEBUG org.asynchttpclient.netty.request.NettyRequestSender - Using pooled Channel '[id: 0x30865f26, L:/127.0.0.1:62971 - R:localhost/127.0.0.1:49281]' for 'POST' to 'http://localhost:49281/session/96c9b57c5035bed6429eb24bf3c5b5ba/execute/sync'
20:24:25.640 [Forwarding isElementDisplayed on session 96c9b57c5035bed6429eb24bf3c5b5ba to remote] DEBUG org.asynchttpclient.netty.request.NettyRequestSender - Using open Channel [id: 0x30865f26, L:/127.0.0.1:62971 - R:localhost/127.0.0.1:49281] for POST '/session/96c9b57c5035bed6429eb24bf3c5b5ba/execute/sync'
20:24:25.654 [AsyncHttpClient-1-7] DEBUG org.asynchttpclient.netty.handler.HttpHandler - 

Request DefaultHttpRequest(decodeResult: success, version: HTTP/1.1)
POST /session/96c9b57c5035bed6429eb24bf3c5b5ba/execute/sync HTTP/1.1
User-Agent: selenium/4.1.2 (java windows)
Content-Length: 48780
Content-Type: application/json; charset=utf-8
host: localhost:49281
accept: */*

Response DefaultHttpResponse(decodeResult: success, version: HTTP/1.1)
HTTP/1.1 200 OK
Content-Type: application/json; charset=utf-8
cache-control: no-cache
content-length: 14

20:24:25.654 [AsyncHttpClient-1-7] DEBUG org.asynchttpclient.netty.channel.ChannelManager - Adding key: http://localhost:49281 for channel [id: 0x30865f26, L:/127.0.0.1:62971 - R:localhost/127.0.0.1:49281]
  &amp#27;[32mAnd &amp#27;[0m&amp#27;[32mText qty has change&amp#27;[0m           &amp#27;[90m# starter.stepdefinitions.OrderStep.textQtyHasChange()&amp#27;[0m
20:24:25.667 [Forwarding findElement on session 96c9b57c5035bed6429eb24bf3c5b5ba to remote] DEBUG org.asynchttpclient.netty.request.NettyRequestSender - Using pooled Channel '[id: 0x30865f26, L:/127.0.0.1:62971 - R:localhost/127.0.0.1:49281]' for 'POST' to 'http://localhost:49281/session/96c9b57c5035bed6429eb24bf3c5b5ba/element'
20:24:25.667 [Forwarding findElement on session 96c9b57c5035bed6429eb24bf3c5b5ba to remote] DEBUG org.asynchttpclient.netty.request.NettyRequestSender - Using open Channel [id: 0x30865f26, L:/127.0.0.1:62971 - R:localhost/127.0.0.1:49281] for POST '/session/96c9b57c5035bed6429eb24bf3c5b5ba/element'
20:24:25.678 [AsyncHttpClient-1-7] DEBUG org.asynchttpclient.netty.handler.HttpHandler - 

Request DefaultHttpRequest(decodeResult: success, version: HTTP/1.1)
POST /session/96c9b57c5035bed6429eb24bf3c5b5ba/element HTTP/1.1
User-Agent: selenium/4.1.2 (java windows)
Content-Length: 59
Content-Type: application/json; charset=utf-8
host: localhost:49281
accept: */*

Response DefaultHttpResponse(decodeResult: success, version: HTTP/1.1)
HTTP/1.1 200 OK
Content-Type: application/json; charset=utf-8
cache-control: no-cache
content-length: 88

20:24:25.678 [AsyncHttpClient-1-7] DEBUG org.asynchttpclient.netty.channel.ChannelManager - Adding key: http://localhost:49281 for channel [id: 0x30865f26, L:/127.0.0.1:62971 - R:localhost/127.0.0.1:49281]
20:24:25.680 [Forwarding getElementTagName on session 96c9b57c5035bed6429eb24bf3c5b5ba to remote] DEBUG org.asynchttpclient.netty.request.NettyRequestSender - Using pooled Channel '[id: 0x30865f26, L:/127.0.0.1:62971 - R:localhost/127.0.0.1:49281]' for 'GET' to 'http://localhost:49281/session/96c9b57c5035bed6429eb24bf3c5b5ba/element/d4f7df51-22ba-4bfd-a305-39f30522a792/name'
20:24:25.680 [Forwarding getElementTagName on session 96c9b57c5035bed6429eb24bf3c5b5ba to remote] DEBUG org.asynchttpclient.netty.request.NettyRequestSender - Using open Channel [id: 0x30865f26, L:/127.0.0.1:62971 - R:localhost/127.0.0.1:49281] for GET '/session/96c9b57c5035bed6429eb24bf3c5b5ba/element/d4f7df51-22ba-4bfd-a305-39f30522a792/name'
20:24:25.684 [AsyncHttpClient-1-7] DEBUG org.asynchttpclient.netty.handler.HttpHandler - 

Request DefaultFullHttpRequest(decodeResult: success, version: HTTP/1.1, content: EmptyByteBufBE)
GET /session/96c9b57c5035bed6429eb24bf3c5b5ba/element/d4f7df51-22ba-4bfd-a305-39f30522a792/name HTTP/1.1
User-Agent: selenium/4.1.2 (java windows)
Cache-Control: no-cache
Content-Type: application/json; charset=utf-8
host: localhost:49281
accept: */*

Response DefaultHttpResponse(decodeResult: success, version: HTTP/1.1)
HTTP/1.1 200 OK
Content-Type: application/json; charset=utf-8
cache-control: no-cache
content-length: 18

20:24:25.684 [AsyncHttpClient-1-7] DEBUG org.asynchttpclient.netty.channel.ChannelManager - Adding key: http://localhost:49281 for channel [id: 0x30865f26, L:/127.0.0.1:62971 - R:localhost/127.0.0.1:49281]
20:24:25.685 [Forwarding getElementTagName on session 96c9b57c5035bed6429eb24bf3c5b5ba to remote] DEBUG org.asynchttpclient.netty.request.NettyRequestSender - Using pooled Channel '[id: 0x30865f26, L:/127.0.0.1:62971 - R:localhost/127.0.0.1:49281]' for 'GET' to 'http://localhost:49281/session/96c9b57c5035bed6429eb24bf3c5b5ba/element/d4f7df51-22ba-4bfd-a305-39f30522a792/name'
20:24:25.685 [Forwarding getElementTagName on session 96c9b57c5035bed6429eb24bf3c5b5ba to remote] DEBUG org.asynchttpclient.netty.request.NettyRequestSender - Using open Channel [id: 0x30865f26, L:/127.0.0.1:62971 - R:localhost/127.0.0.1:49281] for GET '/session/96c9b57c5035bed6429eb24bf3c5b5ba/element/d4f7df51-22ba-4bfd-a305-39f30522a792/name'
20:24:25.689 [AsyncHttpClient-1-7] DEBUG org.asynchttpclient.netty.handler.HttpHandler - 

Request DefaultFullHttpRequest(decodeResult: success, version: HTTP/1.1, content: EmptyByteBufBE)
GET /session/96c9b57c5035bed6429eb24bf3c5b5ba/element/d4f7df51-22ba-4bfd-a305-39f30522a792/name HTTP/1.1
User-Agent: selenium/4.1.2 (java windows)
Cache-Control: no-cache
Content-Type: application/json; charset=utf-8
host: localhost:49281
accept: */*

Response DefaultHttpResponse(decodeResult: success, version: HTTP/1.1)
HTTP/1.1 200 OK
Content-Type: application/json; charset=utf-8
cache-control: no-cache
content-length: 18

20:24:25.689 [AsyncHttpClient-1-7] DEBUG org.asynchttpclient.netty.channel.ChannelManager - Adding key: http://localhost:49281 for channel [id: 0x30865f26, L:/127.0.0.1:62971 - R:localhost/127.0.0.1:49281]
20:24:25.691 [Forwarding isElementEnabled on session 96c9b57c5035bed6429eb24bf3c5b5ba to remote] DEBUG org.asynchttpclient.netty.request.NettyRequestSender - Using pooled Channel '[id: 0x30865f26, L:/127.0.0.1:62971 - R:localhost/127.0.0.1:49281]' for 'GET' to 'http://localhost:49281/session/96c9b57c5035bed6429eb24bf3c5b5ba/element/d4f7df51-22ba-4bfd-a305-39f30522a792/enabled'
20:24:25.691 [Forwarding isElementEnabled on session 96c9b57c5035bed6429eb24bf3c5b5ba to remote] DEBUG org.asynchttpclient.netty.request.NettyRequestSender - Using open Channel [id: 0x30865f26, L:/127.0.0.1:62971 - R:localhost/127.0.0.1:49281] for GET '/session/96c9b57c5035bed6429eb24bf3c5b5ba/element/d4f7df51-22ba-4bfd-a305-39f30522a792/enabled'
20:24:25.700 [AsyncHttpClient-1-7] DEBUG org.asynchttpclient.netty.handler.HttpHandler - 

Request DefaultFullHttpRequest(decodeResult: success, version: HTTP/1.1, content: EmptyByteBufBE)
GET /session/96c9b57c5035bed6429eb24bf3c5b5ba/element/d4f7df51-22ba-4bfd-a305-39f30522a792/enabled HTTP/1.1
User-Agent: selenium/4.1.2 (java windows)
Cache-Control: no-cache
Content-Type: application/json; charset=utf-8
host: localhost:49281
accept: */*

Response DefaultHttpResponse(decodeResult: success, version: HTTP/1.1)
HTTP/1.1 200 OK
Content-Type: application/json; charset=utf-8
cache-control: no-cache
content-length: 14

20:24:25.700 [AsyncHttpClient-1-7] DEBUG org.asynchttpclient.netty.channel.ChannelManager - Adding key: http://localhost:49281 for channel [id: 0x30865f26, L:/127.0.0.1:62971 - R:localhost/127.0.0.1:49281]
20:24:25.701 [Forwarding isElementEnabled on session 96c9b57c5035bed6429eb24bf3c5b5ba to remote] DEBUG org.asynchttpclient.netty.request.NettyRequestSender - Using pooled Channel '[id: 0x30865f26, L:/127.0.0.1:62971 - R:localhost/127.0.0.1:49281]' for 'GET' to 'http://localhost:49281/session/96c9b57c5035bed6429eb24bf3c5b5ba/element/d4f7df51-22ba-4bfd-a305-39f30522a792/enabled'
20:24:25.701 [Forwarding isElementEnabled on session 96c9b57c5035bed6429eb24bf3c5b5ba to remote] DEBUG org.asynchttpclient.netty.request.NettyRequestSender - Using open Channel [id: 0x30865f26, L:/127.0.0.1:62971 - R:localhost/127.0.0.1:49281] for GET '/session/96c9b57c5035bed6429eb24bf3c5b5ba/element/d4f7df51-22ba-4bfd-a305-39f30522a792/enabled'
20:24:25.707 [AsyncHttpClient-1-7] DEBUG org.asynchttpclient.netty.handler.HttpHandler - 

Request DefaultFullHttpRequest(decodeResult: success, version: HTTP/1.1, content: EmptyByteBufBE)
GET /session/96c9b57c5035bed6429eb24bf3c5b5ba/element/d4f7df51-22ba-4bfd-a305-39f30522a792/enabled HTTP/1.1
User-Agent: selenium/4.1.2 (java windows)
Cache-Control: no-cache
Content-Type: application/json; charset=utf-8
host: localhost:49281
accept: */*

Response DefaultHttpResponse(decodeResult: success, version: HTTP/1.1)
HTTP/1.1 200 OK
Content-Type: application/json; charset=utf-8
cache-control: no-cache
content-length: 14

20:24:25.707 [AsyncHttpClient-1-7] DEBUG org.asynchttpclient.netty.channel.ChannelManager - Adding key: http://localhost:49281 for channel [id: 0x30865f26, L:/127.0.0.1:62971 - R:localhost/127.0.0.1:49281]
20:24:25.709 [Forwarding findElement on session 96c9b57c5035bed6429eb24bf3c5b5ba to remote] DEBUG org.asynchttpclient.netty.request.NettyRequestSender - Using pooled Channel '[id: 0x30865f26, L:/127.0.0.1:62971 - R:localhost/127.0.0.1:49281]' for 'POST' to 'http://localhost:49281/session/96c9b57c5035bed6429eb24bf3c5b5ba/element'
20:24:25.709 [Forwarding findElement on session 96c9b57c5035bed6429eb24bf3c5b5ba to remote] DEBUG org.asynchttpclient.netty.request.NettyRequestSender - Using open Channel [id: 0x30865f26, L:/127.0.0.1:62971 - R:localhost/127.0.0.1:49281] for POST '/session/96c9b57c5035bed6429eb24bf3c5b5ba/element'
20:24:25.717 [AsyncHttpClient-1-7] DEBUG org.asynchttpclient.netty.handler.HttpHandler - 

Request DefaultHttpRequest(decodeResult: success, version: HTTP/1.1)
POST /session/96c9b57c5035bed6429eb24bf3c5b5ba/element HTTP/1.1
User-Agent: selenium/4.1.2 (java windows)
Content-Length: 59
Content-Type: application/json; charset=utf-8
host: localhost:49281
accept: */*

Response DefaultHttpResponse(decodeResult: success, version: HTTP/1.1)
HTTP/1.1 200 OK
Content-Type: application/json; charset=utf-8
cache-control: no-cache
content-length: 88

20:24:25.717 [AsyncHttpClient-1-7] DEBUG org.asynchttpclient.netty.channel.ChannelManager - Adding key: http://localhost:49281 for channel [id: 0x30865f26, L:/127.0.0.1:62971 - R:localhost/127.0.0.1:49281]
20:24:25.718 [Forwarding clickElement on session 96c9b57c5035bed6429eb24bf3c5b5ba to remote] DEBUG org.asynchttpclient.netty.request.NettyRequestSender - Using pooled Channel '[id: 0x30865f26, L:/127.0.0.1:62971 - R:localhost/127.0.0.1:49281]' for 'POST' to 'http://localhost:49281/session/96c9b57c5035bed6429eb24bf3c5b5ba/element/d4f7df51-22ba-4bfd-a305-39f30522a792/click'
20:24:25.718 [Forwarding clickElement on session 96c9b57c5035bed6429eb24bf3c5b5ba to remote] DEBUG org.asynchttpclient.netty.request.NettyRequestSender - Using open Channel [id: 0x30865f26, L:/127.0.0.1:62971 - R:localhost/127.0.0.1:49281] for POST '/session/96c9b57c5035bed6429eb24bf3c5b5ba/element/d4f7df51-22ba-4bfd-a305-39f30522a792/click'
20:24:25.758 [AsyncHttpClient-1-7] DEBUG org.asynchttpclient.netty.handler.HttpHandler - 

Request DefaultHttpRequest(decodeResult: success, version: HTTP/1.1)
POST /session/96c9b57c5035bed6429eb24bf3c5b5ba/element/d4f7df51-22ba-4bfd-a305-39f30522a792/click HTTP/1.1
User-Agent: selenium/4.1.2 (java windows)
Content-Length: 50
Content-Type: application/json; charset=utf-8
host: localhost:49281
accept: */*

Response DefaultHttpResponse(decodeResult: success, version: HTTP/1.1)
HTTP/1.1 200 OK
Content-Type: application/json; charset=utf-8
cache-control: no-cache
content-length: 14

20:24:25.758 [AsyncHttpClient-1-7] DEBUG org.asynchttpclient.netty.channel.ChannelManager - Adding key: http://localhost:49281 for channel [id: 0x30865f26, L:/127.0.0.1:62971 - R:localhost/127.0.0.1:49281]
20:24:25.781 [Forwarding screenshot on session 96c9b57c5035bed6429eb24bf3c5b5ba to remote] DEBUG org.asynchttpclient.netty.request.NettyRequestSender - Using pooled Channel '[id: 0x30865f26, L:/127.0.0.1:62971 - R:localhost/127.0.0.1:49281]' for 'GET' to 'http://localhost:49281/session/96c9b57c5035bed6429eb24bf3c5b5ba/screenshot'
20:24:25.781 [Forwarding screenshot on session 96c9b57c5035bed6429eb24bf3c5b5ba to remote] DEBUG org.asynchttpclient.netty.request.NettyRequestSender - Using open Channel [id: 0x30865f26, L:/127.0.0.1:62971 - R:localhost/127.0.0.1:49281] for GET '/session/96c9b57c5035bed6429eb24bf3c5b5ba/screenshot'
20:24:25.922 [AsyncHttpClient-1-7] DEBUG org.asynchttpclient.netty.handler.HttpHandler - 

Request DefaultFullHttpRequest(decodeResult: success, version: HTTP/1.1, content: EmptyByteBufBE)
GET /session/96c9b57c5035bed6429eb24bf3c5b5ba/screenshot HTTP/1.1
User-Agent: selenium/4.1.2 (java windows)
Cache-Control: no-cache
Content-Type: application/json; charset=utf-8
host: localhost:49281
accept: */*

Response DefaultHttpResponse(decodeResult: success, version: HTTP/1.1)
HTTP/1.1 200 OK
Content-Type: application/json; charset=utf-8
cache-control: no-cache
content-length: 24884

20:24:25.923 [AsyncHttpClient-1-7] DEBUG org.asynchttpclient.netty.channel.ChannelManager - Adding key: http://localhost:49281 for channel [id: 0x30865f26, L:/127.0.0.1:62971 - R:localhost/127.0.0.1:49281]
20:24:25.924 [main] DEBUG net.serenitybdd.core.photography.Darkroom - Send negative for processing for target\site\serenity\78648ce7445b9226fab94dc126049d32cfbe45d7cc0e249790210bd23f7d45b7.png
20:24:25.924 [Darkroom Processing Line] DEBUG net.serenitybdd.core.photography.DarkroomProcessingLine - Processing screenshot image in /var/screenshots/screenshot-14931617996877833375
20:24:25.924 [Darkroom Processing Line] DEBUG net.serenitybdd.core.photography.DarkroomProcessingLine - Saving screenshot to target\site\serenity\78648ce7445b9226fab94dc126049d32cfbe45d7cc0e249790210bd23f7d45b7.png
20:24:25.926 [main] DEBUG net.thucydides.core.steps.StepInterceptor - STARTING STEP: OrderStep.iClickButtonCheckoutOrder - iWillLogin
20:24:25.927 [Forwarding get on session 96c9b57c5035bed6429eb24bf3c5b5ba to remote] DEBUG org.asynchttpclient.netty.request.NettyRequestSender - Using pooled Channel '[id: 0x30865f26, L:/127.0.0.1:62971 - R:localhost/127.0.0.1:49281]' for 'POST' to 'http://localhost:49281/session/96c9b57c5035bed6429eb24bf3c5b5ba/url'
20:24:25.927 [Forwarding get on session 96c9b57c5035bed6429eb24bf3c5b5ba to remote] DEBUG org.asynchttpclient.netty.request.NettyRequestSender - Using open Channel [id: 0x30865f26, L:/127.0.0.1:62971 - R:localhost/127.0.0.1:49281] for POST '/session/96c9b57c5035bed6429eb24bf3c5b5ba/url'
20:24:26.112 [AsyncHttpClient-1-7] DEBUG org.asynchttpclient.netty.handler.HttpHandler - 

Request DefaultHttpRequest(decodeResult: success, version: HTTP/1.1)
POST /session/96c9b57c5035bed6429eb24bf3c5b5ba/url HTTP/1.1
User-Agent: selenium/4.1.2 (java windows)
Content-Length: 74
Content-Type: application/json; charset=utf-8
host: localhost:49281
accept: */*

Response DefaultHttpResponse(decodeResult: success, version: HTTP/1.1)
HTTP/1.1 200 OK
Content-Type: application/json; charset=utf-8
cache-control: no-cache
content-length: 14

20:24:26.113 [AsyncHttpClient-1-7] DEBUG org.asynchttpclient.netty.channel.ChannelManager - Adding key: http://localhost:49281 for channel [id: 0x30865f26, L:/127.0.0.1:62971 - R:localhost/127.0.0.1:49281]
20:24:26.117 [Forwarding getCurrentUrl on session 96c9b57c5035bed6429eb24bf3c5b5ba to remote] DEBUG org.asynchttpclient.netty.request.NettyRequestSender - Using pooled Channel '[id: 0x30865f26, L:/127.0.0.1:62971 - R:localhost/127.0.0.1:49281]' for 'GET' to 'http://localhost:49281/session/96c9b57c5035bed6429eb24bf3c5b5ba/url'
20:24:26.117 [Forwarding getCurrentUrl on session 96c9b57c5035bed6429eb24bf3c5b5ba to remote] DEBUG org.asynchttpclient.netty.request.NettyRequestSender - Using open Channel [id: 0x30865f26, L:/127.0.0.1:62971 - R:localhost/127.0.0.1:49281] for GET '/session/96c9b57c5035bed6429eb24bf3c5b5ba/url'
20:24:26.120 [AsyncHttpClient-1-7] DEBUG org.asynchttpclient.netty.handler.HttpHandler - 

Request DefaultFullHttpRequest(decodeResult: success, version: HTTP/1.1, content: EmptyByteBufBE)
GET /session/96c9b57c5035bed6429eb24bf3c5b5ba/url HTTP/1.1
User-Agent: selenium/4.1.2 (java windows)
Cache-Control: no-cache
Content-Type: application/json; charset=utf-8
host: localhost:49281
accept: */*

Response DefaultHttpResponse(decodeResult: success, version: HTTP/1.1)
HTTP/1.1 200 OK
Content-Type: application/json; charset=utf-8
cache-control: no-cache
content-length: 51

20:24:26.120 [AsyncHttpClient-1-7] DEBUG org.asynchttpclient.netty.channel.ChannelManager - Adding key: http://localhost:49281 for channel [id: 0x30865f26, L:/127.0.0.1:62971 - R:localhost/127.0.0.1:49281]
20:24:26.124 [Forwarding findElement on session 96c9b57c5035bed6429eb24bf3c5b5ba to remote] DEBUG org.asynchttpclient.netty.request.NettyRequestSender - Using pooled Channel '[id: 0x30865f26, L:/127.0.0.1:62971 - R:localhost/127.0.0.1:49281]' for 'POST' to 'http://localhost:49281/session/96c9b57c5035bed6429eb24bf3c5b5ba/element'
20:24:26.124 [Forwarding findElement on session 96c9b57c5035bed6429eb24bf3c5b5ba to remote] DEBUG org.asynchttpclient.netty.request.NettyRequestSender - Using open Channel [id: 0x30865f26, L:/127.0.0.1:62971 - R:localhost/127.0.0.1:49281] for POST '/session/96c9b57c5035bed6429eb24bf3c5b5ba/element'
20:24:26.136 [AsyncHttpClient-1-7] DEBUG org.asynchttpclient.netty.handler.HttpHandler - 

Request DefaultHttpRequest(decodeResult: success, version: HTTP/1.1)
POST /session/96c9b57c5035bed6429eb24bf3c5b5ba/element HTTP/1.1
User-Agent: selenium/4.1.2 (java windows)
Content-Length: 55
Content-Type: application/json; charset=utf-8
host: localhost:49281
accept: */*

Response DefaultHttpResponse(decodeResult: success, version: HTTP/1.1)
HTTP/1.1 200 OK
Content-Type: application/json; charset=utf-8
cache-control: no-cache
content-length: 88

20:24:26.136 [AsyncHttpClient-1-7] DEBUG org.asynchttpclient.netty.channel.ChannelManager - Adding key: http://localhost:49281 for channel [id: 0x30865f26, L:/127.0.0.1:62971 - R:localhost/127.0.0.1:49281]
20:24:26.137 [Forwarding clearElement on session 96c9b57c5035bed6429eb24bf3c5b5ba to remote] DEBUG org.asynchttpclient.netty.request.NettyRequestSender - Using pooled Channel '[id: 0x30865f26, L:/127.0.0.1:62971 - R:localhost/127.0.0.1:49281]' for 'POST' to 'http://localhost:49281/session/96c9b57c5035bed6429eb24bf3c5b5ba/element/1d83bdbf-d13a-4ce0-8a6e-41eeba95be24/clear'
20:24:26.137 [Forwarding clearElement on session 96c9b57c5035bed6429eb24bf3c5b5ba to remote] DEBUG org.asynchttpclient.netty.request.NettyRequestSender - Using open Channel [id: 0x30865f26, L:/127.0.0.1:62971 - R:localhost/127.0.0.1:49281] for POST '/session/96c9b57c5035bed6429eb24bf3c5b5ba/element/1d83bdbf-d13a-4ce0-8a6e-41eeba95be24/clear'
20:24:26.167 [AsyncHttpClient-1-7] DEBUG org.asynchttpclient.netty.handler.HttpHandler - 

Request DefaultHttpRequest(decodeResult: success, version: HTTP/1.1)
POST /session/96c9b57c5035bed6429eb24bf3c5b5ba/element/1d83bdbf-d13a-4ce0-8a6e-41eeba95be24/clear HTTP/1.1
User-Agent: selenium/4.1.2 (java windows)
Content-Length: 50
Content-Type: application/json; charset=utf-8
host: localhost:49281
accept: */*

Response DefaultHttpResponse(decodeResult: success, version: HTTP/1.1)
HTTP/1.1 200 OK
Content-Type: application/json; charset=utf-8
cache-control: no-cache
content-length: 14

20:24:26.168 [AsyncHttpClient-1-7] DEBUG org.asynchttpclient.netty.channel.ChannelManager - Adding key: http://localhost:49281 for channel [id: 0x30865f26, L:/127.0.0.1:62971 - R:localhost/127.0.0.1:49281]
20:24:26.170 [Forwarding sendKeysToElement on session 96c9b57c5035bed6429eb24bf3c5b5ba to remote] DEBUG org.asynchttpclient.netty.request.NettyRequestSender - Using pooled Channel '[id: 0x30865f26, L:/127.0.0.1:62971 - R:localhost/127.0.0.1:49281]' for 'POST' to 'http://localhost:49281/session/96c9b57c5035bed6429eb24bf3c5b5ba/element/1d83bdbf-d13a-4ce0-8a6e-41eeba95be24/value'
20:24:26.170 [Forwarding sendKeysToElement on session 96c9b57c5035bed6429eb24bf3c5b5ba to remote] DEBUG org.asynchttpclient.netty.request.NettyRequestSender - Using open Channel [id: 0x30865f26, L:/127.0.0.1:62971 - R:localhost/127.0.0.1:49281] for POST '/session/96c9b57c5035bed6429eb24bf3c5b5ba/element/1d83bdbf-d13a-4ce0-8a6e-41eeba95be24/value'
20:24:26.275 [AsyncHttpClient-1-7] DEBUG org.asynchttpclient.netty.handler.HttpHandler - 

Request DefaultHttpRequest(decodeResult: success, version: HTTP/1.1)
POST /session/96c9b57c5035bed6429eb24bf3c5b5ba/element/1d83bdbf-d13a-4ce0-8a6e-41eeba95be24/value HTTP/1.1
User-Agent: selenium/4.1.2 (java windows)
Content-Length: 241
Content-Type: application/json; charset=utf-8
host: localhost:49281
accept: */*

Response DefaultHttpResponse(decodeResult: success, version: HTTP/1.1)
HTTP/1.1 200 OK
Content-Type: application/json; charset=utf-8
cache-control: no-cache
content-length: 14

20:24:26.275 [AsyncHttpClient-1-7] DEBUG org.asynchttpclient.netty.channel.ChannelManager - Adding key: http://localhost:49281 for channel [id: 0x30865f26, L:/127.0.0.1:62971 - R:localhost/127.0.0.1:49281]
20:24:26.285 [Forwarding findElement on session 96c9b57c5035bed6429eb24bf3c5b5ba to remote] DEBUG org.asynchttpclient.netty.request.NettyRequestSender - Using pooled Channel '[id: 0x30865f26, L:/127.0.0.1:62971 - R:localhost/127.0.0.1:49281]' for 'POST' to 'http://localhost:49281/session/96c9b57c5035bed6429eb24bf3c5b5ba/element'
20:24:26.285 [Forwarding findElement on session 96c9b57c5035bed6429eb24bf3c5b5ba to remote] DEBUG org.asynchttpclient.netty.request.NettyRequestSender - Using open Channel [id: 0x30865f26, L:/127.0.0.1:62971 - R:localhost/127.0.0.1:49281] for POST '/session/96c9b57c5035bed6429eb24bf3c5b5ba/element'
20:24:26.298 [AsyncHttpClient-1-7] DEBUG org.asynchttpclient.netty.handler.HttpHandler - 

Request DefaultHttpRequest(decodeResult: success, version: HTTP/1.1)
POST /session/96c9b57c5035bed6429eb24bf3c5b5ba/element HTTP/1.1
User-Agent: selenium/4.1.2 (java windows)
Content-Length: 55
Content-Type: application/json; charset=utf-8
host: localhost:49281
accept: */*

Response DefaultHttpResponse(decodeResult: success, version: HTTP/1.1)
HTTP/1.1 200 OK
Content-Type: application/json; charset=utf-8
cache-control: no-cache
content-length: 88

20:24:26.298 [AsyncHttpClient-1-7] DEBUG org.asynchttpclient.netty.channel.ChannelManager - Adding key: http://localhost:49281 for channel [id: 0x30865f26, L:/127.0.0.1:62971 - R:localhost/127.0.0.1:49281]
20:24:26.300 [Forwarding clearElement on session 96c9b57c5035bed6429eb24bf3c5b5ba to remote] DEBUG org.asynchttpclient.netty.request.NettyRequestSender - Using pooled Channel '[id: 0x30865f26, L:/127.0.0.1:62971 - R:localhost/127.0.0.1:49281]' for 'POST' to 'http://localhost:49281/session/96c9b57c5035bed6429eb24bf3c5b5ba/element/22a88613-b530-4557-8122-a2d5a5d0e61e/clear'
20:24:26.300 [Forwarding clearElement on session 96c9b57c5035bed6429eb24bf3c5b5ba to remote] DEBUG org.asynchttpclient.netty.request.NettyRequestSender - Using open Channel [id: 0x30865f26, L:/127.0.0.1:62971 - R:localhost/127.0.0.1:49281] for POST '/session/96c9b57c5035bed6429eb24bf3c5b5ba/element/22a88613-b530-4557-8122-a2d5a5d0e61e/clear'
20:24:26.339 [AsyncHttpClient-1-7] DEBUG org.asynchttpclient.netty.handler.HttpHandler - 

Request DefaultHttpRequest(decodeResult: success, version: HTTP/1.1)
POST /session/96c9b57c5035bed6429eb24bf3c5b5ba/element/22a88613-b530-4557-8122-a2d5a5d0e61e/clear HTTP/1.1
User-Agent: selenium/4.1.2 (java windows)
Content-Length: 50
Content-Type: application/json; charset=utf-8
host: localhost:49281
accept: */*

Response DefaultHttpResponse(decodeResult: success, version: HTTP/1.1)
HTTP/1.1 200 OK
Content-Type: application/json; charset=utf-8
cache-control: no-cache
content-length: 14

20:24:26.339 [AsyncHttpClient-1-7] DEBUG org.asynchttpclient.netty.channel.ChannelManager - Adding key: http://localhost:49281 for channel [id: 0x30865f26, L:/127.0.0.1:62971 - R:localhost/127.0.0.1:49281]
20:24:26.343 [Forwarding sendKeysToElement on session 96c9b57c5035bed6429eb24bf3c5b5ba to remote] DEBUG org.asynchttpclient.netty.request.NettyRequestSender - Using pooled Channel '[id: 0x30865f26, L:/127.0.0.1:62971 - R:localhost/127.0.0.1:49281]' for 'POST' to 'http://localhost:49281/session/96c9b57c5035bed6429eb24bf3c5b5ba/element/22a88613-b530-4557-8122-a2d5a5d0e61e/value'
20:24:26.343 [Forwarding sendKeysToElement on session 96c9b57c5035bed6429eb24bf3c5b5ba to remote] DEBUG org.asynchttpclient.netty.request.NettyRequestSender - Using open Channel [id: 0x30865f26, L:/127.0.0.1:62971 - R:localhost/127.0.0.1:49281] for POST '/session/96c9b57c5035bed6429eb24bf3c5b5ba/element/22a88613-b530-4557-8122-a2d5a5d0e61e/value'
20:24:26.407 [AsyncHttpClient-1-7] DEBUG org.asynchttpclient.netty.handler.HttpHandler - 

Request DefaultHttpRequest(decodeResult: success, version: HTTP/1.1)
POST /session/96c9b57c5035bed6429eb24bf3c5b5ba/element/22a88613-b530-4557-8122-a2d5a5d0e61e/value HTTP/1.1
User-Agent: selenium/4.1.2 (java windows)
Content-Length: 141
Content-Type: application/json; charset=utf-8
host: localhost:49281
accept: */*

Response DefaultHttpResponse(decodeResult: success, version: HTTP/1.1)
HTTP/1.1 200 OK
Content-Type: application/json; charset=utf-8
cache-control: no-cache
content-length: 14

20:24:26.407 [AsyncHttpClient-1-7] DEBUG org.asynchttpclient.netty.channel.ChannelManager - Adding key: http://localhost:49281 for channel [id: 0x30865f26, L:/127.0.0.1:62971 - R:localhost/127.0.0.1:49281]
20:24:26.413 [Forwarding findElement on session 96c9b57c5035bed6429eb24bf3c5b5ba to remote] DEBUG org.asynchttpclient.netty.request.NettyRequestSender - Using pooled Channel '[id: 0x30865f26, L:/127.0.0.1:62971 - R:localhost/127.0.0.1:49281]' for 'POST' to 'http://localhost:49281/session/96c9b57c5035bed6429eb24bf3c5b5ba/element'
20:24:26.413 [Forwarding findElement on session 96c9b57c5035bed6429eb24bf3c5b5ba to remote] DEBUG org.asynchttpclient.netty.request.NettyRequestSender - Using open Channel [id: 0x30865f26, L:/127.0.0.1:62971 - R:localhost/127.0.0.1:49281] for POST '/session/96c9b57c5035bed6429eb24bf3c5b5ba/element'
20:24:26.424 [AsyncHttpClient-1-7] DEBUG org.asynchttpclient.netty.handler.HttpHandler - 

Request DefaultHttpRequest(decodeResult: success, version: HTTP/1.1)
POST /session/96c9b57c5035bed6429eb24bf3c5b5ba/element HTTP/1.1
User-Agent: selenium/4.1.2 (java windows)
Content-Length: 143
Content-Type: application/json; charset=utf-8
host: localhost:49281
accept: */*

Response DefaultHttpResponse(decodeResult: success, version: HTTP/1.1)
HTTP/1.1 200 OK
Content-Type: application/json; charset=utf-8
cache-control: no-cache
content-length: 88

20:24:26.424 [AsyncHttpClient-1-7] DEBUG org.asynchttpclient.netty.channel.ChannelManager - Adding key: http://localhost:49281 for channel [id: 0x30865f26, L:/127.0.0.1:62971 - R:localhost/127.0.0.1:49281]
20:24:26.426 [Forwarding getElementTagName on session 96c9b57c5035bed6429eb24bf3c5b5ba to remote] DEBUG org.asynchttpclient.netty.request.NettyRequestSender - Using pooled Channel '[id: 0x30865f26, L:/127.0.0.1:62971 - R:localhost/127.0.0.1:49281]' for 'GET' to 'http://localhost:49281/session/96c9b57c5035bed6429eb24bf3c5b5ba/element/7988b4b1-c939-48a8-a04f-03dfa803c8ec/name'
20:24:26.426 [Forwarding getElementTagName on session 96c9b57c5035bed6429eb24bf3c5b5ba to remote] DEBUG org.asynchttpclient.netty.request.NettyRequestSender - Using open Channel [id: 0x30865f26, L:/127.0.0.1:62971 - R:localhost/127.0.0.1:49281] for GET '/session/96c9b57c5035bed6429eb24bf3c5b5ba/element/7988b4b1-c939-48a8-a04f-03dfa803c8ec/name'
20:24:26.431 [AsyncHttpClient-1-7] DEBUG org.asynchttpclient.netty.handler.HttpHandler - 

Request DefaultFullHttpRequest(decodeResult: success, version: HTTP/1.1, content: EmptyByteBufBE)
GET /session/96c9b57c5035bed6429eb24bf3c5b5ba/element/7988b4b1-c939-48a8-a04f-03dfa803c8ec/name HTTP/1.1
User-Agent: selenium/4.1.2 (java windows)
Cache-Control: no-cache
Content-Type: application/json; charset=utf-8
host: localhost:49281
accept: */*

Response DefaultHttpResponse(decodeResult: success, version: HTTP/1.1)
HTTP/1.1 200 OK
Content-Type: application/json; charset=utf-8
cache-control: no-cache
content-length: 18

20:24:26.431 [AsyncHttpClient-1-7] DEBUG org.asynchttpclient.netty.channel.ChannelManager - Adding key: http://localhost:49281 for channel [id: 0x30865f26, L:/127.0.0.1:62971 - R:localhost/127.0.0.1:49281]
20:24:26.433 [Forwarding getElementTagName on session 96c9b57c5035bed6429eb24bf3c5b5ba to remote] DEBUG org.asynchttpclient.netty.request.NettyRequestSender - Using pooled Channel '[id: 0x30865f26, L:/127.0.0.1:62971 - R:localhost/127.0.0.1:49281]' for 'GET' to 'http://localhost:49281/session/96c9b57c5035bed6429eb24bf3c5b5ba/element/7988b4b1-c939-48a8-a04f-03dfa803c8ec/name'
20:24:26.433 [Forwarding getElementTagName on session 96c9b57c5035bed6429eb24bf3c5b5ba to remote] DEBUG org.asynchttpclient.netty.request.NettyRequestSender - Using open Channel [id: 0x30865f26, L:/127.0.0.1:62971 - R:localhost/127.0.0.1:49281] for GET '/session/96c9b57c5035bed6429eb24bf3c5b5ba/element/7988b4b1-c939-48a8-a04f-03dfa803c8ec/name'
20:24:26.437 [AsyncHttpClient-1-7] DEBUG org.asynchttpclient.netty.handler.HttpHandler - 

Request DefaultFullHttpRequest(decodeResult: success, version: HTTP/1.1, content: EmptyByteBufBE)
GET /session/96c9b57c5035bed6429eb24bf3c5b5ba/element/7988b4b1-c939-48a8-a04f-03dfa803c8ec/name HTTP/1.1
User-Agent: selenium/4.1.2 (java windows)
Cache-Control: no-cache
Content-Type: application/json; charset=utf-8
host: localhost:49281
accept: */*

Response DefaultHttpResponse(decodeResult: success, version: HTTP/1.1)
HTTP/1.1 200 OK
Content-Type: application/json; charset=utf-8
cache-control: no-cache
content-length: 18

20:24:26.437 [AsyncHttpClient-1-7] DEBUG org.asynchttpclient.netty.channel.ChannelManager - Adding key: http://localhost:49281 for channel [id: 0x30865f26, L:/127.0.0.1:62971 - R:localhost/127.0.0.1:49281]
20:24:26.439 [Forwarding isElementEnabled on session 96c9b57c5035bed6429eb24bf3c5b5ba to remote] DEBUG org.asynchttpclient.netty.request.NettyRequestSender - Using pooled Channel '[id: 0x30865f26, L:/127.0.0.1:62971 - R:localhost/127.0.0.1:49281]' for 'GET' to 'http://localhost:49281/session/96c9b57c5035bed6429eb24bf3c5b5ba/element/7988b4b1-c939-48a8-a04f-03dfa803c8ec/enabled'
20:24:26.439 [Forwarding isElementEnabled on session 96c9b57c5035bed6429eb24bf3c5b5ba to remote] DEBUG org.asynchttpclient.netty.request.NettyRequestSender - Using open Channel [id: 0x30865f26, L:/127.0.0.1:62971 - R:localhost/127.0.0.1:49281] for GET '/session/96c9b57c5035bed6429eb24bf3c5b5ba/element/7988b4b1-c939-48a8-a04f-03dfa803c8ec/enabled'
20:24:26.449 [AsyncHttpClient-1-7] DEBUG org.asynchttpclient.netty.handler.HttpHandler - 

Request DefaultFullHttpRequest(decodeResult: success, version: HTTP/1.1, content: EmptyByteBufBE)
GET /session/96c9b57c5035bed6429eb24bf3c5b5ba/element/7988b4b1-c939-48a8-a04f-03dfa803c8ec/enabled HTTP/1.1
User-Agent: selenium/4.1.2 (java windows)
Cache-Control: no-cache
Content-Type: application/json; charset=utf-8
host: localhost:49281
accept: */*

Response DefaultHttpResponse(decodeResult: success, version: HTTP/1.1)
HTTP/1.1 200 OK
Content-Type: application/json; charset=utf-8
cache-control: no-cache
content-length: 14

20:24:26.449 [AsyncHttpClient-1-7] DEBUG org.asynchttpclient.netty.channel.ChannelManager - Adding key: http://localhost:49281 for channel [id: 0x30865f26, L:/127.0.0.1:62971 - R:localhost/127.0.0.1:49281]
20:24:26.452 [Forwarding isElementEnabled on session 96c9b57c5035bed6429eb24bf3c5b5ba to remote] DEBUG org.asynchttpclient.netty.request.NettyRequestSender - Using pooled Channel '[id: 0x30865f26, L:/127.0.0.1:62971 - R:localhost/127.0.0.1:49281]' for 'GET' to 'http://localhost:49281/session/96c9b57c5035bed6429eb24bf3c5b5ba/element/7988b4b1-c939-48a8-a04f-03dfa803c8ec/enabled'
20:24:26.452 [Forwarding isElementEnabled on session 96c9b57c5035bed6429eb24bf3c5b5ba to remote] DEBUG org.asynchttpclient.netty.request.NettyRequestSender - Using open Channel [id: 0x30865f26, L:/127.0.0.1:62971 - R:localhost/127.0.0.1:49281] for GET '/session/96c9b57c5035bed6429eb24bf3c5b5ba/element/7988b4b1-c939-48a8-a04f-03dfa803c8ec/enabled'
20:24:26.456 [AsyncHttpClient-1-7] DEBUG org.asynchttpclient.netty.handler.HttpHandler - 

Request DefaultFullHttpRequest(decodeResult: success, version: HTTP/1.1, content: EmptyByteBufBE)
GET /session/96c9b57c5035bed6429eb24bf3c5b5ba/element/7988b4b1-c939-48a8-a04f-03dfa803c8ec/enabled HTTP/1.1
User-Agent: selenium/4.1.2 (java windows)
Cache-Control: no-cache
Content-Type: application/json; charset=utf-8
host: localhost:49281
accept: */*

Response DefaultHttpResponse(decodeResult: success, version: HTTP/1.1)
HTTP/1.1 200 OK
Content-Type: application/json; charset=utf-8
cache-control: no-cache
content-length: 14

20:24:26.457 [AsyncHttpClient-1-7] DEBUG org.asynchttpclient.netty.channel.ChannelManager - Adding key: http://localhost:49281 for channel [id: 0x30865f26, L:/127.0.0.1:62971 - R:localhost/127.0.0.1:49281]
20:24:26.459 [Forwarding findElement on session 96c9b57c5035bed6429eb24bf3c5b5ba to remote] DEBUG org.asynchttpclient.netty.request.NettyRequestSender - Using pooled Channel '[id: 0x30865f26, L:/127.0.0.1:62971 - R:localhost/127.0.0.1:49281]' for 'POST' to 'http://localhost:49281/session/96c9b57c5035bed6429eb24bf3c5b5ba/element'
20:24:26.459 [Forwarding findElement on session 96c9b57c5035bed6429eb24bf3c5b5ba to remote] DEBUG org.asynchttpclient.netty.request.NettyRequestSender - Using open Channel [id: 0x30865f26, L:/127.0.0.1:62971 - R:localhost/127.0.0.1:49281] for POST '/session/96c9b57c5035bed6429eb24bf3c5b5ba/element'
20:24:26.465 [AsyncHttpClient-1-1] DEBUG org.asynchttpclient.netty.channel.DefaultChannelPool - Entry count for : http://localhost:62972 : 1
20:24:26.467 [AsyncHttpClient-1-7] DEBUG org.asynchttpclient.netty.handler.HttpHandler - 

Request DefaultHttpRequest(decodeResult: success, version: HTTP/1.1)
POST /session/96c9b57c5035bed6429eb24bf3c5b5ba/element HTTP/1.1
User-Agent: selenium/4.1.2 (java windows)
Content-Length: 143
Content-Type: application/json; charset=utf-8
host: localhost:49281
accept: */*

Response DefaultHttpResponse(decodeResult: success, version: HTTP/1.1)
HTTP/1.1 200 OK
Content-Type: application/json; charset=utf-8
cache-control: no-cache
content-length: 88

20:24:26.467 [AsyncHttpClient-1-7] DEBUG org.asynchttpclient.netty.channel.ChannelManager - Adding key: http://localhost:49281 for channel [id: 0x30865f26, L:/127.0.0.1:62971 - R:localhost/127.0.0.1:49281]
20:24:26.468 [Forwarding clickElement on session 96c9b57c5035bed6429eb24bf3c5b5ba to remote] DEBUG org.asynchttpclient.netty.request.NettyRequestSender - Using pooled Channel '[id: 0x30865f26, L:/127.0.0.1:62971 - R:localhost/127.0.0.1:49281]' for 'POST' to 'http://localhost:49281/session/96c9b57c5035bed6429eb24bf3c5b5ba/element/7988b4b1-c939-48a8-a04f-03dfa803c8ec/click'
20:24:26.468 [Forwarding clickElement on session 96c9b57c5035bed6429eb24bf3c5b5ba to remote] DEBUG org.asynchttpclient.netty.request.NettyRequestSender - Using open Channel [id: 0x30865f26, L:/127.0.0.1:62971 - R:localhost/127.0.0.1:49281] for POST '/session/96c9b57c5035bed6429eb24bf3c5b5ba/element/7988b4b1-c939-48a8-a04f-03dfa803c8ec/click'
20:24:26.520 [AsyncHttpClient-1-7] DEBUG org.asynchttpclient.netty.handler.HttpHandler - 

Request DefaultHttpRequest(decodeResult: success, version: HTTP/1.1)
POST /session/96c9b57c5035bed6429eb24bf3c5b5ba/element/7988b4b1-c939-48a8-a04f-03dfa803c8ec/click HTTP/1.1
User-Agent: selenium/4.1.2 (java windows)
Content-Length: 50
Content-Type: application/json; charset=utf-8
host: localhost:49281
accept: */*

Response DefaultHttpResponse(decodeResult: success, version: HTTP/1.1)
HTTP/1.1 200 OK
Content-Type: application/json; charset=utf-8
cache-control: no-cache
content-length: 14

20:24:26.520 [AsyncHttpClient-1-7] DEBUG org.asynchttpclient.netty.channel.ChannelManager - Adding key: http://localhost:49281 for channel [id: 0x30865f26, L:/127.0.0.1:62971 - R:localhost/127.0.0.1:49281]
20:24:26.525 [Forwarding screenshot on session 96c9b57c5035bed6429eb24bf3c5b5ba to remote] DEBUG org.asynchttpclient.netty.request.NettyRequestSender - Using pooled Channel '[id: 0x30865f26, L:/127.0.0.1:62971 - R:localhost/127.0.0.1:49281]' for 'GET' to 'http://localhost:49281/session/96c9b57c5035bed6429eb24bf3c5b5ba/screenshot'
20:24:26.525 [Forwarding screenshot on session 96c9b57c5035bed6429eb24bf3c5b5ba to remote] DEBUG org.asynchttpclient.netty.request.NettyRequestSender - Using open Channel [id: 0x30865f26, L:/127.0.0.1:62971 - R:localhost/127.0.0.1:49281] for GET '/session/96c9b57c5035bed6429eb24bf3c5b5ba/screenshot'
20:24:26.693 [AsyncHttpClient-1-7] DEBUG org.asynchttpclient.netty.handler.HttpHandler - 

Request DefaultFullHttpRequest(decodeResult: success, version: HTTP/1.1, content: EmptyByteBufBE)
GET /session/96c9b57c5035bed6429eb24bf3c5b5ba/screenshot HTTP/1.1
User-Agent: selenium/4.1.2 (java windows)
Cache-Control: no-cache
Content-Type: application/json; charset=utf-8
host: localhost:49281
accept: */*

Response DefaultHttpResponse(decodeResult: success, version: HTTP/1.1)
HTTP/1.1 200 OK
Content-Type: application/json; charset=utf-8
cache-control: no-cache
content-length: 29748

20:24:26.694 [AsyncHttpClient-1-7] DEBUG org.asynchttpclient.netty.channel.ChannelManager - Adding key: http://localhost:49281 for channel [id: 0x30865f26, L:/127.0.0.1:62971 - R:localhost/127.0.0.1:49281]
20:24:26.695 [main] DEBUG net.serenitybdd.core.photography.Darkroom - Send negative for processing for target\site\serenity\e612bb330f8e85197f8072f2b52f65f83af85e661c68aa22241237d4c806f5b6.png
20:24:26.695 [main] DEBUG net.thucydides.core.steps.StepInterceptor - STEP DONE: iWillLogin
20:24:26.696 [Darkroom Processing Line] DEBUG net.serenitybdd.core.photography.DarkroomProcessingLine - Processing screenshot image in /var/screenshots/screenshot-9424223890028051948
20:24:26.696 [Darkroom Processing Line] DEBUG net.serenitybdd.core.photography.DarkroomProcessingLine - Saving screenshot to target\site\serenity\e612bb330f8e85197f8072f2b52f65f83af85e661c68aa22241237d4c806f5b6.png
  &amp#27;[32mAnd &amp#27;[0m&amp#27;[32mI click button checkout order&amp#27;[0m &amp#27;[90m# starter.stepdefinitions.OrderStep.iClickButtonCheckoutOrder()&amp#27;[0m
20:24:26.705 [Forwarding findElement on session 96c9b57c5035bed6429eb24bf3c5b5ba to remote] DEBUG org.asynchttpclient.netty.request.NettyRequestSender - Using pooled Channel '[id: 0x30865f26, L:/127.0.0.1:62971 - R:localhost/127.0.0.1:49281]' for 'POST' to 'http://localhost:49281/session/96c9b57c5035bed6429eb24bf3c5b5ba/element'
20:24:26.706 [Forwarding findElement on session 96c9b57c5035bed6429eb24bf3c5b5ba to remote] DEBUG org.asynchttpclient.netty.request.NettyRequestSender - Using open Channel [id: 0x30865f26, L:/127.0.0.1:62971 - R:localhost/127.0.0.1:49281] for POST '/session/96c9b57c5035bed6429eb24bf3c5b5ba/element'
20:24:26.720 [AsyncHttpClient-1-7] DEBUG org.asynchttpclient.netty.handler.HttpHandler - 

Request DefaultHttpRequest(decodeResult: success, version: HTTP/1.1)
POST /session/96c9b57c5035bed6429eb24bf3c5b5ba/element HTTP/1.1
User-Agent: selenium/4.1.2 (java windows)
Content-Length: 75
Content-Type: application/json; charset=utf-8
host: localhost:49281
accept: */*

Response DefaultHttpResponse(decodeResult: success, version: HTTP/1.1)
HTTP/1.1 200 OK
Content-Type: application/json; charset=utf-8
cache-control: no-cache
content-length: 88

20:24:26.720 [AsyncHttpClient-1-7] DEBUG org.asynchttpclient.netty.channel.ChannelManager - Adding key: http://localhost:49281 for channel [id: 0x30865f26, L:/127.0.0.1:62971 - R:localhost/127.0.0.1:49281]
20:24:26.724 [Forwarding isElementDisplayed on session 96c9b57c5035bed6429eb24bf3c5b5ba to remote] DEBUG org.asynchttpclient.netty.request.NettyRequestSender - Using pooled Channel '[id: 0x30865f26, L:/127.0.0.1:62971 - R:localhost/127.0.0.1:49281]' for 'POST' to 'http://localhost:49281/session/96c9b57c5035bed6429eb24bf3c5b5ba/execute/sync'
20:24:26.724 [Forwarding isElementDisplayed on session 96c9b57c5035bed6429eb24bf3c5b5ba to remote] DEBUG org.asynchttpclient.netty.request.NettyRequestSender - Using open Channel [id: 0x30865f26, L:/127.0.0.1:62971 - R:localhost/127.0.0.1:49281] for POST '/session/96c9b57c5035bed6429eb24bf3c5b5ba/execute/sync'
20:24:26.735 [AsyncHttpClient-1-7] DEBUG org.asynchttpclient.netty.handler.HttpHandler - 

Request DefaultHttpRequest(decodeResult: success, version: HTTP/1.1)
POST /session/96c9b57c5035bed6429eb24bf3c5b5ba/execute/sync HTTP/1.1
User-Agent: selenium/4.1.2 (java windows)
Content-Length: 48780
Content-Type: application/json; charset=utf-8
host: localhost:49281
accept: */*

Response DefaultHttpResponse(decodeResult: success, version: HTTP/1.1)
HTTP/1.1 200 OK
Content-Type: application/json; charset=utf-8
cache-control: no-cache
content-length: 14

20:24:26.735 [AsyncHttpClient-1-7] DEBUG org.asynchttpclient.netty.channel.ChannelManager - Adding key: http://localhost:49281 for channel [id: 0x30865f26, L:/127.0.0.1:62971 - R:localhost/127.0.0.1:49281]
  &amp#27;[32mThen &amp#27;[0m&amp#27;[32mI will get the result&amp#27;[0m        &amp#27;[90m# starter.stepdefinitions.OrderStep.iWillGetTheResult()&amp#27;[0m
20:24:26.740 [main] INFO  - 
  _____   ___   ___   _____     ___     _     ___   ___   ___   ___  
 |_   _| | __| / __| |_   _|   | _ \   /_\   / __| / __| | __| |   \ 
   | |   | _|  \__ \   | |     |  _/  / _ \  \__ \ \__ \ | _|  | |) |
   |_|   |___| |___/   |_|     |_|   /_/ \_\ |___/ |___/ |___| |___/ 

Order product
----------------------------------------------------------------------
20:24:26.741 [AsyncHttpClient-1-9] DEBUG org.asynchttpclient.netty.handler.WebSocketHandler - Channel Closed: [id: 0x2c65b250, L:/127.0.0.1:62981 ! R:localhost/127.0.0.1:62972] with attribute NettyResponseFuture{currentRetry=5,
	isDone=1,
	isCancelled=0,
	asyncHandler=org.asynchttpclient.ws.WebSocketUpgradeHandler@4ed82132,
	nettyRequest=org.asynchttpclient.netty.request.NettyRequest@29b85d1c,
	future=java.util.concurrent.CompletableFuture@3660e2a3[Completed normally],
	uri=ws://localhost:62972/devtools/browser/21e8d26d-2bed-45f5-b135-102d25ea80f1,
	keepAlive=true,
	redirectCount=0,
	timeoutsHolder=null,
	inAuth=0,
	touch=1666790661830}
20:24:26.741 [AsyncHttpClient-1-9] DEBUG org.asynchttpclient.netty.channel.ChannelManager - Closing Channel [id: 0x2c65b250, L:/127.0.0.1:62981 ! R:localhost/127.0.0.1:62972] 
20:24:26.741 [Driver Command Executor] DEBUG org.asynchttpclient.netty.request.NettyRequestSender - Using pooled Channel '[id: 0x30865f26, L:/127.0.0.1:62971 - R:localhost/127.0.0.1:49281]' for 'DELETE' to 'http://localhost:49281/session/96c9b57c5035bed6429eb24bf3c5b5ba'
20:24:26.741 [Driver Command Executor] DEBUG org.asynchttpclient.netty.request.NettyRequestSender - Using open Channel [id: 0x30865f26, L:/127.0.0.1:62971 - R:localhost/127.0.0.1:49281] for DELETE '/session/96c9b57c5035bed6429eb24bf3c5b5ba'
20:24:26.780 [AsyncHttpClient-1-8] DEBUG org.asynchttpclient.netty.handler.HttpHandler - Unexpected I/O exception on channel [id: 0x3fbbb37b, L:/127.0.0.1:62980 - R:localhost/127.0.0.1:62972]
java.net.SocketException: Connection reset
	at java.base/sun.nio.ch.SocketChannelImpl.throwConnectionReset(SocketChannelImpl.java:345)
	at java.base/sun.nio.ch.SocketChannelImpl.read(SocketChannelImpl.java:376)
	at io.netty.buffer.PooledByteBuf.setBytes(PooledByteBuf.java:258)
	at io.netty.buffer.AbstractByteBuf.writeBytes(AbstractByteBuf.java:1132)
	at io.netty.channel.socket.nio.NioSocketChannel.doReadBytes(NioSocketChannel.java:350)
	at io.netty.channel.nio.AbstractNioByteChannel$NioByteUnsafe.read(AbstractNioByteChannel.java:151)
	at io.netty.channel.nio.NioEventLoop.processSelectedKey(NioEventLoop.java:722)
	at io.netty.channel.nio.NioEventLoop.processSelectedKeysOptimized(NioEventLoop.java:658)
	at io.netty.channel.nio.NioEventLoop.processSelectedKeys(NioEventLoop.java:584)
	at io.netty.channel.nio.NioEventLoop.run(NioEventLoop.java:496)
	at io.netty.util.concurrent.SingleThreadEventExecutor$4.run(SingleThreadEventExecutor.java:986)
	at io.netty.util.internal.ThreadExecutorMap$2.run(ThreadExecutorMap.java:74)
	at io.netty.util.concurrent.FastThreadLocalRunnable.run(FastThreadLocalRunnable.java:30)
	at java.base/java.lang.Thread.run(Thread.java:830)
20:24:26.781 [AsyncHttpClient-1-8] DEBUG org.asynchttpclient.netty.channel.ChannelManager - Closing Channel [id: 0x3fbbb37b, L:/127.0.0.1:62980 - R:localhost/127.0.0.1:62972] 
20:24:26.781 [AsyncHttpClient-1-8] DEBUG org.asynchttpclient.netty.handler.HttpHandler - Channel Closed: [id: 0x3fbbb37b, L:/127.0.0.1:62980 ! R:localhost/127.0.0.1:62972] with attribute DISCARD
20:24:26.794 [AsyncHttpClient-1-7] DEBUG org.asynchttpclient.netty.handler.HttpHandler - 

Request DefaultFullHttpRequest(decodeResult: success, version: HTTP/1.1, content: EmptyByteBufBE)
DELETE /session/96c9b57c5035bed6429eb24bf3c5b5ba HTTP/1.1
User-Agent: selenium/4.1.2 (java windows)
Content-Type: application/json; charset=utf-8
host: localhost:49281
accept: */*

Response DefaultHttpResponse(decodeResult: success, version: HTTP/1.1)
HTTP/1.1 200 OK
Content-Type: application/json; charset=utf-8
cache-control: no-cache
content-length: 14

20:24:26.794 [AsyncHttpClient-1-7] DEBUG org.asynchttpclient.netty.channel.ChannelManager - Adding key: http://localhost:49281 for channel [id: 0x30865f26, L:/127.0.0.1:62971 - R:localhost/127.0.0.1:49281]
20:24:26.858 [AsyncHttpClient-1-7] DEBUG org.asynchttpclient.netty.handler.HttpHandler - Channel Closed: [id: 0x30865f26, L:/127.0.0.1:62971 ! R:localhost/127.0.0.1:49281] with attribute DISCARD
]]></system-out>
    <system-err><![CDATA[Starting ChromeDriver 105.0.5195.52 (412c95e518836d8a7d97250d62b29c2ae6a26a85-refs/branch-heads/5195@{#853}) on port 49281
Only local connections are allowed.
Please see https://chromedriver.chromium.org/security-considerations for suggestions on keeping ChromeDriver safe.
ChromeDriver was started successfully.
[1666790661.792][WARNING]: This version of ChromeDriver has not been tested with Chrome version 106.
Okt 26, 2022 8:24:21 PM org.openqa.selenium.remote.ProtocolHandshake createSession
INFO: Detected dialect: W3C
Okt 26, 2022 8:24:21 PM org.openqa.selenium.devtools.CdpVersionFinder findNearestMatch
WARNING: Unable to find an exact match for CDP version 106, so returning the closest version found: a no-op implementation
Okt 26, 2022 8:24:21 PM org.openqa.selenium.devtools.CdpVersionFinder findNearestMatch
INFO: Unable to find CDP implementation matching 106.
Okt 26, 2022 8:24:21 PM org.openqa.selenium.chromium.ChromiumDriver lambda$new$3
WARNING: Unable to find version of CDP to use for . You may need to include a dependency on a specific version of the CDP using something similar to `org.seleniumhq.selenium:selenium-devtools-v86:4.1.2` where the version ("v86") matches the version of the chromium-based browser you're using and the version number of the artifact is the same as Selenium's.
]]></system-err>
  </testcase>
  <testcase name=" #1" classname="Register" time="9.881">
    <error type="net.thucydides.core.webdriver.exceptions.ElementShouldBeEnabledException"><![CDATA[net.thucydides.core.webdriver.exceptions.ElementShouldBeEnabledException: Expected enabled element was not enabled
Caused by: org.openqa.selenium.TimeoutException: Expected condition failed: waiting for By.xpath: //button[@class = 'v-btn v-btn--is-elevated v-btn--has-bg theme--light v-size--default primary'] to be enabled (tried for 5 second(s) with 100 milliseconds interval)
Caused by: org.openqa.selenium.NoSuchElementException: 
no such element: Unable to locate element: {"method":"xpath","selector":"//button[@class = 'v-btn v-btn--is-elevated v-btn--has-bg theme--light v-size--default primary']"}
  (Session info: chrome=106.0.5249.119)
For documentation on this error, please visit: https://selenium.dev/exceptions/#no_such_element
Build info: version: '4.1.2', revision: '9a5a329c5a'
System info: host: 'DESKTOP-3MAQDS2', ip: '192.168.1.5', os.name: 'Windows 10', os.arch: 'amd64', os.version: '10.0', java.version: '13.0.2'
Driver info: org.openqa.selenium.chrome.ChromeDriver
Command: [dec9b90465a16d0d2ec2e06c03c644d2, findElement {using=xpath, value=//button[@class = 'v-btn v-btn--is-elevated v-btn--has-bg theme--light v-size--default primary']}]
Capabilities {acceptInsecureCerts: false, browserName: chrome, browserVersion: 106.0.5249.119, chrome: {chromedriverVersion: 105.0.5195.52 (412c95e51883..., userDataDir: C:\Users\alwi\AppData\Local...}, goog:chromeOptions: {debuggerAddress: localhost:63010}, javascriptEnabled: true, networkConnectionEnabled: false, pageLoadStrategy: normal, platform: WINDOWS, platformName: WINDOWS, proxy: Proxy(), se:cdp: ws://localhost:63010/devtoo..., se:cdpVersion: 106.0.5249.119, setWindowRect: true, strictFileInteractability: false, timeouts: {implicit: 0, pageLoad: 300000, script: 30000}, unhandledPromptBehavior: dismiss and notify, webauthn:extension:credBlob: true, webauthn:extension:largeBlob: true, webauthn:virtualAuthenticators: true}
Session ID: dec9b90465a16d0d2ec2e06c03c644d2
]]></error>
    <system-out><![CDATA[20:24:27.378 [main] INFO io.cucumber.core.plugin.SerenityReporter - Running feature from file:///C:/Users/alwi/IdeaProjects/AltaShop/src/test/resources/features/Register.feature
20:24:27.380 [main] DEBUG net.thucydides.core.steps.StepEventBus - Test suite started for story net.thucydides.core.model.Story@30e75088
20:24:27.380 [main] INFO  - Test Suite Started: Register

Scenario Outline:                               &amp#27;[90m# src/test/resources/features/Register.feature:17&amp#27;[0m
20:24:27.388 [main] INFO io.cucumber.core.plugin.SerenityReporter - Running feature from file:///C:/Users/alwi/IdeaProjects/AltaShop/src/test/resources/features/Register.feature
20:24:27.390 [main] INFO  - 
  _____   ___   ___   _____     ___   _____     _     ___   _____   ___   ___  
 |_   _| | __| / __| |_   _|   / __| |_   _|   /_\   | _ \ |_   _| | __| |   \ 
   | |   | _|  \__ \   | |     \__ \   | |    / _ \  |   /   | |   | _|  | |) |
   |_|   |___| |___/   |_|     |___/   |_|   /_/ \_\ |_|_\   |_|   |___| |___/ 

(register;)
--------------------------------------------------------------------------------
20:24:27.408 [main] INFO net.serenitybdd.core.webdriver.driverproviders.ChromeDriverProvider - Using automatically driver download
20:24:27.538 [main] DEBUG io.github.bonigarcia.wdm.cache.ResolutionCache - Resolution chrome=106 in cache (valid until 20:56:42 26/10/2022 ICT)
20:24:27.541 [main] DEBUG io.github.bonigarcia.wdm.cache.ResolutionCache - Resolution chrome106=106.0.5249.61 in cache (valid until 22:47:25 26/10/2022 WIB)
20:24:27.543 [main] INFO io.github.bonigarcia.wdm.WebDriverManager - Using chromedriver 106.0.5249.61 (resolved driver for Chrome 106)
20:24:27.553 [main] DEBUG io.github.bonigarcia.wdm.WebDriverManager - Driver chromedriver 106.0.5249.61 found in cache
20:24:27.553 [main] INFO io.github.bonigarcia.wdm.WebDriverManager - Exporting webdriver.chrome.driver as C:\Users\alwi\.cache\selenium\chromedriver\win32\106.0.5249.61\chromedriver.exe
20:24:27.565 [AsyncHttpClient-1-1] DEBUG org.asynchttpclient.netty.channel.DefaultChannelPool - Entry count for : http://localhost:62972 : 1
20:24:27.565 [AsyncHttpClient-1-1] DEBUG org.asynchttpclient.netty.channel.DefaultChannelPool - Entry count for : http://localhost:49281 : 1
20:24:27.565 [AsyncHttpClient-1-1] DEBUG org.asynchttpclient.netty.channel.DefaultChannelPool - Adding Candidate expired Channel [id: 0x3fbbb37b, L:/127.0.0.1:62980 ! R:localhost/127.0.0.1:62972] isIdleTimeoutExpired=false isRemotelyClosed=true isTtlExpired=false
20:24:27.565 [AsyncHttpClient-1-1] DEBUG org.asynchttpclient.netty.channel.DefaultChannelPool - Closing Idle Channel [id: 0x3fbbb37b, L:/127.0.0.1:62980 ! R:localhost/127.0.0.1:62972]
20:24:27.565 [AsyncHttpClient-1-1] DEBUG org.asynchttpclient.netty.channel.DefaultChannelPool - Adding Candidate expired Channel [id: 0x30865f26, L:/127.0.0.1:62971 ! R:localhost/127.0.0.1:49281] isIdleTimeoutExpired=false isRemotelyClosed=true isTtlExpired=false
20:24:27.565 [AsyncHttpClient-1-1] DEBUG org.asynchttpclient.netty.channel.DefaultChannelPool - Closing Idle Channel [id: 0x30865f26, L:/127.0.0.1:62971 ! R:localhost/127.0.0.1:49281]
20:24:27.565 [AsyncHttpClient-1-1] DEBUG org.asynchttpclient.netty.channel.DefaultChannelPool - Closed 2 connections out of 2 in 0 ms
20:24:27.657 [main] DEBUG net.serenitybdd.core.webdriver.driverproviders.ProvideNewDriver - Instantiating driver
20:24:27.657 [main] DEBUG net.serenitybdd.core.webdriver.driverproviders.ProvideNewDriver - Driver capabilities: Capabilities {acceptInsecureCerts: false, base.url: https://alta-shop.vercel.app, browserName: chrome, chrome.driver: src/test/resources/webdrive..., driver: chrome, goog:chromeOptions: {args: [], extensions: []}, wait.for.timeout: 5000}
20:24:28.199 [AsyncHttpClient-1-10] DEBUG org.asynchttpclient.netty.channel.NettyConnectListener - Using new Channel '[id: 0xf82fb240, L:/127.0.0.1:63008 - R:localhost/127.0.0.1:55242]' for 'POST' to '/session'
20:24:28.974 [AsyncHttpClient-1-10] DEBUG org.asynchttpclient.netty.handler.HttpHandler - 

Request DefaultHttpRequest(decodeResult: success, version: HTTP/1.1)
POST /session HTTP/1.1
User-Agent: selenium/4.1.2 (java windows)
Content-Length: 639
Content-Type: application/json; charset=utf-8
host: localhost:55242
accept: */*

Response DefaultHttpResponse(decodeResult: success, version: HTTP/1.1)
HTTP/1.1 200 OK
Content-Type: application/json; charset=utf-8
cache-control: no-cache
content-length: 789

20:24:28.974 [AsyncHttpClient-1-10] DEBUG org.asynchttpclient.netty.channel.ChannelManager - Adding key: http://localhost:55242 for channel [id: 0xf82fb240, L:/127.0.0.1:63008 - R:localhost/127.0.0.1:55242]
20:24:28.980 [AsyncHttpClient-1-11] DEBUG org.asynchttpclient.netty.channel.NettyConnectListener - Using new Channel '[id: 0xd608ee3f, L:/127.0.0.1:63016 - R:localhost/127.0.0.1:63010]' for 'GET' to '/json/version'
20:24:28.982 [AsyncHttpClient-1-11] DEBUG org.asynchttpclient.netty.handler.HttpHandler - 

Request DefaultFullHttpRequest(decodeResult: success, version: HTTP/1.1, content: EmptyByteBufBE)
GET /json/version HTTP/1.1
User-Agent: selenium/4.1.2 (java windows)
host: localhost:63010
accept: */*

Response DefaultHttpResponse(decodeResult: success, version: HTTP/1.1)
HTTP/1.1 200 OK
Content-Type: application/json; charset=UTF-8
content-length: 424

20:24:28.982 [AsyncHttpClient-1-11] DEBUG org.asynchttpclient.netty.channel.ChannelManager - Adding key: http://localhost:63010 for channel [id: 0xd608ee3f, L:/127.0.0.1:63016 - R:localhost/127.0.0.1:63010]
20:24:28.984 [AsyncHttpClient-1-12] DEBUG org.asynchttpclient.netty.channel.NettyConnectListener - Using new Channel '[id: 0xbb21851a, L:/127.0.0.1:63017 - R:localhost/127.0.0.1:63010]' for 'GET' to '/devtools/browser/2a1d78cf-3fb8-460e-a333-fb7a148d90af'
20:24:28.985 [AsyncHttpClient-1-12] DEBUG org.asynchttpclient.netty.handler.WebSocketHandler - 

Request DefaultFullHttpRequest(decodeResult: success, version: HTTP/1.1, content: EmptyByteBufBE)
GET /devtools/browser/2a1d78cf-3fb8-460e-a333-fb7a148d90af HTTP/1.1
upgrade: websocket
connection: upgrade
sec-websocket-key: 5Lucz7/z2SP3Em9k/tTfMw==
sec-websocket-version: 13
origin: http://localhost:63010
host: localhost:63010
accept: */*
user-agent: AHC/2.1

Response DefaultHttpResponse(decodeResult: success, version: HTTP/1.1)
HTTP/1.1 101 WebSocket Protocol Handshake
Upgrade: WebSocket
Connection: Upgrade
Sec-WebSocket-Accept: WwMTbhYiBjuFQVYfm5+R1/7VPRY=

20:24:28.990 [Forwarding get on session dec9b90465a16d0d2ec2e06c03c644d2 to remote] DEBUG org.asynchttpclient.netty.request.NettyRequestSender - Using pooled Channel '[id: 0xf82fb240, L:/127.0.0.1:63008 - R:localhost/127.0.0.1:55242]' for 'POST' to 'http://localhost:55242/session/dec9b90465a16d0d2ec2e06c03c644d2/url'
20:24:28.990 [Forwarding get on session dec9b90465a16d0d2ec2e06c03c644d2 to remote] DEBUG org.asynchttpclient.netty.request.NettyRequestSender - Using open Channel [id: 0xf82fb240, L:/127.0.0.1:63008 - R:localhost/127.0.0.1:55242] for POST '/session/dec9b90465a16d0d2ec2e06c03c644d2/url'
20:24:29.612 [AsyncHttpClient-1-10] DEBUG org.asynchttpclient.netty.handler.HttpHandler - 

Request DefaultHttpRequest(decodeResult: success, version: HTTP/1.1)
POST /session/dec9b90465a16d0d2ec2e06c03c644d2/url HTTP/1.1
User-Agent: selenium/4.1.2 (java windows)
Content-Length: 59
Content-Type: application/json; charset=utf-8
host: localhost:55242
accept: */*

Response DefaultHttpResponse(decodeResult: success, version: HTTP/1.1)
HTTP/1.1 200 OK
Content-Type: application/json; charset=utf-8
cache-control: no-cache
content-length: 14

20:24:29.612 [AsyncHttpClient-1-10] DEBUG org.asynchttpclient.netty.channel.ChannelManager - Adding key: http://localhost:55242 for channel [id: 0xf82fb240, L:/127.0.0.1:63008 - R:localhost/127.0.0.1:55242]
20:24:29.614 [Forwarding setTimeout on session dec9b90465a16d0d2ec2e06c03c644d2 to remote] DEBUG org.asynchttpclient.netty.request.NettyRequestSender - Using pooled Channel '[id: 0xf82fb240, L:/127.0.0.1:63008 - R:localhost/127.0.0.1:55242]' for 'POST' to 'http://localhost:55242/session/dec9b90465a16d0d2ec2e06c03c644d2/timeouts'
20:24:29.614 [Forwarding setTimeout on session dec9b90465a16d0d2ec2e06c03c644d2 to remote] DEBUG org.asynchttpclient.netty.request.NettyRequestSender - Using open Channel [id: 0xf82fb240, L:/127.0.0.1:63008 - R:localhost/127.0.0.1:55242] for POST '/session/dec9b90465a16d0d2ec2e06c03c644d2/timeouts'
20:24:29.616 [AsyncHttpClient-1-10] DEBUG org.asynchttpclient.netty.handler.HttpHandler - 

Request DefaultHttpRequest(decodeResult: success, version: HTTP/1.1)
POST /session/dec9b90465a16d0d2ec2e06c03c644d2/timeouts HTTP/1.1
User-Agent: selenium/4.1.2 (java windows)
Content-Length: 22
Content-Type: application/json; charset=utf-8
host: localhost:55242
accept: */*

Response DefaultHttpResponse(decodeResult: success, version: HTTP/1.1)
HTTP/1.1 200 OK
Content-Type: application/json; charset=utf-8
cache-control: no-cache
content-length: 14

20:24:29.616 [AsyncHttpClient-1-10] DEBUG org.asynchttpclient.netty.channel.ChannelManager - Adding key: http://localhost:55242 for channel [id: 0xf82fb240, L:/127.0.0.1:63008 - R:localhost/127.0.0.1:55242]
20:24:29.620 [Forwarding getCurrentUrl on session dec9b90465a16d0d2ec2e06c03c644d2 to remote] DEBUG org.asynchttpclient.netty.request.NettyRequestSender - Using pooled Channel '[id: 0xf82fb240, L:/127.0.0.1:63008 - R:localhost/127.0.0.1:55242]' for 'GET' to 'http://localhost:55242/session/dec9b90465a16d0d2ec2e06c03c644d2/url'
20:24:29.620 [Forwarding getCurrentUrl on session dec9b90465a16d0d2ec2e06c03c644d2 to remote] DEBUG org.asynchttpclient.netty.request.NettyRequestSender - Using open Channel [id: 0xf82fb240, L:/127.0.0.1:63008 - R:localhost/127.0.0.1:55242] for GET '/session/dec9b90465a16d0d2ec2e06c03c644d2/url'
20:24:29.626 [AsyncHttpClient-1-10] DEBUG org.asynchttpclient.netty.handler.HttpHandler - 

Request DefaultFullHttpRequest(decodeResult: success, version: HTTP/1.1, content: EmptyByteBufBE)
GET /session/dec9b90465a16d0d2ec2e06c03c644d2/url HTTP/1.1
User-Agent: selenium/4.1.2 (java windows)
Cache-Control: no-cache
Content-Type: application/json; charset=utf-8
host: localhost:55242
accept: */*

Response DefaultHttpResponse(decodeResult: success, version: HTTP/1.1)
HTTP/1.1 200 OK
Content-Type: application/json; charset=utf-8
cache-control: no-cache
content-length: 41

20:24:29.627 [AsyncHttpClient-1-10] DEBUG org.asynchttpclient.netty.channel.ChannelManager - Adding key: http://localhost:55242 for channel [id: 0xf82fb240, L:/127.0.0.1:63008 - R:localhost/127.0.0.1:55242]
  &amp#27;[32mGiven &amp#27;[0m&amp#27;[32mI am on the home page&amp#27;[0m                   &amp#27;[90m# starter.stepdefinitions.HomeStep.iAmOnTheHomePage()&amp#27;[0m
20:24:29.639 [main] DEBUG net.serenitybdd.core.photography.Darkroom - Opening darkroom
20:24:29.640 [Forwarding screenshot on session dec9b90465a16d0d2ec2e06c03c644d2 to remote] DEBUG org.asynchttpclient.netty.request.NettyRequestSender - Using pooled Channel '[id: 0xf82fb240, L:/127.0.0.1:63008 - R:localhost/127.0.0.1:55242]' for 'GET' to 'http://localhost:55242/session/dec9b90465a16d0d2ec2e06c03c644d2/screenshot'
20:24:29.640 [Forwarding screenshot on session dec9b90465a16d0d2ec2e06c03c644d2 to remote] DEBUG org.asynchttpclient.netty.request.NettyRequestSender - Using open Channel [id: 0xf82fb240, L:/127.0.0.1:63008 - R:localhost/127.0.0.1:55242] for GET '/session/dec9b90465a16d0d2ec2e06c03c644d2/screenshot'
20:24:29.650 [Darkroom Processing Line] DEBUG net.serenitybdd.core.photography.DarkroomProcessingLine - Darkroom processing line starting up
20:24:29.769 [AsyncHttpClient-1-1] DEBUG org.asynchttpclient.netty.channel.DefaultChannelPool - Entry count for : http://localhost:63010 : 1
20:24:29.847 [AsyncHttpClient-1-10] DEBUG org.asynchttpclient.netty.handler.HttpHandler - 

Request DefaultFullHttpRequest(decodeResult: success, version: HTTP/1.1, content: EmptyByteBufBE)
GET /session/dec9b90465a16d0d2ec2e06c03c644d2/screenshot HTTP/1.1
User-Agent: selenium/4.1.2 (java windows)
Cache-Control: no-cache
Content-Type: application/json; charset=utf-8
host: localhost:55242
accept: */*

Response DefaultHttpResponse(decodeResult: success, version: HTTP/1.1)
HTTP/1.1 200 OK
Content-Type: application/json; charset=utf-8
cache-control: no-cache
content-length: 30756

20:24:29.847 [AsyncHttpClient-1-10] DEBUG org.asynchttpclient.netty.channel.ChannelManager - Adding key: http://localhost:55242 for channel [id: 0xf82fb240, L:/127.0.0.1:63008 - R:localhost/127.0.0.1:55242]
20:24:29.850 [main] DEBUG net.serenitybdd.core.photography.Darkroom - Send negative for processing for target\site\serenity\04fb5f9fe995a2987ccf7acfbcecb23b76b9477b323de680f5a34c36947c00fb.png
20:24:29.850 [Darkroom Processing Line] DEBUG net.serenitybdd.core.photography.DarkroomProcessingLine - Processing screenshot image in /var/screenshots/screenshot-2154050178985876012
20:24:29.850 [Darkroom Processing Line] DEBUG net.serenitybdd.core.photography.DarkroomProcessingLine - Saving screenshot to target\site\serenity\04fb5f9fe995a2987ccf7acfbcecb23b76b9477b323de680f5a34c36947c00fb.png
20:24:29.866 [Forwarding findElement on session dec9b90465a16d0d2ec2e06c03c644d2 to remote] DEBUG org.asynchttpclient.netty.request.NettyRequestSender - Using pooled Channel '[id: 0xf82fb240, L:/127.0.0.1:63008 - R:localhost/127.0.0.1:55242]' for 'POST' to 'http://localhost:55242/session/dec9b90465a16d0d2ec2e06c03c644d2/element'
20:24:29.866 [Forwarding findElement on session dec9b90465a16d0d2ec2e06c03c644d2 to remote] DEBUG org.asynchttpclient.netty.request.NettyRequestSender - Using open Channel [id: 0xf82fb240, L:/127.0.0.1:63008 - R:localhost/127.0.0.1:55242] for POST '/session/dec9b90465a16d0d2ec2e06c03c644d2/element'
20:24:30.865 [AsyncHttpClient-1-1] DEBUG org.asynchttpclient.netty.channel.DefaultChannelPool - Entry count for : http://localhost:63010 : 1
20:24:31.923 [AsyncHttpClient-1-10] DEBUG org.asynchttpclient.netty.handler.HttpHandler - 

Request DefaultHttpRequest(decodeResult: success, version: HTTP/1.1)
POST /session/dec9b90465a16d0d2ec2e06c03c644d2/element HTTP/1.1
User-Agent: selenium/4.1.2 (java windows)
Content-Length: 143
Content-Type: application/json; charset=utf-8
host: localhost:55242
accept: */*

Response DefaultHttpResponse(decodeResult: success, version: HTTP/1.1)
HTTP/1.1 404 Not Found
Content-Type: application/json; charset=utf-8
cache-control: no-cache
content-length: 1101

20:24:31.923 [AsyncHttpClient-1-10] DEBUG org.asynchttpclient.netty.channel.ChannelManager - Adding key: http://localhost:55242 for channel [id: 0xf82fb240, L:/127.0.0.1:63008 - R:localhost/127.0.0.1:55242]
20:24:31.965 [AsyncHttpClient-1-1] DEBUG org.asynchttpclient.netty.channel.DefaultChannelPool - Entry count for : http://localhost:55242 : 1
20:24:31.965 [AsyncHttpClient-1-1] DEBUG org.asynchttpclient.netty.channel.DefaultChannelPool - Entry count for : http://localhost:63010 : 1
20:24:32.041 [Forwarding findElement on session dec9b90465a16d0d2ec2e06c03c644d2 to remote] DEBUG org.asynchttpclient.netty.request.NettyRequestSender - Using pooled Channel '[id: 0xf82fb240, L:/127.0.0.1:63008 - R:localhost/127.0.0.1:55242]' for 'POST' to 'http://localhost:55242/session/dec9b90465a16d0d2ec2e06c03c644d2/element'
20:24:32.042 [Forwarding findElement on session dec9b90465a16d0d2ec2e06c03c644d2 to remote] DEBUG org.asynchttpclient.netty.request.NettyRequestSender - Using open Channel [id: 0xf82fb240, L:/127.0.0.1:63008 - R:localhost/127.0.0.1:55242] for POST '/session/dec9b90465a16d0d2ec2e06c03c644d2/element'
20:24:33.065 [AsyncHttpClient-1-1] DEBUG org.asynchttpclient.netty.channel.DefaultChannelPool - Entry count for : http://localhost:63010 : 1
20:24:34.059 [AsyncHttpClient-1-10] DEBUG org.asynchttpclient.netty.handler.HttpHandler - 

Request DefaultHttpRequest(decodeResult: success, version: HTTP/1.1)
POST /session/dec9b90465a16d0d2ec2e06c03c644d2/element HTTP/1.1
User-Agent: selenium/4.1.2 (java windows)
Content-Length: 143
Content-Type: application/json; charset=utf-8
host: localhost:55242
accept: */*

Response DefaultHttpResponse(decodeResult: success, version: HTTP/1.1)
HTTP/1.1 404 Not Found
Content-Type: application/json; charset=utf-8
cache-control: no-cache
content-length: 1101

20:24:34.059 [AsyncHttpClient-1-10] DEBUG org.asynchttpclient.netty.channel.ChannelManager - Adding key: http://localhost:55242 for channel [id: 0xf82fb240, L:/127.0.0.1:63008 - R:localhost/127.0.0.1:55242]
20:24:34.165 [Forwarding findElement on session dec9b90465a16d0d2ec2e06c03c644d2 to remote] DEBUG org.asynchttpclient.netty.request.NettyRequestSender - Using pooled Channel '[id: 0xf82fb240, L:/127.0.0.1:63008 - R:localhost/127.0.0.1:55242]' for 'POST' to 'http://localhost:55242/session/dec9b90465a16d0d2ec2e06c03c644d2/element'
20:24:34.165 [Forwarding findElement on session dec9b90465a16d0d2ec2e06c03c644d2 to remote] DEBUG org.asynchttpclient.netty.request.NettyRequestSender - Using open Channel [id: 0xf82fb240, L:/127.0.0.1:63008 - R:localhost/127.0.0.1:55242] for POST '/session/dec9b90465a16d0d2ec2e06c03c644d2/element'
20:24:34.166 [AsyncHttpClient-1-1] DEBUG org.asynchttpclient.netty.channel.DefaultChannelPool - Entry count for : http://localhost:63010 : 1
20:24:35.268 [AsyncHttpClient-1-1] DEBUG org.asynchttpclient.netty.channel.DefaultChannelPool - Entry count for : http://localhost:63010 : 1
20:24:36.182 [AsyncHttpClient-1-10] DEBUG org.asynchttpclient.netty.handler.HttpHandler - 

Request DefaultHttpRequest(decodeResult: success, version: HTTP/1.1)
POST /session/dec9b90465a16d0d2ec2e06c03c644d2/element HTTP/1.1
User-Agent: selenium/4.1.2 (java windows)
Content-Length: 143
Content-Type: application/json; charset=utf-8
host: localhost:55242
accept: */*

Response DefaultHttpResponse(decodeResult: success, version: HTTP/1.1)
HTTP/1.1 404 Not Found
Content-Type: application/json; charset=utf-8
cache-control: no-cache
content-length: 1101

20:24:36.183 [AsyncHttpClient-1-10] DEBUG org.asynchttpclient.netty.channel.ChannelManager - Adding key: http://localhost:55242 for channel [id: 0xf82fb240, L:/127.0.0.1:63008 - R:localhost/127.0.0.1:55242]
20:24:36.199 [Forwarding screenshot on session dec9b90465a16d0d2ec2e06c03c644d2 to remote] DEBUG org.asynchttpclient.netty.request.NettyRequestSender - Using pooled Channel '[id: 0xf82fb240, L:/127.0.0.1:63008 - R:localhost/127.0.0.1:55242]' for 'GET' to 'http://localhost:55242/session/dec9b90465a16d0d2ec2e06c03c644d2/screenshot'
20:24:36.199 [Forwarding screenshot on session dec9b90465a16d0d2ec2e06c03c644d2 to remote] DEBUG org.asynchttpclient.netty.request.NettyRequestSender - Using open Channel [id: 0xf82fb240, L:/127.0.0.1:63008 - R:localhost/127.0.0.1:55242] for GET '/session/dec9b90465a16d0d2ec2e06c03c644d2/screenshot'
20:24:36.283 [AsyncHttpClient-1-10] DEBUG org.asynchttpclient.netty.handler.HttpHandler - 

Request DefaultFullHttpRequest(decodeResult: success, version: HTTP/1.1, content: EmptyByteBufBE)
GET /session/dec9b90465a16d0d2ec2e06c03c644d2/screenshot HTTP/1.1
User-Agent: selenium/4.1.2 (java windows)
Cache-Control: no-cache
Content-Type: application/json; charset=utf-8
host: localhost:55242
accept: */*

Response DefaultHttpResponse(decodeResult: success, version: HTTP/1.1)
HTTP/1.1 200 OK
Content-Type: application/json; charset=utf-8
cache-control: no-cache
content-length: 67440

20:24:36.283 [AsyncHttpClient-1-10] DEBUG org.asynchttpclient.netty.channel.ChannelManager - Adding key: http://localhost:55242 for channel [id: 0xf82fb240, L:/127.0.0.1:63008 - R:localhost/127.0.0.1:55242]
20:24:36.286 [main] DEBUG net.serenitybdd.core.photography.Darkroom - Send negative for processing for target\site\serenity\6675801c2b8badb2bec322fc9bc8baa7f8adcf94768a58432838b6f45add1519.png
20:24:36.286 [Darkroom Processing Line] DEBUG net.serenitybdd.core.photography.DarkroomProcessingLine - Processing screenshot image in /var/screenshots/screenshot-6386815874363301874
20:24:36.287 [Darkroom Processing Line] DEBUG net.serenitybdd.core.photography.DarkroomProcessingLine - Saving screenshot to target\site\serenity\6675801c2b8badb2bec322fc9bc8baa7f8adcf94768a58432838b6f45add1519.png
20:24:36.294 [Forwarding getPageSource on session dec9b90465a16d0d2ec2e06c03c644d2 to remote] DEBUG org.asynchttpclient.netty.request.NettyRequestSender - Using pooled Channel '[id: 0xf82fb240, L:/127.0.0.1:63008 - R:localhost/127.0.0.1:55242]' for 'POST' to 'http://localhost:55242/session/dec9b90465a16d0d2ec2e06c03c644d2/execute/sync'
20:24:36.294 [Forwarding getPageSource on session dec9b90465a16d0d2ec2e06c03c644d2 to remote] DEBUG org.asynchttpclient.netty.request.NettyRequestSender - Using open Channel [id: 0xf82fb240, L:/127.0.0.1:63008 - R:localhost/127.0.0.1:55242] for POST '/session/dec9b90465a16d0d2ec2e06c03c644d2/execute/sync'
20:24:36.305 [AsyncHttpClient-1-10] DEBUG org.asynchttpclient.netty.handler.HttpHandler - 

Request DefaultHttpRequest(decodeResult: success, version: HTTP/1.1)
POST /session/dec9b90465a16d0d2ec2e06c03c644d2/execute/sync HTTP/1.1
User-Agent: selenium/4.1.2 (java windows)
Content-Length: 176
Content-Type: application/json; charset=utf-8
host: localhost:55242
accept: */*

Response DefaultHttpResponse(decodeResult: success, version: HTTP/1.1)
HTTP/1.1 200 OK
Content-Type: application/json; charset=utf-8
cache-control: no-cache
content-length: 76338

20:24:36.305 [AsyncHttpClient-1-10] DEBUG org.asynchttpclient.netty.channel.ChannelManager - Adding key: http://localhost:55242 for channel [id: 0xf82fb240, L:/127.0.0.1:63008 - R:localhost/127.0.0.1:55242]
20:24:36.365 [AsyncHttpClient-1-1] DEBUG org.asynchttpclient.netty.channel.DefaultChannelPool - Entry count for : http://localhost:55242 : 1
20:24:36.365 [AsyncHttpClient-1-1] DEBUG org.asynchttpclient.netty.channel.DefaultChannelPool - Entry count for : http://localhost:63010 : 1
20:24:36.433 [Forwarding getCurrentUrl on session dec9b90465a16d0d2ec2e06c03c644d2 to remote] DEBUG org.asynchttpclient.netty.request.NettyRequestSender - Using pooled Channel '[id: 0xf82fb240, L:/127.0.0.1:63008 - R:localhost/127.0.0.1:55242]' for 'GET' to 'http://localhost:55242/session/dec9b90465a16d0d2ec2e06c03c644d2/url'
20:24:36.434 [Forwarding getCurrentUrl on session dec9b90465a16d0d2ec2e06c03c644d2 to remote] DEBUG org.asynchttpclient.netty.request.NettyRequestSender - Using open Channel [id: 0xf82fb240, L:/127.0.0.1:63008 - R:localhost/127.0.0.1:55242] for GET '/session/dec9b90465a16d0d2ec2e06c03c644d2/url'
20:24:36.438 [AsyncHttpClient-1-10] DEBUG org.asynchttpclient.netty.handler.HttpHandler - 

Request DefaultFullHttpRequest(decodeResult: success, version: HTTP/1.1, content: EmptyByteBufBE)
GET /session/dec9b90465a16d0d2ec2e06c03c644d2/url HTTP/1.1
User-Agent: selenium/4.1.2 (java windows)
Cache-Control: no-cache
Content-Type: application/json; charset=utf-8
host: localhost:55242
accept: */*

Response DefaultHttpResponse(decodeResult: success, version: HTTP/1.1)
HTTP/1.1 200 OK
Content-Type: application/json; charset=utf-8
cache-control: no-cache
content-length: 41

20:24:36.438 [AsyncHttpClient-1-10] DEBUG org.asynchttpclient.netty.channel.ChannelManager - Adding key: http://localhost:55242 for channel [id: 0xf82fb240, L:/127.0.0.1:63008 - R:localhost/127.0.0.1:55242]
  &amp#27;[31mAnd &amp#27;[0m&amp#27;[31mI click login button&amp#27;[0m                      &amp#27;[90m# starter.stepdefinitions.LoginStep.iClickLoginButton()&amp#27;[0m
      &amp#27;[31mnet.thucydides.core.webdriver.exceptions.ElementShouldBeEnabledException: Expected enabled element was not enabled
	at net.serenitybdd.core.pages.WebElementFacadeImpl.waitUntilEnabled(WebElementFacadeImpl.java:1100)
	at net.serenitybdd.core.pages.WebElementFacadeImpl.waitUntilElementAvailable(WebElementFacadeImpl.java:888)
	at net.serenitybdd.core.pages.WebElementFacadeImpl.click(WebElementFacadeImpl.java:1182)
	at net.serenitybdd.core.pages.WebElementFacadeImpl.click(WebElementFacadeImpl.java:1201)
	at AltaShop@1.0-SNAPSHOT/starter.pages.LoginPage.ClickBtnLogin(LoginPage.java:29)
	at AltaShop@1.0-SNAPSHOT/starter.pages.LoginPage$ByteBuddy$0y5FowtZ.ClickBtnLogin$accessor$9n6zCn55(Unknown Source)
	at java.base/jdk.internal.reflect.NativeMethodAccessorImpl.invoke0(Native Method)
	at java.base/jdk.internal.reflect.NativeMethodAccessorImpl.invoke(NativeMethodAccessorImpl.java:62)
	at java.base/jdk.internal.reflect.DelegatingMethodAccessorImpl.invoke(DelegatingMethodAccessorImpl.java:43)
	at java.base/java.lang.reflect.Method.invoke(Method.java:567)
	at net.thucydides.core.steps.BaseMethodRunner.invokeMethod(BaseMethodRunner.java:18)
	at net.thucydides.core.steps.NormalMethodRunner.invokeMethodAndNotifyFailures(NormalMethodRunner.java:18)
	at net.thucydides.core.steps.StepInterceptor.runNormalMethod(StepInterceptor.java:406)
	at net.thucydides.core.steps.StepInterceptor.testStepResult(StepInterceptor.java:191)
	at net.thucydides.core.steps.StepInterceptor.intercept(StepInterceptor.java:84)
	at net.thucydides.core.steps.ProxyConfiguration$InterceptorDispatcher.intercept(ProxyConfiguration.java:51)
	at AltaShop@1.0-SNAPSHOT/starter.pages.LoginPage$ByteBuddy$0y5FowtZ.ClickBtnLogin(Unknown Source)
	at AltaShop@1.0-SNAPSHOT/starter.stepdefinitions.LoginStep.iClickLoginButton(LoginStep.java:31)
	at âœ½.I click login button(file:///C:/Users/alwi/IdeaProjects/AltaShop/src/test/resources/features/Register.feature:8)
Caused by: org.openqa.selenium.TimeoutException: Expected condition failed: waiting for By.xpath: //button[@class = 'v-btn v-btn--is-elevated v-btn--has-bg theme--light v-size--default primary'] to be enabled (tried for 5 second(s) with 100 milliseconds interval)
	at org.openqa.selenium.support.ui.FluentWait.timeoutException(FluentWait.java:263)
	at org.openqa.selenium.support.ui.FluentWait.until(FluentWait.java:231)
	at net.serenitybdd.core.pages.WebElementFacadeImpl.waitUntilEnabled(WebElementFacadeImpl.java:1097)
	at net.serenitybdd.core.pages.WebElementFacadeImpl.waitUntilElementAvailable(WebElementFacadeImpl.java:888)
	at net.serenitybdd.core.pages.WebElementFacadeImpl.click(WebElementFacadeImpl.java:1182)
	at net.serenitybdd.core.pages.WebElementFacadeImpl.click(WebElementFacadeImpl.java:1201)
	at AltaShop@1.0-SNAPSHOT/starter.pages.LoginPage.ClickBtnLogin(LoginPage.java:29)
	at AltaShop@1.0-SNAPSHOT/starter.pages.LoginPage$ByteBuddy$0y5FowtZ.ClickBtnLogin$accessor$9n6zCn55(Unknown Source)
	at java.base/jdk.internal.reflect.NativeMethodAccessorImpl.invoke0(Native Method)
	at java.base/jdk.internal.reflect.NativeMethodAccessorImpl.invoke(NativeMethodAccessorImpl.java:62)
	at java.base/jdk.internal.reflect.DelegatingMethodAccessorImpl.invoke(DelegatingMethodAccessorImpl.java:43)
	at java.base/java.lang.reflect.Method.invoke(Method.java:567)
	at net.thucydides.core.steps.BaseMethodRunner.invokeMethod(BaseMethodRunner.java:18)
	at net.thucydides.core.steps.NormalMethodRunner.invokeMethodAndNotifyFailures(NormalMethodRunner.java:18)
	at net.thucydides.core.steps.StepInterceptor.runNormalMethod(StepInterceptor.java:406)
	at net.thucydides.core.steps.StepInterceptor.testStepResult(StepInterceptor.java:191)
	at net.thucydides.core.steps.StepInterceptor.intercept(StepInterceptor.java:84)
	at net.thucydides.core.steps.ProxyConfiguration$InterceptorDispatcher.intercept(ProxyConfiguration.java:51)
	at AltaShop@1.0-SNAPSHOT/starter.pages.LoginPage$ByteBuddy$0y5FowtZ.ClickBtnLogin(Unknown Source)
	at AltaShop@1.0-SNAPSHOT/starter.stepdefinitions.LoginStep.iClickLoginButton(LoginStep.java:31)
	at java.base/jdk.internal.reflect.NativeMethodAccessorImpl.invoke0(Native Method)
	at java.base/jdk.internal.reflect.NativeMethodAccessorImpl.invoke(NativeMethodAccessorImpl.java:62)
	at java.base/jdk.internal.reflect.DelegatingMethodAccessorImpl.invoke(DelegatingMethodAccessorImpl.java:43)
	at java.base/java.lang.reflect.Method.invoke(Method.java:567)
	at io.cucumber.java.Invoker.doInvoke(Invoker.java:66)
	at io.cucumber.java.Invoker.invoke(Invoker.java:24)
	at io.cucumber.java.AbstractGlueDefinition.invokeMethod(AbstractGlueDefinition.java:47)
	at io.cucumber.java.JavaStepDefinition.execute(JavaStepDefinition.java:29)
	at io.cucumber.core.runner.CoreStepDefinition.execute(CoreStepDefinition.java:66)
	at io.cucumber.core.runner.PickleStepDefinitionMatch.runStep(PickleStepDefinitionMatch.java:63)
	at io.cucumber.core.runner.ExecutionMode$1.execute(ExecutionMode.java:10)
	at io.cucumber.core.runner.TestStep.executeStep(TestStep.java:86)
	at io.cucumber.core.runner.TestStep.run(TestStep.java:57)
	at io.cucumber.core.runner.PickleStepTestStep.run(PickleStepTestStep.java:51)
	at io.cucumber.core.runner.TestCase.run(TestCase.java:95)
	at io.cucumber.core.runner.Runner.runPickle(Runner.java:75)
	at io.cucumber.junit.PickleRunners$NoStepDescriptions.lambda$run$0(PickleRunners.java:151)
	at io.cucumber.core.runtime.CucumberExecutionContext.lambda$runTestCase$3(CucumberExecutionContext.java:151)
	at io.cucumber.core.runtime.RethrowingThrowableCollector.executeAndThrow(RethrowingThrowableCollector.java:23)
	at io.cucumber.core.runtime.CucumberExecutionContext.runTestCase(CucumberExecutionContext.java:151)
	at io.cucumber.junit.PickleRunners$NoStepDescriptions.run(PickleRunners.java:148)
	at io.cucumber.junit.FeatureRunner.runChild(FeatureRunner.java:144)
	at io.cucumber.junit.FeatureRunner.runChild(FeatureRunner.java:28)
	at org.junit.runners.ParentRunner$4.run(ParentRunner.java:331)
	at org.junit.runners.ParentRunner$1.schedule(ParentRunner.java:79)
	at org.junit.runners.ParentRunner.runChildren(ParentRunner.java:329)
	at org.junit.runners.ParentRunner.access$100(ParentRunner.java:66)
	at org.junit.runners.ParentRunner$2.evaluate(ParentRunner.java:293)
	at org.junit.runners.ParentRunner$3.evaluate(ParentRunner.java:306)
	at org.junit.runners.ParentRunner.run(ParentRunner.java:413)
	at io.cucumber.junit.FeatureRunner.run(FeatureRunner.java:137)
	at io.cucumber.junit.CucumberSerenityRunner.runChild(CucumberSerenityRunner.java:258)
	at io.cucumber.junit.CucumberSerenityRunner.runChild(CucumberSerenityRunner.java:58)
	at org.junit.runners.ParentRunner$4.run(ParentRunner.java:331)
	at org.junit.runners.ParentRunner$1.schedule(ParentRunner.java:79)
	at org.junit.runners.ParentRunner.runChildren(ParentRunner.java:329)
	at org.junit.runners.ParentRunner.access$100(ParentRunner.java:66)
	at org.junit.runners.ParentRunner$2.evaluate(ParentRunner.java:293)
	at io.cucumber.junit.CucumberSerenityRunner$RunCucumber.evaluate(CucumberSerenityRunner.java:287)
	at org.junit.runners.ParentRunner$3.evaluate(ParentRunner.java:306)
	at org.junit.runners.ParentRunner.run(ParentRunner.java:413)
	at org.junit.runner.JUnitCore.run(JUnitCore.java:137)
	at org.junit.runner.JUnitCore.run(JUnitCore.java:115)
	at org.junit.vintage.engine.execution.RunnerExecutor.execute(RunnerExecutor.java:42)
	at org.junit.vintage.engine.VintageTestEngine.executeAllChildren(VintageTestEngine.java:80)
	at org.junit.vintage.engine.VintageTestEngine.execute(VintageTestEngine.java:72)
	at org.junit.platform.launcher.core.EngineExecutionOrchestrator.execute(EngineExecutionOrchestrator.java:107)
	at org.junit.platform.launcher.core.EngineExecutionOrchestrator.execute(EngineExecutionOrchestrator.java:88)
	at org.junit.platform.launcher.core.EngineExecutionOrchestrator.lambda$execute$0(EngineExecutionOrchestrator.java:54)
	at org.junit.platform.launcher.core.EngineExecutionOrchestrator.withInterceptedStreams(EngineExecutionOrchestrator.java:67)
	at org.junit.platform.launcher.core.EngineExecutionOrchestrator.execute(EngineExecutionOrchestrator.java:52)
	at org.junit.platform.launcher.core.DefaultLauncher.execute(DefaultLauncher.java:114)
	at org.junit.platform.launcher.core.DefaultLauncher.execute(DefaultLauncher.java:86)
	at org.junit.platform.launcher.core.DefaultLauncherSession$DelegatingLauncher.execute(DefaultLauncherSession.java:86)
	at org.junit.platform.launcher.core.SessionPerRequestLauncher.execute(SessionPerRequestLauncher.java:53)
	at org.apache.maven.surefire.junitplatform.JUnitPlatformProvider.execute(JUnitPlatformProvider.java:188)
	at org.apache.maven.surefire.junitplatform.JUnitPlatformProvider.invokeAllTests(JUnitPlatformProvider.java:154)
	at org.apache.maven.surefire.junitplatform.JUnitPlatformProvider.invoke(JUnitPlatformProvider.java:128)
	at org.apache.maven.surefire.booter.ForkedBooter.runSuitesInProcess(ForkedBooter.java:428)
	at org.apache.maven.surefire.booter.ForkedBooter.execute(ForkedBooter.java:162)
	at org.apache.maven.surefire.booter.ForkedBooter.run(ForkedBooter.java:562)
	at org.apache.maven.surefire.booter.ForkedBooter.main(ForkedBooter.java:548)
Caused by: org.openqa.selenium.NoSuchElementException: no such element: Unable to locate element: {"method":"xpath","selector":"//button[@class = 'v-btn v-btn--is-elevated v-btn--has-bg theme--light v-size--default primary']"}
  (Session info: chrome=106.0.5249.119)
For documentation on this error, please visit: https://selenium.dev/exceptions/#no_such_element
Build info: version: '4.1.2', revision: '9a5a329c5a'
System info: host: 'DESKTOP-3MAQDS2', ip: '192.168.1.5', os.name: 'Windows 10', os.arch: 'amd64', os.version: '10.0', java.version: '13.0.2'
Driver info: org.openqa.selenium.chrome.ChromeDriver
Command: [dec9b90465a16d0d2ec2e06c03c644d2, findElement {using=xpath, value=//button[@class = 'v-btn v-btn--is-elevated v-btn--has-bg theme--light v-size--default primary']}]
Capabilities {acceptInsecureCerts: false, browserName: chrome, browserVersion: 106.0.5249.119, chrome: {chromedriverVersion: 105.0.5195.52 (412c95e51883..., userDataDir: C:\Users\alwi\AppData\Local...}, goog:chromeOptions: {debuggerAddress: localhost:63010}, javascriptEnabled: true, networkConnectionEnabled: false, pageLoadStrategy: normal, platform: WINDOWS, platformName: WINDOWS, proxy: Proxy(), se:cdp: ws://localhost:63010/devtoo..., se:cdpVersion: 106.0.5249.119, setWindowRect: true, strictFileInteractability: false, timeouts: {implicit: 0, pageLoad: 300000, script: 30000}, unhandledPromptBehavior: dismiss and notify, webauthn:extension:credBlob: true, webauthn:extension:largeBlob: true, webauthn:virtualAuthenticators: true}
Session ID: dec9b90465a16d0d2ec2e06c03c644d2
	at java.base/jdk.internal.reflect.NativeConstructorAccessorImpl.newInstance0(Native Method)
	at java.base/jdk.internal.reflect.NativeConstructorAccessorImpl.newInstance(NativeConstructorAccessorImpl.java:62)
	at java.base/jdk.internal.reflect.DelegatingConstructorAccessorImpl.newInstance(DelegatingConstructorAccessorImpl.java:45)
	at java.base/java.lang.reflect.Constructor.newInstanceWithCaller(Constructor.java:500)
	at java.base/java.lang.reflect.Constructor.newInstance(Constructor.java:481)
	at org.openqa.selenium.remote.codec.w3c.W3CHttpResponseCodec.createException(W3CHttpResponseCodec.java:200)
	at org.openqa.selenium.remote.codec.w3c.W3CHttpResponseCodec.decode(W3CHttpResponseCodec.java:133)
	at org.openqa.selenium.remote.codec.w3c.W3CHttpResponseCodec.decode(W3CHttpResponseCodec.java:53)
	at org.openqa.selenium.remote.HttpCommandExecutor.execute(HttpCommandExecutor.java:184)
	at org.openqa.selenium.remote.service.DriverCommandExecutor.invokeExecute(DriverCommandExecutor.java:167)
	at org.openqa.selenium.remote.service.DriverCommandExecutor.execute(DriverCommandExecutor.java:142)
	at org.openqa.selenium.remote.RemoteWebDriver.execute(RemoteWebDriver.java:558)
	at org.openqa.selenium.remote.ElementLocation$ElementFinder$2.findElement(ElementLocation.java:162)
	at org.openqa.selenium.remote.ElementLocation.findElement(ElementLocation.java:60)
	at org.openqa.selenium.remote.RemoteWebDriver.findElement(RemoteWebDriver.java:382)
	at org.openqa.selenium.remote.RemoteWebDriver.findElement(RemoteWebDriver.java:374)
	at net.thucydides.core.webdriver.WebDriverFacade.findElement(WebDriverFacade.java:224)
	at net.serenitybdd.core.pages.WebElementResolverByLocator.resolveForDriver(WebElementResolverByLocator.java:25)
	at net.serenitybdd.core.pages.WebElementFacadeImpl.getResolvedElement(WebElementFacadeImpl.java:191)
	at net.serenitybdd.core.pages.WebElementFacadeImpl.getElement(WebElementFacadeImpl.java:186)
	at net.serenitybdd.core.pages.WebElementExpectations$3.apply(WebElementExpectations.java:63)
	at net.serenitybdd.core.pages.WebElementExpectations$3.apply(WebElementExpectations.java:55)
	at org.openqa.selenium.support.ui.FluentWait.until(FluentWait.java:208)
	... 80 more
&amp#27;[0m
  &amp#27;[36mAnd &amp#27;[0m&amp#27;[36mI click register button&amp#27;[0m                   &amp#27;[90m# starter.stepdefinitions.RegisterStep.iClickRegisterButton()&amp#27;[0m
  &amp#27;[36mWhen &amp#27;[0m&amp#27;[36mI input fullname register &amp#27;[0m&amp#27;[36m&amp#27;[1m"naixxy12"&amp#27;[0m     &amp#27;[90m# starter.stepdefinitions.RegisterStep.iInputFullnameRegister(java.lang.String)&amp#27;[0m
  &amp#27;[36mAnd &amp#27;[0m&amp#27;[36mI input email register &amp#27;[0m&amp#27;[36m&amp#27;[1m"naixxy@co.uk"&amp#27;[0m     &amp#27;[90m# starter.stepdefinitions.RegisterStep.iInputEmailRegister(java.lang.String)&amp#27;[0m
  &amp#27;[36mAnd &amp#27;[0m&amp#27;[36mI input password register &amp#27;[0m&amp#27;[36m&amp#27;[1m"1234"&amp#27;[0m          &amp#27;[90m# starter.stepdefinitions.RegisterStep.iInputPasswordRegister(java.lang.String)&amp#27;[0m
  &amp#27;[36mAnd &amp#27;[0m&amp#27;[36mI click submit register button&amp#27;[0m            &amp#27;[90m# starter.stepdefinitions.RegisterStep.iClickSubmitRegisterButton()&amp#27;[0m
  &amp#27;[36mThen &amp#27;[0m&amp#27;[36mI will get the result register &amp#27;[0m&amp#27;[36m&amp#27;[1m"success"&amp#27;[0m &amp#27;[90m# starter.stepdefinitions.RegisterStep.iWillGetTheResultRegister(java.lang.String)&amp#27;[0m
20:24:36.593 [Driver Command Executor] DEBUG org.asynchttpclient.netty.request.NettyRequestSender - Using pooled Channel '[id: 0xf82fb240, L:/127.0.0.1:63008 - R:localhost/127.0.0.1:55242]' for 'DELETE' to 'http://localhost:55242/session/dec9b90465a16d0d2ec2e06c03c644d2'
20:24:36.593 [Driver Command Executor] DEBUG org.asynchttpclient.netty.request.NettyRequestSender - Using open Channel [id: 0xf82fb240, L:/127.0.0.1:63008 - R:localhost/127.0.0.1:55242] for DELETE '/session/dec9b90465a16d0d2ec2e06c03c644d2'
20:24:36.592 [AsyncHttpClient-1-12] DEBUG org.asynchttpclient.netty.handler.WebSocketHandler - Channel Closed: [id: 0xbb21851a, L:/127.0.0.1:63017 ! R:localhost/127.0.0.1:63010] with attribute NettyResponseFuture{currentRetry=5,
	isDone=1,
	isCancelled=0,
	asyncHandler=org.asynchttpclient.ws.WebSocketUpgradeHandler@3edcdcb9,
	nettyRequest=org.asynchttpclient.netty.request.NettyRequest@4629ca65,
	future=java.util.concurrent.CompletableFuture@460b96d0[Completed normally],
	uri=ws://localhost:63010/devtools/browser/2a1d78cf-3fb8-460e-a333-fb7a148d90af,
	keepAlive=true,
	redirectCount=0,
	timeoutsHolder=null,
	inAuth=0,
	touch=1666790668985}
20:24:36.593 [AsyncHttpClient-1-12] DEBUG org.asynchttpclient.netty.channel.ChannelManager - Closing Channel [id: 0xbb21851a, L:/127.0.0.1:63017 ! R:localhost/127.0.0.1:63010] 
20:24:36.631 [AsyncHttpClient-1-11] DEBUG org.asynchttpclient.netty.handler.HttpHandler - Unexpected I/O exception on channel [id: 0xd608ee3f, L:/127.0.0.1:63016 - R:localhost/127.0.0.1:63010]
java.net.SocketException: Connection reset
	at java.base/sun.nio.ch.SocketChannelImpl.throwConnectionReset(SocketChannelImpl.java:345)
	at java.base/sun.nio.ch.SocketChannelImpl.read(SocketChannelImpl.java:376)
	at io.netty.buffer.PooledByteBuf.setBytes(PooledByteBuf.java:258)
	at io.netty.buffer.AbstractByteBuf.writeBytes(AbstractByteBuf.java:1132)
	at io.netty.channel.socket.nio.NioSocketChannel.doReadBytes(NioSocketChannel.java:350)
	at io.netty.channel.nio.AbstractNioByteChannel$NioByteUnsafe.read(AbstractNioByteChannel.java:151)
	at io.netty.channel.nio.NioEventLoop.processSelectedKey(NioEventLoop.java:722)
	at io.netty.channel.nio.NioEventLoop.processSelectedKeysOptimized(NioEventLoop.java:658)
	at io.netty.channel.nio.NioEventLoop.processSelectedKeys(NioEventLoop.java:584)
	at io.netty.channel.nio.NioEventLoop.run(NioEventLoop.java:496)
	at io.netty.util.concurrent.SingleThreadEventExecutor$4.run(SingleThreadEventExecutor.java:986)
	at io.netty.util.internal.ThreadExecutorMap$2.run(ThreadExecutorMap.java:74)
	at io.netty.util.concurrent.FastThreadLocalRunnable.run(FastThreadLocalRunnable.java:30)
	at java.base/java.lang.Thread.run(Thread.java:830)
20:24:36.631 [AsyncHttpClient-1-11] DEBUG org.asynchttpclient.netty.channel.ChannelManager - Closing Channel [id: 0xd608ee3f, L:/127.0.0.1:63016 - R:localhost/127.0.0.1:63010] 
20:24:36.632 [AsyncHttpClient-1-11] DEBUG org.asynchttpclient.netty.handler.HttpHandler - Channel Closed: [id: 0xd608ee3f, L:/127.0.0.1:63016 ! R:localhost/127.0.0.1:63010] with attribute DISCARD
20:24:36.649 [AsyncHttpClient-1-10] DEBUG org.asynchttpclient.netty.handler.HttpHandler - 

Request DefaultFullHttpRequest(decodeResult: success, version: HTTP/1.1, content: EmptyByteBufBE)
DELETE /session/dec9b90465a16d0d2ec2e06c03c644d2 HTTP/1.1
User-Agent: selenium/4.1.2 (java windows)
Content-Type: application/json; charset=utf-8
host: localhost:55242
accept: */*

Response DefaultHttpResponse(decodeResult: success, version: HTTP/1.1)
HTTP/1.1 200 OK
Content-Type: application/json; charset=utf-8
cache-control: no-cache
content-length: 14

20:24:36.649 [AsyncHttpClient-1-10] DEBUG org.asynchttpclient.netty.channel.ChannelManager - Adding key: http://localhost:55242 for channel [id: 0xf82fb240, L:/127.0.0.1:63008 - R:localhost/127.0.0.1:55242]
20:24:36.725 [AsyncHttpClient-1-10] DEBUG org.asynchttpclient.netty.handler.HttpHandler - Channel Closed: [id: 0xf82fb240, L:/127.0.0.1:63008 ! R:localhost/127.0.0.1:55242] with attribute DISCARD
20:24:37.252 [main] ERROR  - 
  _____   ___   ___   _____     ___     _     ___   _      ___   ___  
 |_   _| | __| / __| |_   _|   | __|   /_\   |_ _| | |    | __| |   \ 
   | |   | _|  \__ \   | |     | _|   / _ \   | |  | |__  | _|  | |) |
   |_|   |___| |___/   |_|     |_|   /_/ \_\ |___| |____| |___| |___/ 


-----------------------------------------------------------------------
20:24:37.254 [main] DEBUG  - RELATED ISSUES: 
20:24:37.256 [main] ERROR  -     Test failed at step: Click btn login
20:24:37.256 [main] ERROR  -     Expected enabled element was not enabledBuild info: version: '4.1.2', revision: '9a5a329c5a'System info: host: 'DESKTOP-3MAQDS2', ip: '192.168.1.5', os.name: 'Windows 10', os.arch: 'amd64', os.version: '10.0', java.version: '13.0.2'Driver info: driver.version: unknown
]]></system-out>
    <system-err><![CDATA[Starting ChromeDriver 105.0.5195.52 (412c95e518836d8a7d97250d62b29c2ae6a26a85-refs/branch-heads/5195@{#853}) on port 55242
Only local connections are allowed.
Please see https://chromedriver.chromium.org/security-considerations for suggestions on keeping ChromeDriver safe.
ChromeDriver was started successfully.
[1666790668.958][WARNING]: This version of ChromeDriver has not been tested with Chrome version 106.
Okt 26, 2022 8:24:28 PM org.openqa.selenium.remote.ProtocolHandshake createSession
INFO: Detected dialect: W3C
Okt 26, 2022 8:24:28 PM org.openqa.selenium.devtools.CdpVersionFinder findNearestMatch
WARNING: Unable to find an exact match for CDP version 106, so returning the closest version found: a no-op implementation
Okt 26, 2022 8:24:28 PM org.openqa.selenium.devtools.CdpVersionFinder findNearestMatch
INFO: Unable to find CDP implementation matching 106.
Okt 26, 2022 8:24:28 PM org.openqa.selenium.chromium.ChromiumDriver lambda$new$3
WARNING: Unable to find version of CDP to use for . You may need to include a dependency on a specific version of the CDP using something similar to `org.seleniumhq.selenium:selenium-devtools-v86:4.1.2` where the version ("v86") matches the version of the chromium-based browser you're using and the version number of the artifact is the same as Selenium's.
]]></system-err>
  </testcase>
  <testcase name=" #2" classname="Register" time="10.2">
    <error type="net.thucydides.core.webdriver.exceptions.ElementShouldBeEnabledException"><![CDATA[net.thucydides.core.webdriver.exceptions.ElementShouldBeEnabledException: Expected enabled element was not enabled
Caused by: org.openqa.selenium.TimeoutException: Expected condition failed: waiting for By.xpath: //button[@class = 'v-btn v-btn--is-elevated v-btn--has-bg theme--light v-size--default primary'] to be enabled (tried for 5 second(s) with 100 milliseconds interval)
Caused by: org.openqa.selenium.NoSuchElementException: 
no such element: Unable to locate element: {"method":"xpath","selector":"//button[@class = 'v-btn v-btn--is-elevated v-btn--has-bg theme--light v-size--default primary']"}
  (Session info: chrome=106.0.5249.119)
For documentation on this error, please visit: https://selenium.dev/exceptions/#no_such_element
Build info: version: '4.1.2', revision: '9a5a329c5a'
System info: host: 'DESKTOP-3MAQDS2', ip: '192.168.1.5', os.name: 'Windows 10', os.arch: 'amd64', os.version: '10.0', java.version: '13.0.2'
Driver info: org.openqa.selenium.chrome.ChromeDriver
Command: [535f9b7633be45040e4b9b027186d6cf, findElement {using=xpath, value=//button[@class = 'v-btn v-btn--is-elevated v-btn--has-bg theme--light v-size--default primary']}]
Capabilities {acceptInsecureCerts: false, browserName: chrome, browserVersion: 106.0.5249.119, chrome: {chromedriverVersion: 105.0.5195.52 (412c95e51883..., userDataDir: C:\Users\alwi\AppData\Local...}, goog:chromeOptions: {debuggerAddress: localhost:63054}, javascriptEnabled: true, networkConnectionEnabled: false, pageLoadStrategy: normal, platform: WINDOWS, platformName: WINDOWS, proxy: Proxy(), se:cdp: ws://localhost:63054/devtoo..., se:cdpVersion: 106.0.5249.119, setWindowRect: true, strictFileInteractability: false, timeouts: {implicit: 0, pageLoad: 300000, script: 30000}, unhandledPromptBehavior: dismiss and notify, webauthn:extension:credBlob: true, webauthn:extension:largeBlob: true, webauthn:virtualAuthenticators: true}
Session ID: 535f9b7633be45040e4b9b027186d6cf
]]></error>
    <system-out><![CDATA[
Scenario Outline:                              &amp#27;[90m# src/test/resources/features/Register.feature:18&amp#27;[0m
20:24:37.277 [main] INFO io.cucumber.core.plugin.SerenityReporter - Running feature from file:///C:/Users/alwi/IdeaProjects/AltaShop/src/test/resources/features/Register.feature
20:24:37.288 [main] INFO net.serenitybdd.core.webdriver.driverproviders.ChromeDriverProvider - Using automatically driver download
20:24:37.464 [AsyncHttpClient-1-1] DEBUG org.asynchttpclient.netty.channel.DefaultChannelPool - Entry count for : http://localhost:55242 : 1
20:24:37.464 [AsyncHttpClient-1-1] DEBUG org.asynchttpclient.netty.channel.DefaultChannelPool - Entry count for : http://localhost:63010 : 1
20:24:37.464 [AsyncHttpClient-1-1] DEBUG org.asynchttpclient.netty.channel.DefaultChannelPool - Adding Candidate expired Channel [id: 0xf82fb240, L:/127.0.0.1:63008 ! R:localhost/127.0.0.1:55242] isIdleTimeoutExpired=false isRemotelyClosed=true isTtlExpired=false
20:24:37.464 [AsyncHttpClient-1-1] DEBUG org.asynchttpclient.netty.channel.DefaultChannelPool - Closing Idle Channel [id: 0xf82fb240, L:/127.0.0.1:63008 ! R:localhost/127.0.0.1:55242]
20:24:37.464 [AsyncHttpClient-1-1] DEBUG org.asynchttpclient.netty.channel.DefaultChannelPool - Adding Candidate expired Channel [id: 0xd608ee3f, L:/127.0.0.1:63016 ! R:localhost/127.0.0.1:63010] isIdleTimeoutExpired=false isRemotelyClosed=true isTtlExpired=false
20:24:37.464 [AsyncHttpClient-1-1] DEBUG org.asynchttpclient.netty.channel.DefaultChannelPool - Closing Idle Channel [id: 0xd608ee3f, L:/127.0.0.1:63016 ! R:localhost/127.0.0.1:63010]
20:24:37.464 [AsyncHttpClient-1-1] DEBUG org.asynchttpclient.netty.channel.DefaultChannelPool - Closed 2 connections out of 2 in 0 ms
20:24:37.470 [main] DEBUG io.github.bonigarcia.wdm.cache.ResolutionCache - Resolution chrome=106 in cache (valid until 20:56:42 26/10/2022 ICT)
20:24:37.481 [main] DEBUG io.github.bonigarcia.wdm.cache.ResolutionCache - Resolution chrome106=106.0.5249.61 in cache (valid until 22:47:25 26/10/2022 WIB)
20:24:37.484 [main] INFO io.github.bonigarcia.wdm.WebDriverManager - Using chromedriver 106.0.5249.61 (resolved driver for Chrome 106)
20:24:37.498 [main] DEBUG io.github.bonigarcia.wdm.WebDriverManager - Driver chromedriver 106.0.5249.61 found in cache
20:24:37.498 [main] INFO io.github.bonigarcia.wdm.WebDriverManager - Exporting webdriver.chrome.driver as C:\Users\alwi\.cache\selenium\chromedriver\win32\106.0.5249.61\chromedriver.exe
20:24:37.666 [main] DEBUG net.serenitybdd.core.webdriver.driverproviders.ProvideNewDriver - Instantiating driver
20:24:37.666 [main] DEBUG net.serenitybdd.core.webdriver.driverproviders.ProvideNewDriver - Driver capabilities: Capabilities {acceptInsecureCerts: false, base.url: https://alta-shop.vercel.app, browserName: chrome, chrome.driver: src/test/resources/webdrive..., driver: chrome, goog:chromeOptions: {args: [], extensions: []}, wait.for.timeout: 5000}
20:24:38.214 [AsyncHttpClient-1-13] DEBUG org.asynchttpclient.netty.channel.NettyConnectListener - Using new Channel '[id: 0x5857fd96, L:/127.0.0.1:63053 - R:localhost/127.0.0.1:60335]' for 'POST' to '/session'
20:24:38.988 [AsyncHttpClient-1-13] DEBUG org.asynchttpclient.netty.handler.HttpHandler - 

Request DefaultHttpRequest(decodeResult: success, version: HTTP/1.1)
POST /session HTTP/1.1
User-Agent: selenium/4.1.2 (java windows)
Content-Length: 639
Content-Type: application/json; charset=utf-8
host: localhost:60335
accept: */*

Response DefaultHttpResponse(decodeResult: success, version: HTTP/1.1)
HTTP/1.1 200 OK
Content-Type: application/json; charset=utf-8
cache-control: no-cache
content-length: 790

20:24:38.988 [AsyncHttpClient-1-13] DEBUG org.asynchttpclient.netty.channel.ChannelManager - Adding key: http://localhost:60335 for channel [id: 0x5857fd96, L:/127.0.0.1:63053 - R:localhost/127.0.0.1:60335]
20:24:38.997 [AsyncHttpClient-1-14] DEBUG org.asynchttpclient.netty.channel.NettyConnectListener - Using new Channel '[id: 0x5354dc91, L:/127.0.0.1:63061 - R:localhost/127.0.0.1:63054]' for 'GET' to '/json/version'
20:24:38.998 [AsyncHttpClient-1-14] DEBUG org.asynchttpclient.netty.handler.HttpHandler - 

Request DefaultFullHttpRequest(decodeResult: success, version: HTTP/1.1, content: EmptyByteBufBE)
GET /json/version HTTP/1.1
User-Agent: selenium/4.1.2 (java windows)
host: localhost:63054
accept: */*

Response DefaultHttpResponse(decodeResult: success, version: HTTP/1.1)
HTTP/1.1 200 OK
Content-Type: application/json; charset=UTF-8
content-length: 424

20:24:38.998 [AsyncHttpClient-1-14] DEBUG org.asynchttpclient.netty.channel.ChannelManager - Adding key: http://localhost:63054 for channel [id: 0x5354dc91, L:/127.0.0.1:63061 - R:localhost/127.0.0.1:63054]
20:24:39.001 [AsyncHttpClient-1-15] DEBUG org.asynchttpclient.netty.channel.NettyConnectListener - Using new Channel '[id: 0xdb8d23ec, L:/127.0.0.1:63062 - R:localhost/127.0.0.1:63054]' for 'GET' to '/devtools/browser/c1a95010-7d1d-4c5a-beb5-dd5236d1a9fd'
20:24:39.002 [AsyncHttpClient-1-15] DEBUG org.asynchttpclient.netty.handler.WebSocketHandler - 

Request DefaultFullHttpRequest(decodeResult: success, version: HTTP/1.1, content: EmptyByteBufBE)
GET /devtools/browser/c1a95010-7d1d-4c5a-beb5-dd5236d1a9fd HTTP/1.1
upgrade: websocket
connection: upgrade
sec-websocket-key: kB1/aXxEbFqRfHZwHkI2nA==
sec-websocket-version: 13
origin: http://localhost:63054
host: localhost:63054
accept: */*
user-agent: AHC/2.1

Response DefaultHttpResponse(decodeResult: success, version: HTTP/1.1)
HTTP/1.1 101 WebSocket Protocol Handshake
Upgrade: WebSocket
Connection: Upgrade
Sec-WebSocket-Accept: jckuRgww3Ih1s9AV+iJuxMOsatU=

20:24:39.006 [Forwarding get on session 535f9b7633be45040e4b9b027186d6cf to remote] DEBUG org.asynchttpclient.netty.request.NettyRequestSender - Using pooled Channel '[id: 0x5857fd96, L:/127.0.0.1:63053 - R:localhost/127.0.0.1:60335]' for 'POST' to 'http://localhost:60335/session/535f9b7633be45040e4b9b027186d6cf/url'
20:24:39.006 [Forwarding get on session 535f9b7633be45040e4b9b027186d6cf to remote] DEBUG org.asynchttpclient.netty.request.NettyRequestSender - Using open Channel [id: 0x5857fd96, L:/127.0.0.1:63053 - R:localhost/127.0.0.1:60335] for POST '/session/535f9b7633be45040e4b9b027186d6cf/url'
20:24:39.666 [AsyncHttpClient-1-1] DEBUG org.asynchttpclient.netty.channel.DefaultChannelPool - Entry count for : http://localhost:63054 : 1
20:24:39.731 [AsyncHttpClient-1-13] DEBUG org.asynchttpclient.netty.handler.HttpHandler - 

Request DefaultHttpRequest(decodeResult: success, version: HTTP/1.1)
POST /session/535f9b7633be45040e4b9b027186d6cf/url HTTP/1.1
User-Agent: selenium/4.1.2 (java windows)
Content-Length: 59
Content-Type: application/json; charset=utf-8
host: localhost:60335
accept: */*

Response DefaultHttpResponse(decodeResult: success, version: HTTP/1.1)
HTTP/1.1 200 OK
Content-Type: application/json; charset=utf-8
cache-control: no-cache
content-length: 14

20:24:39.731 [AsyncHttpClient-1-13] DEBUG org.asynchttpclient.netty.channel.ChannelManager - Adding key: http://localhost:60335 for channel [id: 0x5857fd96, L:/127.0.0.1:63053 - R:localhost/127.0.0.1:60335]
20:24:39.733 [Forwarding setTimeout on session 535f9b7633be45040e4b9b027186d6cf to remote] DEBUG org.asynchttpclient.netty.request.NettyRequestSender - Using pooled Channel '[id: 0x5857fd96, L:/127.0.0.1:63053 - R:localhost/127.0.0.1:60335]' for 'POST' to 'http://localhost:60335/session/535f9b7633be45040e4b9b027186d6cf/timeouts'
20:24:39.733 [Forwarding setTimeout on session 535f9b7633be45040e4b9b027186d6cf to remote] DEBUG org.asynchttpclient.netty.request.NettyRequestSender - Using open Channel [id: 0x5857fd96, L:/127.0.0.1:63053 - R:localhost/127.0.0.1:60335] for POST '/session/535f9b7633be45040e4b9b027186d6cf/timeouts'
20:24:39.735 [AsyncHttpClient-1-13] DEBUG org.asynchttpclient.netty.handler.HttpHandler - 

Request DefaultHttpRequest(decodeResult: success, version: HTTP/1.1)
POST /session/535f9b7633be45040e4b9b027186d6cf/timeouts HTTP/1.1
User-Agent: selenium/4.1.2 (java windows)
Content-Length: 22
Content-Type: application/json; charset=utf-8
host: localhost:60335
accept: */*

Response DefaultHttpResponse(decodeResult: success, version: HTTP/1.1)
HTTP/1.1 200 OK
Content-Type: application/json; charset=utf-8
cache-control: no-cache
content-length: 14

20:24:39.736 [AsyncHttpClient-1-13] DEBUG org.asynchttpclient.netty.channel.ChannelManager - Adding key: http://localhost:60335 for channel [id: 0x5857fd96, L:/127.0.0.1:63053 - R:localhost/127.0.0.1:60335]
20:24:39.740 [Forwarding getCurrentUrl on session 535f9b7633be45040e4b9b027186d6cf to remote] DEBUG org.asynchttpclient.netty.request.NettyRequestSender - Using pooled Channel '[id: 0x5857fd96, L:/127.0.0.1:63053 - R:localhost/127.0.0.1:60335]' for 'GET' to 'http://localhost:60335/session/535f9b7633be45040e4b9b027186d6cf/url'
20:24:39.740 [Forwarding getCurrentUrl on session 535f9b7633be45040e4b9b027186d6cf to remote] DEBUG org.asynchttpclient.netty.request.NettyRequestSender - Using open Channel [id: 0x5857fd96, L:/127.0.0.1:63053 - R:localhost/127.0.0.1:60335] for GET '/session/535f9b7633be45040e4b9b027186d6cf/url'
20:24:39.745 [AsyncHttpClient-1-13] DEBUG org.asynchttpclient.netty.handler.HttpHandler - 

Request DefaultFullHttpRequest(decodeResult: success, version: HTTP/1.1, content: EmptyByteBufBE)
GET /session/535f9b7633be45040e4b9b027186d6cf/url HTTP/1.1
User-Agent: selenium/4.1.2 (java windows)
Cache-Control: no-cache
Content-Type: application/json; charset=utf-8
host: localhost:60335
accept: */*

Response DefaultHttpResponse(decodeResult: success, version: HTTP/1.1)
HTTP/1.1 200 OK
Content-Type: application/json; charset=utf-8
cache-control: no-cache
content-length: 41

20:24:39.745 [AsyncHttpClient-1-13] DEBUG org.asynchttpclient.netty.channel.ChannelManager - Adding key: http://localhost:60335 for channel [id: 0x5857fd96, L:/127.0.0.1:63053 - R:localhost/127.0.0.1:60335]
  &amp#27;[32mGiven &amp#27;[0m&amp#27;[32mI am on the home page&amp#27;[0m                  &amp#27;[90m# starter.stepdefinitions.HomeStep.iAmOnTheHomePage()&amp#27;[0m
20:24:39.755 [Forwarding screenshot on session 535f9b7633be45040e4b9b027186d6cf to remote] DEBUG org.asynchttpclient.netty.request.NettyRequestSender - Using pooled Channel '[id: 0x5857fd96, L:/127.0.0.1:63053 - R:localhost/127.0.0.1:60335]' for 'GET' to 'http://localhost:60335/session/535f9b7633be45040e4b9b027186d6cf/screenshot'
20:24:39.755 [Forwarding screenshot on session 535f9b7633be45040e4b9b027186d6cf to remote] DEBUG org.asynchttpclient.netty.request.NettyRequestSender - Using open Channel [id: 0x5857fd96, L:/127.0.0.1:63053 - R:localhost/127.0.0.1:60335] for GET '/session/535f9b7633be45040e4b9b027186d6cf/screenshot'
20:24:39.906 [AsyncHttpClient-1-13] DEBUG org.asynchttpclient.netty.handler.HttpHandler - 

Request DefaultFullHttpRequest(decodeResult: success, version: HTTP/1.1, content: EmptyByteBufBE)
GET /session/535f9b7633be45040e4b9b027186d6cf/screenshot HTTP/1.1
User-Agent: selenium/4.1.2 (java windows)
Cache-Control: no-cache
Content-Type: application/json; charset=utf-8
host: localhost:60335
accept: */*

Response DefaultHttpResponse(decodeResult: success, version: HTTP/1.1)
HTTP/1.1 200 OK
Content-Type: application/json; charset=utf-8
cache-control: no-cache
content-length: 27636

20:24:39.907 [AsyncHttpClient-1-13] DEBUG org.asynchttpclient.netty.channel.ChannelManager - Adding key: http://localhost:60335 for channel [id: 0x5857fd96, L:/127.0.0.1:63053 - R:localhost/127.0.0.1:60335]
20:24:39.909 [main] DEBUG net.serenitybdd.core.photography.Darkroom - Send negative for processing for target\site\serenity\4ad2e2f293196c561a2286eee3f14b5791652939e551142f0e8f5b35c87a15ab.png
20:24:39.910 [Darkroom Processing Line] DEBUG net.serenitybdd.core.photography.DarkroomProcessingLine - Processing screenshot image in /var/screenshots/screenshot-7728383489140511513
20:24:39.910 [Darkroom Processing Line] DEBUG net.serenitybdd.core.photography.DarkroomProcessingLine - Saving screenshot to target\site\serenity\4ad2e2f293196c561a2286eee3f14b5791652939e551142f0e8f5b35c87a15ab.png
20:24:39.927 [Forwarding findElement on session 535f9b7633be45040e4b9b027186d6cf to remote] DEBUG org.asynchttpclient.netty.request.NettyRequestSender - Using pooled Channel '[id: 0x5857fd96, L:/127.0.0.1:63053 - R:localhost/127.0.0.1:60335]' for 'POST' to 'http://localhost:60335/session/535f9b7633be45040e4b9b027186d6cf/element'
20:24:39.927 [Forwarding findElement on session 535f9b7633be45040e4b9b027186d6cf to remote] DEBUG org.asynchttpclient.netty.request.NettyRequestSender - Using open Channel [id: 0x5857fd96, L:/127.0.0.1:63053 - R:localhost/127.0.0.1:60335] for POST '/session/535f9b7633be45040e4b9b027186d6cf/element'
20:24:40.765 [AsyncHttpClient-1-1] DEBUG org.asynchttpclient.netty.channel.DefaultChannelPool - Entry count for : http://localhost:63054 : 1
20:24:41.866 [AsyncHttpClient-1-1] DEBUG org.asynchttpclient.netty.channel.DefaultChannelPool - Entry count for : http://localhost:63054 : 1
20:24:41.974 [AsyncHttpClient-1-13] DEBUG org.asynchttpclient.netty.handler.HttpHandler - 

Request DefaultHttpRequest(decodeResult: success, version: HTTP/1.1)
POST /session/535f9b7633be45040e4b9b027186d6cf/element HTTP/1.1
User-Agent: selenium/4.1.2 (java windows)
Content-Length: 143
Content-Type: application/json; charset=utf-8
host: localhost:60335
accept: */*

Response DefaultHttpResponse(decodeResult: success, version: HTTP/1.1)
HTTP/1.1 404 Not Found
Content-Type: application/json; charset=utf-8
cache-control: no-cache
content-length: 1101

20:24:41.974 [AsyncHttpClient-1-13] DEBUG org.asynchttpclient.netty.channel.ChannelManager - Adding key: http://localhost:60335 for channel [id: 0x5857fd96, L:/127.0.0.1:63053 - R:localhost/127.0.0.1:60335]
20:24:42.080 [Forwarding findElement on session 535f9b7633be45040e4b9b027186d6cf to remote] DEBUG org.asynchttpclient.netty.request.NettyRequestSender - Using pooled Channel '[id: 0x5857fd96, L:/127.0.0.1:63053 - R:localhost/127.0.0.1:60335]' for 'POST' to 'http://localhost:60335/session/535f9b7633be45040e4b9b027186d6cf/element'
20:24:42.080 [Forwarding findElement on session 535f9b7633be45040e4b9b027186d6cf to remote] DEBUG org.asynchttpclient.netty.request.NettyRequestSender - Using open Channel [id: 0x5857fd96, L:/127.0.0.1:63053 - R:localhost/127.0.0.1:60335] for POST '/session/535f9b7633be45040e4b9b027186d6cf/element'
20:24:42.973 [AsyncHttpClient-1-1] DEBUG org.asynchttpclient.netty.channel.DefaultChannelPool - Entry count for : http://localhost:63054 : 1
20:24:44.066 [AsyncHttpClient-1-1] DEBUG org.asynchttpclient.netty.channel.DefaultChannelPool - Entry count for : http://localhost:63054 : 1
20:24:44.088 [AsyncHttpClient-1-13] DEBUG org.asynchttpclient.netty.handler.HttpHandler - 

Request DefaultHttpRequest(decodeResult: success, version: HTTP/1.1)
POST /session/535f9b7633be45040e4b9b027186d6cf/element HTTP/1.1
User-Agent: selenium/4.1.2 (java windows)
Content-Length: 143
Content-Type: application/json; charset=utf-8
host: localhost:60335
accept: */*

Response DefaultHttpResponse(decodeResult: success, version: HTTP/1.1)
HTTP/1.1 404 Not Found
Content-Type: application/json; charset=utf-8
cache-control: no-cache
content-length: 1101

20:24:44.088 [AsyncHttpClient-1-13] DEBUG org.asynchttpclient.netty.channel.ChannelManager - Adding key: http://localhost:60335 for channel [id: 0x5857fd96, L:/127.0.0.1:63053 - R:localhost/127.0.0.1:60335]
20:24:44.206 [Forwarding findElement on session 535f9b7633be45040e4b9b027186d6cf to remote] DEBUG org.asynchttpclient.netty.request.NettyRequestSender - Using pooled Channel '[id: 0x5857fd96, L:/127.0.0.1:63053 - R:localhost/127.0.0.1:60335]' for 'POST' to 'http://localhost:60335/session/535f9b7633be45040e4b9b027186d6cf/element'
20:24:44.207 [Forwarding findElement on session 535f9b7633be45040e4b9b027186d6cf to remote] DEBUG org.asynchttpclient.netty.request.NettyRequestSender - Using open Channel [id: 0x5857fd96, L:/127.0.0.1:63053 - R:localhost/127.0.0.1:60335] for POST '/session/535f9b7633be45040e4b9b027186d6cf/element'
20:24:45.171 [AsyncHttpClient-1-1] DEBUG org.asynchttpclient.netty.channel.DefaultChannelPool - Entry count for : http://localhost:63054 : 1
20:24:46.265 [AsyncHttpClient-1-1] DEBUG org.asynchttpclient.netty.channel.DefaultChannelPool - Entry count for : http://localhost:63054 : 1
20:24:46.268 [AsyncHttpClient-1-13] DEBUG org.asynchttpclient.netty.handler.HttpHandler - 

Request DefaultHttpRequest(decodeResult: success, version: HTTP/1.1)
POST /session/535f9b7633be45040e4b9b027186d6cf/element HTTP/1.1
User-Agent: selenium/4.1.2 (java windows)
Content-Length: 143
Content-Type: application/json; charset=utf-8
host: localhost:60335
accept: */*

Response DefaultHttpResponse(decodeResult: success, version: HTTP/1.1)
HTTP/1.1 404 Not Found
Content-Type: application/json; charset=utf-8
cache-control: no-cache
content-length: 1101

20:24:46.268 [AsyncHttpClient-1-13] DEBUG org.asynchttpclient.netty.channel.ChannelManager - Adding key: http://localhost:60335 for channel [id: 0x5857fd96, L:/127.0.0.1:63053 - R:localhost/127.0.0.1:60335]
20:24:46.276 [Forwarding screenshot on session 535f9b7633be45040e4b9b027186d6cf to remote] DEBUG org.asynchttpclient.netty.request.NettyRequestSender - Using pooled Channel '[id: 0x5857fd96, L:/127.0.0.1:63053 - R:localhost/127.0.0.1:60335]' for 'GET' to 'http://localhost:60335/session/535f9b7633be45040e4b9b027186d6cf/screenshot'
20:24:46.276 [Forwarding screenshot on session 535f9b7633be45040e4b9b027186d6cf to remote] DEBUG org.asynchttpclient.netty.request.NettyRequestSender - Using open Channel [id: 0x5857fd96, L:/127.0.0.1:63053 - R:localhost/127.0.0.1:60335] for GET '/session/535f9b7633be45040e4b9b027186d6cf/screenshot'
20:24:46.388 [AsyncHttpClient-1-13] DEBUG org.asynchttpclient.netty.handler.HttpHandler - 

Request DefaultFullHttpRequest(decodeResult: success, version: HTTP/1.1, content: EmptyByteBufBE)
GET /session/535f9b7633be45040e4b9b027186d6cf/screenshot HTTP/1.1
User-Agent: selenium/4.1.2 (java windows)
Cache-Control: no-cache
Content-Type: application/json; charset=utf-8
host: localhost:60335
accept: */*

Response DefaultHttpResponse(decodeResult: success, version: HTTP/1.1)
HTTP/1.1 200 OK
Content-Type: application/json; charset=utf-8
cache-control: no-cache
content-length: 67440

20:24:46.388 [AsyncHttpClient-1-13] DEBUG org.asynchttpclient.netty.channel.ChannelManager - Adding key: http://localhost:60335 for channel [id: 0x5857fd96, L:/127.0.0.1:63053 - R:localhost/127.0.0.1:60335]
20:24:46.391 [main] DEBUG net.serenitybdd.core.photography.Darkroom - Send negative for processing for target\site\serenity\6675801c2b8badb2bec322fc9bc8baa7f8adcf94768a58432838b6f45add1519.png
20:24:46.396 [Forwarding getPageSource on session 535f9b7633be45040e4b9b027186d6cf to remote] DEBUG org.asynchttpclient.netty.request.NettyRequestSender - Using pooled Channel '[id: 0x5857fd96, L:/127.0.0.1:63053 - R:localhost/127.0.0.1:60335]' for 'POST' to 'http://localhost:60335/session/535f9b7633be45040e4b9b027186d6cf/execute/sync'
20:24:46.396 [Forwarding getPageSource on session 535f9b7633be45040e4b9b027186d6cf to remote] DEBUG org.asynchttpclient.netty.request.NettyRequestSender - Using open Channel [id: 0x5857fd96, L:/127.0.0.1:63053 - R:localhost/127.0.0.1:60335] for POST '/session/535f9b7633be45040e4b9b027186d6cf/execute/sync'
20:24:46.408 [AsyncHttpClient-1-13] DEBUG org.asynchttpclient.netty.handler.HttpHandler - 

Request DefaultHttpRequest(decodeResult: success, version: HTTP/1.1)
POST /session/535f9b7633be45040e4b9b027186d6cf/execute/sync HTTP/1.1
User-Agent: selenium/4.1.2 (java windows)
Content-Length: 176
Content-Type: application/json; charset=utf-8
host: localhost:60335
accept: */*

Response DefaultHttpResponse(decodeResult: success, version: HTTP/1.1)
HTTP/1.1 200 OK
Content-Type: application/json; charset=utf-8
cache-control: no-cache
content-length: 76338

20:24:46.408 [AsyncHttpClient-1-13] DEBUG org.asynchttpclient.netty.channel.ChannelManager - Adding key: http://localhost:60335 for channel [id: 0x5857fd96, L:/127.0.0.1:63053 - R:localhost/127.0.0.1:60335]
20:24:46.436 [Forwarding getCurrentUrl on session 535f9b7633be45040e4b9b027186d6cf to remote] DEBUG org.asynchttpclient.netty.request.NettyRequestSender - Using pooled Channel '[id: 0x5857fd96, L:/127.0.0.1:63053 - R:localhost/127.0.0.1:60335]' for 'GET' to 'http://localhost:60335/session/535f9b7633be45040e4b9b027186d6cf/url'
20:24:46.436 [Forwarding getCurrentUrl on session 535f9b7633be45040e4b9b027186d6cf to remote] DEBUG org.asynchttpclient.netty.request.NettyRequestSender - Using open Channel [id: 0x5857fd96, L:/127.0.0.1:63053 - R:localhost/127.0.0.1:60335] for GET '/session/535f9b7633be45040e4b9b027186d6cf/url'
20:24:46.439 [AsyncHttpClient-1-13] DEBUG org.asynchttpclient.netty.handler.HttpHandler - 

Request DefaultFullHttpRequest(decodeResult: success, version: HTTP/1.1, content: EmptyByteBufBE)
GET /session/535f9b7633be45040e4b9b027186d6cf/url HTTP/1.1
User-Agent: selenium/4.1.2 (java windows)
Cache-Control: no-cache
Content-Type: application/json; charset=utf-8
host: localhost:60335
accept: */*

Response DefaultHttpResponse(decodeResult: success, version: HTTP/1.1)
HTTP/1.1 200 OK
Content-Type: application/json; charset=utf-8
cache-control: no-cache
content-length: 41

20:24:46.440 [AsyncHttpClient-1-13] DEBUG org.asynchttpclient.netty.channel.ChannelManager - Adding key: http://localhost:60335 for channel [id: 0x5857fd96, L:/127.0.0.1:63053 - R:localhost/127.0.0.1:60335]
  &amp#27;[31mAnd &amp#27;[0m&amp#27;[31mI click login button&amp#27;[0m                     &amp#27;[90m# starter.stepdefinitions.LoginStep.iClickLoginButton()&amp#27;[0m
      &amp#27;[31mnet.thucydides.core.webdriver.exceptions.ElementShouldBeEnabledException: Expected enabled element was not enabled
	at net.serenitybdd.core.pages.WebElementFacadeImpl.waitUntilEnabled(WebElementFacadeImpl.java:1100)
	at net.serenitybdd.core.pages.WebElementFacadeImpl.waitUntilElementAvailable(WebElementFacadeImpl.java:888)
	at net.serenitybdd.core.pages.WebElementFacadeImpl.click(WebElementFacadeImpl.java:1182)
	at net.serenitybdd.core.pages.WebElementFacadeImpl.click(WebElementFacadeImpl.java:1201)
	at AltaShop@1.0-SNAPSHOT/starter.pages.LoginPage.ClickBtnLogin(LoginPage.java:29)
	at AltaShop@1.0-SNAPSHOT/starter.pages.LoginPage$ByteBuddy$0y5FowtZ.ClickBtnLogin$accessor$9n6zCn55(Unknown Source)
	at java.base/jdk.internal.reflect.NativeMethodAccessorImpl.invoke0(Native Method)
	at java.base/jdk.internal.reflect.NativeMethodAccessorImpl.invoke(NativeMethodAccessorImpl.java:62)
	at java.base/jdk.internal.reflect.DelegatingMethodAccessorImpl.invoke(DelegatingMethodAccessorImpl.java:43)
	at java.base/java.lang.reflect.Method.invoke(Method.java:567)
	at net.thucydides.core.steps.BaseMethodRunner.invokeMethod(BaseMethodRunner.java:18)
	at net.thucydides.core.steps.NormalMethodRunner.invokeMethodAndNotifyFailures(NormalMethodRunner.java:18)
	at net.thucydides.core.steps.StepInterceptor.runNormalMethod(StepInterceptor.java:406)
	at net.thucydides.core.steps.StepInterceptor.testStepResult(StepInterceptor.java:191)
	at net.thucydides.core.steps.StepInterceptor.intercept(StepInterceptor.java:84)
	at net.thucydides.core.steps.ProxyConfiguration$InterceptorDispatcher.intercept(ProxyConfiguration.java:51)
	at AltaShop@1.0-SNAPSHOT/starter.pages.LoginPage$ByteBuddy$0y5FowtZ.ClickBtnLogin(Unknown Source)
	at AltaShop@1.0-SNAPSHOT/starter.stepdefinitions.LoginStep.iClickLoginButton(LoginStep.java:31)
	at âœ½.I click login button(file:///C:/Users/alwi/IdeaProjects/AltaShop/src/test/resources/features/Register.feature:8)
Caused by: org.openqa.selenium.TimeoutException: Expected condition failed: waiting for By.xpath: //button[@class = 'v-btn v-btn--is-elevated v-btn--has-bg theme--light v-size--default primary'] to be enabled (tried for 5 second(s) with 100 milliseconds interval)
	at org.openqa.selenium.support.ui.FluentWait.timeoutException(FluentWait.java:263)
	at org.openqa.selenium.support.ui.FluentWait.until(FluentWait.java:231)
	at net.serenitybdd.core.pages.WebElementFacadeImpl.waitUntilEnabled(WebElementFacadeImpl.java:1097)
	at net.serenitybdd.core.pages.WebElementFacadeImpl.waitUntilElementAvailable(WebElementFacadeImpl.java:888)
	at net.serenitybdd.core.pages.WebElementFacadeImpl.click(WebElementFacadeImpl.java:1182)
	at net.serenitybdd.core.pages.WebElementFacadeImpl.click(WebElementFacadeImpl.java:1201)
	at AltaShop@1.0-SNAPSHOT/starter.pages.LoginPage.ClickBtnLogin(LoginPage.java:29)
	at AltaShop@1.0-SNAPSHOT/starter.pages.LoginPage$ByteBuddy$0y5FowtZ.ClickBtnLogin$accessor$9n6zCn55(Unknown Source)
	at java.base/jdk.internal.reflect.NativeMethodAccessorImpl.invoke0(Native Method)
	at java.base/jdk.internal.reflect.NativeMethodAccessorImpl.invoke(NativeMethodAccessorImpl.java:62)
	at java.base/jdk.internal.reflect.DelegatingMethodAccessorImpl.invoke(DelegatingMethodAccessorImpl.java:43)
	at java.base/java.lang.reflect.Method.invoke(Method.java:567)
	at net.thucydides.core.steps.BaseMethodRunner.invokeMethod(BaseMethodRunner.java:18)
	at net.thucydides.core.steps.NormalMethodRunner.invokeMethodAndNotifyFailures(NormalMethodRunner.java:18)
	at net.thucydides.core.steps.StepInterceptor.runNormalMethod(StepInterceptor.java:406)
	at net.thucydides.core.steps.StepInterceptor.testStepResult(StepInterceptor.java:191)
	at net.thucydides.core.steps.StepInterceptor.intercept(StepInterceptor.java:84)
	at net.thucydides.core.steps.ProxyConfiguration$InterceptorDispatcher.intercept(ProxyConfiguration.java:51)
	at AltaShop@1.0-SNAPSHOT/starter.pages.LoginPage$ByteBuddy$0y5FowtZ.ClickBtnLogin(Unknown Source)
	at AltaShop@1.0-SNAPSHOT/starter.stepdefinitions.LoginStep.iClickLoginButton(LoginStep.java:31)
	at java.base/jdk.internal.reflect.NativeMethodAccessorImpl.invoke0(Native Method)
	at java.base/jdk.internal.reflect.NativeMethodAccessorImpl.invoke(NativeMethodAccessorImpl.java:62)
	at java.base/jdk.internal.reflect.DelegatingMethodAccessorImpl.invoke(DelegatingMethodAccessorImpl.java:43)
	at java.base/java.lang.reflect.Method.invoke(Method.java:567)
	at io.cucumber.java.Invoker.doInvoke(Invoker.java:66)
	at io.cucumber.java.Invoker.invoke(Invoker.java:24)
	at io.cucumber.java.AbstractGlueDefinition.invokeMethod(AbstractGlueDefinition.java:47)
	at io.cucumber.java.JavaStepDefinition.execute(JavaStepDefinition.java:29)
	at io.cucumber.core.runner.CoreStepDefinition.execute(CoreStepDefinition.java:66)
	at io.cucumber.core.runner.PickleStepDefinitionMatch.runStep(PickleStepDefinitionMatch.java:63)
	at io.cucumber.core.runner.ExecutionMode$1.execute(ExecutionMode.java:10)
	at io.cucumber.core.runner.TestStep.executeStep(TestStep.java:86)
	at io.cucumber.core.runner.TestStep.run(TestStep.java:57)
	at io.cucumber.core.runner.PickleStepTestStep.run(PickleStepTestStep.java:51)
	at io.cucumber.core.runner.TestCase.run(TestCase.java:95)
	at io.cucumber.core.runner.Runner.runPickle(Runner.java:75)
	at io.cucumber.junit.PickleRunners$NoStepDescriptions.lambda$run$0(PickleRunners.java:151)
	at io.cucumber.core.runtime.CucumberExecutionContext.lambda$runTestCase$3(CucumberExecutionContext.java:151)
	at io.cucumber.core.runtime.RethrowingThrowableCollector.executeAndThrow(RethrowingThrowableCollector.java:23)
	at io.cucumber.core.runtime.CucumberExecutionContext.runTestCase(CucumberExecutionContext.java:151)
	at io.cucumber.junit.PickleRunners$NoStepDescriptions.run(PickleRunners.java:148)
	at io.cucumber.junit.FeatureRunner.runChild(FeatureRunner.java:144)
	at io.cucumber.junit.FeatureRunner.runChild(FeatureRunner.java:28)
	at org.junit.runners.ParentRunner$4.run(ParentRunner.java:331)
	at org.junit.runners.ParentRunner$1.schedule(ParentRunner.java:79)
	at org.junit.runners.ParentRunner.runChildren(ParentRunner.java:329)
	at org.junit.runners.ParentRunner.access$100(ParentRunner.java:66)
	at org.junit.runners.ParentRunner$2.evaluate(ParentRunner.java:293)
	at org.junit.runners.ParentRunner$3.evaluate(ParentRunner.java:306)
	at org.junit.runners.ParentRunner.run(ParentRunner.java:413)
	at io.cucumber.junit.FeatureRunner.run(FeatureRunner.java:137)
	at io.cucumber.junit.CucumberSerenityRunner.runChild(CucumberSerenityRunner.java:258)
	at io.cucumber.junit.CucumberSerenityRunner.runChild(CucumberSerenityRunner.java:58)
	at org.junit.runners.ParentRunner$4.run(ParentRunner.java:331)
	at org.junit.runners.ParentRunner$1.schedule(ParentRunner.java:79)
	at org.junit.runners.ParentRunner.runChildren(ParentRunner.java:329)
	at org.junit.runners.ParentRunner.access$100(ParentRunner.java:66)
	at org.junit.runners.ParentRunner$2.evaluate(ParentRunner.java:293)
	at io.cucumber.junit.CucumberSerenityRunner$RunCucumber.evaluate(CucumberSerenityRunner.java:287)
	at org.junit.runners.ParentRunner$3.evaluate(ParentRunner.java:306)
	at org.junit.runners.ParentRunner.run(ParentRunner.java:413)
	at org.junit.runner.JUnitCore.run(JUnitCore.java:137)
	at org.junit.runner.JUnitCore.run(JUnitCore.java:115)
	at org.junit.vintage.engine.execution.RunnerExecutor.execute(RunnerExecutor.java:42)
	at org.junit.vintage.engine.VintageTestEngine.executeAllChildren(VintageTestEngine.java:80)
	at org.junit.vintage.engine.VintageTestEngine.execute(VintageTestEngine.java:72)
	at org.junit.platform.launcher.core.EngineExecutionOrchestrator.execute(EngineExecutionOrchestrator.java:107)
	at org.junit.platform.launcher.core.EngineExecutionOrchestrator.execute(EngineExecutionOrchestrator.java:88)
	at org.junit.platform.launcher.core.EngineExecutionOrchestrator.lambda$execute$0(EngineExecutionOrchestrator.java:54)
	at org.junit.platform.launcher.core.EngineExecutionOrchestrator.withInterceptedStreams(EngineExecutionOrchestrator.java:67)
	at org.junit.platform.launcher.core.EngineExecutionOrchestrator.execute(EngineExecutionOrchestrator.java:52)
	at org.junit.platform.launcher.core.DefaultLauncher.execute(DefaultLauncher.java:114)
	at org.junit.platform.launcher.core.DefaultLauncher.execute(DefaultLauncher.java:86)
	at org.junit.platform.launcher.core.DefaultLauncherSession$DelegatingLauncher.execute(DefaultLauncherSession.java:86)
	at org.junit.platform.launcher.core.SessionPerRequestLauncher.execute(SessionPerRequestLauncher.java:53)
	at org.apache.maven.surefire.junitplatform.JUnitPlatformProvider.execute(JUnitPlatformProvider.java:188)
	at org.apache.maven.surefire.junitplatform.JUnitPlatformProvider.invokeAllTests(JUnitPlatformProvider.java:154)
	at org.apache.maven.surefire.junitplatform.JUnitPlatformProvider.invoke(JUnitPlatformProvider.java:128)
	at org.apache.maven.surefire.booter.ForkedBooter.runSuitesInProcess(ForkedBooter.java:428)
	at org.apache.maven.surefire.booter.ForkedBooter.execute(ForkedBooter.java:162)
	at org.apache.maven.surefire.booter.ForkedBooter.run(ForkedBooter.java:562)
	at org.apache.maven.surefire.booter.ForkedBooter.main(ForkedBooter.java:548)
Caused by: org.openqa.selenium.NoSuchElementException: no such element: Unable to locate element: {"method":"xpath","selector":"//button[@class = 'v-btn v-btn--is-elevated v-btn--has-bg theme--light v-size--default primary']"}
  (Session info: chrome=106.0.5249.119)
For documentation on this error, please visit: https://selenium.dev/exceptions/#no_such_element
Build info: version: '4.1.2', revision: '9a5a329c5a'
System info: host: 'DESKTOP-3MAQDS2', ip: '192.168.1.5', os.name: 'Windows 10', os.arch: 'amd64', os.version: '10.0', java.version: '13.0.2'
Driver info: org.openqa.selenium.chrome.ChromeDriver
Command: [535f9b7633be45040e4b9b027186d6cf, findElement {using=xpath, value=//button[@class = 'v-btn v-btn--is-elevated v-btn--has-bg theme--light v-size--default primary']}]
Capabilities {acceptInsecureCerts: false, browserName: chrome, browserVersion: 106.0.5249.119, chrome: {chromedriverVersion: 105.0.5195.52 (412c95e51883..., userDataDir: C:\Users\alwi\AppData\Local...}, goog:chromeOptions: {debuggerAddress: localhost:63054}, javascriptEnabled: true, networkConnectionEnabled: false, pageLoadStrategy: normal, platform: WINDOWS, platformName: WINDOWS, proxy: Proxy(), se:cdp: ws://localhost:63054/devtoo..., se:cdpVersion: 106.0.5249.119, setWindowRect: true, strictFileInteractability: false, timeouts: {implicit: 0, pageLoad: 300000, script: 30000}, unhandledPromptBehavior: dismiss and notify, webauthn:extension:credBlob: true, webauthn:extension:largeBlob: true, webauthn:virtualAuthenticators: true}
Session ID: 535f9b7633be45040e4b9b027186d6cf
	at java.base/jdk.internal.reflect.NativeConstructorAccessorImpl.newInstance0(Native Method)
	at java.base/jdk.internal.reflect.NativeConstructorAccessorImpl.newInstance(NativeConstructorAccessorImpl.java:62)
	at java.base/jdk.internal.reflect.DelegatingConstructorAccessorImpl.newInstance(DelegatingConstructorAccessorImpl.java:45)
	at java.base/java.lang.reflect.Constructor.newInstanceWithCaller(Constructor.java:500)
	at java.base/java.lang.reflect.Constructor.newInstance(Constructor.java:481)
	at org.openqa.selenium.remote.codec.w3c.W3CHttpResponseCodec.createException(W3CHttpResponseCodec.java:200)
	at org.openqa.selenium.remote.codec.w3c.W3CHttpResponseCodec.decode(W3CHttpResponseCodec.java:133)
	at org.openqa.selenium.remote.codec.w3c.W3CHttpResponseCodec.decode(W3CHttpResponseCodec.java:53)
	at org.openqa.selenium.remote.HttpCommandExecutor.execute(HttpCommandExecutor.java:184)
	at org.openqa.selenium.remote.service.DriverCommandExecutor.invokeExecute(DriverCommandExecutor.java:167)
	at org.openqa.selenium.remote.service.DriverCommandExecutor.execute(DriverCommandExecutor.java:142)
	at org.openqa.selenium.remote.RemoteWebDriver.execute(RemoteWebDriver.java:558)
	at org.openqa.selenium.remote.ElementLocation$ElementFinder$2.findElement(ElementLocation.java:162)
	at org.openqa.selenium.remote.ElementLocation.findElement(ElementLocation.java:60)
	at org.openqa.selenium.remote.RemoteWebDriver.findElement(RemoteWebDriver.java:382)
	at org.openqa.selenium.remote.RemoteWebDriver.findElement(RemoteWebDriver.java:374)
	at net.thucydides.core.webdriver.WebDriverFacade.findElement(WebDriverFacade.java:224)
	at net.serenitybdd.core.pages.WebElementResolverByLocator.resolveForDriver(WebElementResolverByLocator.java:25)
	at net.serenitybdd.core.pages.WebElementFacadeImpl.getResolvedElement(WebElementFacadeImpl.java:191)
	at net.serenitybdd.core.pages.WebElementFacadeImpl.getElement(WebElementFacadeImpl.java:186)
	at net.serenitybdd.core.pages.WebElementExpectations$3.apply(WebElementExpectations.java:63)
	at net.serenitybdd.core.pages.WebElementExpectations$3.apply(WebElementExpectations.java:55)
	at org.openqa.selenium.support.ui.FluentWait.until(FluentWait.java:208)
	... 80 more
&amp#27;[0m
  &amp#27;[36mAnd &amp#27;[0m&amp#27;[36mI click register button&amp#27;[0m                  &amp#27;[90m# starter.stepdefinitions.RegisterStep.iClickRegisterButton()&amp#27;[0m
  &amp#27;[36mWhen &amp#27;[0m&amp#27;[36mI input fullname register &amp#27;[0m&amp#27;[36m&amp#27;[1m""&amp#27;[0m            &amp#27;[90m# starter.stepdefinitions.RegisterStep.iInputFullnameRegister(java.lang.String)&amp#27;[0m
  &amp#27;[36mAnd &amp#27;[0m&amp#27;[36mI input email register &amp#27;[0m&amp#27;[36m&amp#27;[1m"naixxy@co.uk"&amp#27;[0m    &amp#27;[90m# starter.stepdefinitions.RegisterStep.iInputEmailRegister(java.lang.String)&amp#27;[0m
  &amp#27;[36mAnd &amp#27;[0m&amp#27;[36mI input password register &amp#27;[0m&amp#27;[36m&amp#27;[1m"1234"&amp#27;[0m         &amp#27;[90m# starter.stepdefinitions.RegisterStep.iInputPasswordRegister(java.lang.String)&amp#27;[0m
  &amp#27;[36mAnd &amp#27;[0m&amp#27;[36mI click submit register button&amp#27;[0m           &amp#27;[90m# starter.stepdefinitions.RegisterStep.iClickSubmitRegisterButton()&amp#27;[0m
  &amp#27;[36mThen &amp#27;[0m&amp#27;[36mI will get the result register &amp#27;[0m&amp#27;[36m&amp#27;[1m"failed"&amp#27;[0m &amp#27;[90m# starter.stepdefinitions.RegisterStep.iWillGetTheResultRegister(java.lang.String)&amp#27;[0m
20:24:46.593 [AsyncHttpClient-1-15] DEBUG org.asynchttpclient.netty.handler.WebSocketHandler - Channel Closed: [id: 0xdb8d23ec, L:/127.0.0.1:63062 ! R:localhost/127.0.0.1:63054] with attribute NettyResponseFuture{currentRetry=5,
	isDone=1,
	isCancelled=0,
	asyncHandler=org.asynchttpclient.ws.WebSocketUpgradeHandler@2088f3d2,
	nettyRequest=org.asynchttpclient.netty.request.NettyRequest@506c4623,
	future=java.util.concurrent.CompletableFuture@58c9eca1[Completed normally],
	uri=ws://localhost:63054/devtools/browser/c1a95010-7d1d-4c5a-beb5-dd5236d1a9fd,
	keepAlive=true,
	redirectCount=0,
	timeoutsHolder=null,
	inAuth=0,
	touch=1666790679002}
20:24:46.593 [AsyncHttpClient-1-15] DEBUG org.asynchttpclient.netty.channel.ChannelManager - Closing Channel [id: 0xdb8d23ec, L:/127.0.0.1:63062 ! R:localhost/127.0.0.1:63054] 
20:24:46.593 [Driver Command Executor] DEBUG org.asynchttpclient.netty.request.NettyRequestSender - Using pooled Channel '[id: 0x5857fd96, L:/127.0.0.1:63053 - R:localhost/127.0.0.1:60335]' for 'DELETE' to 'http://localhost:60335/session/535f9b7633be45040e4b9b027186d6cf'
20:24:46.593 [Driver Command Executor] DEBUG org.asynchttpclient.netty.request.NettyRequestSender - Using open Channel [id: 0x5857fd96, L:/127.0.0.1:63053 - R:localhost/127.0.0.1:60335] for DELETE '/session/535f9b7633be45040e4b9b027186d6cf'
20:24:46.838 [AsyncHttpClient-1-14] DEBUG org.asynchttpclient.netty.handler.HttpHandler - Unexpected I/O exception on channel [id: 0x5354dc91, L:/127.0.0.1:63061 - R:localhost/127.0.0.1:63054]
java.net.SocketException: Connection reset
	at java.base/sun.nio.ch.SocketChannelImpl.throwConnectionReset(SocketChannelImpl.java:345)
	at java.base/sun.nio.ch.SocketChannelImpl.read(SocketChannelImpl.java:376)
	at io.netty.buffer.PooledByteBuf.setBytes(PooledByteBuf.java:258)
	at io.netty.buffer.AbstractByteBuf.writeBytes(AbstractByteBuf.java:1132)
	at io.netty.channel.socket.nio.NioSocketChannel.doReadBytes(NioSocketChannel.java:350)
	at io.netty.channel.nio.AbstractNioByteChannel$NioByteUnsafe.read(AbstractNioByteChannel.java:151)
	at io.netty.channel.nio.NioEventLoop.processSelectedKey(NioEventLoop.java:722)
	at io.netty.channel.nio.NioEventLoop.processSelectedKeysOptimized(NioEventLoop.java:658)
	at io.netty.channel.nio.NioEventLoop.processSelectedKeys(NioEventLoop.java:584)
	at io.netty.channel.nio.NioEventLoop.run(NioEventLoop.java:496)
	at io.netty.util.concurrent.SingleThreadEventExecutor$4.run(SingleThreadEventExecutor.java:986)
	at io.netty.util.internal.ThreadExecutorMap$2.run(ThreadExecutorMap.java:74)
	at io.netty.util.concurrent.FastThreadLocalRunnable.run(FastThreadLocalRunnable.java:30)
	at java.base/java.lang.Thread.run(Thread.java:830)
20:24:46.838 [AsyncHttpClient-1-14] DEBUG org.asynchttpclient.netty.channel.ChannelManager - Closing Channel [id: 0x5354dc91, L:/127.0.0.1:63061 - R:localhost/127.0.0.1:63054] 
20:24:46.838 [AsyncHttpClient-1-14] DEBUG org.asynchttpclient.netty.handler.HttpHandler - Channel Closed: [id: 0x5354dc91, L:/127.0.0.1:63061 ! R:localhost/127.0.0.1:63054] with attribute DISCARD
20:24:46.868 [AsyncHttpClient-1-13] DEBUG org.asynchttpclient.netty.handler.HttpHandler - 

Request DefaultFullHttpRequest(decodeResult: success, version: HTTP/1.1, content: EmptyByteBufBE)
DELETE /session/535f9b7633be45040e4b9b027186d6cf HTTP/1.1
User-Agent: selenium/4.1.2 (java windows)
Content-Type: application/json; charset=utf-8
host: localhost:60335
accept: */*

Response DefaultHttpResponse(decodeResult: success, version: HTTP/1.1)
HTTP/1.1 200 OK
Content-Type: application/json; charset=utf-8
cache-control: no-cache
content-length: 14

20:24:46.868 [AsyncHttpClient-1-13] DEBUG org.asynchttpclient.netty.channel.ChannelManager - Adding key: http://localhost:60335 for channel [id: 0x5857fd96, L:/127.0.0.1:63053 - R:localhost/127.0.0.1:60335]
20:24:46.946 [AsyncHttpClient-1-13] DEBUG org.asynchttpclient.netty.handler.HttpHandler - Channel Closed: [id: 0x5857fd96, L:/127.0.0.1:63053 ! R:localhost/127.0.0.1:60335] with attribute DISCARD
20:24:47.367 [AsyncHttpClient-1-1] DEBUG org.asynchttpclient.netty.channel.DefaultChannelPool - Entry count for : http://localhost:63054 : 1
20:24:47.367 [AsyncHttpClient-1-1] DEBUG org.asynchttpclient.netty.channel.DefaultChannelPool - Entry count for : http://localhost:60335 : 1
20:24:47.367 [AsyncHttpClient-1-1] DEBUG org.asynchttpclient.netty.channel.DefaultChannelPool - Adding Candidate expired Channel [id: 0x5354dc91, L:/127.0.0.1:63061 ! R:localhost/127.0.0.1:63054] isIdleTimeoutExpired=false isRemotelyClosed=true isTtlExpired=false
20:24:47.367 [AsyncHttpClient-1-1] DEBUG org.asynchttpclient.netty.channel.DefaultChannelPool - Closing Idle Channel [id: 0x5354dc91, L:/127.0.0.1:63061 ! R:localhost/127.0.0.1:63054]
20:24:47.367 [AsyncHttpClient-1-1] DEBUG org.asynchttpclient.netty.channel.DefaultChannelPool - Adding Candidate expired Channel [id: 0x5857fd96, L:/127.0.0.1:63053 ! R:localhost/127.0.0.1:60335] isIdleTimeoutExpired=false isRemotelyClosed=true isTtlExpired=false
20:24:47.367 [AsyncHttpClient-1-1] DEBUG org.asynchttpclient.netty.channel.DefaultChannelPool - Closing Idle Channel [id: 0x5857fd96, L:/127.0.0.1:63053 ! R:localhost/127.0.0.1:60335]
20:24:47.367 [AsyncHttpClient-1-1] DEBUG org.asynchttpclient.netty.channel.DefaultChannelPool - Closed 2 connections out of 2 in 0 ms
]]></system-out>
    <system-err><![CDATA[Starting ChromeDriver 105.0.5195.52 (412c95e518836d8a7d97250d62b29c2ae6a26a85-refs/branch-heads/5195@{#853}) on port 60335
Only local connections are allowed.
Please see https://chromedriver.chromium.org/security-considerations for suggestions on keeping ChromeDriver safe.
ChromeDriver was started successfully.
[1666790678.970][WARNING]: This version of ChromeDriver has not been tested with Chrome version 106.
Okt 26, 2022 8:24:38 PM org.openqa.selenium.remote.ProtocolHandshake createSession
INFO: Detected dialect: W3C
Okt 26, 2022 8:24:39 PM org.openqa.selenium.devtools.CdpVersionFinder findNearestMatch
WARNING: Unable to find an exact match for CDP version 106, so returning the closest version found: a no-op implementation
Okt 26, 2022 8:24:39 PM org.openqa.selenium.devtools.CdpVersionFinder findNearestMatch
INFO: Unable to find CDP implementation matching 106.
Okt 26, 2022 8:24:39 PM org.openqa.selenium.chromium.ChromiumDriver lambda$new$3
WARNING: Unable to find version of CDP to use for . You may need to include a dependency on a specific version of the CDP using something similar to `org.seleniumhq.selenium:selenium-devtools-v86:4.1.2` where the version ("v86") matches the version of the chromium-based browser you're using and the version number of the artifact is the same as Selenium's.
]]></system-err>
  </testcase>
  <testcase name=" #3" classname="Register" time="10.009">
    <error type="net.thucydides.core.webdriver.exceptions.ElementShouldBeEnabledException"><![CDATA[net.thucydides.core.webdriver.exceptions.ElementShouldBeEnabledException: Expected enabled element was not enabled
Caused by: org.openqa.selenium.TimeoutException: Expected condition failed: waiting for By.xpath: //button[@class = 'v-btn v-btn--is-elevated v-btn--has-bg theme--light v-size--default primary'] to be enabled (tried for 5 second(s) with 100 milliseconds interval)
Caused by: org.openqa.selenium.NoSuchElementException: 
no such element: Unable to locate element: {"method":"xpath","selector":"//button[@class = 'v-btn v-btn--is-elevated v-btn--has-bg theme--light v-size--default primary']"}
  (Session info: chrome=106.0.5249.119)
For documentation on this error, please visit: https://selenium.dev/exceptions/#no_such_element
Build info: version: '4.1.2', revision: '9a5a329c5a'
System info: host: 'DESKTOP-3MAQDS2', ip: '192.168.1.5', os.name: 'Windows 10', os.arch: 'amd64', os.version: '10.0', java.version: '13.0.2'
Driver info: org.openqa.selenium.chrome.ChromeDriver
Command: [27767eebc73a218ca8b54f522174b2bf, findElement {using=xpath, value=//button[@class = 'v-btn v-btn--is-elevated v-btn--has-bg theme--light v-size--default primary']}]
Capabilities {acceptInsecureCerts: false, browserName: chrome, browserVersion: 106.0.5249.119, chrome: {chromedriverVersion: 105.0.5195.52 (412c95e51883..., userDataDir: C:\Users\alwi\AppData\Local...}, goog:chromeOptions: {debuggerAddress: localhost:63090}, javascriptEnabled: true, networkConnectionEnabled: false, pageLoadStrategy: normal, platform: WINDOWS, platformName: WINDOWS, proxy: Proxy(), se:cdp: ws://localhost:63090/devtoo..., se:cdpVersion: 106.0.5249.119, setWindowRect: true, strictFileInteractability: false, timeouts: {implicit: 0, pageLoad: 300000, script: 30000}, unhandledPromptBehavior: dismiss and notify, webauthn:extension:credBlob: true, webauthn:extension:largeBlob: true, webauthn:virtualAuthenticators: true}
Session ID: 27767eebc73a218ca8b54f522174b2bf
]]></error>
    <system-out><![CDATA[
Scenario Outline:                              &amp#27;[90m# src/test/resources/features/Register.feature:19&amp#27;[0m
20:24:47.476 [main] INFO io.cucumber.core.plugin.SerenityReporter - Running feature from file:///C:/Users/alwi/IdeaProjects/AltaShop/src/test/resources/features/Register.feature
20:24:47.494 [main] INFO net.serenitybdd.core.webdriver.driverproviders.ChromeDriverProvider - Using automatically driver download
20:24:47.609 [main] DEBUG io.github.bonigarcia.wdm.cache.ResolutionCache - Resolution chrome=106 in cache (valid until 20:56:42 26/10/2022 ICT)
20:24:47.612 [main] DEBUG io.github.bonigarcia.wdm.cache.ResolutionCache - Resolution chrome106=106.0.5249.61 in cache (valid until 22:47:25 26/10/2022 WIB)
20:24:47.614 [main] INFO io.github.bonigarcia.wdm.WebDriverManager - Using chromedriver 106.0.5249.61 (resolved driver for Chrome 106)
20:24:47.625 [main] DEBUG io.github.bonigarcia.wdm.WebDriverManager - Driver chromedriver 106.0.5249.61 found in cache
20:24:47.625 [main] INFO io.github.bonigarcia.wdm.WebDriverManager - Exporting webdriver.chrome.driver as C:\Users\alwi\.cache\selenium\chromedriver\win32\106.0.5249.61\chromedriver.exe
20:24:47.745 [main] DEBUG net.serenitybdd.core.webdriver.driverproviders.ProvideNewDriver - Instantiating driver
20:24:47.745 [main] DEBUG net.serenitybdd.core.webdriver.driverproviders.ProvideNewDriver - Driver capabilities: Capabilities {acceptInsecureCerts: false, base.url: https://alta-shop.vercel.app, browserName: chrome, chrome.driver: src/test/resources/webdrive..., driver: chrome, goog:chromeOptions: {args: [], extensions: []}, wait.for.timeout: 5000}
20:24:48.289 [AsyncHttpClient-1-16] DEBUG org.asynchttpclient.netty.channel.NettyConnectListener - Using new Channel '[id: 0x533c815f, L:/127.0.0.1:63089 - R:localhost/127.0.0.1:61710]' for 'POST' to '/session'
20:24:49.257 [AsyncHttpClient-1-16] DEBUG org.asynchttpclient.netty.handler.HttpHandler - 

Request DefaultHttpRequest(decodeResult: success, version: HTTP/1.1)
POST /session HTTP/1.1
User-Agent: selenium/4.1.2 (java windows)
Content-Length: 639
Content-Type: application/json; charset=utf-8
host: localhost:61710
accept: */*

Response DefaultHttpResponse(decodeResult: success, version: HTTP/1.1)
HTTP/1.1 200 OK
Content-Type: application/json; charset=utf-8
cache-control: no-cache
content-length: 790

20:24:49.257 [AsyncHttpClient-1-16] DEBUG org.asynchttpclient.netty.channel.ChannelManager - Adding key: http://localhost:61710 for channel [id: 0x533c815f, L:/127.0.0.1:63089 - R:localhost/127.0.0.1:61710]
20:24:49.265 [AsyncHttpClient-1-17] DEBUG org.asynchttpclient.netty.channel.NettyConnectListener - Using new Channel '[id: 0x9fa5e1c1, L:/127.0.0.1:63096 - R:localhost/127.0.0.1:63090]' for 'GET' to '/json/version'
20:24:49.266 [AsyncHttpClient-1-17] DEBUG org.asynchttpclient.netty.handler.HttpHandler - 

Request DefaultFullHttpRequest(decodeResult: success, version: HTTP/1.1, content: EmptyByteBufBE)
GET /json/version HTTP/1.1
User-Agent: selenium/4.1.2 (java windows)
host: localhost:63090
accept: */*

Response DefaultHttpResponse(decodeResult: success, version: HTTP/1.1)
HTTP/1.1 200 OK
Content-Type: application/json; charset=UTF-8
content-length: 424

20:24:49.267 [AsyncHttpClient-1-17] DEBUG org.asynchttpclient.netty.channel.ChannelManager - Adding key: http://localhost:63090 for channel [id: 0x9fa5e1c1, L:/127.0.0.1:63096 - R:localhost/127.0.0.1:63090]
20:24:49.269 [AsyncHttpClient-1-2] DEBUG org.asynchttpclient.netty.channel.NettyConnectListener - Using new Channel '[id: 0x32dd1edb, L:/127.0.0.1:63097 - R:localhost/127.0.0.1:63090]' for 'GET' to '/devtools/browser/f4c4daa6-bf18-4580-a30a-43d254b79224'
20:24:49.271 [AsyncHttpClient-1-2] DEBUG org.asynchttpclient.netty.handler.WebSocketHandler - 

Request DefaultFullHttpRequest(decodeResult: success, version: HTTP/1.1, content: EmptyByteBufBE)
GET /devtools/browser/f4c4daa6-bf18-4580-a30a-43d254b79224 HTTP/1.1
upgrade: websocket
connection: upgrade
sec-websocket-key: HX+XdY8uQzRU3IjTY7LrGw==
sec-websocket-version: 13
origin: http://localhost:63090
host: localhost:63090
accept: */*
user-agent: AHC/2.1

Response DefaultHttpResponse(decodeResult: success, version: HTTP/1.1)
HTTP/1.1 101 WebSocket Protocol Handshake
Upgrade: WebSocket
Connection: Upgrade
Sec-WebSocket-Accept: iTlOaBXtw8nlhfbWySJ4a1waSWg=

20:24:49.275 [Forwarding get on session 27767eebc73a218ca8b54f522174b2bf to remote] DEBUG org.asynchttpclient.netty.request.NettyRequestSender - Using pooled Channel '[id: 0x533c815f, L:/127.0.0.1:63089 - R:localhost/127.0.0.1:61710]' for 'POST' to 'http://localhost:61710/session/27767eebc73a218ca8b54f522174b2bf/url'
20:24:49.275 [Forwarding get on session 27767eebc73a218ca8b54f522174b2bf to remote] DEBUG org.asynchttpclient.netty.request.NettyRequestSender - Using open Channel [id: 0x533c815f, L:/127.0.0.1:63089 - R:localhost/127.0.0.1:61710] for POST '/session/27767eebc73a218ca8b54f522174b2bf/url'
20:24:49.571 [AsyncHttpClient-1-1] DEBUG org.asynchttpclient.netty.channel.DefaultChannelPool - Entry count for : http://localhost:63090 : 1
20:24:50.023 [AsyncHttpClient-1-16] DEBUG org.asynchttpclient.netty.handler.HttpHandler - 

Request DefaultHttpRequest(decodeResult: success, version: HTTP/1.1)
POST /session/27767eebc73a218ca8b54f522174b2bf/url HTTP/1.1
User-Agent: selenium/4.1.2 (java windows)
Content-Length: 59
Content-Type: application/json; charset=utf-8
host: localhost:61710
accept: */*

Response DefaultHttpResponse(decodeResult: success, version: HTTP/1.1)
HTTP/1.1 200 OK
Content-Type: application/json; charset=utf-8
cache-control: no-cache
content-length: 14

20:24:50.023 [AsyncHttpClient-1-16] DEBUG org.asynchttpclient.netty.channel.ChannelManager - Adding key: http://localhost:61710 for channel [id: 0x533c815f, L:/127.0.0.1:63089 - R:localhost/127.0.0.1:61710]
20:24:50.027 [Forwarding setTimeout on session 27767eebc73a218ca8b54f522174b2bf to remote] DEBUG org.asynchttpclient.netty.request.NettyRequestSender - Using pooled Channel '[id: 0x533c815f, L:/127.0.0.1:63089 - R:localhost/127.0.0.1:61710]' for 'POST' to 'http://localhost:61710/session/27767eebc73a218ca8b54f522174b2bf/timeouts'
20:24:50.027 [Forwarding setTimeout on session 27767eebc73a218ca8b54f522174b2bf to remote] DEBUG org.asynchttpclient.netty.request.NettyRequestSender - Using open Channel [id: 0x533c815f, L:/127.0.0.1:63089 - R:localhost/127.0.0.1:61710] for POST '/session/27767eebc73a218ca8b54f522174b2bf/timeouts'
20:24:50.029 [AsyncHttpClient-1-16] DEBUG org.asynchttpclient.netty.handler.HttpHandler - 

Request DefaultHttpRequest(decodeResult: success, version: HTTP/1.1)
POST /session/27767eebc73a218ca8b54f522174b2bf/timeouts HTTP/1.1
User-Agent: selenium/4.1.2 (java windows)
Content-Length: 22
Content-Type: application/json; charset=utf-8
host: localhost:61710
accept: */*

Response DefaultHttpResponse(decodeResult: success, version: HTTP/1.1)
HTTP/1.1 200 OK
Content-Type: application/json; charset=utf-8
cache-control: no-cache
content-length: 14

20:24:50.030 [AsyncHttpClient-1-16] DEBUG org.asynchttpclient.netty.channel.ChannelManager - Adding key: http://localhost:61710 for channel [id: 0x533c815f, L:/127.0.0.1:63089 - R:localhost/127.0.0.1:61710]
20:24:50.033 [Forwarding getCurrentUrl on session 27767eebc73a218ca8b54f522174b2bf to remote] DEBUG org.asynchttpclient.netty.request.NettyRequestSender - Using pooled Channel '[id: 0x533c815f, L:/127.0.0.1:63089 - R:localhost/127.0.0.1:61710]' for 'GET' to 'http://localhost:61710/session/27767eebc73a218ca8b54f522174b2bf/url'
20:24:50.033 [Forwarding getCurrentUrl on session 27767eebc73a218ca8b54f522174b2bf to remote] DEBUG org.asynchttpclient.netty.request.NettyRequestSender - Using open Channel [id: 0x533c815f, L:/127.0.0.1:63089 - R:localhost/127.0.0.1:61710] for GET '/session/27767eebc73a218ca8b54f522174b2bf/url'
20:24:50.065 [AsyncHttpClient-1-16] DEBUG org.asynchttpclient.netty.handler.HttpHandler - 

Request DefaultFullHttpRequest(decodeResult: success, version: HTTP/1.1, content: EmptyByteBufBE)
GET /session/27767eebc73a218ca8b54f522174b2bf/url HTTP/1.1
User-Agent: selenium/4.1.2 (java windows)
Cache-Control: no-cache
Content-Type: application/json; charset=utf-8
host: localhost:61710
accept: */*

Response DefaultHttpResponse(decodeResult: success, version: HTTP/1.1)
HTTP/1.1 200 OK
Content-Type: application/json; charset=utf-8
cache-control: no-cache
content-length: 41

20:24:50.065 [AsyncHttpClient-1-16] DEBUG org.asynchttpclient.netty.channel.ChannelManager - Adding key: http://localhost:61710 for channel [id: 0x533c815f, L:/127.0.0.1:63089 - R:localhost/127.0.0.1:61710]
  &amp#27;[32mGiven &amp#27;[0m&amp#27;[32mI am on the home page&amp#27;[0m                  &amp#27;[90m# starter.stepdefinitions.HomeStep.iAmOnTheHomePage()&amp#27;[0m
20:24:50.075 [Forwarding screenshot on session 27767eebc73a218ca8b54f522174b2bf to remote] DEBUG org.asynchttpclient.netty.request.NettyRequestSender - Using pooled Channel '[id: 0x533c815f, L:/127.0.0.1:63089 - R:localhost/127.0.0.1:61710]' for 'GET' to 'http://localhost:61710/session/27767eebc73a218ca8b54f522174b2bf/screenshot'
20:24:50.075 [Forwarding screenshot on session 27767eebc73a218ca8b54f522174b2bf to remote] DEBUG org.asynchttpclient.netty.request.NettyRequestSender - Using open Channel [id: 0x533c815f, L:/127.0.0.1:63089 - R:localhost/127.0.0.1:61710] for GET '/session/27767eebc73a218ca8b54f522174b2bf/screenshot'
20:24:50.207 [AsyncHttpClient-1-16] DEBUG org.asynchttpclient.netty.handler.HttpHandler - 

Request DefaultFullHttpRequest(decodeResult: success, version: HTTP/1.1, content: EmptyByteBufBE)
GET /session/27767eebc73a218ca8b54f522174b2bf/screenshot HTTP/1.1
User-Agent: selenium/4.1.2 (java windows)
Cache-Control: no-cache
Content-Type: application/json; charset=utf-8
host: localhost:61710
accept: */*

Response DefaultHttpResponse(decodeResult: success, version: HTTP/1.1)
HTTP/1.1 200 OK
Content-Type: application/json; charset=utf-8
cache-control: no-cache
content-length: 28648

20:24:50.208 [AsyncHttpClient-1-16] DEBUG org.asynchttpclient.netty.channel.ChannelManager - Adding key: http://localhost:61710 for channel [id: 0x533c815f, L:/127.0.0.1:63089 - R:localhost/127.0.0.1:61710]
20:24:50.210 [main] DEBUG net.serenitybdd.core.photography.Darkroom - Send negative for processing for target\site\serenity\28548c7311a3a66764a3383ba76f8a69a88ac095c775c1bd71cc7d193d30810c.png
20:24:50.232 [Forwarding findElement on session 27767eebc73a218ca8b54f522174b2bf to remote] DEBUG org.asynchttpclient.netty.request.NettyRequestSender - Using pooled Channel '[id: 0x533c815f, L:/127.0.0.1:63089 - R:localhost/127.0.0.1:61710]' for 'POST' to 'http://localhost:61710/session/27767eebc73a218ca8b54f522174b2bf/element'
20:24:50.232 [Forwarding findElement on session 27767eebc73a218ca8b54f522174b2bf to remote] DEBUG org.asynchttpclient.netty.request.NettyRequestSender - Using open Channel [id: 0x533c815f, L:/127.0.0.1:63089 - R:localhost/127.0.0.1:61710] for POST '/session/27767eebc73a218ca8b54f522174b2bf/element'
20:24:50.676 [AsyncHttpClient-1-1] DEBUG org.asynchttpclient.netty.channel.DefaultChannelPool - Entry count for : http://localhost:63090 : 1
20:24:51.765 [AsyncHttpClient-1-1] DEBUG org.asynchttpclient.netty.channel.DefaultChannelPool - Entry count for : http://localhost:63090 : 1
20:24:52.283 [AsyncHttpClient-1-16] DEBUG org.asynchttpclient.netty.handler.HttpHandler - 

Request DefaultHttpRequest(decodeResult: success, version: HTTP/1.1)
POST /session/27767eebc73a218ca8b54f522174b2bf/element HTTP/1.1
User-Agent: selenium/4.1.2 (java windows)
Content-Length: 143
Content-Type: application/json; charset=utf-8
host: localhost:61710
accept: */*

Response DefaultHttpResponse(decodeResult: success, version: HTTP/1.1)
HTTP/1.1 404 Not Found
Content-Type: application/json; charset=utf-8
cache-control: no-cache
content-length: 1101

20:24:52.283 [AsyncHttpClient-1-16] DEBUG org.asynchttpclient.netty.channel.ChannelManager - Adding key: http://localhost:61710 for channel [id: 0x533c815f, L:/127.0.0.1:63089 - R:localhost/127.0.0.1:61710]
20:24:52.399 [Forwarding findElement on session 27767eebc73a218ca8b54f522174b2bf to remote] DEBUG org.asynchttpclient.netty.request.NettyRequestSender - Using pooled Channel '[id: 0x533c815f, L:/127.0.0.1:63089 - R:localhost/127.0.0.1:61710]' for 'POST' to 'http://localhost:61710/session/27767eebc73a218ca8b54f522174b2bf/element'
20:24:52.399 [Forwarding findElement on session 27767eebc73a218ca8b54f522174b2bf to remote] DEBUG org.asynchttpclient.netty.request.NettyRequestSender - Using open Channel [id: 0x533c815f, L:/127.0.0.1:63089 - R:localhost/127.0.0.1:61710] for POST '/session/27767eebc73a218ca8b54f522174b2bf/element'
20:24:52.866 [AsyncHttpClient-1-1] DEBUG org.asynchttpclient.netty.channel.DefaultChannelPool - Entry count for : http://localhost:63090 : 1
20:24:53.975 [AsyncHttpClient-1-1] DEBUG org.asynchttpclient.netty.channel.DefaultChannelPool - Entry count for : http://localhost:63090 : 1
20:24:54.463 [AsyncHttpClient-1-16] DEBUG org.asynchttpclient.netty.handler.HttpHandler - 

Request DefaultHttpRequest(decodeResult: success, version: HTTP/1.1)
POST /session/27767eebc73a218ca8b54f522174b2bf/element HTTP/1.1
User-Agent: selenium/4.1.2 (java windows)
Content-Length: 143
Content-Type: application/json; charset=utf-8
host: localhost:61710
accept: */*

Response DefaultHttpResponse(decodeResult: success, version: HTTP/1.1)
HTTP/1.1 404 Not Found
Content-Type: application/json; charset=utf-8
cache-control: no-cache
content-length: 1101

20:24:54.463 [AsyncHttpClient-1-16] DEBUG org.asynchttpclient.netty.channel.ChannelManager - Adding key: http://localhost:61710 for channel [id: 0x533c815f, L:/127.0.0.1:63089 - R:localhost/127.0.0.1:61710]
20:24:54.568 [Forwarding findElement on session 27767eebc73a218ca8b54f522174b2bf to remote] DEBUG org.asynchttpclient.netty.request.NettyRequestSender - Using pooled Channel '[id: 0x533c815f, L:/127.0.0.1:63089 - R:localhost/127.0.0.1:61710]' for 'POST' to 'http://localhost:61710/session/27767eebc73a218ca8b54f522174b2bf/element'
20:24:54.568 [Forwarding findElement on session 27767eebc73a218ca8b54f522174b2bf to remote] DEBUG org.asynchttpclient.netty.request.NettyRequestSender - Using open Channel [id: 0x533c815f, L:/127.0.0.1:63089 - R:localhost/127.0.0.1:61710] for POST '/session/27767eebc73a218ca8b54f522174b2bf/element'
20:24:55.067 [AsyncHttpClient-1-1] DEBUG org.asynchttpclient.netty.channel.DefaultChannelPool - Entry count for : http://localhost:63090 : 1
20:24:56.166 [AsyncHttpClient-1-1] DEBUG org.asynchttpclient.netty.channel.DefaultChannelPool - Entry count for : http://localhost:63090 : 1
20:24:56.573 [AsyncHttpClient-1-16] DEBUG org.asynchttpclient.netty.handler.HttpHandler - 

Request DefaultHttpRequest(decodeResult: success, version: HTTP/1.1)
POST /session/27767eebc73a218ca8b54f522174b2bf/element HTTP/1.1
User-Agent: selenium/4.1.2 (java windows)
Content-Length: 143
Content-Type: application/json; charset=utf-8
host: localhost:61710
accept: */*

Response DefaultHttpResponse(decodeResult: success, version: HTTP/1.1)
HTTP/1.1 404 Not Found
Content-Type: application/json; charset=utf-8
cache-control: no-cache
content-length: 1101

20:24:56.574 [AsyncHttpClient-1-16] DEBUG org.asynchttpclient.netty.channel.ChannelManager - Adding key: http://localhost:61710 for channel [id: 0x533c815f, L:/127.0.0.1:63089 - R:localhost/127.0.0.1:61710]
20:24:56.580 [Forwarding screenshot on session 27767eebc73a218ca8b54f522174b2bf to remote] DEBUG org.asynchttpclient.netty.request.NettyRequestSender - Using pooled Channel '[id: 0x533c815f, L:/127.0.0.1:63089 - R:localhost/127.0.0.1:61710]' for 'GET' to 'http://localhost:61710/session/27767eebc73a218ca8b54f522174b2bf/screenshot'
20:24:56.580 [Forwarding screenshot on session 27767eebc73a218ca8b54f522174b2bf to remote] DEBUG org.asynchttpclient.netty.request.NettyRequestSender - Using open Channel [id: 0x533c815f, L:/127.0.0.1:63089 - R:localhost/127.0.0.1:61710] for GET '/session/27767eebc73a218ca8b54f522174b2bf/screenshot'
20:24:56.691 [AsyncHttpClient-1-16] DEBUG org.asynchttpclient.netty.handler.HttpHandler - 

Request DefaultFullHttpRequest(decodeResult: success, version: HTTP/1.1, content: EmptyByteBufBE)
GET /session/27767eebc73a218ca8b54f522174b2bf/screenshot HTTP/1.1
User-Agent: selenium/4.1.2 (java windows)
Cache-Control: no-cache
Content-Type: application/json; charset=utf-8
host: localhost:61710
accept: */*

Response DefaultHttpResponse(decodeResult: success, version: HTTP/1.1)
HTTP/1.1 200 OK
Content-Type: application/json; charset=utf-8
cache-control: no-cache
content-length: 67440

20:24:56.691 [AsyncHttpClient-1-16] DEBUG org.asynchttpclient.netty.channel.ChannelManager - Adding key: http://localhost:61710 for channel [id: 0x533c815f, L:/127.0.0.1:63089 - R:localhost/127.0.0.1:61710]
20:24:56.695 [main] DEBUG net.serenitybdd.core.photography.Darkroom - Send negative for processing for target\site\serenity\6675801c2b8badb2bec322fc9bc8baa7f8adcf94768a58432838b6f45add1519.png
20:24:56.702 [Forwarding getPageSource on session 27767eebc73a218ca8b54f522174b2bf to remote] DEBUG org.asynchttpclient.netty.request.NettyRequestSender - Using pooled Channel '[id: 0x533c815f, L:/127.0.0.1:63089 - R:localhost/127.0.0.1:61710]' for 'POST' to 'http://localhost:61710/session/27767eebc73a218ca8b54f522174b2bf/execute/sync'
20:24:56.702 [Forwarding getPageSource on session 27767eebc73a218ca8b54f522174b2bf to remote] DEBUG org.asynchttpclient.netty.request.NettyRequestSender - Using open Channel [id: 0x533c815f, L:/127.0.0.1:63089 - R:localhost/127.0.0.1:61710] for POST '/session/27767eebc73a218ca8b54f522174b2bf/execute/sync'
20:24:56.715 [AsyncHttpClient-1-16] DEBUG org.asynchttpclient.netty.handler.HttpHandler - 

Request DefaultHttpRequest(decodeResult: success, version: HTTP/1.1)
POST /session/27767eebc73a218ca8b54f522174b2bf/execute/sync HTTP/1.1
User-Agent: selenium/4.1.2 (java windows)
Content-Length: 176
Content-Type: application/json; charset=utf-8
host: localhost:61710
accept: */*

Response DefaultHttpResponse(decodeResult: success, version: HTTP/1.1)
HTTP/1.1 200 OK
Content-Type: application/json; charset=utf-8
cache-control: no-cache
content-length: 76338

20:24:56.716 [AsyncHttpClient-1-16] DEBUG org.asynchttpclient.netty.channel.ChannelManager - Adding key: http://localhost:61710 for channel [id: 0x533c815f, L:/127.0.0.1:63089 - R:localhost/127.0.0.1:61710]
20:24:56.738 [Forwarding getCurrentUrl on session 27767eebc73a218ca8b54f522174b2bf to remote] DEBUG org.asynchttpclient.netty.request.NettyRequestSender - Using pooled Channel '[id: 0x533c815f, L:/127.0.0.1:63089 - R:localhost/127.0.0.1:61710]' for 'GET' to 'http://localhost:61710/session/27767eebc73a218ca8b54f522174b2bf/url'
20:24:56.738 [Forwarding getCurrentUrl on session 27767eebc73a218ca8b54f522174b2bf to remote] DEBUG org.asynchttpclient.netty.request.NettyRequestSender - Using open Channel [id: 0x533c815f, L:/127.0.0.1:63089 - R:localhost/127.0.0.1:61710] for GET '/session/27767eebc73a218ca8b54f522174b2bf/url'
20:24:56.743 [AsyncHttpClient-1-16] DEBUG org.asynchttpclient.netty.handler.HttpHandler - 

Request DefaultFullHttpRequest(decodeResult: success, version: HTTP/1.1, content: EmptyByteBufBE)
GET /session/27767eebc73a218ca8b54f522174b2bf/url HTTP/1.1
User-Agent: selenium/4.1.2 (java windows)
Cache-Control: no-cache
Content-Type: application/json; charset=utf-8
host: localhost:61710
accept: */*

Response DefaultHttpResponse(decodeResult: success, version: HTTP/1.1)
HTTP/1.1 200 OK
Content-Type: application/json; charset=utf-8
cache-control: no-cache
content-length: 41

20:24:56.743 [AsyncHttpClient-1-16] DEBUG org.asynchttpclient.netty.channel.ChannelManager - Adding key: http://localhost:61710 for channel [id: 0x533c815f, L:/127.0.0.1:63089 - R:localhost/127.0.0.1:61710]
  &amp#27;[31mAnd &amp#27;[0m&amp#27;[31mI click login button&amp#27;[0m                     &amp#27;[90m# starter.stepdefinitions.LoginStep.iClickLoginButton()&amp#27;[0m
      &amp#27;[31mnet.thucydides.core.webdriver.exceptions.ElementShouldBeEnabledException: Expected enabled element was not enabled
	at net.serenitybdd.core.pages.WebElementFacadeImpl.waitUntilEnabled(WebElementFacadeImpl.java:1100)
	at net.serenitybdd.core.pages.WebElementFacadeImpl.waitUntilElementAvailable(WebElementFacadeImpl.java:888)
	at net.serenitybdd.core.pages.WebElementFacadeImpl.click(WebElementFacadeImpl.java:1182)
	at net.serenitybdd.core.pages.WebElementFacadeImpl.click(WebElementFacadeImpl.java:1201)
	at AltaShop@1.0-SNAPSHOT/starter.pages.LoginPage.ClickBtnLogin(LoginPage.java:29)
	at AltaShop@1.0-SNAPSHOT/starter.pages.LoginPage$ByteBuddy$0y5FowtZ.ClickBtnLogin$accessor$9n6zCn55(Unknown Source)
	at java.base/jdk.internal.reflect.NativeMethodAccessorImpl.invoke0(Native Method)
	at java.base/jdk.internal.reflect.NativeMethodAccessorImpl.invoke(NativeMethodAccessorImpl.java:62)
	at java.base/jdk.internal.reflect.DelegatingMethodAccessorImpl.invoke(DelegatingMethodAccessorImpl.java:43)
	at java.base/java.lang.reflect.Method.invoke(Method.java:567)
	at net.thucydides.core.steps.BaseMethodRunner.invokeMethod(BaseMethodRunner.java:18)
	at net.thucydides.core.steps.NormalMethodRunner.invokeMethodAndNotifyFailures(NormalMethodRunner.java:18)
	at net.thucydides.core.steps.StepInterceptor.runNormalMethod(StepInterceptor.java:406)
	at net.thucydides.core.steps.StepInterceptor.testStepResult(StepInterceptor.java:191)
	at net.thucydides.core.steps.StepInterceptor.intercept(StepInterceptor.java:84)
	at net.thucydides.core.steps.ProxyConfiguration$InterceptorDispatcher.intercept(ProxyConfiguration.java:51)
	at AltaShop@1.0-SNAPSHOT/starter.pages.LoginPage$ByteBuddy$0y5FowtZ.ClickBtnLogin(Unknown Source)
	at AltaShop@1.0-SNAPSHOT/starter.stepdefinitions.LoginStep.iClickLoginButton(LoginStep.java:31)
	at âœ½.I click login button(file:///C:/Users/alwi/IdeaProjects/AltaShop/src/test/resources/features/Register.feature:8)
Caused by: org.openqa.selenium.TimeoutException: Expected condition failed: waiting for By.xpath: //button[@class = 'v-btn v-btn--is-elevated v-btn--has-bg theme--light v-size--default primary'] to be enabled (tried for 5 second(s) with 100 milliseconds interval)
	at org.openqa.selenium.support.ui.FluentWait.timeoutException(FluentWait.java:263)
	at org.openqa.selenium.support.ui.FluentWait.until(FluentWait.java:231)
	at net.serenitybdd.core.pages.WebElementFacadeImpl.waitUntilEnabled(WebElementFacadeImpl.java:1097)
	at net.serenitybdd.core.pages.WebElementFacadeImpl.waitUntilElementAvailable(WebElementFacadeImpl.java:888)
	at net.serenitybdd.core.pages.WebElementFacadeImpl.click(WebElementFacadeImpl.java:1182)
	at net.serenitybdd.core.pages.WebElementFacadeImpl.click(WebElementFacadeImpl.java:1201)
	at AltaShop@1.0-SNAPSHOT/starter.pages.LoginPage.ClickBtnLogin(LoginPage.java:29)
	at AltaShop@1.0-SNAPSHOT/starter.pages.LoginPage$ByteBuddy$0y5FowtZ.ClickBtnLogin$accessor$9n6zCn55(Unknown Source)
	at java.base/jdk.internal.reflect.NativeMethodAccessorImpl.invoke0(Native Method)
	at java.base/jdk.internal.reflect.NativeMethodAccessorImpl.invoke(NativeMethodAccessorImpl.java:62)
	at java.base/jdk.internal.reflect.DelegatingMethodAccessorImpl.invoke(DelegatingMethodAccessorImpl.java:43)
	at java.base/java.lang.reflect.Method.invoke(Method.java:567)
	at net.thucydides.core.steps.BaseMethodRunner.invokeMethod(BaseMethodRunner.java:18)
	at net.thucydides.core.steps.NormalMethodRunner.invokeMethodAndNotifyFailures(NormalMethodRunner.java:18)
	at net.thucydides.core.steps.StepInterceptor.runNormalMethod(StepInterceptor.java:406)
	at net.thucydides.core.steps.StepInterceptor.testStepResult(StepInterceptor.java:191)
	at net.thucydides.core.steps.StepInterceptor.intercept(StepInterceptor.java:84)
	at net.thucydides.core.steps.ProxyConfiguration$InterceptorDispatcher.intercept(ProxyConfiguration.java:51)
	at AltaShop@1.0-SNAPSHOT/starter.pages.LoginPage$ByteBuddy$0y5FowtZ.ClickBtnLogin(Unknown Source)
	at AltaShop@1.0-SNAPSHOT/starter.stepdefinitions.LoginStep.iClickLoginButton(LoginStep.java:31)
	at java.base/jdk.internal.reflect.NativeMethodAccessorImpl.invoke0(Native Method)
	at java.base/jdk.internal.reflect.NativeMethodAccessorImpl.invoke(NativeMethodAccessorImpl.java:62)
	at java.base/jdk.internal.reflect.DelegatingMethodAccessorImpl.invoke(DelegatingMethodAccessorImpl.java:43)
	at java.base/java.lang.reflect.Method.invoke(Method.java:567)
	at io.cucumber.java.Invoker.doInvoke(Invoker.java:66)
	at io.cucumber.java.Invoker.invoke(Invoker.java:24)
	at io.cucumber.java.AbstractGlueDefinition.invokeMethod(AbstractGlueDefinition.java:47)
	at io.cucumber.java.JavaStepDefinition.execute(JavaStepDefinition.java:29)
	at io.cucumber.core.runner.CoreStepDefinition.execute(CoreStepDefinition.java:66)
	at io.cucumber.core.runner.PickleStepDefinitionMatch.runStep(PickleStepDefinitionMatch.java:63)
	at io.cucumber.core.runner.ExecutionMode$1.execute(ExecutionMode.java:10)
	at io.cucumber.core.runner.TestStep.executeStep(TestStep.java:86)
	at io.cucumber.core.runner.TestStep.run(TestStep.java:57)
	at io.cucumber.core.runner.PickleStepTestStep.run(PickleStepTestStep.java:51)
	at io.cucumber.core.runner.TestCase.run(TestCase.java:95)
	at io.cucumber.core.runner.Runner.runPickle(Runner.java:75)
	at io.cucumber.junit.PickleRunners$NoStepDescriptions.lambda$run$0(PickleRunners.java:151)
	at io.cucumber.core.runtime.CucumberExecutionContext.lambda$runTestCase$3(CucumberExecutionContext.java:151)
	at io.cucumber.core.runtime.RethrowingThrowableCollector.executeAndThrow(RethrowingThrowableCollector.java:23)
	at io.cucumber.core.runtime.CucumberExecutionContext.runTestCase(CucumberExecutionContext.java:151)
	at io.cucumber.junit.PickleRunners$NoStepDescriptions.run(PickleRunners.java:148)
	at io.cucumber.junit.FeatureRunner.runChild(FeatureRunner.java:144)
	at io.cucumber.junit.FeatureRunner.runChild(FeatureRunner.java:28)
	at org.junit.runners.ParentRunner$4.run(ParentRunner.java:331)
	at org.junit.runners.ParentRunner$1.schedule(ParentRunner.java:79)
	at org.junit.runners.ParentRunner.runChildren(ParentRunner.java:329)
	at org.junit.runners.ParentRunner.access$100(ParentRunner.java:66)
	at org.junit.runners.ParentRunner$2.evaluate(ParentRunner.java:293)
	at org.junit.runners.ParentRunner$3.evaluate(ParentRunner.java:306)
	at org.junit.runners.ParentRunner.run(ParentRunner.java:413)
	at io.cucumber.junit.FeatureRunner.run(FeatureRunner.java:137)
	at io.cucumber.junit.CucumberSerenityRunner.runChild(CucumberSerenityRunner.java:258)
	at io.cucumber.junit.CucumberSerenityRunner.runChild(CucumberSerenityRunner.java:58)
	at org.junit.runners.ParentRunner$4.run(ParentRunner.java:331)
	at org.junit.runners.ParentRunner$1.schedule(ParentRunner.java:79)
	at org.junit.runners.ParentRunner.runChildren(ParentRunner.java:329)
	at org.junit.runners.ParentRunner.access$100(ParentRunner.java:66)
	at org.junit.runners.ParentRunner$2.evaluate(ParentRunner.java:293)
	at io.cucumber.junit.CucumberSerenityRunner$RunCucumber.evaluate(CucumberSerenityRunner.java:287)
	at org.junit.runners.ParentRunner$3.evaluate(ParentRunner.java:306)
	at org.junit.runners.ParentRunner.run(ParentRunner.java:413)
	at org.junit.runner.JUnitCore.run(JUnitCore.java:137)
	at org.junit.runner.JUnitCore.run(JUnitCore.java:115)
	at org.junit.vintage.engine.execution.RunnerExecutor.execute(RunnerExecutor.java:42)
	at org.junit.vintage.engine.VintageTestEngine.executeAllChildren(VintageTestEngine.java:80)
	at org.junit.vintage.engine.VintageTestEngine.execute(VintageTestEngine.java:72)
	at org.junit.platform.launcher.core.EngineExecutionOrchestrator.execute(EngineExecutionOrchestrator.java:107)
	at org.junit.platform.launcher.core.EngineExecutionOrchestrator.execute(EngineExecutionOrchestrator.java:88)
	at org.junit.platform.launcher.core.EngineExecutionOrchestrator.lambda$execute$0(EngineExecutionOrchestrator.java:54)
	at org.junit.platform.launcher.core.EngineExecutionOrchestrator.withInterceptedStreams(EngineExecutionOrchestrator.java:67)
	at org.junit.platform.launcher.core.EngineExecutionOrchestrator.execute(EngineExecutionOrchestrator.java:52)
	at org.junit.platform.launcher.core.DefaultLauncher.execute(DefaultLauncher.java:114)
	at org.junit.platform.launcher.core.DefaultLauncher.execute(DefaultLauncher.java:86)
	at org.junit.platform.launcher.core.DefaultLauncherSession$DelegatingLauncher.execute(DefaultLauncherSession.java:86)
	at org.junit.platform.launcher.core.SessionPerRequestLauncher.execute(SessionPerRequestLauncher.java:53)
	at org.apache.maven.surefire.junitplatform.JUnitPlatformProvider.execute(JUnitPlatformProvider.java:188)
	at org.apache.maven.surefire.junitplatform.JUnitPlatformProvider.invokeAllTests(JUnitPlatformProvider.java:154)
	at org.apache.maven.surefire.junitplatform.JUnitPlatformProvider.invoke(JUnitPlatformProvider.java:128)
	at org.apache.maven.surefire.booter.ForkedBooter.runSuitesInProcess(ForkedBooter.java:428)
	at org.apache.maven.surefire.booter.ForkedBooter.execute(ForkedBooter.java:162)
	at org.apache.maven.surefire.booter.ForkedBooter.run(ForkedBooter.java:562)
	at org.apache.maven.surefire.booter.ForkedBooter.main(ForkedBooter.java:548)
Caused by: org.openqa.selenium.NoSuchElementException: no such element: Unable to locate element: {"method":"xpath","selector":"//button[@class = 'v-btn v-btn--is-elevated v-btn--has-bg theme--light v-size--default primary']"}
  (Session info: chrome=106.0.5249.119)
For documentation on this error, please visit: https://selenium.dev/exceptions/#no_such_element
Build info: version: '4.1.2', revision: '9a5a329c5a'
System info: host: 'DESKTOP-3MAQDS2', ip: '192.168.1.5', os.name: 'Windows 10', os.arch: 'amd64', os.version: '10.0', java.version: '13.0.2'
Driver info: org.openqa.selenium.chrome.ChromeDriver
Command: [27767eebc73a218ca8b54f522174b2bf, findElement {using=xpath, value=//button[@class = 'v-btn v-btn--is-elevated v-btn--has-bg theme--light v-size--default primary']}]
Capabilities {acceptInsecureCerts: false, browserName: chrome, browserVersion: 106.0.5249.119, chrome: {chromedriverVersion: 105.0.5195.52 (412c95e51883..., userDataDir: C:\Users\alwi\AppData\Local...}, goog:chromeOptions: {debuggerAddress: localhost:63090}, javascriptEnabled: true, networkConnectionEnabled: false, pageLoadStrategy: normal, platform: WINDOWS, platformName: WINDOWS, proxy: Proxy(), se:cdp: ws://localhost:63090/devtoo..., se:cdpVersion: 106.0.5249.119, setWindowRect: true, strictFileInteractability: false, timeouts: {implicit: 0, pageLoad: 300000, script: 30000}, unhandledPromptBehavior: dismiss and notify, webauthn:extension:credBlob: true, webauthn:extension:largeBlob: true, webauthn:virtualAuthenticators: true}
Session ID: 27767eebc73a218ca8b54f522174b2bf
	at java.base/jdk.internal.reflect.NativeConstructorAccessorImpl.newInstance0(Native Method)
	at java.base/jdk.internal.reflect.NativeConstructorAccessorImpl.newInstance(NativeConstructorAccessorImpl.java:62)
	at java.base/jdk.internal.reflect.DelegatingConstructorAccessorImpl.newInstance(DelegatingConstructorAccessorImpl.java:45)
	at java.base/java.lang.reflect.Constructor.newInstanceWithCaller(Constructor.java:500)
	at java.base/java.lang.reflect.Constructor.newInstance(Constructor.java:481)
	at org.openqa.selenium.remote.codec.w3c.W3CHttpResponseCodec.createException(W3CHttpResponseCodec.java:200)
	at org.openqa.selenium.remote.codec.w3c.W3CHttpResponseCodec.decode(W3CHttpResponseCodec.java:133)
	at org.openqa.selenium.remote.codec.w3c.W3CHttpResponseCodec.decode(W3CHttpResponseCodec.java:53)
	at org.openqa.selenium.remote.HttpCommandExecutor.execute(HttpCommandExecutor.java:184)
	at org.openqa.selenium.remote.service.DriverCommandExecutor.invokeExecute(DriverCommandExecutor.java:167)
	at org.openqa.selenium.remote.service.DriverCommandExecutor.execute(DriverCommandExecutor.java:142)
	at org.openqa.selenium.remote.RemoteWebDriver.execute(RemoteWebDriver.java:558)
	at org.openqa.selenium.remote.ElementLocation$ElementFinder$2.findElement(ElementLocation.java:162)
	at org.openqa.selenium.remote.ElementLocation.findElement(ElementLocation.java:60)
	at org.openqa.selenium.remote.RemoteWebDriver.findElement(RemoteWebDriver.java:382)
	at org.openqa.selenium.remote.RemoteWebDriver.findElement(RemoteWebDriver.java:374)
	at net.thucydides.core.webdriver.WebDriverFacade.findElement(WebDriverFacade.java:224)
	at net.serenitybdd.core.pages.WebElementResolverByLocator.resolveForDriver(WebElementResolverByLocator.java:25)
	at net.serenitybdd.core.pages.WebElementFacadeImpl.getResolvedElement(WebElementFacadeImpl.java:191)
	at net.serenitybdd.core.pages.WebElementFacadeImpl.getElement(WebElementFacadeImpl.java:186)
	at net.serenitybdd.core.pages.WebElementExpectations$3.apply(WebElementExpectations.java:63)
	at net.serenitybdd.core.pages.WebElementExpectations$3.apply(WebElementExpectations.java:55)
	at org.openqa.selenium.support.ui.FluentWait.until(FluentWait.java:208)
	... 80 more
&amp#27;[0m
  &amp#27;[36mAnd &amp#27;[0m&amp#27;[36mI click register button&amp#27;[0m                  &amp#27;[90m# starter.stepdefinitions.RegisterStep.iClickRegisterButton()&amp#27;[0m
  &amp#27;[36mWhen &amp#27;[0m&amp#27;[36mI input fullname register &amp#27;[0m&amp#27;[36m&amp#27;[1m"naixxy12"&amp#27;[0m    &amp#27;[90m# starter.stepdefinitions.RegisterStep.iInputFullnameRegister(java.lang.String)&amp#27;[0m
  &amp#27;[36mAnd &amp#27;[0m&amp#27;[36mI input email register &amp#27;[0m&amp#27;[36m&amp#27;[1m""&amp#27;[0m                &amp#27;[90m# starter.stepdefinitions.RegisterStep.iInputEmailRegister(java.lang.String)&amp#27;[0m
  &amp#27;[36mAnd &amp#27;[0m&amp#27;[36mI input password register &amp#27;[0m&amp#27;[36m&amp#27;[1m"1234"&amp#27;[0m         &amp#27;[90m# starter.stepdefinitions.RegisterStep.iInputPasswordRegister(java.lang.String)&amp#27;[0m
  &amp#27;[36mAnd &amp#27;[0m&amp#27;[36mI click submit register button&amp#27;[0m           &amp#27;[90m# starter.stepdefinitions.RegisterStep.iClickSubmitRegisterButton()&amp#27;[0m
  &amp#27;[36mThen &amp#27;[0m&amp#27;[36mI will get the result register &amp#27;[0m&amp#27;[36m&amp#27;[1m"failed"&amp#27;[0m &amp#27;[90m# starter.stepdefinitions.RegisterStep.iWillGetTheResultRegister(java.lang.String)&amp#27;[0m
20:24:56.848 [AsyncHttpClient-1-2] DEBUG org.asynchttpclient.netty.handler.WebSocketHandler - Channel Closed: [id: 0x32dd1edb, L:/127.0.0.1:63097 ! R:localhost/127.0.0.1:63090] with attribute NettyResponseFuture{currentRetry=5,
	isDone=1,
	isCancelled=0,
	asyncHandler=org.asynchttpclient.ws.WebSocketUpgradeHandler@a128a31,
	nettyRequest=org.asynchttpclient.netty.request.NettyRequest@59bd88b8,
	future=java.util.concurrent.CompletableFuture@4190d5f6[Completed normally],
	uri=ws://localhost:63090/devtools/browser/f4c4daa6-bf18-4580-a30a-43d254b79224,
	keepAlive=true,
	redirectCount=0,
	timeoutsHolder=null,
	inAuth=0,
	touch=1666790689271}
20:24:56.849 [AsyncHttpClient-1-2] DEBUG org.asynchttpclient.netty.channel.ChannelManager - Closing Channel [id: 0x32dd1edb, L:/127.0.0.1:63097 ! R:localhost/127.0.0.1:63090] 
20:24:56.849 [Driver Command Executor] DEBUG org.asynchttpclient.netty.request.NettyRequestSender - Using pooled Channel '[id: 0x533c815f, L:/127.0.0.1:63089 - R:localhost/127.0.0.1:61710]' for 'DELETE' to 'http://localhost:61710/session/27767eebc73a218ca8b54f522174b2bf'
20:24:56.849 [Driver Command Executor] DEBUG org.asynchttpclient.netty.request.NettyRequestSender - Using open Channel [id: 0x533c815f, L:/127.0.0.1:63089 - R:localhost/127.0.0.1:61710] for DELETE '/session/27767eebc73a218ca8b54f522174b2bf'
20:24:56.881 [AsyncHttpClient-1-17] DEBUG org.asynchttpclient.netty.handler.HttpHandler - Unexpected I/O exception on channel [id: 0x9fa5e1c1, L:/127.0.0.1:63096 - R:localhost/127.0.0.1:63090]
java.net.SocketException: Connection reset
	at java.base/sun.nio.ch.SocketChannelImpl.throwConnectionReset(SocketChannelImpl.java:345)
	at java.base/sun.nio.ch.SocketChannelImpl.read(SocketChannelImpl.java:376)
	at io.netty.buffer.PooledByteBuf.setBytes(PooledByteBuf.java:258)
	at io.netty.buffer.AbstractByteBuf.writeBytes(AbstractByteBuf.java:1132)
	at io.netty.channel.socket.nio.NioSocketChannel.doReadBytes(NioSocketChannel.java:350)
	at io.netty.channel.nio.AbstractNioByteChannel$NioByteUnsafe.read(AbstractNioByteChannel.java:151)
	at io.netty.channel.nio.NioEventLoop.processSelectedKey(NioEventLoop.java:722)
	at io.netty.channel.nio.NioEventLoop.processSelectedKeysOptimized(NioEventLoop.java:658)
	at io.netty.channel.nio.NioEventLoop.processSelectedKeys(NioEventLoop.java:584)
	at io.netty.channel.nio.NioEventLoop.run(NioEventLoop.java:496)
	at io.netty.util.concurrent.SingleThreadEventExecutor$4.run(SingleThreadEventExecutor.java:986)
	at io.netty.util.internal.ThreadExecutorMap$2.run(ThreadExecutorMap.java:74)
	at io.netty.util.concurrent.FastThreadLocalRunnable.run(FastThreadLocalRunnable.java:30)
	at java.base/java.lang.Thread.run(Thread.java:830)
20:24:56.881 [AsyncHttpClient-1-17] DEBUG org.asynchttpclient.netty.channel.ChannelManager - Closing Channel [id: 0x9fa5e1c1, L:/127.0.0.1:63096 - R:localhost/127.0.0.1:63090] 
20:24:56.881 [AsyncHttpClient-1-17] DEBUG org.asynchttpclient.netty.handler.HttpHandler - Channel Closed: [id: 0x9fa5e1c1, L:/127.0.0.1:63096 ! R:localhost/127.0.0.1:63090] with attribute DISCARD
20:24:56.900 [AsyncHttpClient-1-16] DEBUG org.asynchttpclient.netty.handler.HttpHandler - 

Request DefaultFullHttpRequest(decodeResult: success, version: HTTP/1.1, content: EmptyByteBufBE)
DELETE /session/27767eebc73a218ca8b54f522174b2bf HTTP/1.1
User-Agent: selenium/4.1.2 (java windows)
Content-Type: application/json; charset=utf-8
host: localhost:61710
accept: */*

Response DefaultHttpResponse(decodeResult: success, version: HTTP/1.1)
HTTP/1.1 200 OK
Content-Type: application/json; charset=utf-8
cache-control: no-cache
content-length: 14

20:24:56.900 [AsyncHttpClient-1-16] DEBUG org.asynchttpclient.netty.channel.ChannelManager - Adding key: http://localhost:61710 for channel [id: 0x533c815f, L:/127.0.0.1:63089 - R:localhost/127.0.0.1:61710]
20:24:56.959 [AsyncHttpClient-1-16] DEBUG org.asynchttpclient.netty.handler.HttpHandler - Channel Closed: [id: 0x533c815f, L:/127.0.0.1:63089 ! R:localhost/127.0.0.1:61710] with attribute DISCARD
20:24:57.273 [AsyncHttpClient-1-1] DEBUG org.asynchttpclient.netty.channel.DefaultChannelPool - Entry count for : http://localhost:63090 : 1
20:24:57.273 [AsyncHttpClient-1-1] DEBUG org.asynchttpclient.netty.channel.DefaultChannelPool - Entry count for : http://localhost:61710 : 1
20:24:57.273 [AsyncHttpClient-1-1] DEBUG org.asynchttpclient.netty.channel.DefaultChannelPool - Adding Candidate expired Channel [id: 0x9fa5e1c1, L:/127.0.0.1:63096 ! R:localhost/127.0.0.1:63090] isIdleTimeoutExpired=false isRemotelyClosed=true isTtlExpired=false
20:24:57.273 [AsyncHttpClient-1-1] DEBUG org.asynchttpclient.netty.channel.DefaultChannelPool - Closing Idle Channel [id: 0x9fa5e1c1, L:/127.0.0.1:63096 ! R:localhost/127.0.0.1:63090]
20:24:57.273 [AsyncHttpClient-1-1] DEBUG org.asynchttpclient.netty.channel.DefaultChannelPool - Adding Candidate expired Channel [id: 0x533c815f, L:/127.0.0.1:63089 ! R:localhost/127.0.0.1:61710] isIdleTimeoutExpired=false isRemotelyClosed=true isTtlExpired=false
20:24:57.273 [AsyncHttpClient-1-1] DEBUG org.asynchttpclient.netty.channel.DefaultChannelPool - Closing Idle Channel [id: 0x533c815f, L:/127.0.0.1:63089 ! R:localhost/127.0.0.1:61710]
20:24:57.273 [AsyncHttpClient-1-1] DEBUG org.asynchttpclient.netty.channel.DefaultChannelPool - Closed 2 connections out of 2 in 0 ms
]]></system-out>
    <system-err><![CDATA[Starting ChromeDriver 105.0.5195.52 (412c95e518836d8a7d97250d62b29c2ae6a26a85-refs/branch-heads/5195@{#853}) on port 61710
Only local connections are allowed.
Please see https://chromedriver.chromium.org/security-considerations for suggestions on keeping ChromeDriver safe.
ChromeDriver was started successfully.
[1666790689.232][WARNING]: This version of ChromeDriver has not been tested with Chrome version 106.
Okt 26, 2022 8:24:49 PM org.openqa.selenium.remote.ProtocolHandshake createSession
INFO: Detected dialect: W3C
Okt 26, 2022 8:24:49 PM org.openqa.selenium.devtools.CdpVersionFinder findNearestMatch
WARNING: Unable to find an exact match for CDP version 106, so returning the closest version found: a no-op implementation
Okt 26, 2022 8:24:49 PM org.openqa.selenium.devtools.CdpVersionFinder findNearestMatch
INFO: Unable to find CDP implementation matching 106.
Okt 26, 2022 8:24:49 PM org.openqa.selenium.chromium.ChromiumDriver lambda$new$3
WARNING: Unable to find version of CDP to use for . You may need to include a dependency on a specific version of the CDP using something similar to `org.seleniumhq.selenium:selenium-devtools-v86:4.1.2` where the version ("v86") matches the version of the chromium-based browser you're using and the version number of the artifact is the same as Selenium's.
]]></system-err>
  </testcase>
  <testcase name=" #4" classname="Register" time="10.378">
    <error type="net.thucydides.core.webdriver.exceptions.ElementShouldBeEnabledException"><![CDATA[net.thucydides.core.webdriver.exceptions.ElementShouldBeEnabledException: Expected enabled element was not enabled
Caused by: org.openqa.selenium.TimeoutException: Expected condition failed: waiting for By.xpath: //button[@class = 'v-btn v-btn--is-elevated v-btn--has-bg theme--light v-size--default primary'] to be enabled (tried for 5 second(s) with 100 milliseconds interval)
Caused by: org.openqa.selenium.NoSuchElementException: 
no such element: Unable to locate element: {"method":"xpath","selector":"//button[@class = 'v-btn v-btn--is-elevated v-btn--has-bg theme--light v-size--default primary']"}
  (Session info: chrome=106.0.5249.119)
For documentation on this error, please visit: https://selenium.dev/exceptions/#no_such_element
Build info: version: '4.1.2', revision: '9a5a329c5a'
System info: host: 'DESKTOP-3MAQDS2', ip: '192.168.1.5', os.name: 'Windows 10', os.arch: 'amd64', os.version: '10.0', java.version: '13.0.2'
Driver info: org.openqa.selenium.chrome.ChromeDriver
Command: [62f4ed8b3de3d0fd21068f642d22f62d, findElement {using=xpath, value=//button[@class = 'v-btn v-btn--is-elevated v-btn--has-bg theme--light v-size--default primary']}]
Capabilities {acceptInsecureCerts: false, browserName: chrome, browserVersion: 106.0.5249.119, chrome: {chromedriverVersion: 105.0.5195.52 (412c95e51883..., userDataDir: C:\Users\alwi\AppData\Local...}, goog:chromeOptions: {debuggerAddress: localhost:63128}, javascriptEnabled: true, networkConnectionEnabled: false, pageLoadStrategy: normal, platform: WINDOWS, platformName: WINDOWS, proxy: Proxy(), se:cdp: ws://localhost:63128/devtoo..., se:cdpVersion: 106.0.5249.119, setWindowRect: true, strictFileInteractability: false, timeouts: {implicit: 0, pageLoad: 300000, script: 30000}, unhandledPromptBehavior: dismiss and notify, webauthn:extension:credBlob: true, webauthn:extension:largeBlob: true, webauthn:virtualAuthenticators: true}
Session ID: 62f4ed8b3de3d0fd21068f642d22f62d
]]></error>
    <system-out><![CDATA[
Scenario Outline:                              &amp#27;[90m# src/test/resources/features/Register.feature:20&amp#27;[0m
20:24:57.486 [main] INFO io.cucumber.core.plugin.SerenityReporter - Running feature from file:///C:/Users/alwi/IdeaProjects/AltaShop/src/test/resources/features/Register.feature
20:24:57.496 [main] INFO net.serenitybdd.core.webdriver.driverproviders.ChromeDriverProvider - Using automatically driver download
20:24:57.609 [main] DEBUG io.github.bonigarcia.wdm.cache.ResolutionCache - Resolution chrome=106 in cache (valid until 20:56:42 26/10/2022 ICT)
20:24:57.612 [main] DEBUG io.github.bonigarcia.wdm.cache.ResolutionCache - Resolution chrome106=106.0.5249.61 in cache (valid until 22:47:25 26/10/2022 WIB)
20:24:57.614 [main] INFO io.github.bonigarcia.wdm.WebDriverManager - Using chromedriver 106.0.5249.61 (resolved driver for Chrome 106)
20:24:57.630 [main] DEBUG io.github.bonigarcia.wdm.WebDriverManager - Driver chromedriver 106.0.5249.61 found in cache
20:24:57.630 [main] INFO io.github.bonigarcia.wdm.WebDriverManager - Exporting webdriver.chrome.driver as C:\Users\alwi\.cache\selenium\chromedriver\win32\106.0.5249.61\chromedriver.exe
20:24:57.739 [main] DEBUG net.serenitybdd.core.webdriver.driverproviders.ProvideNewDriver - Instantiating driver
20:24:57.739 [main] DEBUG net.serenitybdd.core.webdriver.driverproviders.ProvideNewDriver - Driver capabilities: Capabilities {acceptInsecureCerts: false, base.url: https://alta-shop.vercel.app, browserName: chrome, chrome.driver: src/test/resources/webdrive..., driver: chrome, goog:chromeOptions: {args: [], extensions: []}, wait.for.timeout: 5000}
20:24:58.276 [AsyncHttpClient-1-3] DEBUG org.asynchttpclient.netty.channel.NettyConnectListener - Using new Channel '[id: 0xdb49842b, L:/127.0.0.1:63126 - R:localhost/127.0.0.1:62762]' for 'POST' to '/session'
20:24:59.171 [AsyncHttpClient-1-3] DEBUG org.asynchttpclient.netty.handler.HttpHandler - 

Request DefaultHttpRequest(decodeResult: success, version: HTTP/1.1)
POST /session HTTP/1.1
User-Agent: selenium/4.1.2 (java windows)
Content-Length: 639
Content-Type: application/json; charset=utf-8
host: localhost:62762
accept: */*

Response DefaultHttpResponse(decodeResult: success, version: HTTP/1.1)
HTTP/1.1 200 OK
Content-Type: application/json; charset=utf-8
cache-control: no-cache
content-length: 788

20:24:59.171 [AsyncHttpClient-1-3] DEBUG org.asynchttpclient.netty.channel.ChannelManager - Adding key: http://localhost:62762 for channel [id: 0xdb49842b, L:/127.0.0.1:63126 - R:localhost/127.0.0.1:62762]
20:24:59.176 [AsyncHttpClient-1-4] DEBUG org.asynchttpclient.netty.channel.NettyConnectListener - Using new Channel '[id: 0x854815f7, L:/127.0.0.1:63135 - R:localhost/127.0.0.1:63128]' for 'GET' to '/json/version'
20:24:59.177 [AsyncHttpClient-1-4] DEBUG org.asynchttpclient.netty.handler.HttpHandler - 

Request DefaultFullHttpRequest(decodeResult: success, version: HTTP/1.1, content: EmptyByteBufBE)
GET /json/version HTTP/1.1
User-Agent: selenium/4.1.2 (java windows)
host: localhost:63128
accept: */*

Response DefaultHttpResponse(decodeResult: success, version: HTTP/1.1)
HTTP/1.1 200 OK
Content-Type: application/json; charset=UTF-8
content-length: 424

20:24:59.177 [AsyncHttpClient-1-4] DEBUG org.asynchttpclient.netty.channel.ChannelManager - Adding key: http://localhost:63128 for channel [id: 0x854815f7, L:/127.0.0.1:63135 - R:localhost/127.0.0.1:63128]
20:24:59.179 [AsyncHttpClient-1-5] DEBUG org.asynchttpclient.netty.channel.NettyConnectListener - Using new Channel '[id: 0xa97089cc, L:/127.0.0.1:63136 - R:localhost/127.0.0.1:63128]' for 'GET' to '/devtools/browser/5646c1e6-1b8a-48ab-888e-0fff964056ad'
20:24:59.180 [AsyncHttpClient-1-5] DEBUG org.asynchttpclient.netty.handler.WebSocketHandler - 

Request DefaultFullHttpRequest(decodeResult: success, version: HTTP/1.1, content: EmptyByteBufBE)
GET /devtools/browser/5646c1e6-1b8a-48ab-888e-0fff964056ad HTTP/1.1
upgrade: websocket
connection: upgrade
sec-websocket-key: ewrpB5WubWJYR19VWPQiAg==
sec-websocket-version: 13
origin: http://localhost:63128
host: localhost:63128
accept: */*
user-agent: AHC/2.1

Response DefaultHttpResponse(decodeResult: success, version: HTTP/1.1)
HTTP/1.1 101 WebSocket Protocol Handshake
Upgrade: WebSocket
Connection: Upgrade
Sec-WebSocket-Accept: 4JusI6WkBPXjOKV3UeSOUc1NCLE=

20:24:59.183 [Forwarding get on session 62f4ed8b3de3d0fd21068f642d22f62d to remote] DEBUG org.asynchttpclient.netty.request.NettyRequestSender - Using pooled Channel '[id: 0xdb49842b, L:/127.0.0.1:63126 - R:localhost/127.0.0.1:62762]' for 'POST' to 'http://localhost:62762/session/62f4ed8b3de3d0fd21068f642d22f62d/url'
20:24:59.183 [Forwarding get on session 62f4ed8b3de3d0fd21068f642d22f62d to remote] DEBUG org.asynchttpclient.netty.request.NettyRequestSender - Using open Channel [id: 0xdb49842b, L:/127.0.0.1:63126 - R:localhost/127.0.0.1:62762] for POST '/session/62f4ed8b3de3d0fd21068f642d22f62d/url'
20:24:59.465 [AsyncHttpClient-1-1] DEBUG org.asynchttpclient.netty.channel.DefaultChannelPool - Entry count for : http://localhost:63128 : 1
20:24:59.831 [AsyncHttpClient-1-3] DEBUG org.asynchttpclient.netty.handler.HttpHandler - 

Request DefaultHttpRequest(decodeResult: success, version: HTTP/1.1)
POST /session/62f4ed8b3de3d0fd21068f642d22f62d/url HTTP/1.1
User-Agent: selenium/4.1.2 (java windows)
Content-Length: 59
Content-Type: application/json; charset=utf-8
host: localhost:62762
accept: */*

Response DefaultHttpResponse(decodeResult: success, version: HTTP/1.1)
HTTP/1.1 200 OK
Content-Type: application/json; charset=utf-8
cache-control: no-cache
content-length: 14

20:24:59.831 [AsyncHttpClient-1-3] DEBUG org.asynchttpclient.netty.channel.ChannelManager - Adding key: http://localhost:62762 for channel [id: 0xdb49842b, L:/127.0.0.1:63126 - R:localhost/127.0.0.1:62762]
20:24:59.833 [Forwarding setTimeout on session 62f4ed8b3de3d0fd21068f642d22f62d to remote] DEBUG org.asynchttpclient.netty.request.NettyRequestSender - Using pooled Channel '[id: 0xdb49842b, L:/127.0.0.1:63126 - R:localhost/127.0.0.1:62762]' for 'POST' to 'http://localhost:62762/session/62f4ed8b3de3d0fd21068f642d22f62d/timeouts'
20:24:59.833 [Forwarding setTimeout on session 62f4ed8b3de3d0fd21068f642d22f62d to remote] DEBUG org.asynchttpclient.netty.request.NettyRequestSender - Using open Channel [id: 0xdb49842b, L:/127.0.0.1:63126 - R:localhost/127.0.0.1:62762] for POST '/session/62f4ed8b3de3d0fd21068f642d22f62d/timeouts'
20:24:59.835 [AsyncHttpClient-1-3] DEBUG org.asynchttpclient.netty.handler.HttpHandler - 

Request DefaultHttpRequest(decodeResult: success, version: HTTP/1.1)
POST /session/62f4ed8b3de3d0fd21068f642d22f62d/timeouts HTTP/1.1
User-Agent: selenium/4.1.2 (java windows)
Content-Length: 22
Content-Type: application/json; charset=utf-8
host: localhost:62762
accept: */*

Response DefaultHttpResponse(decodeResult: success, version: HTTP/1.1)
HTTP/1.1 200 OK
Content-Type: application/json; charset=utf-8
cache-control: no-cache
content-length: 14

20:24:59.835 [AsyncHttpClient-1-3] DEBUG org.asynchttpclient.netty.channel.ChannelManager - Adding key: http://localhost:62762 for channel [id: 0xdb49842b, L:/127.0.0.1:63126 - R:localhost/127.0.0.1:62762]
20:24:59.841 [Forwarding getCurrentUrl on session 62f4ed8b3de3d0fd21068f642d22f62d to remote] DEBUG org.asynchttpclient.netty.request.NettyRequestSender - Using pooled Channel '[id: 0xdb49842b, L:/127.0.0.1:63126 - R:localhost/127.0.0.1:62762]' for 'GET' to 'http://localhost:62762/session/62f4ed8b3de3d0fd21068f642d22f62d/url'
20:24:59.841 [Forwarding getCurrentUrl on session 62f4ed8b3de3d0fd21068f642d22f62d to remote] DEBUG org.asynchttpclient.netty.request.NettyRequestSender - Using open Channel [id: 0xdb49842b, L:/127.0.0.1:63126 - R:localhost/127.0.0.1:62762] for GET '/session/62f4ed8b3de3d0fd21068f642d22f62d/url'
20:24:59.850 [AsyncHttpClient-1-3] DEBUG org.asynchttpclient.netty.handler.HttpHandler - 

Request DefaultFullHttpRequest(decodeResult: success, version: HTTP/1.1, content: EmptyByteBufBE)
GET /session/62f4ed8b3de3d0fd21068f642d22f62d/url HTTP/1.1
User-Agent: selenium/4.1.2 (java windows)
Cache-Control: no-cache
Content-Type: application/json; charset=utf-8
host: localhost:62762
accept: */*

Response DefaultHttpResponse(decodeResult: success, version: HTTP/1.1)
HTTP/1.1 200 OK
Content-Type: application/json; charset=utf-8
cache-control: no-cache
content-length: 41

20:24:59.851 [AsyncHttpClient-1-3] DEBUG org.asynchttpclient.netty.channel.ChannelManager - Adding key: http://localhost:62762 for channel [id: 0xdb49842b, L:/127.0.0.1:63126 - R:localhost/127.0.0.1:62762]
  &amp#27;[32mGiven &amp#27;[0m&amp#27;[32mI am on the home page&amp#27;[0m                  &amp#27;[90m# starter.stepdefinitions.HomeStep.iAmOnTheHomePage()&amp#27;[0m
20:24:59.859 [Forwarding screenshot on session 62f4ed8b3de3d0fd21068f642d22f62d to remote] DEBUG org.asynchttpclient.netty.request.NettyRequestSender - Using pooled Channel '[id: 0xdb49842b, L:/127.0.0.1:63126 - R:localhost/127.0.0.1:62762]' for 'GET' to 'http://localhost:62762/session/62f4ed8b3de3d0fd21068f642d22f62d/screenshot'
20:24:59.859 [Forwarding screenshot on session 62f4ed8b3de3d0fd21068f642d22f62d to remote] DEBUG org.asynchttpclient.netty.request.NettyRequestSender - Using open Channel [id: 0xdb49842b, L:/127.0.0.1:63126 - R:localhost/127.0.0.1:62762] for GET '/session/62f4ed8b3de3d0fd21068f642d22f62d/screenshot'
20:25:00.021 [AsyncHttpClient-1-3] DEBUG org.asynchttpclient.netty.handler.HttpHandler - 

Request DefaultFullHttpRequest(decodeResult: success, version: HTTP/1.1, content: EmptyByteBufBE)
GET /session/62f4ed8b3de3d0fd21068f642d22f62d/screenshot HTTP/1.1
User-Agent: selenium/4.1.2 (java windows)
Cache-Control: no-cache
Content-Type: application/json; charset=utf-8
host: localhost:62762
accept: */*

Response DefaultHttpResponse(decodeResult: success, version: HTTP/1.1)
HTTP/1.1 200 OK
Content-Type: application/json; charset=utf-8
cache-control: no-cache
content-length: 27172

20:25:00.022 [AsyncHttpClient-1-3] DEBUG org.asynchttpclient.netty.channel.ChannelManager - Adding key: http://localhost:62762 for channel [id: 0xdb49842b, L:/127.0.0.1:63126 - R:localhost/127.0.0.1:62762]
20:25:00.024 [main] DEBUG net.serenitybdd.core.photography.Darkroom - Send negative for processing for target\site\serenity\b9cd768efc898737d6c074055f49f7d4299f6678b0af8de03615cfe287d026f5.png
20:25:00.025 [Darkroom Processing Line] DEBUG net.serenitybdd.core.photography.DarkroomProcessingLine - Processing screenshot image in /var/screenshots/screenshot-10854899294976662384
20:25:00.025 [Darkroom Processing Line] DEBUG net.serenitybdd.core.photography.DarkroomProcessingLine - Saving screenshot to target\site\serenity\b9cd768efc898737d6c074055f49f7d4299f6678b0af8de03615cfe287d026f5.png
20:25:00.044 [Forwarding findElement on session 62f4ed8b3de3d0fd21068f642d22f62d to remote] DEBUG org.asynchttpclient.netty.request.NettyRequestSender - Using pooled Channel '[id: 0xdb49842b, L:/127.0.0.1:63126 - R:localhost/127.0.0.1:62762]' for 'POST' to 'http://localhost:62762/session/62f4ed8b3de3d0fd21068f642d22f62d/element'
20:25:00.045 [Forwarding findElement on session 62f4ed8b3de3d0fd21068f642d22f62d to remote] DEBUG org.asynchttpclient.netty.request.NettyRequestSender - Using open Channel [id: 0xdb49842b, L:/127.0.0.1:63126 - R:localhost/127.0.0.1:62762] for POST '/session/62f4ed8b3de3d0fd21068f642d22f62d/element'
20:25:00.568 [AsyncHttpClient-1-1] DEBUG org.asynchttpclient.netty.channel.DefaultChannelPool - Entry count for : http://localhost:63128 : 1
20:25:01.666 [AsyncHttpClient-1-1] DEBUG org.asynchttpclient.netty.channel.DefaultChannelPool - Entry count for : http://localhost:63128 : 1
20:25:02.104 [AsyncHttpClient-1-3] DEBUG org.asynchttpclient.netty.handler.HttpHandler - 

Request DefaultHttpRequest(decodeResult: success, version: HTTP/1.1)
POST /session/62f4ed8b3de3d0fd21068f642d22f62d/element HTTP/1.1
User-Agent: selenium/4.1.2 (java windows)
Content-Length: 143
Content-Type: application/json; charset=utf-8
host: localhost:62762
accept: */*

Response DefaultHttpResponse(decodeResult: success, version: HTTP/1.1)
HTTP/1.1 404 Not Found
Content-Type: application/json; charset=utf-8
cache-control: no-cache
content-length: 1101

20:25:02.104 [AsyncHttpClient-1-3] DEBUG org.asynchttpclient.netty.channel.ChannelManager - Adding key: http://localhost:62762 for channel [id: 0xdb49842b, L:/127.0.0.1:63126 - R:localhost/127.0.0.1:62762]
20:25:02.211 [Forwarding findElement on session 62f4ed8b3de3d0fd21068f642d22f62d to remote] DEBUG org.asynchttpclient.netty.request.NettyRequestSender - Using pooled Channel '[id: 0xdb49842b, L:/127.0.0.1:63126 - R:localhost/127.0.0.1:62762]' for 'POST' to 'http://localhost:62762/session/62f4ed8b3de3d0fd21068f642d22f62d/element'
20:25:02.211 [Forwarding findElement on session 62f4ed8b3de3d0fd21068f642d22f62d to remote] DEBUG org.asynchttpclient.netty.request.NettyRequestSender - Using open Channel [id: 0xdb49842b, L:/127.0.0.1:63126 - R:localhost/127.0.0.1:62762] for POST '/session/62f4ed8b3de3d0fd21068f642d22f62d/element'
20:25:02.770 [AsyncHttpClient-1-1] DEBUG org.asynchttpclient.netty.channel.DefaultChannelPool - Entry count for : http://localhost:63128 : 1
20:25:03.865 [AsyncHttpClient-1-1] DEBUG org.asynchttpclient.netty.channel.DefaultChannelPool - Entry count for : http://localhost:63128 : 1
20:25:04.227 [AsyncHttpClient-1-3] DEBUG org.asynchttpclient.netty.handler.HttpHandler - 

Request DefaultHttpRequest(decodeResult: success, version: HTTP/1.1)
POST /session/62f4ed8b3de3d0fd21068f642d22f62d/element HTTP/1.1
User-Agent: selenium/4.1.2 (java windows)
Content-Length: 143
Content-Type: application/json; charset=utf-8
host: localhost:62762
accept: */*

Response DefaultHttpResponse(decodeResult: success, version: HTTP/1.1)
HTTP/1.1 404 Not Found
Content-Type: application/json; charset=utf-8
cache-control: no-cache
content-length: 1101

20:25:04.227 [AsyncHttpClient-1-3] DEBUG org.asynchttpclient.netty.channel.ChannelManager - Adding key: http://localhost:62762 for channel [id: 0xdb49842b, L:/127.0.0.1:63126 - R:localhost/127.0.0.1:62762]
20:25:04.333 [Forwarding findElement on session 62f4ed8b3de3d0fd21068f642d22f62d to remote] DEBUG org.asynchttpclient.netty.request.NettyRequestSender - Using pooled Channel '[id: 0xdb49842b, L:/127.0.0.1:63126 - R:localhost/127.0.0.1:62762]' for 'POST' to 'http://localhost:62762/session/62f4ed8b3de3d0fd21068f642d22f62d/element'
20:25:04.333 [Forwarding findElement on session 62f4ed8b3de3d0fd21068f642d22f62d to remote] DEBUG org.asynchttpclient.netty.request.NettyRequestSender - Using open Channel [id: 0xdb49842b, L:/127.0.0.1:63126 - R:localhost/127.0.0.1:62762] for POST '/session/62f4ed8b3de3d0fd21068f642d22f62d/element'
20:25:04.971 [AsyncHttpClient-1-1] DEBUG org.asynchttpclient.netty.channel.DefaultChannelPool - Entry count for : http://localhost:63128 : 1
20:25:06.066 [AsyncHttpClient-1-1] DEBUG org.asynchttpclient.netty.channel.DefaultChannelPool - Entry count for : http://localhost:63128 : 1
20:25:06.382 [AsyncHttpClient-1-3] DEBUG org.asynchttpclient.netty.handler.HttpHandler - 

Request DefaultHttpRequest(decodeResult: success, version: HTTP/1.1)
POST /session/62f4ed8b3de3d0fd21068f642d22f62d/element HTTP/1.1
User-Agent: selenium/4.1.2 (java windows)
Content-Length: 143
Content-Type: application/json; charset=utf-8
host: localhost:62762
accept: */*

Response DefaultHttpResponse(decodeResult: success, version: HTTP/1.1)
HTTP/1.1 404 Not Found
Content-Type: application/json; charset=utf-8
cache-control: no-cache
content-length: 1101

20:25:06.383 [AsyncHttpClient-1-3] DEBUG org.asynchttpclient.netty.channel.ChannelManager - Adding key: http://localhost:62762 for channel [id: 0xdb49842b, L:/127.0.0.1:63126 - R:localhost/127.0.0.1:62762]
20:25:06.392 [Forwarding screenshot on session 62f4ed8b3de3d0fd21068f642d22f62d to remote] DEBUG org.asynchttpclient.netty.request.NettyRequestSender - Using pooled Channel '[id: 0xdb49842b, L:/127.0.0.1:63126 - R:localhost/127.0.0.1:62762]' for 'GET' to 'http://localhost:62762/session/62f4ed8b3de3d0fd21068f642d22f62d/screenshot'
20:25:06.392 [Forwarding screenshot on session 62f4ed8b3de3d0fd21068f642d22f62d to remote] DEBUG org.asynchttpclient.netty.request.NettyRequestSender - Using open Channel [id: 0xdb49842b, L:/127.0.0.1:63126 - R:localhost/127.0.0.1:62762] for GET '/session/62f4ed8b3de3d0fd21068f642d22f62d/screenshot'
20:25:06.483 [AsyncHttpClient-1-3] DEBUG org.asynchttpclient.netty.handler.HttpHandler - 

Request DefaultFullHttpRequest(decodeResult: success, version: HTTP/1.1, content: EmptyByteBufBE)
GET /session/62f4ed8b3de3d0fd21068f642d22f62d/screenshot HTTP/1.1
User-Agent: selenium/4.1.2 (java windows)
Cache-Control: no-cache
Content-Type: application/json; charset=utf-8
host: localhost:62762
accept: */*

Response DefaultHttpResponse(decodeResult: success, version: HTTP/1.1)
HTTP/1.1 200 OK
Content-Type: application/json; charset=utf-8
cache-control: no-cache
content-length: 67440

20:25:06.483 [AsyncHttpClient-1-3] DEBUG org.asynchttpclient.netty.channel.ChannelManager - Adding key: http://localhost:62762 for channel [id: 0xdb49842b, L:/127.0.0.1:63126 - R:localhost/127.0.0.1:62762]
20:25:06.486 [main] DEBUG net.serenitybdd.core.photography.Darkroom - Send negative for processing for target\site\serenity\6675801c2b8badb2bec322fc9bc8baa7f8adcf94768a58432838b6f45add1519.png
20:25:06.493 [Forwarding getPageSource on session 62f4ed8b3de3d0fd21068f642d22f62d to remote] DEBUG org.asynchttpclient.netty.request.NettyRequestSender - Using pooled Channel '[id: 0xdb49842b, L:/127.0.0.1:63126 - R:localhost/127.0.0.1:62762]' for 'POST' to 'http://localhost:62762/session/62f4ed8b3de3d0fd21068f642d22f62d/execute/sync'
20:25:06.493 [Forwarding getPageSource on session 62f4ed8b3de3d0fd21068f642d22f62d to remote] DEBUG org.asynchttpclient.netty.request.NettyRequestSender - Using open Channel [id: 0xdb49842b, L:/127.0.0.1:63126 - R:localhost/127.0.0.1:62762] for POST '/session/62f4ed8b3de3d0fd21068f642d22f62d/execute/sync'
20:25:06.508 [AsyncHttpClient-1-3] DEBUG org.asynchttpclient.netty.handler.HttpHandler - 

Request DefaultHttpRequest(decodeResult: success, version: HTTP/1.1)
POST /session/62f4ed8b3de3d0fd21068f642d22f62d/execute/sync HTTP/1.1
User-Agent: selenium/4.1.2 (java windows)
Content-Length: 176
Content-Type: application/json; charset=utf-8
host: localhost:62762
accept: */*

Response DefaultHttpResponse(decodeResult: success, version: HTTP/1.1)
HTTP/1.1 200 OK
Content-Type: application/json; charset=utf-8
cache-control: no-cache
content-length: 76338

20:25:06.509 [AsyncHttpClient-1-3] DEBUG org.asynchttpclient.netty.channel.ChannelManager - Adding key: http://localhost:62762 for channel [id: 0xdb49842b, L:/127.0.0.1:63126 - R:localhost/127.0.0.1:62762]
20:25:06.530 [Forwarding getCurrentUrl on session 62f4ed8b3de3d0fd21068f642d22f62d to remote] DEBUG org.asynchttpclient.netty.request.NettyRequestSender - Using pooled Channel '[id: 0xdb49842b, L:/127.0.0.1:63126 - R:localhost/127.0.0.1:62762]' for 'GET' to 'http://localhost:62762/session/62f4ed8b3de3d0fd21068f642d22f62d/url'
20:25:06.530 [Forwarding getCurrentUrl on session 62f4ed8b3de3d0fd21068f642d22f62d to remote] DEBUG org.asynchttpclient.netty.request.NettyRequestSender - Using open Channel [id: 0xdb49842b, L:/127.0.0.1:63126 - R:localhost/127.0.0.1:62762] for GET '/session/62f4ed8b3de3d0fd21068f642d22f62d/url'
20:25:06.536 [AsyncHttpClient-1-3] DEBUG org.asynchttpclient.netty.handler.HttpHandler - 

Request DefaultFullHttpRequest(decodeResult: success, version: HTTP/1.1, content: EmptyByteBufBE)
GET /session/62f4ed8b3de3d0fd21068f642d22f62d/url HTTP/1.1
User-Agent: selenium/4.1.2 (java windows)
Cache-Control: no-cache
Content-Type: application/json; charset=utf-8
host: localhost:62762
accept: */*

Response DefaultHttpResponse(decodeResult: success, version: HTTP/1.1)
HTTP/1.1 200 OK
Content-Type: application/json; charset=utf-8
cache-control: no-cache
content-length: 41

20:25:06.536 [AsyncHttpClient-1-3] DEBUG org.asynchttpclient.netty.channel.ChannelManager - Adding key: http://localhost:62762 for channel [id: 0xdb49842b, L:/127.0.0.1:63126 - R:localhost/127.0.0.1:62762]
  &amp#27;[31mAnd &amp#27;[0m&amp#27;[31mI click login button&amp#27;[0m                     &amp#27;[90m# starter.stepdefinitions.LoginStep.iClickLoginButton()&amp#27;[0m
      &amp#27;[31mnet.thucydides.core.webdriver.exceptions.ElementShouldBeEnabledException: Expected enabled element was not enabled
	at net.serenitybdd.core.pages.WebElementFacadeImpl.waitUntilEnabled(WebElementFacadeImpl.java:1100)
	at net.serenitybdd.core.pages.WebElementFacadeImpl.waitUntilElementAvailable(WebElementFacadeImpl.java:888)
	at net.serenitybdd.core.pages.WebElementFacadeImpl.click(WebElementFacadeImpl.java:1182)
	at net.serenitybdd.core.pages.WebElementFacadeImpl.click(WebElementFacadeImpl.java:1201)
	at AltaShop@1.0-SNAPSHOT/starter.pages.LoginPage.ClickBtnLogin(LoginPage.java:29)
	at AltaShop@1.0-SNAPSHOT/starter.pages.LoginPage$ByteBuddy$0y5FowtZ.ClickBtnLogin$accessor$9n6zCn55(Unknown Source)
	at java.base/jdk.internal.reflect.NativeMethodAccessorImpl.invoke0(Native Method)
	at java.base/jdk.internal.reflect.NativeMethodAccessorImpl.invoke(NativeMethodAccessorImpl.java:62)
	at java.base/jdk.internal.reflect.DelegatingMethodAccessorImpl.invoke(DelegatingMethodAccessorImpl.java:43)
	at java.base/java.lang.reflect.Method.invoke(Method.java:567)
	at net.thucydides.core.steps.BaseMethodRunner.invokeMethod(BaseMethodRunner.java:18)
	at net.thucydides.core.steps.NormalMethodRunner.invokeMethodAndNotifyFailures(NormalMethodRunner.java:18)
	at net.thucydides.core.steps.StepInterceptor.runNormalMethod(StepInterceptor.java:406)
	at net.thucydides.core.steps.StepInterceptor.testStepResult(StepInterceptor.java:191)
	at net.thucydides.core.steps.StepInterceptor.intercept(StepInterceptor.java:84)
	at net.thucydides.core.steps.ProxyConfiguration$InterceptorDispatcher.intercept(ProxyConfiguration.java:51)
	at AltaShop@1.0-SNAPSHOT/starter.pages.LoginPage$ByteBuddy$0y5FowtZ.ClickBtnLogin(Unknown Source)
	at AltaShop@1.0-SNAPSHOT/starter.stepdefinitions.LoginStep.iClickLoginButton(LoginStep.java:31)
	at âœ½.I click login button(file:///C:/Users/alwi/IdeaProjects/AltaShop/src/test/resources/features/Register.feature:8)
Caused by: org.openqa.selenium.TimeoutException: Expected condition failed: waiting for By.xpath: //button[@class = 'v-btn v-btn--is-elevated v-btn--has-bg theme--light v-size--default primary'] to be enabled (tried for 5 second(s) with 100 milliseconds interval)
	at org.openqa.selenium.support.ui.FluentWait.timeoutException(FluentWait.java:263)
	at org.openqa.selenium.support.ui.FluentWait.until(FluentWait.java:231)
	at net.serenitybdd.core.pages.WebElementFacadeImpl.waitUntilEnabled(WebElementFacadeImpl.java:1097)
	at net.serenitybdd.core.pages.WebElementFacadeImpl.waitUntilElementAvailable(WebElementFacadeImpl.java:888)
	at net.serenitybdd.core.pages.WebElementFacadeImpl.click(WebElementFacadeImpl.java:1182)
	at net.serenitybdd.core.pages.WebElementFacadeImpl.click(WebElementFacadeImpl.java:1201)
	at AltaShop@1.0-SNAPSHOT/starter.pages.LoginPage.ClickBtnLogin(LoginPage.java:29)
	at AltaShop@1.0-SNAPSHOT/starter.pages.LoginPage$ByteBuddy$0y5FowtZ.ClickBtnLogin$accessor$9n6zCn55(Unknown Source)
	at java.base/jdk.internal.reflect.NativeMethodAccessorImpl.invoke0(Native Method)
	at java.base/jdk.internal.reflect.NativeMethodAccessorImpl.invoke(NativeMethodAccessorImpl.java:62)
	at java.base/jdk.internal.reflect.DelegatingMethodAccessorImpl.invoke(DelegatingMethodAccessorImpl.java:43)
	at java.base/java.lang.reflect.Method.invoke(Method.java:567)
	at net.thucydides.core.steps.BaseMethodRunner.invokeMethod(BaseMethodRunner.java:18)
	at net.thucydides.core.steps.NormalMethodRunner.invokeMethodAndNotifyFailures(NormalMethodRunner.java:18)
	at net.thucydides.core.steps.StepInterceptor.runNormalMethod(StepInterceptor.java:406)
	at net.thucydides.core.steps.StepInterceptor.testStepResult(StepInterceptor.java:191)
	at net.thucydides.core.steps.StepInterceptor.intercept(StepInterceptor.java:84)
	at net.thucydides.core.steps.ProxyConfiguration$InterceptorDispatcher.intercept(ProxyConfiguration.java:51)
	at AltaShop@1.0-SNAPSHOT/starter.pages.LoginPage$ByteBuddy$0y5FowtZ.ClickBtnLogin(Unknown Source)
	at AltaShop@1.0-SNAPSHOT/starter.stepdefinitions.LoginStep.iClickLoginButton(LoginStep.java:31)
	at java.base/jdk.internal.reflect.NativeMethodAccessorImpl.invoke0(Native Method)
	at java.base/jdk.internal.reflect.NativeMethodAccessorImpl.invoke(NativeMethodAccessorImpl.java:62)
	at java.base/jdk.internal.reflect.DelegatingMethodAccessorImpl.invoke(DelegatingMethodAccessorImpl.java:43)
	at java.base/java.lang.reflect.Method.invoke(Method.java:567)
	at io.cucumber.java.Invoker.doInvoke(Invoker.java:66)
	at io.cucumber.java.Invoker.invoke(Invoker.java:24)
	at io.cucumber.java.AbstractGlueDefinition.invokeMethod(AbstractGlueDefinition.java:47)
	at io.cucumber.java.JavaStepDefinition.execute(JavaStepDefinition.java:29)
	at io.cucumber.core.runner.CoreStepDefinition.execute(CoreStepDefinition.java:66)
	at io.cucumber.core.runner.PickleStepDefinitionMatch.runStep(PickleStepDefinitionMatch.java:63)
	at io.cucumber.core.runner.ExecutionMode$1.execute(ExecutionMode.java:10)
	at io.cucumber.core.runner.TestStep.executeStep(TestStep.java:86)
	at io.cucumber.core.runner.TestStep.run(TestStep.java:57)
	at io.cucumber.core.runner.PickleStepTestStep.run(PickleStepTestStep.java:51)
	at io.cucumber.core.runner.TestCase.run(TestCase.java:95)
	at io.cucumber.core.runner.Runner.runPickle(Runner.java:75)
	at io.cucumber.junit.PickleRunners$NoStepDescriptions.lambda$run$0(PickleRunners.java:151)
	at io.cucumber.core.runtime.CucumberExecutionContext.lambda$runTestCase$3(CucumberExecutionContext.java:151)
	at io.cucumber.core.runtime.RethrowingThrowableCollector.executeAndThrow(RethrowingThrowableCollector.java:23)
	at io.cucumber.core.runtime.CucumberExecutionContext.runTestCase(CucumberExecutionContext.java:151)
	at io.cucumber.junit.PickleRunners$NoStepDescriptions.run(PickleRunners.java:148)
	at io.cucumber.junit.FeatureRunner.runChild(FeatureRunner.java:144)
	at io.cucumber.junit.FeatureRunner.runChild(FeatureRunner.java:28)
	at org.junit.runners.ParentRunner$4.run(ParentRunner.java:331)
	at org.junit.runners.ParentRunner$1.schedule(ParentRunner.java:79)
	at org.junit.runners.ParentRunner.runChildren(ParentRunner.java:329)
	at org.junit.runners.ParentRunner.access$100(ParentRunner.java:66)
	at org.junit.runners.ParentRunner$2.evaluate(ParentRunner.java:293)
	at org.junit.runners.ParentRunner$3.evaluate(ParentRunner.java:306)
	at org.junit.runners.ParentRunner.run(ParentRunner.java:413)
	at io.cucumber.junit.FeatureRunner.run(FeatureRunner.java:137)
	at io.cucumber.junit.CucumberSerenityRunner.runChild(CucumberSerenityRunner.java:258)
	at io.cucumber.junit.CucumberSerenityRunner.runChild(CucumberSerenityRunner.java:58)
	at org.junit.runners.ParentRunner$4.run(ParentRunner.java:331)
	at org.junit.runners.ParentRunner$1.schedule(ParentRunner.java:79)
	at org.junit.runners.ParentRunner.runChildren(ParentRunner.java:329)
	at org.junit.runners.ParentRunner.access$100(ParentRunner.java:66)
	at org.junit.runners.ParentRunner$2.evaluate(ParentRunner.java:293)
	at io.cucumber.junit.CucumberSerenityRunner$RunCucumber.evaluate(CucumberSerenityRunner.java:287)
	at org.junit.runners.ParentRunner$3.evaluate(ParentRunner.java:306)
	at org.junit.runners.ParentRunner.run(ParentRunner.java:413)
	at org.junit.runner.JUnitCore.run(JUnitCore.java:137)
	at org.junit.runner.JUnitCore.run(JUnitCore.java:115)
	at org.junit.vintage.engine.execution.RunnerExecutor.execute(RunnerExecutor.java:42)
	at org.junit.vintage.engine.VintageTestEngine.executeAllChildren(VintageTestEngine.java:80)
	at org.junit.vintage.engine.VintageTestEngine.execute(VintageTestEngine.java:72)
	at org.junit.platform.launcher.core.EngineExecutionOrchestrator.execute(EngineExecutionOrchestrator.java:107)
	at org.junit.platform.launcher.core.EngineExecutionOrchestrator.execute(EngineExecutionOrchestrator.java:88)
	at org.junit.platform.launcher.core.EngineExecutionOrchestrator.lambda$execute$0(EngineExecutionOrchestrator.java:54)
	at org.junit.platform.launcher.core.EngineExecutionOrchestrator.withInterceptedStreams(EngineExecutionOrchestrator.java:67)
	at org.junit.platform.launcher.core.EngineExecutionOrchestrator.execute(EngineExecutionOrchestrator.java:52)
	at org.junit.platform.launcher.core.DefaultLauncher.execute(DefaultLauncher.java:114)
	at org.junit.platform.launcher.core.DefaultLauncher.execute(DefaultLauncher.java:86)
	at org.junit.platform.launcher.core.DefaultLauncherSession$DelegatingLauncher.execute(DefaultLauncherSession.java:86)
	at org.junit.platform.launcher.core.SessionPerRequestLauncher.execute(SessionPerRequestLauncher.java:53)
	at org.apache.maven.surefire.junitplatform.JUnitPlatformProvider.execute(JUnitPlatformProvider.java:188)
	at org.apache.maven.surefire.junitplatform.JUnitPlatformProvider.invokeAllTests(JUnitPlatformProvider.java:154)
	at org.apache.maven.surefire.junitplatform.JUnitPlatformProvider.invoke(JUnitPlatformProvider.java:128)
	at org.apache.maven.surefire.booter.ForkedBooter.runSuitesInProcess(ForkedBooter.java:428)
	at org.apache.maven.surefire.booter.ForkedBooter.execute(ForkedBooter.java:162)
	at org.apache.maven.surefire.booter.ForkedBooter.run(ForkedBooter.java:562)
	at org.apache.maven.surefire.booter.ForkedBooter.main(ForkedBooter.java:548)
Caused by: org.openqa.selenium.NoSuchElementException: no such element: Unable to locate element: {"method":"xpath","selector":"//button[@class = 'v-btn v-btn--is-elevated v-btn--has-bg theme--light v-size--default primary']"}
  (Session info: chrome=106.0.5249.119)
For documentation on this error, please visit: https://selenium.dev/exceptions/#no_such_element
Build info: version: '4.1.2', revision: '9a5a329c5a'
System info: host: 'DESKTOP-3MAQDS2', ip: '192.168.1.5', os.name: 'Windows 10', os.arch: 'amd64', os.version: '10.0', java.version: '13.0.2'
Driver info: org.openqa.selenium.chrome.ChromeDriver
Command: [62f4ed8b3de3d0fd21068f642d22f62d, findElement {using=xpath, value=//button[@class = 'v-btn v-btn--is-elevated v-btn--has-bg theme--light v-size--default primary']}]
Capabilities {acceptInsecureCerts: false, browserName: chrome, browserVersion: 106.0.5249.119, chrome: {chromedriverVersion: 105.0.5195.52 (412c95e51883..., userDataDir: C:\Users\alwi\AppData\Local...}, goog:chromeOptions: {debuggerAddress: localhost:63128}, javascriptEnabled: true, networkConnectionEnabled: false, pageLoadStrategy: normal, platform: WINDOWS, platformName: WINDOWS, proxy: Proxy(), se:cdp: ws://localhost:63128/devtoo..., se:cdpVersion: 106.0.5249.119, setWindowRect: true, strictFileInteractability: false, timeouts: {implicit: 0, pageLoad: 300000, script: 30000}, unhandledPromptBehavior: dismiss and notify, webauthn:extension:credBlob: true, webauthn:extension:largeBlob: true, webauthn:virtualAuthenticators: true}
Session ID: 62f4ed8b3de3d0fd21068f642d22f62d
	at java.base/jdk.internal.reflect.NativeConstructorAccessorImpl.newInstance0(Native Method)
	at java.base/jdk.internal.reflect.NativeConstructorAccessorImpl.newInstance(NativeConstructorAccessorImpl.java:62)
	at java.base/jdk.internal.reflect.DelegatingConstructorAccessorImpl.newInstance(DelegatingConstructorAccessorImpl.java:45)
	at java.base/java.lang.reflect.Constructor.newInstanceWithCaller(Constructor.java:500)
	at java.base/java.lang.reflect.Constructor.newInstance(Constructor.java:481)
	at org.openqa.selenium.remote.codec.w3c.W3CHttpResponseCodec.createException(W3CHttpResponseCodec.java:200)
	at org.openqa.selenium.remote.codec.w3c.W3CHttpResponseCodec.decode(W3CHttpResponseCodec.java:133)
	at org.openqa.selenium.remote.codec.w3c.W3CHttpResponseCodec.decode(W3CHttpResponseCodec.java:53)
	at org.openqa.selenium.remote.HttpCommandExecutor.execute(HttpCommandExecutor.java:184)
	at org.openqa.selenium.remote.service.DriverCommandExecutor.invokeExecute(DriverCommandExecutor.java:167)
	at org.openqa.selenium.remote.service.DriverCommandExecutor.execute(DriverCommandExecutor.java:142)
	at org.openqa.selenium.remote.RemoteWebDriver.execute(RemoteWebDriver.java:558)
	at org.openqa.selenium.remote.ElementLocation$ElementFinder$2.findElement(ElementLocation.java:162)
	at org.openqa.selenium.remote.ElementLocation.findElement(ElementLocation.java:60)
	at org.openqa.selenium.remote.RemoteWebDriver.findElement(RemoteWebDriver.java:382)
	at org.openqa.selenium.remote.RemoteWebDriver.findElement(RemoteWebDriver.java:374)
	at net.thucydides.core.webdriver.WebDriverFacade.findElement(WebDriverFacade.java:224)
	at net.serenitybdd.core.pages.WebElementResolverByLocator.resolveForDriver(WebElementResolverByLocator.java:25)
	at net.serenitybdd.core.pages.WebElementFacadeImpl.getResolvedElement(WebElementFacadeImpl.java:191)
	at net.serenitybdd.core.pages.WebElementFacadeImpl.getElement(WebElementFacadeImpl.java:186)
	at net.serenitybdd.core.pages.WebElementExpectations$3.apply(WebElementExpectations.java:63)
	at net.serenitybdd.core.pages.WebElementExpectations$3.apply(WebElementExpectations.java:55)
	at org.openqa.selenium.support.ui.FluentWait.until(FluentWait.java:208)
	... 80 more
&amp#27;[0m
  &amp#27;[36mAnd &amp#27;[0m&amp#27;[36mI click register button&amp#27;[0m                  &amp#27;[90m# starter.stepdefinitions.RegisterStep.iClickRegisterButton()&amp#27;[0m
  &amp#27;[36mWhen &amp#27;[0m&amp#27;[36mI input fullname register &amp#27;[0m&amp#27;[36m&amp#27;[1m"naixxy12"&amp#27;[0m    &amp#27;[90m# starter.stepdefinitions.RegisterStep.iInputFullnameRegister(java.lang.String)&amp#27;[0m
  &amp#27;[36mAnd &amp#27;[0m&amp#27;[36mI input email register &amp#27;[0m&amp#27;[36m&amp#27;[1m"naixxy@co.uk"&amp#27;[0m    &amp#27;[90m# starter.stepdefinitions.RegisterStep.iInputEmailRegister(java.lang.String)&amp#27;[0m
  &amp#27;[36mAnd &amp#27;[0m&amp#27;[36mI input password register &amp#27;[0m&amp#27;[36m&amp#27;[1m""&amp#27;[0m             &amp#27;[90m# starter.stepdefinitions.RegisterStep.iInputPasswordRegister(java.lang.String)&amp#27;[0m
  &amp#27;[36mAnd &amp#27;[0m&amp#27;[36mI click submit register button&amp#27;[0m           &amp#27;[90m# starter.stepdefinitions.RegisterStep.iClickSubmitRegisterButton()&amp#27;[0m
  &amp#27;[36mThen &amp#27;[0m&amp#27;[36mI will get the result register &amp#27;[0m&amp#27;[36m&amp#27;[1m"failed"&amp#27;[0m &amp#27;[90m# starter.stepdefinitions.RegisterStep.iWillGetTheResultRegister(java.lang.String)&amp#27;[0m
20:25:06.666 [AsyncHttpClient-1-5] DEBUG org.asynchttpclient.netty.handler.WebSocketHandler - Channel Closed: [id: 0xa97089cc, L:/127.0.0.1:63136 ! R:localhost/127.0.0.1:63128] with attribute NettyResponseFuture{currentRetry=5,
	isDone=1,
	isCancelled=0,
	asyncHandler=org.asynchttpclient.ws.WebSocketUpgradeHandler@264cb457,
	nettyRequest=org.asynchttpclient.netty.request.NettyRequest@3b1a9819,
	future=java.util.concurrent.CompletableFuture@5b27697a[Completed normally],
	uri=ws://localhost:63128/devtools/browser/5646c1e6-1b8a-48ab-888e-0fff964056ad,
	keepAlive=true,
	redirectCount=0,
	timeoutsHolder=null,
	inAuth=0,
	touch=1666790699180}
20:25:06.667 [AsyncHttpClient-1-5] DEBUG org.asynchttpclient.netty.channel.ChannelManager - Closing Channel [id: 0xa97089cc, L:/127.0.0.1:63136 ! R:localhost/127.0.0.1:63128] 
20:25:06.667 [Driver Command Executor] DEBUG org.asynchttpclient.netty.request.NettyRequestSender - Using pooled Channel '[id: 0xdb49842b, L:/127.0.0.1:63126 - R:localhost/127.0.0.1:62762]' for 'DELETE' to 'http://localhost:62762/session/62f4ed8b3de3d0fd21068f642d22f62d'
20:25:06.667 [Driver Command Executor] DEBUG org.asynchttpclient.netty.request.NettyRequestSender - Using open Channel [id: 0xdb49842b, L:/127.0.0.1:63126 - R:localhost/127.0.0.1:62762] for DELETE '/session/62f4ed8b3de3d0fd21068f642d22f62d'
20:25:06.750 [AsyncHttpClient-1-4] DEBUG org.asynchttpclient.netty.handler.HttpHandler - Unexpected I/O exception on channel [id: 0x854815f7, L:/127.0.0.1:63135 - R:localhost/127.0.0.1:63128]
java.net.SocketException: Connection reset
	at java.base/sun.nio.ch.SocketChannelImpl.throwConnectionReset(SocketChannelImpl.java:345)
	at java.base/sun.nio.ch.SocketChannelImpl.read(SocketChannelImpl.java:376)
	at io.netty.buffer.PooledByteBuf.setBytes(PooledByteBuf.java:258)
	at io.netty.buffer.AbstractByteBuf.writeBytes(AbstractByteBuf.java:1132)
	at io.netty.channel.socket.nio.NioSocketChannel.doReadBytes(NioSocketChannel.java:350)
	at io.netty.channel.nio.AbstractNioByteChannel$NioByteUnsafe.read(AbstractNioByteChannel.java:151)
	at io.netty.channel.nio.NioEventLoop.processSelectedKey(NioEventLoop.java:722)
	at io.netty.channel.nio.NioEventLoop.processSelectedKeysOptimized(NioEventLoop.java:658)
	at io.netty.channel.nio.NioEventLoop.processSelectedKeys(NioEventLoop.java:584)
	at io.netty.channel.nio.NioEventLoop.run(NioEventLoop.java:496)
	at io.netty.util.concurrent.SingleThreadEventExecutor$4.run(SingleThreadEventExecutor.java:986)
	at io.netty.util.internal.ThreadExecutorMap$2.run(ThreadExecutorMap.java:74)
	at io.netty.util.concurrent.FastThreadLocalRunnable.run(FastThreadLocalRunnable.java:30)
	at java.base/java.lang.Thread.run(Thread.java:830)
20:25:06.751 [AsyncHttpClient-1-4] DEBUG org.asynchttpclient.netty.channel.ChannelManager - Closing Channel [id: 0x854815f7, L:/127.0.0.1:63135 - R:localhost/127.0.0.1:63128] 
20:25:06.751 [AsyncHttpClient-1-4] DEBUG org.asynchttpclient.netty.handler.HttpHandler - Channel Closed: [id: 0x854815f7, L:/127.0.0.1:63135 ! R:localhost/127.0.0.1:63128] with attribute DISCARD
20:25:06.773 [AsyncHttpClient-1-3] DEBUG org.asynchttpclient.netty.handler.HttpHandler - 

Request DefaultFullHttpRequest(decodeResult: success, version: HTTP/1.1, content: EmptyByteBufBE)
DELETE /session/62f4ed8b3de3d0fd21068f642d22f62d HTTP/1.1
User-Agent: selenium/4.1.2 (java windows)
Content-Type: application/json; charset=utf-8
host: localhost:62762
accept: */*

Response DefaultHttpResponse(decodeResult: success, version: HTTP/1.1)
HTTP/1.1 200 OK
Content-Type: application/json; charset=utf-8
cache-control: no-cache
content-length: 14

20:25:06.774 [AsyncHttpClient-1-3] DEBUG org.asynchttpclient.netty.channel.ChannelManager - Adding key: http://localhost:62762 for channel [id: 0xdb49842b, L:/127.0.0.1:63126 - R:localhost/127.0.0.1:62762]
20:25:07.165 [AsyncHttpClient-1-1] DEBUG org.asynchttpclient.netty.channel.DefaultChannelPool - Entry count for : http://localhost:62762 : 1
20:25:07.165 [AsyncHttpClient-1-1] DEBUG org.asynchttpclient.netty.channel.DefaultChannelPool - Entry count for : http://localhost:63128 : 1
20:25:07.165 [AsyncHttpClient-1-1] DEBUG org.asynchttpclient.netty.channel.DefaultChannelPool - Adding Candidate expired Channel [id: 0x854815f7, L:/127.0.0.1:63135 ! R:localhost/127.0.0.1:63128] isIdleTimeoutExpired=false isRemotelyClosed=true isTtlExpired=false
20:25:07.165 [AsyncHttpClient-1-1] DEBUG org.asynchttpclient.netty.channel.DefaultChannelPool - Closing Idle Channel [id: 0x854815f7, L:/127.0.0.1:63135 ! R:localhost/127.0.0.1:63128]
20:25:07.165 [AsyncHttpClient-1-1] DEBUG org.asynchttpclient.netty.channel.DefaultChannelPool - Closed 1 connections out of 2 in 0 ms
20:25:07.796 [AsyncHttpClient-1-3] DEBUG org.asynchttpclient.netty.handler.HttpHandler - Unexpected I/O exception on channel [id: 0xdb49842b, L:/127.0.0.1:63126 - R:localhost/127.0.0.1:62762]
java.net.SocketException: Connection reset
	at java.base/sun.nio.ch.SocketChannelImpl.throwConnectionReset(SocketChannelImpl.java:345)
	at java.base/sun.nio.ch.SocketChannelImpl.read(SocketChannelImpl.java:376)
	at io.netty.buffer.PooledByteBuf.setBytes(PooledByteBuf.java:258)
	at io.netty.buffer.AbstractByteBuf.writeBytes(AbstractByteBuf.java:1132)
	at io.netty.channel.socket.nio.NioSocketChannel.doReadBytes(NioSocketChannel.java:350)
	at io.netty.channel.nio.AbstractNioByteChannel$NioByteUnsafe.read(AbstractNioByteChannel.java:151)
	at io.netty.channel.nio.NioEventLoop.processSelectedKey(NioEventLoop.java:722)
	at io.netty.channel.nio.NioEventLoop.processSelectedKeysOptimized(NioEventLoop.java:658)
	at io.netty.channel.nio.NioEventLoop.processSelectedKeys(NioEventLoop.java:584)
	at io.netty.channel.nio.NioEventLoop.run(NioEventLoop.java:496)
	at io.netty.util.concurrent.SingleThreadEventExecutor$4.run(SingleThreadEventExecutor.java:986)
	at io.netty.util.internal.ThreadExecutorMap$2.run(ThreadExecutorMap.java:74)
	at io.netty.util.concurrent.FastThreadLocalRunnable.run(FastThreadLocalRunnable.java:30)
	at java.base/java.lang.Thread.run(Thread.java:830)
20:25:07.796 [AsyncHttpClient-1-3] DEBUG org.asynchttpclient.netty.channel.ChannelManager - Closing Channel [id: 0xdb49842b, L:/127.0.0.1:63126 - R:localhost/127.0.0.1:62762] 
20:25:07.796 [AsyncHttpClient-1-3] DEBUG org.asynchttpclient.netty.handler.HttpHandler - Channel Closed: [id: 0xdb49842b, L:/127.0.0.1:63126 ! R:localhost/127.0.0.1:62762] with attribute DISCARD
]]></system-out>
    <system-err><![CDATA[Starting ChromeDriver 105.0.5195.52 (412c95e518836d8a7d97250d62b29c2ae6a26a85-refs/branch-heads/5195@{#853}) on port 62762
Only local connections are allowed.
Please see https://chromedriver.chromium.org/security-considerations for suggestions on keeping ChromeDriver safe.
ChromeDriver was started successfully.
[1666790699.154][WARNING]: This version of ChromeDriver has not been tested with Chrome version 106.
Okt 26, 2022 8:24:59 PM org.openqa.selenium.remote.ProtocolHandshake createSession
INFO: Detected dialect: W3C
Okt 26, 2022 8:24:59 PM org.openqa.selenium.devtools.CdpVersionFinder findNearestMatch
WARNING: Unable to find an exact match for CDP version 106, so returning the closest version found: a no-op implementation
Okt 26, 2022 8:24:59 PM org.openqa.selenium.devtools.CdpVersionFinder findNearestMatch
INFO: Unable to find CDP implementation matching 106.
Okt 26, 2022 8:24:59 PM org.openqa.selenium.chromium.ChromiumDriver lambda$new$3
WARNING: Unable to find version of CDP to use for . You may need to include a dependency on a specific version of the CDP using something similar to `org.seleniumhq.selenium:selenium-devtools-v86:4.1.2` where the version ("v86") matches the version of the chromium-based browser you're using and the version number of the artifact is the same as Selenium's.
]]></system-err>
  </testcase>
  <testcase name=" #5" classname="Register" time="10.804">
    <error type="net.thucydides.core.webdriver.exceptions.ElementShouldBeEnabledException"><![CDATA[net.thucydides.core.webdriver.exceptions.ElementShouldBeEnabledException: Expected enabled element was not enabled
Caused by: org.openqa.selenium.TimeoutException: Expected condition failed: waiting for By.xpath: //button[@class = 'v-btn v-btn--is-elevated v-btn--has-bg theme--light v-size--default primary'] to be enabled (tried for 5 second(s) with 100 milliseconds interval)
Caused by: org.openqa.selenium.NoSuchElementException: 
no such element: Unable to locate element: {"method":"xpath","selector":"//button[@class = 'v-btn v-btn--is-elevated v-btn--has-bg theme--light v-size--default primary']"}
  (Session info: chrome=106.0.5249.119)
For documentation on this error, please visit: https://selenium.dev/exceptions/#no_such_element
Build info: version: '4.1.2', revision: '9a5a329c5a'
System info: host: 'DESKTOP-3MAQDS2', ip: '192.168.1.5', os.name: 'Windows 10', os.arch: 'amd64', os.version: '10.0', java.version: '13.0.2'
Driver info: org.openqa.selenium.chrome.ChromeDriver
Command: [337190980dc77e15ab5f4a85f93ab228, findElement {using=xpath, value=//button[@class = 'v-btn v-btn--is-elevated v-btn--has-bg theme--light v-size--default primary']}]
Capabilities {acceptInsecureCerts: false, browserName: chrome, browserVersion: 106.0.5249.119, chrome: {chromedriverVersion: 105.0.5195.52 (412c95e51883..., userDataDir: C:\Users\alwi\AppData\Local...}, goog:chromeOptions: {debuggerAddress: localhost:63170}, javascriptEnabled: true, networkConnectionEnabled: false, pageLoadStrategy: normal, platform: WINDOWS, platformName: WINDOWS, proxy: Proxy(), se:cdp: ws://localhost:63170/devtoo..., se:cdpVersion: 106.0.5249.119, setWindowRect: true, strictFileInteractability: false, timeouts: {implicit: 0, pageLoad: 300000, script: 30000}, unhandledPromptBehavior: dismiss and notify, webauthn:extension:credBlob: true, webauthn:extension:largeBlob: true, webauthn:virtualAuthenticators: true}
Session ID: 337190980dc77e15ab5f4a85f93ab228
]]></error>
    <system-out><![CDATA[
Scenario Outline:                              &amp#27;[90m# src/test/resources/features/Register.feature:21&amp#27;[0m
20:25:07.868 [main] INFO io.cucumber.core.plugin.SerenityReporter - Running feature from file:///C:/Users/alwi/IdeaProjects/AltaShop/src/test/resources/features/Register.feature
20:25:07.883 [main] INFO net.serenitybdd.core.webdriver.driverproviders.ChromeDriverProvider - Using automatically driver download
20:25:08.012 [main] DEBUG io.github.bonigarcia.wdm.cache.ResolutionCache - Resolution chrome=106 in cache (valid until 20:56:42 26/10/2022 ICT)
20:25:08.016 [main] DEBUG io.github.bonigarcia.wdm.cache.ResolutionCache - Resolution chrome106=106.0.5249.61 in cache (valid until 22:47:25 26/10/2022 WIB)
20:25:08.018 [main] INFO io.github.bonigarcia.wdm.WebDriverManager - Using chromedriver 106.0.5249.61 (resolved driver for Chrome 106)
20:25:08.028 [main] DEBUG io.github.bonigarcia.wdm.WebDriverManager - Driver chromedriver 106.0.5249.61 found in cache
20:25:08.029 [main] INFO io.github.bonigarcia.wdm.WebDriverManager - Exporting webdriver.chrome.driver as C:\Users\alwi\.cache\selenium\chromedriver\win32\106.0.5249.61\chromedriver.exe
20:25:08.158 [main] DEBUG net.serenitybdd.core.webdriver.driverproviders.ProvideNewDriver - Instantiating driver
20:25:08.158 [main] DEBUG net.serenitybdd.core.webdriver.driverproviders.ProvideNewDriver - Driver capabilities: Capabilities {acceptInsecureCerts: false, base.url: https://alta-shop.vercel.app, browserName: chrome, chrome.driver: src/test/resources/webdrive..., driver: chrome, goog:chromeOptions: {args: [], extensions: []}, wait.for.timeout: 5000}
20:25:08.266 [AsyncHttpClient-1-1] DEBUG org.asynchttpclient.netty.channel.DefaultChannelPool - Entry count for : http://localhost:62762 : 1
20:25:08.266 [AsyncHttpClient-1-1] DEBUG org.asynchttpclient.netty.channel.DefaultChannelPool - Adding Candidate expired Channel [id: 0xdb49842b, L:/127.0.0.1:63126 ! R:localhost/127.0.0.1:62762] isIdleTimeoutExpired=false isRemotelyClosed=true isTtlExpired=false
20:25:08.266 [AsyncHttpClient-1-1] DEBUG org.asynchttpclient.netty.channel.DefaultChannelPool - Closing Idle Channel [id: 0xdb49842b, L:/127.0.0.1:63126 ! R:localhost/127.0.0.1:62762]
20:25:08.266 [AsyncHttpClient-1-1] DEBUG org.asynchttpclient.netty.channel.DefaultChannelPool - Closed 1 connections out of 1 in 0 ms
20:25:08.698 [AsyncHttpClient-1-6] DEBUG org.asynchttpclient.netty.channel.NettyConnectListener - Using new Channel '[id: 0xe189679b, L:/127.0.0.1:63168 - R:localhost/127.0.0.1:54767]' for 'POST' to '/session'
20:25:10.125 [AsyncHttpClient-1-6] DEBUG org.asynchttpclient.netty.handler.HttpHandler - 

Request DefaultHttpRequest(decodeResult: success, version: HTTP/1.1)
POST /session HTTP/1.1
User-Agent: selenium/4.1.2 (java windows)
Content-Length: 639
Content-Type: application/json; charset=utf-8
host: localhost:54767
accept: */*

Response DefaultHttpResponse(decodeResult: success, version: HTTP/1.1)
HTTP/1.1 200 OK
Content-Type: application/json; charset=utf-8
cache-control: no-cache
content-length: 789

20:25:10.125 [AsyncHttpClient-1-6] DEBUG org.asynchttpclient.netty.channel.ChannelManager - Adding key: http://localhost:54767 for channel [id: 0xe189679b, L:/127.0.0.1:63168 - R:localhost/127.0.0.1:54767]
20:25:10.132 [AsyncHttpClient-1-7] DEBUG org.asynchttpclient.netty.channel.NettyConnectListener - Using new Channel '[id: 0x2560c48d, L:/127.0.0.1:63176 - R:localhost/127.0.0.1:63170]' for 'GET' to '/json/version'
20:25:10.133 [AsyncHttpClient-1-7] DEBUG org.asynchttpclient.netty.handler.HttpHandler - 

Request DefaultFullHttpRequest(decodeResult: success, version: HTTP/1.1, content: EmptyByteBufBE)
GET /json/version HTTP/1.1
User-Agent: selenium/4.1.2 (java windows)
host: localhost:63170
accept: */*

Response DefaultHttpResponse(decodeResult: success, version: HTTP/1.1)
HTTP/1.1 200 OK
Content-Type: application/json; charset=UTF-8
content-length: 424

20:25:10.134 [AsyncHttpClient-1-7] DEBUG org.asynchttpclient.netty.channel.ChannelManager - Adding key: http://localhost:63170 for channel [id: 0x2560c48d, L:/127.0.0.1:63176 - R:localhost/127.0.0.1:63170]
20:25:10.137 [AsyncHttpClient-1-8] DEBUG org.asynchttpclient.netty.channel.NettyConnectListener - Using new Channel '[id: 0x0569276b, L:/127.0.0.1:63177 - R:localhost/127.0.0.1:63170]' for 'GET' to '/devtools/browser/b4589dfd-0f72-4c7d-b2d9-98cc5708b164'
20:25:10.137 [AsyncHttpClient-1-8] DEBUG org.asynchttpclient.netty.handler.WebSocketHandler - 

Request DefaultFullHttpRequest(decodeResult: success, version: HTTP/1.1, content: EmptyByteBufBE)
GET /devtools/browser/b4589dfd-0f72-4c7d-b2d9-98cc5708b164 HTTP/1.1
upgrade: websocket
connection: upgrade
sec-websocket-key: quAeSqlWzirLdCtR3n+m3g==
sec-websocket-version: 13
origin: http://localhost:63170
host: localhost:63170
accept: */*
user-agent: AHC/2.1

Response DefaultHttpResponse(decodeResult: success, version: HTTP/1.1)
HTTP/1.1 101 WebSocket Protocol Handshake
Upgrade: WebSocket
Connection: Upgrade
Sec-WebSocket-Accept: FWQDytVOEMP+10NXF7ItvW9CDm8=

20:25:10.142 [Forwarding get on session 337190980dc77e15ab5f4a85f93ab228 to remote] DEBUG org.asynchttpclient.netty.request.NettyRequestSender - Using pooled Channel '[id: 0xe189679b, L:/127.0.0.1:63168 - R:localhost/127.0.0.1:54767]' for 'POST' to 'http://localhost:54767/session/337190980dc77e15ab5f4a85f93ab228/url'
20:25:10.143 [Forwarding get on session 337190980dc77e15ab5f4a85f93ab228 to remote] DEBUG org.asynchttpclient.netty.request.NettyRequestSender - Using open Channel [id: 0xe189679b, L:/127.0.0.1:63168 - R:localhost/127.0.0.1:54767] for POST '/session/337190980dc77e15ab5f4a85f93ab228/url'
20:25:10.472 [AsyncHttpClient-1-1] DEBUG org.asynchttpclient.netty.channel.DefaultChannelPool - Entry count for : http://localhost:63170 : 1
20:25:10.772 [AsyncHttpClient-1-6] DEBUG org.asynchttpclient.netty.handler.HttpHandler - 

Request DefaultHttpRequest(decodeResult: success, version: HTTP/1.1)
POST /session/337190980dc77e15ab5f4a85f93ab228/url HTTP/1.1
User-Agent: selenium/4.1.2 (java windows)
Content-Length: 59
Content-Type: application/json; charset=utf-8
host: localhost:54767
accept: */*

Response DefaultHttpResponse(decodeResult: success, version: HTTP/1.1)
HTTP/1.1 200 OK
Content-Type: application/json; charset=utf-8
cache-control: no-cache
content-length: 14

20:25:10.772 [AsyncHttpClient-1-6] DEBUG org.asynchttpclient.netty.channel.ChannelManager - Adding key: http://localhost:54767 for channel [id: 0xe189679b, L:/127.0.0.1:63168 - R:localhost/127.0.0.1:54767]
20:25:10.775 [Forwarding setTimeout on session 337190980dc77e15ab5f4a85f93ab228 to remote] DEBUG org.asynchttpclient.netty.request.NettyRequestSender - Using pooled Channel '[id: 0xe189679b, L:/127.0.0.1:63168 - R:localhost/127.0.0.1:54767]' for 'POST' to 'http://localhost:54767/session/337190980dc77e15ab5f4a85f93ab228/timeouts'
20:25:10.775 [Forwarding setTimeout on session 337190980dc77e15ab5f4a85f93ab228 to remote] DEBUG org.asynchttpclient.netty.request.NettyRequestSender - Using open Channel [id: 0xe189679b, L:/127.0.0.1:63168 - R:localhost/127.0.0.1:54767] for POST '/session/337190980dc77e15ab5f4a85f93ab228/timeouts'
20:25:10.780 [AsyncHttpClient-1-6] DEBUG org.asynchttpclient.netty.handler.HttpHandler - 

Request DefaultHttpRequest(decodeResult: success, version: HTTP/1.1)
POST /session/337190980dc77e15ab5f4a85f93ab228/timeouts HTTP/1.1
User-Agent: selenium/4.1.2 (java windows)
Content-Length: 22
Content-Type: application/json; charset=utf-8
host: localhost:54767
accept: */*

Response DefaultHttpResponse(decodeResult: success, version: HTTP/1.1)
HTTP/1.1 200 OK
Content-Type: application/json; charset=utf-8
cache-control: no-cache
content-length: 14

20:25:10.781 [AsyncHttpClient-1-6] DEBUG org.asynchttpclient.netty.channel.ChannelManager - Adding key: http://localhost:54767 for channel [id: 0xe189679b, L:/127.0.0.1:63168 - R:localhost/127.0.0.1:54767]
20:25:10.785 [Forwarding getCurrentUrl on session 337190980dc77e15ab5f4a85f93ab228 to remote] DEBUG org.asynchttpclient.netty.request.NettyRequestSender - Using pooled Channel '[id: 0xe189679b, L:/127.0.0.1:63168 - R:localhost/127.0.0.1:54767]' for 'GET' to 'http://localhost:54767/session/337190980dc77e15ab5f4a85f93ab228/url'
20:25:10.786 [Forwarding getCurrentUrl on session 337190980dc77e15ab5f4a85f93ab228 to remote] DEBUG org.asynchttpclient.netty.request.NettyRequestSender - Using open Channel [id: 0xe189679b, L:/127.0.0.1:63168 - R:localhost/127.0.0.1:54767] for GET '/session/337190980dc77e15ab5f4a85f93ab228/url'
20:25:10.791 [AsyncHttpClient-1-6] DEBUG org.asynchttpclient.netty.handler.HttpHandler - 

Request DefaultFullHttpRequest(decodeResult: success, version: HTTP/1.1, content: EmptyByteBufBE)
GET /session/337190980dc77e15ab5f4a85f93ab228/url HTTP/1.1
User-Agent: selenium/4.1.2 (java windows)
Cache-Control: no-cache
Content-Type: application/json; charset=utf-8
host: localhost:54767
accept: */*

Response DefaultHttpResponse(decodeResult: success, version: HTTP/1.1)
HTTP/1.1 200 OK
Content-Type: application/json; charset=utf-8
cache-control: no-cache
content-length: 41

20:25:10.792 [AsyncHttpClient-1-6] DEBUG org.asynchttpclient.netty.channel.ChannelManager - Adding key: http://localhost:54767 for channel [id: 0xe189679b, L:/127.0.0.1:63168 - R:localhost/127.0.0.1:54767]
  &amp#27;[32mGiven &amp#27;[0m&amp#27;[32mI am on the home page&amp#27;[0m                  &amp#27;[90m# starter.stepdefinitions.HomeStep.iAmOnTheHomePage()&amp#27;[0m
20:25:10.802 [Forwarding screenshot on session 337190980dc77e15ab5f4a85f93ab228 to remote] DEBUG org.asynchttpclient.netty.request.NettyRequestSender - Using pooled Channel '[id: 0xe189679b, L:/127.0.0.1:63168 - R:localhost/127.0.0.1:54767]' for 'GET' to 'http://localhost:54767/session/337190980dc77e15ab5f4a85f93ab228/screenshot'
20:25:10.802 [Forwarding screenshot on session 337190980dc77e15ab5f4a85f93ab228 to remote] DEBUG org.asynchttpclient.netty.request.NettyRequestSender - Using open Channel [id: 0xe189679b, L:/127.0.0.1:63168 - R:localhost/127.0.0.1:54767] for GET '/session/337190980dc77e15ab5f4a85f93ab228/screenshot'
20:25:10.968 [AsyncHttpClient-1-6] DEBUG org.asynchttpclient.netty.handler.HttpHandler - 

Request DefaultFullHttpRequest(decodeResult: success, version: HTTP/1.1, content: EmptyByteBufBE)
GET /session/337190980dc77e15ab5f4a85f93ab228/screenshot HTTP/1.1
User-Agent: selenium/4.1.2 (java windows)
Cache-Control: no-cache
Content-Type: application/json; charset=utf-8
host: localhost:54767
accept: */*

Response DefaultHttpResponse(decodeResult: success, version: HTTP/1.1)
HTTP/1.1 200 OK
Content-Type: application/json; charset=utf-8
cache-control: no-cache
content-length: 27640

20:25:10.968 [AsyncHttpClient-1-6] DEBUG org.asynchttpclient.netty.channel.ChannelManager - Adding key: http://localhost:54767 for channel [id: 0xe189679b, L:/127.0.0.1:63168 - R:localhost/127.0.0.1:54767]
20:25:10.970 [main] DEBUG net.serenitybdd.core.photography.Darkroom - Send negative for processing for target\site\serenity\3d50632a477ffbdb0726ad1d020a0fee996b34663656506ea0006eab9bb83c64.png
20:25:10.971 [Darkroom Processing Line] DEBUG net.serenitybdd.core.photography.DarkroomProcessingLine - Processing screenshot image in /var/screenshots/screenshot-1844246576952578428
20:25:10.971 [Darkroom Processing Line] DEBUG net.serenitybdd.core.photography.DarkroomProcessingLine - Saving screenshot to target\site\serenity\3d50632a477ffbdb0726ad1d020a0fee996b34663656506ea0006eab9bb83c64.png
20:25:10.987 [Forwarding findElement on session 337190980dc77e15ab5f4a85f93ab228 to remote] DEBUG org.asynchttpclient.netty.request.NettyRequestSender - Using pooled Channel '[id: 0xe189679b, L:/127.0.0.1:63168 - R:localhost/127.0.0.1:54767]' for 'POST' to 'http://localhost:54767/session/337190980dc77e15ab5f4a85f93ab228/element'
20:25:10.987 [Forwarding findElement on session 337190980dc77e15ab5f4a85f93ab228 to remote] DEBUG org.asynchttpclient.netty.request.NettyRequestSender - Using open Channel [id: 0xe189679b, L:/127.0.0.1:63168 - R:localhost/127.0.0.1:54767] for POST '/session/337190980dc77e15ab5f4a85f93ab228/element'
20:25:11.565 [AsyncHttpClient-1-1] DEBUG org.asynchttpclient.netty.channel.DefaultChannelPool - Entry count for : http://localhost:63170 : 1
20:25:12.665 [AsyncHttpClient-1-1] DEBUG org.asynchttpclient.netty.channel.DefaultChannelPool - Entry count for : http://localhost:63170 : 1
20:25:13.008 [AsyncHttpClient-1-6] DEBUG org.asynchttpclient.netty.handler.HttpHandler - 

Request DefaultHttpRequest(decodeResult: success, version: HTTP/1.1)
POST /session/337190980dc77e15ab5f4a85f93ab228/element HTTP/1.1
User-Agent: selenium/4.1.2 (java windows)
Content-Length: 143
Content-Type: application/json; charset=utf-8
host: localhost:54767
accept: */*

Response DefaultHttpResponse(decodeResult: success, version: HTTP/1.1)
HTTP/1.1 404 Not Found
Content-Type: application/json; charset=utf-8
cache-control: no-cache
content-length: 1101

20:25:13.008 [AsyncHttpClient-1-6] DEBUG org.asynchttpclient.netty.channel.ChannelManager - Adding key: http://localhost:54767 for channel [id: 0xe189679b, L:/127.0.0.1:63168 - R:localhost/127.0.0.1:54767]
20:25:13.113 [Forwarding findElement on session 337190980dc77e15ab5f4a85f93ab228 to remote] DEBUG org.asynchttpclient.netty.request.NettyRequestSender - Using pooled Channel '[id: 0xe189679b, L:/127.0.0.1:63168 - R:localhost/127.0.0.1:54767]' for 'POST' to 'http://localhost:54767/session/337190980dc77e15ab5f4a85f93ab228/element'
20:25:13.113 [Forwarding findElement on session 337190980dc77e15ab5f4a85f93ab228 to remote] DEBUG org.asynchttpclient.netty.request.NettyRequestSender - Using open Channel [id: 0xe189679b, L:/127.0.0.1:63168 - R:localhost/127.0.0.1:54767] for POST '/session/337190980dc77e15ab5f4a85f93ab228/element'
20:25:13.774 [AsyncHttpClient-1-1] DEBUG org.asynchttpclient.netty.channel.DefaultChannelPool - Entry count for : http://localhost:63170 : 1
20:25:14.865 [AsyncHttpClient-1-1] DEBUG org.asynchttpclient.netty.channel.DefaultChannelPool - Entry count for : http://localhost:63170 : 1
20:25:15.176 [AsyncHttpClient-1-6] DEBUG org.asynchttpclient.netty.handler.HttpHandler - 

Request DefaultHttpRequest(decodeResult: success, version: HTTP/1.1)
POST /session/337190980dc77e15ab5f4a85f93ab228/element HTTP/1.1
User-Agent: selenium/4.1.2 (java windows)
Content-Length: 143
Content-Type: application/json; charset=utf-8
host: localhost:54767
accept: */*

Response DefaultHttpResponse(decodeResult: success, version: HTTP/1.1)
HTTP/1.1 404 Not Found
Content-Type: application/json; charset=utf-8
cache-control: no-cache
content-length: 1101

20:25:15.177 [AsyncHttpClient-1-6] DEBUG org.asynchttpclient.netty.channel.ChannelManager - Adding key: http://localhost:54767 for channel [id: 0xe189679b, L:/127.0.0.1:63168 - R:localhost/127.0.0.1:54767]
20:25:15.283 [Forwarding findElement on session 337190980dc77e15ab5f4a85f93ab228 to remote] DEBUG org.asynchttpclient.netty.request.NettyRequestSender - Using pooled Channel '[id: 0xe189679b, L:/127.0.0.1:63168 - R:localhost/127.0.0.1:54767]' for 'POST' to 'http://localhost:54767/session/337190980dc77e15ab5f4a85f93ab228/element'
20:25:15.284 [Forwarding findElement on session 337190980dc77e15ab5f4a85f93ab228 to remote] DEBUG org.asynchttpclient.netty.request.NettyRequestSender - Using open Channel [id: 0xe189679b, L:/127.0.0.1:63168 - R:localhost/127.0.0.1:54767] for POST '/session/337190980dc77e15ab5f4a85f93ab228/element'
20:25:15.968 [AsyncHttpClient-1-1] DEBUG org.asynchttpclient.netty.channel.DefaultChannelPool - Entry count for : http://localhost:63170 : 1
20:25:17.065 [AsyncHttpClient-1-1] DEBUG org.asynchttpclient.netty.channel.DefaultChannelPool - Entry count for : http://localhost:63170 : 1
20:25:17.288 [AsyncHttpClient-1-6] DEBUG org.asynchttpclient.netty.handler.HttpHandler - 

Request DefaultHttpRequest(decodeResult: success, version: HTTP/1.1)
POST /session/337190980dc77e15ab5f4a85f93ab228/element HTTP/1.1
User-Agent: selenium/4.1.2 (java windows)
Content-Length: 143
Content-Type: application/json; charset=utf-8
host: localhost:54767
accept: */*

Response DefaultHttpResponse(decodeResult: success, version: HTTP/1.1)
HTTP/1.1 404 Not Found
Content-Type: application/json; charset=utf-8
cache-control: no-cache
content-length: 1101

20:25:17.288 [AsyncHttpClient-1-6] DEBUG org.asynchttpclient.netty.channel.ChannelManager - Adding key: http://localhost:54767 for channel [id: 0xe189679b, L:/127.0.0.1:63168 - R:localhost/127.0.0.1:54767]
20:25:17.294 [Forwarding screenshot on session 337190980dc77e15ab5f4a85f93ab228 to remote] DEBUG org.asynchttpclient.netty.request.NettyRequestSender - Using pooled Channel '[id: 0xe189679b, L:/127.0.0.1:63168 - R:localhost/127.0.0.1:54767]' for 'GET' to 'http://localhost:54767/session/337190980dc77e15ab5f4a85f93ab228/screenshot'
20:25:17.294 [Forwarding screenshot on session 337190980dc77e15ab5f4a85f93ab228 to remote] DEBUG org.asynchttpclient.netty.request.NettyRequestSender - Using open Channel [id: 0xe189679b, L:/127.0.0.1:63168 - R:localhost/127.0.0.1:54767] for GET '/session/337190980dc77e15ab5f4a85f93ab228/screenshot'
20:25:17.397 [AsyncHttpClient-1-6] DEBUG org.asynchttpclient.netty.handler.HttpHandler - 

Request DefaultFullHttpRequest(decodeResult: success, version: HTTP/1.1, content: EmptyByteBufBE)
GET /session/337190980dc77e15ab5f4a85f93ab228/screenshot HTTP/1.1
User-Agent: selenium/4.1.2 (java windows)
Cache-Control: no-cache
Content-Type: application/json; charset=utf-8
host: localhost:54767
accept: */*

Response DefaultHttpResponse(decodeResult: success, version: HTTP/1.1)
HTTP/1.1 200 OK
Content-Type: application/json; charset=utf-8
cache-control: no-cache
content-length: 67440

20:25:17.398 [AsyncHttpClient-1-6] DEBUG org.asynchttpclient.netty.channel.ChannelManager - Adding key: http://localhost:54767 for channel [id: 0xe189679b, L:/127.0.0.1:63168 - R:localhost/127.0.0.1:54767]
20:25:17.401 [main] DEBUG net.serenitybdd.core.photography.Darkroom - Send negative for processing for target\site\serenity\6675801c2b8badb2bec322fc9bc8baa7f8adcf94768a58432838b6f45add1519.png
20:25:17.406 [Forwarding getPageSource on session 337190980dc77e15ab5f4a85f93ab228 to remote] DEBUG org.asynchttpclient.netty.request.NettyRequestSender - Using pooled Channel '[id: 0xe189679b, L:/127.0.0.1:63168 - R:localhost/127.0.0.1:54767]' for 'POST' to 'http://localhost:54767/session/337190980dc77e15ab5f4a85f93ab228/execute/sync'
20:25:17.407 [Forwarding getPageSource on session 337190980dc77e15ab5f4a85f93ab228 to remote] DEBUG org.asynchttpclient.netty.request.NettyRequestSender - Using open Channel [id: 0xe189679b, L:/127.0.0.1:63168 - R:localhost/127.0.0.1:54767] for POST '/session/337190980dc77e15ab5f4a85f93ab228/execute/sync'
20:25:17.418 [AsyncHttpClient-1-6] DEBUG org.asynchttpclient.netty.handler.HttpHandler - 

Request DefaultHttpRequest(decodeResult: success, version: HTTP/1.1)
POST /session/337190980dc77e15ab5f4a85f93ab228/execute/sync HTTP/1.1
User-Agent: selenium/4.1.2 (java windows)
Content-Length: 176
Content-Type: application/json; charset=utf-8
host: localhost:54767
accept: */*

Response DefaultHttpResponse(decodeResult: success, version: HTTP/1.1)
HTTP/1.1 200 OK
Content-Type: application/json; charset=utf-8
cache-control: no-cache
content-length: 76338

20:25:17.419 [AsyncHttpClient-1-6] DEBUG org.asynchttpclient.netty.channel.ChannelManager - Adding key: http://localhost:54767 for channel [id: 0xe189679b, L:/127.0.0.1:63168 - R:localhost/127.0.0.1:54767]
20:25:17.436 [Forwarding getCurrentUrl on session 337190980dc77e15ab5f4a85f93ab228 to remote] DEBUG org.asynchttpclient.netty.request.NettyRequestSender - Using pooled Channel '[id: 0xe189679b, L:/127.0.0.1:63168 - R:localhost/127.0.0.1:54767]' for 'GET' to 'http://localhost:54767/session/337190980dc77e15ab5f4a85f93ab228/url'
20:25:17.436 [Forwarding getCurrentUrl on session 337190980dc77e15ab5f4a85f93ab228 to remote] DEBUG org.asynchttpclient.netty.request.NettyRequestSender - Using open Channel [id: 0xe189679b, L:/127.0.0.1:63168 - R:localhost/127.0.0.1:54767] for GET '/session/337190980dc77e15ab5f4a85f93ab228/url'
20:25:17.439 [AsyncHttpClient-1-6] DEBUG org.asynchttpclient.netty.handler.HttpHandler - 

Request DefaultFullHttpRequest(decodeResult: success, version: HTTP/1.1, content: EmptyByteBufBE)
GET /session/337190980dc77e15ab5f4a85f93ab228/url HTTP/1.1
User-Agent: selenium/4.1.2 (java windows)
Cache-Control: no-cache
Content-Type: application/json; charset=utf-8
host: localhost:54767
accept: */*

Response DefaultHttpResponse(decodeResult: success, version: HTTP/1.1)
HTTP/1.1 200 OK
Content-Type: application/json; charset=utf-8
cache-control: no-cache
content-length: 41

20:25:17.439 [AsyncHttpClient-1-6] DEBUG org.asynchttpclient.netty.channel.ChannelManager - Adding key: http://localhost:54767 for channel [id: 0xe189679b, L:/127.0.0.1:63168 - R:localhost/127.0.0.1:54767]
  &amp#27;[31mAnd &amp#27;[0m&amp#27;[31mI click login button&amp#27;[0m                     &amp#27;[90m# starter.stepdefinitions.LoginStep.iClickLoginButton()&amp#27;[0m
      &amp#27;[31mnet.thucydides.core.webdriver.exceptions.ElementShouldBeEnabledException: Expected enabled element was not enabled
	at net.serenitybdd.core.pages.WebElementFacadeImpl.waitUntilEnabled(WebElementFacadeImpl.java:1100)
	at net.serenitybdd.core.pages.WebElementFacadeImpl.waitUntilElementAvailable(WebElementFacadeImpl.java:888)
	at net.serenitybdd.core.pages.WebElementFacadeImpl.click(WebElementFacadeImpl.java:1182)
	at net.serenitybdd.core.pages.WebElementFacadeImpl.click(WebElementFacadeImpl.java:1201)
	at AltaShop@1.0-SNAPSHOT/starter.pages.LoginPage.ClickBtnLogin(LoginPage.java:29)
	at AltaShop@1.0-SNAPSHOT/starter.pages.LoginPage$ByteBuddy$0y5FowtZ.ClickBtnLogin$accessor$9n6zCn55(Unknown Source)
	at java.base/jdk.internal.reflect.NativeMethodAccessorImpl.invoke0(Native Method)
	at java.base/jdk.internal.reflect.NativeMethodAccessorImpl.invoke(NativeMethodAccessorImpl.java:62)
	at java.base/jdk.internal.reflect.DelegatingMethodAccessorImpl.invoke(DelegatingMethodAccessorImpl.java:43)
	at java.base/java.lang.reflect.Method.invoke(Method.java:567)
	at net.thucydides.core.steps.BaseMethodRunner.invokeMethod(BaseMethodRunner.java:18)
	at net.thucydides.core.steps.NormalMethodRunner.invokeMethodAndNotifyFailures(NormalMethodRunner.java:18)
	at net.thucydides.core.steps.StepInterceptor.runNormalMethod(StepInterceptor.java:406)
	at net.thucydides.core.steps.StepInterceptor.testStepResult(StepInterceptor.java:191)
	at net.thucydides.core.steps.StepInterceptor.intercept(StepInterceptor.java:84)
	at net.thucydides.core.steps.ProxyConfiguration$InterceptorDispatcher.intercept(ProxyConfiguration.java:51)
	at AltaShop@1.0-SNAPSHOT/starter.pages.LoginPage$ByteBuddy$0y5FowtZ.ClickBtnLogin(Unknown Source)
	at AltaShop@1.0-SNAPSHOT/starter.stepdefinitions.LoginStep.iClickLoginButton(LoginStep.java:31)
	at âœ½.I click login button(file:///C:/Users/alwi/IdeaProjects/AltaShop/src/test/resources/features/Register.feature:8)
Caused by: org.openqa.selenium.TimeoutException: Expected condition failed: waiting for By.xpath: //button[@class = 'v-btn v-btn--is-elevated v-btn--has-bg theme--light v-size--default primary'] to be enabled (tried for 5 second(s) with 100 milliseconds interval)
	at org.openqa.selenium.support.ui.FluentWait.timeoutException(FluentWait.java:263)
	at org.openqa.selenium.support.ui.FluentWait.until(FluentWait.java:231)
	at net.serenitybdd.core.pages.WebElementFacadeImpl.waitUntilEnabled(WebElementFacadeImpl.java:1097)
	at net.serenitybdd.core.pages.WebElementFacadeImpl.waitUntilElementAvailable(WebElementFacadeImpl.java:888)
	at net.serenitybdd.core.pages.WebElementFacadeImpl.click(WebElementFacadeImpl.java:1182)
	at net.serenitybdd.core.pages.WebElementFacadeImpl.click(WebElementFacadeImpl.java:1201)
	at AltaShop@1.0-SNAPSHOT/starter.pages.LoginPage.ClickBtnLogin(LoginPage.java:29)
	at AltaShop@1.0-SNAPSHOT/starter.pages.LoginPage$ByteBuddy$0y5FowtZ.ClickBtnLogin$accessor$9n6zCn55(Unknown Source)
	at java.base/jdk.internal.reflect.NativeMethodAccessorImpl.invoke0(Native Method)
	at java.base/jdk.internal.reflect.NativeMethodAccessorImpl.invoke(NativeMethodAccessorImpl.java:62)
	at java.base/jdk.internal.reflect.DelegatingMethodAccessorImpl.invoke(DelegatingMethodAccessorImpl.java:43)
	at java.base/java.lang.reflect.Method.invoke(Method.java:567)
	at net.thucydides.core.steps.BaseMethodRunner.invokeMethod(BaseMethodRunner.java:18)
	at net.thucydides.core.steps.NormalMethodRunner.invokeMethodAndNotifyFailures(NormalMethodRunner.java:18)
	at net.thucydides.core.steps.StepInterceptor.runNormalMethod(StepInterceptor.java:406)
	at net.thucydides.core.steps.StepInterceptor.testStepResult(StepInterceptor.java:191)
	at net.thucydides.core.steps.StepInterceptor.intercept(StepInterceptor.java:84)
	at net.thucydides.core.steps.ProxyConfiguration$InterceptorDispatcher.intercept(ProxyConfiguration.java:51)
	at AltaShop@1.0-SNAPSHOT/starter.pages.LoginPage$ByteBuddy$0y5FowtZ.ClickBtnLogin(Unknown Source)
	at AltaShop@1.0-SNAPSHOT/starter.stepdefinitions.LoginStep.iClickLoginButton(LoginStep.java:31)
	at java.base/jdk.internal.reflect.NativeMethodAccessorImpl.invoke0(Native Method)
	at java.base/jdk.internal.reflect.NativeMethodAccessorImpl.invoke(NativeMethodAccessorImpl.java:62)
	at java.base/jdk.internal.reflect.DelegatingMethodAccessorImpl.invoke(DelegatingMethodAccessorImpl.java:43)
	at java.base/java.lang.reflect.Method.invoke(Method.java:567)
	at io.cucumber.java.Invoker.doInvoke(Invoker.java:66)
	at io.cucumber.java.Invoker.invoke(Invoker.java:24)
	at io.cucumber.java.AbstractGlueDefinition.invokeMethod(AbstractGlueDefinition.java:47)
	at io.cucumber.java.JavaStepDefinition.execute(JavaStepDefinition.java:29)
	at io.cucumber.core.runner.CoreStepDefinition.execute(CoreStepDefinition.java:66)
	at io.cucumber.core.runner.PickleStepDefinitionMatch.runStep(PickleStepDefinitionMatch.java:63)
	at io.cucumber.core.runner.ExecutionMode$1.execute(ExecutionMode.java:10)
	at io.cucumber.core.runner.TestStep.executeStep(TestStep.java:86)
	at io.cucumber.core.runner.TestStep.run(TestStep.java:57)
	at io.cucumber.core.runner.PickleStepTestStep.run(PickleStepTestStep.java:51)
	at io.cucumber.core.runner.TestCase.run(TestCase.java:95)
	at io.cucumber.core.runner.Runner.runPickle(Runner.java:75)
	at io.cucumber.junit.PickleRunners$NoStepDescriptions.lambda$run$0(PickleRunners.java:151)
	at io.cucumber.core.runtime.CucumberExecutionContext.lambda$runTestCase$3(CucumberExecutionContext.java:151)
	at io.cucumber.core.runtime.RethrowingThrowableCollector.executeAndThrow(RethrowingThrowableCollector.java:23)
	at io.cucumber.core.runtime.CucumberExecutionContext.runTestCase(CucumberExecutionContext.java:151)
	at io.cucumber.junit.PickleRunners$NoStepDescriptions.run(PickleRunners.java:148)
	at io.cucumber.junit.FeatureRunner.runChild(FeatureRunner.java:144)
	at io.cucumber.junit.FeatureRunner.runChild(FeatureRunner.java:28)
	at org.junit.runners.ParentRunner$4.run(ParentRunner.java:331)
	at org.junit.runners.ParentRunner$1.schedule(ParentRunner.java:79)
	at org.junit.runners.ParentRunner.runChildren(ParentRunner.java:329)
	at org.junit.runners.ParentRunner.access$100(ParentRunner.java:66)
	at org.junit.runners.ParentRunner$2.evaluate(ParentRunner.java:293)
	at org.junit.runners.ParentRunner$3.evaluate(ParentRunner.java:306)
	at org.junit.runners.ParentRunner.run(ParentRunner.java:413)
	at io.cucumber.junit.FeatureRunner.run(FeatureRunner.java:137)
	at io.cucumber.junit.CucumberSerenityRunner.runChild(CucumberSerenityRunner.java:258)
	at io.cucumber.junit.CucumberSerenityRunner.runChild(CucumberSerenityRunner.java:58)
	at org.junit.runners.ParentRunner$4.run(ParentRunner.java:331)
	at org.junit.runners.ParentRunner$1.schedule(ParentRunner.java:79)
	at org.junit.runners.ParentRunner.runChildren(ParentRunner.java:329)
	at org.junit.runners.ParentRunner.access$100(ParentRunner.java:66)
	at org.junit.runners.ParentRunner$2.evaluate(ParentRunner.java:293)
	at io.cucumber.junit.CucumberSerenityRunner$RunCucumber.evaluate(CucumberSerenityRunner.java:287)
	at org.junit.runners.ParentRunner$3.evaluate(ParentRunner.java:306)
	at org.junit.runners.ParentRunner.run(ParentRunner.java:413)
	at org.junit.runner.JUnitCore.run(JUnitCore.java:137)
	at org.junit.runner.JUnitCore.run(JUnitCore.java:115)
	at org.junit.vintage.engine.execution.RunnerExecutor.execute(RunnerExecutor.java:42)
	at org.junit.vintage.engine.VintageTestEngine.executeAllChildren(VintageTestEngine.java:80)
	at org.junit.vintage.engine.VintageTestEngine.execute(VintageTestEngine.java:72)
	at org.junit.platform.launcher.core.EngineExecutionOrchestrator.execute(EngineExecutionOrchestrator.java:107)
	at org.junit.platform.launcher.core.EngineExecutionOrchestrator.execute(EngineExecutionOrchestrator.java:88)
	at org.junit.platform.launcher.core.EngineExecutionOrchestrator.lambda$execute$0(EngineExecutionOrchestrator.java:54)
	at org.junit.platform.launcher.core.EngineExecutionOrchestrator.withInterceptedStreams(EngineExecutionOrchestrator.java:67)
	at org.junit.platform.launcher.core.EngineExecutionOrchestrator.execute(EngineExecutionOrchestrator.java:52)
	at org.junit.platform.launcher.core.DefaultLauncher.execute(DefaultLauncher.java:114)
	at org.junit.platform.launcher.core.DefaultLauncher.execute(DefaultLauncher.java:86)
	at org.junit.platform.launcher.core.DefaultLauncherSession$DelegatingLauncher.execute(DefaultLauncherSession.java:86)
	at org.junit.platform.launcher.core.SessionPerRequestLauncher.execute(SessionPerRequestLauncher.java:53)
	at org.apache.maven.surefire.junitplatform.JUnitPlatformProvider.execute(JUnitPlatformProvider.java:188)
	at org.apache.maven.surefire.junitplatform.JUnitPlatformProvider.invokeAllTests(JUnitPlatformProvider.java:154)
	at org.apache.maven.surefire.junitplatform.JUnitPlatformProvider.invoke(JUnitPlatformProvider.java:128)
	at org.apache.maven.surefire.booter.ForkedBooter.runSuitesInProcess(ForkedBooter.java:428)
	at org.apache.maven.surefire.booter.ForkedBooter.execute(ForkedBooter.java:162)
	at org.apache.maven.surefire.booter.ForkedBooter.run(ForkedBooter.java:562)
	at org.apache.maven.surefire.booter.ForkedBooter.main(ForkedBooter.java:548)
Caused by: org.openqa.selenium.NoSuchElementException: no such element: Unable to locate element: {"method":"xpath","selector":"//button[@class = 'v-btn v-btn--is-elevated v-btn--has-bg theme--light v-size--default primary']"}
  (Session info: chrome=106.0.5249.119)
For documentation on this error, please visit: https://selenium.dev/exceptions/#no_such_element
Build info: version: '4.1.2', revision: '9a5a329c5a'
System info: host: 'DESKTOP-3MAQDS2', ip: '192.168.1.5', os.name: 'Windows 10', os.arch: 'amd64', os.version: '10.0', java.version: '13.0.2'
Driver info: org.openqa.selenium.chrome.ChromeDriver
Command: [337190980dc77e15ab5f4a85f93ab228, findElement {using=xpath, value=//button[@class = 'v-btn v-btn--is-elevated v-btn--has-bg theme--light v-size--default primary']}]
Capabilities {acceptInsecureCerts: false, browserName: chrome, browserVersion: 106.0.5249.119, chrome: {chromedriverVersion: 105.0.5195.52 (412c95e51883..., userDataDir: C:\Users\alwi\AppData\Local...}, goog:chromeOptions: {debuggerAddress: localhost:63170}, javascriptEnabled: true, networkConnectionEnabled: false, pageLoadStrategy: normal, platform: WINDOWS, platformName: WINDOWS, proxy: Proxy(), se:cdp: ws://localhost:63170/devtoo..., se:cdpVersion: 106.0.5249.119, setWindowRect: true, strictFileInteractability: false, timeouts: {implicit: 0, pageLoad: 300000, script: 30000}, unhandledPromptBehavior: dismiss and notify, webauthn:extension:credBlob: true, webauthn:extension:largeBlob: true, webauthn:virtualAuthenticators: true}
Session ID: 337190980dc77e15ab5f4a85f93ab228
	at java.base/jdk.internal.reflect.NativeConstructorAccessorImpl.newInstance0(Native Method)
	at java.base/jdk.internal.reflect.NativeConstructorAccessorImpl.newInstance(NativeConstructorAccessorImpl.java:62)
	at java.base/jdk.internal.reflect.DelegatingConstructorAccessorImpl.newInstance(DelegatingConstructorAccessorImpl.java:45)
	at java.base/java.lang.reflect.Constructor.newInstanceWithCaller(Constructor.java:500)
	at java.base/java.lang.reflect.Constructor.newInstance(Constructor.java:481)
	at org.openqa.selenium.remote.codec.w3c.W3CHttpResponseCodec.createException(W3CHttpResponseCodec.java:200)
	at org.openqa.selenium.remote.codec.w3c.W3CHttpResponseCodec.decode(W3CHttpResponseCodec.java:133)
	at org.openqa.selenium.remote.codec.w3c.W3CHttpResponseCodec.decode(W3CHttpResponseCodec.java:53)
	at org.openqa.selenium.remote.HttpCommandExecutor.execute(HttpCommandExecutor.java:184)
	at org.openqa.selenium.remote.service.DriverCommandExecutor.invokeExecute(DriverCommandExecutor.java:167)
	at org.openqa.selenium.remote.service.DriverCommandExecutor.execute(DriverCommandExecutor.java:142)
	at org.openqa.selenium.remote.RemoteWebDriver.execute(RemoteWebDriver.java:558)
	at org.openqa.selenium.remote.ElementLocation$ElementFinder$2.findElement(ElementLocation.java:162)
	at org.openqa.selenium.remote.ElementLocation.findElement(ElementLocation.java:60)
	at org.openqa.selenium.remote.RemoteWebDriver.findElement(RemoteWebDriver.java:382)
	at org.openqa.selenium.remote.RemoteWebDriver.findElement(RemoteWebDriver.java:374)
	at net.thucydides.core.webdriver.WebDriverFacade.findElement(WebDriverFacade.java:224)
	at net.serenitybdd.core.pages.WebElementResolverByLocator.resolveForDriver(WebElementResolverByLocator.java:25)
	at net.serenitybdd.core.pages.WebElementFacadeImpl.getResolvedElement(WebElementFacadeImpl.java:191)
	at net.serenitybdd.core.pages.WebElementFacadeImpl.getElement(WebElementFacadeImpl.java:186)
	at net.serenitybdd.core.pages.WebElementExpectations$3.apply(WebElementExpectations.java:63)
	at net.serenitybdd.core.pages.WebElementExpectations$3.apply(WebElementExpectations.java:55)
	at org.openqa.selenium.support.ui.FluentWait.until(FluentWait.java:208)
	... 80 more
&amp#27;[0m
  &amp#27;[36mAnd &amp#27;[0m&amp#27;[36mI click register button&amp#27;[0m                  &amp#27;[90m# starter.stepdefinitions.RegisterStep.iClickRegisterButton()&amp#27;[0m
  &amp#27;[36mWhen &amp#27;[0m&amp#27;[36mI input fullname register &amp#27;[0m&amp#27;[36m&amp#27;[1m""&amp#27;[0m            &amp#27;[90m# starter.stepdefinitions.RegisterStep.iInputFullnameRegister(java.lang.String)&amp#27;[0m
  &amp#27;[36mAnd &amp#27;[0m&amp#27;[36mI input email register &amp#27;[0m&amp#27;[36m&amp#27;[1m""&amp#27;[0m                &amp#27;[90m# starter.stepdefinitions.RegisterStep.iInputEmailRegister(java.lang.String)&amp#27;[0m
  &amp#27;[36mAnd &amp#27;[0m&amp#27;[36mI input password register &amp#27;[0m&amp#27;[36m&amp#27;[1m""&amp#27;[0m             &amp#27;[90m# starter.stepdefinitions.RegisterStep.iInputPasswordRegister(java.lang.String)&amp#27;[0m
  &amp#27;[36mAnd &amp#27;[0m&amp#27;[36mI click submit register button&amp#27;[0m           &amp#27;[90m# starter.stepdefinitions.RegisterStep.iClickSubmitRegisterButton()&amp#27;[0m
  &amp#27;[36mThen &amp#27;[0m&amp#27;[36mI will get the result register &amp#27;[0m&amp#27;[36m&amp#27;[1m"failed"&amp#27;[0m &amp#27;[90m# starter.stepdefinitions.RegisterStep.iWillGetTheResultRegister(java.lang.String)&amp#27;[0m
20:25:17.537 [AsyncHttpClient-1-8] DEBUG org.asynchttpclient.netty.handler.WebSocketHandler - Channel Closed: [id: 0x0569276b, L:/127.0.0.1:63177 ! R:localhost/127.0.0.1:63170] with attribute NettyResponseFuture{currentRetry=5,
	isDone=1,
	isCancelled=0,
	asyncHandler=org.asynchttpclient.ws.WebSocketUpgradeHandler@45cb1db2,
	nettyRequest=org.asynchttpclient.netty.request.NettyRequest@47cb4390,
	future=java.util.concurrent.CompletableFuture@1de7021f[Completed normally],
	uri=ws://localhost:63170/devtools/browser/b4589dfd-0f72-4c7d-b2d9-98cc5708b164,
	keepAlive=true,
	redirectCount=0,
	timeoutsHolder=null,
	inAuth=0,
	touch=1666790710138}
20:25:17.537 [AsyncHttpClient-1-8] DEBUG org.asynchttpclient.netty.channel.ChannelManager - Closing Channel [id: 0x0569276b, L:/127.0.0.1:63177 ! R:localhost/127.0.0.1:63170] 
20:25:17.537 [Driver Command Executor] DEBUG org.asynchttpclient.netty.request.NettyRequestSender - Using pooled Channel '[id: 0xe189679b, L:/127.0.0.1:63168 - R:localhost/127.0.0.1:54767]' for 'DELETE' to 'http://localhost:54767/session/337190980dc77e15ab5f4a85f93ab228'
20:25:17.537 [Driver Command Executor] DEBUG org.asynchttpclient.netty.request.NettyRequestSender - Using open Channel [id: 0xe189679b, L:/127.0.0.1:63168 - R:localhost/127.0.0.1:54767] for DELETE '/session/337190980dc77e15ab5f4a85f93ab228'
20:25:17.563 [AsyncHttpClient-1-7] DEBUG org.asynchttpclient.netty.handler.HttpHandler - Unexpected I/O exception on channel [id: 0x2560c48d, L:/127.0.0.1:63176 - R:localhost/127.0.0.1:63170]
java.net.SocketException: Connection reset
	at java.base/sun.nio.ch.SocketChannelImpl.throwConnectionReset(SocketChannelImpl.java:345)
	at java.base/sun.nio.ch.SocketChannelImpl.read(SocketChannelImpl.java:376)
	at io.netty.buffer.PooledByteBuf.setBytes(PooledByteBuf.java:258)
	at io.netty.buffer.AbstractByteBuf.writeBytes(AbstractByteBuf.java:1132)
	at io.netty.channel.socket.nio.NioSocketChannel.doReadBytes(NioSocketChannel.java:350)
	at io.netty.channel.nio.AbstractNioByteChannel$NioByteUnsafe.read(AbstractNioByteChannel.java:151)
	at io.netty.channel.nio.NioEventLoop.processSelectedKey(NioEventLoop.java:722)
	at io.netty.channel.nio.NioEventLoop.processSelectedKeysOptimized(NioEventLoop.java:658)
	at io.netty.channel.nio.NioEventLoop.processSelectedKeys(NioEventLoop.java:584)
	at io.netty.channel.nio.NioEventLoop.run(NioEventLoop.java:496)
	at io.netty.util.concurrent.SingleThreadEventExecutor$4.run(SingleThreadEventExecutor.java:986)
	at io.netty.util.internal.ThreadExecutorMap$2.run(ThreadExecutorMap.java:74)
	at io.netty.util.concurrent.FastThreadLocalRunnable.run(FastThreadLocalRunnable.java:30)
	at java.base/java.lang.Thread.run(Thread.java:830)
20:25:17.564 [AsyncHttpClient-1-7] DEBUG org.asynchttpclient.netty.channel.ChannelManager - Closing Channel [id: 0x2560c48d, L:/127.0.0.1:63176 - R:localhost/127.0.0.1:63170] 
20:25:17.564 [AsyncHttpClient-1-7] DEBUG org.asynchttpclient.netty.handler.HttpHandler - Channel Closed: [id: 0x2560c48d, L:/127.0.0.1:63176 ! R:localhost/127.0.0.1:63170] with attribute DISCARD
20:25:17.581 [AsyncHttpClient-1-6] DEBUG org.asynchttpclient.netty.handler.HttpHandler - 

Request DefaultFullHttpRequest(decodeResult: success, version: HTTP/1.1, content: EmptyByteBufBE)
DELETE /session/337190980dc77e15ab5f4a85f93ab228 HTTP/1.1
User-Agent: selenium/4.1.2 (java windows)
Content-Type: application/json; charset=utf-8
host: localhost:54767
accept: */*

Response DefaultHttpResponse(decodeResult: success, version: HTTP/1.1)
HTTP/1.1 200 OK
Content-Type: application/json; charset=utf-8
cache-control: no-cache
content-length: 14

20:25:17.581 [AsyncHttpClient-1-6] DEBUG org.asynchttpclient.netty.channel.ChannelManager - Adding key: http://localhost:54767 for channel [id: 0xe189679b, L:/127.0.0.1:63168 - R:localhost/127.0.0.1:54767]
20:25:18.165 [AsyncHttpClient-1-1] DEBUG org.asynchttpclient.netty.channel.DefaultChannelPool - Entry count for : http://localhost:63170 : 1
20:25:18.165 [AsyncHttpClient-1-1] DEBUG org.asynchttpclient.netty.channel.DefaultChannelPool - Entry count for : http://localhost:54767 : 1
20:25:18.165 [AsyncHttpClient-1-1] DEBUG org.asynchttpclient.netty.channel.DefaultChannelPool - Adding Candidate expired Channel [id: 0x2560c48d, L:/127.0.0.1:63176 ! R:localhost/127.0.0.1:63170] isIdleTimeoutExpired=false isRemotelyClosed=true isTtlExpired=false
20:25:18.165 [AsyncHttpClient-1-1] DEBUG org.asynchttpclient.netty.channel.DefaultChannelPool - Closing Idle Channel [id: 0x2560c48d, L:/127.0.0.1:63176 ! R:localhost/127.0.0.1:63170]
20:25:18.165 [AsyncHttpClient-1-1] DEBUG org.asynchttpclient.netty.channel.DefaultChannelPool - Closed 1 connections out of 2 in 0 ms
20:25:18.600 [AsyncHttpClient-1-6] DEBUG org.asynchttpclient.netty.handler.HttpHandler - Unexpected I/O exception on channel [id: 0xe189679b, L:/127.0.0.1:63168 - R:localhost/127.0.0.1:54767]
java.net.SocketException: Connection reset
	at java.base/sun.nio.ch.SocketChannelImpl.throwConnectionReset(SocketChannelImpl.java:345)
	at java.base/sun.nio.ch.SocketChannelImpl.read(SocketChannelImpl.java:376)
	at io.netty.buffer.PooledByteBuf.setBytes(PooledByteBuf.java:258)
	at io.netty.buffer.AbstractByteBuf.writeBytes(AbstractByteBuf.java:1132)
	at io.netty.channel.socket.nio.NioSocketChannel.doReadBytes(NioSocketChannel.java:350)
	at io.netty.channel.nio.AbstractNioByteChannel$NioByteUnsafe.read(AbstractNioByteChannel.java:151)
	at io.netty.channel.nio.NioEventLoop.processSelectedKey(NioEventLoop.java:722)
	at io.netty.channel.nio.NioEventLoop.processSelectedKeysOptimized(NioEventLoop.java:658)
	at io.netty.channel.nio.NioEventLoop.processSelectedKeys(NioEventLoop.java:584)
	at io.netty.channel.nio.NioEventLoop.run(NioEventLoop.java:496)
	at io.netty.util.concurrent.SingleThreadEventExecutor$4.run(SingleThreadEventExecutor.java:986)
	at io.netty.util.internal.ThreadExecutorMap$2.run(ThreadExecutorMap.java:74)
	at io.netty.util.concurrent.FastThreadLocalRunnable.run(FastThreadLocalRunnable.java:30)
	at java.base/java.lang.Thread.run(Thread.java:830)
20:25:18.600 [AsyncHttpClient-1-6] DEBUG org.asynchttpclient.netty.channel.ChannelManager - Closing Channel [id: 0xe189679b, L:/127.0.0.1:63168 - R:localhost/127.0.0.1:54767] 
20:25:18.600 [AsyncHttpClient-1-6] DEBUG org.asynchttpclient.netty.handler.HttpHandler - Channel Closed: [id: 0xe189679b, L:/127.0.0.1:63168 ! R:localhost/127.0.0.1:54767] with attribute DISCARD
]]></system-out>
    <system-err><![CDATA[Starting ChromeDriver 105.0.5195.52 (412c95e518836d8a7d97250d62b29c2ae6a26a85-refs/branch-heads/5195@{#853}) on port 54767
Only local connections are allowed.
Please see https://chromedriver.chromium.org/security-considerations for suggestions on keeping ChromeDriver safe.
ChromeDriver was started successfully.
[1666790710.103][WARNING]: This version of ChromeDriver has not been tested with Chrome version 106.
Okt 26, 2022 8:25:10 PM org.openqa.selenium.remote.ProtocolHandshake createSession
INFO: Detected dialect: W3C
Okt 26, 2022 8:25:10 PM org.openqa.selenium.devtools.CdpVersionFinder findNearestMatch
WARNING: Unable to find an exact match for CDP version 106, so returning the closest version found: a no-op implementation
Okt 26, 2022 8:25:10 PM org.openqa.selenium.devtools.CdpVersionFinder findNearestMatch
INFO: Unable to find CDP implementation matching 106.
Okt 26, 2022 8:25:10 PM org.openqa.selenium.chromium.ChromiumDriver lambda$new$3
WARNING: Unable to find version of CDP to use for . You may need to include a dependency on a specific version of the CDP using something similar to `org.seleniumhq.selenium:selenium-devtools-v86:4.1.2` where the version ("v86") matches the version of the chromium-based browser you're using and the version number of the artifact is the same as Selenium's.
]]></system-err>
  </testcase>
</testsuite>