<?xml version="1.0" encoding="UTF-8"?>
<testsuite xmlns:xsi="http://www.w3.org/2001/XMLSchema-instance" xsi:noNamespaceSchemaLocation="https://maven.apache.org/surefire/maven-failsafe-plugin/xsd/failsafe-test-report-3.0.xsd" version="3.0" name="CucumberTestSuite" time="102.795" tests="13" errors="5" skipped="0" failures="0">
  <properties>
    <property name="java.specification.version" value="13"/>
    <property name="webdriver.chrome.driver" value="C:\Users\alwi\IdeaProjects\AltaShop\src\test\resources\webdriver\chromedriver.exe"/>
    <property name="sun.cpu.isalist" value="amd64"/>
    <property name="sun.jnu.encoding" value="Cp1252"/>
    <property name="java.class.path" value="C:\Users\alwi\IdeaProjects\AltaShop\target\test-classes;C:\Users\alwi\.m2\repository\net\serenity-bdd\serenity-core\3.2.1\serenity-core-3.2.1.jar;C:\Users\alwi\.m2\repository\net\serenity-bdd\serenity-model\3.2.1\serenity-model-3.2.1.jar;C:\Users\alwi\.m2\repository\org\apache\commons\commons-text\1.9\commons-text-1.9.jar;C:\Users\alwi\.m2\repository\commons-net\commons-net\3.8.0\commons-net-3.8.0.jar;C:\Users\alwi\.m2\repository\com\google\guava\guava\31.1-jre\guava-31.1-jre.jar;C:\Users\alwi\.m2\repository\com\google\guava\failureaccess\1.0.1\failureaccess-1.0.1.jar;C:\Users\alwi\.m2\repository\com\google\guava\listenablefuture\9999.0-empty-to-avoid-conflict-with-guava\listenablefuture-9999.0-empty-to-avoid-conflict-with-guava.jar;C:\Users\alwi\.m2\repository\com\google\code\findbugs\jsr305\3.0.2\jsr305-3.0.2.jar;C:\Users\alwi\.m2\repository\org\checkerframework\checker-qual\3.12.0\checker-qual-3.12.0.jar;C:\Users\alwi\.m2\repository\com\google\errorprone\error_prone_annotations\2.11.0\error_prone_annotations-2.11.0.jar;C:\Users\alwi\.m2\repository\com\google\j2objc\j2objc-annotations\1.3\j2objc-annotations-1.3.jar;C:\Users\alwi\.m2\repository\com\google\inject\guice\5.1.0\guice-5.1.0.jar;C:\Users\alwi\.m2\repository\javax\inject\javax.inject\1\javax.inject-1.jar;C:\Users\alwi\.m2\repository\aopalliance\aopalliance\1.0\aopalliance-1.0.jar;C:\Users\alwi\.m2\repository\org\jsoup\jsoup\1.14.3\jsoup-1.14.3.jar;C:\Users\alwi\.m2\repository\com\thoughtworks\xstream\xstream\1.4.19\xstream-1.4.19.jar;C:\Users\alwi\.m2\repository\io\github\x-stream\mxparser\1.2.2\mxparser-1.2.2.jar;C:\Users\alwi\.m2\repository\xmlpull\xmlpull\1.1.3.1\xmlpull-1.1.3.1.jar;C:\Users\alwi\.m2\repository\io\cucumber\cucumber-java\7.2.3\cucumber-java-7.2.3.jar;C:\Users\alwi\.m2\repository\com\typesafe\config\1.4.2\config-1.4.2.jar;C:\Users\alwi\.m2\repository\org\imgscalr\imgscalr-lib\4.2\imgscalr-lib-4.2.jar;C:\Users\alwi\.m2\repository\org\awaitility\awaitility\4.2.0\awaitility-4.2.0.jar;C:\Users\alwi\.m2\repository\org\freemarker\freemarker\2.3.31\freemarker-2.3.31.jar;C:\Users\alwi\.m2\repository\io\github\classgraph\classgraph\4.8.138\classgraph-4.8.138.jar;C:\Users\alwi\.m2\repository\net\sourceforge\jexcelapi\jxl\2.6.12\jxl-2.6.12.jar;C:\Users\alwi\.m2\repository\net\bytebuddy\byte-buddy\1.12.8\byte-buddy-1.12.8.jar;C:\Users\alwi\.m2\repository\net\bytebuddy\byte-buddy-agent\1.12.8\byte-buddy-agent-1.12.8.jar;C:\Users\alwi\.m2\repository\org\objenesis\objenesis\3.1\objenesis-3.1.jar;C:\Users\alwi\.m2\repository\net\serenity-bdd\serenity-reports\3.2.1\serenity-reports-3.2.1.jar;C:\Users\alwi\.m2\repository\net\serenity-bdd\serenity-stats\3.2.1\serenity-stats-3.2.1.jar;C:\Users\alwi\.m2\repository\net\serenity-bdd\serenity-reports-configuration\3.2.1\serenity-reports-configuration-3.2.1.jar;C:\Users\alwi\.m2\repository\com\vladsch\flexmark\flexmark-all\0.34.30\flexmark-all-0.34.30.jar;C:\Users\alwi\.m2\repository\com\vladsch\flexmark\flexmark\0.34.30\flexmark-0.34.30.jar;C:\Users\alwi\.m2\repository\com\vladsch\flexmark\flexmark-ext-abbreviation\0.34.30\flexmark-ext-abbreviation-0.34.30.jar;C:\Users\alwi\.m2\repository\com\vladsch\flexmark\flexmark-ext-admonition\0.34.30\flexmark-ext-admonition-0.34.30.jar;C:\Users\alwi\.m2\repository\com\vladsch\flexmark\flexmark-ext-anchorlink\0.34.30\flexmark-ext-anchorlink-0.34.30.jar;C:\Users\alwi\.m2\repository\com\vladsch\flexmark\flexmark-ext-aside\0.34.30\flexmark-ext-aside-0.34.30.jar;C:\Users\alwi\.m2\repository\com\vladsch\flexmark\flexmark-ext-attributes\0.34.30\flexmark-ext-attributes-0.34.30.jar;C:\Users\alwi\.m2\repository\com\vladsch\flexmark\flexmark-ext-autolink\0.34.30\flexmark-ext-autolink-0.34.30.jar;C:\Users\alwi\.m2\repository\org\nibor\autolink\autolink\0.6.0\autolink-0.6.0.jar;C:\Users\alwi\.m2\repository\com\vladsch\flexmark\flexmark-ext-definition\0.34.30\flexmark-ext-definition-0.34.30.jar;C:\Users\alwi\.m2\repository\com\vladsch\flexmark\flexmark-ext-emoji\0.34.30\flexmark-ext-emoji-0.34.30.jar;C:\Users\alwi\.m2\repository\com\vladsch\flexmark\flexmark-ext-enumerated-reference\0.34.30\flexmark-ext-enumerated-reference-0.34.30.jar;C:\Users\alwi\.m2\repository\com\vladsch\flexmark\flexmark-ext-escaped-character\0.34.30\flexmark-ext-escaped-character-0.34.30.jar;C:\Users\alwi\.m2\repository\com\vladsch\flexmark\flexmark-ext-footnotes\0.34.30\flexmark-ext-footnotes-0.34.30.jar;C:\Users\alwi\.m2\repository\com\vladsch\flexmark\flexmark-ext-gfm-issues\0.34.30\flexmark-ext-gfm-issues-0.34.30.jar;C:\Users\alwi\.m2\repository\com\vladsch\flexmark\flexmark-ext-gfm-strikethrough\0.34.30\flexmark-ext-gfm-strikethrough-0.34.30.jar;C:\Users\alwi\.m2\repository\com\vladsch\flexmark\flexmark-ext-gfm-tables\0.34.30\flexmark-ext-gfm-tables-0.34.30.jar;C:\Users\alwi\.m2\repository\com\vladsch\flexmark\flexmark-ext-gfm-tasklist\0.34.30\flexmark-ext-gfm-tasklist-0.34.30.jar;C:\Users\alwi\.m2\repository\com\vladsch\flexmark\flexmark-ext-gfm-users\0.34.30\flexmark-ext-gfm-users-0.34.30.jar;C:\Users\alwi\.m2\repository\com\vladsch\flexmark\flexmark-ext-gitlab\0.34.30\flexmark-ext-gitlab-0.34.30.jar;C:\Users\alwi\.m2\repository\com\vladsch\flexmark\flexmark-ext-jekyll-front-matter\0.34.30\flexmark-ext-jekyll-front-matter-0.34.30.jar;C:\Users\alwi\.m2\repository\com\vladsch\flexmark\flexmark-ext-jekyll-tag\0.34.30\flexmark-ext-jekyll-tag-0.34.30.jar;C:\Users\alwi\.m2\repository\com\vladsch\flexmark\flexmark-ext-media-tags\0.34.30\flexmark-ext-media-tags-0.34.30.jar;C:\Users\alwi\.m2\repository\com\vladsch\flexmark\flexmark-test-util\0.34.30\flexmark-test-util-0.34.30.jar;C:\Users\alwi\.m2\repository\com\vladsch\flexmark\flexmark-ext-ins\0.34.30\flexmark-ext-ins-0.34.30.jar;C:\Users\alwi\.m2\repository\com\vladsch\flexmark\flexmark-ext-xwiki-macros\0.34.30\flexmark-ext-xwiki-macros-0.34.30.jar;C:\Users\alwi\.m2\repository\com\vladsch\flexmark\flexmark-ext-superscript\0.34.30\flexmark-ext-superscript-0.34.30.jar;C:\Users\alwi\.m2\repository\com\vladsch\flexmark\flexmark-ext-tables\0.34.30\flexmark-ext-tables-0.34.30.jar;C:\Users\alwi\.m2\repository\com\vladsch\flexmark\flexmark-ext-toc\0.34.30\flexmark-ext-toc-0.34.30.jar;C:\Users\alwi\.m2\repository\com\vladsch\flexmark\flexmark-ext-typographic\0.34.30\flexmark-ext-typographic-0.34.30.jar;C:\Users\alwi\.m2\repository\com\vladsch\flexmark\flexmark-ext-wikilink\0.34.30\flexmark-ext-wikilink-0.34.30.jar;C:\Users\alwi\.m2\repository\com\vladsch\flexmark\flexmark-ext-yaml-front-matter\0.34.30\flexmark-ext-yaml-front-matter-0.34.30.jar;C:\Users\alwi\.m2\repository\com\vladsch\flexmark\flexmark-ext-youtube-embedded\0.34.30\flexmark-ext-youtube-embedded-0.34.30.jar;C:\Users\alwi\.m2\repository\com\vladsch\flexmark\flexmark-formatter\0.34.30\flexmark-formatter-0.34.30.jar;C:\Users\alwi\.m2\repository\com\vladsch\flexmark\flexmark-html-parser\0.34.30\flexmark-html-parser-0.34.30.jar;C:\Users\alwi\.m2\repository\com\vladsch\flexmark\flexmark-jira-converter\0.34.30\flexmark-jira-converter-0.34.30.jar;C:\Users\alwi\.m2\repository\com\vladsch\flexmark\flexmark-pdf-converter\0.34.30\flexmark-pdf-converter-0.34.30.jar;C:\Users\alwi\.m2\repository\com\openhtmltopdf\openhtmltopdf-core\0.0.1-RC13\openhtmltopdf-core-0.0.1-RC13.jar;C:\Users\alwi\.m2\repository\com\openhtmltopdf\openhtmltopdf-pdfbox\0.0.1-RC13\openhtmltopdf-pdfbox-0.0.1-RC13.jar;C:\Users\alwi\.m2\repository\org\apache\pdfbox\pdfbox\2.0.8\pdfbox-2.0.8.jar;C:\Users\alwi\.m2\repository\org\apache\pdfbox\fontbox\2.0.8\fontbox-2.0.8.jar;C:\Users\alwi\.m2\repository\commons-logging\commons-logging\1.2\commons-logging-1.2.jar;C:\Users\alwi\.m2\repository\org\apache\pdfbox\xmpbox\2.0.8\xmpbox-2.0.8.jar;C:\Users\alwi\.m2\repository\de\rototor\pdfbox\graphics2d\0.12\graphics2d-0.12.jar;C:\Users\alwi\.m2\repository\com\openhtmltopdf\openhtmltopdf-rtl-support\0.0.1-RC13\openhtmltopdf-rtl-support-0.0.1-RC13.jar;C:\Users\alwi\.m2\repository\com\ibm\icu\icu4j\59.1\icu4j-59.1.jar;C:\Users\alwi\.m2\repository\com\openhtmltopdf\openhtmltopdf-jsoup-dom-converter\0.0.1-RC13\openhtmltopdf-jsoup-dom-converter-0.0.1-RC13.jar;C:\Users\alwi\.m2\repository\com\vladsch\flexmark\flexmark-profile-pegdown\0.34.30\flexmark-profile-pegdown-0.34.30.jar;C:\Users\alwi\.m2\repository\com\vladsch\flexmark\flexmark-util\0.34.30\flexmark-util-0.34.30.jar;C:\Users\alwi\.m2\repository\com\vladsch\flexmark\flexmark-youtrack-converter\0.34.30\flexmark-youtrack-converter-0.34.30.jar;C:\Users\alwi\.m2\repository\es\nitaur\markdown\txtmark\0.16\txtmark-0.16.jar;C:\Users\alwi\.m2\repository\net\serenity-bdd\serenity-report-resources\3.2.1\serenity-report-resources-3.2.1.jar;C:\Users\alwi\.m2\repository\com\google\code\gson\gson\2.9.0\gson-2.9.0.jar;C:\Users\alwi\.m2\repository\com\fasterxml\jackson\core\jackson-core\2.13.2\jackson-core-2.13.2.jar;C:\Users\alwi\.m2\repository\com\fasterxml\jackson\core\jackson-databind\2.13.2\jackson-databind-2.13.2.jar;C:\Users\alwi\.m2\repository\com\fasterxml\jackson\core\jackson-annotations\2.13.2\jackson-annotations-2.13.2.jar;C:\Users\alwi\.m2\repository\commons-codec\commons-codec\1.15\commons-codec-1.15.jar;C:\Users\alwi\.m2\repository\commons-io\commons-io\2.11.0\commons-io-2.11.0.jar;C:\Users\alwi\.m2\repository\org\seleniumhq\selenium\selenium-java\4.1.2\selenium-java-4.1.2.jar;C:\Users\alwi\.m2\repository\org\seleniumhq\selenium\selenium-devtools-v85\4.1.2\selenium-devtools-v85-4.1.2.jar;C:\Users\alwi\.m2\repository\org\seleniumhq\selenium\selenium-devtools-v95\4.1.2\selenium-devtools-v95-4.1.2.jar;C:\Users\alwi\.m2\repository\org\seleniumhq\selenium\selenium-devtools-v96\4.1.2\selenium-devtools-v96-4.1.2.jar;C:\Users\alwi\.m2\repository\org\seleniumhq\selenium\selenium-devtools-v97\4.1.2\selenium-devtools-v97-4.1.2.jar;C:\Users\alwi\.m2\repository\org\seleniumhq\selenium\selenium-firefox-xpi-driver\4.1.2\selenium-firefox-xpi-driver-4.1.2.jar;C:\Users\alwi\.m2\repository\org\seleniumhq\selenium\selenium-opera-driver\4.1.2\selenium-opera-driver-4.1.2.jar;C:\Users\alwi\.m2\repository\org\seleniumhq\selenium\selenium-remote-driver\4.1.2\selenium-remote-driver-4.1.2.jar;C:\Users\alwi\.m2\repository\com\beust\jcommander\1.82\jcommander-1.82.jar;C:\Users\alwi\.m2\repository\io\netty\netty-buffer\4.1.73.Final\netty-buffer-4.1.73.Final.jar;C:\Users\alwi\.m2\repository\io\netty\netty-codec-http\4.1.73.Final\netty-codec-http-4.1.73.Final.jar;C:\Users\alwi\.m2\repository\io\netty\netty-codec\4.1.73.Final\netty-codec-4.1.73.Final.jar;C:\Users\alwi\.m2\repository\io\netty\netty-handler\4.1.73.Final\netty-handler-4.1.73.Final.jar;C:\Users\alwi\.m2\repository\io\netty\netty-tcnative-classes\2.0.46.Final\netty-tcnative-classes-2.0.46.Final.jar;C:\Users\alwi\.m2\repository\io\netty\netty-common\4.1.73.Final\netty-common-4.1.73.Final.jar;C:\Users\alwi\.m2\repository\io\netty\netty-transport-classes-epoll\4.1.73.Final\netty-transport-classes-epoll-4.1.73.Final.jar;C:\Users\alwi\.m2\repository\io\netty\netty-transport-classes-kqueue\4.1.73.Final\netty-transport-classes-kqueue-4.1.73.Final.jar;C:\Users\alwi\.m2\repository\io\netty\netty-transport-native-epoll\4.1.73.Final\netty-transport-native-epoll-4.1.73.Final.jar;C:\Users\alwi\.m2\repository\io\netty\netty-transport-native-kqueue\4.1.73.Final\netty-transport-native-kqueue-4.1.73.Final.jar;C:\Users\alwi\.m2\repository\io\netty\netty-transport-native-unix-common\4.1.73.Final\netty-transport-native-unix-common-4.1.73.Final.jar;C:\Users\alwi\.m2\repository\io\netty\netty-transport\4.1.73.Final\netty-transport-4.1.73.Final.jar;C:\Users\alwi\.m2\repository\io\netty\netty-resolver\4.1.73.Final\netty-resolver-4.1.73.Final.jar;C:\Users\alwi\.m2\repository\io\opentelemetry\opentelemetry-api\1.10.1\opentelemetry-api-1.10.1.jar;C:\Users\alwi\.m2\repository\io\opentelemetry\opentelemetry-context\1.10.1\opentelemetry-context-1.10.1.jar;C:\Users\alwi\.m2\repository\io\opentelemetry\opentelemetry-exporter-logging\1.10.1\opentelemetry-exporter-logging-1.10.1.jar;C:\Users\alwi\.m2\repository\io\opentelemetry\opentelemetry-sdk-metrics\1.10.1-alpha\opentelemetry-sdk-metrics-1.10.1-alpha.jar;C:\Users\alwi\.m2\repository\io\opentelemetry\opentelemetry-sdk-logs\1.10.1-alpha\opentelemetry-sdk-logs-1.10.1-alpha.jar;C:\Users\alwi\.m2\repository\io\opentelemetry\opentelemetry-sdk-common\1.10.1\opentelemetry-sdk-common-1.10.1.jar;C:\Users\alwi\.m2\repository\io\opentelemetry\opentelemetry-sdk-extension-autoconfigure-spi\1.10.1\opentelemetry-sdk-extension-autoconfigure-spi-1.10.1.jar;C:\Users\alwi\.m2\repository\io\opentelemetry\opentelemetry-sdk-extension-autoconfigure\1.10.1-alpha\opentelemetry-sdk-extension-autoconfigure-1.10.1-alpha.jar;C:\Users\alwi\.m2\repository\io\opentelemetry\opentelemetry-sdk-trace\1.10.1\opentelemetry-sdk-trace-1.10.1.jar;C:\Users\alwi\.m2\repository\io\opentelemetry\opentelemetry-sdk\1.10.1\opentelemetry-sdk-1.10.1.jar;C:\Users\alwi\.m2\repository\io\opentelemetry\opentelemetry-semconv\1.10.1-alpha\opentelemetry-semconv-1.10.1-alpha.jar;C:\Users\alwi\.m2\repository\io\ous\jtoml\2.0.0\jtoml-2.0.0.jar;C:\Users\alwi\.m2\repository\org\apache\commons\commons-exec\1.3\commons-exec-1.3.jar;C:\Users\alwi\.m2\repository\org\asynchttpclient\async-http-client\2.12.3\async-http-client-2.12.3.jar;C:\Users\alwi\.m2\repository\org\asynchttpclient\async-http-client-netty-utils\2.12.3\async-http-client-netty-utils-2.12.3.jar;C:\Users\alwi\.m2\repository\io\netty\netty-codec-socks\4.1.60.Final\netty-codec-socks-4.1.60.Final.jar;C:\Users\alwi\.m2\repository\io\netty\netty-handler-proxy\4.1.60.Final\netty-handler-proxy-4.1.60.Final.jar;C:\Users\alwi\.m2\repository\io\netty\netty-transport-native-epoll\4.1.60.Final\netty-transport-native-epoll-4.1.60.Final-linux-x86_64.jar;C:\Users\alwi\.m2\repository\io\netty\netty-transport-native-kqueue\4.1.60.Final\netty-transport-native-kqueue-4.1.60.Final-osx-x86_64.jar;C:\Users\alwi\.m2\repository\org\reactivestreams\reactive-streams\1.0.3\reactive-streams-1.0.3.jar;C:\Users\alwi\.m2\repository\com\typesafe\netty\netty-reactive-streams\2.0.4\netty-reactive-streams-2.0.4.jar;C:\Users\alwi\.m2\repository\org\seleniumhq\selenium\selenium-http\4.1.2\selenium-http-4.1.2.jar;C:\Users\alwi\.m2\repository\net\jodah\failsafe\2.4.4\failsafe-2.4.4.jar;C:\Users\alwi\.m2\repository\org\seleniumhq\selenium\selenium-safari-driver\4.1.2\selenium-safari-driver-4.1.2.jar;C:\Users\alwi\.m2\repository\org\seleniumhq\selenium\selenium-api\4.1.2\selenium-api-4.1.2.jar;C:\Users\alwi\.m2\repository\org\seleniumhq\selenium\selenium-support\4.1.2\selenium-support-4.1.2.jar;C:\Users\alwi\.m2\repository\com\google\auto\service\auto-service-annotations\1.0.1\auto-service-annotations-1.0.1.jar;C:\Users\alwi\.m2\repository\com\google\auto\service\auto-service\1.0.1\auto-service-1.0.1.jar;C:\Users\alwi\.m2\repository\com\google\auto\auto-common\1.2\auto-common-1.2.jar;C:\Users\alwi\.m2\repository\org\seleniumhq\selenium\selenium-json\4.1.2\selenium-json-4.1.2.jar;C:\Users\alwi\.m2\repository\org\seleniumhq\selenium\selenium-chrome-driver\4.1.2\selenium-chrome-driver-4.1.2.jar;C:\Users\alwi\.m2\repository\org\seleniumhq\selenium\selenium-chromium-driver\4.1.2\selenium-chromium-driver-4.1.2.jar;C:\Users\alwi\.m2\repository\org\seleniumhq\selenium\selenium-firefox-driver\4.1.2\selenium-firefox-driver-4.1.2.jar;C:\Users\alwi\.m2\repository\org\seleniumhq\selenium\selenium-edge-driver\4.1.2\selenium-edge-driver-4.1.2.jar;C:\Users\alwi\.m2\repository\org\seleniumhq\selenium\selenium-ie-driver\4.1.2\selenium-ie-driver-4.1.2.jar;C:\Users\alwi\.m2\repository\org\projectlombok\lombok\1.18.20\lombok-1.18.20.jar;C:\Users\alwi\.m2\repository\io\appium\java-client\8.0.0\java-client-8.0.0.jar;C:\Users\alwi\.m2\repository\commons-validator\commons-validator\1.7\commons-validator-1.7.jar;C:\Users\alwi\.m2\repository\commons-digester\commons-digester\2.1\commons-digester-2.1.jar;C:\Users\alwi\.m2\repository\org\aspectj\aspectjweaver\1.9.8\aspectjweaver-1.9.8.jar;C:\Users\alwi\.m2\repository\org\codehaus\groovy\groovy\3.0.10\groovy-3.0.10.jar;C:\Users\alwi\.m2\repository\net\sf\opencsv\opencsv\2.0\opencsv-2.0.jar;C:\Users\alwi\.m2\repository\commons-beanutils\commons-beanutils\1.9.4\commons-beanutils-1.9.4.jar;C:\Users\alwi\.m2\repository\org\apache\commons\commons-lang3\3.12.0\commons-lang3-3.12.0.jar;C:\Users\alwi\.m2\repository\commons-collections\commons-collections\3.2.2\commons-collections-3.2.2.jar;C:\Users\alwi\.m2\repository\org\fluentlenium\fluentlenium-core\0.10.2\fluentlenium-core-0.10.2.jar;C:\Users\alwi\.m2\repository\io\github\bonigarcia\webdrivermanager\5.1.0\webdrivermanager-5.1.0.jar;C:\Users\alwi\.m2\repository\com\github\docker-java\docker-java\3.2.13\docker-java-3.2.13.jar;C:\Users\alwi\.m2\repository\com\github\docker-java\docker-java-core\3.2.13\docker-java-core-3.2.13.jar;C:\Users\alwi\.m2\repository\com\github\docker-java\docker-java-api\3.2.13\docker-java-api-3.2.13.jar;C:\Users\alwi\.m2\repository\org\apache\commons\commons-compress\1.21\commons-compress-1.21.jar;C:\Users\alwi\.m2\repository\org\bouncycastle\bcpkix-jdk15on\1.64\bcpkix-jdk15on-1.64.jar;C:\Users\alwi\.m2\repository\org\bouncycastle\bcprov-jdk15on\1.64\bcprov-jdk15on-1.64.jar;C:\Users\alwi\.m2\repository\org\slf4j\jcl-over-slf4j\1.7.30\jcl-over-slf4j-1.7.30.jar;C:\Users\alwi\.m2\repository\com\github\docker-java\docker-java-transport-httpclient5\3.2.13\docker-java-transport-httpclient5-3.2.13.jar;C:\Users\alwi\.m2\repository\com\github\docker-java\docker-java-transport\3.2.13\docker-java-transport-3.2.13.jar;C:\Users\alwi\.m2\repository\org\apache\httpcomponents\client5\httpclient5\5.0.3\httpclient5-5.0.3.jar;C:\Users\alwi\.m2\repository\org\apache\httpcomponents\core5\httpcore5\5.0.2\httpcore5-5.0.2.jar;C:\Users\alwi\.m2\repository\net\java\dev\jna\jna\5.8.0\jna-5.8.0.jar;C:\Users\alwi\.m2\repository\org\brotli\dec\0.1.2\dec-0.1.2.jar;C:\Users\alwi\.m2\repository\com\jhlabs\filters\2.0.235\filters-2.0.235.jar;C:\Users\alwi\.m2\repository\com\paulhammant\ngwebdriver\1.1.6\ngwebdriver-1.1.6.jar;C:\Users\alwi\.m2\repository\joda-time\joda-time\2.8.2\joda-time-2.8.2.jar;C:\Users\alwi\.m2\repository\org\hamcrest\hamcrest\2.2\hamcrest-2.2.jar;C:\Users\alwi\.m2\repository\com\google\jimfs\jimfs\1.2\jimfs-1.2.jar;C:\Users\alwi\.m2\repository\org\mockito\mockito-core\3.3.3\mockito-core-3.3.3.jar;C:\Users\alwi\.m2\repository\javax\xml\bind\jaxb-api\2.3.1\jaxb-api-2.3.1.jar;C:\Users\alwi\.m2\repository\javax\activation\javax.activation-api\1.2.0\javax.activation-api-1.2.0.jar;C:\Users\alwi\.m2\repository\com\sun\xml\bind\jaxb-core\2.3.0.1\jaxb-core-2.3.0.1.jar;C:\Users\alwi\.m2\repository\com\sun\xml\bind\jaxb-impl\2.3.3\jaxb-impl-2.3.3.jar;C:\Users\alwi\.m2\repository\jakarta\xml\bind\jakarta.xml.bind-api\2.3.3\jakarta.xml.bind-api-2.3.3.jar;C:\Users\alwi\.m2\repository\com\sun\activation\jakarta.activation\1.2.2\jakarta.activation-1.2.2.jar;C:\Users\alwi\.m2\repository\javax\activation\activation\1.1.1\activation-1.1.1.jar;C:\Users\alwi\.m2\repository\net\serenity-bdd\serenity-cucumber\3.2.1\serenity-cucumber-3.2.1.jar;C:\Users\alwi\.m2\repository\io\cucumber\cucumber-core\7.2.3\cucumber-core-7.2.3.jar;C:\Users\alwi\.m2\repository\io\cucumber\cucumber-gherkin\7.2.3\cucumber-gherkin-7.2.3.jar;C:\Users\alwi\.m2\repository\io\cucumber\cucumber-gherkin-messages\7.2.3\cucumber-gherkin-messages-7.2.3.jar;C:\Users\alwi\.m2\repository\io\cucumber\messages\17.1.1\messages-17.1.1.jar;C:\Users\alwi\.m2\repository\io\cucumber\tag-expressions\4.1.0\tag-expressions-4.1.0.jar;C:\Users\alwi\.m2\repository\io\cucumber\cucumber-expressions\15.0.1\cucumber-expressions-15.0.1.jar;C:\Users\alwi\.m2\repository\io\cucumber\datatable\7.2.3\datatable-7.2.3.jar;C:\Users\alwi\.m2\repository\io\cucumber\cucumber-plugin\7.2.3\cucumber-plugin-7.2.3.jar;C:\Users\alwi\.m2\repository\io\cucumber\docstring\7.2.3\docstring-7.2.3.jar;C:\Users\alwi\.m2\repository\io\cucumber\html-formatter\17.0.0\html-formatter-17.0.0.jar;C:\Users\alwi\.m2\repository\io\cucumber\ci-environment\8.1.0\ci-environment-8.1.0.jar;C:\Users\alwi\.m2\repository\io\cucumber\cucumber-junit\7.2.3\cucumber-junit-7.2.3.jar;C:\Users\alwi\.m2\repository\org\apache\commons\commons-csv\1.5\commons-csv-1.5.jar;C:\Users\alwi\.m2\repository\net\serenity-bdd\serenity-screenplay\3.2.1\serenity-screenplay-3.2.1.jar;C:\Users\alwi\.m2\repository\net\serenity-bdd\serenity-screenplay-webdriver\3.2.1\serenity-screenplay-webdriver-3.2.1.jar;C:\Users\alwi\.m2\repository\net\serenity-bdd\serenity-ensure\3.2.1\serenity-ensure-3.2.1.jar;C:\Users\alwi\.m2\repository\net\serenity-bdd\serenity-junit\3.2.1\serenity-junit-3.2.1.jar;C:\Users\alwi\.m2\repository\org\jetbrains\kotlin\kotlin-stdlib\1.6.0\kotlin-stdlib-1.6.0.jar;C:\Users\alwi\.m2\repository\org\jetbrains\annotations\13.0\annotations-13.0.jar;C:\Users\alwi\.m2\repository\org\jetbrains\kotlin\kotlin-stdlib-common\1.6.0\kotlin-stdlib-common-1.6.0.jar;C:\Users\alwi\.m2\repository\org\junit\platform\junit-platform-launcher\1.8.1\junit-platform-launcher-1.8.1.jar;C:\Users\alwi\.m2\repository\org\junit\platform\junit-platform-engine\1.8.1\junit-platform-engine-1.8.1.jar;C:\Users\alwi\.m2\repository\org\opentest4j\opentest4j\1.2.0\opentest4j-1.2.0.jar;C:\Users\alwi\.m2\repository\org\junit\platform\junit-platform-commons\1.8.1\junit-platform-commons-1.8.1.jar;C:\Users\alwi\.m2\repository\org\apiguardian\apiguardian-api\1.1.2\apiguardian-api-1.1.2.jar;C:\Users\alwi\.m2\repository\org\junit\jupiter\junit-jupiter-engine\5.8.2\junit-jupiter-engine-5.8.2.jar;C:\Users\alwi\.m2\repository\org\junit\jupiter\junit-jupiter-api\5.8.2\junit-jupiter-api-5.8.2.jar;C:\Users\alwi\.m2\repository\org\junit\vintage\junit-vintage-engine\5.8.2\junit-vintage-engine-5.8.2.jar;C:\Users\alwi\.m2\repository\junit\junit\4.13.2\junit-4.13.2.jar;C:\Users\alwi\.m2\repository\org\hamcrest\hamcrest-core\1.3\hamcrest-core-1.3.jar;C:\Users\alwi\.m2\repository\ch\qos\logback\logback-classic\1.2.10\logback-classic-1.2.10.jar;C:\Users\alwi\.m2\repository\ch\qos\logback\logback-core\1.2.10\logback-core-1.2.10.jar;C:\Users\alwi\.m2\repository\org\slf4j\slf4j-api\1.7.32\slf4j-api-1.7.32.jar;C:\Users\alwi\.m2\repository\org\assertj\assertj-core\3.6.2\assertj-core-3.6.2.jar;"/>
    <property name="java.vm.vendor" value="Oracle Corporation"/>
    <property name="sun.arch.data.model" value="64"/>
    <property name="user.variant" value=""/>
    <property name="java.vendor.url" value="https://java.oracle.com/"/>
    <property name="user.timezone" value="Asia/Jakarta"/>
    <property name="log4j2.formatMsgNoLookups" value="true"/>
    <property name="user.country.format" value="ID"/>
    <property name="os.name" value="Windows 10"/>
    <property name="java.vm.specification.version" value="13"/>
    <property name="sun.java.launcher" value="SUN_STANDARD"/>
    <property name="user.country" value="US"/>
    <property name="sun.boot.library.path" value="C:\Program Files\Java\jdk-13.0.2\bin"/>
    <property name="sun.java.command" value="org.apache.maven.surefire.booter.ForkedBooter C:\Users\alwi\AppData\Local\Temp\surefire898588989425691226 2022-10-26T04-06-04_850-jvmRun1 surefire12859513399300744658tmp surefire_013013219453884856437tmp"/>
    <property name="jdk.debug" value="release"/>
    <property name="surefire.test.class.path" value="C:\Users\alwi\IdeaProjects\AltaShop\target\test-classes;C:\Users\alwi\.m2\repository\net\serenity-bdd\serenity-core\3.2.1\serenity-core-3.2.1.jar;C:\Users\alwi\.m2\repository\net\serenity-bdd\serenity-model\3.2.1\serenity-model-3.2.1.jar;C:\Users\alwi\.m2\repository\org\apache\commons\commons-text\1.9\commons-text-1.9.jar;C:\Users\alwi\.m2\repository\commons-net\commons-net\3.8.0\commons-net-3.8.0.jar;C:\Users\alwi\.m2\repository\com\google\guava\guava\31.1-jre\guava-31.1-jre.jar;C:\Users\alwi\.m2\repository\com\google\guava\failureaccess\1.0.1\failureaccess-1.0.1.jar;C:\Users\alwi\.m2\repository\com\google\guava\listenablefuture\9999.0-empty-to-avoid-conflict-with-guava\listenablefuture-9999.0-empty-to-avoid-conflict-with-guava.jar;C:\Users\alwi\.m2\repository\com\google\code\findbugs\jsr305\3.0.2\jsr305-3.0.2.jar;C:\Users\alwi\.m2\repository\org\checkerframework\checker-qual\3.12.0\checker-qual-3.12.0.jar;C:\Users\alwi\.m2\repository\com\google\errorprone\error_prone_annotations\2.11.0\error_prone_annotations-2.11.0.jar;C:\Users\alwi\.m2\repository\com\google\j2objc\j2objc-annotations\1.3\j2objc-annotations-1.3.jar;C:\Users\alwi\.m2\repository\com\google\inject\guice\5.1.0\guice-5.1.0.jar;C:\Users\alwi\.m2\repository\javax\inject\javax.inject\1\javax.inject-1.jar;C:\Users\alwi\.m2\repository\aopalliance\aopalliance\1.0\aopalliance-1.0.jar;C:\Users\alwi\.m2\repository\org\jsoup\jsoup\1.14.3\jsoup-1.14.3.jar;C:\Users\alwi\.m2\repository\com\thoughtworks\xstream\xstream\1.4.19\xstream-1.4.19.jar;C:\Users\alwi\.m2\repository\io\github\x-stream\mxparser\1.2.2\mxparser-1.2.2.jar;C:\Users\alwi\.m2\repository\xmlpull\xmlpull\1.1.3.1\xmlpull-1.1.3.1.jar;C:\Users\alwi\.m2\repository\io\cucumber\cucumber-java\7.2.3\cucumber-java-7.2.3.jar;C:\Users\alwi\.m2\repository\com\typesafe\config\1.4.2\config-1.4.2.jar;C:\Users\alwi\.m2\repository\org\imgscalr\imgscalr-lib\4.2\imgscalr-lib-4.2.jar;C:\Users\alwi\.m2\repository\org\awaitility\awaitility\4.2.0\awaitility-4.2.0.jar;C:\Users\alwi\.m2\repository\org\freemarker\freemarker\2.3.31\freemarker-2.3.31.jar;C:\Users\alwi\.m2\repository\io\github\classgraph\classgraph\4.8.138\classgraph-4.8.138.jar;C:\Users\alwi\.m2\repository\net\sourceforge\jexcelapi\jxl\2.6.12\jxl-2.6.12.jar;C:\Users\alwi\.m2\repository\net\bytebuddy\byte-buddy\1.12.8\byte-buddy-1.12.8.jar;C:\Users\alwi\.m2\repository\net\bytebuddy\byte-buddy-agent\1.12.8\byte-buddy-agent-1.12.8.jar;C:\Users\alwi\.m2\repository\org\objenesis\objenesis\3.1\objenesis-3.1.jar;C:\Users\alwi\.m2\repository\net\serenity-bdd\serenity-reports\3.2.1\serenity-reports-3.2.1.jar;C:\Users\alwi\.m2\repository\net\serenity-bdd\serenity-stats\3.2.1\serenity-stats-3.2.1.jar;C:\Users\alwi\.m2\repository\net\serenity-bdd\serenity-reports-configuration\3.2.1\serenity-reports-configuration-3.2.1.jar;C:\Users\alwi\.m2\repository\com\vladsch\flexmark\flexmark-all\0.34.30\flexmark-all-0.34.30.jar;C:\Users\alwi\.m2\repository\com\vladsch\flexmark\flexmark\0.34.30\flexmark-0.34.30.jar;C:\Users\alwi\.m2\repository\com\vladsch\flexmark\flexmark-ext-abbreviation\0.34.30\flexmark-ext-abbreviation-0.34.30.jar;C:\Users\alwi\.m2\repository\com\vladsch\flexmark\flexmark-ext-admonition\0.34.30\flexmark-ext-admonition-0.34.30.jar;C:\Users\alwi\.m2\repository\com\vladsch\flexmark\flexmark-ext-anchorlink\0.34.30\flexmark-ext-anchorlink-0.34.30.jar;C:\Users\alwi\.m2\repository\com\vladsch\flexmark\flexmark-ext-aside\0.34.30\flexmark-ext-aside-0.34.30.jar;C:\Users\alwi\.m2\repository\com\vladsch\flexmark\flexmark-ext-attributes\0.34.30\flexmark-ext-attributes-0.34.30.jar;C:\Users\alwi\.m2\repository\com\vladsch\flexmark\flexmark-ext-autolink\0.34.30\flexmark-ext-autolink-0.34.30.jar;C:\Users\alwi\.m2\repository\org\nibor\autolink\autolink\0.6.0\autolink-0.6.0.jar;C:\Users\alwi\.m2\repository\com\vladsch\flexmark\flexmark-ext-definition\0.34.30\flexmark-ext-definition-0.34.30.jar;C:\Users\alwi\.m2\repository\com\vladsch\flexmark\flexmark-ext-emoji\0.34.30\flexmark-ext-emoji-0.34.30.jar;C:\Users\alwi\.m2\repository\com\vladsch\flexmark\flexmark-ext-enumerated-reference\0.34.30\flexmark-ext-enumerated-reference-0.34.30.jar;C:\Users\alwi\.m2\repository\com\vladsch\flexmark\flexmark-ext-escaped-character\0.34.30\flexmark-ext-escaped-character-0.34.30.jar;C:\Users\alwi\.m2\repository\com\vladsch\flexmark\flexmark-ext-footnotes\0.34.30\flexmark-ext-footnotes-0.34.30.jar;C:\Users\alwi\.m2\repository\com\vladsch\flexmark\flexmark-ext-gfm-issues\0.34.30\flexmark-ext-gfm-issues-0.34.30.jar;C:\Users\alwi\.m2\repository\com\vladsch\flexmark\flexmark-ext-gfm-strikethrough\0.34.30\flexmark-ext-gfm-strikethrough-0.34.30.jar;C:\Users\alwi\.m2\repository\com\vladsch\flexmark\flexmark-ext-gfm-tables\0.34.30\flexmark-ext-gfm-tables-0.34.30.jar;C:\Users\alwi\.m2\repository\com\vladsch\flexmark\flexmark-ext-gfm-tasklist\0.34.30\flexmark-ext-gfm-tasklist-0.34.30.jar;C:\Users\alwi\.m2\repository\com\vladsch\flexmark\flexmark-ext-gfm-users\0.34.30\flexmark-ext-gfm-users-0.34.30.jar;C:\Users\alwi\.m2\repository\com\vladsch\flexmark\flexmark-ext-gitlab\0.34.30\flexmark-ext-gitlab-0.34.30.jar;C:\Users\alwi\.m2\repository\com\vladsch\flexmark\flexmark-ext-jekyll-front-matter\0.34.30\flexmark-ext-jekyll-front-matter-0.34.30.jar;C:\Users\alwi\.m2\repository\com\vladsch\flexmark\flexmark-ext-jekyll-tag\0.34.30\flexmark-ext-jekyll-tag-0.34.30.jar;C:\Users\alwi\.m2\repository\com\vladsch\flexmark\flexmark-ext-media-tags\0.34.30\flexmark-ext-media-tags-0.34.30.jar;C:\Users\alwi\.m2\repository\com\vladsch\flexmark\flexmark-test-util\0.34.30\flexmark-test-util-0.34.30.jar;C:\Users\alwi\.m2\repository\com\vladsch\flexmark\flexmark-ext-ins\0.34.30\flexmark-ext-ins-0.34.30.jar;C:\Users\alwi\.m2\repository\com\vladsch\flexmark\flexmark-ext-xwiki-macros\0.34.30\flexmark-ext-xwiki-macros-0.34.30.jar;C:\Users\alwi\.m2\repository\com\vladsch\flexmark\flexmark-ext-superscript\0.34.30\flexmark-ext-superscript-0.34.30.jar;C:\Users\alwi\.m2\repository\com\vladsch\flexmark\flexmark-ext-tables\0.34.30\flexmark-ext-tables-0.34.30.jar;C:\Users\alwi\.m2\repository\com\vladsch\flexmark\flexmark-ext-toc\0.34.30\flexmark-ext-toc-0.34.30.jar;C:\Users\alwi\.m2\repository\com\vladsch\flexmark\flexmark-ext-typographic\0.34.30\flexmark-ext-typographic-0.34.30.jar;C:\Users\alwi\.m2\repository\com\vladsch\flexmark\flexmark-ext-wikilink\0.34.30\flexmark-ext-wikilink-0.34.30.jar;C:\Users\alwi\.m2\repository\com\vladsch\flexmark\flexmark-ext-yaml-front-matter\0.34.30\flexmark-ext-yaml-front-matter-0.34.30.jar;C:\Users\alwi\.m2\repository\com\vladsch\flexmark\flexmark-ext-youtube-embedded\0.34.30\flexmark-ext-youtube-embedded-0.34.30.jar;C:\Users\alwi\.m2\repository\com\vladsch\flexmark\flexmark-formatter\0.34.30\flexmark-formatter-0.34.30.jar;C:\Users\alwi\.m2\repository\com\vladsch\flexmark\flexmark-html-parser\0.34.30\flexmark-html-parser-0.34.30.jar;C:\Users\alwi\.m2\repository\com\vladsch\flexmark\flexmark-jira-converter\0.34.30\flexmark-jira-converter-0.34.30.jar;C:\Users\alwi\.m2\repository\com\vladsch\flexmark\flexmark-pdf-converter\0.34.30\flexmark-pdf-converter-0.34.30.jar;C:\Users\alwi\.m2\repository\com\openhtmltopdf\openhtmltopdf-core\0.0.1-RC13\openhtmltopdf-core-0.0.1-RC13.jar;C:\Users\alwi\.m2\repository\com\openhtmltopdf\openhtmltopdf-pdfbox\0.0.1-RC13\openhtmltopdf-pdfbox-0.0.1-RC13.jar;C:\Users\alwi\.m2\repository\org\apache\pdfbox\pdfbox\2.0.8\pdfbox-2.0.8.jar;C:\Users\alwi\.m2\repository\org\apache\pdfbox\fontbox\2.0.8\fontbox-2.0.8.jar;C:\Users\alwi\.m2\repository\commons-logging\commons-logging\1.2\commons-logging-1.2.jar;C:\Users\alwi\.m2\repository\org\apache\pdfbox\xmpbox\2.0.8\xmpbox-2.0.8.jar;C:\Users\alwi\.m2\repository\de\rototor\pdfbox\graphics2d\0.12\graphics2d-0.12.jar;C:\Users\alwi\.m2\repository\com\openhtmltopdf\openhtmltopdf-rtl-support\0.0.1-RC13\openhtmltopdf-rtl-support-0.0.1-RC13.jar;C:\Users\alwi\.m2\repository\com\ibm\icu\icu4j\59.1\icu4j-59.1.jar;C:\Users\alwi\.m2\repository\com\openhtmltopdf\openhtmltopdf-jsoup-dom-converter\0.0.1-RC13\openhtmltopdf-jsoup-dom-converter-0.0.1-RC13.jar;C:\Users\alwi\.m2\repository\com\vladsch\flexmark\flexmark-profile-pegdown\0.34.30\flexmark-profile-pegdown-0.34.30.jar;C:\Users\alwi\.m2\repository\com\vladsch\flexmark\flexmark-util\0.34.30\flexmark-util-0.34.30.jar;C:\Users\alwi\.m2\repository\com\vladsch\flexmark\flexmark-youtrack-converter\0.34.30\flexmark-youtrack-converter-0.34.30.jar;C:\Users\alwi\.m2\repository\es\nitaur\markdown\txtmark\0.16\txtmark-0.16.jar;C:\Users\alwi\.m2\repository\net\serenity-bdd\serenity-report-resources\3.2.1\serenity-report-resources-3.2.1.jar;C:\Users\alwi\.m2\repository\com\google\code\gson\gson\2.9.0\gson-2.9.0.jar;C:\Users\alwi\.m2\repository\com\fasterxml\jackson\core\jackson-core\2.13.2\jackson-core-2.13.2.jar;C:\Users\alwi\.m2\repository\com\fasterxml\jackson\core\jackson-databind\2.13.2\jackson-databind-2.13.2.jar;C:\Users\alwi\.m2\repository\com\fasterxml\jackson\core\jackson-annotations\2.13.2\jackson-annotations-2.13.2.jar;C:\Users\alwi\.m2\repository\commons-codec\commons-codec\1.15\commons-codec-1.15.jar;C:\Users\alwi\.m2\repository\commons-io\commons-io\2.11.0\commons-io-2.11.0.jar;C:\Users\alwi\.m2\repository\org\seleniumhq\selenium\selenium-java\4.1.2\selenium-java-4.1.2.jar;C:\Users\alwi\.m2\repository\org\seleniumhq\selenium\selenium-devtools-v85\4.1.2\selenium-devtools-v85-4.1.2.jar;C:\Users\alwi\.m2\repository\org\seleniumhq\selenium\selenium-devtools-v95\4.1.2\selenium-devtools-v95-4.1.2.jar;C:\Users\alwi\.m2\repository\org\seleniumhq\selenium\selenium-devtools-v96\4.1.2\selenium-devtools-v96-4.1.2.jar;C:\Users\alwi\.m2\repository\org\seleniumhq\selenium\selenium-devtools-v97\4.1.2\selenium-devtools-v97-4.1.2.jar;C:\Users\alwi\.m2\repository\org\seleniumhq\selenium\selenium-firefox-xpi-driver\4.1.2\selenium-firefox-xpi-driver-4.1.2.jar;C:\Users\alwi\.m2\repository\org\seleniumhq\selenium\selenium-opera-driver\4.1.2\selenium-opera-driver-4.1.2.jar;C:\Users\alwi\.m2\repository\org\seleniumhq\selenium\selenium-remote-driver\4.1.2\selenium-remote-driver-4.1.2.jar;C:\Users\alwi\.m2\repository\com\beust\jcommander\1.82\jcommander-1.82.jar;C:\Users\alwi\.m2\repository\io\netty\netty-buffer\4.1.73.Final\netty-buffer-4.1.73.Final.jar;C:\Users\alwi\.m2\repository\io\netty\netty-codec-http\4.1.73.Final\netty-codec-http-4.1.73.Final.jar;C:\Users\alwi\.m2\repository\io\netty\netty-codec\4.1.73.Final\netty-codec-4.1.73.Final.jar;C:\Users\alwi\.m2\repository\io\netty\netty-handler\4.1.73.Final\netty-handler-4.1.73.Final.jar;C:\Users\alwi\.m2\repository\io\netty\netty-tcnative-classes\2.0.46.Final\netty-tcnative-classes-2.0.46.Final.jar;C:\Users\alwi\.m2\repository\io\netty\netty-common\4.1.73.Final\netty-common-4.1.73.Final.jar;C:\Users\alwi\.m2\repository\io\netty\netty-transport-classes-epoll\4.1.73.Final\netty-transport-classes-epoll-4.1.73.Final.jar;C:\Users\alwi\.m2\repository\io\netty\netty-transport-classes-kqueue\4.1.73.Final\netty-transport-classes-kqueue-4.1.73.Final.jar;C:\Users\alwi\.m2\repository\io\netty\netty-transport-native-epoll\4.1.73.Final\netty-transport-native-epoll-4.1.73.Final.jar;C:\Users\alwi\.m2\repository\io\netty\netty-transport-native-kqueue\4.1.73.Final\netty-transport-native-kqueue-4.1.73.Final.jar;C:\Users\alwi\.m2\repository\io\netty\netty-transport-native-unix-common\4.1.73.Final\netty-transport-native-unix-common-4.1.73.Final.jar;C:\Users\alwi\.m2\repository\io\netty\netty-transport\4.1.73.Final\netty-transport-4.1.73.Final.jar;C:\Users\alwi\.m2\repository\io\netty\netty-resolver\4.1.73.Final\netty-resolver-4.1.73.Final.jar;C:\Users\alwi\.m2\repository\io\opentelemetry\opentelemetry-api\1.10.1\opentelemetry-api-1.10.1.jar;C:\Users\alwi\.m2\repository\io\opentelemetry\opentelemetry-context\1.10.1\opentelemetry-context-1.10.1.jar;C:\Users\alwi\.m2\repository\io\opentelemetry\opentelemetry-exporter-logging\1.10.1\opentelemetry-exporter-logging-1.10.1.jar;C:\Users\alwi\.m2\repository\io\opentelemetry\opentelemetry-sdk-metrics\1.10.1-alpha\opentelemetry-sdk-metrics-1.10.1-alpha.jar;C:\Users\alwi\.m2\repository\io\opentelemetry\opentelemetry-sdk-logs\1.10.1-alpha\opentelemetry-sdk-logs-1.10.1-alpha.jar;C:\Users\alwi\.m2\repository\io\opentelemetry\opentelemetry-sdk-common\1.10.1\opentelemetry-sdk-common-1.10.1.jar;C:\Users\alwi\.m2\repository\io\opentelemetry\opentelemetry-sdk-extension-autoconfigure-spi\1.10.1\opentelemetry-sdk-extension-autoconfigure-spi-1.10.1.jar;C:\Users\alwi\.m2\repository\io\opentelemetry\opentelemetry-sdk-extension-autoconfigure\1.10.1-alpha\opentelemetry-sdk-extension-autoconfigure-1.10.1-alpha.jar;C:\Users\alwi\.m2\repository\io\opentelemetry\opentelemetry-sdk-trace\1.10.1\opentelemetry-sdk-trace-1.10.1.jar;C:\Users\alwi\.m2\repository\io\opentelemetry\opentelemetry-sdk\1.10.1\opentelemetry-sdk-1.10.1.jar;C:\Users\alwi\.m2\repository\io\opentelemetry\opentelemetry-semconv\1.10.1-alpha\opentelemetry-semconv-1.10.1-alpha.jar;C:\Users\alwi\.m2\repository\io\ous\jtoml\2.0.0\jtoml-2.0.0.jar;C:\Users\alwi\.m2\repository\org\apache\commons\commons-exec\1.3\commons-exec-1.3.jar;C:\Users\alwi\.m2\repository\org\asynchttpclient\async-http-client\2.12.3\async-http-client-2.12.3.jar;C:\Users\alwi\.m2\repository\org\asynchttpclient\async-http-client-netty-utils\2.12.3\async-http-client-netty-utils-2.12.3.jar;C:\Users\alwi\.m2\repository\io\netty\netty-codec-socks\4.1.60.Final\netty-codec-socks-4.1.60.Final.jar;C:\Users\alwi\.m2\repository\io\netty\netty-handler-proxy\4.1.60.Final\netty-handler-proxy-4.1.60.Final.jar;C:\Users\alwi\.m2\repository\io\netty\netty-transport-native-epoll\4.1.60.Final\netty-transport-native-epoll-4.1.60.Final-linux-x86_64.jar;C:\Users\alwi\.m2\repository\io\netty\netty-transport-native-kqueue\4.1.60.Final\netty-transport-native-kqueue-4.1.60.Final-osx-x86_64.jar;C:\Users\alwi\.m2\repository\org\reactivestreams\reactive-streams\1.0.3\reactive-streams-1.0.3.jar;C:\Users\alwi\.m2\repository\com\typesafe\netty\netty-reactive-streams\2.0.4\netty-reactive-streams-2.0.4.jar;C:\Users\alwi\.m2\repository\org\seleniumhq\selenium\selenium-http\4.1.2\selenium-http-4.1.2.jar;C:\Users\alwi\.m2\repository\net\jodah\failsafe\2.4.4\failsafe-2.4.4.jar;C:\Users\alwi\.m2\repository\org\seleniumhq\selenium\selenium-safari-driver\4.1.2\selenium-safari-driver-4.1.2.jar;C:\Users\alwi\.m2\repository\org\seleniumhq\selenium\selenium-api\4.1.2\selenium-api-4.1.2.jar;C:\Users\alwi\.m2\repository\org\seleniumhq\selenium\selenium-support\4.1.2\selenium-support-4.1.2.jar;C:\Users\alwi\.m2\repository\com\google\auto\service\auto-service-annotations\1.0.1\auto-service-annotations-1.0.1.jar;C:\Users\alwi\.m2\repository\com\google\auto\service\auto-service\1.0.1\auto-service-1.0.1.jar;C:\Users\alwi\.m2\repository\com\google\auto\auto-common\1.2\auto-common-1.2.jar;C:\Users\alwi\.m2\repository\org\seleniumhq\selenium\selenium-json\4.1.2\selenium-json-4.1.2.jar;C:\Users\alwi\.m2\repository\org\seleniumhq\selenium\selenium-chrome-driver\4.1.2\selenium-chrome-driver-4.1.2.jar;C:\Users\alwi\.m2\repository\org\seleniumhq\selenium\selenium-chromium-driver\4.1.2\selenium-chromium-driver-4.1.2.jar;C:\Users\alwi\.m2\repository\org\seleniumhq\selenium\selenium-firefox-driver\4.1.2\selenium-firefox-driver-4.1.2.jar;C:\Users\alwi\.m2\repository\org\seleniumhq\selenium\selenium-edge-driver\4.1.2\selenium-edge-driver-4.1.2.jar;C:\Users\alwi\.m2\repository\org\seleniumhq\selenium\selenium-ie-driver\4.1.2\selenium-ie-driver-4.1.2.jar;C:\Users\alwi\.m2\repository\org\projectlombok\lombok\1.18.20\lombok-1.18.20.jar;C:\Users\alwi\.m2\repository\io\appium\java-client\8.0.0\java-client-8.0.0.jar;C:\Users\alwi\.m2\repository\commons-validator\commons-validator\1.7\commons-validator-1.7.jar;C:\Users\alwi\.m2\repository\commons-digester\commons-digester\2.1\commons-digester-2.1.jar;C:\Users\alwi\.m2\repository\org\aspectj\aspectjweaver\1.9.8\aspectjweaver-1.9.8.jar;C:\Users\alwi\.m2\repository\org\codehaus\groovy\groovy\3.0.10\groovy-3.0.10.jar;C:\Users\alwi\.m2\repository\net\sf\opencsv\opencsv\2.0\opencsv-2.0.jar;C:\Users\alwi\.m2\repository\commons-beanutils\commons-beanutils\1.9.4\commons-beanutils-1.9.4.jar;C:\Users\alwi\.m2\repository\org\apache\commons\commons-lang3\3.12.0\commons-lang3-3.12.0.jar;C:\Users\alwi\.m2\repository\commons-collections\commons-collections\3.2.2\commons-collections-3.2.2.jar;C:\Users\alwi\.m2\repository\org\fluentlenium\fluentlenium-core\0.10.2\fluentlenium-core-0.10.2.jar;C:\Users\alwi\.m2\repository\io\github\bonigarcia\webdrivermanager\5.1.0\webdrivermanager-5.1.0.jar;C:\Users\alwi\.m2\repository\com\github\docker-java\docker-java\3.2.13\docker-java-3.2.13.jar;C:\Users\alwi\.m2\repository\com\github\docker-java\docker-java-core\3.2.13\docker-java-core-3.2.13.jar;C:\Users\alwi\.m2\repository\com\github\docker-java\docker-java-api\3.2.13\docker-java-api-3.2.13.jar;C:\Users\alwi\.m2\repository\org\apache\commons\commons-compress\1.21\commons-compress-1.21.jar;C:\Users\alwi\.m2\repository\org\bouncycastle\bcpkix-jdk15on\1.64\bcpkix-jdk15on-1.64.jar;C:\Users\alwi\.m2\repository\org\bouncycastle\bcprov-jdk15on\1.64\bcprov-jdk15on-1.64.jar;C:\Users\alwi\.m2\repository\org\slf4j\jcl-over-slf4j\1.7.30\jcl-over-slf4j-1.7.30.jar;C:\Users\alwi\.m2\repository\com\github\docker-java\docker-java-transport-httpclient5\3.2.13\docker-java-transport-httpclient5-3.2.13.jar;C:\Users\alwi\.m2\repository\com\github\docker-java\docker-java-transport\3.2.13\docker-java-transport-3.2.13.jar;C:\Users\alwi\.m2\repository\org\apache\httpcomponents\client5\httpclient5\5.0.3\httpclient5-5.0.3.jar;C:\Users\alwi\.m2\repository\org\apache\httpcomponents\core5\httpcore5\5.0.2\httpcore5-5.0.2.jar;C:\Users\alwi\.m2\repository\net\java\dev\jna\jna\5.8.0\jna-5.8.0.jar;C:\Users\alwi\.m2\repository\org\brotli\dec\0.1.2\dec-0.1.2.jar;C:\Users\alwi\.m2\repository\com\jhlabs\filters\2.0.235\filters-2.0.235.jar;C:\Users\alwi\.m2\repository\com\paulhammant\ngwebdriver\1.1.6\ngwebdriver-1.1.6.jar;C:\Users\alwi\.m2\repository\joda-time\joda-time\2.8.2\joda-time-2.8.2.jar;C:\Users\alwi\.m2\repository\org\hamcrest\hamcrest\2.2\hamcrest-2.2.jar;C:\Users\alwi\.m2\repository\com\google\jimfs\jimfs\1.2\jimfs-1.2.jar;C:\Users\alwi\.m2\repository\org\mockito\mockito-core\3.3.3\mockito-core-3.3.3.jar;C:\Users\alwi\.m2\repository\javax\xml\bind\jaxb-api\2.3.1\jaxb-api-2.3.1.jar;C:\Users\alwi\.m2\repository\javax\activation\javax.activation-api\1.2.0\javax.activation-api-1.2.0.jar;C:\Users\alwi\.m2\repository\com\sun\xml\bind\jaxb-core\2.3.0.1\jaxb-core-2.3.0.1.jar;C:\Users\alwi\.m2\repository\com\sun\xml\bind\jaxb-impl\2.3.3\jaxb-impl-2.3.3.jar;C:\Users\alwi\.m2\repository\jakarta\xml\bind\jakarta.xml.bind-api\2.3.3\jakarta.xml.bind-api-2.3.3.jar;C:\Users\alwi\.m2\repository\com\sun\activation\jakarta.activation\1.2.2\jakarta.activation-1.2.2.jar;C:\Users\alwi\.m2\repository\javax\activation\activation\1.1.1\activation-1.1.1.jar;C:\Users\alwi\.m2\repository\net\serenity-bdd\serenity-cucumber\3.2.1\serenity-cucumber-3.2.1.jar;C:\Users\alwi\.m2\repository\io\cucumber\cucumber-core\7.2.3\cucumber-core-7.2.3.jar;C:\Users\alwi\.m2\repository\io\cucumber\cucumber-gherkin\7.2.3\cucumber-gherkin-7.2.3.jar;C:\Users\alwi\.m2\repository\io\cucumber\cucumber-gherkin-messages\7.2.3\cucumber-gherkin-messages-7.2.3.jar;C:\Users\alwi\.m2\repository\io\cucumber\messages\17.1.1\messages-17.1.1.jar;C:\Users\alwi\.m2\repository\io\cucumber\tag-expressions\4.1.0\tag-expressions-4.1.0.jar;C:\Users\alwi\.m2\repository\io\cucumber\cucumber-expressions\15.0.1\cucumber-expressions-15.0.1.jar;C:\Users\alwi\.m2\repository\io\cucumber\datatable\7.2.3\datatable-7.2.3.jar;C:\Users\alwi\.m2\repository\io\cucumber\cucumber-plugin\7.2.3\cucumber-plugin-7.2.3.jar;C:\Users\alwi\.m2\repository\io\cucumber\docstring\7.2.3\docstring-7.2.3.jar;C:\Users\alwi\.m2\repository\io\cucumber\html-formatter\17.0.0\html-formatter-17.0.0.jar;C:\Users\alwi\.m2\repository\io\cucumber\ci-environment\8.1.0\ci-environment-8.1.0.jar;C:\Users\alwi\.m2\repository\io\cucumber\cucumber-junit\7.2.3\cucumber-junit-7.2.3.jar;C:\Users\alwi\.m2\repository\org\apache\commons\commons-csv\1.5\commons-csv-1.5.jar;C:\Users\alwi\.m2\repository\net\serenity-bdd\serenity-screenplay\3.2.1\serenity-screenplay-3.2.1.jar;C:\Users\alwi\.m2\repository\net\serenity-bdd\serenity-screenplay-webdriver\3.2.1\serenity-screenplay-webdriver-3.2.1.jar;C:\Users\alwi\.m2\repository\net\serenity-bdd\serenity-ensure\3.2.1\serenity-ensure-3.2.1.jar;C:\Users\alwi\.m2\repository\net\serenity-bdd\serenity-junit\3.2.1\serenity-junit-3.2.1.jar;C:\Users\alwi\.m2\repository\org\jetbrains\kotlin\kotlin-stdlib\1.6.0\kotlin-stdlib-1.6.0.jar;C:\Users\alwi\.m2\repository\org\jetbrains\annotations\13.0\annotations-13.0.jar;C:\Users\alwi\.m2\repository\org\jetbrains\kotlin\kotlin-stdlib-common\1.6.0\kotlin-stdlib-common-1.6.0.jar;C:\Users\alwi\.m2\repository\org\junit\platform\junit-platform-launcher\1.8.1\junit-platform-launcher-1.8.1.jar;C:\Users\alwi\.m2\repository\org\junit\platform\junit-platform-engine\1.8.1\junit-platform-engine-1.8.1.jar;C:\Users\alwi\.m2\repository\org\opentest4j\opentest4j\1.2.0\opentest4j-1.2.0.jar;C:\Users\alwi\.m2\repository\org\junit\platform\junit-platform-commons\1.8.1\junit-platform-commons-1.8.1.jar;C:\Users\alwi\.m2\repository\org\apiguardian\apiguardian-api\1.1.2\apiguardian-api-1.1.2.jar;C:\Users\alwi\.m2\repository\org\junit\jupiter\junit-jupiter-engine\5.8.2\junit-jupiter-engine-5.8.2.jar;C:\Users\alwi\.m2\repository\org\junit\jupiter\junit-jupiter-api\5.8.2\junit-jupiter-api-5.8.2.jar;C:\Users\alwi\.m2\repository\org\junit\vintage\junit-vintage-engine\5.8.2\junit-vintage-engine-5.8.2.jar;C:\Users\alwi\.m2\repository\junit\junit\4.13.2\junit-4.13.2.jar;C:\Users\alwi\.m2\repository\org\hamcrest\hamcrest-core\1.3\hamcrest-core-1.3.jar;C:\Users\alwi\.m2\repository\ch\qos\logback\logback-classic\1.2.10\logback-classic-1.2.10.jar;C:\Users\alwi\.m2\repository\ch\qos\logback\logback-core\1.2.10\logback-core-1.2.10.jar;C:\Users\alwi\.m2\repository\org\slf4j\slf4j-api\1.7.32\slf4j-api-1.7.32.jar;C:\Users\alwi\.m2\repository\org\assertj\assertj-core\3.6.2\assertj-core-3.6.2.jar;"/>
    <property name="sun.cpu.endian" value="little"/>
    <property name="user.home" value="C:\Users\alwi"/>
    <property name="user.language" value="en"/>
    <property name="java.specification.vendor" value="Oracle Corporation"/>
    <property name="jdk.module.path" value="C:\Users\alwi\IdeaProjects\AltaShop\target\AltaShop-1.0-SNAPSHOT.jar"/>
    <property name="java.version.date" value="2020-01-14"/>
    <property name="java.home" value="C:\Program Files\Java\jdk-13.0.2"/>
    <property name="file.separator" value="\"/>
    <property name="basedir" value="C:\Users\alwi\IdeaProjects\AltaShop"/>
    <property name="java.vm.compressedOopsMode" value="32-bit"/>
    <property name="line.separator" value="&#10;"/>
    <property name="java.vm.specification.vendor" value="Oracle Corporation"/>
    <property name="java.specification.name" value="Java Platform API Specification"/>
    <property name="surefire.real.class.path" value="C:\Users\alwi\.m2\repository\org\apache\maven\surefire\surefire-booter\3.0.0-M5\surefire-booter-3.0.0-M5.jar;C:\Users\alwi\.m2\repository\org\apache\maven\surefire\surefire-api\3.0.0-M5\surefire-api-3.0.0-M5.jar;C:\Users\alwi\.m2\repository\org\apache\maven\surefire\surefire-logger-api\3.0.0-M5\surefire-logger-api-3.0.0-M5.jar;C:\Users\alwi\.m2\repository\org\apache\maven\surefire\surefire-shared-utils\3.0.0-M4\surefire-shared-utils-3.0.0-M4.jar;C:\Users\alwi\.m2\repository\org\apache\maven\surefire\surefire-extensions-spi\3.0.0-M5\surefire-extensions-spi-3.0.0-M5.jar;C:\Users\alwi\IdeaProjects\AltaShop\target\test-classes;C:\Users\alwi\.m2\repository\net\serenity-bdd\serenity-core\3.2.1\serenity-core-3.2.1.jar;C:\Users\alwi\.m2\repository\net\serenity-bdd\serenity-model\3.2.1\serenity-model-3.2.1.jar;C:\Users\alwi\.m2\repository\org\apache\commons\commons-text\1.9\commons-text-1.9.jar;C:\Users\alwi\.m2\repository\commons-net\commons-net\3.8.0\commons-net-3.8.0.jar;C:\Users\alwi\.m2\repository\com\google\guava\guava\31.1-jre\guava-31.1-jre.jar;C:\Users\alwi\.m2\repository\com\google\guava\failureaccess\1.0.1\failureaccess-1.0.1.jar;C:\Users\alwi\.m2\repository\com\google\guava\listenablefuture\9999.0-empty-to-avoid-conflict-with-guava\listenablefuture-9999.0-empty-to-avoid-conflict-with-guava.jar;C:\Users\alwi\.m2\repository\com\google\code\findbugs\jsr305\3.0.2\jsr305-3.0.2.jar;C:\Users\alwi\.m2\repository\org\checkerframework\checker-qual\3.12.0\checker-qual-3.12.0.jar;C:\Users\alwi\.m2\repository\com\google\errorprone\error_prone_annotations\2.11.0\error_prone_annotations-2.11.0.jar;C:\Users\alwi\.m2\repository\com\google\j2objc\j2objc-annotations\1.3\j2objc-annotations-1.3.jar;C:\Users\alwi\.m2\repository\com\google\inject\guice\5.1.0\guice-5.1.0.jar;C:\Users\alwi\.m2\repository\javax\inject\javax.inject\1\javax.inject-1.jar;C:\Users\alwi\.m2\repository\aopalliance\aopalliance\1.0\aopalliance-1.0.jar;C:\Users\alwi\.m2\repository\org\jsoup\jsoup\1.14.3\jsoup-1.14.3.jar;C:\Users\alwi\.m2\repository\com\thoughtworks\xstream\xstream\1.4.19\xstream-1.4.19.jar;C:\Users\alwi\.m2\repository\io\github\x-stream\mxparser\1.2.2\mxparser-1.2.2.jar;C:\Users\alwi\.m2\repository\xmlpull\xmlpull\1.1.3.1\xmlpull-1.1.3.1.jar;C:\Users\alwi\.m2\repository\io\cucumber\cucumber-java\7.2.3\cucumber-java-7.2.3.jar;C:\Users\alwi\.m2\repository\com\typesafe\config\1.4.2\config-1.4.2.jar;C:\Users\alwi\.m2\repository\org\imgscalr\imgscalr-lib\4.2\imgscalr-lib-4.2.jar;C:\Users\alwi\.m2\repository\org\awaitility\awaitility\4.2.0\awaitility-4.2.0.jar;C:\Users\alwi\.m2\repository\org\freemarker\freemarker\2.3.31\freemarker-2.3.31.jar;C:\Users\alwi\.m2\repository\io\github\classgraph\classgraph\4.8.138\classgraph-4.8.138.jar;C:\Users\alwi\.m2\repository\net\sourceforge\jexcelapi\jxl\2.6.12\jxl-2.6.12.jar;C:\Users\alwi\.m2\repository\net\bytebuddy\byte-buddy\1.12.8\byte-buddy-1.12.8.jar;C:\Users\alwi\.m2\repository\net\bytebuddy\byte-buddy-agent\1.12.8\byte-buddy-agent-1.12.8.jar;C:\Users\alwi\.m2\repository\org\objenesis\objenesis\3.1\objenesis-3.1.jar;C:\Users\alwi\.m2\repository\net\serenity-bdd\serenity-reports\3.2.1\serenity-reports-3.2.1.jar;C:\Users\alwi\.m2\repository\net\serenity-bdd\serenity-stats\3.2.1\serenity-stats-3.2.1.jar;C:\Users\alwi\.m2\repository\net\serenity-bdd\serenity-reports-configuration\3.2.1\serenity-reports-configuration-3.2.1.jar;C:\Users\alwi\.m2\repository\com\vladsch\flexmark\flexmark-all\0.34.30\flexmark-all-0.34.30.jar;C:\Users\alwi\.m2\repository\com\vladsch\flexmark\flexmark\0.34.30\flexmark-0.34.30.jar;C:\Users\alwi\.m2\repository\com\vladsch\flexmark\flexmark-ext-abbreviation\0.34.30\flexmark-ext-abbreviation-0.34.30.jar;C:\Users\alwi\.m2\repository\com\vladsch\flexmark\flexmark-ext-admonition\0.34.30\flexmark-ext-admonition-0.34.30.jar;C:\Users\alwi\.m2\repository\com\vladsch\flexmark\flexmark-ext-anchorlink\0.34.30\flexmark-ext-anchorlink-0.34.30.jar;C:\Users\alwi\.m2\repository\com\vladsch\flexmark\flexmark-ext-aside\0.34.30\flexmark-ext-aside-0.34.30.jar;C:\Users\alwi\.m2\repository\com\vladsch\flexmark\flexmark-ext-attributes\0.34.30\flexmark-ext-attributes-0.34.30.jar;C:\Users\alwi\.m2\repository\com\vladsch\flexmark\flexmark-ext-autolink\0.34.30\flexmark-ext-autolink-0.34.30.jar;C:\Users\alwi\.m2\repository\org\nibor\autolink\autolink\0.6.0\autolink-0.6.0.jar;C:\Users\alwi\.m2\repository\com\vladsch\flexmark\flexmark-ext-definition\0.34.30\flexmark-ext-definition-0.34.30.jar;C:\Users\alwi\.m2\repository\com\vladsch\flexmark\flexmark-ext-emoji\0.34.30\flexmark-ext-emoji-0.34.30.jar;C:\Users\alwi\.m2\repository\com\vladsch\flexmark\flexmark-ext-enumerated-reference\0.34.30\flexmark-ext-enumerated-reference-0.34.30.jar;C:\Users\alwi\.m2\repository\com\vladsch\flexmark\flexmark-ext-escaped-character\0.34.30\flexmark-ext-escaped-character-0.34.30.jar;C:\Users\alwi\.m2\repository\com\vladsch\flexmark\flexmark-ext-footnotes\0.34.30\flexmark-ext-footnotes-0.34.30.jar;C:\Users\alwi\.m2\repository\com\vladsch\flexmark\flexmark-ext-gfm-issues\0.34.30\flexmark-ext-gfm-issues-0.34.30.jar;C:\Users\alwi\.m2\repository\com\vladsch\flexmark\flexmark-ext-gfm-strikethrough\0.34.30\flexmark-ext-gfm-strikethrough-0.34.30.jar;C:\Users\alwi\.m2\repository\com\vladsch\flexmark\flexmark-ext-gfm-tables\0.34.30\flexmark-ext-gfm-tables-0.34.30.jar;C:\Users\alwi\.m2\repository\com\vladsch\flexmark\flexmark-ext-gfm-tasklist\0.34.30\flexmark-ext-gfm-tasklist-0.34.30.jar;C:\Users\alwi\.m2\repository\com\vladsch\flexmark\flexmark-ext-gfm-users\0.34.30\flexmark-ext-gfm-users-0.34.30.jar;C:\Users\alwi\.m2\repository\com\vladsch\flexmark\flexmark-ext-gitlab\0.34.30\flexmark-ext-gitlab-0.34.30.jar;C:\Users\alwi\.m2\repository\com\vladsch\flexmark\flexmark-ext-jekyll-front-matter\0.34.30\flexmark-ext-jekyll-front-matter-0.34.30.jar;C:\Users\alwi\.m2\repository\com\vladsch\flexmark\flexmark-ext-jekyll-tag\0.34.30\flexmark-ext-jekyll-tag-0.34.30.jar;C:\Users\alwi\.m2\repository\com\vladsch\flexmark\flexmark-ext-media-tags\0.34.30\flexmark-ext-media-tags-0.34.30.jar;C:\Users\alwi\.m2\repository\com\vladsch\flexmark\flexmark-test-util\0.34.30\flexmark-test-util-0.34.30.jar;C:\Users\alwi\.m2\repository\com\vladsch\flexmark\flexmark-ext-ins\0.34.30\flexmark-ext-ins-0.34.30.jar;C:\Users\alwi\.m2\repository\com\vladsch\flexmark\flexmark-ext-xwiki-macros\0.34.30\flexmark-ext-xwiki-macros-0.34.30.jar;C:\Users\alwi\.m2\repository\com\vladsch\flexmark\flexmark-ext-superscript\0.34.30\flexmark-ext-superscript-0.34.30.jar;C:\Users\alwi\.m2\repository\com\vladsch\flexmark\flexmark-ext-tables\0.34.30\flexmark-ext-tables-0.34.30.jar;C:\Users\alwi\.m2\repository\com\vladsch\flexmark\flexmark-ext-toc\0.34.30\flexmark-ext-toc-0.34.30.jar;C:\Users\alwi\.m2\repository\com\vladsch\flexmark\flexmark-ext-typographic\0.34.30\flexmark-ext-typographic-0.34.30.jar;C:\Users\alwi\.m2\repository\com\vladsch\flexmark\flexmark-ext-wikilink\0.34.30\flexmark-ext-wikilink-0.34.30.jar;C:\Users\alwi\.m2\repository\com\vladsch\flexmark\flexmark-ext-yaml-front-matter\0.34.30\flexmark-ext-yaml-front-matter-0.34.30.jar;C:\Users\alwi\.m2\repository\com\vladsch\flexmark\flexmark-ext-youtube-embedded\0.34.30\flexmark-ext-youtube-embedded-0.34.30.jar;C:\Users\alwi\.m2\repository\com\vladsch\flexmark\flexmark-formatter\0.34.30\flexmark-formatter-0.34.30.jar;C:\Users\alwi\.m2\repository\com\vladsch\flexmark\flexmark-html-parser\0.34.30\flexmark-html-parser-0.34.30.jar;C:\Users\alwi\.m2\repository\com\vladsch\flexmark\flexmark-jira-converter\0.34.30\flexmark-jira-converter-0.34.30.jar;C:\Users\alwi\.m2\repository\com\vladsch\flexmark\flexmark-pdf-converter\0.34.30\flexmark-pdf-converter-0.34.30.jar;C:\Users\alwi\.m2\repository\com\openhtmltopdf\openhtmltopdf-core\0.0.1-RC13\openhtmltopdf-core-0.0.1-RC13.jar;C:\Users\alwi\.m2\repository\com\openhtmltopdf\openhtmltopdf-pdfbox\0.0.1-RC13\openhtmltopdf-pdfbox-0.0.1-RC13.jar;C:\Users\alwi\.m2\repository\org\apache\pdfbox\pdfbox\2.0.8\pdfbox-2.0.8.jar;C:\Users\alwi\.m2\repository\org\apache\pdfbox\fontbox\2.0.8\fontbox-2.0.8.jar;C:\Users\alwi\.m2\repository\commons-logging\commons-logging\1.2\commons-logging-1.2.jar;C:\Users\alwi\.m2\repository\org\apache\pdfbox\xmpbox\2.0.8\xmpbox-2.0.8.jar;C:\Users\alwi\.m2\repository\de\rototor\pdfbox\graphics2d\0.12\graphics2d-0.12.jar;C:\Users\alwi\.m2\repository\com\openhtmltopdf\openhtmltopdf-rtl-support\0.0.1-RC13\openhtmltopdf-rtl-support-0.0.1-RC13.jar;C:\Users\alwi\.m2\repository\com\ibm\icu\icu4j\59.1\icu4j-59.1.jar;C:\Users\alwi\.m2\repository\com\openhtmltopdf\openhtmltopdf-jsoup-dom-converter\0.0.1-RC13\openhtmltopdf-jsoup-dom-converter-0.0.1-RC13.jar;C:\Users\alwi\.m2\repository\com\vladsch\flexmark\flexmark-profile-pegdown\0.34.30\flexmark-profile-pegdown-0.34.30.jar;C:\Users\alwi\.m2\repository\com\vladsch\flexmark\flexmark-util\0.34.30\flexmark-util-0.34.30.jar;C:\Users\alwi\.m2\repository\com\vladsch\flexmark\flexmark-youtrack-converter\0.34.30\flexmark-youtrack-converter-0.34.30.jar;C:\Users\alwi\.m2\repository\es\nitaur\markdown\txtmark\0.16\txtmark-0.16.jar;C:\Users\alwi\.m2\repository\net\serenity-bdd\serenity-report-resources\3.2.1\serenity-report-resources-3.2.1.jar;C:\Users\alwi\.m2\repository\com\google\code\gson\gson\2.9.0\gson-2.9.0.jar;C:\Users\alwi\.m2\repository\com\fasterxml\jackson\core\jackson-core\2.13.2\jackson-core-2.13.2.jar;C:\Users\alwi\.m2\repository\com\fasterxml\jackson\core\jackson-databind\2.13.2\jackson-databind-2.13.2.jar;C:\Users\alwi\.m2\repository\com\fasterxml\jackson\core\jackson-annotations\2.13.2\jackson-annotations-2.13.2.jar;C:\Users\alwi\.m2\repository\commons-codec\commons-codec\1.15\commons-codec-1.15.jar;C:\Users\alwi\.m2\repository\commons-io\commons-io\2.11.0\commons-io-2.11.0.jar;C:\Users\alwi\.m2\repository\org\seleniumhq\selenium\selenium-java\4.1.2\selenium-java-4.1.2.jar;C:\Users\alwi\.m2\repository\org\seleniumhq\selenium\selenium-devtools-v85\4.1.2\selenium-devtools-v85-4.1.2.jar;C:\Users\alwi\.m2\repository\org\seleniumhq\selenium\selenium-devtools-v95\4.1.2\selenium-devtools-v95-4.1.2.jar;C:\Users\alwi\.m2\repository\org\seleniumhq\selenium\selenium-devtools-v96\4.1.2\selenium-devtools-v96-4.1.2.jar;C:\Users\alwi\.m2\repository\org\seleniumhq\selenium\selenium-devtools-v97\4.1.2\selenium-devtools-v97-4.1.2.jar;C:\Users\alwi\.m2\repository\org\seleniumhq\selenium\selenium-firefox-xpi-driver\4.1.2\selenium-firefox-xpi-driver-4.1.2.jar;C:\Users\alwi\.m2\repository\org\seleniumhq\selenium\selenium-opera-driver\4.1.2\selenium-opera-driver-4.1.2.jar;C:\Users\alwi\.m2\repository\org\seleniumhq\selenium\selenium-remote-driver\4.1.2\selenium-remote-driver-4.1.2.jar;C:\Users\alwi\.m2\repository\com\beust\jcommander\1.82\jcommander-1.82.jar;C:\Users\alwi\.m2\repository\io\netty\netty-buffer\4.1.73.Final\netty-buffer-4.1.73.Final.jar;C:\Users\alwi\.m2\repository\io\netty\netty-codec-http\4.1.73.Final\netty-codec-http-4.1.73.Final.jar;C:\Users\alwi\.m2\repository\io\netty\netty-codec\4.1.73.Final\netty-codec-4.1.73.Final.jar;C:\Users\alwi\.m2\repository\io\netty\netty-handler\4.1.73.Final\netty-handler-4.1.73.Final.jar;C:\Users\alwi\.m2\repository\io\netty\netty-tcnative-classes\2.0.46.Final\netty-tcnative-classes-2.0.46.Final.jar;C:\Users\alwi\.m2\repository\io\netty\netty-common\4.1.73.Final\netty-common-4.1.73.Final.jar;C:\Users\alwi\.m2\repository\io\netty\netty-transport-classes-epoll\4.1.73.Final\netty-transport-classes-epoll-4.1.73.Final.jar;C:\Users\alwi\.m2\repository\io\netty\netty-transport-classes-kqueue\4.1.73.Final\netty-transport-classes-kqueue-4.1.73.Final.jar;C:\Users\alwi\.m2\repository\io\netty\netty-transport-native-epoll\4.1.73.Final\netty-transport-native-epoll-4.1.73.Final.jar;C:\Users\alwi\.m2\repository\io\netty\netty-transport-native-kqueue\4.1.73.Final\netty-transport-native-kqueue-4.1.73.Final.jar;C:\Users\alwi\.m2\repository\io\netty\netty-transport-native-unix-common\4.1.73.Final\netty-transport-native-unix-common-4.1.73.Final.jar;C:\Users\alwi\.m2\repository\io\netty\netty-transport\4.1.73.Final\netty-transport-4.1.73.Final.jar;C:\Users\alwi\.m2\repository\io\netty\netty-resolver\4.1.73.Final\netty-resolver-4.1.73.Final.jar;C:\Users\alwi\.m2\repository\io\opentelemetry\opentelemetry-api\1.10.1\opentelemetry-api-1.10.1.jar;C:\Users\alwi\.m2\repository\io\opentelemetry\opentelemetry-context\1.10.1\opentelemetry-context-1.10.1.jar;C:\Users\alwi\.m2\repository\io\opentelemetry\opentelemetry-exporter-logging\1.10.1\opentelemetry-exporter-logging-1.10.1.jar;C:\Users\alwi\.m2\repository\io\opentelemetry\opentelemetry-sdk-metrics\1.10.1-alpha\opentelemetry-sdk-metrics-1.10.1-alpha.jar;C:\Users\alwi\.m2\repository\io\opentelemetry\opentelemetry-sdk-logs\1.10.1-alpha\opentelemetry-sdk-logs-1.10.1-alpha.jar;C:\Users\alwi\.m2\repository\io\opentelemetry\opentelemetry-sdk-common\1.10.1\opentelemetry-sdk-common-1.10.1.jar;C:\Users\alwi\.m2\repository\io\opentelemetry\opentelemetry-sdk-extension-autoconfigure-spi\1.10.1\opentelemetry-sdk-extension-autoconfigure-spi-1.10.1.jar;C:\Users\alwi\.m2\repository\io\opentelemetry\opentelemetry-sdk-extension-autoconfigure\1.10.1-alpha\opentelemetry-sdk-extension-autoconfigure-1.10.1-alpha.jar;C:\Users\alwi\.m2\repository\io\opentelemetry\opentelemetry-sdk-trace\1.10.1\opentelemetry-sdk-trace-1.10.1.jar;C:\Users\alwi\.m2\repository\io\opentelemetry\opentelemetry-sdk\1.10.1\opentelemetry-sdk-1.10.1.jar;C:\Users\alwi\.m2\repository\io\opentelemetry\opentelemetry-semconv\1.10.1-alpha\opentelemetry-semconv-1.10.1-alpha.jar;C:\Users\alwi\.m2\repository\io\ous\jtoml\2.0.0\jtoml-2.0.0.jar;C:\Users\alwi\.m2\repository\org\apache\commons\commons-exec\1.3\commons-exec-1.3.jar;C:\Users\alwi\.m2\repository\org\asynchttpclient\async-http-client\2.12.3\async-http-client-2.12.3.jar;C:\Users\alwi\.m2\repository\org\asynchttpclient\async-http-client-netty-utils\2.12.3\async-http-client-netty-utils-2.12.3.jar;C:\Users\alwi\.m2\repository\io\netty\netty-codec-socks\4.1.60.Final\netty-codec-socks-4.1.60.Final.jar;C:\Users\alwi\.m2\repository\io\netty\netty-handler-proxy\4.1.60.Final\netty-handler-proxy-4.1.60.Final.jar;C:\Users\alwi\.m2\repository\io\netty\netty-transport-native-epoll\4.1.60.Final\netty-transport-native-epoll-4.1.60.Final-linux-x86_64.jar;C:\Users\alwi\.m2\repository\io\netty\netty-transport-native-kqueue\4.1.60.Final\netty-transport-native-kqueue-4.1.60.Final-osx-x86_64.jar;C:\Users\alwi\.m2\repository\org\reactivestreams\reactive-streams\1.0.3\reactive-streams-1.0.3.jar;C:\Users\alwi\.m2\repository\com\typesafe\netty\netty-reactive-streams\2.0.4\netty-reactive-streams-2.0.4.jar;C:\Users\alwi\.m2\repository\org\seleniumhq\selenium\selenium-http\4.1.2\selenium-http-4.1.2.jar;C:\Users\alwi\.m2\repository\net\jodah\failsafe\2.4.4\failsafe-2.4.4.jar;C:\Users\alwi\.m2\repository\org\seleniumhq\selenium\selenium-safari-driver\4.1.2\selenium-safari-driver-4.1.2.jar;C:\Users\alwi\.m2\repository\org\seleniumhq\selenium\selenium-api\4.1.2\selenium-api-4.1.2.jar;C:\Users\alwi\.m2\repository\org\seleniumhq\selenium\selenium-support\4.1.2\selenium-support-4.1.2.jar;C:\Users\alwi\.m2\repository\com\google\auto\service\auto-service-annotations\1.0.1\auto-service-annotations-1.0.1.jar;C:\Users\alwi\.m2\repository\com\google\auto\service\auto-service\1.0.1\auto-service-1.0.1.jar;C:\Users\alwi\.m2\repository\com\google\auto\auto-common\1.2\auto-common-1.2.jar;C:\Users\alwi\.m2\repository\org\seleniumhq\selenium\selenium-json\4.1.2\selenium-json-4.1.2.jar;C:\Users\alwi\.m2\repository\org\seleniumhq\selenium\selenium-chrome-driver\4.1.2\selenium-chrome-driver-4.1.2.jar;C:\Users\alwi\.m2\repository\org\seleniumhq\selenium\selenium-chromium-driver\4.1.2\selenium-chromium-driver-4.1.2.jar;C:\Users\alwi\.m2\repository\org\seleniumhq\selenium\selenium-firefox-driver\4.1.2\selenium-firefox-driver-4.1.2.jar;C:\Users\alwi\.m2\repository\org\seleniumhq\selenium\selenium-edge-driver\4.1.2\selenium-edge-driver-4.1.2.jar;C:\Users\alwi\.m2\repository\org\seleniumhq\selenium\selenium-ie-driver\4.1.2\selenium-ie-driver-4.1.2.jar;C:\Users\alwi\.m2\repository\org\projectlombok\lombok\1.18.20\lombok-1.18.20.jar;C:\Users\alwi\.m2\repository\io\appium\java-client\8.0.0\java-client-8.0.0.jar;C:\Users\alwi\.m2\repository\commons-validator\commons-validator\1.7\commons-validator-1.7.jar;C:\Users\alwi\.m2\repository\commons-digester\commons-digester\2.1\commons-digester-2.1.jar;C:\Users\alwi\.m2\repository\org\aspectj\aspectjweaver\1.9.8\aspectjweaver-1.9.8.jar;C:\Users\alwi\.m2\repository\org\codehaus\groovy\groovy\3.0.10\groovy-3.0.10.jar;C:\Users\alwi\.m2\repository\net\sf\opencsv\opencsv\2.0\opencsv-2.0.jar;C:\Users\alwi\.m2\repository\commons-beanutils\commons-beanutils\1.9.4\commons-beanutils-1.9.4.jar;C:\Users\alwi\.m2\repository\org\apache\commons\commons-lang3\3.12.0\commons-lang3-3.12.0.jar;C:\Users\alwi\.m2\repository\commons-collections\commons-collections\3.2.2\commons-collections-3.2.2.jar;C:\Users\alwi\.m2\repository\org\fluentlenium\fluentlenium-core\0.10.2\fluentlenium-core-0.10.2.jar;C:\Users\alwi\.m2\repository\io\github\bonigarcia\webdrivermanager\5.1.0\webdrivermanager-5.1.0.jar;C:\Users\alwi\.m2\repository\com\github\docker-java\docker-java\3.2.13\docker-java-3.2.13.jar;C:\Users\alwi\.m2\repository\com\github\docker-java\docker-java-core\3.2.13\docker-java-core-3.2.13.jar;C:\Users\alwi\.m2\repository\com\github\docker-java\docker-java-api\3.2.13\docker-java-api-3.2.13.jar;C:\Users\alwi\.m2\repository\org\apache\commons\commons-compress\1.21\commons-compress-1.21.jar;C:\Users\alwi\.m2\repository\org\bouncycastle\bcpkix-jdk15on\1.64\bcpkix-jdk15on-1.64.jar;C:\Users\alwi\.m2\repository\org\bouncycastle\bcprov-jdk15on\1.64\bcprov-jdk15on-1.64.jar;C:\Users\alwi\.m2\repository\org\slf4j\jcl-over-slf4j\1.7.30\jcl-over-slf4j-1.7.30.jar;C:\Users\alwi\.m2\repository\com\github\docker-java\docker-java-transport-httpclient5\3.2.13\docker-java-transport-httpclient5-3.2.13.jar;C:\Users\alwi\.m2\repository\com\github\docker-java\docker-java-transport\3.2.13\docker-java-transport-3.2.13.jar;C:\Users\alwi\.m2\repository\org\apache\httpcomponents\client5\httpclient5\5.0.3\httpclient5-5.0.3.jar;C:\Users\alwi\.m2\repository\org\apache\httpcomponents\core5\httpcore5\5.0.2\httpcore5-5.0.2.jar;C:\Users\alwi\.m2\repository\net\java\dev\jna\jna\5.8.0\jna-5.8.0.jar;C:\Users\alwi\.m2\repository\org\brotli\dec\0.1.2\dec-0.1.2.jar;C:\Users\alwi\.m2\repository\com\jhlabs\filters\2.0.235\filters-2.0.235.jar;C:\Users\alwi\.m2\repository\com\paulhammant\ngwebdriver\1.1.6\ngwebdriver-1.1.6.jar;C:\Users\alwi\.m2\repository\joda-time\joda-time\2.8.2\joda-time-2.8.2.jar;C:\Users\alwi\.m2\repository\org\hamcrest\hamcrest\2.2\hamcrest-2.2.jar;C:\Users\alwi\.m2\repository\com\google\jimfs\jimfs\1.2\jimfs-1.2.jar;C:\Users\alwi\.m2\repository\org\mockito\mockito-core\3.3.3\mockito-core-3.3.3.jar;C:\Users\alwi\.m2\repository\javax\xml\bind\jaxb-api\2.3.1\jaxb-api-2.3.1.jar;C:\Users\alwi\.m2\repository\javax\activation\javax.activation-api\1.2.0\javax.activation-api-1.2.0.jar;C:\Users\alwi\.m2\repository\com\sun\xml\bind\jaxb-core\2.3.0.1\jaxb-core-2.3.0.1.jar;C:\Users\alwi\.m2\repository\com\sun\xml\bind\jaxb-impl\2.3.3\jaxb-impl-2.3.3.jar;C:\Users\alwi\.m2\repository\jakarta\xml\bind\jakarta.xml.bind-api\2.3.3\jakarta.xml.bind-api-2.3.3.jar;C:\Users\alwi\.m2\repository\com\sun\activation\jakarta.activation\1.2.2\jakarta.activation-1.2.2.jar;C:\Users\alwi\.m2\repository\javax\activation\activation\1.1.1\activation-1.1.1.jar;C:\Users\alwi\.m2\repository\net\serenity-bdd\serenity-cucumber\3.2.1\serenity-cucumber-3.2.1.jar;C:\Users\alwi\.m2\repository\io\cucumber\cucumber-core\7.2.3\cucumber-core-7.2.3.jar;C:\Users\alwi\.m2\repository\io\cucumber\cucumber-gherkin\7.2.3\cucumber-gherkin-7.2.3.jar;C:\Users\alwi\.m2\repository\io\cucumber\cucumber-gherkin-messages\7.2.3\cucumber-gherkin-messages-7.2.3.jar;C:\Users\alwi\.m2\repository\io\cucumber\messages\17.1.1\messages-17.1.1.jar;C:\Users\alwi\.m2\repository\io\cucumber\tag-expressions\4.1.0\tag-expressions-4.1.0.jar;C:\Users\alwi\.m2\repository\io\cucumber\cucumber-expressions\15.0.1\cucumber-expressions-15.0.1.jar;C:\Users\alwi\.m2\repository\io\cucumber\datatable\7.2.3\datatable-7.2.3.jar;C:\Users\alwi\.m2\repository\io\cucumber\cucumber-plugin\7.2.3\cucumber-plugin-7.2.3.jar;C:\Users\alwi\.m2\repository\io\cucumber\docstring\7.2.3\docstring-7.2.3.jar;C:\Users\alwi\.m2\repository\io\cucumber\html-formatter\17.0.0\html-formatter-17.0.0.jar;C:\Users\alwi\.m2\repository\io\cucumber\ci-environment\8.1.0\ci-environment-8.1.0.jar;C:\Users\alwi\.m2\repository\io\cucumber\cucumber-junit\7.2.3\cucumber-junit-7.2.3.jar;C:\Users\alwi\.m2\repository\org\apache\commons\commons-csv\1.5\commons-csv-1.5.jar;C:\Users\alwi\.m2\repository\net\serenity-bdd\serenity-screenplay\3.2.1\serenity-screenplay-3.2.1.jar;C:\Users\alwi\.m2\repository\net\serenity-bdd\serenity-screenplay-webdriver\3.2.1\serenity-screenplay-webdriver-3.2.1.jar;C:\Users\alwi\.m2\repository\net\serenity-bdd\serenity-ensure\3.2.1\serenity-ensure-3.2.1.jar;C:\Users\alwi\.m2\repository\net\serenity-bdd\serenity-junit\3.2.1\serenity-junit-3.2.1.jar;C:\Users\alwi\.m2\repository\org\jetbrains\kotlin\kotlin-stdlib\1.6.0\kotlin-stdlib-1.6.0.jar;C:\Users\alwi\.m2\repository\org\jetbrains\annotations\13.0\annotations-13.0.jar;C:\Users\alwi\.m2\repository\org\jetbrains\kotlin\kotlin-stdlib-common\1.6.0\kotlin-stdlib-common-1.6.0.jar;C:\Users\alwi\.m2\repository\org\junit\platform\junit-platform-launcher\1.8.1\junit-platform-launcher-1.8.1.jar;C:\Users\alwi\.m2\repository\org\junit\platform\junit-platform-engine\1.8.1\junit-platform-engine-1.8.1.jar;C:\Users\alwi\.m2\repository\org\opentest4j\opentest4j\1.2.0\opentest4j-1.2.0.jar;C:\Users\alwi\.m2\repository\org\junit\platform\junit-platform-commons\1.8.1\junit-platform-commons-1.8.1.jar;C:\Users\alwi\.m2\repository\org\apiguardian\apiguardian-api\1.1.2\apiguardian-api-1.1.2.jar;C:\Users\alwi\.m2\repository\org\junit\jupiter\junit-jupiter-engine\5.8.2\junit-jupiter-engine-5.8.2.jar;C:\Users\alwi\.m2\repository\org\junit\jupiter\junit-jupiter-api\5.8.2\junit-jupiter-api-5.8.2.jar;C:\Users\alwi\.m2\repository\org\junit\vintage\junit-vintage-engine\5.8.2\junit-vintage-engine-5.8.2.jar;C:\Users\alwi\.m2\repository\junit\junit\4.13.2\junit-4.13.2.jar;C:\Users\alwi\.m2\repository\org\hamcrest\hamcrest-core\1.3\hamcrest-core-1.3.jar;C:\Users\alwi\.m2\repository\ch\qos\logback\logback-classic\1.2.10\logback-classic-1.2.10.jar;C:\Users\alwi\.m2\repository\ch\qos\logback\logback-core\1.2.10\logback-core-1.2.10.jar;C:\Users\alwi\.m2\repository\org\slf4j\slf4j-api\1.7.32\slf4j-api-1.7.32.jar;C:\Users\alwi\.m2\repository\org\assertj\assertj-core\3.6.2\assertj-core-3.6.2.jar;C:\Users\alwi\.m2\repository\org\apache\maven\surefire\surefire-junit-platform\3.0.0-M5\surefire-junit-platform-3.0.0-M5.jar;C:\Users\alwi\.m2\repository\org\apache\maven\surefire\common-java5\3.0.0-M5\common-java5-3.0.0-M5.jar"/>
    <property name="user.script" value=""/>
    <property name="java.protocol.handler.pkgs" value="com.google.common"/>
    <property name="sun.management.compiler" value="HotSpot 64-Bit Tiered Compilers"/>
    <property name="java.runtime.version" value="13.0.2+8"/>
    <property name="user.name" value="alwi"/>
    <property name="path.separator" value=";"/>
    <property name="os.version" value="10.0"/>
    <property name="java.runtime.name" value="Java(TM) SE Runtime Environment"/>
    <property name="file.encoding" value="Cp1252"/>
    <property name="webdriver.base.url" value=""/>
    <property name="java.vm.name" value="Java HotSpot(TM) 64-Bit Server VM"/>
    <property name="localRepository" value="C:\Users\alwi\.m2\repository"/>
    <property name="java.vendor.url.bug" value="https://bugreport.java.com/bugreport/"/>
    <property name="java.io.tmpdir" value="C:\Users\alwi\AppData\Local\Temp\"/>
    <property name="java.version" value="13.0.2"/>
    <property name="user.dir" value="C:\Users\alwi\IdeaProjects\AltaShop"/>
    <property name="os.arch" value="amd64"/>
    <property name="java.vm.specification.name" value="Java Virtual Machine Specification"/>
    <property name="user.language.format" value="id"/>
    <property name="sun.os.patch.level" value=""/>
    <property name="java.library.path" value="C:\Program Files\Java\jdk-13.0.2\bin;C:\WINDOWS\Sun\Java\bin;C:\WINDOWS\system32;C:\WINDOWS;C:\Program Files (x86)\Common Files\Oracle\Java\javapath;C:\WINDOWS\system32;C:\WINDOWS;C:\WINDOWS\System32\Wbem;C:\WINDOWS\System32\WindowsPowerShell\v1.0\;C:\Program Files\Java\jdk-13.0.2\bin\;C:\Program Files\Go\bin;C:\WINDOWS\System32\OpenSSH\;C:\Program Files\Git\cmd;C:\Program Files\nodejs\;%ANDROID_HOME%\platform-tools;%ANDROID_HOME%\tools;C:\Users\alwi\AppData\Local\Microsoft\WindowsApps;C:\Users\alwi\AppData\Local\Programs\Microsoft VS Code\bin;C:\Users\alwi\go\bin;C:\Users\alwi\AppData\Local\GitHubDesktop\bin;C:\Program Files (x86)\apache-maven-3.8.6\bin;C:\Users\alwi\AppData\Roaming\npm;."/>
    <property name="java.vm.info" value="mixed mode"/>
    <property name="java.vendor" value="Oracle Corporation"/>
    <property name="java.vm.version" value="13.0.2+8"/>
    <property name="sun.io.unicode.encoding" value="UnicodeLittle"/>
    <property name="java.class.version" value="57.0"/>
  </properties>
  <testcase name="Home detail product" classname="Home" time="12.822">
    <system-out><![CDATA[04:06:08.678 [main] INFO io.cucumber.core.plugin.SerenityReporter - Running feature from file:///C:/Users/alwi/IdeaProjects/AltaShop/src/test/resources/features/Category.feature
04:06:08.848 [main] INFO  - 

-------------------------------------------------------------------------------------
     _______. _______ .______       _______ .__   __.  __  .___________.____    ____ 
    /       ||   ____||   _  \     |   ____||  \ |  | |  | |           |\   \  /   / 
   |   (----`|  |__   |  |_)  |    |  |__   |   \|  | |  | `---|  |----` \   \/   /  
    \   \    |   __|  |      /     |   __|  |  . `  | |  |     |  |       \_    _/   
.----)   |   |  |____ |  |\  \----.|  |____ |  |\   | |  |     |  |         |  |     
|_______/    |_______|| _| `._____||_______||__| \__| |__|     |__|         |__|    
                                                                                     
 News and tutorials at http://www.serenity-bdd.info                                  
 Documentation at https://wakaleo.gitbooks.io/the-serenity-book/content/             
 Join the Serenity Community on Gitter: https://gitter.im/serenity-bdd/serenity-core 
 Serenity BDD Support and Training at http://serenity-bdd.info/#/trainingandsupport  
-------------------------------------------------------------------------------------

04:06:08.851 [main] DEBUG net.thucydides.core.steps.StepEventBus - Test suite started for story net.thucydides.core.model.Story@d99e90e8
04:06:08.857 [main] INFO  - Test Suite Started: Category
04:06:08.870 [main] INFO io.cucumber.core.plugin.SerenityReporter - Running feature from file:///C:/Users/alwi/IdeaProjects/AltaShop/src/test/resources/features/Home.feature
04:06:08.877 [main] DEBUG net.thucydides.core.steps.StepEventBus - Test suite started for story net.thucydides.core.model.Story@b16b2c08
04:06:08.877 [main] INFO  - Test Suite Started: Home
04:06:08.878 [main] INFO io.cucumber.core.plugin.SerenityReporter - Running feature from file:///C:/Users/alwi/IdeaProjects/AltaShop/src/test/resources/features/Login.feature
04:06:08.887 [main] DEBUG net.thucydides.core.steps.StepEventBus - Test suite started for story net.thucydides.core.model.Story@23282f08
04:06:08.888 [main] INFO  - Test Suite Started: Login
04:06:08.888 [main] INFO io.cucumber.core.plugin.SerenityReporter - Running feature from file:///C:/Users/alwi/IdeaProjects/AltaShop/src/test/resources/features/Order.feature
04:06:08.895 [main] DEBUG net.thucydides.core.steps.StepEventBus - Test suite started for story net.thucydides.core.model.Story@cc4b76a8
04:06:08.895 [main] INFO  - Test Suite Started: Order
04:06:08.895 [main] INFO io.cucumber.core.plugin.SerenityReporter - Running feature from file:///C:/Users/alwi/IdeaProjects/AltaShop/src/test/resources/features/Register.feature
04:06:08.903 [main] DEBUG net.thucydides.core.steps.StepEventBus - Test suite started for story net.thucydides.core.model.Story@30e75088
04:06:08.903 [main] INFO  - Test Suite Started: Register
04:06:08.904 [main] INFO io.cucumber.core.plugin.SerenityReporter - Running feature from file:///C:/Users/alwi/IdeaProjects/AltaShop/src/test/resources/features/Home.feature
04:06:08.908 [main] DEBUG net.thucydides.core.steps.StepEventBus - Test suite started for story net.thucydides.core.model.Story@b16b2c08
04:06:08.909 [main] INFO  - Test Suite Started: Home

Scenario: Home detail product &amp#27;[90m# src/test/resources/features/Home.feature:6&amp#27;[0m
04:06:09.006 [main] INFO io.cucumber.core.plugin.SerenityReporter - Running feature from file:///C:/Users/alwi/IdeaProjects/AltaShop/src/test/resources/features/Home.feature
04:06:09.097 [main] INFO  - 
  _____   ___   ___   _____     ___   _____     _     ___   _____   ___   ___  
 |_   _| | __| / __| |_   _|   / __| |_   _|   /_\   | _ \ |_   _| | __| |   \ 
   | |   | _|  \__ \   | |     \__ \   | |    / _ \  |   /   | |   | _|  | |) |
   |_|   |___| |___/   |_|     |___/   |_|   /_/ \_\ |_|_\   |_|   |___| |___/ 

Home detail product(home;home-detail-product)
--------------------------------------------------------------------------------
04:06:09.908 [main] INFO net.serenitybdd.core.webdriver.driverproviders.ChromeDriverProvider - Using automatically driver download
04:06:10.614 [main] DEBUG io.github.bonigarcia.wdm.cache.ResolutionCache - Resolution chrome=106 in cache (valid until 04:10:38 26/10/2022 WIB)
04:06:10.620 [main] DEBUG io.github.bonigarcia.wdm.cache.ResolutionCache - Resolution chrome106=106.0.5249.61 in cache (valid until 22:47:25 26/10/2022 WIB)
04:06:10.624 [main] INFO io.github.bonigarcia.wdm.WebDriverManager - Using chromedriver 106.0.5249.61 (resolved driver for Chrome 106)
04:06:10.645 [main] DEBUG io.github.bonigarcia.wdm.WebDriverManager - Driver chromedriver 106.0.5249.61 found in cache
04:06:10.647 [main] INFO io.github.bonigarcia.wdm.WebDriverManager - Exporting webdriver.chrome.driver as C:\Users\alwi\.cache\selenium\chromedriver\win32\106.0.5249.61\chromedriver.exe
04:06:11.284 [main] DEBUG net.thucydides.core.reflection.ClassFinder - Could not load class .CucumberTestSuite
04:06:11.284 [main] DEBUG net.thucydides.core.reflection.ClassFinder - Could not load class .starter.pages.CategoryPage
04:06:11.285 [main] DEBUG net.thucydides.core.reflection.ClassFinder - Could not load class .starter.pages.HomePage
04:06:11.285 [main] DEBUG net.thucydides.core.reflection.ClassFinder - Could not load class .starter.pages.LoginPage
04:06:11.285 [main] DEBUG net.thucydides.core.reflection.ClassFinder - Could not load class .starter.pages.OrderPage
04:06:11.285 [main] DEBUG net.thucydides.core.reflection.ClassFinder - Could not load class .starter.pages.RegisterPage
04:06:11.285 [main] DEBUG net.thucydides.core.reflection.ClassFinder - Could not load class .starter.stepdefinitions.CategoryStep
04:06:11.285 [main] DEBUG net.thucydides.core.reflection.ClassFinder - Could not load class .starter.stepdefinitions.HomeStep
04:06:11.285 [main] DEBUG net.thucydides.core.reflection.ClassFinder - Could not load class .starter.stepdefinitions.LoginStep
04:06:11.285 [main] DEBUG net.thucydides.core.reflection.ClassFinder - Could not load class .starter.stepdefinitions.OrderStep
04:06:11.285 [main] DEBUG net.thucydides.core.reflection.ClassFinder - Could not load class .starter.stepdefinitions.RegisterStep
04:06:11.286 [main] DEBUG net.thucydides.core.reflection.ClassFinder - Could not load class META-INF.versions.9.com.sun.istack.logging.StackHelper
04:06:11.286 [main] DEBUG net.thucydides.core.reflection.ClassFinder - Could not load class META-INF.versions.9.com.sun.xml.bind.v2.runtime.reflect.opt.AccessorInjector
04:06:11.287 [main] DEBUG net.thucydides.core.reflection.ClassFinder - Could not load class META-INF.versions.9.com.sun.xml.bind.v2.runtime.reflect.opt.Injector
04:06:11.287 [main] DEBUG net.thucydides.core.reflection.ClassFinder - Could not load class META-INF.versions.9.com.sun.xml.bind.v2.runtime.reflect.opt.OptimizedAccessorFactory
04:06:11.287 [main] DEBUG net.thucydides.core.reflection.ClassFinder - Could not load class META-INF.versions.9.com.sun.xml.bind.v2.runtime.reflect.opt.OptimizedTransducedAccessorFactory
04:06:11.287 [main] DEBUG net.thucydides.core.reflection.ClassFinder - Could not load class META-INF.versions.9.io.opentelemetry.sdk.internal.CurrentJavaVersionSpecific
04:06:11.288 [main] DEBUG net.thucydides.core.reflection.ClassFinder - Could not load class META-INF.versions.9.io.opentelemetry.sdk.internal.Java9VersionSpecific
04:06:11.288 [main] DEBUG net.thucydides.core.reflection.ClassFinder - Could not load class META-INF.versions.9.javax.xml.bind.ModuleUtil
04:06:11.288 [main] DEBUG net.thucydides.core.reflection.ClassFinder - Could not load class META-INF.versions.9.module-info
04:06:11.289 [main] DEBUG net.thucydides.core.reflection.ClassFinder - Could not load class META-INF.versions.9.org.junit.platform.commons.util.ModuleUtils
04:06:11.603 [main] DEBUG net.thucydides.core.reflection.ClassFinder - Could not load class com.google.gson.internal.
04:06:11.785 [main] DEBUG net.thucydides.core.reflection.ClassFinder - Could not load class com.sun.xml.bind.v2.runtime.output.FastInfosetStreamWriterOutput
04:06:12.210 [main] DEBUG net.thucydides.core.reflection.ClassFinder - Could not load class module-info
04:06:15.074 [main] DEBUG io.netty.util.internal.logging.InternalLoggerFactory - Using SLF4J as the default logging framework
04:06:15.076 [main] DEBUG io.netty.util.ResourceLeakDetector - -Dio.netty.leakDetection.level: simple
04:06:15.076 [main] DEBUG io.netty.util.ResourceLeakDetector - -Dio.netty.leakDetection.targetRecords: 4
04:06:15.079 [main] DEBUG io.netty.util.ResourceLeakDetectorFactory - Loaded default ResourceLeakDetector: io.netty.util.ResourceLeakDetector@7820a19d
04:06:15.097 [main] DEBUG io.netty.util.internal.PlatformDependent0 - -Dio.netty.noUnsafe: false
04:06:15.097 [main] DEBUG io.netty.util.internal.PlatformDependent0 - Java version: 13
04:06:15.098 [main] DEBUG io.netty.util.internal.PlatformDependent0 - sun.misc.Unsafe.theUnsafe: available
04:06:15.098 [main] DEBUG io.netty.util.internal.PlatformDependent0 - sun.misc.Unsafe.copyMemory: available
04:06:15.098 [main] DEBUG io.netty.util.internal.PlatformDependent0 - java.nio.Buffer.address: available
04:06:15.099 [main] DEBUG io.netty.util.internal.PlatformDependent0 - direct buffer constructor: unavailable: Reflective setAccessible(true) disabled
04:06:15.100 [main] DEBUG io.netty.util.internal.PlatformDependent0 - java.nio.Bits.unaligned: available, true
04:06:15.101 [main] DEBUG io.netty.util.internal.PlatformDependent0 - jdk.internal.misc.Unsafe.allocateUninitializedArray(int): unavailable: class io.netty.util.internal.PlatformDependent0$6 cannot access class jdk.internal.misc.Unsafe (in module java.base) because module java.base does not export jdk.internal.misc to unnamed module @51650883
04:06:15.102 [main] DEBUG io.netty.util.internal.PlatformDependent0 - java.nio.DirectByteBuffer.<init>(long, int): unavailable
04:06:15.102 [main] DEBUG io.netty.util.internal.PlatformDependent - sun.misc.Unsafe: available
04:06:15.104 [main] DEBUG io.netty.util.internal.PlatformDependent - maxDirectMemory: 2141192192 bytes (maybe)
04:06:15.104 [main] DEBUG io.netty.util.internal.PlatformDependent - -Dio.netty.tmpdir: C:\Users\alwi\AppData\Local\Temp (java.io.tmpdir)
04:06:15.104 [main] DEBUG io.netty.util.internal.PlatformDependent - -Dio.netty.bitMode: 64 (sun.arch.data.model)
04:06:15.104 [main] DEBUG io.netty.util.internal.PlatformDependent - Platform: Windows
04:06:15.105 [main] DEBUG io.netty.util.internal.PlatformDependent - -Dio.netty.maxDirectMemory: -1 bytes
04:06:15.105 [main] DEBUG io.netty.util.internal.PlatformDependent - -Dio.netty.uninitializedArrayAllocationThreshold: -1
04:06:15.106 [main] DEBUG io.netty.util.internal.CleanerJava9 - java.nio.ByteBuffer.cleaner(): available
04:06:15.106 [main] DEBUG io.netty.util.internal.PlatformDependent - -Dio.netty.noPreferDirect: false
04:06:15.114 [main] DEBUG io.netty.util.internal.PlatformDependent - org.jctools-core.MpscChunkedArrayQueue: available
04:06:15.131 [main] DEBUG io.netty.util.internal.InternalThreadLocalMap - -Dio.netty.threadLocalMap.stringBuilder.initialSize: 1024
04:06:15.131 [main] DEBUG io.netty.util.internal.InternalThreadLocalMap - -Dio.netty.threadLocalMap.stringBuilder.maxSize: 4096
04:06:15.171 [main] DEBUG io.netty.handler.ssl.JdkSslContext - Default protocols (JDK): [TLSv1.3, TLSv1.2, TLSv1.1, TLSv1] 
04:06:15.171 [main] DEBUG io.netty.handler.ssl.JdkSslContext - Default cipher suites (JDK): [TLS_ECDHE_ECDSA_WITH_AES_256_GCM_SHA384, TLS_ECDHE_ECDSA_WITH_AES_128_GCM_SHA256, TLS_ECDHE_RSA_WITH_AES_128_GCM_SHA256, TLS_ECDHE_RSA_WITH_AES_256_GCM_SHA384, TLS_ECDHE_RSA_WITH_AES_128_CBC_SHA, TLS_ECDHE_RSA_WITH_AES_256_CBC_SHA, TLS_RSA_WITH_AES_128_GCM_SHA256, TLS_RSA_WITH_AES_128_CBC_SHA, TLS_RSA_WITH_AES_256_CBC_SHA, TLS_AES_128_GCM_SHA256, TLS_AES_256_GCM_SHA384]
04:06:15.198 [main] DEBUG io.netty.channel.MultithreadEventLoopGroup - -Dio.netty.eventLoopThreads: 16
04:06:15.206 [main] DEBUG io.netty.channel.nio.NioEventLoop - -Dio.netty.noKeySetOptimization: false
04:06:15.206 [main] DEBUG io.netty.channel.nio.NioEventLoop - -Dio.netty.selectorAutoRebuildThreshold: 512
04:06:15.434 [main] DEBUG io.netty.buffer.PooledByteBufAllocator - -Dio.netty.allocator.numHeapArenas: 16
04:06:15.435 [main] DEBUG io.netty.buffer.PooledByteBufAllocator - -Dio.netty.allocator.numDirectArenas: 16
04:06:15.435 [main] DEBUG io.netty.buffer.PooledByteBufAllocator - -Dio.netty.allocator.pageSize: 8192
04:06:15.435 [main] DEBUG io.netty.buffer.PooledByteBufAllocator - -Dio.netty.allocator.maxOrder: 11
04:06:15.435 [main] DEBUG io.netty.buffer.PooledByteBufAllocator - -Dio.netty.allocator.chunkSize: 16777216
04:06:15.435 [main] DEBUG io.netty.buffer.PooledByteBufAllocator - -Dio.netty.allocator.smallCacheSize: 256
04:06:15.435 [main] DEBUG io.netty.buffer.PooledByteBufAllocator - -Dio.netty.allocator.normalCacheSize: 64
04:06:15.435 [main] DEBUG io.netty.buffer.PooledByteBufAllocator - -Dio.netty.allocator.maxCachedBufferCapacity: 32768
04:06:15.435 [main] DEBUG io.netty.buffer.PooledByteBufAllocator - -Dio.netty.allocator.cacheTrimInterval: 8192
04:06:15.435 [main] DEBUG io.netty.buffer.PooledByteBufAllocator - -Dio.netty.allocator.cacheTrimIntervalMillis: 0
04:06:15.435 [main] DEBUG io.netty.buffer.PooledByteBufAllocator - -Dio.netty.allocator.useCacheForAllThreads: true
04:06:15.435 [main] DEBUG io.netty.buffer.PooledByteBufAllocator - -Dio.netty.allocator.maxCachedByteBuffersPerChunk: 1023
04:06:15.444 [main] DEBUG io.netty.buffer.ByteBufUtil - -Dio.netty.allocator.type: pooled
04:06:15.444 [main] DEBUG io.netty.buffer.ByteBufUtil - -Dio.netty.threadLocalDirectBufferSize: 0
04:06:15.444 [main] DEBUG io.netty.buffer.ByteBufUtil - -Dio.netty.maxThreadLocalCharBufferSize: 16384
04:06:15.629 [main] DEBUG net.serenitybdd.core.webdriver.driverproviders.ProvideNewDriver - Instantiating driver
04:06:15.629 [main] DEBUG net.serenitybdd.core.webdriver.driverproviders.ProvideNewDriver - Driver capabilities: Capabilities {acceptInsecureCerts: false, base.url: https://alta-shop.vercel.app, browserName: chrome, chrome.driver: src/test/resources/webdrive..., driver: chrome, goog:chromeOptions: {args: [], extensions: []}}
04:06:16.347 [Forwarding newSession on session null to remote] DEBUG io.netty.channel.DefaultChannelId - -Dio.netty.processId: 8676 (auto-detected)
04:06:16.349 [Forwarding newSession on session null to remote] DEBUG io.netty.util.NetUtil - -Djava.net.preferIPv4Stack: false
04:06:16.349 [Forwarding newSession on session null to remote] DEBUG io.netty.util.NetUtil - -Djava.net.preferIPv6Addresses: false
04:06:16.532 [Forwarding newSession on session null to remote] DEBUG io.netty.util.NetUtilInitializations - Loopback interface: lo (Software Loopback Interface 1, 127.0.0.1)
04:06:16.533 [Forwarding newSession on session null to remote] DEBUG io.netty.util.NetUtil - Failed to get SOMAXCONN from sysctl and file \proc\sys\net\core\somaxconn. Default: 200
04:06:16.726 [Forwarding newSession on session null to remote] DEBUG io.netty.channel.DefaultChannelId - -Dio.netty.machineId: 50:3e:aa:ff:fe:ef:df:ab (auto-detected)
04:06:16.775 [AsyncHttpClient-1-2] DEBUG io.netty.buffer.AbstractByteBuf - -Dio.netty.buffer.checkAccessible: true
04:06:16.776 [AsyncHttpClient-1-2] DEBUG io.netty.buffer.AbstractByteBuf - -Dio.netty.buffer.checkBounds: true
04:06:16.776 [AsyncHttpClient-1-2] DEBUG io.netty.util.ResourceLeakDetectorFactory - Loaded default ResourceLeakDetector: io.netty.util.ResourceLeakDetector@1bb091cf
04:06:16.789 [AsyncHttpClient-1-2] DEBUG org.asynchttpclient.netty.channel.NettyConnectListener - Using new Channel '[id: 0xe0ab4454, L:/127.0.0.1:62082 - R:localhost/127.0.0.1:52984]' for 'POST' to '/session'
04:06:16.808 [AsyncHttpClient-1-2] DEBUG io.netty.util.Recycler - -Dio.netty.recycler.maxCapacityPerThread: 4096
04:06:16.808 [AsyncHttpClient-1-2] DEBUG io.netty.util.Recycler - -Dio.netty.recycler.ratio: 8
04:06:16.808 [AsyncHttpClient-1-2] DEBUG io.netty.util.Recycler - -Dio.netty.recycler.chunkSize: 32
04:06:16.808 [AsyncHttpClient-1-2] DEBUG io.netty.util.Recycler - -Dio.netty.recycler.blocking: false
04:06:17.456 [AsyncHttpClient-1-2] DEBUG io.netty.handler.codec.compression.Brotli - brotli4j not in the classpath; Brotli support will be unavailable.
04:06:17.457 [AsyncHttpClient-1-2] DEBUG org.asynchttpclient.netty.handler.HttpHandler - 

Request DefaultHttpRequest(decodeResult: success, version: HTTP/1.1)
POST /session HTTP/1.1
User-Agent: selenium/4.1.2 (java windows)
Content-Length: 609
Content-Type: application/json; charset=utf-8
host: localhost:52984
accept: */*

Response DefaultHttpResponse(decodeResult: success, version: HTTP/1.1)
HTTP/1.1 200 OK
Content-Type: application/json; charset=utf-8
cache-control: no-cache
content-length: 790

04:06:17.467 [AsyncHttpClient-1-2] DEBUG org.asynchttpclient.netty.channel.ChannelManager - Adding key: http://localhost:52984 for channel [id: 0xe0ab4454, L:/127.0.0.1:62082 - R:localhost/127.0.0.1:52984]
04:06:17.541 [AsyncHttpClient-1-3] DEBUG org.asynchttpclient.netty.channel.NettyConnectListener - Using new Channel '[id: 0x7398f351, L:/127.0.0.1:62089 - R:localhost/127.0.0.1:62083]' for 'GET' to '/json/version'
04:06:17.546 [AsyncHttpClient-1-3] DEBUG org.asynchttpclient.netty.handler.HttpHandler - 

Request DefaultFullHttpRequest(decodeResult: success, version: HTTP/1.1, content: EmptyByteBufBE)
GET /json/version HTTP/1.1
User-Agent: selenium/4.1.2 (java windows)
host: localhost:62083
accept: */*

Response DefaultHttpResponse(decodeResult: success, version: HTTP/1.1)
HTTP/1.1 200 OK
Content-Type: application/json; charset=UTF-8
content-length: 424

04:06:17.546 [AsyncHttpClient-1-3] DEBUG org.asynchttpclient.netty.channel.ChannelManager - Adding key: http://localhost:62083 for channel [id: 0x7398f351, L:/127.0.0.1:62089 - R:localhost/127.0.0.1:62083]
04:06:17.553 [main] DEBUG io.netty.util.internal.ThreadLocalRandom - -Dio.netty.initialSeedUniquifier: 0x4eae6d858955a51f
04:06:17.557 [AsyncHttpClient-1-4] DEBUG org.asynchttpclient.netty.channel.NettyConnectListener - Using new Channel '[id: 0x489955aa, L:/127.0.0.1:62090 - R:localhost/127.0.0.1:62083]' for 'GET' to '/devtools/browser/93869df2-9efc-4f5e-9e3e-7516ed6135f2'
04:06:17.562 [AsyncHttpClient-1-4] DEBUG org.asynchttpclient.netty.handler.WebSocketHandler - 

Request DefaultFullHttpRequest(decodeResult: success, version: HTTP/1.1, content: EmptyByteBufBE)
GET /devtools/browser/93869df2-9efc-4f5e-9e3e-7516ed6135f2 HTTP/1.1
upgrade: websocket
connection: upgrade
sec-websocket-key: LCY7GU5sWAxTPOazAXoAsQ==
sec-websocket-version: 13
origin: http://localhost:62083
host: localhost:62083
accept: */*
user-agent: AHC/2.1

Response DefaultHttpResponse(decodeResult: success, version: HTTP/1.1)
HTTP/1.1 101 WebSocket Protocol Handshake
Upgrade: WebSocket
Connection: Upgrade
Sec-WebSocket-Accept: AEmevoxV0rLkDxSGqAG7NEHKMkQ=

04:06:18.245 [main] DEBUG net.thucydides.core.reflection.ClassFinder - Could not load class .CucumberTestSuite
04:06:18.245 [main] DEBUG net.thucydides.core.reflection.ClassFinder - Could not load class .starter.pages.CategoryPage
04:06:18.245 [main] DEBUG net.thucydides.core.reflection.ClassFinder - Could not load class .starter.pages.HomePage
04:06:18.245 [main] DEBUG net.thucydides.core.reflection.ClassFinder - Could not load class .starter.pages.LoginPage
04:06:18.245 [main] DEBUG net.thucydides.core.reflection.ClassFinder - Could not load class .starter.pages.OrderPage
04:06:18.245 [main] DEBUG net.thucydides.core.reflection.ClassFinder - Could not load class .starter.pages.RegisterPage
04:06:18.245 [main] DEBUG net.thucydides.core.reflection.ClassFinder - Could not load class .starter.stepdefinitions.CategoryStep
04:06:18.245 [main] DEBUG net.thucydides.core.reflection.ClassFinder - Could not load class .starter.stepdefinitions.HomeStep
04:06:18.245 [main] DEBUG net.thucydides.core.reflection.ClassFinder - Could not load class .starter.stepdefinitions.LoginStep
04:06:18.246 [main] DEBUG net.thucydides.core.reflection.ClassFinder - Could not load class .starter.stepdefinitions.OrderStep
04:06:18.246 [main] DEBUG net.thucydides.core.reflection.ClassFinder - Could not load class .starter.stepdefinitions.RegisterStep
04:06:18.246 [main] DEBUG net.thucydides.core.reflection.ClassFinder - Could not load class META-INF.versions.9.com.sun.istack.logging.StackHelper
04:06:18.247 [main] DEBUG net.thucydides.core.reflection.ClassFinder - Could not load class META-INF.versions.9.com.sun.xml.bind.v2.runtime.reflect.opt.AccessorInjector
04:06:18.247 [main] DEBUG net.thucydides.core.reflection.ClassFinder - Could not load class META-INF.versions.9.com.sun.xml.bind.v2.runtime.reflect.opt.Injector
04:06:18.248 [main] DEBUG net.thucydides.core.reflection.ClassFinder - Could not load class META-INF.versions.9.com.sun.xml.bind.v2.runtime.reflect.opt.OptimizedAccessorFactory
04:06:18.248 [main] DEBUG net.thucydides.core.reflection.ClassFinder - Could not load class META-INF.versions.9.com.sun.xml.bind.v2.runtime.reflect.opt.OptimizedTransducedAccessorFactory
04:06:18.248 [main] DEBUG net.thucydides.core.reflection.ClassFinder - Could not load class META-INF.versions.9.io.opentelemetry.sdk.internal.CurrentJavaVersionSpecific
04:06:18.249 [main] DEBUG net.thucydides.core.reflection.ClassFinder - Could not load class META-INF.versions.9.io.opentelemetry.sdk.internal.Java9VersionSpecific
04:06:18.249 [main] DEBUG net.thucydides.core.reflection.ClassFinder - Could not load class META-INF.versions.9.javax.xml.bind.ModuleUtil
04:06:18.250 [main] DEBUG net.thucydides.core.reflection.ClassFinder - Could not load class META-INF.versions.9.module-info
04:06:18.250 [main] DEBUG net.thucydides.core.reflection.ClassFinder - Could not load class META-INF.versions.9.org.junit.platform.commons.util.ModuleUtils
04:06:18.254 [main] DEBUG net.thucydides.core.reflection.ClassFinder - Could not load class com.google.gson.internal.
04:06:18.256 [main] DEBUG net.thucydides.core.reflection.ClassFinder - Could not load class com.sun.xml.bind.v2.runtime.output.FastInfosetStreamWriterOutput
04:06:18.259 [main] DEBUG net.thucydides.core.reflection.ClassFinder - Could not load class module-info
04:06:18.282 [Forwarding get on session 65ac9d63bfb83d89d193cdbb484a2fcd to remote] DEBUG org.asynchttpclient.netty.request.NettyRequestSender - Using pooled Channel '[id: 0xe0ab4454, L:/127.0.0.1:62082 - R:localhost/127.0.0.1:52984]' for 'POST' to 'http://localhost:52984/session/65ac9d63bfb83d89d193cdbb484a2fcd/url'
04:06:18.282 [Forwarding get on session 65ac9d63bfb83d89d193cdbb484a2fcd to remote] DEBUG org.asynchttpclient.netty.request.NettyRequestSender - Using open Channel [id: 0xe0ab4454, L:/127.0.0.1:62082 - R:localhost/127.0.0.1:52984] for POST '/session/65ac9d63bfb83d89d193cdbb484a2fcd/url'
04:06:18.420 [AsyncHttpClient-1-1] DEBUG org.asynchttpclient.netty.channel.DefaultChannelPool - Entry count for : http://localhost:62083 : 1
04:06:18.839 [AsyncHttpClient-1-2] DEBUG org.asynchttpclient.netty.handler.HttpHandler - 

Request DefaultHttpRequest(decodeResult: success, version: HTTP/1.1)
POST /session/65ac9d63bfb83d89d193cdbb484a2fcd/url HTTP/1.1
User-Agent: selenium/4.1.2 (java windows)
Content-Length: 59
Content-Type: application/json; charset=utf-8
host: localhost:52984
accept: */*

Response DefaultHttpResponse(decodeResult: success, version: HTTP/1.1)
HTTP/1.1 200 OK
Content-Type: application/json; charset=utf-8
cache-control: no-cache
content-length: 14

04:06:18.840 [AsyncHttpClient-1-2] DEBUG org.asynchttpclient.netty.channel.ChannelManager - Adding key: http://localhost:52984 for channel [id: 0xe0ab4454, L:/127.0.0.1:62082 - R:localhost/127.0.0.1:52984]
04:06:18.848 [Forwarding setTimeout on session 65ac9d63bfb83d89d193cdbb484a2fcd to remote] DEBUG org.asynchttpclient.netty.request.NettyRequestSender - Using pooled Channel '[id: 0xe0ab4454, L:/127.0.0.1:62082 - R:localhost/127.0.0.1:52984]' for 'POST' to 'http://localhost:52984/session/65ac9d63bfb83d89d193cdbb484a2fcd/timeouts'
04:06:18.848 [Forwarding setTimeout on session 65ac9d63bfb83d89d193cdbb484a2fcd to remote] DEBUG org.asynchttpclient.netty.request.NettyRequestSender - Using open Channel [id: 0xe0ab4454, L:/127.0.0.1:62082 - R:localhost/127.0.0.1:52984] for POST '/session/65ac9d63bfb83d89d193cdbb484a2fcd/timeouts'
04:06:18.850 [AsyncHttpClient-1-2] DEBUG org.asynchttpclient.netty.handler.HttpHandler - 

Request DefaultHttpRequest(decodeResult: success, version: HTTP/1.1)
POST /session/65ac9d63bfb83d89d193cdbb484a2fcd/timeouts HTTP/1.1
User-Agent: selenium/4.1.2 (java windows)
Content-Length: 22
Content-Type: application/json; charset=utf-8
host: localhost:52984
accept: */*

Response DefaultHttpResponse(decodeResult: success, version: HTTP/1.1)
HTTP/1.1 200 OK
Content-Type: application/json; charset=utf-8
cache-control: no-cache
content-length: 14

04:06:18.850 [AsyncHttpClient-1-2] DEBUG org.asynchttpclient.netty.channel.ChannelManager - Adding key: http://localhost:52984 for channel [id: 0xe0ab4454, L:/127.0.0.1:62082 - R:localhost/127.0.0.1:52984]
04:06:18.857 [Forwarding getCurrentUrl on session 65ac9d63bfb83d89d193cdbb484a2fcd to remote] DEBUG org.asynchttpclient.netty.request.NettyRequestSender - Using pooled Channel '[id: 0xe0ab4454, L:/127.0.0.1:62082 - R:localhost/127.0.0.1:52984]' for 'GET' to 'http://localhost:52984/session/65ac9d63bfb83d89d193cdbb484a2fcd/url'
04:06:18.857 [Forwarding getCurrentUrl on session 65ac9d63bfb83d89d193cdbb484a2fcd to remote] DEBUG org.asynchttpclient.netty.request.NettyRequestSender - Using open Channel [id: 0xe0ab4454, L:/127.0.0.1:62082 - R:localhost/127.0.0.1:52984] for GET '/session/65ac9d63bfb83d89d193cdbb484a2fcd/url'
04:06:18.863 [AsyncHttpClient-1-2] DEBUG org.asynchttpclient.netty.handler.HttpHandler - 

Request DefaultFullHttpRequest(decodeResult: success, version: HTTP/1.1, content: EmptyByteBufBE)
GET /session/65ac9d63bfb83d89d193cdbb484a2fcd/url HTTP/1.1
User-Agent: selenium/4.1.2 (java windows)
Cache-Control: no-cache
Content-Type: application/json; charset=utf-8
host: localhost:52984
accept: */*

Response DefaultHttpResponse(decodeResult: success, version: HTTP/1.1)
HTTP/1.1 200 OK
Content-Type: application/json; charset=utf-8
cache-control: no-cache
content-length: 41

04:06:18.864 [AsyncHttpClient-1-2] DEBUG org.asynchttpclient.netty.channel.ChannelManager - Adding key: http://localhost:52984 for channel [id: 0xe0ab4454, L:/127.0.0.1:62082 - R:localhost/127.0.0.1:52984]
  &amp#27;[32mGiven &amp#27;[0m&amp#27;[32mI am on the home page&amp#27;[0m &amp#27;[90m# starter.stepdefinitions.HomeStep.iAmOnTheHomePage()&amp#27;[0m
04:06:18.909 [main] DEBUG net.serenitybdd.core.photography.Darkroom - Opening darkroom
04:06:18.910 [Darkroom Processing Line] DEBUG net.serenitybdd.core.photography.DarkroomProcessingLine - Darkroom processing line starting up
04:06:18.911 [Forwarding screenshot on session 65ac9d63bfb83d89d193cdbb484a2fcd to remote] DEBUG org.asynchttpclient.netty.request.NettyRequestSender - Using pooled Channel '[id: 0xe0ab4454, L:/127.0.0.1:62082 - R:localhost/127.0.0.1:52984]' for 'GET' to 'http://localhost:52984/session/65ac9d63bfb83d89d193cdbb484a2fcd/screenshot'
04:06:18.911 [Forwarding screenshot on session 65ac9d63bfb83d89d193cdbb484a2fcd to remote] DEBUG org.asynchttpclient.netty.request.NettyRequestSender - Using open Channel [id: 0xe0ab4454, L:/127.0.0.1:62082 - R:localhost/127.0.0.1:52984] for GET '/session/65ac9d63bfb83d89d193cdbb484a2fcd/screenshot'
04:06:19.046 [AsyncHttpClient-1-2] DEBUG org.asynchttpclient.netty.handler.HttpHandler - 

Request DefaultFullHttpRequest(decodeResult: success, version: HTTP/1.1, content: EmptyByteBufBE)
GET /session/65ac9d63bfb83d89d193cdbb484a2fcd/screenshot HTTP/1.1
User-Agent: selenium/4.1.2 (java windows)
Cache-Control: no-cache
Content-Type: application/json; charset=utf-8
host: localhost:52984
accept: */*

Response DefaultHttpResponse(decodeResult: success, version: HTTP/1.1)
HTTP/1.1 200 OK
Content-Type: application/json; charset=utf-8
cache-control: no-cache
content-length: 27172

04:06:19.047 [AsyncHttpClient-1-2] DEBUG org.asynchttpclient.netty.channel.ChannelManager - Adding key: http://localhost:52984 for channel [id: 0xe0ab4454, L:/127.0.0.1:62082 - R:localhost/127.0.0.1:52984]
04:06:19.107 [main] DEBUG net.serenitybdd.core.photography.Darkroom - Send negative for processing for target\site\serenity\b9cd768efc898737d6c074055f49f7d4299f6678b0af8de03615cfe287d026f5.png
04:06:19.107 [Darkroom Processing Line] DEBUG net.serenitybdd.core.photography.DarkroomProcessingLine - Processing screenshot image in /var/screenshots/screenshot-6994003771575342030
04:06:19.107 [Darkroom Processing Line] DEBUG net.serenitybdd.core.photography.DarkroomProcessingLine - Saving screenshot to target\site\serenity\b9cd768efc898737d6c074055f49f7d4299f6678b0af8de03615cfe287d026f5.png
04:06:19.123 [Forwarding findElement on session 65ac9d63bfb83d89d193cdbb484a2fcd to remote] DEBUG org.asynchttpclient.netty.request.NettyRequestSender - Using pooled Channel '[id: 0xe0ab4454, L:/127.0.0.1:62082 - R:localhost/127.0.0.1:52984]' for 'POST' to 'http://localhost:52984/session/65ac9d63bfb83d89d193cdbb484a2fcd/element'
04:06:19.124 [Forwarding findElement on session 65ac9d63bfb83d89d193cdbb484a2fcd to remote] DEBUG org.asynchttpclient.netty.request.NettyRequestSender - Using open Channel [id: 0xe0ab4454, L:/127.0.0.1:62082 - R:localhost/127.0.0.1:52984] for POST '/session/65ac9d63bfb83d89d193cdbb484a2fcd/element'
04:06:19.519 [AsyncHttpClient-1-1] DEBUG org.asynchttpclient.netty.channel.DefaultChannelPool - Entry count for : http://localhost:62083 : 1
04:06:20.410 [AsyncHttpClient-1-2] DEBUG org.asynchttpclient.netty.handler.HttpHandler - 

Request DefaultHttpRequest(decodeResult: success, version: HTTP/1.1)
POST /session/65ac9d63bfb83d89d193cdbb484a2fcd/element HTTP/1.1
User-Agent: selenium/4.1.2 (java windows)
Content-Length: 71
Content-Type: application/json; charset=utf-8
host: localhost:52984
accept: */*

Response DefaultHttpResponse(decodeResult: success, version: HTTP/1.1)
HTTP/1.1 200 OK
Content-Type: application/json; charset=utf-8
cache-control: no-cache
content-length: 88

04:06:20.411 [AsyncHttpClient-1-2] DEBUG org.asynchttpclient.netty.channel.ChannelManager - Adding key: http://localhost:52984 for channel [id: 0xe0ab4454, L:/127.0.0.1:62082 - R:localhost/127.0.0.1:52984]
04:06:20.415 [Forwarding getElementTagName on session 65ac9d63bfb83d89d193cdbb484a2fcd to remote] DEBUG org.asynchttpclient.netty.request.NettyRequestSender - Using pooled Channel '[id: 0xe0ab4454, L:/127.0.0.1:62082 - R:localhost/127.0.0.1:52984]' for 'GET' to 'http://localhost:52984/session/65ac9d63bfb83d89d193cdbb484a2fcd/element/a49ebed6-4f14-497b-9d7d-535cce9361f3/name'
04:06:20.415 [Forwarding getElementTagName on session 65ac9d63bfb83d89d193cdbb484a2fcd to remote] DEBUG org.asynchttpclient.netty.request.NettyRequestSender - Using open Channel [id: 0xe0ab4454, L:/127.0.0.1:62082 - R:localhost/127.0.0.1:52984] for GET '/session/65ac9d63bfb83d89d193cdbb484a2fcd/element/a49ebed6-4f14-497b-9d7d-535cce9361f3/name'
04:06:20.420 [AsyncHttpClient-1-2] DEBUG org.asynchttpclient.netty.handler.HttpHandler - 

Request DefaultFullHttpRequest(decodeResult: success, version: HTTP/1.1, content: EmptyByteBufBE)
GET /session/65ac9d63bfb83d89d193cdbb484a2fcd/element/a49ebed6-4f14-497b-9d7d-535cce9361f3/name HTTP/1.1
User-Agent: selenium/4.1.2 (java windows)
Cache-Control: no-cache
Content-Type: application/json; charset=utf-8
host: localhost:52984
accept: */*

Response DefaultHttpResponse(decodeResult: success, version: HTTP/1.1)
HTTP/1.1 200 OK
Content-Type: application/json; charset=utf-8
cache-control: no-cache
content-length: 16

04:06:20.420 [AsyncHttpClient-1-2] DEBUG org.asynchttpclient.netty.channel.ChannelManager - Adding key: http://localhost:52984 for channel [id: 0xe0ab4454, L:/127.0.0.1:62082 - R:localhost/127.0.0.1:52984]
04:06:20.422 [Forwarding getElementTagName on session 65ac9d63bfb83d89d193cdbb484a2fcd to remote] DEBUG org.asynchttpclient.netty.request.NettyRequestSender - Using pooled Channel '[id: 0xe0ab4454, L:/127.0.0.1:62082 - R:localhost/127.0.0.1:52984]' for 'GET' to 'http://localhost:52984/session/65ac9d63bfb83d89d193cdbb484a2fcd/element/a49ebed6-4f14-497b-9d7d-535cce9361f3/name'
04:06:20.422 [Forwarding getElementTagName on session 65ac9d63bfb83d89d193cdbb484a2fcd to remote] DEBUG org.asynchttpclient.netty.request.NettyRequestSender - Using open Channel [id: 0xe0ab4454, L:/127.0.0.1:62082 - R:localhost/127.0.0.1:52984] for GET '/session/65ac9d63bfb83d89d193cdbb484a2fcd/element/a49ebed6-4f14-497b-9d7d-535cce9361f3/name'
04:06:20.426 [AsyncHttpClient-1-2] DEBUG org.asynchttpclient.netty.handler.HttpHandler - 

Request DefaultFullHttpRequest(decodeResult: success, version: HTTP/1.1, content: EmptyByteBufBE)
GET /session/65ac9d63bfb83d89d193cdbb484a2fcd/element/a49ebed6-4f14-497b-9d7d-535cce9361f3/name HTTP/1.1
User-Agent: selenium/4.1.2 (java windows)
Cache-Control: no-cache
Content-Type: application/json; charset=utf-8
host: localhost:52984
accept: */*

Response DefaultHttpResponse(decodeResult: success, version: HTTP/1.1)
HTTP/1.1 200 OK
Content-Type: application/json; charset=utf-8
cache-control: no-cache
content-length: 16

04:06:20.426 [AsyncHttpClient-1-2] DEBUG org.asynchttpclient.netty.channel.ChannelManager - Adding key: http://localhost:52984 for channel [id: 0xe0ab4454, L:/127.0.0.1:62082 - R:localhost/127.0.0.1:52984]
04:06:20.429 [Forwarding findElement on session 65ac9d63bfb83d89d193cdbb484a2fcd to remote] DEBUG org.asynchttpclient.netty.request.NettyRequestSender - Using pooled Channel '[id: 0xe0ab4454, L:/127.0.0.1:62082 - R:localhost/127.0.0.1:52984]' for 'POST' to 'http://localhost:52984/session/65ac9d63bfb83d89d193cdbb484a2fcd/element'
04:06:20.429 [Forwarding findElement on session 65ac9d63bfb83d89d193cdbb484a2fcd to remote] DEBUG org.asynchttpclient.netty.request.NettyRequestSender - Using open Channel [id: 0xe0ab4454, L:/127.0.0.1:62082 - R:localhost/127.0.0.1:52984] for POST '/session/65ac9d63bfb83d89d193cdbb484a2fcd/element'
04:06:20.436 [AsyncHttpClient-1-2] DEBUG org.asynchttpclient.netty.handler.HttpHandler - 

Request DefaultHttpRequest(decodeResult: success, version: HTTP/1.1)
POST /session/65ac9d63bfb83d89d193cdbb484a2fcd/element HTTP/1.1
User-Agent: selenium/4.1.2 (java windows)
Content-Length: 71
Content-Type: application/json; charset=utf-8
host: localhost:52984
accept: */*

Response DefaultHttpResponse(decodeResult: success, version: HTTP/1.1)
HTTP/1.1 200 OK
Content-Type: application/json; charset=utf-8
cache-control: no-cache
content-length: 88

04:06:20.436 [AsyncHttpClient-1-2] DEBUG org.asynchttpclient.netty.channel.ChannelManager - Adding key: http://localhost:52984 for channel [id: 0xe0ab4454, L:/127.0.0.1:62082 - R:localhost/127.0.0.1:52984]
04:06:20.438 [Forwarding clickElement on session 65ac9d63bfb83d89d193cdbb484a2fcd to remote] DEBUG org.asynchttpclient.netty.request.NettyRequestSender - Using pooled Channel '[id: 0xe0ab4454, L:/127.0.0.1:62082 - R:localhost/127.0.0.1:52984]' for 'POST' to 'http://localhost:52984/session/65ac9d63bfb83d89d193cdbb484a2fcd/element/a49ebed6-4f14-497b-9d7d-535cce9361f3/click'
04:06:20.438 [Forwarding clickElement on session 65ac9d63bfb83d89d193cdbb484a2fcd to remote] DEBUG org.asynchttpclient.netty.request.NettyRequestSender - Using open Channel [id: 0xe0ab4454, L:/127.0.0.1:62082 - R:localhost/127.0.0.1:52984] for POST '/session/65ac9d63bfb83d89d193cdbb484a2fcd/element/a49ebed6-4f14-497b-9d7d-535cce9361f3/click'
04:06:20.471 [AsyncHttpClient-1-2] DEBUG org.asynchttpclient.netty.handler.HttpHandler - 

Request DefaultHttpRequest(decodeResult: success, version: HTTP/1.1)
POST /session/65ac9d63bfb83d89d193cdbb484a2fcd/element/a49ebed6-4f14-497b-9d7d-535cce9361f3/click HTTP/1.1
User-Agent: selenium/4.1.2 (java windows)
Content-Length: 50
Content-Type: application/json; charset=utf-8
host: localhost:52984
accept: */*

Response DefaultHttpResponse(decodeResult: success, version: HTTP/1.1)
HTTP/1.1 200 OK
Content-Type: application/json; charset=utf-8
cache-control: no-cache
content-length: 14

04:06:20.472 [AsyncHttpClient-1-2] DEBUG org.asynchttpclient.netty.channel.ChannelManager - Adding key: http://localhost:52984 for channel [id: 0xe0ab4454, L:/127.0.0.1:62082 - R:localhost/127.0.0.1:52984]
  &amp#27;[32mWhen &amp#27;[0m&amp#27;[32mI click button detail&amp#27;[0m  &amp#27;[90m# starter.stepdefinitions.HomeStep.iClickButtonDetail()&amp#27;[0m
04:06:20.484 [Forwarding screenshot on session 65ac9d63bfb83d89d193cdbb484a2fcd to remote] DEBUG org.asynchttpclient.netty.request.NettyRequestSender - Using pooled Channel '[id: 0xe0ab4454, L:/127.0.0.1:62082 - R:localhost/127.0.0.1:52984]' for 'GET' to 'http://localhost:52984/session/65ac9d63bfb83d89d193cdbb484a2fcd/screenshot'
04:06:20.484 [Forwarding screenshot on session 65ac9d63bfb83d89d193cdbb484a2fcd to remote] DEBUG org.asynchttpclient.netty.request.NettyRequestSender - Using open Channel [id: 0xe0ab4454, L:/127.0.0.1:62082 - R:localhost/127.0.0.1:52984] for GET '/session/65ac9d63bfb83d89d193cdbb484a2fcd/screenshot'
04:06:20.619 [AsyncHttpClient-1-1] DEBUG org.asynchttpclient.netty.channel.DefaultChannelPool - Entry count for : http://localhost:62083 : 1
04:06:20.685 [AsyncHttpClient-1-2] DEBUG org.asynchttpclient.netty.handler.HttpHandler - 

Request DefaultFullHttpRequest(decodeResult: success, version: HTTP/1.1, content: EmptyByteBufBE)
GET /session/65ac9d63bfb83d89d193cdbb484a2fcd/screenshot HTTP/1.1
User-Agent: selenium/4.1.2 (java windows)
Cache-Control: no-cache
Content-Type: application/json; charset=utf-8
host: localhost:52984
accept: */*

Response DefaultHttpResponse(decodeResult: success, version: HTTP/1.1)
HTTP/1.1 200 OK
Content-Type: application/json; charset=utf-8
cache-control: no-cache
content-length: 15128

04:06:20.686 [AsyncHttpClient-1-2] DEBUG org.asynchttpclient.netty.channel.ChannelManager - Adding key: http://localhost:52984 for channel [id: 0xe0ab4454, L:/127.0.0.1:62082 - R:localhost/127.0.0.1:52984]
04:06:20.689 [main] DEBUG net.serenitybdd.core.photography.Darkroom - Send negative for processing for target\site\serenity\7f50d89af72764d28dc1d9a71ea58577e8755f31a316987faef45e1987df4a63.png
04:06:20.689 [Darkroom Processing Line] DEBUG net.serenitybdd.core.photography.DarkroomProcessingLine - Processing screenshot image in /var/screenshots/screenshot-10356272804763331099
04:06:20.689 [Darkroom Processing Line] DEBUG net.serenitybdd.core.photography.DarkroomProcessingLine - Saving screenshot to target\site\serenity\7f50d89af72764d28dc1d9a71ea58577e8755f31a316987faef45e1987df4a63.png
04:06:20.698 [Forwarding get on session 65ac9d63bfb83d89d193cdbb484a2fcd to remote] DEBUG org.asynchttpclient.netty.request.NettyRequestSender - Using pooled Channel '[id: 0xe0ab4454, L:/127.0.0.1:62082 - R:localhost/127.0.0.1:52984]' for 'POST' to 'http://localhost:52984/session/65ac9d63bfb83d89d193cdbb484a2fcd/url'
04:06:20.698 [Forwarding get on session 65ac9d63bfb83d89d193cdbb484a2fcd to remote] DEBUG org.asynchttpclient.netty.request.NettyRequestSender - Using open Channel [id: 0xe0ab4454, L:/127.0.0.1:62082 - R:localhost/127.0.0.1:52984] for POST '/session/65ac9d63bfb83d89d193cdbb484a2fcd/url'
04:06:20.859 [AsyncHttpClient-1-2] DEBUG org.asynchttpclient.netty.handler.HttpHandler - 

Request DefaultHttpRequest(decodeResult: success, version: HTTP/1.1)
POST /session/65ac9d63bfb83d89d193cdbb484a2fcd/url HTTP/1.1
User-Agent: selenium/4.1.2 (java windows)
Content-Length: 74
Content-Type: application/json; charset=utf-8
host: localhost:52984
accept: */*

Response DefaultHttpResponse(decodeResult: success, version: HTTP/1.1)
HTTP/1.1 200 OK
Content-Type: application/json; charset=utf-8
cache-control: no-cache
content-length: 14

04:06:20.859 [AsyncHttpClient-1-2] DEBUG org.asynchttpclient.netty.channel.ChannelManager - Adding key: http://localhost:52984 for channel [id: 0xe0ab4454, L:/127.0.0.1:62082 - R:localhost/127.0.0.1:52984]
04:06:20.863 [Forwarding getCurrentUrl on session 65ac9d63bfb83d89d193cdbb484a2fcd to remote] DEBUG org.asynchttpclient.netty.request.NettyRequestSender - Using pooled Channel '[id: 0xe0ab4454, L:/127.0.0.1:62082 - R:localhost/127.0.0.1:52984]' for 'GET' to 'http://localhost:52984/session/65ac9d63bfb83d89d193cdbb484a2fcd/url'
04:06:20.864 [Forwarding getCurrentUrl on session 65ac9d63bfb83d89d193cdbb484a2fcd to remote] DEBUG org.asynchttpclient.netty.request.NettyRequestSender - Using open Channel [id: 0xe0ab4454, L:/127.0.0.1:62082 - R:localhost/127.0.0.1:52984] for GET '/session/65ac9d63bfb83d89d193cdbb484a2fcd/url'
04:06:20.868 [AsyncHttpClient-1-2] DEBUG org.asynchttpclient.netty.handler.HttpHandler - 

Request DefaultFullHttpRequest(decodeResult: success, version: HTTP/1.1, content: EmptyByteBufBE)
GET /session/65ac9d63bfb83d89d193cdbb484a2fcd/url HTTP/1.1
User-Agent: selenium/4.1.2 (java windows)
Cache-Control: no-cache
Content-Type: application/json; charset=utf-8
host: localhost:52984
accept: */*

Response DefaultHttpResponse(decodeResult: success, version: HTTP/1.1)
HTTP/1.1 200 OK
Content-Type: application/json; charset=utf-8
cache-control: no-cache
content-length: 51

04:06:20.868 [AsyncHttpClient-1-2] DEBUG org.asynchttpclient.netty.channel.ChannelManager - Adding key: http://localhost:52984 for channel [id: 0xe0ab4454, L:/127.0.0.1:62082 - R:localhost/127.0.0.1:52984]
  &amp#27;[32mThen &amp#27;[0m&amp#27;[32mI will get the detail&amp#27;[0m  &amp#27;[90m# starter.stepdefinitions.HomeStep.iWillGetTheDetail()&amp#27;[0m
04:06:20.874 [Forwarding screenshot on session 65ac9d63bfb83d89d193cdbb484a2fcd to remote] DEBUG org.asynchttpclient.netty.request.NettyRequestSender - Using pooled Channel '[id: 0xe0ab4454, L:/127.0.0.1:62082 - R:localhost/127.0.0.1:52984]' for 'GET' to 'http://localhost:52984/session/65ac9d63bfb83d89d193cdbb484a2fcd/screenshot'
04:06:20.874 [Forwarding screenshot on session 65ac9d63bfb83d89d193cdbb484a2fcd to remote] DEBUG org.asynchttpclient.netty.request.NettyRequestSender - Using open Channel [id: 0xe0ab4454, L:/127.0.0.1:62082 - R:localhost/127.0.0.1:52984] for GET '/session/65ac9d63bfb83d89d193cdbb484a2fcd/screenshot'
04:06:20.994 [AsyncHttpClient-1-2] DEBUG org.asynchttpclient.netty.handler.HttpHandler - 

Request DefaultFullHttpRequest(decodeResult: success, version: HTTP/1.1, content: EmptyByteBufBE)
GET /session/65ac9d63bfb83d89d193cdbb484a2fcd/screenshot HTTP/1.1
User-Agent: selenium/4.1.2 (java windows)
Cache-Control: no-cache
Content-Type: application/json; charset=utf-8
host: localhost:52984
accept: */*

Response DefaultHttpResponse(decodeResult: success, version: HTTP/1.1)
HTTP/1.1 200 OK
Content-Type: application/json; charset=utf-8
cache-control: no-cache
content-length: 14968

04:06:20.994 [AsyncHttpClient-1-2] DEBUG org.asynchttpclient.netty.channel.ChannelManager - Adding key: http://localhost:52984 for channel [id: 0xe0ab4454, L:/127.0.0.1:62082 - R:localhost/127.0.0.1:52984]
04:06:20.996 [main] DEBUG net.serenitybdd.core.photography.Darkroom - Send negative for processing for target\site\serenity\1804524c504c3fd1e5393d0675452b92639d9fb4178230ebfd0b6c0b396d7b7b.png
04:06:20.997 [Darkroom Processing Line] DEBUG net.serenitybdd.core.photography.DarkroomProcessingLine - Processing screenshot image in /var/screenshots/screenshot-13840829966737707443
04:06:20.997 [Darkroom Processing Line] DEBUG net.serenitybdd.core.photography.DarkroomProcessingLine - Saving screenshot to target\site\serenity\1804524c504c3fd1e5393d0675452b92639d9fb4178230ebfd0b6c0b396d7b7b.png
04:06:21.000 [main] INFO  - 
  _____   ___   ___   _____     ___     _     ___   ___   ___   ___  
 |_   _| | __| / __| |_   _|   | _ \   /_\   / __| / __| | __| |   \ 
   | |   | _|  \__ \   | |     |  _/  / _ \  \__ \ \__ \ | _|  | |) |
   |_|   |___| |___/   |_|     |_|   /_/ \_\ |___/ |___/ |___| |___/ 

Home detail product
----------------------------------------------------------------------
04:06:21.109 [Driver Command Executor] DEBUG org.asynchttpclient.netty.request.NettyRequestSender - Using pooled Channel '[id: 0xe0ab4454, L:/127.0.0.1:62082 - R:localhost/127.0.0.1:52984]' for 'DELETE' to 'http://localhost:52984/session/65ac9d63bfb83d89d193cdbb484a2fcd'
04:06:21.109 [Driver Command Executor] DEBUG org.asynchttpclient.netty.request.NettyRequestSender - Using open Channel [id: 0xe0ab4454, L:/127.0.0.1:62082 - R:localhost/127.0.0.1:52984] for DELETE '/session/65ac9d63bfb83d89d193cdbb484a2fcd'
04:06:21.110 [AsyncHttpClient-1-4] DEBUG org.asynchttpclient.netty.handler.WebSocketHandler - Channel Closed: [id: 0x489955aa, L:/127.0.0.1:62090 ! R:localhost/127.0.0.1:62083] with attribute NettyResponseFuture{currentRetry=5,
	isDone=1,
	isCancelled=0,
	asyncHandler=org.asynchttpclient.ws.WebSocketUpgradeHandler@278f19ea,
	nettyRequest=org.asynchttpclient.netty.request.NettyRequest@34e175a2,
	future=java.util.concurrent.CompletableFuture@248e0aa6[Completed normally],
	uri=ws://localhost:62083/devtools/browser/93869df2-9efc-4f5e-9e3e-7516ed6135f2,
	keepAlive=true,
	redirectCount=0,
	timeoutsHolder=null,
	inAuth=0,
	touch=1666731977577}
04:06:21.111 [AsyncHttpClient-1-4] DEBUG org.asynchttpclient.netty.channel.ChannelManager - Closing Channel [id: 0x489955aa, L:/127.0.0.1:62090 ! R:localhost/127.0.0.1:62083] 
04:06:21.144 [AsyncHttpClient-1-3] DEBUG org.asynchttpclient.netty.handler.HttpHandler - Unexpected I/O exception on channel [id: 0x7398f351, L:/127.0.0.1:62089 - R:localhost/127.0.0.1:62083]
java.net.SocketException: Connection reset
	at java.base/sun.nio.ch.SocketChannelImpl.throwConnectionReset(SocketChannelImpl.java:345)
	at java.base/sun.nio.ch.SocketChannelImpl.read(SocketChannelImpl.java:376)
	at io.netty.buffer.PooledByteBuf.setBytes(PooledByteBuf.java:258)
	at io.netty.buffer.AbstractByteBuf.writeBytes(AbstractByteBuf.java:1132)
	at io.netty.channel.socket.nio.NioSocketChannel.doReadBytes(NioSocketChannel.java:350)
	at io.netty.channel.nio.AbstractNioByteChannel$NioByteUnsafe.read(AbstractNioByteChannel.java:151)
	at io.netty.channel.nio.NioEventLoop.processSelectedKey(NioEventLoop.java:722)
	at io.netty.channel.nio.NioEventLoop.processSelectedKeysOptimized(NioEventLoop.java:658)
	at io.netty.channel.nio.NioEventLoop.processSelectedKeys(NioEventLoop.java:584)
	at io.netty.channel.nio.NioEventLoop.run(NioEventLoop.java:496)
	at io.netty.util.concurrent.SingleThreadEventExecutor$4.run(SingleThreadEventExecutor.java:986)
	at io.netty.util.internal.ThreadExecutorMap$2.run(ThreadExecutorMap.java:74)
	at io.netty.util.concurrent.FastThreadLocalRunnable.run(FastThreadLocalRunnable.java:30)
	at java.base/java.lang.Thread.run(Thread.java:830)
04:06:21.144 [AsyncHttpClient-1-3] DEBUG org.asynchttpclient.netty.channel.ChannelManager - Closing Channel [id: 0x7398f351, L:/127.0.0.1:62089 - R:localhost/127.0.0.1:62083] 
04:06:21.146 [AsyncHttpClient-1-3] DEBUG org.asynchttpclient.netty.handler.HttpHandler - Channel Closed: [id: 0x7398f351, L:/127.0.0.1:62089 ! R:localhost/127.0.0.1:62083] with attribute DISCARD
04:06:21.155 [AsyncHttpClient-1-2] DEBUG org.asynchttpclient.netty.handler.HttpHandler - 

Request DefaultFullHttpRequest(decodeResult: success, version: HTTP/1.1, content: EmptyByteBufBE)
DELETE /session/65ac9d63bfb83d89d193cdbb484a2fcd HTTP/1.1
User-Agent: selenium/4.1.2 (java windows)
Content-Type: application/json; charset=utf-8
host: localhost:52984
accept: */*

Response DefaultHttpResponse(decodeResult: success, version: HTTP/1.1)
HTTP/1.1 200 OK
Content-Type: application/json; charset=utf-8
cache-control: no-cache
content-length: 14

04:06:21.155 [AsyncHttpClient-1-2] DEBUG org.asynchttpclient.netty.channel.ChannelManager - Adding key: http://localhost:52984 for channel [id: 0xe0ab4454, L:/127.0.0.1:62082 - R:localhost/127.0.0.1:52984]
04:06:21.214 [AsyncHttpClient-1-2] DEBUG org.asynchttpclient.netty.handler.HttpHandler - Channel Closed: [id: 0xe0ab4454, L:/127.0.0.1:62082 ! R:localhost/127.0.0.1:52984] with attribute DISCARD
04:06:21.729 [AsyncHttpClient-1-1] DEBUG org.asynchttpclient.netty.channel.DefaultChannelPool - Entry count for : http://localhost:62083 : 1
04:06:21.729 [AsyncHttpClient-1-1] DEBUG org.asynchttpclient.netty.channel.DefaultChannelPool - Entry count for : http://localhost:52984 : 1
04:06:21.730 [AsyncHttpClient-1-1] DEBUG org.asynchttpclient.netty.channel.DefaultChannelPool - Adding Candidate expired Channel [id: 0x7398f351, L:/127.0.0.1:62089 ! R:localhost/127.0.0.1:62083] isIdleTimeoutExpired=false isRemotelyClosed=true isTtlExpired=false
04:06:21.730 [AsyncHttpClient-1-1] DEBUG org.asynchttpclient.netty.channel.DefaultChannelPool - Closing Idle Channel [id: 0x7398f351, L:/127.0.0.1:62089 ! R:localhost/127.0.0.1:62083]
04:06:21.731 [AsyncHttpClient-1-1] DEBUG org.asynchttpclient.netty.channel.DefaultChannelPool - Adding Candidate expired Channel [id: 0xe0ab4454, L:/127.0.0.1:62082 ! R:localhost/127.0.0.1:52984] isIdleTimeoutExpired=false isRemotelyClosed=true isTtlExpired=false
04:06:21.732 [AsyncHttpClient-1-1] DEBUG org.asynchttpclient.netty.channel.DefaultChannelPool - Closing Idle Channel [id: 0xe0ab4454, L:/127.0.0.1:62082 ! R:localhost/127.0.0.1:52984]
04:06:21.732 [AsyncHttpClient-1-1] DEBUG org.asynchttpclient.netty.channel.DefaultChannelPool - Closed 2 connections out of 2 in 3 ms
]]></system-out>
    <system-err><![CDATA[Starting ChromeDriver 105.0.5195.52 (412c95e518836d8a7d97250d62b29c2ae6a26a85-refs/branch-heads/5195@{#853}) on port 52984
Only local connections are allowed.
Please see https://chromedriver.chromium.org/security-considerations for suggestions on keeping ChromeDriver safe.
ChromeDriver was started successfully.
[1666731977.430][WARNING]: This version of ChromeDriver has not been tested with Chrome version 106.
Okt 26, 2022 4:06:17 AM org.openqa.selenium.remote.ProtocolHandshake createSession
INFO: Detected dialect: W3C
Okt 26, 2022 4:06:17 AM org.openqa.selenium.devtools.CdpVersionFinder findNearestMatch
WARNING: Unable to find an exact match for CDP version 106, so returning the closest version found: a no-op implementation
Okt 26, 2022 4:06:17 AM org.openqa.selenium.devtools.CdpVersionFinder findNearestMatch
INFO: Unable to find CDP implementation matching 106.
Okt 26, 2022 4:06:17 AM org.openqa.selenium.chromium.ChromiumDriver lambda$new$3
WARNING: Unable to find version of CDP to use for . You may need to include a dependency on a specific version of the CDP using something similar to `org.seleniumhq.selenium:selenium-devtools-v86:4.1.2` where the version ("v86") matches the version of the chromium-based browser you're using and the version number of the artifact is the same as Selenium's.
]]></system-err>
  </testcase>
  <testcase name="Home product to buy" classname="Home" time="4.95">
    <system-out><![CDATA[
Scenario: Home product to buy          &amp#27;[90m# src/test/resources/features/Home.feature:11&amp#27;[0m
04:06:21.750 [main] INFO io.cucumber.core.plugin.SerenityReporter - Running feature from file:///C:/Users/alwi/IdeaProjects/AltaShop/src/test/resources/features/Home.feature
04:06:21.753 [main] INFO  - 
  _____   ___   ___   _____     ___   _____     _     ___   _____   ___   ___  
 |_   _| | __| / __| |_   _|   / __| |_   _|   /_\   | _ \ |_   _| | __| |   \ 
   | |   | _|  \__ \   | |     \__ \   | |    / _ \  |   /   | |   | _|  | |) |
   |_|   |___| |___/   |_|     |___/   |_|   /_/ \_\ |_|_\   |_|   |___| |___/ 

Home product to buy(home;home-product-to-buy)
--------------------------------------------------------------------------------
04:06:21.772 [main] INFO net.serenitybdd.core.webdriver.driverproviders.ChromeDriverProvider - Using automatically driver download
04:06:21.890 [main] DEBUG io.github.bonigarcia.wdm.cache.ResolutionCache - Resolution chrome=106 in cache (valid until 04:10:38 26/10/2022 WIB)
04:06:21.895 [main] DEBUG io.github.bonigarcia.wdm.cache.ResolutionCache - Resolution chrome106=106.0.5249.61 in cache (valid until 22:47:25 26/10/2022 WIB)
04:06:21.897 [main] INFO io.github.bonigarcia.wdm.WebDriverManager - Using chromedriver 106.0.5249.61 (resolved driver for Chrome 106)
04:06:21.913 [main] DEBUG io.github.bonigarcia.wdm.WebDriverManager - Driver chromedriver 106.0.5249.61 found in cache
04:06:21.914 [main] INFO io.github.bonigarcia.wdm.WebDriverManager - Exporting webdriver.chrome.driver as C:\Users\alwi\.cache\selenium\chromedriver\win32\106.0.5249.61\chromedriver.exe
04:06:22.026 [main] DEBUG net.serenitybdd.core.webdriver.driverproviders.ProvideNewDriver - Instantiating driver
04:06:22.026 [main] DEBUG net.serenitybdd.core.webdriver.driverproviders.ProvideNewDriver - Driver capabilities: Capabilities {acceptInsecureCerts: false, base.url: https://alta-shop.vercel.app, browserName: chrome, chrome.driver: src/test/resources/webdrive..., driver: chrome, goog:chromeOptions: {args: [], extensions: []}}
04:06:22.585 [AsyncHttpClient-1-5] DEBUG org.asynchttpclient.netty.channel.NettyConnectListener - Using new Channel '[id: 0x6204e795, L:/127.0.0.1:62112 - R:localhost/127.0.0.1:62500]' for 'POST' to '/session'
04:06:23.251 [AsyncHttpClient-1-5] DEBUG org.asynchttpclient.netty.handler.HttpHandler - 

Request DefaultHttpRequest(decodeResult: success, version: HTTP/1.1)
POST /session HTTP/1.1
User-Agent: selenium/4.1.2 (java windows)
Content-Length: 609
Content-Type: application/json; charset=utf-8
host: localhost:62500
accept: */*

Response DefaultHttpResponse(decodeResult: success, version: HTTP/1.1)
HTTP/1.1 200 OK
Content-Type: application/json; charset=utf-8
cache-control: no-cache
content-length: 790

04:06:23.252 [AsyncHttpClient-1-5] DEBUG org.asynchttpclient.netty.channel.ChannelManager - Adding key: http://localhost:62500 for channel [id: 0x6204e795, L:/127.0.0.1:62112 - R:localhost/127.0.0.1:62500]
04:06:23.263 [AsyncHttpClient-1-6] DEBUG org.asynchttpclient.netty.channel.NettyConnectListener - Using new Channel '[id: 0xaf2a0b34, L:/127.0.0.1:62119 - R:localhost/127.0.0.1:62113]' for 'GET' to '/json/version'
04:06:23.269 [AsyncHttpClient-1-6] DEBUG org.asynchttpclient.netty.handler.HttpHandler - 

Request DefaultFullHttpRequest(decodeResult: success, version: HTTP/1.1, content: EmptyByteBufBE)
GET /json/version HTTP/1.1
User-Agent: selenium/4.1.2 (java windows)
host: localhost:62113
accept: */*

Response DefaultHttpResponse(decodeResult: success, version: HTTP/1.1)
HTTP/1.1 200 OK
Content-Type: application/json; charset=UTF-8
content-length: 424

04:06:23.269 [AsyncHttpClient-1-6] DEBUG org.asynchttpclient.netty.channel.ChannelManager - Adding key: http://localhost:62113 for channel [id: 0xaf2a0b34, L:/127.0.0.1:62119 - R:localhost/127.0.0.1:62113]
04:06:23.274 [AsyncHttpClient-1-7] DEBUG org.asynchttpclient.netty.channel.NettyConnectListener - Using new Channel '[id: 0x1062e481, L:/127.0.0.1:62120 - R:localhost/127.0.0.1:62113]' for 'GET' to '/devtools/browser/72511937-dc95-498b-bde9-79b7a83142bf'
04:06:23.279 [AsyncHttpClient-1-7] DEBUG org.asynchttpclient.netty.handler.WebSocketHandler - 

Request DefaultFullHttpRequest(decodeResult: success, version: HTTP/1.1, content: EmptyByteBufBE)
GET /devtools/browser/72511937-dc95-498b-bde9-79b7a83142bf HTTP/1.1
upgrade: websocket
connection: upgrade
sec-websocket-key: KNIKpiJcW2S0P468OyUjbA==
sec-websocket-version: 13
origin: http://localhost:62113
host: localhost:62113
accept: */*
user-agent: AHC/2.1

Response DefaultHttpResponse(decodeResult: success, version: HTTP/1.1)
HTTP/1.1 101 WebSocket Protocol Handshake
Upgrade: WebSocket
Connection: Upgrade
Sec-WebSocket-Accept: 3d/zZ6cW779IBj8tEpEi4j5jjVk=

04:06:23.287 [Forwarding get on session 27e8dbd328c41ee8c52351729cb03f18 to remote] DEBUG org.asynchttpclient.netty.request.NettyRequestSender - Using pooled Channel '[id: 0x6204e795, L:/127.0.0.1:62112 - R:localhost/127.0.0.1:62500]' for 'POST' to 'http://localhost:62500/session/27e8dbd328c41ee8c52351729cb03f18/url'
04:06:23.287 [Forwarding get on session 27e8dbd328c41ee8c52351729cb03f18 to remote] DEBUG org.asynchttpclient.netty.request.NettyRequestSender - Using open Channel [id: 0x6204e795, L:/127.0.0.1:62112 - R:localhost/127.0.0.1:62500] for POST '/session/27e8dbd328c41ee8c52351729cb03f18/url'
04:06:23.919 [AsyncHttpClient-1-1] DEBUG org.asynchttpclient.netty.channel.DefaultChannelPool - Entry count for : http://localhost:62113 : 1
04:06:23.985 [AsyncHttpClient-1-5] DEBUG org.asynchttpclient.netty.handler.HttpHandler - 

Request DefaultHttpRequest(decodeResult: success, version: HTTP/1.1)
POST /session/27e8dbd328c41ee8c52351729cb03f18/url HTTP/1.1
User-Agent: selenium/4.1.2 (java windows)
Content-Length: 59
Content-Type: application/json; charset=utf-8
host: localhost:62500
accept: */*

Response DefaultHttpResponse(decodeResult: success, version: HTTP/1.1)
HTTP/1.1 200 OK
Content-Type: application/json; charset=utf-8
cache-control: no-cache
content-length: 14

04:06:23.985 [AsyncHttpClient-1-5] DEBUG org.asynchttpclient.netty.channel.ChannelManager - Adding key: http://localhost:62500 for channel [id: 0x6204e795, L:/127.0.0.1:62112 - R:localhost/127.0.0.1:62500]
04:06:23.987 [Forwarding setTimeout on session 27e8dbd328c41ee8c52351729cb03f18 to remote] DEBUG org.asynchttpclient.netty.request.NettyRequestSender - Using pooled Channel '[id: 0x6204e795, L:/127.0.0.1:62112 - R:localhost/127.0.0.1:62500]' for 'POST' to 'http://localhost:62500/session/27e8dbd328c41ee8c52351729cb03f18/timeouts'
04:06:23.987 [Forwarding setTimeout on session 27e8dbd328c41ee8c52351729cb03f18 to remote] DEBUG org.asynchttpclient.netty.request.NettyRequestSender - Using open Channel [id: 0x6204e795, L:/127.0.0.1:62112 - R:localhost/127.0.0.1:62500] for POST '/session/27e8dbd328c41ee8c52351729cb03f18/timeouts'
04:06:23.989 [AsyncHttpClient-1-5] DEBUG org.asynchttpclient.netty.handler.HttpHandler - 

Request DefaultHttpRequest(decodeResult: success, version: HTTP/1.1)
POST /session/27e8dbd328c41ee8c52351729cb03f18/timeouts HTTP/1.1
User-Agent: selenium/4.1.2 (java windows)
Content-Length: 22
Content-Type: application/json; charset=utf-8
host: localhost:62500
accept: */*

Response DefaultHttpResponse(decodeResult: success, version: HTTP/1.1)
HTTP/1.1 200 OK
Content-Type: application/json; charset=utf-8
cache-control: no-cache
content-length: 14

04:06:23.989 [AsyncHttpClient-1-5] DEBUG org.asynchttpclient.netty.channel.ChannelManager - Adding key: http://localhost:62500 for channel [id: 0x6204e795, L:/127.0.0.1:62112 - R:localhost/127.0.0.1:62500]
04:06:23.996 [Forwarding getCurrentUrl on session 27e8dbd328c41ee8c52351729cb03f18 to remote] DEBUG org.asynchttpclient.netty.request.NettyRequestSender - Using pooled Channel '[id: 0x6204e795, L:/127.0.0.1:62112 - R:localhost/127.0.0.1:62500]' for 'GET' to 'http://localhost:62500/session/27e8dbd328c41ee8c52351729cb03f18/url'
04:06:23.996 [Forwarding getCurrentUrl on session 27e8dbd328c41ee8c52351729cb03f18 to remote] DEBUG org.asynchttpclient.netty.request.NettyRequestSender - Using open Channel [id: 0x6204e795, L:/127.0.0.1:62112 - R:localhost/127.0.0.1:62500] for GET '/session/27e8dbd328c41ee8c52351729cb03f18/url'
04:06:24.011 [AsyncHttpClient-1-5] DEBUG org.asynchttpclient.netty.handler.HttpHandler - 

Request DefaultFullHttpRequest(decodeResult: success, version: HTTP/1.1, content: EmptyByteBufBE)
GET /session/27e8dbd328c41ee8c52351729cb03f18/url HTTP/1.1
User-Agent: selenium/4.1.2 (java windows)
Cache-Control: no-cache
Content-Type: application/json; charset=utf-8
host: localhost:62500
accept: */*

Response DefaultHttpResponse(decodeResult: success, version: HTTP/1.1)
HTTP/1.1 200 OK
Content-Type: application/json; charset=utf-8
cache-control: no-cache
content-length: 41

04:06:24.011 [AsyncHttpClient-1-5] DEBUG org.asynchttpclient.netty.channel.ChannelManager - Adding key: http://localhost:62500 for channel [id: 0x6204e795, L:/127.0.0.1:62112 - R:localhost/127.0.0.1:62500]
  &amp#27;[32mGiven &amp#27;[0m&amp#27;[32mI am on the home page&amp#27;[0m          &amp#27;[90m# starter.stepdefinitions.HomeStep.iAmOnTheHomePage()&amp#27;[0m
04:06:24.023 [Forwarding screenshot on session 27e8dbd328c41ee8c52351729cb03f18 to remote] DEBUG org.asynchttpclient.netty.request.NettyRequestSender - Using pooled Channel '[id: 0x6204e795, L:/127.0.0.1:62112 - R:localhost/127.0.0.1:62500]' for 'GET' to 'http://localhost:62500/session/27e8dbd328c41ee8c52351729cb03f18/screenshot'
04:06:24.024 [Forwarding screenshot on session 27e8dbd328c41ee8c52351729cb03f18 to remote] DEBUG org.asynchttpclient.netty.request.NettyRequestSender - Using open Channel [id: 0x6204e795, L:/127.0.0.1:62112 - R:localhost/127.0.0.1:62500] for GET '/session/27e8dbd328c41ee8c52351729cb03f18/screenshot'
04:06:24.175 [AsyncHttpClient-1-5] DEBUG org.asynchttpclient.netty.handler.HttpHandler - 

Request DefaultFullHttpRequest(decodeResult: success, version: HTTP/1.1, content: EmptyByteBufBE)
GET /session/27e8dbd328c41ee8c52351729cb03f18/screenshot HTTP/1.1
User-Agent: selenium/4.1.2 (java windows)
Cache-Control: no-cache
Content-Type: application/json; charset=utf-8
host: localhost:62500
accept: */*

Response DefaultHttpResponse(decodeResult: success, version: HTTP/1.1)
HTTP/1.1 200 OK
Content-Type: application/json; charset=utf-8
cache-control: no-cache
content-length: 26820

04:06:24.176 [AsyncHttpClient-1-5] DEBUG org.asynchttpclient.netty.channel.ChannelManager - Adding key: http://localhost:62500 for channel [id: 0x6204e795, L:/127.0.0.1:62112 - R:localhost/127.0.0.1:62500]
04:06:24.178 [main] DEBUG net.serenitybdd.core.photography.Darkroom - Send negative for processing for target\site\serenity\390d78bb12ce239ccd270400aeed635f358f90f75e7763040b627e3229516f56.png
04:06:24.178 [Darkroom Processing Line] DEBUG net.serenitybdd.core.photography.DarkroomProcessingLine - Processing screenshot image in /var/screenshots/screenshot-2738376310583039641
04:06:24.178 [Darkroom Processing Line] DEBUG net.serenitybdd.core.photography.DarkroomProcessingLine - Saving screenshot to target\site\serenity\390d78bb12ce239ccd270400aeed635f358f90f75e7763040b627e3229516f56.png
04:06:24.187 [Forwarding findElement on session 27e8dbd328c41ee8c52351729cb03f18 to remote] DEBUG org.asynchttpclient.netty.request.NettyRequestSender - Using pooled Channel '[id: 0x6204e795, L:/127.0.0.1:62112 - R:localhost/127.0.0.1:62500]' for 'POST' to 'http://localhost:62500/session/27e8dbd328c41ee8c52351729cb03f18/element'
04:06:24.188 [Forwarding findElement on session 27e8dbd328c41ee8c52351729cb03f18 to remote] DEBUG org.asynchttpclient.netty.request.NettyRequestSender - Using open Channel [id: 0x6204e795, L:/127.0.0.1:62112 - R:localhost/127.0.0.1:62500] for POST '/session/27e8dbd328c41ee8c52351729cb03f18/element'
04:06:25.027 [AsyncHttpClient-1-1] DEBUG org.asynchttpclient.netty.channel.DefaultChannelPool - Entry count for : http://localhost:62113 : 1
04:06:25.467 [AsyncHttpClient-1-5] DEBUG org.asynchttpclient.netty.handler.HttpHandler - 

Request DefaultHttpRequest(decodeResult: success, version: HTTP/1.1)
POST /session/27e8dbd328c41ee8c52351729cb03f18/element HTTP/1.1
User-Agent: selenium/4.1.2 (java windows)
Content-Length: 145
Content-Type: application/json; charset=utf-8
host: localhost:62500
accept: */*

Response DefaultHttpResponse(decodeResult: success, version: HTTP/1.1)
HTTP/1.1 200 OK
Content-Type: application/json; charset=utf-8
cache-control: no-cache
content-length: 88

04:06:25.467 [AsyncHttpClient-1-5] DEBUG org.asynchttpclient.netty.channel.ChannelManager - Adding key: http://localhost:62500 for channel [id: 0x6204e795, L:/127.0.0.1:62112 - R:localhost/127.0.0.1:62500]
04:06:25.471 [Forwarding getElementTagName on session 27e8dbd328c41ee8c52351729cb03f18 to remote] DEBUG org.asynchttpclient.netty.request.NettyRequestSender - Using pooled Channel '[id: 0x6204e795, L:/127.0.0.1:62112 - R:localhost/127.0.0.1:62500]' for 'GET' to 'http://localhost:62500/session/27e8dbd328c41ee8c52351729cb03f18/element/00a18c95-9d41-4ec7-b03e-fd8376be7cbd/name'
04:06:25.472 [Forwarding getElementTagName on session 27e8dbd328c41ee8c52351729cb03f18 to remote] DEBUG org.asynchttpclient.netty.request.NettyRequestSender - Using open Channel [id: 0x6204e795, L:/127.0.0.1:62112 - R:localhost/127.0.0.1:62500] for GET '/session/27e8dbd328c41ee8c52351729cb03f18/element/00a18c95-9d41-4ec7-b03e-fd8376be7cbd/name'
04:06:25.478 [AsyncHttpClient-1-5] DEBUG org.asynchttpclient.netty.handler.HttpHandler - 

Request DefaultFullHttpRequest(decodeResult: success, version: HTTP/1.1, content: EmptyByteBufBE)
GET /session/27e8dbd328c41ee8c52351729cb03f18/element/00a18c95-9d41-4ec7-b03e-fd8376be7cbd/name HTTP/1.1
User-Agent: selenium/4.1.2 (java windows)
Cache-Control: no-cache
Content-Type: application/json; charset=utf-8
host: localhost:62500
accept: */*

Response DefaultHttpResponse(decodeResult: success, version: HTTP/1.1)
HTTP/1.1 200 OK
Content-Type: application/json; charset=utf-8
cache-control: no-cache
content-length: 18

04:06:25.478 [AsyncHttpClient-1-5] DEBUG org.asynchttpclient.netty.channel.ChannelManager - Adding key: http://localhost:62500 for channel [id: 0x6204e795, L:/127.0.0.1:62112 - R:localhost/127.0.0.1:62500]
04:06:25.480 [Forwarding getElementTagName on session 27e8dbd328c41ee8c52351729cb03f18 to remote] DEBUG org.asynchttpclient.netty.request.NettyRequestSender - Using pooled Channel '[id: 0x6204e795, L:/127.0.0.1:62112 - R:localhost/127.0.0.1:62500]' for 'GET' to 'http://localhost:62500/session/27e8dbd328c41ee8c52351729cb03f18/element/00a18c95-9d41-4ec7-b03e-fd8376be7cbd/name'
04:06:25.480 [Forwarding getElementTagName on session 27e8dbd328c41ee8c52351729cb03f18 to remote] DEBUG org.asynchttpclient.netty.request.NettyRequestSender - Using open Channel [id: 0x6204e795, L:/127.0.0.1:62112 - R:localhost/127.0.0.1:62500] for GET '/session/27e8dbd328c41ee8c52351729cb03f18/element/00a18c95-9d41-4ec7-b03e-fd8376be7cbd/name'
04:06:25.483 [AsyncHttpClient-1-5] DEBUG org.asynchttpclient.netty.handler.HttpHandler - 

Request DefaultFullHttpRequest(decodeResult: success, version: HTTP/1.1, content: EmptyByteBufBE)
GET /session/27e8dbd328c41ee8c52351729cb03f18/element/00a18c95-9d41-4ec7-b03e-fd8376be7cbd/name HTTP/1.1
User-Agent: selenium/4.1.2 (java windows)
Cache-Control: no-cache
Content-Type: application/json; charset=utf-8
host: localhost:62500
accept: */*

Response DefaultHttpResponse(decodeResult: success, version: HTTP/1.1)
HTTP/1.1 200 OK
Content-Type: application/json; charset=utf-8
cache-control: no-cache
content-length: 18

04:06:25.483 [AsyncHttpClient-1-5] DEBUG org.asynchttpclient.netty.channel.ChannelManager - Adding key: http://localhost:62500 for channel [id: 0x6204e795, L:/127.0.0.1:62112 - R:localhost/127.0.0.1:62500]
04:06:25.487 [Forwarding isElementEnabled on session 27e8dbd328c41ee8c52351729cb03f18 to remote] DEBUG org.asynchttpclient.netty.request.NettyRequestSender - Using pooled Channel '[id: 0x6204e795, L:/127.0.0.1:62112 - R:localhost/127.0.0.1:62500]' for 'GET' to 'http://localhost:62500/session/27e8dbd328c41ee8c52351729cb03f18/element/00a18c95-9d41-4ec7-b03e-fd8376be7cbd/enabled'
04:06:25.487 [Forwarding isElementEnabled on session 27e8dbd328c41ee8c52351729cb03f18 to remote] DEBUG org.asynchttpclient.netty.request.NettyRequestSender - Using open Channel [id: 0x6204e795, L:/127.0.0.1:62112 - R:localhost/127.0.0.1:62500] for GET '/session/27e8dbd328c41ee8c52351729cb03f18/element/00a18c95-9d41-4ec7-b03e-fd8376be7cbd/enabled'
04:06:25.496 [AsyncHttpClient-1-5] DEBUG org.asynchttpclient.netty.handler.HttpHandler - 

Request DefaultFullHttpRequest(decodeResult: success, version: HTTP/1.1, content: EmptyByteBufBE)
GET /session/27e8dbd328c41ee8c52351729cb03f18/element/00a18c95-9d41-4ec7-b03e-fd8376be7cbd/enabled HTTP/1.1
User-Agent: selenium/4.1.2 (java windows)
Cache-Control: no-cache
Content-Type: application/json; charset=utf-8
host: localhost:62500
accept: */*

Response DefaultHttpResponse(decodeResult: success, version: HTTP/1.1)
HTTP/1.1 200 OK
Content-Type: application/json; charset=utf-8
cache-control: no-cache
content-length: 14

04:06:25.496 [AsyncHttpClient-1-5] DEBUG org.asynchttpclient.netty.channel.ChannelManager - Adding key: http://localhost:62500 for channel [id: 0x6204e795, L:/127.0.0.1:62112 - R:localhost/127.0.0.1:62500]
04:06:25.498 [Forwarding isElementEnabled on session 27e8dbd328c41ee8c52351729cb03f18 to remote] DEBUG org.asynchttpclient.netty.request.NettyRequestSender - Using pooled Channel '[id: 0x6204e795, L:/127.0.0.1:62112 - R:localhost/127.0.0.1:62500]' for 'GET' to 'http://localhost:62500/session/27e8dbd328c41ee8c52351729cb03f18/element/00a18c95-9d41-4ec7-b03e-fd8376be7cbd/enabled'
04:06:25.498 [Forwarding isElementEnabled on session 27e8dbd328c41ee8c52351729cb03f18 to remote] DEBUG org.asynchttpclient.netty.request.NettyRequestSender - Using open Channel [id: 0x6204e795, L:/127.0.0.1:62112 - R:localhost/127.0.0.1:62500] for GET '/session/27e8dbd328c41ee8c52351729cb03f18/element/00a18c95-9d41-4ec7-b03e-fd8376be7cbd/enabled'
04:06:25.503 [AsyncHttpClient-1-5] DEBUG org.asynchttpclient.netty.handler.HttpHandler - 

Request DefaultFullHttpRequest(decodeResult: success, version: HTTP/1.1, content: EmptyByteBufBE)
GET /session/27e8dbd328c41ee8c52351729cb03f18/element/00a18c95-9d41-4ec7-b03e-fd8376be7cbd/enabled HTTP/1.1
User-Agent: selenium/4.1.2 (java windows)
Cache-Control: no-cache
Content-Type: application/json; charset=utf-8
host: localhost:62500
accept: */*

Response DefaultHttpResponse(decodeResult: success, version: HTTP/1.1)
HTTP/1.1 200 OK
Content-Type: application/json; charset=utf-8
cache-control: no-cache
content-length: 14

04:06:25.503 [AsyncHttpClient-1-5] DEBUG org.asynchttpclient.netty.channel.ChannelManager - Adding key: http://localhost:62500 for channel [id: 0x6204e795, L:/127.0.0.1:62112 - R:localhost/127.0.0.1:62500]
04:06:25.505 [Forwarding findElement on session 27e8dbd328c41ee8c52351729cb03f18 to remote] DEBUG org.asynchttpclient.netty.request.NettyRequestSender - Using pooled Channel '[id: 0x6204e795, L:/127.0.0.1:62112 - R:localhost/127.0.0.1:62500]' for 'POST' to 'http://localhost:62500/session/27e8dbd328c41ee8c52351729cb03f18/element'
04:06:25.505 [Forwarding findElement on session 27e8dbd328c41ee8c52351729cb03f18 to remote] DEBUG org.asynchttpclient.netty.request.NettyRequestSender - Using open Channel [id: 0x6204e795, L:/127.0.0.1:62112 - R:localhost/127.0.0.1:62500] for POST '/session/27e8dbd328c41ee8c52351729cb03f18/element'
04:06:25.512 [AsyncHttpClient-1-5] DEBUG org.asynchttpclient.netty.handler.HttpHandler - 

Request DefaultHttpRequest(decodeResult: success, version: HTTP/1.1)
POST /session/27e8dbd328c41ee8c52351729cb03f18/element HTTP/1.1
User-Agent: selenium/4.1.2 (java windows)
Content-Length: 145
Content-Type: application/json; charset=utf-8
host: localhost:62500
accept: */*

Response DefaultHttpResponse(decodeResult: success, version: HTTP/1.1)
HTTP/1.1 200 OK
Content-Type: application/json; charset=utf-8
cache-control: no-cache
content-length: 88

04:06:25.512 [AsyncHttpClient-1-5] DEBUG org.asynchttpclient.netty.channel.ChannelManager - Adding key: http://localhost:62500 for channel [id: 0x6204e795, L:/127.0.0.1:62112 - R:localhost/127.0.0.1:62500]
04:06:25.513 [Forwarding clickElement on session 27e8dbd328c41ee8c52351729cb03f18 to remote] DEBUG org.asynchttpclient.netty.request.NettyRequestSender - Using pooled Channel '[id: 0x6204e795, L:/127.0.0.1:62112 - R:localhost/127.0.0.1:62500]' for 'POST' to 'http://localhost:62500/session/27e8dbd328c41ee8c52351729cb03f18/element/00a18c95-9d41-4ec7-b03e-fd8376be7cbd/click'
04:06:25.513 [Forwarding clickElement on session 27e8dbd328c41ee8c52351729cb03f18 to remote] DEBUG org.asynchttpclient.netty.request.NettyRequestSender - Using open Channel [id: 0x6204e795, L:/127.0.0.1:62112 - R:localhost/127.0.0.1:62500] for POST '/session/27e8dbd328c41ee8c52351729cb03f18/element/00a18c95-9d41-4ec7-b03e-fd8376be7cbd/click'
04:06:25.549 [AsyncHttpClient-1-5] DEBUG org.asynchttpclient.netty.handler.HttpHandler - 

Request DefaultHttpRequest(decodeResult: success, version: HTTP/1.1)
POST /session/27e8dbd328c41ee8c52351729cb03f18/element/00a18c95-9d41-4ec7-b03e-fd8376be7cbd/click HTTP/1.1
User-Agent: selenium/4.1.2 (java windows)
Content-Length: 50
Content-Type: application/json; charset=utf-8
host: localhost:62500
accept: */*

Response DefaultHttpResponse(decodeResult: success, version: HTTP/1.1)
HTTP/1.1 200 OK
Content-Type: application/json; charset=utf-8
cache-control: no-cache
content-length: 14

04:06:25.549 [AsyncHttpClient-1-5] DEBUG org.asynchttpclient.netty.channel.ChannelManager - Adding key: http://localhost:62500 for channel [id: 0x6204e795, L:/127.0.0.1:62112 - R:localhost/127.0.0.1:62500]
  &amp#27;[32mWhen &amp#27;[0m&amp#27;[32mI click button buy&amp#27;[0m              &amp#27;[90m# starter.stepdefinitions.HomeStep.iClickButtonBuy()&amp#27;[0m
04:06:25.559 [Forwarding screenshot on session 27e8dbd328c41ee8c52351729cb03f18 to remote] DEBUG org.asynchttpclient.netty.request.NettyRequestSender - Using pooled Channel '[id: 0x6204e795, L:/127.0.0.1:62112 - R:localhost/127.0.0.1:62500]' for 'GET' to 'http://localhost:62500/session/27e8dbd328c41ee8c52351729cb03f18/screenshot'
04:06:25.559 [Forwarding screenshot on session 27e8dbd328c41ee8c52351729cb03f18 to remote] DEBUG org.asynchttpclient.netty.request.NettyRequestSender - Using open Channel [id: 0x6204e795, L:/127.0.0.1:62112 - R:localhost/127.0.0.1:62500] for GET '/session/27e8dbd328c41ee8c52351729cb03f18/screenshot'
04:06:25.654 [AsyncHttpClient-1-5] DEBUG org.asynchttpclient.netty.handler.HttpHandler - 

Request DefaultFullHttpRequest(decodeResult: success, version: HTTP/1.1, content: EmptyByteBufBE)
GET /session/27e8dbd328c41ee8c52351729cb03f18/screenshot HTTP/1.1
User-Agent: selenium/4.1.2 (java windows)
Cache-Control: no-cache
Content-Type: application/json; charset=utf-8
host: localhost:62500
accept: */*

Response DefaultHttpResponse(decodeResult: success, version: HTTP/1.1)
HTTP/1.1 200 OK
Content-Type: application/json; charset=utf-8
cache-control: no-cache
content-length: 67772

04:06:25.655 [AsyncHttpClient-1-5] DEBUG org.asynchttpclient.netty.channel.ChannelManager - Adding key: http://localhost:62500 for channel [id: 0x6204e795, L:/127.0.0.1:62112 - R:localhost/127.0.0.1:62500]
04:06:25.658 [main] DEBUG net.serenitybdd.core.photography.Darkroom - Send negative for processing for target\site\serenity\503ca7e34e6728b216aae2e60163df582ae92840340978a10214f67d695ce5c1.png
04:06:25.658 [Darkroom Processing Line] DEBUG net.serenitybdd.core.photography.DarkroomProcessingLine - Processing screenshot image in /var/screenshots/screenshot-14795185066645937458
04:06:25.658 [Darkroom Processing Line] DEBUG net.serenitybdd.core.photography.DarkroomProcessingLine - Saving screenshot to target\site\serenity\503ca7e34e6728b216aae2e60163df582ae92840340978a10214f67d695ce5c1.png
04:06:25.665 [Forwarding findElement on session 27e8dbd328c41ee8c52351729cb03f18 to remote] DEBUG org.asynchttpclient.netty.request.NettyRequestSender - Using pooled Channel '[id: 0x6204e795, L:/127.0.0.1:62112 - R:localhost/127.0.0.1:62500]' for 'POST' to 'http://localhost:62500/session/27e8dbd328c41ee8c52351729cb03f18/element'
04:06:25.665 [Forwarding findElement on session 27e8dbd328c41ee8c52351729cb03f18 to remote] DEBUG org.asynchttpclient.netty.request.NettyRequestSender - Using open Channel [id: 0x6204e795, L:/127.0.0.1:62112 - R:localhost/127.0.0.1:62500] for POST '/session/27e8dbd328c41ee8c52351729cb03f18/element'
04:06:25.861 [AsyncHttpClient-1-5] DEBUG org.asynchttpclient.netty.handler.HttpHandler - 

Request DefaultHttpRequest(decodeResult: success, version: HTTP/1.1)
POST /session/27e8dbd328c41ee8c52351729cb03f18/element HTTP/1.1
User-Agent: selenium/4.1.2 (java windows)
Content-Length: 86
Content-Type: application/json; charset=utf-8
host: localhost:62500
accept: */*

Response DefaultHttpResponse(decodeResult: success, version: HTTP/1.1)
HTTP/1.1 200 OK
Content-Type: application/json; charset=utf-8
cache-control: no-cache
content-length: 88

04:06:25.862 [AsyncHttpClient-1-5] DEBUG org.asynchttpclient.netty.channel.ChannelManager - Adding key: http://localhost:62500 for channel [id: 0x6204e795, L:/127.0.0.1:62112 - R:localhost/127.0.0.1:62500]
04:06:25.868 [Forwarding isElementDisplayed on session 27e8dbd328c41ee8c52351729cb03f18 to remote] DEBUG org.asynchttpclient.netty.request.NettyRequestSender - Using pooled Channel '[id: 0x6204e795, L:/127.0.0.1:62112 - R:localhost/127.0.0.1:62500]' for 'POST' to 'http://localhost:62500/session/27e8dbd328c41ee8c52351729cb03f18/execute/sync'
04:06:25.868 [Forwarding isElementDisplayed on session 27e8dbd328c41ee8c52351729cb03f18 to remote] DEBUG org.asynchttpclient.netty.request.NettyRequestSender - Using open Channel [id: 0x6204e795, L:/127.0.0.1:62112 - R:localhost/127.0.0.1:62500] for POST '/session/27e8dbd328c41ee8c52351729cb03f18/execute/sync'
04:06:25.894 [AsyncHttpClient-1-5] DEBUG org.asynchttpclient.netty.handler.HttpHandler - 

Request DefaultHttpRequest(decodeResult: success, version: HTTP/1.1)
POST /session/27e8dbd328c41ee8c52351729cb03f18/execute/sync HTTP/1.1
User-Agent: selenium/4.1.2 (java windows)
Content-Length: 48780
Content-Type: application/json; charset=utf-8
host: localhost:62500
accept: */*

Response DefaultHttpResponse(decodeResult: success, version: HTTP/1.1)
HTTP/1.1 200 OK
Content-Type: application/json; charset=utf-8
cache-control: no-cache
content-length: 14

04:06:25.895 [AsyncHttpClient-1-5] DEBUG org.asynchttpclient.netty.channel.ChannelManager - Adding key: http://localhost:62500 for channel [id: 0x6204e795, L:/127.0.0.1:62112 - R:localhost/127.0.0.1:62500]
  &amp#27;[32mThen &amp#27;[0m&amp#27;[32mI will get the product to order&amp#27;[0m &amp#27;[90m# starter.stepdefinitions.HomeStep.iWillGetTheProductToOrder()&amp#27;[0m
04:06:25.902 [Forwarding screenshot on session 27e8dbd328c41ee8c52351729cb03f18 to remote] DEBUG org.asynchttpclient.netty.request.NettyRequestSender - Using pooled Channel '[id: 0x6204e795, L:/127.0.0.1:62112 - R:localhost/127.0.0.1:62500]' for 'GET' to 'http://localhost:62500/session/27e8dbd328c41ee8c52351729cb03f18/screenshot'
04:06:25.902 [Forwarding screenshot on session 27e8dbd328c41ee8c52351729cb03f18 to remote] DEBUG org.asynchttpclient.netty.request.NettyRequestSender - Using open Channel [id: 0x6204e795, L:/127.0.0.1:62112 - R:localhost/127.0.0.1:62500] for GET '/session/27e8dbd328c41ee8c52351729cb03f18/screenshot'
04:06:26.025 [AsyncHttpClient-1-5] DEBUG org.asynchttpclient.netty.handler.HttpHandler - 

Request DefaultFullHttpRequest(decodeResult: success, version: HTTP/1.1, content: EmptyByteBufBE)
GET /session/27e8dbd328c41ee8c52351729cb03f18/screenshot HTTP/1.1
User-Agent: selenium/4.1.2 (java windows)
Cache-Control: no-cache
Content-Type: application/json; charset=utf-8
host: localhost:62500
accept: */*

Response DefaultHttpResponse(decodeResult: success, version: HTTP/1.1)
HTTP/1.1 200 OK
Content-Type: application/json; charset=utf-8
cache-control: no-cache
content-length: 66524

04:06:26.025 [AsyncHttpClient-1-5] DEBUG org.asynchttpclient.netty.channel.ChannelManager - Adding key: http://localhost:62500 for channel [id: 0x6204e795, L:/127.0.0.1:62112 - R:localhost/127.0.0.1:62500]
04:06:26.029 [main] DEBUG net.serenitybdd.core.photography.Darkroom - Send negative for processing for target\site\serenity\b3ab550a4de8ca2d21257ea4d5eaf16437ae11b29ed1fdd108e01202cf200f7e.png
04:06:26.029 [Darkroom Processing Line] DEBUG net.serenitybdd.core.photography.DarkroomProcessingLine - Processing screenshot image in /var/screenshots/screenshot-2021385892086843394
04:06:26.029 [Darkroom Processing Line] DEBUG net.serenitybdd.core.photography.DarkroomProcessingLine - Saving screenshot to target\site\serenity\b3ab550a4de8ca2d21257ea4d5eaf16437ae11b29ed1fdd108e01202cf200f7e.png
04:06:26.030 [main] INFO  - 
  _____   ___   ___   _____     ___     _     ___   ___   ___   ___  
 |_   _| | __| / __| |_   _|   | _ \   /_\   / __| / __| | __| |   \ 
   | |   | _|  \__ \   | |     |  _/  / _ \  \__ \ \__ \ | _|  | |) |
   |_|   |___| |___/   |_|     |_|   /_/ \_\ |___/ |___/ |___| |___/ 

Home product to buy
----------------------------------------------------------------------
04:06:26.033 [AsyncHttpClient-1-7] DEBUG org.asynchttpclient.netty.handler.WebSocketHandler - Channel Closed: [id: 0x1062e481, L:/127.0.0.1:62120 ! R:localhost/127.0.0.1:62113] with attribute NettyResponseFuture{currentRetry=5,
	isDone=1,
	isCancelled=0,
	asyncHandler=org.asynchttpclient.ws.WebSocketUpgradeHandler@1a793180,
	nettyRequest=org.asynchttpclient.netty.request.NettyRequest@5f7bbcab,
	future=java.util.concurrent.CompletableFuture@45b73b6e[Completed normally],
	uri=ws://localhost:62113/devtools/browser/72511937-dc95-498b-bde9-79b7a83142bf,
	keepAlive=true,
	redirectCount=0,
	timeoutsHolder=null,
	inAuth=0,
	touch=1666731983280}
04:06:26.033 [AsyncHttpClient-1-7] DEBUG org.asynchttpclient.netty.channel.ChannelManager - Closing Channel [id: 0x1062e481, L:/127.0.0.1:62120 ! R:localhost/127.0.0.1:62113] 
04:06:26.033 [Driver Command Executor] DEBUG org.asynchttpclient.netty.request.NettyRequestSender - Using pooled Channel '[id: 0x6204e795, L:/127.0.0.1:62112 - R:localhost/127.0.0.1:62500]' for 'DELETE' to 'http://localhost:62500/session/27e8dbd328c41ee8c52351729cb03f18'
04:06:26.033 [Driver Command Executor] DEBUG org.asynchttpclient.netty.request.NettyRequestSender - Using open Channel [id: 0x6204e795, L:/127.0.0.1:62112 - R:localhost/127.0.0.1:62500] for DELETE '/session/27e8dbd328c41ee8c52351729cb03f18'
04:06:26.074 [AsyncHttpClient-1-6] DEBUG org.asynchttpclient.netty.handler.HttpHandler - Unexpected I/O exception on channel [id: 0xaf2a0b34, L:/127.0.0.1:62119 - R:localhost/127.0.0.1:62113]
java.net.SocketException: Connection reset
	at java.base/sun.nio.ch.SocketChannelImpl.throwConnectionReset(SocketChannelImpl.java:345)
	at java.base/sun.nio.ch.SocketChannelImpl.read(SocketChannelImpl.java:376)
	at io.netty.buffer.PooledByteBuf.setBytes(PooledByteBuf.java:258)
	at io.netty.buffer.AbstractByteBuf.writeBytes(AbstractByteBuf.java:1132)
	at io.netty.channel.socket.nio.NioSocketChannel.doReadBytes(NioSocketChannel.java:350)
	at io.netty.channel.nio.AbstractNioByteChannel$NioByteUnsafe.read(AbstractNioByteChannel.java:151)
	at io.netty.channel.nio.NioEventLoop.processSelectedKey(NioEventLoop.java:722)
	at io.netty.channel.nio.NioEventLoop.processSelectedKeysOptimized(NioEventLoop.java:658)
	at io.netty.channel.nio.NioEventLoop.processSelectedKeys(NioEventLoop.java:584)
	at io.netty.channel.nio.NioEventLoop.run(NioEventLoop.java:496)
	at io.netty.util.concurrent.SingleThreadEventExecutor$4.run(SingleThreadEventExecutor.java:986)
	at io.netty.util.internal.ThreadExecutorMap$2.run(ThreadExecutorMap.java:74)
	at io.netty.util.concurrent.FastThreadLocalRunnable.run(FastThreadLocalRunnable.java:30)
	at java.base/java.lang.Thread.run(Thread.java:830)
04:06:26.074 [AsyncHttpClient-1-6] DEBUG org.asynchttpclient.netty.channel.ChannelManager - Closing Channel [id: 0xaf2a0b34, L:/127.0.0.1:62119 - R:localhost/127.0.0.1:62113] 
04:06:26.075 [AsyncHttpClient-1-6] DEBUG org.asynchttpclient.netty.handler.HttpHandler - Channel Closed: [id: 0xaf2a0b34, L:/127.0.0.1:62119 ! R:localhost/127.0.0.1:62113] with attribute DISCARD
04:06:26.088 [AsyncHttpClient-1-5] DEBUG org.asynchttpclient.netty.handler.HttpHandler - 

Request DefaultFullHttpRequest(decodeResult: success, version: HTTP/1.1, content: EmptyByteBufBE)
DELETE /session/27e8dbd328c41ee8c52351729cb03f18 HTTP/1.1
User-Agent: selenium/4.1.2 (java windows)
Content-Type: application/json; charset=utf-8
host: localhost:62500
accept: */*

Response DefaultHttpResponse(decodeResult: success, version: HTTP/1.1)
HTTP/1.1 200 OK
Content-Type: application/json; charset=utf-8
cache-control: no-cache
content-length: 14

04:06:26.089 [AsyncHttpClient-1-5] DEBUG org.asynchttpclient.netty.channel.ChannelManager - Adding key: http://localhost:62500 for channel [id: 0x6204e795, L:/127.0.0.1:62112 - R:localhost/127.0.0.1:62500]
04:06:26.125 [AsyncHttpClient-1-1] DEBUG org.asynchttpclient.netty.channel.DefaultChannelPool - Entry count for : http://localhost:62113 : 1
04:06:26.125 [AsyncHttpClient-1-1] DEBUG org.asynchttpclient.netty.channel.DefaultChannelPool - Entry count for : http://localhost:62500 : 1
04:06:26.125 [AsyncHttpClient-1-1] DEBUG org.asynchttpclient.netty.channel.DefaultChannelPool - Adding Candidate expired Channel [id: 0xaf2a0b34, L:/127.0.0.1:62119 ! R:localhost/127.0.0.1:62113] isIdleTimeoutExpired=false isRemotelyClosed=true isTtlExpired=false
04:06:26.125 [AsyncHttpClient-1-1] DEBUG org.asynchttpclient.netty.channel.DefaultChannelPool - Closing Idle Channel [id: 0xaf2a0b34, L:/127.0.0.1:62119 ! R:localhost/127.0.0.1:62113]
04:06:26.125 [AsyncHttpClient-1-1] DEBUG org.asynchttpclient.netty.channel.DefaultChannelPool - Closed 1 connections out of 2 in 0 ms
04:06:26.157 [AsyncHttpClient-1-5] DEBUG org.asynchttpclient.netty.handler.HttpHandler - Channel Closed: [id: 0x6204e795, L:/127.0.0.1:62112 ! R:localhost/127.0.0.1:62500] with attribute DISCARD
]]></system-out>
    <system-err><![CDATA[Starting ChromeDriver 105.0.5195.52 (412c95e518836d8a7d97250d62b29c2ae6a26a85-refs/branch-heads/5195@{#853}) on port 62500
Only local connections are allowed.
Please see https://chromedriver.chromium.org/security-considerations for suggestions on keeping ChromeDriver safe.
ChromeDriver was started successfully.
[1666731983.230][WARNING]: This version of ChromeDriver has not been tested with Chrome version 106.
Okt 26, 2022 4:06:23 AM org.openqa.selenium.remote.ProtocolHandshake createSession
INFO: Detected dialect: W3C
Okt 26, 2022 4:06:23 AM org.openqa.selenium.devtools.CdpVersionFinder findNearestMatch
WARNING: Unable to find an exact match for CDP version 106, so returning the closest version found: a no-op implementation
Okt 26, 2022 4:06:23 AM org.openqa.selenium.devtools.CdpVersionFinder findNearestMatch
INFO: Unable to find CDP implementation matching 106.
Okt 26, 2022 4:06:23 AM org.openqa.selenium.chromium.ChromiumDriver lambda$new$3
WARNING: Unable to find version of CDP to use for . You may need to include a dependency on a specific version of the CDP using something similar to `org.seleniumhq.selenium:selenium-devtools-v86:4.1.2` where the version ("v86") matches the version of the chromium-based browser you're using and the version number of the artifact is the same as Selenium's.
]]></system-err>
  </testcase>
  <testcase name="Login with email and password #1" classname="Login" time="3.934">
    <system-out><![CDATA[04:06:26.689 [main] INFO io.cucumber.core.plugin.SerenityReporter - Running feature from file:///C:/Users/alwi/IdeaProjects/AltaShop/src/test/resources/features/Login.feature
04:06:26.693 [main] DEBUG net.thucydides.core.steps.StepEventBus - Test suite started for story net.thucydides.core.model.Story@23282f08
04:06:26.694 [main] INFO  - Test Suite Started: Login

Scenario Outline: Login with email and password &amp#27;[90m# src/test/resources/features/Login.feature:14&amp#27;[0m
04:06:26.716 [main] INFO io.cucumber.core.plugin.SerenityReporter - Running feature from file:///C:/Users/alwi/IdeaProjects/AltaShop/src/test/resources/features/Login.feature
04:06:26.722 [main] INFO  - 
  _____   ___   ___   _____     ___   _____     _     ___   _____   ___   ___  
 |_   _| | __| / __| |_   _|   / __| |_   _|   /_\   | _ \ |_   _| | __| |   \ 
   | |   | _|  \__ \   | |     \__ \   | |    / _ \  |   /   | |   | _|  | |) |
   |_|   |___| |___/   |_|     |___/   |_|   /_/ \_\ |_|_\   |_|   |___| |___/ 

Login with email and password(login;login-with-email-and-password)
--------------------------------------------------------------------------------
04:06:26.841 [main] INFO net.serenitybdd.core.webdriver.driverproviders.ChromeDriverProvider - Using automatically driver download
04:06:26.951 [main] DEBUG io.github.bonigarcia.wdm.cache.ResolutionCache - Resolution chrome=106 in cache (valid until 04:10:38 26/10/2022 WIB)
04:06:26.954 [main] DEBUG io.github.bonigarcia.wdm.cache.ResolutionCache - Resolution chrome106=106.0.5249.61 in cache (valid until 22:47:25 26/10/2022 WIB)
04:06:26.955 [main] INFO io.github.bonigarcia.wdm.WebDriverManager - Using chromedriver 106.0.5249.61 (resolved driver for Chrome 106)
04:06:26.966 [main] DEBUG io.github.bonigarcia.wdm.WebDriverManager - Driver chromedriver 106.0.5249.61 found in cache
04:06:26.966 [main] INFO io.github.bonigarcia.wdm.WebDriverManager - Exporting webdriver.chrome.driver as C:\Users\alwi\.cache\selenium\chromedriver\win32\106.0.5249.61\chromedriver.exe
04:06:27.068 [main] DEBUG net.serenitybdd.core.webdriver.driverproviders.ProvideNewDriver - Instantiating driver
04:06:27.068 [main] DEBUG net.serenitybdd.core.webdriver.driverproviders.ProvideNewDriver - Driver capabilities: Capabilities {acceptInsecureCerts: false, base.url: https://alta-shop.vercel.app, browserName: chrome, chrome.driver: src/test/resources/webdrive..., driver: chrome, goog:chromeOptions: {args: [], extensions: []}}
04:06:27.219 [AsyncHttpClient-1-1] DEBUG org.asynchttpclient.netty.channel.DefaultChannelPool - Entry count for : http://localhost:62500 : 1
04:06:27.219 [AsyncHttpClient-1-1] DEBUG org.asynchttpclient.netty.channel.DefaultChannelPool - Adding Candidate expired Channel [id: 0x6204e795, L:/127.0.0.1:62112 ! R:localhost/127.0.0.1:62500] isIdleTimeoutExpired=false isRemotelyClosed=true isTtlExpired=false
04:06:27.219 [AsyncHttpClient-1-1] DEBUG org.asynchttpclient.netty.channel.DefaultChannelPool - Closing Idle Channel [id: 0x6204e795, L:/127.0.0.1:62112 ! R:localhost/127.0.0.1:62500]
04:06:27.219 [AsyncHttpClient-1-1] DEBUG org.asynchttpclient.netty.channel.DefaultChannelPool - Closed 1 connections out of 1 in 0 ms
04:06:27.613 [AsyncHttpClient-1-8] DEBUG org.asynchttpclient.netty.channel.NettyConnectListener - Using new Channel '[id: 0xee324d51, L:/127.0.0.1:62141 - R:localhost/127.0.0.1:62083]' for 'POST' to '/session'
04:06:28.229 [AsyncHttpClient-1-8] DEBUG org.asynchttpclient.netty.handler.HttpHandler - 

Request DefaultHttpRequest(decodeResult: success, version: HTTP/1.1)
POST /session HTTP/1.1
User-Agent: selenium/4.1.2 (java windows)
Content-Length: 609
Content-Type: application/json; charset=utf-8
host: localhost:62083
accept: */*

Response DefaultHttpResponse(decodeResult: success, version: HTTP/1.1)
HTTP/1.1 200 OK
Content-Type: application/json; charset=utf-8
cache-control: no-cache
content-length: 790

04:06:28.229 [AsyncHttpClient-1-8] DEBUG org.asynchttpclient.netty.channel.ChannelManager - Adding key: http://localhost:62083 for channel [id: 0xee324d51, L:/127.0.0.1:62141 - R:localhost/127.0.0.1:62083]
04:06:28.239 [AsyncHttpClient-1-9] DEBUG org.asynchttpclient.netty.channel.NettyConnectListener - Using new Channel '[id: 0x08fef0b0, L:/127.0.0.1:62148 - R:localhost/127.0.0.1:62142]' for 'GET' to '/json/version'
04:06:28.248 [AsyncHttpClient-1-9] DEBUG org.asynchttpclient.netty.handler.HttpHandler - 

Request DefaultFullHttpRequest(decodeResult: success, version: HTTP/1.1, content: EmptyByteBufBE)
GET /json/version HTTP/1.1
User-Agent: selenium/4.1.2 (java windows)
host: localhost:62142
accept: */*

Response DefaultHttpResponse(decodeResult: success, version: HTTP/1.1)
HTTP/1.1 200 OK
Content-Type: application/json; charset=UTF-8
content-length: 424

04:06:28.248 [AsyncHttpClient-1-9] DEBUG org.asynchttpclient.netty.channel.ChannelManager - Adding key: http://localhost:62142 for channel [id: 0x08fef0b0, L:/127.0.0.1:62148 - R:localhost/127.0.0.1:62142]
04:06:28.253 [AsyncHttpClient-1-10] DEBUG org.asynchttpclient.netty.channel.NettyConnectListener - Using new Channel '[id: 0x63ce4e1e, L:/127.0.0.1:62149 - R:localhost/127.0.0.1:62142]' for 'GET' to '/devtools/browser/09cbd0be-24ff-45b8-b885-967bfff19968'
04:06:28.261 [AsyncHttpClient-1-10] DEBUG org.asynchttpclient.netty.handler.WebSocketHandler - 

Request DefaultFullHttpRequest(decodeResult: success, version: HTTP/1.1, content: EmptyByteBufBE)
GET /devtools/browser/09cbd0be-24ff-45b8-b885-967bfff19968 HTTP/1.1
upgrade: websocket
connection: upgrade
sec-websocket-key: Olvysdd/UqouSzSLzVwk2g==
sec-websocket-version: 13
origin: http://localhost:62142
host: localhost:62142
accept: */*
user-agent: AHC/2.1

Response DefaultHttpResponse(decodeResult: success, version: HTTP/1.1)
HTTP/1.1 101 WebSocket Protocol Handshake
Upgrade: WebSocket
Connection: Upgrade
Sec-WebSocket-Accept: 1S4weugsnZJSyYUhgXqscR2NaRU=

04:06:28.268 [Forwarding get on session abedce289662fcc3e785815c10468d82 to remote] DEBUG org.asynchttpclient.netty.request.NettyRequestSender - Using pooled Channel '[id: 0xee324d51, L:/127.0.0.1:62141 - R:localhost/127.0.0.1:62083]' for 'POST' to 'http://localhost:62083/session/abedce289662fcc3e785815c10468d82/url'
04:06:28.268 [Forwarding get on session abedce289662fcc3e785815c10468d82 to remote] DEBUG org.asynchttpclient.netty.request.NettyRequestSender - Using open Channel [id: 0xee324d51, L:/127.0.0.1:62141 - R:localhost/127.0.0.1:62083] for POST '/session/abedce289662fcc3e785815c10468d82/url'
04:06:28.324 [AsyncHttpClient-1-1] DEBUG org.asynchttpclient.netty.channel.DefaultChannelPool - Entry count for : http://localhost:62142 : 1
04:06:29.112 [AsyncHttpClient-1-8] DEBUG org.asynchttpclient.netty.handler.HttpHandler - 

Request DefaultHttpRequest(decodeResult: success, version: HTTP/1.1)
POST /session/abedce289662fcc3e785815c10468d82/url HTTP/1.1
User-Agent: selenium/4.1.2 (java windows)
Content-Length: 74
Content-Type: application/json; charset=utf-8
host: localhost:62083
accept: */*

Response DefaultHttpResponse(decodeResult: success, version: HTTP/1.1)
HTTP/1.1 200 OK
Content-Type: application/json; charset=utf-8
cache-control: no-cache
content-length: 14

04:06:29.112 [AsyncHttpClient-1-8] DEBUG org.asynchttpclient.netty.channel.ChannelManager - Adding key: http://localhost:62083 for channel [id: 0xee324d51, L:/127.0.0.1:62141 - R:localhost/127.0.0.1:62083]
04:06:29.114 [Forwarding setTimeout on session abedce289662fcc3e785815c10468d82 to remote] DEBUG org.asynchttpclient.netty.request.NettyRequestSender - Using pooled Channel '[id: 0xee324d51, L:/127.0.0.1:62141 - R:localhost/127.0.0.1:62083]' for 'POST' to 'http://localhost:62083/session/abedce289662fcc3e785815c10468d82/timeouts'
04:06:29.114 [Forwarding setTimeout on session abedce289662fcc3e785815c10468d82 to remote] DEBUG org.asynchttpclient.netty.request.NettyRequestSender - Using open Channel [id: 0xee324d51, L:/127.0.0.1:62141 - R:localhost/127.0.0.1:62083] for POST '/session/abedce289662fcc3e785815c10468d82/timeouts'
04:06:29.116 [AsyncHttpClient-1-8] DEBUG org.asynchttpclient.netty.handler.HttpHandler - 

Request DefaultHttpRequest(decodeResult: success, version: HTTP/1.1)
POST /session/abedce289662fcc3e785815c10468d82/timeouts HTTP/1.1
User-Agent: selenium/4.1.2 (java windows)
Content-Length: 22
Content-Type: application/json; charset=utf-8
host: localhost:62083
accept: */*

Response DefaultHttpResponse(decodeResult: success, version: HTTP/1.1)
HTTP/1.1 200 OK
Content-Type: application/json; charset=utf-8
cache-control: no-cache
content-length: 14

04:06:29.116 [AsyncHttpClient-1-8] DEBUG org.asynchttpclient.netty.channel.ChannelManager - Adding key: http://localhost:62083 for channel [id: 0xee324d51, L:/127.0.0.1:62141 - R:localhost/127.0.0.1:62083]
04:06:29.119 [Forwarding getCurrentUrl on session abedce289662fcc3e785815c10468d82 to remote] DEBUG org.asynchttpclient.netty.request.NettyRequestSender - Using pooled Channel '[id: 0xee324d51, L:/127.0.0.1:62141 - R:localhost/127.0.0.1:62083]' for 'GET' to 'http://localhost:62083/session/abedce289662fcc3e785815c10468d82/url'
04:06:29.119 [Forwarding getCurrentUrl on session abedce289662fcc3e785815c10468d82 to remote] DEBUG org.asynchttpclient.netty.request.NettyRequestSender - Using open Channel [id: 0xee324d51, L:/127.0.0.1:62141 - R:localhost/127.0.0.1:62083] for GET '/session/abedce289662fcc3e785815c10468d82/url'
04:06:29.123 [AsyncHttpClient-1-8] DEBUG org.asynchttpclient.netty.handler.HttpHandler - 

Request DefaultFullHttpRequest(decodeResult: success, version: HTTP/1.1, content: EmptyByteBufBE)
GET /session/abedce289662fcc3e785815c10468d82/url HTTP/1.1
User-Agent: selenium/4.1.2 (java windows)
Cache-Control: no-cache
Content-Type: application/json; charset=utf-8
host: localhost:62083
accept: */*

Response DefaultHttpResponse(decodeResult: success, version: HTTP/1.1)
HTTP/1.1 200 OK
Content-Type: application/json; charset=utf-8
cache-control: no-cache
content-length: 51

04:06:29.123 [AsyncHttpClient-1-8] DEBUG org.asynchttpclient.netty.channel.ChannelManager - Adding key: http://localhost:62083 for channel [id: 0xee324d51, L:/127.0.0.1:62141 - R:localhost/127.0.0.1:62083]
  &amp#27;[32mGiven &amp#27;[0m&amp#27;[32mI am on the login page&amp#27;[0m                  &amp#27;[90m# starter.stepdefinitions.LoginStep.iAmOnTheLoginPage()&amp#27;[0m
04:06:29.129 [main] DEBUG net.serenitybdd.core.photography.Darkroom - Opening darkroom
04:06:29.130 [Darkroom Processing Line] DEBUG net.serenitybdd.core.photography.DarkroomProcessingLine - Darkroom processing line starting up
04:06:29.130 [Forwarding screenshot on session abedce289662fcc3e785815c10468d82 to remote] DEBUG org.asynchttpclient.netty.request.NettyRequestSender - Using pooled Channel '[id: 0xee324d51, L:/127.0.0.1:62141 - R:localhost/127.0.0.1:62083]' for 'GET' to 'http://localhost:62083/session/abedce289662fcc3e785815c10468d82/screenshot'
04:06:29.130 [Forwarding screenshot on session abedce289662fcc3e785815c10468d82 to remote] DEBUG org.asynchttpclient.netty.request.NettyRequestSender - Using open Channel [id: 0xee324d51, L:/127.0.0.1:62141 - R:localhost/127.0.0.1:62083] for GET '/session/abedce289662fcc3e785815c10468d82/screenshot'
04:06:29.208 [AsyncHttpClient-1-8] DEBUG org.asynchttpclient.netty.handler.HttpHandler - 

Request DefaultFullHttpRequest(decodeResult: success, version: HTTP/1.1, content: EmptyByteBufBE)
GET /session/abedce289662fcc3e785815c10468d82/screenshot HTTP/1.1
User-Agent: selenium/4.1.2 (java windows)
Cache-Control: no-cache
Content-Type: application/json; charset=utf-8
host: localhost:62083
accept: */*

Response DefaultHttpResponse(decodeResult: success, version: HTTP/1.1)
HTTP/1.1 200 OK
Content-Type: application/json; charset=utf-8
cache-control: no-cache
content-length: 24528

04:06:29.208 [AsyncHttpClient-1-8] DEBUG org.asynchttpclient.netty.channel.ChannelManager - Adding key: http://localhost:62083 for channel [id: 0xee324d51, L:/127.0.0.1:62141 - R:localhost/127.0.0.1:62083]
04:06:29.210 [main] DEBUG net.serenitybdd.core.photography.Darkroom - Send negative for processing for target\site\serenity\4a081d05db2e6be9b3256b332b844d9c53d5aa88207142e6b6c18ed6759b787c.png
04:06:29.211 [Darkroom Processing Line] DEBUG net.serenitybdd.core.photography.DarkroomProcessingLine - Processing screenshot image in /var/screenshots/screenshot-3990265700297992337
04:06:29.211 [Darkroom Processing Line] DEBUG net.serenitybdd.core.photography.DarkroomProcessingLine - Saving screenshot to target\site\serenity\4a081d05db2e6be9b3256b332b844d9c53d5aa88207142e6b6c18ed6759b787c.png
04:06:29.220 [Forwarding findElement on session abedce289662fcc3e785815c10468d82 to remote] DEBUG org.asynchttpclient.netty.request.NettyRequestSender - Using pooled Channel '[id: 0xee324d51, L:/127.0.0.1:62141 - R:localhost/127.0.0.1:62083]' for 'POST' to 'http://localhost:62083/session/abedce289662fcc3e785815c10468d82/element'
04:06:29.221 [Forwarding findElement on session abedce289662fcc3e785815c10468d82 to remote] DEBUG org.asynchttpclient.netty.request.NettyRequestSender - Using open Channel [id: 0xee324d51, L:/127.0.0.1:62141 - R:localhost/127.0.0.1:62083] for POST '/session/abedce289662fcc3e785815c10468d82/element'
04:06:29.231 [AsyncHttpClient-1-8] DEBUG org.asynchttpclient.netty.handler.HttpHandler - 

Request DefaultHttpRequest(decodeResult: success, version: HTTP/1.1)
POST /session/abedce289662fcc3e785815c10468d82/element HTTP/1.1
User-Agent: selenium/4.1.2 (java windows)
Content-Length: 55
Content-Type: application/json; charset=utf-8
host: localhost:62083
accept: */*

Response DefaultHttpResponse(decodeResult: success, version: HTTP/1.1)
HTTP/1.1 200 OK
Content-Type: application/json; charset=utf-8
cache-control: no-cache
content-length: 88

04:06:29.231 [AsyncHttpClient-1-8] DEBUG org.asynchttpclient.netty.channel.ChannelManager - Adding key: http://localhost:62083 for channel [id: 0xee324d51, L:/127.0.0.1:62141 - R:localhost/127.0.0.1:62083]
04:06:29.233 [Forwarding clearElement on session abedce289662fcc3e785815c10468d82 to remote] DEBUG org.asynchttpclient.netty.request.NettyRequestSender - Using pooled Channel '[id: 0xee324d51, L:/127.0.0.1:62141 - R:localhost/127.0.0.1:62083]' for 'POST' to 'http://localhost:62083/session/abedce289662fcc3e785815c10468d82/element/c005d757-bda2-4f02-9bb0-8e06f645cae3/clear'
04:06:29.233 [Forwarding clearElement on session abedce289662fcc3e785815c10468d82 to remote] DEBUG org.asynchttpclient.netty.request.NettyRequestSender - Using open Channel [id: 0xee324d51, L:/127.0.0.1:62141 - R:localhost/127.0.0.1:62083] for POST '/session/abedce289662fcc3e785815c10468d82/element/c005d757-bda2-4f02-9bb0-8e06f645cae3/clear'
04:06:29.261 [AsyncHttpClient-1-8] DEBUG org.asynchttpclient.netty.handler.HttpHandler - 

Request DefaultHttpRequest(decodeResult: success, version: HTTP/1.1)
POST /session/abedce289662fcc3e785815c10468d82/element/c005d757-bda2-4f02-9bb0-8e06f645cae3/clear HTTP/1.1
User-Agent: selenium/4.1.2 (java windows)
Content-Length: 50
Content-Type: application/json; charset=utf-8
host: localhost:62083
accept: */*

Response DefaultHttpResponse(decodeResult: success, version: HTTP/1.1)
HTTP/1.1 200 OK
Content-Type: application/json; charset=utf-8
cache-control: no-cache
content-length: 14

04:06:29.261 [AsyncHttpClient-1-8] DEBUG org.asynchttpclient.netty.channel.ChannelManager - Adding key: http://localhost:62083 for channel [id: 0xee324d51, L:/127.0.0.1:62141 - R:localhost/127.0.0.1:62083]
04:06:29.265 [Forwarding sendKeysToElement on session abedce289662fcc3e785815c10468d82 to remote] DEBUG org.asynchttpclient.netty.request.NettyRequestSender - Using pooled Channel '[id: 0xee324d51, L:/127.0.0.1:62141 - R:localhost/127.0.0.1:62083]' for 'POST' to 'http://localhost:62083/session/abedce289662fcc3e785815c10468d82/element/c005d757-bda2-4f02-9bb0-8e06f645cae3/value'
04:06:29.265 [Forwarding sendKeysToElement on session abedce289662fcc3e785815c10468d82 to remote] DEBUG org.asynchttpclient.netty.request.NettyRequestSender - Using open Channel [id: 0xee324d51, L:/127.0.0.1:62141 - R:localhost/127.0.0.1:62083] for POST '/session/abedce289662fcc3e785815c10468d82/element/c005d757-bda2-4f02-9bb0-8e06f645cae3/value'
04:06:29.371 [AsyncHttpClient-1-8] DEBUG org.asynchttpclient.netty.handler.HttpHandler - 

Request DefaultHttpRequest(decodeResult: success, version: HTTP/1.1)
POST /session/abedce289662fcc3e785815c10468d82/element/c005d757-bda2-4f02-9bb0-8e06f645cae3/value HTTP/1.1
User-Agent: selenium/4.1.2 (java windows)
Content-Length: 241
Content-Type: application/json; charset=utf-8
host: localhost:62083
accept: */*

Response DefaultHttpResponse(decodeResult: success, version: HTTP/1.1)
HTTP/1.1 200 OK
Content-Type: application/json; charset=utf-8
cache-control: no-cache
content-length: 14

04:06:29.371 [AsyncHttpClient-1-8] DEBUG org.asynchttpclient.netty.channel.ChannelManager - Adding key: http://localhost:62083 for channel [id: 0xee324d51, L:/127.0.0.1:62141 - R:localhost/127.0.0.1:62083]
  &amp#27;[32mWhen &amp#27;[0m&amp#27;[32mI input email &amp#27;[0m&amp#27;[32m&amp#27;[1m"naixxy1@mail.com"&amp#27;[0m         &amp#27;[90m# starter.stepdefinitions.LoginStep.iInputEmail(java.lang.String)&amp#27;[0m
04:06:29.380 [Forwarding screenshot on session abedce289662fcc3e785815c10468d82 to remote] DEBUG org.asynchttpclient.netty.request.NettyRequestSender - Using pooled Channel '[id: 0xee324d51, L:/127.0.0.1:62141 - R:localhost/127.0.0.1:62083]' for 'GET' to 'http://localhost:62083/session/abedce289662fcc3e785815c10468d82/screenshot'
04:06:29.380 [Forwarding screenshot on session abedce289662fcc3e785815c10468d82 to remote] DEBUG org.asynchttpclient.netty.request.NettyRequestSender - Using open Channel [id: 0xee324d51, L:/127.0.0.1:62141 - R:localhost/127.0.0.1:62083] for GET '/session/abedce289662fcc3e785815c10468d82/screenshot'
04:06:29.428 [AsyncHttpClient-1-1] DEBUG org.asynchttpclient.netty.channel.DefaultChannelPool - Entry count for : http://localhost:62142 : 1
04:06:29.502 [AsyncHttpClient-1-8] DEBUG org.asynchttpclient.netty.handler.HttpHandler - 

Request DefaultFullHttpRequest(decodeResult: success, version: HTTP/1.1, content: EmptyByteBufBE)
GET /session/abedce289662fcc3e785815c10468d82/screenshot HTTP/1.1
User-Agent: selenium/4.1.2 (java windows)
Cache-Control: no-cache
Content-Type: application/json; charset=utf-8
host: localhost:62083
accept: */*

Response DefaultHttpResponse(decodeResult: success, version: HTTP/1.1)
HTTP/1.1 200 OK
Content-Type: application/json; charset=utf-8
cache-control: no-cache
content-length: 29020

04:06:29.503 [AsyncHttpClient-1-8] DEBUG org.asynchttpclient.netty.channel.ChannelManager - Adding key: http://localhost:62083 for channel [id: 0xee324d51, L:/127.0.0.1:62141 - R:localhost/127.0.0.1:62083]
04:06:29.506 [main] DEBUG net.serenitybdd.core.photography.Darkroom - Send negative for processing for target\site\serenity\a3a0a644c51ffe5395e00bd1c903fa25107c94e15e246359f12dbfced7083230.png
04:06:29.506 [Darkroom Processing Line] DEBUG net.serenitybdd.core.photography.DarkroomProcessingLine - Processing screenshot image in /var/screenshots/screenshot-6560839856926360442
04:06:29.506 [Darkroom Processing Line] DEBUG net.serenitybdd.core.photography.DarkroomProcessingLine - Saving screenshot to target\site\serenity\a3a0a644c51ffe5395e00bd1c903fa25107c94e15e246359f12dbfced7083230.png
04:06:29.517 [Forwarding findElement on session abedce289662fcc3e785815c10468d82 to remote] DEBUG org.asynchttpclient.netty.request.NettyRequestSender - Using pooled Channel '[id: 0xee324d51, L:/127.0.0.1:62141 - R:localhost/127.0.0.1:62083]' for 'POST' to 'http://localhost:62083/session/abedce289662fcc3e785815c10468d82/element'
04:06:29.517 [Forwarding findElement on session abedce289662fcc3e785815c10468d82 to remote] DEBUG org.asynchttpclient.netty.request.NettyRequestSender - Using open Channel [id: 0xee324d51, L:/127.0.0.1:62141 - R:localhost/127.0.0.1:62083] for POST '/session/abedce289662fcc3e785815c10468d82/element'
04:06:29.528 [AsyncHttpClient-1-8] DEBUG org.asynchttpclient.netty.handler.HttpHandler - 

Request DefaultHttpRequest(decodeResult: success, version: HTTP/1.1)
POST /session/abedce289662fcc3e785815c10468d82/element HTTP/1.1
User-Agent: selenium/4.1.2 (java windows)
Content-Length: 55
Content-Type: application/json; charset=utf-8
host: localhost:62083
accept: */*

Response DefaultHttpResponse(decodeResult: success, version: HTTP/1.1)
HTTP/1.1 200 OK
Content-Type: application/json; charset=utf-8
cache-control: no-cache
content-length: 88

04:06:29.528 [AsyncHttpClient-1-8] DEBUG org.asynchttpclient.netty.channel.ChannelManager - Adding key: http://localhost:62083 for channel [id: 0xee324d51, L:/127.0.0.1:62141 - R:localhost/127.0.0.1:62083]
04:06:29.531 [Forwarding clearElement on session abedce289662fcc3e785815c10468d82 to remote] DEBUG org.asynchttpclient.netty.request.NettyRequestSender - Using pooled Channel '[id: 0xee324d51, L:/127.0.0.1:62141 - R:localhost/127.0.0.1:62083]' for 'POST' to 'http://localhost:62083/session/abedce289662fcc3e785815c10468d82/element/88bc8253-f036-495f-92c8-c0699ee887bd/clear'
04:06:29.531 [Forwarding clearElement on session abedce289662fcc3e785815c10468d82 to remote] DEBUG org.asynchttpclient.netty.request.NettyRequestSender - Using open Channel [id: 0xee324d51, L:/127.0.0.1:62141 - R:localhost/127.0.0.1:62083] for POST '/session/abedce289662fcc3e785815c10468d82/element/88bc8253-f036-495f-92c8-c0699ee887bd/clear'
04:06:29.564 [AsyncHttpClient-1-8] DEBUG org.asynchttpclient.netty.handler.HttpHandler - 

Request DefaultHttpRequest(decodeResult: success, version: HTTP/1.1)
POST /session/abedce289662fcc3e785815c10468d82/element/88bc8253-f036-495f-92c8-c0699ee887bd/clear HTTP/1.1
User-Agent: selenium/4.1.2 (java windows)
Content-Length: 50
Content-Type: application/json; charset=utf-8
host: localhost:62083
accept: */*

Response DefaultHttpResponse(decodeResult: success, version: HTTP/1.1)
HTTP/1.1 200 OK
Content-Type: application/json; charset=utf-8
cache-control: no-cache
content-length: 14

04:06:29.564 [AsyncHttpClient-1-8] DEBUG org.asynchttpclient.netty.channel.ChannelManager - Adding key: http://localhost:62083 for channel [id: 0xee324d51, L:/127.0.0.1:62141 - R:localhost/127.0.0.1:62083]
04:06:29.566 [Forwarding sendKeysToElement on session abedce289662fcc3e785815c10468d82 to remote] DEBUG org.asynchttpclient.netty.request.NettyRequestSender - Using pooled Channel '[id: 0xee324d51, L:/127.0.0.1:62141 - R:localhost/127.0.0.1:62083]' for 'POST' to 'http://localhost:62083/session/abedce289662fcc3e785815c10468d82/element/88bc8253-f036-495f-92c8-c0699ee887bd/value'
04:06:29.567 [Forwarding sendKeysToElement on session abedce289662fcc3e785815c10468d82 to remote] DEBUG org.asynchttpclient.netty.request.NettyRequestSender - Using open Channel [id: 0xee324d51, L:/127.0.0.1:62141 - R:localhost/127.0.0.1:62083] for POST '/session/abedce289662fcc3e785815c10468d82/element/88bc8253-f036-495f-92c8-c0699ee887bd/value'
04:06:29.630 [AsyncHttpClient-1-8] DEBUG org.asynchttpclient.netty.handler.HttpHandler - 

Request DefaultHttpRequest(decodeResult: success, version: HTTP/1.1)
POST /session/abedce289662fcc3e785815c10468d82/element/88bc8253-f036-495f-92c8-c0699ee887bd/value HTTP/1.1
User-Agent: selenium/4.1.2 (java windows)
Content-Length: 141
Content-Type: application/json; charset=utf-8
host: localhost:62083
accept: */*

Response DefaultHttpResponse(decodeResult: success, version: HTTP/1.1)
HTTP/1.1 200 OK
Content-Type: application/json; charset=utf-8
cache-control: no-cache
content-length: 14

04:06:29.630 [AsyncHttpClient-1-8] DEBUG org.asynchttpclient.netty.channel.ChannelManager - Adding key: http://localhost:62083 for channel [id: 0xee324d51, L:/127.0.0.1:62141 - R:localhost/127.0.0.1:62083]
  &amp#27;[32mAnd &amp#27;[0m&amp#27;[32mI input password &amp#27;[0m&amp#27;[32m&amp#27;[1m"naixxy"&amp#27;[0m                 &amp#27;[90m# starter.stepdefinitions.LoginStep.iInputPassword(java.lang.String)&amp#27;[0m
04:06:29.640 [Forwarding screenshot on session abedce289662fcc3e785815c10468d82 to remote] DEBUG org.asynchttpclient.netty.request.NettyRequestSender - Using pooled Channel '[id: 0xee324d51, L:/127.0.0.1:62141 - R:localhost/127.0.0.1:62083]' for 'GET' to 'http://localhost:62083/session/abedce289662fcc3e785815c10468d82/screenshot'
04:06:29.640 [Forwarding screenshot on session abedce289662fcc3e785815c10468d82 to remote] DEBUG org.asynchttpclient.netty.request.NettyRequestSender - Using open Channel [id: 0xee324d51, L:/127.0.0.1:62141 - R:localhost/127.0.0.1:62083] for GET '/session/abedce289662fcc3e785815c10468d82/screenshot'
04:06:29.743 [AsyncHttpClient-1-8] DEBUG org.asynchttpclient.netty.handler.HttpHandler - 

Request DefaultFullHttpRequest(decodeResult: success, version: HTTP/1.1, content: EmptyByteBufBE)
GET /session/abedce289662fcc3e785815c10468d82/screenshot HTTP/1.1
User-Agent: selenium/4.1.2 (java windows)
Cache-Control: no-cache
Content-Type: application/json; charset=utf-8
host: localhost:62083
accept: */*

Response DefaultHttpResponse(decodeResult: success, version: HTTP/1.1)
HTTP/1.1 200 OK
Content-Type: application/json; charset=utf-8
cache-control: no-cache
content-length: 30052

04:06:29.743 [AsyncHttpClient-1-8] DEBUG org.asynchttpclient.netty.channel.ChannelManager - Adding key: http://localhost:62083 for channel [id: 0xee324d51, L:/127.0.0.1:62141 - R:localhost/127.0.0.1:62083]
04:06:29.745 [main] DEBUG net.serenitybdd.core.photography.Darkroom - Send negative for processing for target\site\serenity\aa5e2dc35638385b99713306ad5d687a25ed409745d882e7906fcd4b8925e395.png
04:06:29.746 [Darkroom Processing Line] DEBUG net.serenitybdd.core.photography.DarkroomProcessingLine - Processing screenshot image in /var/screenshots/screenshot-7928433027306210520
04:06:29.746 [Darkroom Processing Line] DEBUG net.serenitybdd.core.photography.DarkroomProcessingLine - Saving screenshot to target\site\serenity\aa5e2dc35638385b99713306ad5d687a25ed409745d882e7906fcd4b8925e395.png
04:06:29.756 [Forwarding findElement on session abedce289662fcc3e785815c10468d82 to remote] DEBUG org.asynchttpclient.netty.request.NettyRequestSender - Using pooled Channel '[id: 0xee324d51, L:/127.0.0.1:62141 - R:localhost/127.0.0.1:62083]' for 'POST' to 'http://localhost:62083/session/abedce289662fcc3e785815c10468d82/element'
04:06:29.756 [Forwarding findElement on session abedce289662fcc3e785815c10468d82 to remote] DEBUG org.asynchttpclient.netty.request.NettyRequestSender - Using open Channel [id: 0xee324d51, L:/127.0.0.1:62141 - R:localhost/127.0.0.1:62083] for POST '/session/abedce289662fcc3e785815c10468d82/element'
04:06:29.769 [AsyncHttpClient-1-8] DEBUG org.asynchttpclient.netty.handler.HttpHandler - 

Request DefaultHttpRequest(decodeResult: success, version: HTTP/1.1)
POST /session/abedce289662fcc3e785815c10468d82/element HTTP/1.1
User-Agent: selenium/4.1.2 (java windows)
Content-Length: 143
Content-Type: application/json; charset=utf-8
host: localhost:62083
accept: */*

Response DefaultHttpResponse(decodeResult: success, version: HTTP/1.1)
HTTP/1.1 200 OK
Content-Type: application/json; charset=utf-8
cache-control: no-cache
content-length: 88

04:06:29.769 [AsyncHttpClient-1-8] DEBUG org.asynchttpclient.netty.channel.ChannelManager - Adding key: http://localhost:62083 for channel [id: 0xee324d51, L:/127.0.0.1:62141 - R:localhost/127.0.0.1:62083]
04:06:29.771 [Forwarding getElementTagName on session abedce289662fcc3e785815c10468d82 to remote] DEBUG org.asynchttpclient.netty.request.NettyRequestSender - Using pooled Channel '[id: 0xee324d51, L:/127.0.0.1:62141 - R:localhost/127.0.0.1:62083]' for 'GET' to 'http://localhost:62083/session/abedce289662fcc3e785815c10468d82/element/3338c307-bd70-48c0-8be7-405fbc92d460/name'
04:06:29.771 [Forwarding getElementTagName on session abedce289662fcc3e785815c10468d82 to remote] DEBUG org.asynchttpclient.netty.request.NettyRequestSender - Using open Channel [id: 0xee324d51, L:/127.0.0.1:62141 - R:localhost/127.0.0.1:62083] for GET '/session/abedce289662fcc3e785815c10468d82/element/3338c307-bd70-48c0-8be7-405fbc92d460/name'
04:06:29.777 [AsyncHttpClient-1-8] DEBUG org.asynchttpclient.netty.handler.HttpHandler - 

Request DefaultFullHttpRequest(decodeResult: success, version: HTTP/1.1, content: EmptyByteBufBE)
GET /session/abedce289662fcc3e785815c10468d82/element/3338c307-bd70-48c0-8be7-405fbc92d460/name HTTP/1.1
User-Agent: selenium/4.1.2 (java windows)
Cache-Control: no-cache
Content-Type: application/json; charset=utf-8
host: localhost:62083
accept: */*

Response DefaultHttpResponse(decodeResult: success, version: HTTP/1.1)
HTTP/1.1 200 OK
Content-Type: application/json; charset=utf-8
cache-control: no-cache
content-length: 18

04:06:29.777 [AsyncHttpClient-1-8] DEBUG org.asynchttpclient.netty.channel.ChannelManager - Adding key: http://localhost:62083 for channel [id: 0xee324d51, L:/127.0.0.1:62141 - R:localhost/127.0.0.1:62083]
04:06:29.780 [Forwarding getElementTagName on session abedce289662fcc3e785815c10468d82 to remote] DEBUG org.asynchttpclient.netty.request.NettyRequestSender - Using pooled Channel '[id: 0xee324d51, L:/127.0.0.1:62141 - R:localhost/127.0.0.1:62083]' for 'GET' to 'http://localhost:62083/session/abedce289662fcc3e785815c10468d82/element/3338c307-bd70-48c0-8be7-405fbc92d460/name'
04:06:29.780 [Forwarding getElementTagName on session abedce289662fcc3e785815c10468d82 to remote] DEBUG org.asynchttpclient.netty.request.NettyRequestSender - Using open Channel [id: 0xee324d51, L:/127.0.0.1:62141 - R:localhost/127.0.0.1:62083] for GET '/session/abedce289662fcc3e785815c10468d82/element/3338c307-bd70-48c0-8be7-405fbc92d460/name'
04:06:29.786 [AsyncHttpClient-1-8] DEBUG org.asynchttpclient.netty.handler.HttpHandler - 

Request DefaultFullHttpRequest(decodeResult: success, version: HTTP/1.1, content: EmptyByteBufBE)
GET /session/abedce289662fcc3e785815c10468d82/element/3338c307-bd70-48c0-8be7-405fbc92d460/name HTTP/1.1
User-Agent: selenium/4.1.2 (java windows)
Cache-Control: no-cache
Content-Type: application/json; charset=utf-8
host: localhost:62083
accept: */*

Response DefaultHttpResponse(decodeResult: success, version: HTTP/1.1)
HTTP/1.1 200 OK
Content-Type: application/json; charset=utf-8
cache-control: no-cache
content-length: 18

04:06:29.786 [AsyncHttpClient-1-8] DEBUG org.asynchttpclient.netty.channel.ChannelManager - Adding key: http://localhost:62083 for channel [id: 0xee324d51, L:/127.0.0.1:62141 - R:localhost/127.0.0.1:62083]
04:06:29.789 [Forwarding isElementEnabled on session abedce289662fcc3e785815c10468d82 to remote] DEBUG org.asynchttpclient.netty.request.NettyRequestSender - Using pooled Channel '[id: 0xee324d51, L:/127.0.0.1:62141 - R:localhost/127.0.0.1:62083]' for 'GET' to 'http://localhost:62083/session/abedce289662fcc3e785815c10468d82/element/3338c307-bd70-48c0-8be7-405fbc92d460/enabled'
04:06:29.789 [Forwarding isElementEnabled on session abedce289662fcc3e785815c10468d82 to remote] DEBUG org.asynchttpclient.netty.request.NettyRequestSender - Using open Channel [id: 0xee324d51, L:/127.0.0.1:62141 - R:localhost/127.0.0.1:62083] for GET '/session/abedce289662fcc3e785815c10468d82/element/3338c307-bd70-48c0-8be7-405fbc92d460/enabled'
04:06:29.802 [AsyncHttpClient-1-8] DEBUG org.asynchttpclient.netty.handler.HttpHandler - 

Request DefaultFullHttpRequest(decodeResult: success, version: HTTP/1.1, content: EmptyByteBufBE)
GET /session/abedce289662fcc3e785815c10468d82/element/3338c307-bd70-48c0-8be7-405fbc92d460/enabled HTTP/1.1
User-Agent: selenium/4.1.2 (java windows)
Cache-Control: no-cache
Content-Type: application/json; charset=utf-8
host: localhost:62083
accept: */*

Response DefaultHttpResponse(decodeResult: success, version: HTTP/1.1)
HTTP/1.1 200 OK
Content-Type: application/json; charset=utf-8
cache-control: no-cache
content-length: 14

04:06:29.803 [AsyncHttpClient-1-8] DEBUG org.asynchttpclient.netty.channel.ChannelManager - Adding key: http://localhost:62083 for channel [id: 0xee324d51, L:/127.0.0.1:62141 - R:localhost/127.0.0.1:62083]
04:06:29.805 [Forwarding isElementEnabled on session abedce289662fcc3e785815c10468d82 to remote] DEBUG org.asynchttpclient.netty.request.NettyRequestSender - Using pooled Channel '[id: 0xee324d51, L:/127.0.0.1:62141 - R:localhost/127.0.0.1:62083]' for 'GET' to 'http://localhost:62083/session/abedce289662fcc3e785815c10468d82/element/3338c307-bd70-48c0-8be7-405fbc92d460/enabled'
04:06:29.805 [Forwarding isElementEnabled on session abedce289662fcc3e785815c10468d82 to remote] DEBUG org.asynchttpclient.netty.request.NettyRequestSender - Using open Channel [id: 0xee324d51, L:/127.0.0.1:62141 - R:localhost/127.0.0.1:62083] for GET '/session/abedce289662fcc3e785815c10468d82/element/3338c307-bd70-48c0-8be7-405fbc92d460/enabled'
04:06:29.811 [AsyncHttpClient-1-8] DEBUG org.asynchttpclient.netty.handler.HttpHandler - 

Request DefaultFullHttpRequest(decodeResult: success, version: HTTP/1.1, content: EmptyByteBufBE)
GET /session/abedce289662fcc3e785815c10468d82/element/3338c307-bd70-48c0-8be7-405fbc92d460/enabled HTTP/1.1
User-Agent: selenium/4.1.2 (java windows)
Cache-Control: no-cache
Content-Type: application/json; charset=utf-8
host: localhost:62083
accept: */*

Response DefaultHttpResponse(decodeResult: success, version: HTTP/1.1)
HTTP/1.1 200 OK
Content-Type: application/json; charset=utf-8
cache-control: no-cache
content-length: 14

04:06:29.811 [AsyncHttpClient-1-8] DEBUG org.asynchttpclient.netty.channel.ChannelManager - Adding key: http://localhost:62083 for channel [id: 0xee324d51, L:/127.0.0.1:62141 - R:localhost/127.0.0.1:62083]
04:06:29.815 [Forwarding findElement on session abedce289662fcc3e785815c10468d82 to remote] DEBUG org.asynchttpclient.netty.request.NettyRequestSender - Using pooled Channel '[id: 0xee324d51, L:/127.0.0.1:62141 - R:localhost/127.0.0.1:62083]' for 'POST' to 'http://localhost:62083/session/abedce289662fcc3e785815c10468d82/element'
04:06:29.815 [Forwarding findElement on session abedce289662fcc3e785815c10468d82 to remote] DEBUG org.asynchttpclient.netty.request.NettyRequestSender - Using open Channel [id: 0xee324d51, L:/127.0.0.1:62141 - R:localhost/127.0.0.1:62083] for POST '/session/abedce289662fcc3e785815c10468d82/element'
04:06:29.822 [AsyncHttpClient-1-8] DEBUG org.asynchttpclient.netty.handler.HttpHandler - 

Request DefaultHttpRequest(decodeResult: success, version: HTTP/1.1)
POST /session/abedce289662fcc3e785815c10468d82/element HTTP/1.1
User-Agent: selenium/4.1.2 (java windows)
Content-Length: 143
Content-Type: application/json; charset=utf-8
host: localhost:62083
accept: */*

Response DefaultHttpResponse(decodeResult: success, version: HTTP/1.1)
HTTP/1.1 200 OK
Content-Type: application/json; charset=utf-8
cache-control: no-cache
content-length: 88

04:06:29.822 [AsyncHttpClient-1-8] DEBUG org.asynchttpclient.netty.channel.ChannelManager - Adding key: http://localhost:62083 for channel [id: 0xee324d51, L:/127.0.0.1:62141 - R:localhost/127.0.0.1:62083]
04:06:29.824 [Forwarding clickElement on session abedce289662fcc3e785815c10468d82 to remote] DEBUG org.asynchttpclient.netty.request.NettyRequestSender - Using pooled Channel '[id: 0xee324d51, L:/127.0.0.1:62141 - R:localhost/127.0.0.1:62083]' for 'POST' to 'http://localhost:62083/session/abedce289662fcc3e785815c10468d82/element/3338c307-bd70-48c0-8be7-405fbc92d460/click'
04:06:29.824 [Forwarding clickElement on session abedce289662fcc3e785815c10468d82 to remote] DEBUG org.asynchttpclient.netty.request.NettyRequestSender - Using open Channel [id: 0xee324d51, L:/127.0.0.1:62141 - R:localhost/127.0.0.1:62083] for POST '/session/abedce289662fcc3e785815c10468d82/element/3338c307-bd70-48c0-8be7-405fbc92d460/click'
04:06:29.867 [AsyncHttpClient-1-8] DEBUG org.asynchttpclient.netty.handler.HttpHandler - 

Request DefaultHttpRequest(decodeResult: success, version: HTTP/1.1)
POST /session/abedce289662fcc3e785815c10468d82/element/3338c307-bd70-48c0-8be7-405fbc92d460/click HTTP/1.1
User-Agent: selenium/4.1.2 (java windows)
Content-Length: 50
Content-Type: application/json; charset=utf-8
host: localhost:62083
accept: */*

Response DefaultHttpResponse(decodeResult: success, version: HTTP/1.1)
HTTP/1.1 200 OK
Content-Type: application/json; charset=utf-8
cache-control: no-cache
content-length: 14

04:06:29.868 [AsyncHttpClient-1-8] DEBUG org.asynchttpclient.netty.channel.ChannelManager - Adding key: http://localhost:62083 for channel [id: 0xee324d51, L:/127.0.0.1:62141 - R:localhost/127.0.0.1:62083]
  &amp#27;[32mAnd &amp#27;[0m&amp#27;[32mI click login button&amp#27;[0m                      &amp#27;[90m# starter.stepdefinitions.LoginStep.iClickLoginButton()&amp#27;[0m
04:06:29.874 [Forwarding screenshot on session abedce289662fcc3e785815c10468d82 to remote] DEBUG org.asynchttpclient.netty.request.NettyRequestSender - Using pooled Channel '[id: 0xee324d51, L:/127.0.0.1:62141 - R:localhost/127.0.0.1:62083]' for 'GET' to 'http://localhost:62083/session/abedce289662fcc3e785815c10468d82/screenshot'
04:06:29.874 [Forwarding screenshot on session abedce289662fcc3e785815c10468d82 to remote] DEBUG org.asynchttpclient.netty.request.NettyRequestSender - Using open Channel [id: 0xee324d51, L:/127.0.0.1:62141 - R:localhost/127.0.0.1:62083] for GET '/session/abedce289662fcc3e785815c10468d82/screenshot'
04:06:29.984 [AsyncHttpClient-1-8] DEBUG org.asynchttpclient.netty.handler.HttpHandler - 

Request DefaultFullHttpRequest(decodeResult: success, version: HTTP/1.1, content: EmptyByteBufBE)
GET /session/abedce289662fcc3e785815c10468d82/screenshot HTTP/1.1
User-Agent: selenium/4.1.2 (java windows)
Cache-Control: no-cache
Content-Type: application/json; charset=utf-8
host: localhost:62083
accept: */*

Response DefaultHttpResponse(decodeResult: success, version: HTTP/1.1)
HTTP/1.1 200 OK
Content-Type: application/json; charset=utf-8
cache-control: no-cache
content-length: 29428

04:06:29.985 [AsyncHttpClient-1-8] DEBUG org.asynchttpclient.netty.channel.ChannelManager - Adding key: http://localhost:62083 for channel [id: 0xee324d51, L:/127.0.0.1:62141 - R:localhost/127.0.0.1:62083]
04:06:29.986 [main] DEBUG net.serenitybdd.core.photography.Darkroom - Send negative for processing for target\site\serenity\1e7d235d30de154e23cc2d7eef4dda855ba56f323e04262c8303a22c8433cbec.png
04:06:29.987 [Darkroom Processing Line] DEBUG net.serenitybdd.core.photography.DarkroomProcessingLine - Processing screenshot image in /var/screenshots/screenshot-13814018411960393890
04:06:29.987 [Darkroom Processing Line] DEBUG net.serenitybdd.core.photography.DarkroomProcessingLine - Saving screenshot to target\site\serenity\1e7d235d30de154e23cc2d7eef4dda855ba56f323e04262c8303a22c8433cbec.png
  &amp#27;[32mThen &amp#27;[0m&amp#27;[32mI will get the result &amp#27;[0m&amp#27;[32m&amp#27;[1m"success"&amp#27;[0m          &amp#27;[90m# starter.stepdefinitions.LoginStep.iWillGetTheResult(java.lang.String)&amp#27;[0m
04:06:30.002 [AsyncHttpClient-1-10] DEBUG org.asynchttpclient.netty.handler.WebSocketHandler - Channel Closed: [id: 0x63ce4e1e, L:/127.0.0.1:62149 ! R:localhost/127.0.0.1:62142] with attribute NettyResponseFuture{currentRetry=5,
	isDone=1,
	isCancelled=0,
	asyncHandler=org.asynchttpclient.ws.WebSocketUpgradeHandler@3a5f0451,
	nettyRequest=org.asynchttpclient.netty.request.NettyRequest@7f5d9d7e,
	future=java.util.concurrent.CompletableFuture@74883bd3[Completed normally],
	uri=ws://localhost:62142/devtools/browser/09cbd0be-24ff-45b8-b885-967bfff19968,
	keepAlive=true,
	redirectCount=0,
	timeoutsHolder=null,
	inAuth=0,
	touch=1666731988262}
04:06:30.002 [AsyncHttpClient-1-10] DEBUG org.asynchttpclient.netty.channel.ChannelManager - Closing Channel [id: 0x63ce4e1e, L:/127.0.0.1:62149 ! R:localhost/127.0.0.1:62142] 
04:06:30.003 [Driver Command Executor] DEBUG org.asynchttpclient.netty.request.NettyRequestSender - Using pooled Channel '[id: 0xee324d51, L:/127.0.0.1:62141 - R:localhost/127.0.0.1:62083]' for 'DELETE' to 'http://localhost:62083/session/abedce289662fcc3e785815c10468d82'
04:06:30.003 [Driver Command Executor] DEBUG org.asynchttpclient.netty.request.NettyRequestSender - Using open Channel [id: 0xee324d51, L:/127.0.0.1:62141 - R:localhost/127.0.0.1:62083] for DELETE '/session/abedce289662fcc3e785815c10468d82'
04:06:30.027 [AsyncHttpClient-1-9] DEBUG org.asynchttpclient.netty.handler.HttpHandler - Unexpected I/O exception on channel [id: 0x08fef0b0, L:/127.0.0.1:62148 - R:localhost/127.0.0.1:62142]
java.net.SocketException: Connection reset
	at java.base/sun.nio.ch.SocketChannelImpl.throwConnectionReset(SocketChannelImpl.java:345)
	at java.base/sun.nio.ch.SocketChannelImpl.read(SocketChannelImpl.java:376)
	at io.netty.buffer.PooledByteBuf.setBytes(PooledByteBuf.java:258)
	at io.netty.buffer.AbstractByteBuf.writeBytes(AbstractByteBuf.java:1132)
	at io.netty.channel.socket.nio.NioSocketChannel.doReadBytes(NioSocketChannel.java:350)
	at io.netty.channel.nio.AbstractNioByteChannel$NioByteUnsafe.read(AbstractNioByteChannel.java:151)
	at io.netty.channel.nio.NioEventLoop.processSelectedKey(NioEventLoop.java:722)
	at io.netty.channel.nio.NioEventLoop.processSelectedKeysOptimized(NioEventLoop.java:658)
	at io.netty.channel.nio.NioEventLoop.processSelectedKeys(NioEventLoop.java:584)
	at io.netty.channel.nio.NioEventLoop.run(NioEventLoop.java:496)
	at io.netty.util.concurrent.SingleThreadEventExecutor$4.run(SingleThreadEventExecutor.java:986)
	at io.netty.util.internal.ThreadExecutorMap$2.run(ThreadExecutorMap.java:74)
	at io.netty.util.concurrent.FastThreadLocalRunnable.run(FastThreadLocalRunnable.java:30)
	at java.base/java.lang.Thread.run(Thread.java:830)
04:06:30.027 [AsyncHttpClient-1-9] DEBUG org.asynchttpclient.netty.channel.ChannelManager - Closing Channel [id: 0x08fef0b0, L:/127.0.0.1:62148 - R:localhost/127.0.0.1:62142] 
04:06:30.027 [AsyncHttpClient-1-9] DEBUG org.asynchttpclient.netty.handler.HttpHandler - Channel Closed: [id: 0x08fef0b0, L:/127.0.0.1:62148 ! R:localhost/127.0.0.1:62142] with attribute DISCARD
04:06:30.048 [AsyncHttpClient-1-8] DEBUG org.asynchttpclient.netty.handler.HttpHandler - 

Request DefaultFullHttpRequest(decodeResult: success, version: HTTP/1.1, content: EmptyByteBufBE)
DELETE /session/abedce289662fcc3e785815c10468d82 HTTP/1.1
User-Agent: selenium/4.1.2 (java windows)
Content-Type: application/json; charset=utf-8
host: localhost:62083
accept: */*

Response DefaultHttpResponse(decodeResult: success, version: HTTP/1.1)
HTTP/1.1 200 OK
Content-Type: application/json; charset=utf-8
cache-control: no-cache
content-length: 14

04:06:30.048 [AsyncHttpClient-1-8] DEBUG org.asynchttpclient.netty.channel.ChannelManager - Adding key: http://localhost:62083 for channel [id: 0xee324d51, L:/127.0.0.1:62141 - R:localhost/127.0.0.1:62083]
04:06:30.108 [AsyncHttpClient-1-8] DEBUG org.asynchttpclient.netty.handler.HttpHandler - Channel Closed: [id: 0xee324d51, L:/127.0.0.1:62141 ! R:localhost/127.0.0.1:62083] with attribute DISCARD
04:06:30.518 [AsyncHttpClient-1-1] DEBUG org.asynchttpclient.netty.channel.DefaultChannelPool - Entry count for : http://localhost:62142 : 1
04:06:30.518 [AsyncHttpClient-1-1] DEBUG org.asynchttpclient.netty.channel.DefaultChannelPool - Entry count for : http://localhost:62083 : 1
04:06:30.518 [AsyncHttpClient-1-1] DEBUG org.asynchttpclient.netty.channel.DefaultChannelPool - Adding Candidate expired Channel [id: 0x08fef0b0, L:/127.0.0.1:62148 ! R:localhost/127.0.0.1:62142] isIdleTimeoutExpired=false isRemotelyClosed=true isTtlExpired=false
04:06:30.518 [AsyncHttpClient-1-1] DEBUG org.asynchttpclient.netty.channel.DefaultChannelPool - Closing Idle Channel [id: 0x08fef0b0, L:/127.0.0.1:62148 ! R:localhost/127.0.0.1:62142]
04:06:30.518 [AsyncHttpClient-1-1] DEBUG org.asynchttpclient.netty.channel.DefaultChannelPool - Adding Candidate expired Channel [id: 0xee324d51, L:/127.0.0.1:62141 ! R:localhost/127.0.0.1:62083] isIdleTimeoutExpired=false isRemotelyClosed=true isTtlExpired=false
04:06:30.518 [AsyncHttpClient-1-1] DEBUG org.asynchttpclient.netty.channel.DefaultChannelPool - Closing Idle Channel [id: 0xee324d51, L:/127.0.0.1:62141 ! R:localhost/127.0.0.1:62083]
04:06:30.518 [AsyncHttpClient-1-1] DEBUG org.asynchttpclient.netty.channel.DefaultChannelPool - Closed 2 connections out of 2 in 0 ms
04:06:30.630 [main] INFO  - 
  _____   ___   ___   _____     ___     _     ___   ___   ___   ___  
 |_   _| | __| / __| |_   _|   | _ \   /_\   / __| / __| | __| |   \ 
   | |   | _|  \__ \   | |     |  _/  / _ \  \__ \ \__ \ | _|  | |) |
   |_|   |___| |___/   |_|     |_|   /_/ \_\ |___/ |___/ |___| |___/ 

Login with email and password
----------------------------------------------------------------------
]]></system-out>
    <system-err><![CDATA[Starting ChromeDriver 105.0.5195.52 (412c95e518836d8a7d97250d62b29c2ae6a26a85-refs/branch-heads/5195@{#853}) on port 62083
Only local connections are allowed.
Please see https://chromedriver.chromium.org/security-considerations for suggestions on keeping ChromeDriver safe.
ChromeDriver was started successfully.
[1666731988.215][WARNING]: This version of ChromeDriver has not been tested with Chrome version 106.
Okt 26, 2022 4:06:28 AM org.openqa.selenium.remote.ProtocolHandshake createSession
INFO: Detected dialect: W3C
Okt 26, 2022 4:06:28 AM org.openqa.selenium.devtools.CdpVersionFinder findNearestMatch
WARNING: Unable to find an exact match for CDP version 106, so returning the closest version found: a no-op implementation
Okt 26, 2022 4:06:28 AM org.openqa.selenium.devtools.CdpVersionFinder findNearestMatch
INFO: Unable to find CDP implementation matching 106.
Okt 26, 2022 4:06:28 AM org.openqa.selenium.chromium.ChromiumDriver lambda$new$3
WARNING: Unable to find version of CDP to use for . You may need to include a dependency on a specific version of the CDP using something similar to `org.seleniumhq.selenium:selenium-devtools-v86:4.1.2` where the version ("v86") matches the version of the chromium-based browser you're using and the version number of the artifact is the same as Selenium's.
]]></system-err>
  </testcase>
  <testcase name="Login with email and password #2" classname="Login" time="5.148">
    <system-out><![CDATA[
Scenario Outline: Login with email and password &amp#27;[90m# src/test/resources/features/Login.feature:15&amp#27;[0m
04:06:30.637 [main] INFO io.cucumber.core.plugin.SerenityReporter - Running feature from file:///C:/Users/alwi/IdeaProjects/AltaShop/src/test/resources/features/Login.feature
04:06:30.649 [main] INFO net.serenitybdd.core.webdriver.driverproviders.ChromeDriverProvider - Using automatically driver download
04:06:30.747 [main] DEBUG io.github.bonigarcia.wdm.cache.ResolutionCache - Resolution chrome=106 in cache (valid until 04:10:38 26/10/2022 WIB)
04:06:30.751 [main] DEBUG io.github.bonigarcia.wdm.cache.ResolutionCache - Resolution chrome106=106.0.5249.61 in cache (valid until 22:47:25 26/10/2022 WIB)
04:06:30.752 [main] INFO io.github.bonigarcia.wdm.WebDriverManager - Using chromedriver 106.0.5249.61 (resolved driver for Chrome 106)
04:06:30.766 [main] DEBUG io.github.bonigarcia.wdm.WebDriverManager - Driver chromedriver 106.0.5249.61 found in cache
04:06:30.767 [main] INFO io.github.bonigarcia.wdm.WebDriverManager - Exporting webdriver.chrome.driver as C:\Users\alwi\.cache\selenium\chromedriver\win32\106.0.5249.61\chromedriver.exe
04:06:30.873 [main] DEBUG net.serenitybdd.core.webdriver.driverproviders.ProvideNewDriver - Instantiating driver
04:06:30.873 [main] DEBUG net.serenitybdd.core.webdriver.driverproviders.ProvideNewDriver - Driver capabilities: Capabilities {acceptInsecureCerts: false, base.url: https://alta-shop.vercel.app, browserName: chrome, chrome.driver: src/test/resources/webdrive..., driver: chrome, goog:chromeOptions: {args: [], extensions: []}}
04:06:31.426 [AsyncHttpClient-1-11] DEBUG org.asynchttpclient.netty.channel.NettyConnectListener - Using new Channel '[id: 0x397b7bff, L:/127.0.0.1:62165 - R:localhost/127.0.0.1:49468]' for 'POST' to '/session'
04:06:32.093 [AsyncHttpClient-1-11] DEBUG org.asynchttpclient.netty.handler.HttpHandler - 

Request DefaultHttpRequest(decodeResult: success, version: HTTP/1.1)
POST /session HTTP/1.1
User-Agent: selenium/4.1.2 (java windows)
Content-Length: 609
Content-Type: application/json; charset=utf-8
host: localhost:49468
accept: */*

Response DefaultHttpResponse(decodeResult: success, version: HTTP/1.1)
HTTP/1.1 200 OK
Content-Type: application/json; charset=utf-8
cache-control: no-cache
content-length: 790

04:06:32.094 [AsyncHttpClient-1-11] DEBUG org.asynchttpclient.netty.channel.ChannelManager - Adding key: http://localhost:49468 for channel [id: 0x397b7bff, L:/127.0.0.1:62165 - R:localhost/127.0.0.1:49468]
04:06:32.106 [AsyncHttpClient-1-12] DEBUG org.asynchttpclient.netty.channel.NettyConnectListener - Using new Channel '[id: 0x2aaee658, L:/127.0.0.1:62172 - R:localhost/127.0.0.1:62166]' for 'GET' to '/json/version'
04:06:32.112 [AsyncHttpClient-1-12] DEBUG org.asynchttpclient.netty.handler.HttpHandler - 

Request DefaultFullHttpRequest(decodeResult: success, version: HTTP/1.1, content: EmptyByteBufBE)
GET /json/version HTTP/1.1
User-Agent: selenium/4.1.2 (java windows)
host: localhost:62166
accept: */*

Response DefaultHttpResponse(decodeResult: success, version: HTTP/1.1)
HTTP/1.1 200 OK
Content-Type: application/json; charset=UTF-8
content-length: 424

04:06:32.113 [AsyncHttpClient-1-12] DEBUG org.asynchttpclient.netty.channel.ChannelManager - Adding key: http://localhost:62166 for channel [id: 0x2aaee658, L:/127.0.0.1:62172 - R:localhost/127.0.0.1:62166]
04:06:32.117 [AsyncHttpClient-1-13] DEBUG org.asynchttpclient.netty.channel.NettyConnectListener - Using new Channel '[id: 0x1ac9c739, L:/127.0.0.1:62173 - R:localhost/127.0.0.1:62166]' for 'GET' to '/devtools/browser/6ff5d7f0-56bf-4fc5-a28e-9a50a2d18e67'
04:06:32.124 [AsyncHttpClient-1-13] DEBUG org.asynchttpclient.netty.handler.WebSocketHandler - 

Request DefaultFullHttpRequest(decodeResult: success, version: HTTP/1.1, content: EmptyByteBufBE)
GET /devtools/browser/6ff5d7f0-56bf-4fc5-a28e-9a50a2d18e67 HTTP/1.1
upgrade: websocket
connection: upgrade
sec-websocket-key: LD0y8qL3eBOonHQaLzO6Bw==
sec-websocket-version: 13
origin: http://localhost:62166
host: localhost:62166
accept: */*
user-agent: AHC/2.1

Response DefaultHttpResponse(decodeResult: success, version: HTTP/1.1)
HTTP/1.1 101 WebSocket Protocol Handshake
Upgrade: WebSocket
Connection: Upgrade
Sec-WebSocket-Accept: KpkBQOlI5Yk1YHClPVcOOz95RmQ=

04:06:32.128 [Forwarding get on session ffacf6db5b6d7df47071db52c3537481 to remote] DEBUG org.asynchttpclient.netty.request.NettyRequestSender - Using pooled Channel '[id: 0x397b7bff, L:/127.0.0.1:62165 - R:localhost/127.0.0.1:49468]' for 'POST' to 'http://localhost:49468/session/ffacf6db5b6d7df47071db52c3537481/url'
04:06:32.128 [Forwarding get on session ffacf6db5b6d7df47071db52c3537481 to remote] DEBUG org.asynchttpclient.netty.request.NettyRequestSender - Using open Channel [id: 0x397b7bff, L:/127.0.0.1:62165 - R:localhost/127.0.0.1:49468] for POST '/session/ffacf6db5b6d7df47071db52c3537481/url'
04:06:32.666 [AsyncHttpClient-1-11] DEBUG org.asynchttpclient.netty.handler.HttpHandler - 

Request DefaultHttpRequest(decodeResult: success, version: HTTP/1.1)
POST /session/ffacf6db5b6d7df47071db52c3537481/url HTTP/1.1
User-Agent: selenium/4.1.2 (java windows)
Content-Length: 74
Content-Type: application/json; charset=utf-8
host: localhost:49468
accept: */*

Response DefaultHttpResponse(decodeResult: success, version: HTTP/1.1)
HTTP/1.1 200 OK
Content-Type: application/json; charset=utf-8
cache-control: no-cache
content-length: 14

04:06:32.667 [AsyncHttpClient-1-11] DEBUG org.asynchttpclient.netty.channel.ChannelManager - Adding key: http://localhost:49468 for channel [id: 0x397b7bff, L:/127.0.0.1:62165 - R:localhost/127.0.0.1:49468]
04:06:32.670 [Forwarding setTimeout on session ffacf6db5b6d7df47071db52c3537481 to remote] DEBUG org.asynchttpclient.netty.request.NettyRequestSender - Using pooled Channel '[id: 0x397b7bff, L:/127.0.0.1:62165 - R:localhost/127.0.0.1:49468]' for 'POST' to 'http://localhost:49468/session/ffacf6db5b6d7df47071db52c3537481/timeouts'
04:06:32.670 [Forwarding setTimeout on session ffacf6db5b6d7df47071db52c3537481 to remote] DEBUG org.asynchttpclient.netty.request.NettyRequestSender - Using open Channel [id: 0x397b7bff, L:/127.0.0.1:62165 - R:localhost/127.0.0.1:49468] for POST '/session/ffacf6db5b6d7df47071db52c3537481/timeouts'
04:06:32.671 [AsyncHttpClient-1-11] DEBUG org.asynchttpclient.netty.handler.HttpHandler - 

Request DefaultHttpRequest(decodeResult: success, version: HTTP/1.1)
POST /session/ffacf6db5b6d7df47071db52c3537481/timeouts HTTP/1.1
User-Agent: selenium/4.1.2 (java windows)
Content-Length: 22
Content-Type: application/json; charset=utf-8
host: localhost:49468
accept: */*

Response DefaultHttpResponse(decodeResult: success, version: HTTP/1.1)
HTTP/1.1 200 OK
Content-Type: application/json; charset=utf-8
cache-control: no-cache
content-length: 14

04:06:32.672 [AsyncHttpClient-1-11] DEBUG org.asynchttpclient.netty.channel.ChannelManager - Adding key: http://localhost:49468 for channel [id: 0x397b7bff, L:/127.0.0.1:62165 - R:localhost/127.0.0.1:49468]
04:06:32.678 [Forwarding getCurrentUrl on session ffacf6db5b6d7df47071db52c3537481 to remote] DEBUG org.asynchttpclient.netty.request.NettyRequestSender - Using pooled Channel '[id: 0x397b7bff, L:/127.0.0.1:62165 - R:localhost/127.0.0.1:49468]' for 'GET' to 'http://localhost:49468/session/ffacf6db5b6d7df47071db52c3537481/url'
04:06:32.678 [Forwarding getCurrentUrl on session ffacf6db5b6d7df47071db52c3537481 to remote] DEBUG org.asynchttpclient.netty.request.NettyRequestSender - Using open Channel [id: 0x397b7bff, L:/127.0.0.1:62165 - R:localhost/127.0.0.1:49468] for GET '/session/ffacf6db5b6d7df47071db52c3537481/url'
04:06:32.683 [AsyncHttpClient-1-11] DEBUG org.asynchttpclient.netty.handler.HttpHandler - 

Request DefaultFullHttpRequest(decodeResult: success, version: HTTP/1.1, content: EmptyByteBufBE)
GET /session/ffacf6db5b6d7df47071db52c3537481/url HTTP/1.1
User-Agent: selenium/4.1.2 (java windows)
Cache-Control: no-cache
Content-Type: application/json; charset=utf-8
host: localhost:49468
accept: */*

Response DefaultHttpResponse(decodeResult: success, version: HTTP/1.1)
HTTP/1.1 200 OK
Content-Type: application/json; charset=utf-8
cache-control: no-cache
content-length: 51

04:06:32.684 [AsyncHttpClient-1-11] DEBUG org.asynchttpclient.netty.channel.ChannelManager - Adding key: http://localhost:49468 for channel [id: 0x397b7bff, L:/127.0.0.1:62165 - R:localhost/127.0.0.1:49468]
  &amp#27;[32mGiven &amp#27;[0m&amp#27;[32mI am on the login page&amp#27;[0m                  &amp#27;[90m# starter.stepdefinitions.LoginStep.iAmOnTheLoginPage()&amp#27;[0m
04:06:32.694 [Forwarding screenshot on session ffacf6db5b6d7df47071db52c3537481 to remote] DEBUG org.asynchttpclient.netty.request.NettyRequestSender - Using pooled Channel '[id: 0x397b7bff, L:/127.0.0.1:62165 - R:localhost/127.0.0.1:49468]' for 'GET' to 'http://localhost:49468/session/ffacf6db5b6d7df47071db52c3537481/screenshot'
04:06:32.694 [Forwarding screenshot on session ffacf6db5b6d7df47071db52c3537481 to remote] DEBUG org.asynchttpclient.netty.request.NettyRequestSender - Using open Channel [id: 0x397b7bff, L:/127.0.0.1:62165 - R:localhost/127.0.0.1:49468] for GET '/session/ffacf6db5b6d7df47071db52c3537481/screenshot'
04:06:32.719 [AsyncHttpClient-1-1] DEBUG org.asynchttpclient.netty.channel.DefaultChannelPool - Entry count for : http://localhost:62166 : 1
04:06:32.770 [AsyncHttpClient-1-11] DEBUG org.asynchttpclient.netty.handler.HttpHandler - 

Request DefaultFullHttpRequest(decodeResult: success, version: HTTP/1.1, content: EmptyByteBufBE)
GET /session/ffacf6db5b6d7df47071db52c3537481/screenshot HTTP/1.1
User-Agent: selenium/4.1.2 (java windows)
Cache-Control: no-cache
Content-Type: application/json; charset=utf-8
host: localhost:49468
accept: */*

Response DefaultHttpResponse(decodeResult: success, version: HTTP/1.1)
HTTP/1.1 200 OK
Content-Type: application/json; charset=utf-8
cache-control: no-cache
content-length: 24528

04:06:32.771 [AsyncHttpClient-1-11] DEBUG org.asynchttpclient.netty.channel.ChannelManager - Adding key: http://localhost:49468 for channel [id: 0x397b7bff, L:/127.0.0.1:62165 - R:localhost/127.0.0.1:49468]
04:06:32.772 [main] DEBUG net.serenitybdd.core.photography.Darkroom - Send negative for processing for target\site\serenity\4a081d05db2e6be9b3256b332b844d9c53d5aa88207142e6b6c18ed6759b787c.png
04:06:32.783 [Forwarding findElement on session ffacf6db5b6d7df47071db52c3537481 to remote] DEBUG org.asynchttpclient.netty.request.NettyRequestSender - Using pooled Channel '[id: 0x397b7bff, L:/127.0.0.1:62165 - R:localhost/127.0.0.1:49468]' for 'POST' to 'http://localhost:49468/session/ffacf6db5b6d7df47071db52c3537481/element'
04:06:32.783 [Forwarding findElement on session ffacf6db5b6d7df47071db52c3537481 to remote] DEBUG org.asynchttpclient.netty.request.NettyRequestSender - Using open Channel [id: 0x397b7bff, L:/127.0.0.1:62165 - R:localhost/127.0.0.1:49468] for POST '/session/ffacf6db5b6d7df47071db52c3537481/element'
04:06:32.795 [AsyncHttpClient-1-11] DEBUG org.asynchttpclient.netty.handler.HttpHandler - 

Request DefaultHttpRequest(decodeResult: success, version: HTTP/1.1)
POST /session/ffacf6db5b6d7df47071db52c3537481/element HTTP/1.1
User-Agent: selenium/4.1.2 (java windows)
Content-Length: 55
Content-Type: application/json; charset=utf-8
host: localhost:49468
accept: */*

Response DefaultHttpResponse(decodeResult: success, version: HTTP/1.1)
HTTP/1.1 200 OK
Content-Type: application/json; charset=utf-8
cache-control: no-cache
content-length: 88

04:06:32.795 [AsyncHttpClient-1-11] DEBUG org.asynchttpclient.netty.channel.ChannelManager - Adding key: http://localhost:49468 for channel [id: 0x397b7bff, L:/127.0.0.1:62165 - R:localhost/127.0.0.1:49468]
04:06:32.798 [Forwarding clearElement on session ffacf6db5b6d7df47071db52c3537481 to remote] DEBUG org.asynchttpclient.netty.request.NettyRequestSender - Using pooled Channel '[id: 0x397b7bff, L:/127.0.0.1:62165 - R:localhost/127.0.0.1:49468]' for 'POST' to 'http://localhost:49468/session/ffacf6db5b6d7df47071db52c3537481/element/ada78fc5-5ad5-426f-b696-b44aa681c1b6/clear'
04:06:32.798 [Forwarding clearElement on session ffacf6db5b6d7df47071db52c3537481 to remote] DEBUG org.asynchttpclient.netty.request.NettyRequestSender - Using open Channel [id: 0x397b7bff, L:/127.0.0.1:62165 - R:localhost/127.0.0.1:49468] for POST '/session/ffacf6db5b6d7df47071db52c3537481/element/ada78fc5-5ad5-426f-b696-b44aa681c1b6/clear'
04:06:32.831 [AsyncHttpClient-1-11] DEBUG org.asynchttpclient.netty.handler.HttpHandler - 

Request DefaultHttpRequest(decodeResult: success, version: HTTP/1.1)
POST /session/ffacf6db5b6d7df47071db52c3537481/element/ada78fc5-5ad5-426f-b696-b44aa681c1b6/clear HTTP/1.1
User-Agent: selenium/4.1.2 (java windows)
Content-Length: 50
Content-Type: application/json; charset=utf-8
host: localhost:49468
accept: */*

Response DefaultHttpResponse(decodeResult: success, version: HTTP/1.1)
HTTP/1.1 200 OK
Content-Type: application/json; charset=utf-8
cache-control: no-cache
content-length: 14

04:06:32.831 [AsyncHttpClient-1-11] DEBUG org.asynchttpclient.netty.channel.ChannelManager - Adding key: http://localhost:49468 for channel [id: 0x397b7bff, L:/127.0.0.1:62165 - R:localhost/127.0.0.1:49468]
04:06:32.835 [Forwarding sendKeysToElement on session ffacf6db5b6d7df47071db52c3537481 to remote] DEBUG org.asynchttpclient.netty.request.NettyRequestSender - Using pooled Channel '[id: 0x397b7bff, L:/127.0.0.1:62165 - R:localhost/127.0.0.1:49468]' for 'POST' to 'http://localhost:49468/session/ffacf6db5b6d7df47071db52c3537481/element/ada78fc5-5ad5-426f-b696-b44aa681c1b6/value'
04:06:32.835 [Forwarding sendKeysToElement on session ffacf6db5b6d7df47071db52c3537481 to remote] DEBUG org.asynchttpclient.netty.request.NettyRequestSender - Using open Channel [id: 0x397b7bff, L:/127.0.0.1:62165 - R:localhost/127.0.0.1:49468] for POST '/session/ffacf6db5b6d7df47071db52c3537481/element/ada78fc5-5ad5-426f-b696-b44aa681c1b6/value'
04:06:32.970 [AsyncHttpClient-1-11] DEBUG org.asynchttpclient.netty.handler.HttpHandler - 

Request DefaultHttpRequest(decodeResult: success, version: HTTP/1.1)
POST /session/ffacf6db5b6d7df47071db52c3537481/element/ada78fc5-5ad5-426f-b696-b44aa681c1b6/value HTTP/1.1
User-Agent: selenium/4.1.2 (java windows)
Content-Length: 241
Content-Type: application/json; charset=utf-8
host: localhost:49468
accept: */*

Response DefaultHttpResponse(decodeResult: success, version: HTTP/1.1)
HTTP/1.1 200 OK
Content-Type: application/json; charset=utf-8
cache-control: no-cache
content-length: 14

04:06:32.970 [AsyncHttpClient-1-11] DEBUG org.asynchttpclient.netty.channel.ChannelManager - Adding key: http://localhost:49468 for channel [id: 0x397b7bff, L:/127.0.0.1:62165 - R:localhost/127.0.0.1:49468]
  &amp#27;[32mWhen &amp#27;[0m&amp#27;[32mI input email &amp#27;[0m&amp#27;[32m&amp#27;[1m"naixxy1@mail.com"&amp#27;[0m         &amp#27;[90m# starter.stepdefinitions.LoginStep.iInputEmail(java.lang.String)&amp#27;[0m
04:06:32.978 [Forwarding screenshot on session ffacf6db5b6d7df47071db52c3537481 to remote] DEBUG org.asynchttpclient.netty.request.NettyRequestSender - Using pooled Channel '[id: 0x397b7bff, L:/127.0.0.1:62165 - R:localhost/127.0.0.1:49468]' for 'GET' to 'http://localhost:49468/session/ffacf6db5b6d7df47071db52c3537481/screenshot'
04:06:32.978 [Forwarding screenshot on session ffacf6db5b6d7df47071db52c3537481 to remote] DEBUG org.asynchttpclient.netty.request.NettyRequestSender - Using open Channel [id: 0x397b7bff, L:/127.0.0.1:62165 - R:localhost/127.0.0.1:49468] for GET '/session/ffacf6db5b6d7df47071db52c3537481/screenshot'
04:06:33.116 [AsyncHttpClient-1-11] DEBUG org.asynchttpclient.netty.handler.HttpHandler - 

Request DefaultFullHttpRequest(decodeResult: success, version: HTTP/1.1, content: EmptyByteBufBE)
GET /session/ffacf6db5b6d7df47071db52c3537481/screenshot HTTP/1.1
User-Agent: selenium/4.1.2 (java windows)
Cache-Control: no-cache
Content-Type: application/json; charset=utf-8
host: localhost:49468
accept: */*

Response DefaultHttpResponse(decodeResult: success, version: HTTP/1.1)
HTTP/1.1 200 OK
Content-Type: application/json; charset=utf-8
cache-control: no-cache
content-length: 28884

04:06:33.116 [AsyncHttpClient-1-11] DEBUG org.asynchttpclient.netty.channel.ChannelManager - Adding key: http://localhost:49468 for channel [id: 0x397b7bff, L:/127.0.0.1:62165 - R:localhost/127.0.0.1:49468]
04:06:33.119 [main] DEBUG net.serenitybdd.core.photography.Darkroom - Send negative for processing for target\site\serenity\8092b3f6f52c957fd52eec8f756b59444b50aa3b792f8a0578ff8ca1394a2331.png
04:06:33.119 [Darkroom Processing Line] DEBUG net.serenitybdd.core.photography.DarkroomProcessingLine - Processing screenshot image in /var/screenshots/screenshot-4613609547463139631
04:06:33.119 [Darkroom Processing Line] DEBUG net.serenitybdd.core.photography.DarkroomProcessingLine - Saving screenshot to target\site\serenity\8092b3f6f52c957fd52eec8f756b59444b50aa3b792f8a0578ff8ca1394a2331.png
04:06:33.128 [Forwarding findElement on session ffacf6db5b6d7df47071db52c3537481 to remote] DEBUG org.asynchttpclient.netty.request.NettyRequestSender - Using pooled Channel '[id: 0x397b7bff, L:/127.0.0.1:62165 - R:localhost/127.0.0.1:49468]' for 'POST' to 'http://localhost:49468/session/ffacf6db5b6d7df47071db52c3537481/element'
04:06:33.128 [Forwarding findElement on session ffacf6db5b6d7df47071db52c3537481 to remote] DEBUG org.asynchttpclient.netty.request.NettyRequestSender - Using open Channel [id: 0x397b7bff, L:/127.0.0.1:62165 - R:localhost/127.0.0.1:49468] for POST '/session/ffacf6db5b6d7df47071db52c3537481/element'
04:06:33.140 [AsyncHttpClient-1-11] DEBUG org.asynchttpclient.netty.handler.HttpHandler - 

Request DefaultHttpRequest(decodeResult: success, version: HTTP/1.1)
POST /session/ffacf6db5b6d7df47071db52c3537481/element HTTP/1.1
User-Agent: selenium/4.1.2 (java windows)
Content-Length: 55
Content-Type: application/json; charset=utf-8
host: localhost:49468
accept: */*

Response DefaultHttpResponse(decodeResult: success, version: HTTP/1.1)
HTTP/1.1 200 OK
Content-Type: application/json; charset=utf-8
cache-control: no-cache
content-length: 88

04:06:33.140 [AsyncHttpClient-1-11] DEBUG org.asynchttpclient.netty.channel.ChannelManager - Adding key: http://localhost:49468 for channel [id: 0x397b7bff, L:/127.0.0.1:62165 - R:localhost/127.0.0.1:49468]
04:06:33.142 [Forwarding clearElement on session ffacf6db5b6d7df47071db52c3537481 to remote] DEBUG org.asynchttpclient.netty.request.NettyRequestSender - Using pooled Channel '[id: 0x397b7bff, L:/127.0.0.1:62165 - R:localhost/127.0.0.1:49468]' for 'POST' to 'http://localhost:49468/session/ffacf6db5b6d7df47071db52c3537481/element/84ed5518-1772-4ccb-900b-3b4f1357ed25/clear'
04:06:33.142 [Forwarding clearElement on session ffacf6db5b6d7df47071db52c3537481 to remote] DEBUG org.asynchttpclient.netty.request.NettyRequestSender - Using open Channel [id: 0x397b7bff, L:/127.0.0.1:62165 - R:localhost/127.0.0.1:49468] for POST '/session/ffacf6db5b6d7df47071db52c3537481/element/84ed5518-1772-4ccb-900b-3b4f1357ed25/clear'
04:06:33.173 [AsyncHttpClient-1-11] DEBUG org.asynchttpclient.netty.handler.HttpHandler - 

Request DefaultHttpRequest(decodeResult: success, version: HTTP/1.1)
POST /session/ffacf6db5b6d7df47071db52c3537481/element/84ed5518-1772-4ccb-900b-3b4f1357ed25/clear HTTP/1.1
User-Agent: selenium/4.1.2 (java windows)
Content-Length: 50
Content-Type: application/json; charset=utf-8
host: localhost:49468
accept: */*

Response DefaultHttpResponse(decodeResult: success, version: HTTP/1.1)
HTTP/1.1 200 OK
Content-Type: application/json; charset=utf-8
cache-control: no-cache
content-length: 14

04:06:33.173 [AsyncHttpClient-1-11] DEBUG org.asynchttpclient.netty.channel.ChannelManager - Adding key: http://localhost:49468 for channel [id: 0x397b7bff, L:/127.0.0.1:62165 - R:localhost/127.0.0.1:49468]
04:06:33.175 [Forwarding sendKeysToElement on session ffacf6db5b6d7df47071db52c3537481 to remote] DEBUG org.asynchttpclient.netty.request.NettyRequestSender - Using pooled Channel '[id: 0x397b7bff, L:/127.0.0.1:62165 - R:localhost/127.0.0.1:49468]' for 'POST' to 'http://localhost:49468/session/ffacf6db5b6d7df47071db52c3537481/element/84ed5518-1772-4ccb-900b-3b4f1357ed25/value'
04:06:33.175 [Forwarding sendKeysToElement on session ffacf6db5b6d7df47071db52c3537481 to remote] DEBUG org.asynchttpclient.netty.request.NettyRequestSender - Using open Channel [id: 0x397b7bff, L:/127.0.0.1:62165 - R:localhost/127.0.0.1:49468] for POST '/session/ffacf6db5b6d7df47071db52c3537481/element/84ed5518-1772-4ccb-900b-3b4f1357ed25/value'
04:06:33.228 [AsyncHttpClient-1-11] DEBUG org.asynchttpclient.netty.handler.HttpHandler - 

Request DefaultHttpRequest(decodeResult: success, version: HTTP/1.1)
POST /session/ffacf6db5b6d7df47071db52c3537481/element/84ed5518-1772-4ccb-900b-3b4f1357ed25/value HTTP/1.1
User-Agent: selenium/4.1.2 (java windows)
Content-Length: 121
Content-Type: application/json; charset=utf-8
host: localhost:49468
accept: */*

Response DefaultHttpResponse(decodeResult: success, version: HTTP/1.1)
HTTP/1.1 200 OK
Content-Type: application/json; charset=utf-8
cache-control: no-cache
content-length: 14

04:06:33.228 [AsyncHttpClient-1-11] DEBUG org.asynchttpclient.netty.channel.ChannelManager - Adding key: http://localhost:49468 for channel [id: 0x397b7bff, L:/127.0.0.1:62165 - R:localhost/127.0.0.1:49468]
  &amp#27;[32mAnd &amp#27;[0m&amp#27;[32mI input password &amp#27;[0m&amp#27;[32m&amp#27;[1m"hihi"&amp#27;[0m                   &amp#27;[90m# starter.stepdefinitions.LoginStep.iInputPassword(java.lang.String)&amp#27;[0m
04:06:33.239 [Forwarding screenshot on session ffacf6db5b6d7df47071db52c3537481 to remote] DEBUG org.asynchttpclient.netty.request.NettyRequestSender - Using pooled Channel '[id: 0x397b7bff, L:/127.0.0.1:62165 - R:localhost/127.0.0.1:49468]' for 'GET' to 'http://localhost:49468/session/ffacf6db5b6d7df47071db52c3537481/screenshot'
04:06:33.239 [Forwarding screenshot on session ffacf6db5b6d7df47071db52c3537481 to remote] DEBUG org.asynchttpclient.netty.request.NettyRequestSender - Using open Channel [id: 0x397b7bff, L:/127.0.0.1:62165 - R:localhost/127.0.0.1:49468] for GET '/session/ffacf6db5b6d7df47071db52c3537481/screenshot'
04:06:33.383 [AsyncHttpClient-1-11] DEBUG org.asynchttpclient.netty.handler.HttpHandler - 

Request DefaultFullHttpRequest(decodeResult: success, version: HTTP/1.1, content: EmptyByteBufBE)
GET /session/ffacf6db5b6d7df47071db52c3537481/screenshot HTTP/1.1
User-Agent: selenium/4.1.2 (java windows)
Cache-Control: no-cache
Content-Type: application/json; charset=utf-8
host: localhost:49468
accept: */*

Response DefaultHttpResponse(decodeResult: success, version: HTTP/1.1)
HTTP/1.1 200 OK
Content-Type: application/json; charset=utf-8
cache-control: no-cache
content-length: 28888

04:06:33.384 [AsyncHttpClient-1-11] DEBUG org.asynchttpclient.netty.channel.ChannelManager - Adding key: http://localhost:49468 for channel [id: 0x397b7bff, L:/127.0.0.1:62165 - R:localhost/127.0.0.1:49468]
04:06:33.387 [main] DEBUG net.serenitybdd.core.photography.Darkroom - Send negative for processing for target\site\serenity\ee6960fdb6d78fb22d73c1dc93b6a7d60840c5fb3680c306777723d5fba08cec.png
04:06:33.387 [Darkroom Processing Line] DEBUG net.serenitybdd.core.photography.DarkroomProcessingLine - Processing screenshot image in /var/screenshots/screenshot-15000578285762338347
04:06:33.387 [Darkroom Processing Line] DEBUG net.serenitybdd.core.photography.DarkroomProcessingLine - Saving screenshot to target\site\serenity\ee6960fdb6d78fb22d73c1dc93b6a7d60840c5fb3680c306777723d5fba08cec.png
04:06:33.396 [Forwarding findElement on session ffacf6db5b6d7df47071db52c3537481 to remote] DEBUG org.asynchttpclient.netty.request.NettyRequestSender - Using pooled Channel '[id: 0x397b7bff, L:/127.0.0.1:62165 - R:localhost/127.0.0.1:49468]' for 'POST' to 'http://localhost:49468/session/ffacf6db5b6d7df47071db52c3537481/element'
04:06:33.396 [Forwarding findElement on session ffacf6db5b6d7df47071db52c3537481 to remote] DEBUG org.asynchttpclient.netty.request.NettyRequestSender - Using open Channel [id: 0x397b7bff, L:/127.0.0.1:62165 - R:localhost/127.0.0.1:49468] for POST '/session/ffacf6db5b6d7df47071db52c3537481/element'
04:06:33.409 [AsyncHttpClient-1-11] DEBUG org.asynchttpclient.netty.handler.HttpHandler - 

Request DefaultHttpRequest(decodeResult: success, version: HTTP/1.1)
POST /session/ffacf6db5b6d7df47071db52c3537481/element HTTP/1.1
User-Agent: selenium/4.1.2 (java windows)
Content-Length: 143
Content-Type: application/json; charset=utf-8
host: localhost:49468
accept: */*

Response DefaultHttpResponse(decodeResult: success, version: HTTP/1.1)
HTTP/1.1 200 OK
Content-Type: application/json; charset=utf-8
cache-control: no-cache
content-length: 88

04:06:33.409 [AsyncHttpClient-1-11] DEBUG org.asynchttpclient.netty.channel.ChannelManager - Adding key: http://localhost:49468 for channel [id: 0x397b7bff, L:/127.0.0.1:62165 - R:localhost/127.0.0.1:49468]
04:06:33.410 [Forwarding getElementTagName on session ffacf6db5b6d7df47071db52c3537481 to remote] DEBUG org.asynchttpclient.netty.request.NettyRequestSender - Using pooled Channel '[id: 0x397b7bff, L:/127.0.0.1:62165 - R:localhost/127.0.0.1:49468]' for 'GET' to 'http://localhost:49468/session/ffacf6db5b6d7df47071db52c3537481/element/9c24f34d-f4a4-46aa-a4d3-dc88087d94a7/name'
04:06:33.411 [Forwarding getElementTagName on session ffacf6db5b6d7df47071db52c3537481 to remote] DEBUG org.asynchttpclient.netty.request.NettyRequestSender - Using open Channel [id: 0x397b7bff, L:/127.0.0.1:62165 - R:localhost/127.0.0.1:49468] for GET '/session/ffacf6db5b6d7df47071db52c3537481/element/9c24f34d-f4a4-46aa-a4d3-dc88087d94a7/name'
04:06:33.415 [AsyncHttpClient-1-11] DEBUG org.asynchttpclient.netty.handler.HttpHandler - 

Request DefaultFullHttpRequest(decodeResult: success, version: HTTP/1.1, content: EmptyByteBufBE)
GET /session/ffacf6db5b6d7df47071db52c3537481/element/9c24f34d-f4a4-46aa-a4d3-dc88087d94a7/name HTTP/1.1
User-Agent: selenium/4.1.2 (java windows)
Cache-Control: no-cache
Content-Type: application/json; charset=utf-8
host: localhost:49468
accept: */*

Response DefaultHttpResponse(decodeResult: success, version: HTTP/1.1)
HTTP/1.1 200 OK
Content-Type: application/json; charset=utf-8
cache-control: no-cache
content-length: 18

04:06:33.415 [AsyncHttpClient-1-11] DEBUG org.asynchttpclient.netty.channel.ChannelManager - Adding key: http://localhost:49468 for channel [id: 0x397b7bff, L:/127.0.0.1:62165 - R:localhost/127.0.0.1:49468]
04:06:33.418 [Forwarding getElementTagName on session ffacf6db5b6d7df47071db52c3537481 to remote] DEBUG org.asynchttpclient.netty.request.NettyRequestSender - Using pooled Channel '[id: 0x397b7bff, L:/127.0.0.1:62165 - R:localhost/127.0.0.1:49468]' for 'GET' to 'http://localhost:49468/session/ffacf6db5b6d7df47071db52c3537481/element/9c24f34d-f4a4-46aa-a4d3-dc88087d94a7/name'
04:06:33.418 [Forwarding getElementTagName on session ffacf6db5b6d7df47071db52c3537481 to remote] DEBUG org.asynchttpclient.netty.request.NettyRequestSender - Using open Channel [id: 0x397b7bff, L:/127.0.0.1:62165 - R:localhost/127.0.0.1:49468] for GET '/session/ffacf6db5b6d7df47071db52c3537481/element/9c24f34d-f4a4-46aa-a4d3-dc88087d94a7/name'
04:06:33.424 [AsyncHttpClient-1-11] DEBUG org.asynchttpclient.netty.handler.HttpHandler - 

Request DefaultFullHttpRequest(decodeResult: success, version: HTTP/1.1, content: EmptyByteBufBE)
GET /session/ffacf6db5b6d7df47071db52c3537481/element/9c24f34d-f4a4-46aa-a4d3-dc88087d94a7/name HTTP/1.1
User-Agent: selenium/4.1.2 (java windows)
Cache-Control: no-cache
Content-Type: application/json; charset=utf-8
host: localhost:49468
accept: */*

Response DefaultHttpResponse(decodeResult: success, version: HTTP/1.1)
HTTP/1.1 200 OK
Content-Type: application/json; charset=utf-8
cache-control: no-cache
content-length: 18

04:06:33.424 [AsyncHttpClient-1-11] DEBUG org.asynchttpclient.netty.channel.ChannelManager - Adding key: http://localhost:49468 for channel [id: 0x397b7bff, L:/127.0.0.1:62165 - R:localhost/127.0.0.1:49468]
04:06:33.427 [Forwarding isElementEnabled on session ffacf6db5b6d7df47071db52c3537481 to remote] DEBUG org.asynchttpclient.netty.request.NettyRequestSender - Using pooled Channel '[id: 0x397b7bff, L:/127.0.0.1:62165 - R:localhost/127.0.0.1:49468]' for 'GET' to 'http://localhost:49468/session/ffacf6db5b6d7df47071db52c3537481/element/9c24f34d-f4a4-46aa-a4d3-dc88087d94a7/enabled'
04:06:33.427 [Forwarding isElementEnabled on session ffacf6db5b6d7df47071db52c3537481 to remote] DEBUG org.asynchttpclient.netty.request.NettyRequestSender - Using open Channel [id: 0x397b7bff, L:/127.0.0.1:62165 - R:localhost/127.0.0.1:49468] for GET '/session/ffacf6db5b6d7df47071db52c3537481/element/9c24f34d-f4a4-46aa-a4d3-dc88087d94a7/enabled'
04:06:33.439 [AsyncHttpClient-1-11] DEBUG org.asynchttpclient.netty.handler.HttpHandler - 

Request DefaultFullHttpRequest(decodeResult: success, version: HTTP/1.1, content: EmptyByteBufBE)
GET /session/ffacf6db5b6d7df47071db52c3537481/element/9c24f34d-f4a4-46aa-a4d3-dc88087d94a7/enabled HTTP/1.1
User-Agent: selenium/4.1.2 (java windows)
Cache-Control: no-cache
Content-Type: application/json; charset=utf-8
host: localhost:49468
accept: */*

Response DefaultHttpResponse(decodeResult: success, version: HTTP/1.1)
HTTP/1.1 200 OK
Content-Type: application/json; charset=utf-8
cache-control: no-cache
content-length: 14

04:06:33.439 [AsyncHttpClient-1-11] DEBUG org.asynchttpclient.netty.channel.ChannelManager - Adding key: http://localhost:49468 for channel [id: 0x397b7bff, L:/127.0.0.1:62165 - R:localhost/127.0.0.1:49468]
04:06:33.441 [Forwarding isElementEnabled on session ffacf6db5b6d7df47071db52c3537481 to remote] DEBUG org.asynchttpclient.netty.request.NettyRequestSender - Using pooled Channel '[id: 0x397b7bff, L:/127.0.0.1:62165 - R:localhost/127.0.0.1:49468]' for 'GET' to 'http://localhost:49468/session/ffacf6db5b6d7df47071db52c3537481/element/9c24f34d-f4a4-46aa-a4d3-dc88087d94a7/enabled'
04:06:33.441 [Forwarding isElementEnabled on session ffacf6db5b6d7df47071db52c3537481 to remote] DEBUG org.asynchttpclient.netty.request.NettyRequestSender - Using open Channel [id: 0x397b7bff, L:/127.0.0.1:62165 - R:localhost/127.0.0.1:49468] for GET '/session/ffacf6db5b6d7df47071db52c3537481/element/9c24f34d-f4a4-46aa-a4d3-dc88087d94a7/enabled'
04:06:33.448 [AsyncHttpClient-1-11] DEBUG org.asynchttpclient.netty.handler.HttpHandler - 

Request DefaultFullHttpRequest(decodeResult: success, version: HTTP/1.1, content: EmptyByteBufBE)
GET /session/ffacf6db5b6d7df47071db52c3537481/element/9c24f34d-f4a4-46aa-a4d3-dc88087d94a7/enabled HTTP/1.1
User-Agent: selenium/4.1.2 (java windows)
Cache-Control: no-cache
Content-Type: application/json; charset=utf-8
host: localhost:49468
accept: */*

Response DefaultHttpResponse(decodeResult: success, version: HTTP/1.1)
HTTP/1.1 200 OK
Content-Type: application/json; charset=utf-8
cache-control: no-cache
content-length: 14

04:06:33.448 [AsyncHttpClient-1-11] DEBUG org.asynchttpclient.netty.channel.ChannelManager - Adding key: http://localhost:49468 for channel [id: 0x397b7bff, L:/127.0.0.1:62165 - R:localhost/127.0.0.1:49468]
04:06:33.452 [Forwarding findElement on session ffacf6db5b6d7df47071db52c3537481 to remote] DEBUG org.asynchttpclient.netty.request.NettyRequestSender - Using pooled Channel '[id: 0x397b7bff, L:/127.0.0.1:62165 - R:localhost/127.0.0.1:49468]' for 'POST' to 'http://localhost:49468/session/ffacf6db5b6d7df47071db52c3537481/element'
04:06:33.452 [Forwarding findElement on session ffacf6db5b6d7df47071db52c3537481 to remote] DEBUG org.asynchttpclient.netty.request.NettyRequestSender - Using open Channel [id: 0x397b7bff, L:/127.0.0.1:62165 - R:localhost/127.0.0.1:49468] for POST '/session/ffacf6db5b6d7df47071db52c3537481/element'
04:06:33.463 [AsyncHttpClient-1-11] DEBUG org.asynchttpclient.netty.handler.HttpHandler - 

Request DefaultHttpRequest(decodeResult: success, version: HTTP/1.1)
POST /session/ffacf6db5b6d7df47071db52c3537481/element HTTP/1.1
User-Agent: selenium/4.1.2 (java windows)
Content-Length: 143
Content-Type: application/json; charset=utf-8
host: localhost:49468
accept: */*

Response DefaultHttpResponse(decodeResult: success, version: HTTP/1.1)
HTTP/1.1 200 OK
Content-Type: application/json; charset=utf-8
cache-control: no-cache
content-length: 88

04:06:33.463 [AsyncHttpClient-1-11] DEBUG org.asynchttpclient.netty.channel.ChannelManager - Adding key: http://localhost:49468 for channel [id: 0x397b7bff, L:/127.0.0.1:62165 - R:localhost/127.0.0.1:49468]
04:06:33.465 [Forwarding clickElement on session ffacf6db5b6d7df47071db52c3537481 to remote] DEBUG org.asynchttpclient.netty.request.NettyRequestSender - Using pooled Channel '[id: 0x397b7bff, L:/127.0.0.1:62165 - R:localhost/127.0.0.1:49468]' for 'POST' to 'http://localhost:49468/session/ffacf6db5b6d7df47071db52c3537481/element/9c24f34d-f4a4-46aa-a4d3-dc88087d94a7/click'
04:06:33.465 [Forwarding clickElement on session ffacf6db5b6d7df47071db52c3537481 to remote] DEBUG org.asynchttpclient.netty.request.NettyRequestSender - Using open Channel [id: 0x397b7bff, L:/127.0.0.1:62165 - R:localhost/127.0.0.1:49468] for POST '/session/ffacf6db5b6d7df47071db52c3537481/element/9c24f34d-f4a4-46aa-a4d3-dc88087d94a7/click'
04:06:33.510 [AsyncHttpClient-1-11] DEBUG org.asynchttpclient.netty.handler.HttpHandler - 

Request DefaultHttpRequest(decodeResult: success, version: HTTP/1.1)
POST /session/ffacf6db5b6d7df47071db52c3537481/element/9c24f34d-f4a4-46aa-a4d3-dc88087d94a7/click HTTP/1.1
User-Agent: selenium/4.1.2 (java windows)
Content-Length: 50
Content-Type: application/json; charset=utf-8
host: localhost:49468
accept: */*

Response DefaultHttpResponse(decodeResult: success, version: HTTP/1.1)
HTTP/1.1 200 OK
Content-Type: application/json; charset=utf-8
cache-control: no-cache
content-length: 14

04:06:33.510 [AsyncHttpClient-1-11] DEBUG org.asynchttpclient.netty.channel.ChannelManager - Adding key: http://localhost:49468 for channel [id: 0x397b7bff, L:/127.0.0.1:62165 - R:localhost/127.0.0.1:49468]
  &amp#27;[32mAnd &amp#27;[0m&amp#27;[32mI click login button&amp#27;[0m                      &amp#27;[90m# starter.stepdefinitions.LoginStep.iClickLoginButton()&amp#27;[0m
04:06:33.516 [Forwarding screenshot on session ffacf6db5b6d7df47071db52c3537481 to remote] DEBUG org.asynchttpclient.netty.request.NettyRequestSender - Using pooled Channel '[id: 0x397b7bff, L:/127.0.0.1:62165 - R:localhost/127.0.0.1:49468]' for 'GET' to 'http://localhost:49468/session/ffacf6db5b6d7df47071db52c3537481/screenshot'
04:06:33.516 [Forwarding screenshot on session ffacf6db5b6d7df47071db52c3537481 to remote] DEBUG org.asynchttpclient.netty.request.NettyRequestSender - Using open Channel [id: 0x397b7bff, L:/127.0.0.1:62165 - R:localhost/127.0.0.1:49468] for GET '/session/ffacf6db5b6d7df47071db52c3537481/screenshot'
04:06:33.651 [AsyncHttpClient-1-11] DEBUG org.asynchttpclient.netty.handler.HttpHandler - 

Request DefaultFullHttpRequest(decodeResult: success, version: HTTP/1.1, content: EmptyByteBufBE)
GET /session/ffacf6db5b6d7df47071db52c3537481/screenshot HTTP/1.1
User-Agent: selenium/4.1.2 (java windows)
Cache-Control: no-cache
Content-Type: application/json; charset=utf-8
host: localhost:49468
accept: */*

Response DefaultHttpResponse(decodeResult: success, version: HTTP/1.1)
HTTP/1.1 200 OK
Content-Type: application/json; charset=utf-8
cache-control: no-cache
content-length: 28316

04:06:33.651 [AsyncHttpClient-1-11] DEBUG org.asynchttpclient.netty.channel.ChannelManager - Adding key: http://localhost:49468 for channel [id: 0x397b7bff, L:/127.0.0.1:62165 - R:localhost/127.0.0.1:49468]
04:06:33.654 [main] DEBUG net.serenitybdd.core.photography.Darkroom - Send negative for processing for target\site\serenity\e4c93a67d76d5379033a7632f0748afdbd413809191e99ec393216c3a85c75f5.png
04:06:33.654 [Darkroom Processing Line] DEBUG net.serenitybdd.core.photography.DarkroomProcessingLine - Processing screenshot image in /var/screenshots/screenshot-8308647978624292845
04:06:33.654 [Darkroom Processing Line] DEBUG net.serenitybdd.core.photography.DarkroomProcessingLine - Saving screenshot to target\site\serenity\e4c93a67d76d5379033a7632f0748afdbd413809191e99ec393216c3a85c75f5.png
04:06:33.661 [Forwarding findElement on session ffacf6db5b6d7df47071db52c3537481 to remote] DEBUG org.asynchttpclient.netty.request.NettyRequestSender - Using pooled Channel '[id: 0x397b7bff, L:/127.0.0.1:62165 - R:localhost/127.0.0.1:49468]' for 'POST' to 'http://localhost:49468/session/ffacf6db5b6d7df47071db52c3537481/element'
04:06:33.661 [Forwarding findElement on session ffacf6db5b6d7df47071db52c3537481 to remote] DEBUG org.asynchttpclient.netty.request.NettyRequestSender - Using open Channel [id: 0x397b7bff, L:/127.0.0.1:62165 - R:localhost/127.0.0.1:49468] for POST '/session/ffacf6db5b6d7df47071db52c3537481/element'
04:06:33.824 [AsyncHttpClient-1-1] DEBUG org.asynchttpclient.netty.channel.DefaultChannelPool - Entry count for : http://localhost:62166 : 1
04:06:34.919 [AsyncHttpClient-1-1] DEBUG org.asynchttpclient.netty.channel.DefaultChannelPool - Entry count for : http://localhost:62166 : 1
04:06:35.004 [AsyncHttpClient-1-11] DEBUG org.asynchttpclient.netty.handler.HttpHandler - 

Request DefaultHttpRequest(decodeResult: success, version: HTTP/1.1)
POST /session/ffacf6db5b6d7df47071db52c3537481/element HTTP/1.1
User-Agent: selenium/4.1.2 (java windows)
Content-Length: 69
Content-Type: application/json; charset=utf-8
host: localhost:49468
accept: */*

Response DefaultHttpResponse(decodeResult: success, version: HTTP/1.1)
HTTP/1.1 200 OK
Content-Type: application/json; charset=utf-8
cache-control: no-cache
content-length: 88

04:06:35.004 [AsyncHttpClient-1-11] DEBUG org.asynchttpclient.netty.channel.ChannelManager - Adding key: http://localhost:49468 for channel [id: 0x397b7bff, L:/127.0.0.1:62165 - R:localhost/127.0.0.1:49468]
04:06:35.015 [Forwarding isElementDisplayed on session ffacf6db5b6d7df47071db52c3537481 to remote] DEBUG org.asynchttpclient.netty.request.NettyRequestSender - Using pooled Channel '[id: 0x397b7bff, L:/127.0.0.1:62165 - R:localhost/127.0.0.1:49468]' for 'POST' to 'http://localhost:49468/session/ffacf6db5b6d7df47071db52c3537481/execute/sync'
04:06:35.015 [Forwarding isElementDisplayed on session ffacf6db5b6d7df47071db52c3537481 to remote] DEBUG org.asynchttpclient.netty.request.NettyRequestSender - Using open Channel [id: 0x397b7bff, L:/127.0.0.1:62165 - R:localhost/127.0.0.1:49468] for POST '/session/ffacf6db5b6d7df47071db52c3537481/execute/sync'
04:06:35.034 [AsyncHttpClient-1-11] DEBUG org.asynchttpclient.netty.handler.HttpHandler - 

Request DefaultHttpRequest(decodeResult: success, version: HTTP/1.1)
POST /session/ffacf6db5b6d7df47071db52c3537481/execute/sync HTTP/1.1
User-Agent: selenium/4.1.2 (java windows)
Content-Length: 48780
Content-Type: application/json; charset=utf-8
host: localhost:49468
accept: */*

Response DefaultHttpResponse(decodeResult: success, version: HTTP/1.1)
HTTP/1.1 200 OK
Content-Type: application/json; charset=utf-8
cache-control: no-cache
content-length: 14

04:06:35.034 [AsyncHttpClient-1-11] DEBUG org.asynchttpclient.netty.channel.ChannelManager - Adding key: http://localhost:49468 for channel [id: 0x397b7bff, L:/127.0.0.1:62165 - R:localhost/127.0.0.1:49468]
  &amp#27;[32mThen &amp#27;[0m&amp#27;[32mI will get the result &amp#27;[0m&amp#27;[32m&amp#27;[1m"failed"&amp#27;[0m           &amp#27;[90m# starter.stepdefinitions.LoginStep.iWillGetTheResult(java.lang.String)&amp#27;[0m
04:06:35.041 [Forwarding screenshot on session ffacf6db5b6d7df47071db52c3537481 to remote] DEBUG org.asynchttpclient.netty.request.NettyRequestSender - Using pooled Channel '[id: 0x397b7bff, L:/127.0.0.1:62165 - R:localhost/127.0.0.1:49468]' for 'GET' to 'http://localhost:49468/session/ffacf6db5b6d7df47071db52c3537481/screenshot'
04:06:35.041 [Forwarding screenshot on session ffacf6db5b6d7df47071db52c3537481 to remote] DEBUG org.asynchttpclient.netty.request.NettyRequestSender - Using open Channel [id: 0x397b7bff, L:/127.0.0.1:62165 - R:localhost/127.0.0.1:49468] for GET '/session/ffacf6db5b6d7df47071db52c3537481/screenshot'
04:06:35.164 [AsyncHttpClient-1-11] DEBUG org.asynchttpclient.netty.handler.HttpHandler - 

Request DefaultFullHttpRequest(decodeResult: success, version: HTTP/1.1, content: EmptyByteBufBE)
GET /session/ffacf6db5b6d7df47071db52c3537481/screenshot HTTP/1.1
User-Agent: selenium/4.1.2 (java windows)
Cache-Control: no-cache
Content-Type: application/json; charset=utf-8
host: localhost:49468
accept: */*

Response DefaultHttpResponse(decodeResult: success, version: HTTP/1.1)
HTTP/1.1 200 OK
Content-Type: application/json; charset=utf-8
cache-control: no-cache
content-length: 34540

04:06:35.164 [AsyncHttpClient-1-11] DEBUG org.asynchttpclient.netty.channel.ChannelManager - Adding key: http://localhost:49468 for channel [id: 0x397b7bff, L:/127.0.0.1:62165 - R:localhost/127.0.0.1:49468]
04:06:35.166 [main] DEBUG net.serenitybdd.core.photography.Darkroom - Send negative for processing for target\site\serenity\aa00d6e4ddcfeeabb1186363c8328be777b75c57d23754d9a2a8685d4a4f9855.png
04:06:35.167 [Darkroom Processing Line] DEBUG net.serenitybdd.core.photography.DarkroomProcessingLine - Processing screenshot image in /var/screenshots/screenshot-73130638689207410
04:06:35.167 [Darkroom Processing Line] DEBUG net.serenitybdd.core.photography.DarkroomProcessingLine - Saving screenshot to target\site\serenity\aa00d6e4ddcfeeabb1186363c8328be777b75c57d23754d9a2a8685d4a4f9855.png
04:06:35.171 [AsyncHttpClient-1-13] DEBUG org.asynchttpclient.netty.handler.WebSocketHandler - Channel Closed: [id: 0x1ac9c739, L:/127.0.0.1:62173 ! R:localhost/127.0.0.1:62166] with attribute NettyResponseFuture{currentRetry=5,
	isDone=1,
	isCancelled=0,
	asyncHandler=org.asynchttpclient.ws.WebSocketUpgradeHandler@743b9965,
	nettyRequest=org.asynchttpclient.netty.request.NettyRequest@31391986,
	future=java.util.concurrent.CompletableFuture@508b16ee[Completed normally],
	uri=ws://localhost:62166/devtools/browser/6ff5d7f0-56bf-4fc5-a28e-9a50a2d18e67,
	keepAlive=true,
	redirectCount=0,
	timeoutsHolder=null,
	inAuth=0,
	touch=1666731992124}
04:06:35.172 [AsyncHttpClient-1-13] DEBUG org.asynchttpclient.netty.channel.ChannelManager - Closing Channel [id: 0x1ac9c739, L:/127.0.0.1:62173 ! R:localhost/127.0.0.1:62166] 
04:06:35.172 [Driver Command Executor] DEBUG org.asynchttpclient.netty.request.NettyRequestSender - Using pooled Channel '[id: 0x397b7bff, L:/127.0.0.1:62165 - R:localhost/127.0.0.1:49468]' for 'DELETE' to 'http://localhost:49468/session/ffacf6db5b6d7df47071db52c3537481'
04:06:35.172 [Driver Command Executor] DEBUG org.asynchttpclient.netty.request.NettyRequestSender - Using open Channel [id: 0x397b7bff, L:/127.0.0.1:62165 - R:localhost/127.0.0.1:49468] for DELETE '/session/ffacf6db5b6d7df47071db52c3537481'
04:06:35.194 [AsyncHttpClient-1-12] DEBUG org.asynchttpclient.netty.handler.HttpHandler - Unexpected I/O exception on channel [id: 0x2aaee658, L:/127.0.0.1:62172 - R:localhost/127.0.0.1:62166]
java.net.SocketException: Connection reset
	at java.base/sun.nio.ch.SocketChannelImpl.throwConnectionReset(SocketChannelImpl.java:345)
	at java.base/sun.nio.ch.SocketChannelImpl.read(SocketChannelImpl.java:376)
	at io.netty.buffer.PooledByteBuf.setBytes(PooledByteBuf.java:258)
	at io.netty.buffer.AbstractByteBuf.writeBytes(AbstractByteBuf.java:1132)
	at io.netty.channel.socket.nio.NioSocketChannel.doReadBytes(NioSocketChannel.java:350)
	at io.netty.channel.nio.AbstractNioByteChannel$NioByteUnsafe.read(AbstractNioByteChannel.java:151)
	at io.netty.channel.nio.NioEventLoop.processSelectedKey(NioEventLoop.java:722)
	at io.netty.channel.nio.NioEventLoop.processSelectedKeysOptimized(NioEventLoop.java:658)
	at io.netty.channel.nio.NioEventLoop.processSelectedKeys(NioEventLoop.java:584)
	at io.netty.channel.nio.NioEventLoop.run(NioEventLoop.java:496)
	at io.netty.util.concurrent.SingleThreadEventExecutor$4.run(SingleThreadEventExecutor.java:986)
	at io.netty.util.internal.ThreadExecutorMap$2.run(ThreadExecutorMap.java:74)
	at io.netty.util.concurrent.FastThreadLocalRunnable.run(FastThreadLocalRunnable.java:30)
	at java.base/java.lang.Thread.run(Thread.java:830)
04:06:35.194 [AsyncHttpClient-1-12] DEBUG org.asynchttpclient.netty.channel.ChannelManager - Closing Channel [id: 0x2aaee658, L:/127.0.0.1:62172 - R:localhost/127.0.0.1:62166] 
04:06:35.194 [AsyncHttpClient-1-12] DEBUG org.asynchttpclient.netty.handler.HttpHandler - Channel Closed: [id: 0x2aaee658, L:/127.0.0.1:62172 ! R:localhost/127.0.0.1:62166] with attribute DISCARD
04:06:35.206 [AsyncHttpClient-1-11] DEBUG org.asynchttpclient.netty.handler.HttpHandler - 

Request DefaultFullHttpRequest(decodeResult: success, version: HTTP/1.1, content: EmptyByteBufBE)
DELETE /session/ffacf6db5b6d7df47071db52c3537481 HTTP/1.1
User-Agent: selenium/4.1.2 (java windows)
Content-Type: application/json; charset=utf-8
host: localhost:49468
accept: */*

Response DefaultHttpResponse(decodeResult: success, version: HTTP/1.1)
HTTP/1.1 200 OK
Content-Type: application/json; charset=utf-8
cache-control: no-cache
content-length: 14

04:06:35.206 [AsyncHttpClient-1-11] DEBUG org.asynchttpclient.netty.channel.ChannelManager - Adding key: http://localhost:49468 for channel [id: 0x397b7bff, L:/127.0.0.1:62165 - R:localhost/127.0.0.1:49468]
04:06:35.261 [AsyncHttpClient-1-11] DEBUG org.asynchttpclient.netty.handler.HttpHandler - Channel Closed: [id: 0x397b7bff, L:/127.0.0.1:62165 ! R:localhost/127.0.0.1:49468] with attribute DISCARD
04:06:35.778 [main] INFO  - 
  _____   ___   ___   _____     ___     _     ___   ___   ___   ___  
 |_   _| | __| / __| |_   _|   | _ \   /_\   / __| / __| | __| |   \ 
   | |   | _|  \__ \   | |     |  _/  / _ \  \__ \ \__ \ | _|  | |) |
   |_|   |___| |___/   |_|     |_|   /_/ \_\ |___/ |___/ |___| |___/ 

Login with email and password
----------------------------------------------------------------------
]]></system-out>
    <system-err><![CDATA[Starting ChromeDriver 105.0.5195.52 (412c95e518836d8a7d97250d62b29c2ae6a26a85-refs/branch-heads/5195@{#853}) on port 49468
Only local connections are allowed.
Please see https://chromedriver.chromium.org/security-considerations for suggestions on keeping ChromeDriver safe.
ChromeDriver was started successfully.
[1666731992.071][WARNING]: This version of ChromeDriver has not been tested with Chrome version 106.
Okt 26, 2022 4:06:32 AM org.openqa.selenium.remote.ProtocolHandshake createSession
INFO: Detected dialect: W3C
Okt 26, 2022 4:06:32 AM org.openqa.selenium.devtools.CdpVersionFinder findNearestMatch
WARNING: Unable to find an exact match for CDP version 106, so returning the closest version found: a no-op implementation
Okt 26, 2022 4:06:32 AM org.openqa.selenium.devtools.CdpVersionFinder findNearestMatch
INFO: Unable to find CDP implementation matching 106.
Okt 26, 2022 4:06:32 AM org.openqa.selenium.chromium.ChromiumDriver lambda$new$3
WARNING: Unable to find version of CDP to use for . You may need to include a dependency on a specific version of the CDP using something similar to `org.seleniumhq.selenium:selenium-devtools-v86:4.1.2` where the version ("v86") matches the version of the chromium-based browser you're using and the version number of the artifact is the same as Selenium's.
]]></system-err>
  </testcase>
  <testcase name="Login with email and password #3" classname="Login" time="5.327">
    <system-out><![CDATA[
Scenario Outline: Login with email and password &amp#27;[90m# src/test/resources/features/Login.feature:16&amp#27;[0m
04:06:35.787 [main] INFO io.cucumber.core.plugin.SerenityReporter - Running feature from file:///C:/Users/alwi/IdeaProjects/AltaShop/src/test/resources/features/Login.feature
04:06:35.804 [main] INFO net.serenitybdd.core.webdriver.driverproviders.ChromeDriverProvider - Using automatically driver download
04:06:35.913 [main] DEBUG io.github.bonigarcia.wdm.cache.ResolutionCache - Resolution chrome=106 in cache (valid until 04:10:38 26/10/2022 WIB)
04:06:35.916 [main] DEBUG io.github.bonigarcia.wdm.cache.ResolutionCache - Resolution chrome106=106.0.5249.61 in cache (valid until 22:47:25 26/10/2022 WIB)
04:06:35.918 [main] INFO io.github.bonigarcia.wdm.WebDriverManager - Using chromedriver 106.0.5249.61 (resolved driver for Chrome 106)
04:06:35.929 [main] DEBUG io.github.bonigarcia.wdm.WebDriverManager - Driver chromedriver 106.0.5249.61 found in cache
04:06:35.929 [main] INFO io.github.bonigarcia.wdm.WebDriverManager - Exporting webdriver.chrome.driver as C:\Users\alwi\.cache\selenium\chromedriver\win32\106.0.5249.61\chromedriver.exe
04:06:36.028 [main] DEBUG net.serenitybdd.core.webdriver.driverproviders.ProvideNewDriver - Instantiating driver
04:06:36.029 [AsyncHttpClient-1-1] DEBUG org.asynchttpclient.netty.channel.DefaultChannelPool - Entry count for : http://localhost:62166 : 1
04:06:36.029 [AsyncHttpClient-1-1] DEBUG org.asynchttpclient.netty.channel.DefaultChannelPool - Entry count for : http://localhost:49468 : 1
04:06:36.029 [AsyncHttpClient-1-1] DEBUG org.asynchttpclient.netty.channel.DefaultChannelPool - Adding Candidate expired Channel [id: 0x2aaee658, L:/127.0.0.1:62172 ! R:localhost/127.0.0.1:62166] isIdleTimeoutExpired=false isRemotelyClosed=true isTtlExpired=false
04:06:36.029 [AsyncHttpClient-1-1] DEBUG org.asynchttpclient.netty.channel.DefaultChannelPool - Closing Idle Channel [id: 0x2aaee658, L:/127.0.0.1:62172 ! R:localhost/127.0.0.1:62166]
04:06:36.029 [AsyncHttpClient-1-1] DEBUG org.asynchttpclient.netty.channel.DefaultChannelPool - Adding Candidate expired Channel [id: 0x397b7bff, L:/127.0.0.1:62165 ! R:localhost/127.0.0.1:49468] isIdleTimeoutExpired=false isRemotelyClosed=true isTtlExpired=false
04:06:36.028 [main] DEBUG net.serenitybdd.core.webdriver.driverproviders.ProvideNewDriver - Driver capabilities: Capabilities {acceptInsecureCerts: false, base.url: https://alta-shop.vercel.app, browserName: chrome, chrome.driver: src/test/resources/webdrive..., driver: chrome, goog:chromeOptions: {args: [], extensions: []}}
04:06:36.029 [AsyncHttpClient-1-1] DEBUG org.asynchttpclient.netty.channel.DefaultChannelPool - Closing Idle Channel [id: 0x397b7bff, L:/127.0.0.1:62165 ! R:localhost/127.0.0.1:49468]
04:06:36.029 [AsyncHttpClient-1-1] DEBUG org.asynchttpclient.netty.channel.DefaultChannelPool - Closed 2 connections out of 2 in 0 ms
04:06:36.574 [AsyncHttpClient-1-14] DEBUG org.asynchttpclient.netty.channel.NettyConnectListener - Using new Channel '[id: 0xdc8323c7, L:/127.0.0.1:62193 - R:localhost/127.0.0.1:53747]' for 'POST' to '/session'
04:06:37.247 [AsyncHttpClient-1-14] DEBUG org.asynchttpclient.netty.handler.HttpHandler - 

Request DefaultHttpRequest(decodeResult: success, version: HTTP/1.1)
POST /session HTTP/1.1
User-Agent: selenium/4.1.2 (java windows)
Content-Length: 609
Content-Type: application/json; charset=utf-8
host: localhost:53747
accept: */*

Response DefaultHttpResponse(decodeResult: success, version: HTTP/1.1)
HTTP/1.1 200 OK
Content-Type: application/json; charset=utf-8
cache-control: no-cache
content-length: 789

04:06:37.247 [AsyncHttpClient-1-14] DEBUG org.asynchttpclient.netty.channel.ChannelManager - Adding key: http://localhost:53747 for channel [id: 0xdc8323c7, L:/127.0.0.1:62193 - R:localhost/127.0.0.1:53747]
04:06:37.254 [AsyncHttpClient-1-15] DEBUG org.asynchttpclient.netty.channel.NettyConnectListener - Using new Channel '[id: 0xb95970b6, L:/127.0.0.1:62200 - R:localhost/127.0.0.1:62194]' for 'GET' to '/json/version'
04:06:37.265 [AsyncHttpClient-1-15] DEBUG org.asynchttpclient.netty.handler.HttpHandler - 

Request DefaultFullHttpRequest(decodeResult: success, version: HTTP/1.1, content: EmptyByteBufBE)
GET /json/version HTTP/1.1
User-Agent: selenium/4.1.2 (java windows)
host: localhost:62194
accept: */*

Response DefaultHttpResponse(decodeResult: success, version: HTTP/1.1)
HTTP/1.1 200 OK
Content-Type: application/json; charset=UTF-8
content-length: 424

04:06:37.265 [AsyncHttpClient-1-15] DEBUG org.asynchttpclient.netty.channel.ChannelManager - Adding key: http://localhost:62194 for channel [id: 0xb95970b6, L:/127.0.0.1:62200 - R:localhost/127.0.0.1:62194]
04:06:37.269 [AsyncHttpClient-1-16] DEBUG org.asynchttpclient.netty.channel.NettyConnectListener - Using new Channel '[id: 0x32578e2b, L:/127.0.0.1:62201 - R:localhost/127.0.0.1:62194]' for 'GET' to '/devtools/browser/7b8acec8-01e9-4fc2-9486-bb028b9f4142'
04:06:37.272 [AsyncHttpClient-1-16] DEBUG org.asynchttpclient.netty.handler.WebSocketHandler - 

Request DefaultFullHttpRequest(decodeResult: success, version: HTTP/1.1, content: EmptyByteBufBE)
GET /devtools/browser/7b8acec8-01e9-4fc2-9486-bb028b9f4142 HTTP/1.1
upgrade: websocket
connection: upgrade
sec-websocket-key: HP+H3NFb9+P0rQQzcE9Dtg==
sec-websocket-version: 13
origin: http://localhost:62194
host: localhost:62194
accept: */*
user-agent: AHC/2.1

Response DefaultHttpResponse(decodeResult: success, version: HTTP/1.1)
HTTP/1.1 101 WebSocket Protocol Handshake
Upgrade: WebSocket
Connection: Upgrade
Sec-WebSocket-Accept: vvtu12MdL1whk3R0pzLUOZEe2iw=

04:06:37.278 [Forwarding get on session 743b80a39d3d44905f72764b928a08b7 to remote] DEBUG org.asynchttpclient.netty.request.NettyRequestSender - Using pooled Channel '[id: 0xdc8323c7, L:/127.0.0.1:62193 - R:localhost/127.0.0.1:53747]' for 'POST' to 'http://localhost:53747/session/743b80a39d3d44905f72764b928a08b7/url'
04:06:37.278 [Forwarding get on session 743b80a39d3d44905f72764b928a08b7 to remote] DEBUG org.asynchttpclient.netty.request.NettyRequestSender - Using open Channel [id: 0xdc8323c7, L:/127.0.0.1:62193 - R:localhost/127.0.0.1:53747] for POST '/session/743b80a39d3d44905f72764b928a08b7/url'
04:06:37.918 [AsyncHttpClient-1-14] DEBUG org.asynchttpclient.netty.handler.HttpHandler - 

Request DefaultHttpRequest(decodeResult: success, version: HTTP/1.1)
POST /session/743b80a39d3d44905f72764b928a08b7/url HTTP/1.1
User-Agent: selenium/4.1.2 (java windows)
Content-Length: 74
Content-Type: application/json; charset=utf-8
host: localhost:53747
accept: */*

Response DefaultHttpResponse(decodeResult: success, version: HTTP/1.1)
HTTP/1.1 200 OK
Content-Type: application/json; charset=utf-8
cache-control: no-cache
content-length: 14

04:06:37.919 [AsyncHttpClient-1-14] DEBUG org.asynchttpclient.netty.channel.ChannelManager - Adding key: http://localhost:53747 for channel [id: 0xdc8323c7, L:/127.0.0.1:62193 - R:localhost/127.0.0.1:53747]
04:06:37.921 [Forwarding setTimeout on session 743b80a39d3d44905f72764b928a08b7 to remote] DEBUG org.asynchttpclient.netty.request.NettyRequestSender - Using pooled Channel '[id: 0xdc8323c7, L:/127.0.0.1:62193 - R:localhost/127.0.0.1:53747]' for 'POST' to 'http://localhost:53747/session/743b80a39d3d44905f72764b928a08b7/timeouts'
04:06:37.921 [Forwarding setTimeout on session 743b80a39d3d44905f72764b928a08b7 to remote] DEBUG org.asynchttpclient.netty.request.NettyRequestSender - Using open Channel [id: 0xdc8323c7, L:/127.0.0.1:62193 - R:localhost/127.0.0.1:53747] for POST '/session/743b80a39d3d44905f72764b928a08b7/timeouts'
04:06:37.922 [AsyncHttpClient-1-14] DEBUG org.asynchttpclient.netty.handler.HttpHandler - 

Request DefaultHttpRequest(decodeResult: success, version: HTTP/1.1)
POST /session/743b80a39d3d44905f72764b928a08b7/timeouts HTTP/1.1
User-Agent: selenium/4.1.2 (java windows)
Content-Length: 22
Content-Type: application/json; charset=utf-8
host: localhost:53747
accept: */*

Response DefaultHttpResponse(decodeResult: success, version: HTTP/1.1)
HTTP/1.1 200 OK
Content-Type: application/json; charset=utf-8
cache-control: no-cache
content-length: 14

04:06:37.922 [AsyncHttpClient-1-14] DEBUG org.asynchttpclient.netty.channel.ChannelManager - Adding key: http://localhost:53747 for channel [id: 0xdc8323c7, L:/127.0.0.1:62193 - R:localhost/127.0.0.1:53747]
04:06:37.925 [Forwarding getCurrentUrl on session 743b80a39d3d44905f72764b928a08b7 to remote] DEBUG org.asynchttpclient.netty.request.NettyRequestSender - Using pooled Channel '[id: 0xdc8323c7, L:/127.0.0.1:62193 - R:localhost/127.0.0.1:53747]' for 'GET' to 'http://localhost:53747/session/743b80a39d3d44905f72764b928a08b7/url'
04:06:37.925 [Forwarding getCurrentUrl on session 743b80a39d3d44905f72764b928a08b7 to remote] DEBUG org.asynchttpclient.netty.request.NettyRequestSender - Using open Channel [id: 0xdc8323c7, L:/127.0.0.1:62193 - R:localhost/127.0.0.1:53747] for GET '/session/743b80a39d3d44905f72764b928a08b7/url'
04:06:37.930 [AsyncHttpClient-1-14] DEBUG org.asynchttpclient.netty.handler.HttpHandler - 

Request DefaultFullHttpRequest(decodeResult: success, version: HTTP/1.1, content: EmptyByteBufBE)
GET /session/743b80a39d3d44905f72764b928a08b7/url HTTP/1.1
User-Agent: selenium/4.1.2 (java windows)
Cache-Control: no-cache
Content-Type: application/json; charset=utf-8
host: localhost:53747
accept: */*

Response DefaultHttpResponse(decodeResult: success, version: HTTP/1.1)
HTTP/1.1 200 OK
Content-Type: application/json; charset=utf-8
cache-control: no-cache
content-length: 51

04:06:37.930 [AsyncHttpClient-1-14] DEBUG org.asynchttpclient.netty.channel.ChannelManager - Adding key: http://localhost:53747 for channel [id: 0xdc8323c7, L:/127.0.0.1:62193 - R:localhost/127.0.0.1:53747]
  &amp#27;[32mGiven &amp#27;[0m&amp#27;[32mI am on the login page&amp#27;[0m                  &amp#27;[90m# starter.stepdefinitions.LoginStep.iAmOnTheLoginPage()&amp#27;[0m
04:06:37.935 [Forwarding screenshot on session 743b80a39d3d44905f72764b928a08b7 to remote] DEBUG org.asynchttpclient.netty.request.NettyRequestSender - Using pooled Channel '[id: 0xdc8323c7, L:/127.0.0.1:62193 - R:localhost/127.0.0.1:53747]' for 'GET' to 'http://localhost:53747/session/743b80a39d3d44905f72764b928a08b7/screenshot'
04:06:37.935 [Forwarding screenshot on session 743b80a39d3d44905f72764b928a08b7 to remote] DEBUG org.asynchttpclient.netty.request.NettyRequestSender - Using open Channel [id: 0xdc8323c7, L:/127.0.0.1:62193 - R:localhost/127.0.0.1:53747] for GET '/session/743b80a39d3d44905f72764b928a08b7/screenshot'
04:06:38.024 [AsyncHttpClient-1-14] DEBUG org.asynchttpclient.netty.handler.HttpHandler - 

Request DefaultFullHttpRequest(decodeResult: success, version: HTTP/1.1, content: EmptyByteBufBE)
GET /session/743b80a39d3d44905f72764b928a08b7/screenshot HTTP/1.1
User-Agent: selenium/4.1.2 (java windows)
Cache-Control: no-cache
Content-Type: application/json; charset=utf-8
host: localhost:53747
accept: */*

Response DefaultHttpResponse(decodeResult: success, version: HTTP/1.1)
HTTP/1.1 200 OK
Content-Type: application/json; charset=utf-8
cache-control: no-cache
content-length: 24528

04:06:38.024 [AsyncHttpClient-1-14] DEBUG org.asynchttpclient.netty.channel.ChannelManager - Adding key: http://localhost:53747 for channel [id: 0xdc8323c7, L:/127.0.0.1:62193 - R:localhost/127.0.0.1:53747]
04:06:38.026 [main] DEBUG net.serenitybdd.core.photography.Darkroom - Send negative for processing for target\site\serenity\4a081d05db2e6be9b3256b332b844d9c53d5aa88207142e6b6c18ed6759b787c.png
04:06:38.033 [Forwarding findElement on session 743b80a39d3d44905f72764b928a08b7 to remote] DEBUG org.asynchttpclient.netty.request.NettyRequestSender - Using pooled Channel '[id: 0xdc8323c7, L:/127.0.0.1:62193 - R:localhost/127.0.0.1:53747]' for 'POST' to 'http://localhost:53747/session/743b80a39d3d44905f72764b928a08b7/element'
04:06:38.033 [Forwarding findElement on session 743b80a39d3d44905f72764b928a08b7 to remote] DEBUG org.asynchttpclient.netty.request.NettyRequestSender - Using open Channel [id: 0xdc8323c7, L:/127.0.0.1:62193 - R:localhost/127.0.0.1:53747] for POST '/session/743b80a39d3d44905f72764b928a08b7/element'
04:06:38.043 [AsyncHttpClient-1-14] DEBUG org.asynchttpclient.netty.handler.HttpHandler - 

Request DefaultHttpRequest(decodeResult: success, version: HTTP/1.1)
POST /session/743b80a39d3d44905f72764b928a08b7/element HTTP/1.1
User-Agent: selenium/4.1.2 (java windows)
Content-Length: 55
Content-Type: application/json; charset=utf-8
host: localhost:53747
accept: */*

Response DefaultHttpResponse(decodeResult: success, version: HTTP/1.1)
HTTP/1.1 200 OK
Content-Type: application/json; charset=utf-8
cache-control: no-cache
content-length: 88

04:06:38.044 [AsyncHttpClient-1-14] DEBUG org.asynchttpclient.netty.channel.ChannelManager - Adding key: http://localhost:53747 for channel [id: 0xdc8323c7, L:/127.0.0.1:62193 - R:localhost/127.0.0.1:53747]
04:06:38.045 [Forwarding clearElement on session 743b80a39d3d44905f72764b928a08b7 to remote] DEBUG org.asynchttpclient.netty.request.NettyRequestSender - Using pooled Channel '[id: 0xdc8323c7, L:/127.0.0.1:62193 - R:localhost/127.0.0.1:53747]' for 'POST' to 'http://localhost:53747/session/743b80a39d3d44905f72764b928a08b7/element/7c0b983d-5583-43ad-a3cf-16770757b144/clear'
04:06:38.045 [Forwarding clearElement on session 743b80a39d3d44905f72764b928a08b7 to remote] DEBUG org.asynchttpclient.netty.request.NettyRequestSender - Using open Channel [id: 0xdc8323c7, L:/127.0.0.1:62193 - R:localhost/127.0.0.1:53747] for POST '/session/743b80a39d3d44905f72764b928a08b7/element/7c0b983d-5583-43ad-a3cf-16770757b144/clear'
04:06:38.072 [AsyncHttpClient-1-14] DEBUG org.asynchttpclient.netty.handler.HttpHandler - 

Request DefaultHttpRequest(decodeResult: success, version: HTTP/1.1)
POST /session/743b80a39d3d44905f72764b928a08b7/element/7c0b983d-5583-43ad-a3cf-16770757b144/clear HTTP/1.1
User-Agent: selenium/4.1.2 (java windows)
Content-Length: 50
Content-Type: application/json; charset=utf-8
host: localhost:53747
accept: */*

Response DefaultHttpResponse(decodeResult: success, version: HTTP/1.1)
HTTP/1.1 200 OK
Content-Type: application/json; charset=utf-8
cache-control: no-cache
content-length: 14

04:06:38.073 [AsyncHttpClient-1-14] DEBUG org.asynchttpclient.netty.channel.ChannelManager - Adding key: http://localhost:53747 for channel [id: 0xdc8323c7, L:/127.0.0.1:62193 - R:localhost/127.0.0.1:53747]
04:06:38.075 [Forwarding sendKeysToElement on session 743b80a39d3d44905f72764b928a08b7 to remote] DEBUG org.asynchttpclient.netty.request.NettyRequestSender - Using pooled Channel '[id: 0xdc8323c7, L:/127.0.0.1:62193 - R:localhost/127.0.0.1:53747]' for 'POST' to 'http://localhost:53747/session/743b80a39d3d44905f72764b928a08b7/element/7c0b983d-5583-43ad-a3cf-16770757b144/value'
04:06:38.075 [Forwarding sendKeysToElement on session 743b80a39d3d44905f72764b928a08b7 to remote] DEBUG org.asynchttpclient.netty.request.NettyRequestSender - Using open Channel [id: 0xdc8323c7, L:/127.0.0.1:62193 - R:localhost/127.0.0.1:53747] for POST '/session/743b80a39d3d44905f72764b928a08b7/element/7c0b983d-5583-43ad-a3cf-16770757b144/value'
04:06:38.170 [AsyncHttpClient-1-14] DEBUG org.asynchttpclient.netty.handler.HttpHandler - 

Request DefaultHttpRequest(decodeResult: success, version: HTTP/1.1)
POST /session/743b80a39d3d44905f72764b928a08b7/element/7c0b983d-5583-43ad-a3cf-16770757b144/value HTTP/1.1
User-Agent: selenium/4.1.2 (java windows)
Content-Length: 241
Content-Type: application/json; charset=utf-8
host: localhost:53747
accept: */*

Response DefaultHttpResponse(decodeResult: success, version: HTTP/1.1)
HTTP/1.1 200 OK
Content-Type: application/json; charset=utf-8
cache-control: no-cache
content-length: 14

04:06:38.170 [AsyncHttpClient-1-14] DEBUG org.asynchttpclient.netty.channel.ChannelManager - Adding key: http://localhost:53747 for channel [id: 0xdc8323c7, L:/127.0.0.1:62193 - R:localhost/127.0.0.1:53747]
  &amp#27;[32mWhen &amp#27;[0m&amp#27;[32mI input email &amp#27;[0m&amp#27;[32m&amp#27;[1m"naixxy1@mail.com"&amp#27;[0m         &amp#27;[90m# starter.stepdefinitions.LoginStep.iInputEmail(java.lang.String)&amp#27;[0m
04:06:38.176 [Forwarding screenshot on session 743b80a39d3d44905f72764b928a08b7 to remote] DEBUG org.asynchttpclient.netty.request.NettyRequestSender - Using pooled Channel '[id: 0xdc8323c7, L:/127.0.0.1:62193 - R:localhost/127.0.0.1:53747]' for 'GET' to 'http://localhost:53747/session/743b80a39d3d44905f72764b928a08b7/screenshot'
04:06:38.176 [Forwarding screenshot on session 743b80a39d3d44905f72764b928a08b7 to remote] DEBUG org.asynchttpclient.netty.request.NettyRequestSender - Using open Channel [id: 0xdc8323c7, L:/127.0.0.1:62193 - R:localhost/127.0.0.1:53747] for GET '/session/743b80a39d3d44905f72764b928a08b7/screenshot'
04:06:38.219 [AsyncHttpClient-1-1] DEBUG org.asynchttpclient.netty.channel.DefaultChannelPool - Entry count for : http://localhost:62194 : 1
04:06:38.309 [AsyncHttpClient-1-14] DEBUG org.asynchttpclient.netty.handler.HttpHandler - 

Request DefaultFullHttpRequest(decodeResult: success, version: HTTP/1.1, content: EmptyByteBufBE)
GET /session/743b80a39d3d44905f72764b928a08b7/screenshot HTTP/1.1
User-Agent: selenium/4.1.2 (java windows)
Cache-Control: no-cache
Content-Type: application/json; charset=utf-8
host: localhost:53747
accept: */*

Response DefaultHttpResponse(decodeResult: success, version: HTTP/1.1)
HTTP/1.1 200 OK
Content-Type: application/json; charset=utf-8
cache-control: no-cache
content-length: 28780

04:06:38.309 [AsyncHttpClient-1-14] DEBUG org.asynchttpclient.netty.channel.ChannelManager - Adding key: http://localhost:53747 for channel [id: 0xdc8323c7, L:/127.0.0.1:62193 - R:localhost/127.0.0.1:53747]
04:06:38.311 [main] DEBUG net.serenitybdd.core.photography.Darkroom - Send negative for processing for target\site\serenity\90575dd3266e0b7fcf833eb92d6ff012355758c9a5262d51715ec988ec5786e6.png
04:06:38.311 [Darkroom Processing Line] DEBUG net.serenitybdd.core.photography.DarkroomProcessingLine - Processing screenshot image in /var/screenshots/screenshot-6882912925596453528
04:06:38.311 [Darkroom Processing Line] DEBUG net.serenitybdd.core.photography.DarkroomProcessingLine - Saving screenshot to target\site\serenity\90575dd3266e0b7fcf833eb92d6ff012355758c9a5262d51715ec988ec5786e6.png
04:06:38.319 [Forwarding findElement on session 743b80a39d3d44905f72764b928a08b7 to remote] DEBUG org.asynchttpclient.netty.request.NettyRequestSender - Using pooled Channel '[id: 0xdc8323c7, L:/127.0.0.1:62193 - R:localhost/127.0.0.1:53747]' for 'POST' to 'http://localhost:53747/session/743b80a39d3d44905f72764b928a08b7/element'
04:06:38.319 [Forwarding findElement on session 743b80a39d3d44905f72764b928a08b7 to remote] DEBUG org.asynchttpclient.netty.request.NettyRequestSender - Using open Channel [id: 0xdc8323c7, L:/127.0.0.1:62193 - R:localhost/127.0.0.1:53747] for POST '/session/743b80a39d3d44905f72764b928a08b7/element'
04:06:38.329 [AsyncHttpClient-1-14] DEBUG org.asynchttpclient.netty.handler.HttpHandler - 

Request DefaultHttpRequest(decodeResult: success, version: HTTP/1.1)
POST /session/743b80a39d3d44905f72764b928a08b7/element HTTP/1.1
User-Agent: selenium/4.1.2 (java windows)
Content-Length: 55
Content-Type: application/json; charset=utf-8
host: localhost:53747
accept: */*

Response DefaultHttpResponse(decodeResult: success, version: HTTP/1.1)
HTTP/1.1 200 OK
Content-Type: application/json; charset=utf-8
cache-control: no-cache
content-length: 88

04:06:38.329 [AsyncHttpClient-1-14] DEBUG org.asynchttpclient.netty.channel.ChannelManager - Adding key: http://localhost:53747 for channel [id: 0xdc8323c7, L:/127.0.0.1:62193 - R:localhost/127.0.0.1:53747]
04:06:38.331 [Forwarding clearElement on session 743b80a39d3d44905f72764b928a08b7 to remote] DEBUG org.asynchttpclient.netty.request.NettyRequestSender - Using pooled Channel '[id: 0xdc8323c7, L:/127.0.0.1:62193 - R:localhost/127.0.0.1:53747]' for 'POST' to 'http://localhost:53747/session/743b80a39d3d44905f72764b928a08b7/element/a796e6bf-17b9-4c2e-9452-55e117135d68/clear'
04:06:38.331 [Forwarding clearElement on session 743b80a39d3d44905f72764b928a08b7 to remote] DEBUG org.asynchttpclient.netty.request.NettyRequestSender - Using open Channel [id: 0xdc8323c7, L:/127.0.0.1:62193 - R:localhost/127.0.0.1:53747] for POST '/session/743b80a39d3d44905f72764b928a08b7/element/a796e6bf-17b9-4c2e-9452-55e117135d68/clear'
04:06:38.359 [AsyncHttpClient-1-14] DEBUG org.asynchttpclient.netty.handler.HttpHandler - 

Request DefaultHttpRequest(decodeResult: success, version: HTTP/1.1)
POST /session/743b80a39d3d44905f72764b928a08b7/element/a796e6bf-17b9-4c2e-9452-55e117135d68/clear HTTP/1.1
User-Agent: selenium/4.1.2 (java windows)
Content-Length: 50
Content-Type: application/json; charset=utf-8
host: localhost:53747
accept: */*

Response DefaultHttpResponse(decodeResult: success, version: HTTP/1.1)
HTTP/1.1 200 OK
Content-Type: application/json; charset=utf-8
cache-control: no-cache
content-length: 14

04:06:38.359 [AsyncHttpClient-1-14] DEBUG org.asynchttpclient.netty.channel.ChannelManager - Adding key: http://localhost:53747 for channel [id: 0xdc8323c7, L:/127.0.0.1:62193 - R:localhost/127.0.0.1:53747]
04:06:38.361 [Forwarding sendKeysToElement on session 743b80a39d3d44905f72764b928a08b7 to remote] DEBUG org.asynchttpclient.netty.request.NettyRequestSender - Using pooled Channel '[id: 0xdc8323c7, L:/127.0.0.1:62193 - R:localhost/127.0.0.1:53747]' for 'POST' to 'http://localhost:53747/session/743b80a39d3d44905f72764b928a08b7/element/a796e6bf-17b9-4c2e-9452-55e117135d68/value'
04:06:38.361 [Forwarding sendKeysToElement on session 743b80a39d3d44905f72764b928a08b7 to remote] DEBUG org.asynchttpclient.netty.request.NettyRequestSender - Using open Channel [id: 0xdc8323c7, L:/127.0.0.1:62193 - R:localhost/127.0.0.1:53747] for POST '/session/743b80a39d3d44905f72764b928a08b7/element/a796e6bf-17b9-4c2e-9452-55e117135d68/value'
04:06:38.394 [AsyncHttpClient-1-14] DEBUG org.asynchttpclient.netty.handler.HttpHandler - 

Request DefaultHttpRequest(decodeResult: success, version: HTTP/1.1)
POST /session/743b80a39d3d44905f72764b928a08b7/element/a796e6bf-17b9-4c2e-9452-55e117135d68/value HTTP/1.1
User-Agent: selenium/4.1.2 (java windows)
Content-Length: 82
Content-Type: application/json; charset=utf-8
host: localhost:53747
accept: */*

Response DefaultHttpResponse(decodeResult: success, version: HTTP/1.1)
HTTP/1.1 200 OK
Content-Type: application/json; charset=utf-8
cache-control: no-cache
content-length: 14

04:06:38.394 [AsyncHttpClient-1-14] DEBUG org.asynchttpclient.netty.channel.ChannelManager - Adding key: http://localhost:53747 for channel [id: 0xdc8323c7, L:/127.0.0.1:62193 - R:localhost/127.0.0.1:53747]
  &amp#27;[32mAnd &amp#27;[0m&amp#27;[32mI input password &amp#27;[0m&amp#27;[32m&amp#27;[1m""&amp#27;[0m                       &amp#27;[90m# starter.stepdefinitions.LoginStep.iInputPassword(java.lang.String)&amp#27;[0m
04:06:38.402 [Forwarding screenshot on session 743b80a39d3d44905f72764b928a08b7 to remote] DEBUG org.asynchttpclient.netty.request.NettyRequestSender - Using pooled Channel '[id: 0xdc8323c7, L:/127.0.0.1:62193 - R:localhost/127.0.0.1:53747]' for 'GET' to 'http://localhost:53747/session/743b80a39d3d44905f72764b928a08b7/screenshot'
04:06:38.402 [Forwarding screenshot on session 743b80a39d3d44905f72764b928a08b7 to remote] DEBUG org.asynchttpclient.netty.request.NettyRequestSender - Using open Channel [id: 0xdc8323c7, L:/127.0.0.1:62193 - R:localhost/127.0.0.1:53747] for GET '/session/743b80a39d3d44905f72764b928a08b7/screenshot'
04:06:38.561 [AsyncHttpClient-1-14] DEBUG org.asynchttpclient.netty.handler.HttpHandler - 

Request DefaultFullHttpRequest(decodeResult: success, version: HTTP/1.1, content: EmptyByteBufBE)
GET /session/743b80a39d3d44905f72764b928a08b7/screenshot HTTP/1.1
User-Agent: selenium/4.1.2 (java windows)
Cache-Control: no-cache
Content-Type: application/json; charset=utf-8
host: localhost:53747
accept: */*

Response DefaultHttpResponse(decodeResult: success, version: HTTP/1.1)
HTTP/1.1 200 OK
Content-Type: application/json; charset=utf-8
cache-control: no-cache
content-length: 28460

04:06:38.561 [AsyncHttpClient-1-14] DEBUG org.asynchttpclient.netty.channel.ChannelManager - Adding key: http://localhost:53747 for channel [id: 0xdc8323c7, L:/127.0.0.1:62193 - R:localhost/127.0.0.1:53747]
04:06:38.564 [main] DEBUG net.serenitybdd.core.photography.Darkroom - Send negative for processing for target\site\serenity\5dd6346ace8d588957fb4780528497a84a5e59f724625a017d5813ea42bf83f9.png
04:06:38.564 [Darkroom Processing Line] DEBUG net.serenitybdd.core.photography.DarkroomProcessingLine - Processing screenshot image in /var/screenshots/screenshot-13202407144845910738
04:06:38.564 [Darkroom Processing Line] DEBUG net.serenitybdd.core.photography.DarkroomProcessingLine - Saving screenshot to target\site\serenity\5dd6346ace8d588957fb4780528497a84a5e59f724625a017d5813ea42bf83f9.png
04:06:38.571 [Forwarding findElement on session 743b80a39d3d44905f72764b928a08b7 to remote] DEBUG org.asynchttpclient.netty.request.NettyRequestSender - Using pooled Channel '[id: 0xdc8323c7, L:/127.0.0.1:62193 - R:localhost/127.0.0.1:53747]' for 'POST' to 'http://localhost:53747/session/743b80a39d3d44905f72764b928a08b7/element'
04:06:38.572 [Forwarding findElement on session 743b80a39d3d44905f72764b928a08b7 to remote] DEBUG org.asynchttpclient.netty.request.NettyRequestSender - Using open Channel [id: 0xdc8323c7, L:/127.0.0.1:62193 - R:localhost/127.0.0.1:53747] for POST '/session/743b80a39d3d44905f72764b928a08b7/element'
04:06:38.584 [AsyncHttpClient-1-14] DEBUG org.asynchttpclient.netty.handler.HttpHandler - 

Request DefaultHttpRequest(decodeResult: success, version: HTTP/1.1)
POST /session/743b80a39d3d44905f72764b928a08b7/element HTTP/1.1
User-Agent: selenium/4.1.2 (java windows)
Content-Length: 143
Content-Type: application/json; charset=utf-8
host: localhost:53747
accept: */*

Response DefaultHttpResponse(decodeResult: success, version: HTTP/1.1)
HTTP/1.1 200 OK
Content-Type: application/json; charset=utf-8
cache-control: no-cache
content-length: 88

04:06:38.584 [AsyncHttpClient-1-14] DEBUG org.asynchttpclient.netty.channel.ChannelManager - Adding key: http://localhost:53747 for channel [id: 0xdc8323c7, L:/127.0.0.1:62193 - R:localhost/127.0.0.1:53747]
04:06:38.586 [Forwarding getElementTagName on session 743b80a39d3d44905f72764b928a08b7 to remote] DEBUG org.asynchttpclient.netty.request.NettyRequestSender - Using pooled Channel '[id: 0xdc8323c7, L:/127.0.0.1:62193 - R:localhost/127.0.0.1:53747]' for 'GET' to 'http://localhost:53747/session/743b80a39d3d44905f72764b928a08b7/element/26242c6e-fb64-4179-934c-789d70124af8/name'
04:06:38.586 [Forwarding getElementTagName on session 743b80a39d3d44905f72764b928a08b7 to remote] DEBUG org.asynchttpclient.netty.request.NettyRequestSender - Using open Channel [id: 0xdc8323c7, L:/127.0.0.1:62193 - R:localhost/127.0.0.1:53747] for GET '/session/743b80a39d3d44905f72764b928a08b7/element/26242c6e-fb64-4179-934c-789d70124af8/name'
04:06:38.590 [AsyncHttpClient-1-14] DEBUG org.asynchttpclient.netty.handler.HttpHandler - 

Request DefaultFullHttpRequest(decodeResult: success, version: HTTP/1.1, content: EmptyByteBufBE)
GET /session/743b80a39d3d44905f72764b928a08b7/element/26242c6e-fb64-4179-934c-789d70124af8/name HTTP/1.1
User-Agent: selenium/4.1.2 (java windows)
Cache-Control: no-cache
Content-Type: application/json; charset=utf-8
host: localhost:53747
accept: */*

Response DefaultHttpResponse(decodeResult: success, version: HTTP/1.1)
HTTP/1.1 200 OK
Content-Type: application/json; charset=utf-8
cache-control: no-cache
content-length: 18

04:06:38.591 [AsyncHttpClient-1-14] DEBUG org.asynchttpclient.netty.channel.ChannelManager - Adding key: http://localhost:53747 for channel [id: 0xdc8323c7, L:/127.0.0.1:62193 - R:localhost/127.0.0.1:53747]
04:06:38.592 [Forwarding getElementTagName on session 743b80a39d3d44905f72764b928a08b7 to remote] DEBUG org.asynchttpclient.netty.request.NettyRequestSender - Using pooled Channel '[id: 0xdc8323c7, L:/127.0.0.1:62193 - R:localhost/127.0.0.1:53747]' for 'GET' to 'http://localhost:53747/session/743b80a39d3d44905f72764b928a08b7/element/26242c6e-fb64-4179-934c-789d70124af8/name'
04:06:38.592 [Forwarding getElementTagName on session 743b80a39d3d44905f72764b928a08b7 to remote] DEBUG org.asynchttpclient.netty.request.NettyRequestSender - Using open Channel [id: 0xdc8323c7, L:/127.0.0.1:62193 - R:localhost/127.0.0.1:53747] for GET '/session/743b80a39d3d44905f72764b928a08b7/element/26242c6e-fb64-4179-934c-789d70124af8/name'
04:06:38.595 [AsyncHttpClient-1-14] DEBUG org.asynchttpclient.netty.handler.HttpHandler - 

Request DefaultFullHttpRequest(decodeResult: success, version: HTTP/1.1, content: EmptyByteBufBE)
GET /session/743b80a39d3d44905f72764b928a08b7/element/26242c6e-fb64-4179-934c-789d70124af8/name HTTP/1.1
User-Agent: selenium/4.1.2 (java windows)
Cache-Control: no-cache
Content-Type: application/json; charset=utf-8
host: localhost:53747
accept: */*

Response DefaultHttpResponse(decodeResult: success, version: HTTP/1.1)
HTTP/1.1 200 OK
Content-Type: application/json; charset=utf-8
cache-control: no-cache
content-length: 18

04:06:38.595 [AsyncHttpClient-1-14] DEBUG org.asynchttpclient.netty.channel.ChannelManager - Adding key: http://localhost:53747 for channel [id: 0xdc8323c7, L:/127.0.0.1:62193 - R:localhost/127.0.0.1:53747]
04:06:38.599 [Forwarding isElementEnabled on session 743b80a39d3d44905f72764b928a08b7 to remote] DEBUG org.asynchttpclient.netty.request.NettyRequestSender - Using pooled Channel '[id: 0xdc8323c7, L:/127.0.0.1:62193 - R:localhost/127.0.0.1:53747]' for 'GET' to 'http://localhost:53747/session/743b80a39d3d44905f72764b928a08b7/element/26242c6e-fb64-4179-934c-789d70124af8/enabled'
04:06:38.599 [Forwarding isElementEnabled on session 743b80a39d3d44905f72764b928a08b7 to remote] DEBUG org.asynchttpclient.netty.request.NettyRequestSender - Using open Channel [id: 0xdc8323c7, L:/127.0.0.1:62193 - R:localhost/127.0.0.1:53747] for GET '/session/743b80a39d3d44905f72764b928a08b7/element/26242c6e-fb64-4179-934c-789d70124af8/enabled'
04:06:38.608 [AsyncHttpClient-1-14] DEBUG org.asynchttpclient.netty.handler.HttpHandler - 

Request DefaultFullHttpRequest(decodeResult: success, version: HTTP/1.1, content: EmptyByteBufBE)
GET /session/743b80a39d3d44905f72764b928a08b7/element/26242c6e-fb64-4179-934c-789d70124af8/enabled HTTP/1.1
User-Agent: selenium/4.1.2 (java windows)
Cache-Control: no-cache
Content-Type: application/json; charset=utf-8
host: localhost:53747
accept: */*

Response DefaultHttpResponse(decodeResult: success, version: HTTP/1.1)
HTTP/1.1 200 OK
Content-Type: application/json; charset=utf-8
cache-control: no-cache
content-length: 14

04:06:38.608 [AsyncHttpClient-1-14] DEBUG org.asynchttpclient.netty.channel.ChannelManager - Adding key: http://localhost:53747 for channel [id: 0xdc8323c7, L:/127.0.0.1:62193 - R:localhost/127.0.0.1:53747]
04:06:38.610 [Forwarding isElementEnabled on session 743b80a39d3d44905f72764b928a08b7 to remote] DEBUG org.asynchttpclient.netty.request.NettyRequestSender - Using pooled Channel '[id: 0xdc8323c7, L:/127.0.0.1:62193 - R:localhost/127.0.0.1:53747]' for 'GET' to 'http://localhost:53747/session/743b80a39d3d44905f72764b928a08b7/element/26242c6e-fb64-4179-934c-789d70124af8/enabled'
04:06:38.610 [Forwarding isElementEnabled on session 743b80a39d3d44905f72764b928a08b7 to remote] DEBUG org.asynchttpclient.netty.request.NettyRequestSender - Using open Channel [id: 0xdc8323c7, L:/127.0.0.1:62193 - R:localhost/127.0.0.1:53747] for GET '/session/743b80a39d3d44905f72764b928a08b7/element/26242c6e-fb64-4179-934c-789d70124af8/enabled'
04:06:38.617 [AsyncHttpClient-1-14] DEBUG org.asynchttpclient.netty.handler.HttpHandler - 

Request DefaultFullHttpRequest(decodeResult: success, version: HTTP/1.1, content: EmptyByteBufBE)
GET /session/743b80a39d3d44905f72764b928a08b7/element/26242c6e-fb64-4179-934c-789d70124af8/enabled HTTP/1.1
User-Agent: selenium/4.1.2 (java windows)
Cache-Control: no-cache
Content-Type: application/json; charset=utf-8
host: localhost:53747
accept: */*

Response DefaultHttpResponse(decodeResult: success, version: HTTP/1.1)
HTTP/1.1 200 OK
Content-Type: application/json; charset=utf-8
cache-control: no-cache
content-length: 14

04:06:38.617 [AsyncHttpClient-1-14] DEBUG org.asynchttpclient.netty.channel.ChannelManager - Adding key: http://localhost:53747 for channel [id: 0xdc8323c7, L:/127.0.0.1:62193 - R:localhost/127.0.0.1:53747]
04:06:38.620 [Forwarding findElement on session 743b80a39d3d44905f72764b928a08b7 to remote] DEBUG org.asynchttpclient.netty.request.NettyRequestSender - Using pooled Channel '[id: 0xdc8323c7, L:/127.0.0.1:62193 - R:localhost/127.0.0.1:53747]' for 'POST' to 'http://localhost:53747/session/743b80a39d3d44905f72764b928a08b7/element'
04:06:38.621 [Forwarding findElement on session 743b80a39d3d44905f72764b928a08b7 to remote] DEBUG org.asynchttpclient.netty.request.NettyRequestSender - Using open Channel [id: 0xdc8323c7, L:/127.0.0.1:62193 - R:localhost/127.0.0.1:53747] for POST '/session/743b80a39d3d44905f72764b928a08b7/element'
04:06:38.628 [AsyncHttpClient-1-14] DEBUG org.asynchttpclient.netty.handler.HttpHandler - 

Request DefaultHttpRequest(decodeResult: success, version: HTTP/1.1)
POST /session/743b80a39d3d44905f72764b928a08b7/element HTTP/1.1
User-Agent: selenium/4.1.2 (java windows)
Content-Length: 143
Content-Type: application/json; charset=utf-8
host: localhost:53747
accept: */*

Response DefaultHttpResponse(decodeResult: success, version: HTTP/1.1)
HTTP/1.1 200 OK
Content-Type: application/json; charset=utf-8
cache-control: no-cache
content-length: 88

04:06:38.629 [AsyncHttpClient-1-14] DEBUG org.asynchttpclient.netty.channel.ChannelManager - Adding key: http://localhost:53747 for channel [id: 0xdc8323c7, L:/127.0.0.1:62193 - R:localhost/127.0.0.1:53747]
04:06:38.632 [Forwarding clickElement on session 743b80a39d3d44905f72764b928a08b7 to remote] DEBUG org.asynchttpclient.netty.request.NettyRequestSender - Using pooled Channel '[id: 0xdc8323c7, L:/127.0.0.1:62193 - R:localhost/127.0.0.1:53747]' for 'POST' to 'http://localhost:53747/session/743b80a39d3d44905f72764b928a08b7/element/26242c6e-fb64-4179-934c-789d70124af8/click'
04:06:38.632 [Forwarding clickElement on session 743b80a39d3d44905f72764b928a08b7 to remote] DEBUG org.asynchttpclient.netty.request.NettyRequestSender - Using open Channel [id: 0xdc8323c7, L:/127.0.0.1:62193 - R:localhost/127.0.0.1:53747] for POST '/session/743b80a39d3d44905f72764b928a08b7/element/26242c6e-fb64-4179-934c-789d70124af8/click'
04:06:38.683 [AsyncHttpClient-1-14] DEBUG org.asynchttpclient.netty.handler.HttpHandler - 

Request DefaultHttpRequest(decodeResult: success, version: HTTP/1.1)
POST /session/743b80a39d3d44905f72764b928a08b7/element/26242c6e-fb64-4179-934c-789d70124af8/click HTTP/1.1
User-Agent: selenium/4.1.2 (java windows)
Content-Length: 50
Content-Type: application/json; charset=utf-8
host: localhost:53747
accept: */*

Response DefaultHttpResponse(decodeResult: success, version: HTTP/1.1)
HTTP/1.1 200 OK
Content-Type: application/json; charset=utf-8
cache-control: no-cache
content-length: 14

04:06:38.684 [AsyncHttpClient-1-14] DEBUG org.asynchttpclient.netty.channel.ChannelManager - Adding key: http://localhost:53747 for channel [id: 0xdc8323c7, L:/127.0.0.1:62193 - R:localhost/127.0.0.1:53747]
  &amp#27;[32mAnd &amp#27;[0m&amp#27;[32mI click login button&amp#27;[0m                      &amp#27;[90m# starter.stepdefinitions.LoginStep.iClickLoginButton()&amp#27;[0m
04:06:38.692 [Forwarding screenshot on session 743b80a39d3d44905f72764b928a08b7 to remote] DEBUG org.asynchttpclient.netty.request.NettyRequestSender - Using pooled Channel '[id: 0xdc8323c7, L:/127.0.0.1:62193 - R:localhost/127.0.0.1:53747]' for 'GET' to 'http://localhost:53747/session/743b80a39d3d44905f72764b928a08b7/screenshot'
04:06:38.692 [Forwarding screenshot on session 743b80a39d3d44905f72764b928a08b7 to remote] DEBUG org.asynchttpclient.netty.request.NettyRequestSender - Using open Channel [id: 0xdc8323c7, L:/127.0.0.1:62193 - R:localhost/127.0.0.1:53747] for GET '/session/743b80a39d3d44905f72764b928a08b7/screenshot'
04:06:38.825 [AsyncHttpClient-1-14] DEBUG org.asynchttpclient.netty.handler.HttpHandler - 

Request DefaultFullHttpRequest(decodeResult: success, version: HTTP/1.1, content: EmptyByteBufBE)
GET /session/743b80a39d3d44905f72764b928a08b7/screenshot HTTP/1.1
User-Agent: selenium/4.1.2 (java windows)
Cache-Control: no-cache
Content-Type: application/json; charset=utf-8
host: localhost:53747
accept: */*

Response DefaultHttpResponse(decodeResult: success, version: HTTP/1.1)
HTTP/1.1 200 OK
Content-Type: application/json; charset=utf-8
cache-control: no-cache
content-length: 29140

04:06:38.825 [AsyncHttpClient-1-14] DEBUG org.asynchttpclient.netty.channel.ChannelManager - Adding key: http://localhost:53747 for channel [id: 0xdc8323c7, L:/127.0.0.1:62193 - R:localhost/127.0.0.1:53747]
04:06:38.827 [main] DEBUG net.serenitybdd.core.photography.Darkroom - Send negative for processing for target\site\serenity\eac33771d1ad02b285e36c86eac92970f9432940c4c33b3547de9b713f58c83e.png
04:06:38.828 [Darkroom Processing Line] DEBUG net.serenitybdd.core.photography.DarkroomProcessingLine - Processing screenshot image in /var/screenshots/screenshot-13714691656668195619
04:06:38.828 [Darkroom Processing Line] DEBUG net.serenitybdd.core.photography.DarkroomProcessingLine - Saving screenshot to target\site\serenity\eac33771d1ad02b285e36c86eac92970f9432940c4c33b3547de9b713f58c83e.png
04:06:38.835 [Forwarding findElement on session 743b80a39d3d44905f72764b928a08b7 to remote] DEBUG org.asynchttpclient.netty.request.NettyRequestSender - Using pooled Channel '[id: 0xdc8323c7, L:/127.0.0.1:62193 - R:localhost/127.0.0.1:53747]' for 'POST' to 'http://localhost:53747/session/743b80a39d3d44905f72764b928a08b7/element'
04:06:38.836 [Forwarding findElement on session 743b80a39d3d44905f72764b928a08b7 to remote] DEBUG org.asynchttpclient.netty.request.NettyRequestSender - Using open Channel [id: 0xdc8323c7, L:/127.0.0.1:62193 - R:localhost/127.0.0.1:53747] for POST '/session/743b80a39d3d44905f72764b928a08b7/element'
04:06:39.319 [AsyncHttpClient-1-1] DEBUG org.asynchttpclient.netty.channel.DefaultChannelPool - Entry count for : http://localhost:62194 : 1
04:06:40.286 [AsyncHttpClient-1-14] DEBUG org.asynchttpclient.netty.handler.HttpHandler - 

Request DefaultHttpRequest(decodeResult: success, version: HTTP/1.1)
POST /session/743b80a39d3d44905f72764b928a08b7/element HTTP/1.1
User-Agent: selenium/4.1.2 (java windows)
Content-Length: 69
Content-Type: application/json; charset=utf-8
host: localhost:53747
accept: */*

Response DefaultHttpResponse(decodeResult: success, version: HTTP/1.1)
HTTP/1.1 200 OK
Content-Type: application/json; charset=utf-8
cache-control: no-cache
content-length: 88

04:06:40.286 [AsyncHttpClient-1-14] DEBUG org.asynchttpclient.netty.channel.ChannelManager - Adding key: http://localhost:53747 for channel [id: 0xdc8323c7, L:/127.0.0.1:62193 - R:localhost/127.0.0.1:53747]
04:06:40.294 [Forwarding isElementDisplayed on session 743b80a39d3d44905f72764b928a08b7 to remote] DEBUG org.asynchttpclient.netty.request.NettyRequestSender - Using pooled Channel '[id: 0xdc8323c7, L:/127.0.0.1:62193 - R:localhost/127.0.0.1:53747]' for 'POST' to 'http://localhost:53747/session/743b80a39d3d44905f72764b928a08b7/execute/sync'
04:06:40.294 [Forwarding isElementDisplayed on session 743b80a39d3d44905f72764b928a08b7 to remote] DEBUG org.asynchttpclient.netty.request.NettyRequestSender - Using open Channel [id: 0xdc8323c7, L:/127.0.0.1:62193 - R:localhost/127.0.0.1:53747] for POST '/session/743b80a39d3d44905f72764b928a08b7/execute/sync'
04:06:40.313 [AsyncHttpClient-1-14] DEBUG org.asynchttpclient.netty.handler.HttpHandler - 

Request DefaultHttpRequest(decodeResult: success, version: HTTP/1.1)
POST /session/743b80a39d3d44905f72764b928a08b7/execute/sync HTTP/1.1
User-Agent: selenium/4.1.2 (java windows)
Content-Length: 48780
Content-Type: application/json; charset=utf-8
host: localhost:53747
accept: */*

Response DefaultHttpResponse(decodeResult: success, version: HTTP/1.1)
HTTP/1.1 200 OK
Content-Type: application/json; charset=utf-8
cache-control: no-cache
content-length: 14

04:06:40.314 [AsyncHttpClient-1-14] DEBUG org.asynchttpclient.netty.channel.ChannelManager - Adding key: http://localhost:53747 for channel [id: 0xdc8323c7, L:/127.0.0.1:62193 - R:localhost/127.0.0.1:53747]
  &amp#27;[32mThen &amp#27;[0m&amp#27;[32mI will get the result &amp#27;[0m&amp#27;[32m&amp#27;[1m"failed"&amp#27;[0m           &amp#27;[90m# starter.stepdefinitions.LoginStep.iWillGetTheResult(java.lang.String)&amp#27;[0m
04:06:40.320 [Forwarding screenshot on session 743b80a39d3d44905f72764b928a08b7 to remote] DEBUG org.asynchttpclient.netty.request.NettyRequestSender - Using pooled Channel '[id: 0xdc8323c7, L:/127.0.0.1:62193 - R:localhost/127.0.0.1:53747]' for 'GET' to 'http://localhost:53747/session/743b80a39d3d44905f72764b928a08b7/screenshot'
04:06:40.320 [Forwarding screenshot on session 743b80a39d3d44905f72764b928a08b7 to remote] DEBUG org.asynchttpclient.netty.request.NettyRequestSender - Using open Channel [id: 0xdc8323c7, L:/127.0.0.1:62193 - R:localhost/127.0.0.1:53747] for GET '/session/743b80a39d3d44905f72764b928a08b7/screenshot'
04:06:40.419 [AsyncHttpClient-1-1] DEBUG org.asynchttpclient.netty.channel.DefaultChannelPool - Entry count for : http://localhost:62194 : 1
04:06:40.468 [AsyncHttpClient-1-14] DEBUG org.asynchttpclient.netty.handler.HttpHandler - 

Request DefaultFullHttpRequest(decodeResult: success, version: HTTP/1.1, content: EmptyByteBufBE)
GET /session/743b80a39d3d44905f72764b928a08b7/screenshot HTTP/1.1
User-Agent: selenium/4.1.2 (java windows)
Cache-Control: no-cache
Content-Type: application/json; charset=utf-8
host: localhost:53747
accept: */*

Response DefaultHttpResponse(decodeResult: success, version: HTTP/1.1)
HTTP/1.1 200 OK
Content-Type: application/json; charset=utf-8
cache-control: no-cache
content-length: 34224

04:06:40.469 [AsyncHttpClient-1-14] DEBUG org.asynchttpclient.netty.channel.ChannelManager - Adding key: http://localhost:53747 for channel [id: 0xdc8323c7, L:/127.0.0.1:62193 - R:localhost/127.0.0.1:53747]
04:06:40.471 [main] DEBUG net.serenitybdd.core.photography.Darkroom - Send negative for processing for target\site\serenity\637dda1f9bc9f77e4e8600e1a112efb56ec0162207e47625ab7ce7dc5a4393f3.png
04:06:40.471 [Darkroom Processing Line] DEBUG net.serenitybdd.core.photography.DarkroomProcessingLine - Processing screenshot image in /var/screenshots/screenshot-4595086282005610568
04:06:40.471 [Darkroom Processing Line] DEBUG net.serenitybdd.core.photography.DarkroomProcessingLine - Saving screenshot to target\site\serenity\637dda1f9bc9f77e4e8600e1a112efb56ec0162207e47625ab7ce7dc5a4393f3.png
04:06:40.477 [AsyncHttpClient-1-16] DEBUG org.asynchttpclient.netty.handler.WebSocketHandler - Channel Closed: [id: 0x32578e2b, L:/127.0.0.1:62201 ! R:localhost/127.0.0.1:62194] with attribute NettyResponseFuture{currentRetry=5,
	isDone=1,
	isCancelled=0,
	asyncHandler=org.asynchttpclient.ws.WebSocketUpgradeHandler@787ceffa,
	nettyRequest=org.asynchttpclient.netty.request.NettyRequest@3d7e6e91,
	future=java.util.concurrent.CompletableFuture@6b081d60[Completed normally],
	uri=ws://localhost:62194/devtools/browser/7b8acec8-01e9-4fc2-9486-bb028b9f4142,
	keepAlive=true,
	redirectCount=0,
	timeoutsHolder=null,
	inAuth=0,
	touch=1666731997273}
04:06:40.477 [AsyncHttpClient-1-16] DEBUG org.asynchttpclient.netty.channel.ChannelManager - Closing Channel [id: 0x32578e2b, L:/127.0.0.1:62201 ! R:localhost/127.0.0.1:62194] 
04:06:40.477 [Driver Command Executor] DEBUG org.asynchttpclient.netty.request.NettyRequestSender - Using pooled Channel '[id: 0xdc8323c7, L:/127.0.0.1:62193 - R:localhost/127.0.0.1:53747]' for 'DELETE' to 'http://localhost:53747/session/743b80a39d3d44905f72764b928a08b7'
04:06:40.477 [Driver Command Executor] DEBUG org.asynchttpclient.netty.request.NettyRequestSender - Using open Channel [id: 0xdc8323c7, L:/127.0.0.1:62193 - R:localhost/127.0.0.1:53747] for DELETE '/session/743b80a39d3d44905f72764b928a08b7'
04:06:40.511 [AsyncHttpClient-1-15] DEBUG org.asynchttpclient.netty.handler.HttpHandler - Unexpected I/O exception on channel [id: 0xb95970b6, L:/127.0.0.1:62200 - R:localhost/127.0.0.1:62194]
java.net.SocketException: Connection reset
	at java.base/sun.nio.ch.SocketChannelImpl.throwConnectionReset(SocketChannelImpl.java:345)
	at java.base/sun.nio.ch.SocketChannelImpl.read(SocketChannelImpl.java:376)
	at io.netty.buffer.PooledByteBuf.setBytes(PooledByteBuf.java:258)
	at io.netty.buffer.AbstractByteBuf.writeBytes(AbstractByteBuf.java:1132)
	at io.netty.channel.socket.nio.NioSocketChannel.doReadBytes(NioSocketChannel.java:350)
	at io.netty.channel.nio.AbstractNioByteChannel$NioByteUnsafe.read(AbstractNioByteChannel.java:151)
	at io.netty.channel.nio.NioEventLoop.processSelectedKey(NioEventLoop.java:722)
	at io.netty.channel.nio.NioEventLoop.processSelectedKeysOptimized(NioEventLoop.java:658)
	at io.netty.channel.nio.NioEventLoop.processSelectedKeys(NioEventLoop.java:584)
	at io.netty.channel.nio.NioEventLoop.run(NioEventLoop.java:496)
	at io.netty.util.concurrent.SingleThreadEventExecutor$4.run(SingleThreadEventExecutor.java:986)
	at io.netty.util.internal.ThreadExecutorMap$2.run(ThreadExecutorMap.java:74)
	at io.netty.util.concurrent.FastThreadLocalRunnable.run(FastThreadLocalRunnable.java:30)
	at java.base/java.lang.Thread.run(Thread.java:830)
04:06:40.512 [AsyncHttpClient-1-15] DEBUG org.asynchttpclient.netty.channel.ChannelManager - Closing Channel [id: 0xb95970b6, L:/127.0.0.1:62200 - R:localhost/127.0.0.1:62194] 
04:06:40.512 [AsyncHttpClient-1-15] DEBUG org.asynchttpclient.netty.handler.HttpHandler - Channel Closed: [id: 0xb95970b6, L:/127.0.0.1:62200 ! R:localhost/127.0.0.1:62194] with attribute DISCARD
04:06:40.521 [AsyncHttpClient-1-14] DEBUG org.asynchttpclient.netty.handler.HttpHandler - 

Request DefaultFullHttpRequest(decodeResult: success, version: HTTP/1.1, content: EmptyByteBufBE)
DELETE /session/743b80a39d3d44905f72764b928a08b7 HTTP/1.1
User-Agent: selenium/4.1.2 (java windows)
Content-Type: application/json; charset=utf-8
host: localhost:53747
accept: */*

Response DefaultHttpResponse(decodeResult: success, version: HTTP/1.1)
HTTP/1.1 200 OK
Content-Type: application/json; charset=utf-8
cache-control: no-cache
content-length: 14

04:06:40.521 [AsyncHttpClient-1-14] DEBUG org.asynchttpclient.netty.channel.ChannelManager - Adding key: http://localhost:53747 for channel [id: 0xdc8323c7, L:/127.0.0.1:62193 - R:localhost/127.0.0.1:53747]
04:06:40.574 [AsyncHttpClient-1-14] DEBUG org.asynchttpclient.netty.handler.HttpHandler - Channel Closed: [id: 0xdc8323c7, L:/127.0.0.1:62193 ! R:localhost/127.0.0.1:53747] with attribute DISCARD
]]></system-out>
    <system-err><![CDATA[Starting ChromeDriver 105.0.5195.52 (412c95e518836d8a7d97250d62b29c2ae6a26a85-refs/branch-heads/5195@{#853}) on port 53747
Only local connections are allowed.
Please see https://chromedriver.chromium.org/security-considerations for suggestions on keeping ChromeDriver safe.
ChromeDriver was started successfully.
[1666731997.228][WARNING]: This version of ChromeDriver has not been tested with Chrome version 106.
Okt 26, 2022 4:06:37 AM org.openqa.selenium.remote.ProtocolHandshake createSession
INFO: Detected dialect: W3C
Okt 26, 2022 4:06:37 AM org.openqa.selenium.devtools.CdpVersionFinder findNearestMatch
WARNING: Unable to find an exact match for CDP version 106, so returning the closest version found: a no-op implementation
Okt 26, 2022 4:06:37 AM org.openqa.selenium.devtools.CdpVersionFinder findNearestMatch
INFO: Unable to find CDP implementation matching 106.
Okt 26, 2022 4:06:37 AM org.openqa.selenium.chromium.ChromiumDriver lambda$new$3
WARNING: Unable to find version of CDP to use for . You may need to include a dependency on a specific version of the CDP using something similar to `org.seleniumhq.selenium:selenium-devtools-v86:4.1.2` where the version ("v86") matches the version of the chromium-based browser you're using and the version number of the artifact is the same as Selenium's.
]]></system-err>
  </testcase>
  <testcase name="Login with email and password #4" classname="Login" time="4.872">
    <system-out><![CDATA[
Scenario Outline: Login with email and password &amp#27;[90m# src/test/resources/features/Login.feature:17&amp#27;[0m
04:06:41.122 [main] INFO io.cucumber.core.plugin.SerenityReporter - Running feature from file:///C:/Users/alwi/IdeaProjects/AltaShop/src/test/resources/features/Login.feature
04:06:41.143 [main] INFO net.serenitybdd.core.webdriver.driverproviders.ChromeDriverProvider - Using automatically driver download
04:06:41.252 [main] DEBUG io.github.bonigarcia.wdm.cache.ResolutionCache - Resolution chrome=106 in cache (valid until 04:10:38 26/10/2022 WIB)
04:06:41.256 [main] DEBUG io.github.bonigarcia.wdm.cache.ResolutionCache - Resolution chrome106=106.0.5249.61 in cache (valid until 22:47:25 26/10/2022 WIB)
04:06:41.258 [main] INFO io.github.bonigarcia.wdm.WebDriverManager - Using chromedriver 106.0.5249.61 (resolved driver for Chrome 106)
04:06:41.267 [main] DEBUG io.github.bonigarcia.wdm.WebDriverManager - Driver chromedriver 106.0.5249.61 found in cache
04:06:41.268 [main] INFO io.github.bonigarcia.wdm.WebDriverManager - Exporting webdriver.chrome.driver as C:\Users\alwi\.cache\selenium\chromedriver\win32\106.0.5249.61\chromedriver.exe
04:06:41.372 [main] DEBUG net.serenitybdd.core.webdriver.driverproviders.ProvideNewDriver - Instantiating driver
04:06:41.372 [main] DEBUG net.serenitybdd.core.webdriver.driverproviders.ProvideNewDriver - Driver capabilities: Capabilities {acceptInsecureCerts: false, base.url: https://alta-shop.vercel.app, browserName: chrome, chrome.driver: src/test/resources/webdrive..., driver: chrome, goog:chromeOptions: {args: [], extensions: []}}
04:06:41.519 [AsyncHttpClient-1-1] DEBUG org.asynchttpclient.netty.channel.DefaultChannelPool - Entry count for : http://localhost:53747 : 1
04:06:41.519 [AsyncHttpClient-1-1] DEBUG org.asynchttpclient.netty.channel.DefaultChannelPool - Entry count for : http://localhost:62194 : 1
04:06:41.519 [AsyncHttpClient-1-1] DEBUG org.asynchttpclient.netty.channel.DefaultChannelPool - Adding Candidate expired Channel [id: 0xdc8323c7, L:/127.0.0.1:62193 ! R:localhost/127.0.0.1:53747] isIdleTimeoutExpired=false isRemotelyClosed=true isTtlExpired=false
04:06:41.519 [AsyncHttpClient-1-1] DEBUG org.asynchttpclient.netty.channel.DefaultChannelPool - Closing Idle Channel [id: 0xdc8323c7, L:/127.0.0.1:62193 ! R:localhost/127.0.0.1:53747]
04:06:41.519 [AsyncHttpClient-1-1] DEBUG org.asynchttpclient.netty.channel.DefaultChannelPool - Adding Candidate expired Channel [id: 0xb95970b6, L:/127.0.0.1:62200 ! R:localhost/127.0.0.1:62194] isIdleTimeoutExpired=false isRemotelyClosed=true isTtlExpired=false
04:06:41.519 [AsyncHttpClient-1-1] DEBUG org.asynchttpclient.netty.channel.DefaultChannelPool - Closing Idle Channel [id: 0xb95970b6, L:/127.0.0.1:62200 ! R:localhost/127.0.0.1:62194]
04:06:41.519 [AsyncHttpClient-1-1] DEBUG org.asynchttpclient.netty.channel.DefaultChannelPool - Closed 2 connections out of 2 in 0 ms
04:06:41.919 [AsyncHttpClient-1-17] DEBUG org.asynchttpclient.netty.channel.NettyConnectListener - Using new Channel '[id: 0x938b08a1, L:/127.0.0.1:62221 - R:localhost/127.0.0.1:64000]' for 'POST' to '/session'
04:06:42.569 [AsyncHttpClient-1-17] DEBUG org.asynchttpclient.netty.handler.HttpHandler - 

Request DefaultHttpRequest(decodeResult: success, version: HTTP/1.1)
POST /session HTTP/1.1
User-Agent: selenium/4.1.2 (java windows)
Content-Length: 609
Content-Type: application/json; charset=utf-8
host: localhost:64000
accept: */*

Response DefaultHttpResponse(decodeResult: success, version: HTTP/1.1)
HTTP/1.1 200 OK
Content-Type: application/json; charset=utf-8
cache-control: no-cache
content-length: 790

04:06:42.569 [AsyncHttpClient-1-17] DEBUG org.asynchttpclient.netty.channel.ChannelManager - Adding key: http://localhost:64000 for channel [id: 0x938b08a1, L:/127.0.0.1:62221 - R:localhost/127.0.0.1:64000]
04:06:42.581 [AsyncHttpClient-1-2] DEBUG org.asynchttpclient.netty.channel.NettyConnectListener - Using new Channel '[id: 0x76ba029b, L:/127.0.0.1:62228 - R:localhost/127.0.0.1:62222]' for 'GET' to '/json/version'
04:06:42.582 [AsyncHttpClient-1-2] DEBUG org.asynchttpclient.netty.handler.HttpHandler - 

Request DefaultFullHttpRequest(decodeResult: success, version: HTTP/1.1, content: EmptyByteBufBE)
GET /json/version HTTP/1.1
User-Agent: selenium/4.1.2 (java windows)
host: localhost:62222
accept: */*

Response DefaultHttpResponse(decodeResult: success, version: HTTP/1.1)
HTTP/1.1 200 OK
Content-Type: application/json; charset=UTF-8
content-length: 424

04:06:42.582 [AsyncHttpClient-1-2] DEBUG org.asynchttpclient.netty.channel.ChannelManager - Adding key: http://localhost:62222 for channel [id: 0x76ba029b, L:/127.0.0.1:62228 - R:localhost/127.0.0.1:62222]
04:06:42.585 [AsyncHttpClient-1-3] DEBUG org.asynchttpclient.netty.channel.NettyConnectListener - Using new Channel '[id: 0x69019021, L:/127.0.0.1:62229 - R:localhost/127.0.0.1:62222]' for 'GET' to '/devtools/browser/c3fce44c-3cab-4aa7-bac1-ddfdf7366522'
04:06:42.586 [AsyncHttpClient-1-3] DEBUG org.asynchttpclient.netty.handler.WebSocketHandler - 

Request DefaultFullHttpRequest(decodeResult: success, version: HTTP/1.1, content: EmptyByteBufBE)
GET /devtools/browser/c3fce44c-3cab-4aa7-bac1-ddfdf7366522 HTTP/1.1
upgrade: websocket
connection: upgrade
sec-websocket-key: b+TPUc2RXIvYVlw/LEJTwQ==
sec-websocket-version: 13
origin: http://localhost:62222
host: localhost:62222
accept: */*
user-agent: AHC/2.1

Response DefaultHttpResponse(decodeResult: success, version: HTTP/1.1)
HTTP/1.1 101 WebSocket Protocol Handshake
Upgrade: WebSocket
Connection: Upgrade
Sec-WebSocket-Accept: AWjFqMSgNGPLaaI2WBm/kDZMi2k=

04:06:42.592 [Forwarding get on session 534d7617754cc00447814f09c2f8a89f to remote] DEBUG org.asynchttpclient.netty.request.NettyRequestSender - Using pooled Channel '[id: 0x938b08a1, L:/127.0.0.1:62221 - R:localhost/127.0.0.1:64000]' for 'POST' to 'http://localhost:64000/session/534d7617754cc00447814f09c2f8a89f/url'
04:06:42.593 [Forwarding get on session 534d7617754cc00447814f09c2f8a89f to remote] DEBUG org.asynchttpclient.netty.request.NettyRequestSender - Using open Channel [id: 0x938b08a1, L:/127.0.0.1:62221 - R:localhost/127.0.0.1:64000] for POST '/session/534d7617754cc00447814f09c2f8a89f/url'
04:06:42.625 [AsyncHttpClient-1-1] DEBUG org.asynchttpclient.netty.channel.DefaultChannelPool - Entry count for : http://localhost:62222 : 1
04:06:43.215 [AsyncHttpClient-1-17] DEBUG org.asynchttpclient.netty.handler.HttpHandler - 

Request DefaultHttpRequest(decodeResult: success, version: HTTP/1.1)
POST /session/534d7617754cc00447814f09c2f8a89f/url HTTP/1.1
User-Agent: selenium/4.1.2 (java windows)
Content-Length: 74
Content-Type: application/json; charset=utf-8
host: localhost:64000
accept: */*

Response DefaultHttpResponse(decodeResult: success, version: HTTP/1.1)
HTTP/1.1 200 OK
Content-Type: application/json; charset=utf-8
cache-control: no-cache
content-length: 14

04:06:43.215 [AsyncHttpClient-1-17] DEBUG org.asynchttpclient.netty.channel.ChannelManager - Adding key: http://localhost:64000 for channel [id: 0x938b08a1, L:/127.0.0.1:62221 - R:localhost/127.0.0.1:64000]
04:06:43.217 [Forwarding setTimeout on session 534d7617754cc00447814f09c2f8a89f to remote] DEBUG org.asynchttpclient.netty.request.NettyRequestSender - Using pooled Channel '[id: 0x938b08a1, L:/127.0.0.1:62221 - R:localhost/127.0.0.1:64000]' for 'POST' to 'http://localhost:64000/session/534d7617754cc00447814f09c2f8a89f/timeouts'
04:06:43.218 [Forwarding setTimeout on session 534d7617754cc00447814f09c2f8a89f to remote] DEBUG org.asynchttpclient.netty.request.NettyRequestSender - Using open Channel [id: 0x938b08a1, L:/127.0.0.1:62221 - R:localhost/127.0.0.1:64000] for POST '/session/534d7617754cc00447814f09c2f8a89f/timeouts'
04:06:43.219 [AsyncHttpClient-1-17] DEBUG org.asynchttpclient.netty.handler.HttpHandler - 

Request DefaultHttpRequest(decodeResult: success, version: HTTP/1.1)
POST /session/534d7617754cc00447814f09c2f8a89f/timeouts HTTP/1.1
User-Agent: selenium/4.1.2 (java windows)
Content-Length: 22
Content-Type: application/json; charset=utf-8
host: localhost:64000
accept: */*

Response DefaultHttpResponse(decodeResult: success, version: HTTP/1.1)
HTTP/1.1 200 OK
Content-Type: application/json; charset=utf-8
cache-control: no-cache
content-length: 14

04:06:43.219 [AsyncHttpClient-1-17] DEBUG org.asynchttpclient.netty.channel.ChannelManager - Adding key: http://localhost:64000 for channel [id: 0x938b08a1, L:/127.0.0.1:62221 - R:localhost/127.0.0.1:64000]
04:06:43.221 [Forwarding getCurrentUrl on session 534d7617754cc00447814f09c2f8a89f to remote] DEBUG org.asynchttpclient.netty.request.NettyRequestSender - Using pooled Channel '[id: 0x938b08a1, L:/127.0.0.1:62221 - R:localhost/127.0.0.1:64000]' for 'GET' to 'http://localhost:64000/session/534d7617754cc00447814f09c2f8a89f/url'
04:06:43.221 [Forwarding getCurrentUrl on session 534d7617754cc00447814f09c2f8a89f to remote] DEBUG org.asynchttpclient.netty.request.NettyRequestSender - Using open Channel [id: 0x938b08a1, L:/127.0.0.1:62221 - R:localhost/127.0.0.1:64000] for GET '/session/534d7617754cc00447814f09c2f8a89f/url'
04:06:43.227 [AsyncHttpClient-1-17] DEBUG org.asynchttpclient.netty.handler.HttpHandler - 

Request DefaultFullHttpRequest(decodeResult: success, version: HTTP/1.1, content: EmptyByteBufBE)
GET /session/534d7617754cc00447814f09c2f8a89f/url HTTP/1.1
User-Agent: selenium/4.1.2 (java windows)
Cache-Control: no-cache
Content-Type: application/json; charset=utf-8
host: localhost:64000
accept: */*

Response DefaultHttpResponse(decodeResult: success, version: HTTP/1.1)
HTTP/1.1 200 OK
Content-Type: application/json; charset=utf-8
cache-control: no-cache
content-length: 51

04:06:43.227 [AsyncHttpClient-1-17] DEBUG org.asynchttpclient.netty.channel.ChannelManager - Adding key: http://localhost:64000 for channel [id: 0x938b08a1, L:/127.0.0.1:62221 - R:localhost/127.0.0.1:64000]
  &amp#27;[32mGiven &amp#27;[0m&amp#27;[32mI am on the login page&amp#27;[0m                  &amp#27;[90m# starter.stepdefinitions.LoginStep.iAmOnTheLoginPage()&amp#27;[0m
04:06:43.234 [Forwarding screenshot on session 534d7617754cc00447814f09c2f8a89f to remote] DEBUG org.asynchttpclient.netty.request.NettyRequestSender - Using pooled Channel '[id: 0x938b08a1, L:/127.0.0.1:62221 - R:localhost/127.0.0.1:64000]' for 'GET' to 'http://localhost:64000/session/534d7617754cc00447814f09c2f8a89f/screenshot'
04:06:43.234 [Forwarding screenshot on session 534d7617754cc00447814f09c2f8a89f to remote] DEBUG org.asynchttpclient.netty.request.NettyRequestSender - Using open Channel [id: 0x938b08a1, L:/127.0.0.1:62221 - R:localhost/127.0.0.1:64000] for GET '/session/534d7617754cc00447814f09c2f8a89f/screenshot'
04:06:43.319 [AsyncHttpClient-1-17] DEBUG org.asynchttpclient.netty.handler.HttpHandler - 

Request DefaultFullHttpRequest(decodeResult: success, version: HTTP/1.1, content: EmptyByteBufBE)
GET /session/534d7617754cc00447814f09c2f8a89f/screenshot HTTP/1.1
User-Agent: selenium/4.1.2 (java windows)
Cache-Control: no-cache
Content-Type: application/json; charset=utf-8
host: localhost:64000
accept: */*

Response DefaultHttpResponse(decodeResult: success, version: HTTP/1.1)
HTTP/1.1 200 OK
Content-Type: application/json; charset=utf-8
cache-control: no-cache
content-length: 24528

04:06:43.320 [AsyncHttpClient-1-17] DEBUG org.asynchttpclient.netty.channel.ChannelManager - Adding key: http://localhost:64000 for channel [id: 0x938b08a1, L:/127.0.0.1:62221 - R:localhost/127.0.0.1:64000]
04:06:43.321 [main] DEBUG net.serenitybdd.core.photography.Darkroom - Send negative for processing for target\site\serenity\4a081d05db2e6be9b3256b332b844d9c53d5aa88207142e6b6c18ed6759b787c.png
04:06:43.328 [Forwarding findElement on session 534d7617754cc00447814f09c2f8a89f to remote] DEBUG org.asynchttpclient.netty.request.NettyRequestSender - Using pooled Channel '[id: 0x938b08a1, L:/127.0.0.1:62221 - R:localhost/127.0.0.1:64000]' for 'POST' to 'http://localhost:64000/session/534d7617754cc00447814f09c2f8a89f/element'
04:06:43.328 [Forwarding findElement on session 534d7617754cc00447814f09c2f8a89f to remote] DEBUG org.asynchttpclient.netty.request.NettyRequestSender - Using open Channel [id: 0x938b08a1, L:/127.0.0.1:62221 - R:localhost/127.0.0.1:64000] for POST '/session/534d7617754cc00447814f09c2f8a89f/element'
04:06:43.337 [AsyncHttpClient-1-17] DEBUG org.asynchttpclient.netty.handler.HttpHandler - 

Request DefaultHttpRequest(decodeResult: success, version: HTTP/1.1)
POST /session/534d7617754cc00447814f09c2f8a89f/element HTTP/1.1
User-Agent: selenium/4.1.2 (java windows)
Content-Length: 55
Content-Type: application/json; charset=utf-8
host: localhost:64000
accept: */*

Response DefaultHttpResponse(decodeResult: success, version: HTTP/1.1)
HTTP/1.1 200 OK
Content-Type: application/json; charset=utf-8
cache-control: no-cache
content-length: 88

04:06:43.337 [AsyncHttpClient-1-17] DEBUG org.asynchttpclient.netty.channel.ChannelManager - Adding key: http://localhost:64000 for channel [id: 0x938b08a1, L:/127.0.0.1:62221 - R:localhost/127.0.0.1:64000]
04:06:43.339 [Forwarding clearElement on session 534d7617754cc00447814f09c2f8a89f to remote] DEBUG org.asynchttpclient.netty.request.NettyRequestSender - Using pooled Channel '[id: 0x938b08a1, L:/127.0.0.1:62221 - R:localhost/127.0.0.1:64000]' for 'POST' to 'http://localhost:64000/session/534d7617754cc00447814f09c2f8a89f/element/5fb61e98-ebd3-414d-97b0-16960b18b172/clear'
04:06:43.339 [Forwarding clearElement on session 534d7617754cc00447814f09c2f8a89f to remote] DEBUG org.asynchttpclient.netty.request.NettyRequestSender - Using open Channel [id: 0x938b08a1, L:/127.0.0.1:62221 - R:localhost/127.0.0.1:64000] for POST '/session/534d7617754cc00447814f09c2f8a89f/element/5fb61e98-ebd3-414d-97b0-16960b18b172/clear'
04:06:43.365 [AsyncHttpClient-1-17] DEBUG org.asynchttpclient.netty.handler.HttpHandler - 

Request DefaultHttpRequest(decodeResult: success, version: HTTP/1.1)
POST /session/534d7617754cc00447814f09c2f8a89f/element/5fb61e98-ebd3-414d-97b0-16960b18b172/clear HTTP/1.1
User-Agent: selenium/4.1.2 (java windows)
Content-Length: 50
Content-Type: application/json; charset=utf-8
host: localhost:64000
accept: */*

Response DefaultHttpResponse(decodeResult: success, version: HTTP/1.1)
HTTP/1.1 200 OK
Content-Type: application/json; charset=utf-8
cache-control: no-cache
content-length: 14

04:06:43.365 [AsyncHttpClient-1-17] DEBUG org.asynchttpclient.netty.channel.ChannelManager - Adding key: http://localhost:64000 for channel [id: 0x938b08a1, L:/127.0.0.1:62221 - R:localhost/127.0.0.1:64000]
04:06:43.367 [Forwarding sendKeysToElement on session 534d7617754cc00447814f09c2f8a89f to remote] DEBUG org.asynchttpclient.netty.request.NettyRequestSender - Using pooled Channel '[id: 0x938b08a1, L:/127.0.0.1:62221 - R:localhost/127.0.0.1:64000]' for 'POST' to 'http://localhost:64000/session/534d7617754cc00447814f09c2f8a89f/element/5fb61e98-ebd3-414d-97b0-16960b18b172/value'
04:06:43.367 [Forwarding sendKeysToElement on session 534d7617754cc00447814f09c2f8a89f to remote] DEBUG org.asynchttpclient.netty.request.NettyRequestSender - Using open Channel [id: 0x938b08a1, L:/127.0.0.1:62221 - R:localhost/127.0.0.1:64000] for POST '/session/534d7617754cc00447814f09c2f8a89f/element/5fb61e98-ebd3-414d-97b0-16960b18b172/value'
04:06:43.397 [AsyncHttpClient-1-17] DEBUG org.asynchttpclient.netty.handler.HttpHandler - 

Request DefaultHttpRequest(decodeResult: success, version: HTTP/1.1)
POST /session/534d7617754cc00447814f09c2f8a89f/element/5fb61e98-ebd3-414d-97b0-16960b18b172/value HTTP/1.1
User-Agent: selenium/4.1.2 (java windows)
Content-Length: 82
Content-Type: application/json; charset=utf-8
host: localhost:64000
accept: */*

Response DefaultHttpResponse(decodeResult: success, version: HTTP/1.1)
HTTP/1.1 200 OK
Content-Type: application/json; charset=utf-8
cache-control: no-cache
content-length: 14

04:06:43.397 [AsyncHttpClient-1-17] DEBUG org.asynchttpclient.netty.channel.ChannelManager - Adding key: http://localhost:64000 for channel [id: 0x938b08a1, L:/127.0.0.1:62221 - R:localhost/127.0.0.1:64000]
  &amp#27;[32mWhen &amp#27;[0m&amp#27;[32mI input email &amp#27;[0m&amp#27;[32m&amp#27;[1m""&amp#27;[0m                         &amp#27;[90m# starter.stepdefinitions.LoginStep.iInputEmail(java.lang.String)&amp#27;[0m
04:06:43.403 [Forwarding screenshot on session 534d7617754cc00447814f09c2f8a89f to remote] DEBUG org.asynchttpclient.netty.request.NettyRequestSender - Using pooled Channel '[id: 0x938b08a1, L:/127.0.0.1:62221 - R:localhost/127.0.0.1:64000]' for 'GET' to 'http://localhost:64000/session/534d7617754cc00447814f09c2f8a89f/screenshot'
04:06:43.403 [Forwarding screenshot on session 534d7617754cc00447814f09c2f8a89f to remote] DEBUG org.asynchttpclient.netty.request.NettyRequestSender - Using open Channel [id: 0x938b08a1, L:/127.0.0.1:62221 - R:localhost/127.0.0.1:64000] for GET '/session/534d7617754cc00447814f09c2f8a89f/screenshot'
04:06:43.505 [AsyncHttpClient-1-17] DEBUG org.asynchttpclient.netty.handler.HttpHandler - 

Request DefaultFullHttpRequest(decodeResult: success, version: HTTP/1.1, content: EmptyByteBufBE)
GET /session/534d7617754cc00447814f09c2f8a89f/screenshot HTTP/1.1
User-Agent: selenium/4.1.2 (java windows)
Cache-Control: no-cache
Content-Type: application/json; charset=utf-8
host: localhost:64000
accept: */*

Response DefaultHttpResponse(decodeResult: success, version: HTTP/1.1)
HTTP/1.1 200 OK
Content-Type: application/json; charset=utf-8
cache-control: no-cache
content-length: 24740

04:06:43.505 [AsyncHttpClient-1-17] DEBUG org.asynchttpclient.netty.channel.ChannelManager - Adding key: http://localhost:64000 for channel [id: 0x938b08a1, L:/127.0.0.1:62221 - R:localhost/127.0.0.1:64000]
04:06:43.507 [main] DEBUG net.serenitybdd.core.photography.Darkroom - Send negative for processing for target\site\serenity\6723d89ae66c842c4dce9a79cd5a88348aa1507ff28f7ada99b8d2a3b5fc5a0b.png
04:06:43.507 [Darkroom Processing Line] DEBUG net.serenitybdd.core.photography.DarkroomProcessingLine - Processing screenshot image in /var/screenshots/screenshot-9445179695135743596
04:06:43.507 [Darkroom Processing Line] DEBUG net.serenitybdd.core.photography.DarkroomProcessingLine - Saving screenshot to target\site\serenity\6723d89ae66c842c4dce9a79cd5a88348aa1507ff28f7ada99b8d2a3b5fc5a0b.png
04:06:43.514 [Forwarding findElement on session 534d7617754cc00447814f09c2f8a89f to remote] DEBUG org.asynchttpclient.netty.request.NettyRequestSender - Using pooled Channel '[id: 0x938b08a1, L:/127.0.0.1:62221 - R:localhost/127.0.0.1:64000]' for 'POST' to 'http://localhost:64000/session/534d7617754cc00447814f09c2f8a89f/element'
04:06:43.514 [Forwarding findElement on session 534d7617754cc00447814f09c2f8a89f to remote] DEBUG org.asynchttpclient.netty.request.NettyRequestSender - Using open Channel [id: 0x938b08a1, L:/127.0.0.1:62221 - R:localhost/127.0.0.1:64000] for POST '/session/534d7617754cc00447814f09c2f8a89f/element'
04:06:43.525 [AsyncHttpClient-1-17] DEBUG org.asynchttpclient.netty.handler.HttpHandler - 

Request DefaultHttpRequest(decodeResult: success, version: HTTP/1.1)
POST /session/534d7617754cc00447814f09c2f8a89f/element HTTP/1.1
User-Agent: selenium/4.1.2 (java windows)
Content-Length: 55
Content-Type: application/json; charset=utf-8
host: localhost:64000
accept: */*

Response DefaultHttpResponse(decodeResult: success, version: HTTP/1.1)
HTTP/1.1 200 OK
Content-Type: application/json; charset=utf-8
cache-control: no-cache
content-length: 88

04:06:43.525 [AsyncHttpClient-1-17] DEBUG org.asynchttpclient.netty.channel.ChannelManager - Adding key: http://localhost:64000 for channel [id: 0x938b08a1, L:/127.0.0.1:62221 - R:localhost/127.0.0.1:64000]
04:06:43.527 [Forwarding clearElement on session 534d7617754cc00447814f09c2f8a89f to remote] DEBUG org.asynchttpclient.netty.request.NettyRequestSender - Using pooled Channel '[id: 0x938b08a1, L:/127.0.0.1:62221 - R:localhost/127.0.0.1:64000]' for 'POST' to 'http://localhost:64000/session/534d7617754cc00447814f09c2f8a89f/element/08fea890-61d7-4497-8cad-861b75835d9b/clear'
04:06:43.527 [Forwarding clearElement on session 534d7617754cc00447814f09c2f8a89f to remote] DEBUG org.asynchttpclient.netty.request.NettyRequestSender - Using open Channel [id: 0x938b08a1, L:/127.0.0.1:62221 - R:localhost/127.0.0.1:64000] for POST '/session/534d7617754cc00447814f09c2f8a89f/element/08fea890-61d7-4497-8cad-861b75835d9b/clear'
04:06:43.556 [AsyncHttpClient-1-17] DEBUG org.asynchttpclient.netty.handler.HttpHandler - 

Request DefaultHttpRequest(decodeResult: success, version: HTTP/1.1)
POST /session/534d7617754cc00447814f09c2f8a89f/element/08fea890-61d7-4497-8cad-861b75835d9b/clear HTTP/1.1
User-Agent: selenium/4.1.2 (java windows)
Content-Length: 50
Content-Type: application/json; charset=utf-8
host: localhost:64000
accept: */*

Response DefaultHttpResponse(decodeResult: success, version: HTTP/1.1)
HTTP/1.1 200 OK
Content-Type: application/json; charset=utf-8
cache-control: no-cache
content-length: 14

04:06:43.556 [AsyncHttpClient-1-17] DEBUG org.asynchttpclient.netty.channel.ChannelManager - Adding key: http://localhost:64000 for channel [id: 0x938b08a1, L:/127.0.0.1:62221 - R:localhost/127.0.0.1:64000]
04:06:43.558 [Forwarding sendKeysToElement on session 534d7617754cc00447814f09c2f8a89f to remote] DEBUG org.asynchttpclient.netty.request.NettyRequestSender - Using pooled Channel '[id: 0x938b08a1, L:/127.0.0.1:62221 - R:localhost/127.0.0.1:64000]' for 'POST' to 'http://localhost:64000/session/534d7617754cc00447814f09c2f8a89f/element/08fea890-61d7-4497-8cad-861b75835d9b/value'
04:06:43.558 [Forwarding sendKeysToElement on session 534d7617754cc00447814f09c2f8a89f to remote] DEBUG org.asynchttpclient.netty.request.NettyRequestSender - Using open Channel [id: 0x938b08a1, L:/127.0.0.1:62221 - R:localhost/127.0.0.1:64000] for POST '/session/534d7617754cc00447814f09c2f8a89f/element/08fea890-61d7-4497-8cad-861b75835d9b/value'
04:06:43.602 [AsyncHttpClient-1-17] DEBUG org.asynchttpclient.netty.handler.HttpHandler - 

Request DefaultHttpRequest(decodeResult: success, version: HTTP/1.1)
POST /session/534d7617754cc00447814f09c2f8a89f/element/08fea890-61d7-4497-8cad-861b75835d9b/value HTTP/1.1
User-Agent: selenium/4.1.2 (java windows)
Content-Length: 91
Content-Type: application/json; charset=utf-8
host: localhost:64000
accept: */*

Response DefaultHttpResponse(decodeResult: success, version: HTTP/1.1)
HTTP/1.1 200 OK
Content-Type: application/json; charset=utf-8
cache-control: no-cache
content-length: 14

04:06:43.602 [AsyncHttpClient-1-17] DEBUG org.asynchttpclient.netty.channel.ChannelManager - Adding key: http://localhost:64000 for channel [id: 0x938b08a1, L:/127.0.0.1:62221 - R:localhost/127.0.0.1:64000]
  &amp#27;[32mAnd &amp#27;[0m&amp#27;[32mI input password &amp#27;[0m&amp#27;[32m&amp#27;[1m"a"&amp#27;[0m                      &amp#27;[90m# starter.stepdefinitions.LoginStep.iInputPassword(java.lang.String)&amp#27;[0m
04:06:43.608 [Forwarding screenshot on session 534d7617754cc00447814f09c2f8a89f to remote] DEBUG org.asynchttpclient.netty.request.NettyRequestSender - Using pooled Channel '[id: 0x938b08a1, L:/127.0.0.1:62221 - R:localhost/127.0.0.1:64000]' for 'GET' to 'http://localhost:64000/session/534d7617754cc00447814f09c2f8a89f/screenshot'
04:06:43.608 [Forwarding screenshot on session 534d7617754cc00447814f09c2f8a89f to remote] DEBUG org.asynchttpclient.netty.request.NettyRequestSender - Using open Channel [id: 0x938b08a1, L:/127.0.0.1:62221 - R:localhost/127.0.0.1:64000] for GET '/session/534d7617754cc00447814f09c2f8a89f/screenshot'
04:06:43.707 [AsyncHttpClient-1-17] DEBUG org.asynchttpclient.netty.handler.HttpHandler - 

Request DefaultFullHttpRequest(decodeResult: success, version: HTTP/1.1, content: EmptyByteBufBE)
GET /session/534d7617754cc00447814f09c2f8a89f/screenshot HTTP/1.1
User-Agent: selenium/4.1.2 (java windows)
Cache-Control: no-cache
Content-Type: application/json; charset=utf-8
host: localhost:64000
accept: */*

Response DefaultHttpResponse(decodeResult: success, version: HTTP/1.1)
HTTP/1.1 200 OK
Content-Type: application/json; charset=utf-8
cache-control: no-cache
content-length: 25248

04:06:43.708 [AsyncHttpClient-1-17] DEBUG org.asynchttpclient.netty.channel.ChannelManager - Adding key: http://localhost:64000 for channel [id: 0x938b08a1, L:/127.0.0.1:62221 - R:localhost/127.0.0.1:64000]
04:06:43.709 [main] DEBUG net.serenitybdd.core.photography.Darkroom - Send negative for processing for target\site\serenity\1d32cc2556ec6d6efe978ea7a7db7d538f0bd48960bd022a14ddd486291bde7d.png
04:06:43.710 [Darkroom Processing Line] DEBUG net.serenitybdd.core.photography.DarkroomProcessingLine - Processing screenshot image in /var/screenshots/screenshot-3961266545503675795
04:06:43.710 [Darkroom Processing Line] DEBUG net.serenitybdd.core.photography.DarkroomProcessingLine - Saving screenshot to target\site\serenity\1d32cc2556ec6d6efe978ea7a7db7d538f0bd48960bd022a14ddd486291bde7d.png
04:06:43.717 [Forwarding findElement on session 534d7617754cc00447814f09c2f8a89f to remote] DEBUG org.asynchttpclient.netty.request.NettyRequestSender - Using pooled Channel '[id: 0x938b08a1, L:/127.0.0.1:62221 - R:localhost/127.0.0.1:64000]' for 'POST' to 'http://localhost:64000/session/534d7617754cc00447814f09c2f8a89f/element'
04:06:43.717 [Forwarding findElement on session 534d7617754cc00447814f09c2f8a89f to remote] DEBUG org.asynchttpclient.netty.request.NettyRequestSender - Using open Channel [id: 0x938b08a1, L:/127.0.0.1:62221 - R:localhost/127.0.0.1:64000] for POST '/session/534d7617754cc00447814f09c2f8a89f/element'
04:06:43.720 [AsyncHttpClient-1-1] DEBUG org.asynchttpclient.netty.channel.DefaultChannelPool - Entry count for : http://localhost:62222 : 1
04:06:43.728 [AsyncHttpClient-1-17] DEBUG org.asynchttpclient.netty.handler.HttpHandler - 

Request DefaultHttpRequest(decodeResult: success, version: HTTP/1.1)
POST /session/534d7617754cc00447814f09c2f8a89f/element HTTP/1.1
User-Agent: selenium/4.1.2 (java windows)
Content-Length: 143
Content-Type: application/json; charset=utf-8
host: localhost:64000
accept: */*

Response DefaultHttpResponse(decodeResult: success, version: HTTP/1.1)
HTTP/1.1 200 OK
Content-Type: application/json; charset=utf-8
cache-control: no-cache
content-length: 88

04:06:43.729 [AsyncHttpClient-1-17] DEBUG org.asynchttpclient.netty.channel.ChannelManager - Adding key: http://localhost:64000 for channel [id: 0x938b08a1, L:/127.0.0.1:62221 - R:localhost/127.0.0.1:64000]
04:06:43.730 [Forwarding getElementTagName on session 534d7617754cc00447814f09c2f8a89f to remote] DEBUG org.asynchttpclient.netty.request.NettyRequestSender - Using pooled Channel '[id: 0x938b08a1, L:/127.0.0.1:62221 - R:localhost/127.0.0.1:64000]' for 'GET' to 'http://localhost:64000/session/534d7617754cc00447814f09c2f8a89f/element/387e75a5-3153-445a-a496-64bc355fc4f3/name'
04:06:43.731 [Forwarding getElementTagName on session 534d7617754cc00447814f09c2f8a89f to remote] DEBUG org.asynchttpclient.netty.request.NettyRequestSender - Using open Channel [id: 0x938b08a1, L:/127.0.0.1:62221 - R:localhost/127.0.0.1:64000] for GET '/session/534d7617754cc00447814f09c2f8a89f/element/387e75a5-3153-445a-a496-64bc355fc4f3/name'
04:06:43.735 [AsyncHttpClient-1-17] DEBUG org.asynchttpclient.netty.handler.HttpHandler - 

Request DefaultFullHttpRequest(decodeResult: success, version: HTTP/1.1, content: EmptyByteBufBE)
GET /session/534d7617754cc00447814f09c2f8a89f/element/387e75a5-3153-445a-a496-64bc355fc4f3/name HTTP/1.1
User-Agent: selenium/4.1.2 (java windows)
Cache-Control: no-cache
Content-Type: application/json; charset=utf-8
host: localhost:64000
accept: */*

Response DefaultHttpResponse(decodeResult: success, version: HTTP/1.1)
HTTP/1.1 200 OK
Content-Type: application/json; charset=utf-8
cache-control: no-cache
content-length: 18

04:06:43.735 [AsyncHttpClient-1-17] DEBUG org.asynchttpclient.netty.channel.ChannelManager - Adding key: http://localhost:64000 for channel [id: 0x938b08a1, L:/127.0.0.1:62221 - R:localhost/127.0.0.1:64000]
04:06:43.736 [Forwarding getElementTagName on session 534d7617754cc00447814f09c2f8a89f to remote] DEBUG org.asynchttpclient.netty.request.NettyRequestSender - Using pooled Channel '[id: 0x938b08a1, L:/127.0.0.1:62221 - R:localhost/127.0.0.1:64000]' for 'GET' to 'http://localhost:64000/session/534d7617754cc00447814f09c2f8a89f/element/387e75a5-3153-445a-a496-64bc355fc4f3/name'
04:06:43.736 [Forwarding getElementTagName on session 534d7617754cc00447814f09c2f8a89f to remote] DEBUG org.asynchttpclient.netty.request.NettyRequestSender - Using open Channel [id: 0x938b08a1, L:/127.0.0.1:62221 - R:localhost/127.0.0.1:64000] for GET '/session/534d7617754cc00447814f09c2f8a89f/element/387e75a5-3153-445a-a496-64bc355fc4f3/name'
04:06:43.744 [AsyncHttpClient-1-17] DEBUG org.asynchttpclient.netty.handler.HttpHandler - 

Request DefaultFullHttpRequest(decodeResult: success, version: HTTP/1.1, content: EmptyByteBufBE)
GET /session/534d7617754cc00447814f09c2f8a89f/element/387e75a5-3153-445a-a496-64bc355fc4f3/name HTTP/1.1
User-Agent: selenium/4.1.2 (java windows)
Cache-Control: no-cache
Content-Type: application/json; charset=utf-8
host: localhost:64000
accept: */*

Response DefaultHttpResponse(decodeResult: success, version: HTTP/1.1)
HTTP/1.1 200 OK
Content-Type: application/json; charset=utf-8
cache-control: no-cache
content-length: 18

04:06:43.744 [AsyncHttpClient-1-17] DEBUG org.asynchttpclient.netty.channel.ChannelManager - Adding key: http://localhost:64000 for channel [id: 0x938b08a1, L:/127.0.0.1:62221 - R:localhost/127.0.0.1:64000]
04:06:43.747 [Forwarding isElementEnabled on session 534d7617754cc00447814f09c2f8a89f to remote] DEBUG org.asynchttpclient.netty.request.NettyRequestSender - Using pooled Channel '[id: 0x938b08a1, L:/127.0.0.1:62221 - R:localhost/127.0.0.1:64000]' for 'GET' to 'http://localhost:64000/session/534d7617754cc00447814f09c2f8a89f/element/387e75a5-3153-445a-a496-64bc355fc4f3/enabled'
04:06:43.748 [Forwarding isElementEnabled on session 534d7617754cc00447814f09c2f8a89f to remote] DEBUG org.asynchttpclient.netty.request.NettyRequestSender - Using open Channel [id: 0x938b08a1, L:/127.0.0.1:62221 - R:localhost/127.0.0.1:64000] for GET '/session/534d7617754cc00447814f09c2f8a89f/element/387e75a5-3153-445a-a496-64bc355fc4f3/enabled'
04:06:43.755 [AsyncHttpClient-1-17] DEBUG org.asynchttpclient.netty.handler.HttpHandler - 

Request DefaultFullHttpRequest(decodeResult: success, version: HTTP/1.1, content: EmptyByteBufBE)
GET /session/534d7617754cc00447814f09c2f8a89f/element/387e75a5-3153-445a-a496-64bc355fc4f3/enabled HTTP/1.1
User-Agent: selenium/4.1.2 (java windows)
Cache-Control: no-cache
Content-Type: application/json; charset=utf-8
host: localhost:64000
accept: */*

Response DefaultHttpResponse(decodeResult: success, version: HTTP/1.1)
HTTP/1.1 200 OK
Content-Type: application/json; charset=utf-8
cache-control: no-cache
content-length: 14

04:06:43.755 [AsyncHttpClient-1-17] DEBUG org.asynchttpclient.netty.channel.ChannelManager - Adding key: http://localhost:64000 for channel [id: 0x938b08a1, L:/127.0.0.1:62221 - R:localhost/127.0.0.1:64000]
04:06:43.758 [Forwarding isElementEnabled on session 534d7617754cc00447814f09c2f8a89f to remote] DEBUG org.asynchttpclient.netty.request.NettyRequestSender - Using pooled Channel '[id: 0x938b08a1, L:/127.0.0.1:62221 - R:localhost/127.0.0.1:64000]' for 'GET' to 'http://localhost:64000/session/534d7617754cc00447814f09c2f8a89f/element/387e75a5-3153-445a-a496-64bc355fc4f3/enabled'
04:06:43.758 [Forwarding isElementEnabled on session 534d7617754cc00447814f09c2f8a89f to remote] DEBUG org.asynchttpclient.netty.request.NettyRequestSender - Using open Channel [id: 0x938b08a1, L:/127.0.0.1:62221 - R:localhost/127.0.0.1:64000] for GET '/session/534d7617754cc00447814f09c2f8a89f/element/387e75a5-3153-445a-a496-64bc355fc4f3/enabled'
04:06:43.765 [AsyncHttpClient-1-17] DEBUG org.asynchttpclient.netty.handler.HttpHandler - 

Request DefaultFullHttpRequest(decodeResult: success, version: HTTP/1.1, content: EmptyByteBufBE)
GET /session/534d7617754cc00447814f09c2f8a89f/element/387e75a5-3153-445a-a496-64bc355fc4f3/enabled HTTP/1.1
User-Agent: selenium/4.1.2 (java windows)
Cache-Control: no-cache
Content-Type: application/json; charset=utf-8
host: localhost:64000
accept: */*

Response DefaultHttpResponse(decodeResult: success, version: HTTP/1.1)
HTTP/1.1 200 OK
Content-Type: application/json; charset=utf-8
cache-control: no-cache
content-length: 14

04:06:43.765 [AsyncHttpClient-1-17] DEBUG org.asynchttpclient.netty.channel.ChannelManager - Adding key: http://localhost:64000 for channel [id: 0x938b08a1, L:/127.0.0.1:62221 - R:localhost/127.0.0.1:64000]
04:06:43.768 [Forwarding findElement on session 534d7617754cc00447814f09c2f8a89f to remote] DEBUG org.asynchttpclient.netty.request.NettyRequestSender - Using pooled Channel '[id: 0x938b08a1, L:/127.0.0.1:62221 - R:localhost/127.0.0.1:64000]' for 'POST' to 'http://localhost:64000/session/534d7617754cc00447814f09c2f8a89f/element'
04:06:43.768 [Forwarding findElement on session 534d7617754cc00447814f09c2f8a89f to remote] DEBUG org.asynchttpclient.netty.request.NettyRequestSender - Using open Channel [id: 0x938b08a1, L:/127.0.0.1:62221 - R:localhost/127.0.0.1:64000] for POST '/session/534d7617754cc00447814f09c2f8a89f/element'
04:06:43.777 [AsyncHttpClient-1-17] DEBUG org.asynchttpclient.netty.handler.HttpHandler - 

Request DefaultHttpRequest(decodeResult: success, version: HTTP/1.1)
POST /session/534d7617754cc00447814f09c2f8a89f/element HTTP/1.1
User-Agent: selenium/4.1.2 (java windows)
Content-Length: 143
Content-Type: application/json; charset=utf-8
host: localhost:64000
accept: */*

Response DefaultHttpResponse(decodeResult: success, version: HTTP/1.1)
HTTP/1.1 200 OK
Content-Type: application/json; charset=utf-8
cache-control: no-cache
content-length: 88

04:06:43.778 [AsyncHttpClient-1-17] DEBUG org.asynchttpclient.netty.channel.ChannelManager - Adding key: http://localhost:64000 for channel [id: 0x938b08a1, L:/127.0.0.1:62221 - R:localhost/127.0.0.1:64000]
04:06:43.779 [Forwarding clickElement on session 534d7617754cc00447814f09c2f8a89f to remote] DEBUG org.asynchttpclient.netty.request.NettyRequestSender - Using pooled Channel '[id: 0x938b08a1, L:/127.0.0.1:62221 - R:localhost/127.0.0.1:64000]' for 'POST' to 'http://localhost:64000/session/534d7617754cc00447814f09c2f8a89f/element/387e75a5-3153-445a-a496-64bc355fc4f3/click'
04:06:43.779 [Forwarding clickElement on session 534d7617754cc00447814f09c2f8a89f to remote] DEBUG org.asynchttpclient.netty.request.NettyRequestSender - Using open Channel [id: 0x938b08a1, L:/127.0.0.1:62221 - R:localhost/127.0.0.1:64000] for POST '/session/534d7617754cc00447814f09c2f8a89f/element/387e75a5-3153-445a-a496-64bc355fc4f3/click'
04:06:43.820 [AsyncHttpClient-1-17] DEBUG org.asynchttpclient.netty.handler.HttpHandler - 

Request DefaultHttpRequest(decodeResult: success, version: HTTP/1.1)
POST /session/534d7617754cc00447814f09c2f8a89f/element/387e75a5-3153-445a-a496-64bc355fc4f3/click HTTP/1.1
User-Agent: selenium/4.1.2 (java windows)
Content-Length: 50
Content-Type: application/json; charset=utf-8
host: localhost:64000
accept: */*

Response DefaultHttpResponse(decodeResult: success, version: HTTP/1.1)
HTTP/1.1 200 OK
Content-Type: application/json; charset=utf-8
cache-control: no-cache
content-length: 14

04:06:43.820 [AsyncHttpClient-1-17] DEBUG org.asynchttpclient.netty.channel.ChannelManager - Adding key: http://localhost:64000 for channel [id: 0x938b08a1, L:/127.0.0.1:62221 - R:localhost/127.0.0.1:64000]
  &amp#27;[32mAnd &amp#27;[0m&amp#27;[32mI click login button&amp#27;[0m                      &amp#27;[90m# starter.stepdefinitions.LoginStep.iClickLoginButton()&amp#27;[0m
04:06:43.827 [Forwarding screenshot on session 534d7617754cc00447814f09c2f8a89f to remote] DEBUG org.asynchttpclient.netty.request.NettyRequestSender - Using pooled Channel '[id: 0x938b08a1, L:/127.0.0.1:62221 - R:localhost/127.0.0.1:64000]' for 'GET' to 'http://localhost:64000/session/534d7617754cc00447814f09c2f8a89f/screenshot'
04:06:43.827 [Forwarding screenshot on session 534d7617754cc00447814f09c2f8a89f to remote] DEBUG org.asynchttpclient.netty.request.NettyRequestSender - Using open Channel [id: 0x938b08a1, L:/127.0.0.1:62221 - R:localhost/127.0.0.1:64000] for GET '/session/534d7617754cc00447814f09c2f8a89f/screenshot'
04:06:43.923 [AsyncHttpClient-1-17] DEBUG org.asynchttpclient.netty.handler.HttpHandler - 

Request DefaultFullHttpRequest(decodeResult: success, version: HTTP/1.1, content: EmptyByteBufBE)
GET /session/534d7617754cc00447814f09c2f8a89f/screenshot HTTP/1.1
User-Agent: selenium/4.1.2 (java windows)
Cache-Control: no-cache
Content-Type: application/json; charset=utf-8
host: localhost:64000
accept: */*

Response DefaultHttpResponse(decodeResult: success, version: HTTP/1.1)
HTTP/1.1 200 OK
Content-Type: application/json; charset=utf-8
cache-control: no-cache
content-length: 24688

04:06:43.923 [AsyncHttpClient-1-17] DEBUG org.asynchttpclient.netty.channel.ChannelManager - Adding key: http://localhost:64000 for channel [id: 0x938b08a1, L:/127.0.0.1:62221 - R:localhost/127.0.0.1:64000]
04:06:43.925 [main] DEBUG net.serenitybdd.core.photography.Darkroom - Send negative for processing for target\site\serenity\4f7f20dc660ac6c63ae4d0fa90d8d5892d53f132dec936d922917f582f6b2943.png
04:06:43.926 [Darkroom Processing Line] DEBUG net.serenitybdd.core.photography.DarkroomProcessingLine - Processing screenshot image in /var/screenshots/screenshot-1888676462229947417
04:06:43.926 [Darkroom Processing Line] DEBUG net.serenitybdd.core.photography.DarkroomProcessingLine - Saving screenshot to target\site\serenity\4f7f20dc660ac6c63ae4d0fa90d8d5892d53f132dec936d922917f582f6b2943.png
04:06:43.932 [Forwarding findElement on session 534d7617754cc00447814f09c2f8a89f to remote] DEBUG org.asynchttpclient.netty.request.NettyRequestSender - Using pooled Channel '[id: 0x938b08a1, L:/127.0.0.1:62221 - R:localhost/127.0.0.1:64000]' for 'POST' to 'http://localhost:64000/session/534d7617754cc00447814f09c2f8a89f/element'
04:06:43.932 [Forwarding findElement on session 534d7617754cc00447814f09c2f8a89f to remote] DEBUG org.asynchttpclient.netty.request.NettyRequestSender - Using open Channel [id: 0x938b08a1, L:/127.0.0.1:62221 - R:localhost/127.0.0.1:64000] for POST '/session/534d7617754cc00447814f09c2f8a89f/element'
04:06:44.828 [AsyncHttpClient-1-1] DEBUG org.asynchttpclient.netty.channel.DefaultChannelPool - Entry count for : http://localhost:62222 : 1
04:06:45.251 [AsyncHttpClient-1-17] DEBUG org.asynchttpclient.netty.handler.HttpHandler - 

Request DefaultHttpRequest(decodeResult: success, version: HTTP/1.1)
POST /session/534d7617754cc00447814f09c2f8a89f/element HTTP/1.1
User-Agent: selenium/4.1.2 (java windows)
Content-Length: 69
Content-Type: application/json; charset=utf-8
host: localhost:64000
accept: */*

Response DefaultHttpResponse(decodeResult: success, version: HTTP/1.1)
HTTP/1.1 200 OK
Content-Type: application/json; charset=utf-8
cache-control: no-cache
content-length: 88

04:06:45.251 [AsyncHttpClient-1-17] DEBUG org.asynchttpclient.netty.channel.ChannelManager - Adding key: http://localhost:64000 for channel [id: 0x938b08a1, L:/127.0.0.1:62221 - R:localhost/127.0.0.1:64000]
04:06:45.255 [Forwarding isElementDisplayed on session 534d7617754cc00447814f09c2f8a89f to remote] DEBUG org.asynchttpclient.netty.request.NettyRequestSender - Using pooled Channel '[id: 0x938b08a1, L:/127.0.0.1:62221 - R:localhost/127.0.0.1:64000]' for 'POST' to 'http://localhost:64000/session/534d7617754cc00447814f09c2f8a89f/execute/sync'
04:06:45.255 [Forwarding isElementDisplayed on session 534d7617754cc00447814f09c2f8a89f to remote] DEBUG org.asynchttpclient.netty.request.NettyRequestSender - Using open Channel [id: 0x938b08a1, L:/127.0.0.1:62221 - R:localhost/127.0.0.1:64000] for POST '/session/534d7617754cc00447814f09c2f8a89f/execute/sync'
04:06:45.267 [AsyncHttpClient-1-17] DEBUG org.asynchttpclient.netty.handler.HttpHandler - 

Request DefaultHttpRequest(decodeResult: success, version: HTTP/1.1)
POST /session/534d7617754cc00447814f09c2f8a89f/execute/sync HTTP/1.1
User-Agent: selenium/4.1.2 (java windows)
Content-Length: 48780
Content-Type: application/json; charset=utf-8
host: localhost:64000
accept: */*

Response DefaultHttpResponse(decodeResult: success, version: HTTP/1.1)
HTTP/1.1 200 OK
Content-Type: application/json; charset=utf-8
cache-control: no-cache
content-length: 14

04:06:45.267 [AsyncHttpClient-1-17] DEBUG org.asynchttpclient.netty.channel.ChannelManager - Adding key: http://localhost:64000 for channel [id: 0x938b08a1, L:/127.0.0.1:62221 - R:localhost/127.0.0.1:64000]
  &amp#27;[32mThen &amp#27;[0m&amp#27;[32mI will get the result &amp#27;[0m&amp#27;[32m&amp#27;[1m"failed"&amp#27;[0m           &amp#27;[90m# starter.stepdefinitions.LoginStep.iWillGetTheResult(java.lang.String)&amp#27;[0m
04:06:45.271 [Forwarding screenshot on session 534d7617754cc00447814f09c2f8a89f to remote] DEBUG org.asynchttpclient.netty.request.NettyRequestSender - Using pooled Channel '[id: 0x938b08a1, L:/127.0.0.1:62221 - R:localhost/127.0.0.1:64000]' for 'GET' to 'http://localhost:64000/session/534d7617754cc00447814f09c2f8a89f/screenshot'
04:06:45.272 [Forwarding screenshot on session 534d7617754cc00447814f09c2f8a89f to remote] DEBUG org.asynchttpclient.netty.request.NettyRequestSender - Using open Channel [id: 0x938b08a1, L:/127.0.0.1:62221 - R:localhost/127.0.0.1:64000] for GET '/session/534d7617754cc00447814f09c2f8a89f/screenshot'
04:06:45.359 [AsyncHttpClient-1-17] DEBUG org.asynchttpclient.netty.handler.HttpHandler - 

Request DefaultFullHttpRequest(decodeResult: success, version: HTTP/1.1, content: EmptyByteBufBE)
GET /session/534d7617754cc00447814f09c2f8a89f/screenshot HTTP/1.1
User-Agent: selenium/4.1.2 (java windows)
Cache-Control: no-cache
Content-Type: application/json; charset=utf-8
host: localhost:64000
accept: */*

Response DefaultHttpResponse(decodeResult: success, version: HTTP/1.1)
HTTP/1.1 200 OK
Content-Type: application/json; charset=utf-8
cache-control: no-cache
content-length: 28684

04:06:45.360 [AsyncHttpClient-1-17] DEBUG org.asynchttpclient.netty.channel.ChannelManager - Adding key: http://localhost:64000 for channel [id: 0x938b08a1, L:/127.0.0.1:62221 - R:localhost/127.0.0.1:64000]
04:06:45.361 [main] DEBUG net.serenitybdd.core.photography.Darkroom - Send negative for processing for target\site\serenity\14b57c332ed212135237f535733656824c1496351fa74733b8cca87b700bd246.png
04:06:45.362 [Darkroom Processing Line] DEBUG net.serenitybdd.core.photography.DarkroomProcessingLine - Processing screenshot image in /var/screenshots/screenshot-15565869727743249066
04:06:45.362 [Darkroom Processing Line] DEBUG net.serenitybdd.core.photography.DarkroomProcessingLine - Saving screenshot to target\site\serenity\14b57c332ed212135237f535733656824c1496351fa74733b8cca87b700bd246.png
04:06:45.367 [AsyncHttpClient-1-3] DEBUG org.asynchttpclient.netty.handler.WebSocketHandler - Channel Closed: [id: 0x69019021, L:/127.0.0.1:62229 ! R:localhost/127.0.0.1:62222] with attribute NettyResponseFuture{currentRetry=5,
	isDone=1,
	isCancelled=0,
	asyncHandler=org.asynchttpclient.ws.WebSocketUpgradeHandler@710ba6f9,
	nettyRequest=org.asynchttpclient.netty.request.NettyRequest@404943ad,
	future=java.util.concurrent.CompletableFuture@5a2ec0e6[Completed normally],
	uri=ws://localhost:62222/devtools/browser/c3fce44c-3cab-4aa7-bac1-ddfdf7366522,
	keepAlive=true,
	redirectCount=0,
	timeoutsHolder=null,
	inAuth=0,
	touch=1666732002587}
04:06:45.367 [AsyncHttpClient-1-3] DEBUG org.asynchttpclient.netty.channel.ChannelManager - Closing Channel [id: 0x69019021, L:/127.0.0.1:62229 ! R:localhost/127.0.0.1:62222] 
04:06:45.367 [Driver Command Executor] DEBUG org.asynchttpclient.netty.request.NettyRequestSender - Using pooled Channel '[id: 0x938b08a1, L:/127.0.0.1:62221 - R:localhost/127.0.0.1:64000]' for 'DELETE' to 'http://localhost:64000/session/534d7617754cc00447814f09c2f8a89f'
04:06:45.367 [Driver Command Executor] DEBUG org.asynchttpclient.netty.request.NettyRequestSender - Using open Channel [id: 0x938b08a1, L:/127.0.0.1:62221 - R:localhost/127.0.0.1:64000] for DELETE '/session/534d7617754cc00447814f09c2f8a89f'
04:06:45.396 [AsyncHttpClient-1-2] DEBUG org.asynchttpclient.netty.handler.HttpHandler - Unexpected I/O exception on channel [id: 0x76ba029b, L:/127.0.0.1:62228 - R:localhost/127.0.0.1:62222]
java.net.SocketException: Connection reset
	at java.base/sun.nio.ch.SocketChannelImpl.throwConnectionReset(SocketChannelImpl.java:345)
	at java.base/sun.nio.ch.SocketChannelImpl.read(SocketChannelImpl.java:376)
	at io.netty.buffer.PooledByteBuf.setBytes(PooledByteBuf.java:258)
	at io.netty.buffer.AbstractByteBuf.writeBytes(AbstractByteBuf.java:1132)
	at io.netty.channel.socket.nio.NioSocketChannel.doReadBytes(NioSocketChannel.java:350)
	at io.netty.channel.nio.AbstractNioByteChannel$NioByteUnsafe.read(AbstractNioByteChannel.java:151)
	at io.netty.channel.nio.NioEventLoop.processSelectedKey(NioEventLoop.java:722)
	at io.netty.channel.nio.NioEventLoop.processSelectedKeysOptimized(NioEventLoop.java:658)
	at io.netty.channel.nio.NioEventLoop.processSelectedKeys(NioEventLoop.java:584)
	at io.netty.channel.nio.NioEventLoop.run(NioEventLoop.java:496)
	at io.netty.util.concurrent.SingleThreadEventExecutor$4.run(SingleThreadEventExecutor.java:986)
	at io.netty.util.internal.ThreadExecutorMap$2.run(ThreadExecutorMap.java:74)
	at io.netty.util.concurrent.FastThreadLocalRunnable.run(FastThreadLocalRunnable.java:30)
	at java.base/java.lang.Thread.run(Thread.java:830)
04:06:45.396 [AsyncHttpClient-1-2] DEBUG org.asynchttpclient.netty.channel.ChannelManager - Closing Channel [id: 0x76ba029b, L:/127.0.0.1:62228 - R:localhost/127.0.0.1:62222] 
04:06:45.396 [AsyncHttpClient-1-2] DEBUG org.asynchttpclient.netty.handler.HttpHandler - Channel Closed: [id: 0x76ba029b, L:/127.0.0.1:62228 ! R:localhost/127.0.0.1:62222] with attribute DISCARD
04:06:45.407 [AsyncHttpClient-1-17] DEBUG org.asynchttpclient.netty.handler.HttpHandler - 

Request DefaultFullHttpRequest(decodeResult: success, version: HTTP/1.1, content: EmptyByteBufBE)
DELETE /session/534d7617754cc00447814f09c2f8a89f HTTP/1.1
User-Agent: selenium/4.1.2 (java windows)
Content-Type: application/json; charset=utf-8
host: localhost:64000
accept: */*

Response DefaultHttpResponse(decodeResult: success, version: HTTP/1.1)
HTTP/1.1 200 OK
Content-Type: application/json; charset=utf-8
cache-control: no-cache
content-length: 14

04:06:45.407 [AsyncHttpClient-1-17] DEBUG org.asynchttpclient.netty.channel.ChannelManager - Adding key: http://localhost:64000 for channel [id: 0x938b08a1, L:/127.0.0.1:62221 - R:localhost/127.0.0.1:64000]
04:06:45.455 [AsyncHttpClient-1-17] DEBUG org.asynchttpclient.netty.handler.HttpHandler - Channel Closed: [id: 0x938b08a1, L:/127.0.0.1:62221 ! R:localhost/127.0.0.1:64000] with attribute DISCARD
04:06:45.919 [AsyncHttpClient-1-1] DEBUG org.asynchttpclient.netty.channel.DefaultChannelPool - Entry count for : http://localhost:62222 : 1
04:06:45.919 [AsyncHttpClient-1-1] DEBUG org.asynchttpclient.netty.channel.DefaultChannelPool - Entry count for : http://localhost:64000 : 1
04:06:45.919 [AsyncHttpClient-1-1] DEBUG org.asynchttpclient.netty.channel.DefaultChannelPool - Adding Candidate expired Channel [id: 0x76ba029b, L:/127.0.0.1:62228 ! R:localhost/127.0.0.1:62222] isIdleTimeoutExpired=false isRemotelyClosed=true isTtlExpired=false
04:06:45.919 [AsyncHttpClient-1-1] DEBUG org.asynchttpclient.netty.channel.DefaultChannelPool - Closing Idle Channel [id: 0x76ba029b, L:/127.0.0.1:62228 ! R:localhost/127.0.0.1:62222]
04:06:45.919 [AsyncHttpClient-1-1] DEBUG org.asynchttpclient.netty.channel.DefaultChannelPool - Adding Candidate expired Channel [id: 0x938b08a1, L:/127.0.0.1:62221 ! R:localhost/127.0.0.1:64000] isIdleTimeoutExpired=false isRemotelyClosed=true isTtlExpired=false
04:06:45.919 [AsyncHttpClient-1-1] DEBUG org.asynchttpclient.netty.channel.DefaultChannelPool - Closing Idle Channel [id: 0x938b08a1, L:/127.0.0.1:62221 ! R:localhost/127.0.0.1:64000]
04:06:45.919 [AsyncHttpClient-1-1] DEBUG org.asynchttpclient.netty.channel.DefaultChannelPool - Closed 2 connections out of 2 in 0 ms
]]></system-out>
    <system-err><![CDATA[Starting ChromeDriver 105.0.5195.52 (412c95e518836d8a7d97250d62b29c2ae6a26a85-refs/branch-heads/5195@{#853}) on port 64000
Only local connections are allowed.
Please see https://chromedriver.chromium.org/security-considerations for suggestions on keeping ChromeDriver safe.
ChromeDriver was started successfully.
[1666732002.553][WARNING]: This version of ChromeDriver has not been tested with Chrome version 106.
Okt 26, 2022 4:06:42 AM org.openqa.selenium.remote.ProtocolHandshake createSession
INFO: Detected dialect: W3C
Okt 26, 2022 4:06:42 AM org.openqa.selenium.devtools.CdpVersionFinder findNearestMatch
WARNING: Unable to find an exact match for CDP version 106, so returning the closest version found: a no-op implementation
Okt 26, 2022 4:06:42 AM org.openqa.selenium.devtools.CdpVersionFinder findNearestMatch
INFO: Unable to find CDP implementation matching 106.
Okt 26, 2022 4:06:42 AM org.openqa.selenium.chromium.ChromiumDriver lambda$new$3
WARNING: Unable to find version of CDP to use for . You may need to include a dependency on a specific version of the CDP using something similar to `org.seleniumhq.selenium:selenium-devtools-v86:4.1.2` where the version ("v86") matches the version of the chromium-based browser you're using and the version number of the artifact is the same as Selenium's.
]]></system-err>
  </testcase>
  <testcase name="Login with email and password #5" classname="Login" time="5.08">
    <system-out><![CDATA[
Scenario Outline: Login with email and password &amp#27;[90m# src/test/resources/features/Login.feature:18&amp#27;[0m
04:06:45.986 [main] INFO io.cucumber.core.plugin.SerenityReporter - Running feature from file:///C:/Users/alwi/IdeaProjects/AltaShop/src/test/resources/features/Login.feature
04:06:46.003 [main] INFO net.serenitybdd.core.webdriver.driverproviders.ChromeDriverProvider - Using automatically driver download
04:06:46.107 [main] DEBUG io.github.bonigarcia.wdm.cache.ResolutionCache - Resolution chrome=106 in cache (valid until 04:10:38 26/10/2022 WIB)
04:06:46.110 [main] DEBUG io.github.bonigarcia.wdm.cache.ResolutionCache - Resolution chrome106=106.0.5249.61 in cache (valid until 22:47:25 26/10/2022 WIB)
04:06:46.111 [main] INFO io.github.bonigarcia.wdm.WebDriverManager - Using chromedriver 106.0.5249.61 (resolved driver for Chrome 106)
04:06:46.120 [main] DEBUG io.github.bonigarcia.wdm.WebDriverManager - Driver chromedriver 106.0.5249.61 found in cache
04:06:46.120 [main] INFO io.github.bonigarcia.wdm.WebDriverManager - Exporting webdriver.chrome.driver as C:\Users\alwi\.cache\selenium\chromedriver\win32\106.0.5249.61\chromedriver.exe
04:06:46.222 [main] DEBUG net.serenitybdd.core.webdriver.driverproviders.ProvideNewDriver - Instantiating driver
04:06:46.222 [main] DEBUG net.serenitybdd.core.webdriver.driverproviders.ProvideNewDriver - Driver capabilities: Capabilities {acceptInsecureCerts: false, base.url: https://alta-shop.vercel.app, browserName: chrome, chrome.driver: src/test/resources/webdrive..., driver: chrome, goog:chromeOptions: {args: [], extensions: []}}
04:06:46.758 [AsyncHttpClient-1-4] DEBUG org.asynchttpclient.netty.channel.NettyConnectListener - Using new Channel '[id: 0xbbe37df2, L:/127.0.0.1:62243 - R:localhost/127.0.0.1:57810]' for 'POST' to '/session'
04:06:47.535 [AsyncHttpClient-1-4] DEBUG org.asynchttpclient.netty.handler.HttpHandler - 

Request DefaultHttpRequest(decodeResult: success, version: HTTP/1.1)
POST /session HTTP/1.1
User-Agent: selenium/4.1.2 (java windows)
Content-Length: 609
Content-Type: application/json; charset=utf-8
host: localhost:57810
accept: */*

Response DefaultHttpResponse(decodeResult: success, version: HTTP/1.1)
HTTP/1.1 200 OK
Content-Type: application/json; charset=utf-8
cache-control: no-cache
content-length: 790

04:06:47.535 [AsyncHttpClient-1-4] DEBUG org.asynchttpclient.netty.channel.ChannelManager - Adding key: http://localhost:57810 for channel [id: 0xbbe37df2, L:/127.0.0.1:62243 - R:localhost/127.0.0.1:57810]
04:06:47.542 [AsyncHttpClient-1-5] DEBUG org.asynchttpclient.netty.channel.NettyConnectListener - Using new Channel '[id: 0x297f6031, L:/127.0.0.1:62254 - R:localhost/127.0.0.1:62245]' for 'GET' to '/json/version'
04:06:47.543 [AsyncHttpClient-1-5] DEBUG org.asynchttpclient.netty.handler.HttpHandler - 

Request DefaultFullHttpRequest(decodeResult: success, version: HTTP/1.1, content: EmptyByteBufBE)
GET /json/version HTTP/1.1
User-Agent: selenium/4.1.2 (java windows)
host: localhost:62245
accept: */*

Response DefaultHttpResponse(decodeResult: success, version: HTTP/1.1)
HTTP/1.1 200 OK
Content-Type: application/json; charset=UTF-8
content-length: 424

04:06:47.543 [AsyncHttpClient-1-5] DEBUG org.asynchttpclient.netty.channel.ChannelManager - Adding key: http://localhost:62245 for channel [id: 0x297f6031, L:/127.0.0.1:62254 - R:localhost/127.0.0.1:62245]
04:06:47.545 [AsyncHttpClient-1-6] DEBUG org.asynchttpclient.netty.channel.NettyConnectListener - Using new Channel '[id: 0x93256212, L:/127.0.0.1:62255 - R:localhost/127.0.0.1:62245]' for 'GET' to '/devtools/browser/c0711a84-9cd2-4dbd-82b5-6071054de6cc'
04:06:47.546 [AsyncHttpClient-1-6] DEBUG org.asynchttpclient.netty.handler.WebSocketHandler - 

Request DefaultFullHttpRequest(decodeResult: success, version: HTTP/1.1, content: EmptyByteBufBE)
GET /devtools/browser/c0711a84-9cd2-4dbd-82b5-6071054de6cc HTTP/1.1
upgrade: websocket
connection: upgrade
sec-websocket-key: XQKOBW8qGEO2hk8OSermxA==
sec-websocket-version: 13
origin: http://localhost:62245
host: localhost:62245
accept: */*
user-agent: AHC/2.1

Response DefaultHttpResponse(decodeResult: success, version: HTTP/1.1)
HTTP/1.1 101 WebSocket Protocol Handshake
Upgrade: WebSocket
Connection: Upgrade
Sec-WebSocket-Accept: JnlAu4ZSn5nmj4F0l92nBjpwDhs=

04:06:47.549 [Forwarding get on session fad2301a7fc4be49e0db436785d30c9f to remote] DEBUG org.asynchttpclient.netty.request.NettyRequestSender - Using pooled Channel '[id: 0xbbe37df2, L:/127.0.0.1:62243 - R:localhost/127.0.0.1:57810]' for 'POST' to 'http://localhost:57810/session/fad2301a7fc4be49e0db436785d30c9f/url'
04:06:47.550 [Forwarding get on session fad2301a7fc4be49e0db436785d30c9f to remote] DEBUG org.asynchttpclient.netty.request.NettyRequestSender - Using open Channel [id: 0xbbe37df2, L:/127.0.0.1:62243 - R:localhost/127.0.0.1:57810] for POST '/session/fad2301a7fc4be49e0db436785d30c9f/url'
04:06:48.124 [AsyncHttpClient-1-1] DEBUG org.asynchttpclient.netty.channel.DefaultChannelPool - Entry count for : http://localhost:62245 : 1
04:06:48.208 [AsyncHttpClient-1-4] DEBUG org.asynchttpclient.netty.handler.HttpHandler - 

Request DefaultHttpRequest(decodeResult: success, version: HTTP/1.1)
POST /session/fad2301a7fc4be49e0db436785d30c9f/url HTTP/1.1
User-Agent: selenium/4.1.2 (java windows)
Content-Length: 74
Content-Type: application/json; charset=utf-8
host: localhost:57810
accept: */*

Response DefaultHttpResponse(decodeResult: success, version: HTTP/1.1)
HTTP/1.1 200 OK
Content-Type: application/json; charset=utf-8
cache-control: no-cache
content-length: 14

04:06:48.208 [AsyncHttpClient-1-4] DEBUG org.asynchttpclient.netty.channel.ChannelManager - Adding key: http://localhost:57810 for channel [id: 0xbbe37df2, L:/127.0.0.1:62243 - R:localhost/127.0.0.1:57810]
04:06:48.210 [Forwarding setTimeout on session fad2301a7fc4be49e0db436785d30c9f to remote] DEBUG org.asynchttpclient.netty.request.NettyRequestSender - Using pooled Channel '[id: 0xbbe37df2, L:/127.0.0.1:62243 - R:localhost/127.0.0.1:57810]' for 'POST' to 'http://localhost:57810/session/fad2301a7fc4be49e0db436785d30c9f/timeouts'
04:06:48.210 [Forwarding setTimeout on session fad2301a7fc4be49e0db436785d30c9f to remote] DEBUG org.asynchttpclient.netty.request.NettyRequestSender - Using open Channel [id: 0xbbe37df2, L:/127.0.0.1:62243 - R:localhost/127.0.0.1:57810] for POST '/session/fad2301a7fc4be49e0db436785d30c9f/timeouts'
04:06:48.210 [AsyncHttpClient-1-4] DEBUG org.asynchttpclient.netty.handler.HttpHandler - 

Request DefaultHttpRequest(decodeResult: success, version: HTTP/1.1)
POST /session/fad2301a7fc4be49e0db436785d30c9f/timeouts HTTP/1.1
User-Agent: selenium/4.1.2 (java windows)
Content-Length: 22
Content-Type: application/json; charset=utf-8
host: localhost:57810
accept: */*

Response DefaultHttpResponse(decodeResult: success, version: HTTP/1.1)
HTTP/1.1 200 OK
Content-Type: application/json; charset=utf-8
cache-control: no-cache
content-length: 14

04:06:48.211 [AsyncHttpClient-1-4] DEBUG org.asynchttpclient.netty.channel.ChannelManager - Adding key: http://localhost:57810 for channel [id: 0xbbe37df2, L:/127.0.0.1:62243 - R:localhost/127.0.0.1:57810]
04:06:48.213 [Forwarding getCurrentUrl on session fad2301a7fc4be49e0db436785d30c9f to remote] DEBUG org.asynchttpclient.netty.request.NettyRequestSender - Using pooled Channel '[id: 0xbbe37df2, L:/127.0.0.1:62243 - R:localhost/127.0.0.1:57810]' for 'GET' to 'http://localhost:57810/session/fad2301a7fc4be49e0db436785d30c9f/url'
04:06:48.213 [Forwarding getCurrentUrl on session fad2301a7fc4be49e0db436785d30c9f to remote] DEBUG org.asynchttpclient.netty.request.NettyRequestSender - Using open Channel [id: 0xbbe37df2, L:/127.0.0.1:62243 - R:localhost/127.0.0.1:57810] for GET '/session/fad2301a7fc4be49e0db436785d30c9f/url'
04:06:48.220 [AsyncHttpClient-1-4] DEBUG org.asynchttpclient.netty.handler.HttpHandler - 

Request DefaultFullHttpRequest(decodeResult: success, version: HTTP/1.1, content: EmptyByteBufBE)
GET /session/fad2301a7fc4be49e0db436785d30c9f/url HTTP/1.1
User-Agent: selenium/4.1.2 (java windows)
Cache-Control: no-cache
Content-Type: application/json; charset=utf-8
host: localhost:57810
accept: */*

Response DefaultHttpResponse(decodeResult: success, version: HTTP/1.1)
HTTP/1.1 200 OK
Content-Type: application/json; charset=utf-8
cache-control: no-cache
content-length: 51

04:06:48.221 [AsyncHttpClient-1-4] DEBUG org.asynchttpclient.netty.channel.ChannelManager - Adding key: http://localhost:57810 for channel [id: 0xbbe37df2, L:/127.0.0.1:62243 - R:localhost/127.0.0.1:57810]
  &amp#27;[32mGiven &amp#27;[0m&amp#27;[32mI am on the login page&amp#27;[0m                  &amp#27;[90m# starter.stepdefinitions.LoginStep.iAmOnTheLoginPage()&amp#27;[0m
04:06:48.226 [Forwarding screenshot on session fad2301a7fc4be49e0db436785d30c9f to remote] DEBUG org.asynchttpclient.netty.request.NettyRequestSender - Using pooled Channel '[id: 0xbbe37df2, L:/127.0.0.1:62243 - R:localhost/127.0.0.1:57810]' for 'GET' to 'http://localhost:57810/session/fad2301a7fc4be49e0db436785d30c9f/screenshot'
04:06:48.226 [Forwarding screenshot on session fad2301a7fc4be49e0db436785d30c9f to remote] DEBUG org.asynchttpclient.netty.request.NettyRequestSender - Using open Channel [id: 0xbbe37df2, L:/127.0.0.1:62243 - R:localhost/127.0.0.1:57810] for GET '/session/fad2301a7fc4be49e0db436785d30c9f/screenshot'
04:06:48.330 [AsyncHttpClient-1-4] DEBUG org.asynchttpclient.netty.handler.HttpHandler - 

Request DefaultFullHttpRequest(decodeResult: success, version: HTTP/1.1, content: EmptyByteBufBE)
GET /session/fad2301a7fc4be49e0db436785d30c9f/screenshot HTTP/1.1
User-Agent: selenium/4.1.2 (java windows)
Cache-Control: no-cache
Content-Type: application/json; charset=utf-8
host: localhost:57810
accept: */*

Response DefaultHttpResponse(decodeResult: success, version: HTTP/1.1)
HTTP/1.1 200 OK
Content-Type: application/json; charset=utf-8
cache-control: no-cache
content-length: 24528

04:06:48.330 [AsyncHttpClient-1-4] DEBUG org.asynchttpclient.netty.channel.ChannelManager - Adding key: http://localhost:57810 for channel [id: 0xbbe37df2, L:/127.0.0.1:62243 - R:localhost/127.0.0.1:57810]
04:06:48.332 [main] DEBUG net.serenitybdd.core.photography.Darkroom - Send negative for processing for target\site\serenity\4a081d05db2e6be9b3256b332b844d9c53d5aa88207142e6b6c18ed6759b787c.png
04:06:48.340 [Forwarding findElement on session fad2301a7fc4be49e0db436785d30c9f to remote] DEBUG org.asynchttpclient.netty.request.NettyRequestSender - Using pooled Channel '[id: 0xbbe37df2, L:/127.0.0.1:62243 - R:localhost/127.0.0.1:57810]' for 'POST' to 'http://localhost:57810/session/fad2301a7fc4be49e0db436785d30c9f/element'
04:06:48.340 [Forwarding findElement on session fad2301a7fc4be49e0db436785d30c9f to remote] DEBUG org.asynchttpclient.netty.request.NettyRequestSender - Using open Channel [id: 0xbbe37df2, L:/127.0.0.1:62243 - R:localhost/127.0.0.1:57810] for POST '/session/fad2301a7fc4be49e0db436785d30c9f/element'
04:06:48.350 [AsyncHttpClient-1-4] DEBUG org.asynchttpclient.netty.handler.HttpHandler - 

Request DefaultHttpRequest(decodeResult: success, version: HTTP/1.1)
POST /session/fad2301a7fc4be49e0db436785d30c9f/element HTTP/1.1
User-Agent: selenium/4.1.2 (java windows)
Content-Length: 55
Content-Type: application/json; charset=utf-8
host: localhost:57810
accept: */*

Response DefaultHttpResponse(decodeResult: success, version: HTTP/1.1)
HTTP/1.1 200 OK
Content-Type: application/json; charset=utf-8
cache-control: no-cache
content-length: 88

04:06:48.351 [AsyncHttpClient-1-4] DEBUG org.asynchttpclient.netty.channel.ChannelManager - Adding key: http://localhost:57810 for channel [id: 0xbbe37df2, L:/127.0.0.1:62243 - R:localhost/127.0.0.1:57810]
04:06:48.352 [Forwarding clearElement on session fad2301a7fc4be49e0db436785d30c9f to remote] DEBUG org.asynchttpclient.netty.request.NettyRequestSender - Using pooled Channel '[id: 0xbbe37df2, L:/127.0.0.1:62243 - R:localhost/127.0.0.1:57810]' for 'POST' to 'http://localhost:57810/session/fad2301a7fc4be49e0db436785d30c9f/element/6b507795-696e-4370-a921-e29072711213/clear'
04:06:48.352 [Forwarding clearElement on session fad2301a7fc4be49e0db436785d30c9f to remote] DEBUG org.asynchttpclient.netty.request.NettyRequestSender - Using open Channel [id: 0xbbe37df2, L:/127.0.0.1:62243 - R:localhost/127.0.0.1:57810] for POST '/session/fad2301a7fc4be49e0db436785d30c9f/element/6b507795-696e-4370-a921-e29072711213/clear'
04:06:48.380 [AsyncHttpClient-1-4] DEBUG org.asynchttpclient.netty.handler.HttpHandler - 

Request DefaultHttpRequest(decodeResult: success, version: HTTP/1.1)
POST /session/fad2301a7fc4be49e0db436785d30c9f/element/6b507795-696e-4370-a921-e29072711213/clear HTTP/1.1
User-Agent: selenium/4.1.2 (java windows)
Content-Length: 50
Content-Type: application/json; charset=utf-8
host: localhost:57810
accept: */*

Response DefaultHttpResponse(decodeResult: success, version: HTTP/1.1)
HTTP/1.1 200 OK
Content-Type: application/json; charset=utf-8
cache-control: no-cache
content-length: 14

04:06:48.381 [AsyncHttpClient-1-4] DEBUG org.asynchttpclient.netty.channel.ChannelManager - Adding key: http://localhost:57810 for channel [id: 0xbbe37df2, L:/127.0.0.1:62243 - R:localhost/127.0.0.1:57810]
04:06:48.382 [Forwarding sendKeysToElement on session fad2301a7fc4be49e0db436785d30c9f to remote] DEBUG org.asynchttpclient.netty.request.NettyRequestSender - Using pooled Channel '[id: 0xbbe37df2, L:/127.0.0.1:62243 - R:localhost/127.0.0.1:57810]' for 'POST' to 'http://localhost:57810/session/fad2301a7fc4be49e0db436785d30c9f/element/6b507795-696e-4370-a921-e29072711213/value'
04:06:48.382 [Forwarding sendKeysToElement on session fad2301a7fc4be49e0db436785d30c9f to remote] DEBUG org.asynchttpclient.netty.request.NettyRequestSender - Using open Channel [id: 0xbbe37df2, L:/127.0.0.1:62243 - R:localhost/127.0.0.1:57810] for POST '/session/fad2301a7fc4be49e0db436785d30c9f/element/6b507795-696e-4370-a921-e29072711213/value'
04:06:48.418 [AsyncHttpClient-1-4] DEBUG org.asynchttpclient.netty.handler.HttpHandler - 

Request DefaultHttpRequest(decodeResult: success, version: HTTP/1.1)
POST /session/fad2301a7fc4be49e0db436785d30c9f/element/6b507795-696e-4370-a921-e29072711213/value HTTP/1.1
User-Agent: selenium/4.1.2 (java windows)
Content-Length: 82
Content-Type: application/json; charset=utf-8
host: localhost:57810
accept: */*

Response DefaultHttpResponse(decodeResult: success, version: HTTP/1.1)
HTTP/1.1 200 OK
Content-Type: application/json; charset=utf-8
cache-control: no-cache
content-length: 14

04:06:48.418 [AsyncHttpClient-1-4] DEBUG org.asynchttpclient.netty.channel.ChannelManager - Adding key: http://localhost:57810 for channel [id: 0xbbe37df2, L:/127.0.0.1:62243 - R:localhost/127.0.0.1:57810]
  &amp#27;[32mWhen &amp#27;[0m&amp#27;[32mI input email &amp#27;[0m&amp#27;[32m&amp#27;[1m""&amp#27;[0m                         &amp#27;[90m# starter.stepdefinitions.LoginStep.iInputEmail(java.lang.String)&amp#27;[0m
04:06:48.424 [Forwarding screenshot on session fad2301a7fc4be49e0db436785d30c9f to remote] DEBUG org.asynchttpclient.netty.request.NettyRequestSender - Using pooled Channel '[id: 0xbbe37df2, L:/127.0.0.1:62243 - R:localhost/127.0.0.1:57810]' for 'GET' to 'http://localhost:57810/session/fad2301a7fc4be49e0db436785d30c9f/screenshot'
04:06:48.424 [Forwarding screenshot on session fad2301a7fc4be49e0db436785d30c9f to remote] DEBUG org.asynchttpclient.netty.request.NettyRequestSender - Using open Channel [id: 0xbbe37df2, L:/127.0.0.1:62243 - R:localhost/127.0.0.1:57810] for GET '/session/fad2301a7fc4be49e0db436785d30c9f/screenshot'
04:06:48.547 [AsyncHttpClient-1-4] DEBUG org.asynchttpclient.netty.handler.HttpHandler - 

Request DefaultFullHttpRequest(decodeResult: success, version: HTTP/1.1, content: EmptyByteBufBE)
GET /session/fad2301a7fc4be49e0db436785d30c9f/screenshot HTTP/1.1
User-Agent: selenium/4.1.2 (java windows)
Cache-Control: no-cache
Content-Type: application/json; charset=utf-8
host: localhost:57810
accept: */*

Response DefaultHttpResponse(decodeResult: success, version: HTTP/1.1)
HTTP/1.1 200 OK
Content-Type: application/json; charset=utf-8
cache-control: no-cache
content-length: 24664

04:06:48.547 [AsyncHttpClient-1-4] DEBUG org.asynchttpclient.netty.channel.ChannelManager - Adding key: http://localhost:57810 for channel [id: 0xbbe37df2, L:/127.0.0.1:62243 - R:localhost/127.0.0.1:57810]
04:06:48.550 [main] DEBUG net.serenitybdd.core.photography.Darkroom - Send negative for processing for target\site\serenity\b9c74dbab67082d30ae5f8a7469bffcff6800968d7368c38916b7dbbcddbb0d4.png
04:06:48.550 [Darkroom Processing Line] DEBUG net.serenitybdd.core.photography.DarkroomProcessingLine - Processing screenshot image in /var/screenshots/screenshot-13402004660611424870
04:06:48.550 [Darkroom Processing Line] DEBUG net.serenitybdd.core.photography.DarkroomProcessingLine - Saving screenshot to target\site\serenity\b9c74dbab67082d30ae5f8a7469bffcff6800968d7368c38916b7dbbcddbb0d4.png
04:06:48.559 [Forwarding findElement on session fad2301a7fc4be49e0db436785d30c9f to remote] DEBUG org.asynchttpclient.netty.request.NettyRequestSender - Using pooled Channel '[id: 0xbbe37df2, L:/127.0.0.1:62243 - R:localhost/127.0.0.1:57810]' for 'POST' to 'http://localhost:57810/session/fad2301a7fc4be49e0db436785d30c9f/element'
04:06:48.559 [Forwarding findElement on session fad2301a7fc4be49e0db436785d30c9f to remote] DEBUG org.asynchttpclient.netty.request.NettyRequestSender - Using open Channel [id: 0xbbe37df2, L:/127.0.0.1:62243 - R:localhost/127.0.0.1:57810] for POST '/session/fad2301a7fc4be49e0db436785d30c9f/element'
04:06:48.570 [AsyncHttpClient-1-4] DEBUG org.asynchttpclient.netty.handler.HttpHandler - 

Request DefaultHttpRequest(decodeResult: success, version: HTTP/1.1)
POST /session/fad2301a7fc4be49e0db436785d30c9f/element HTTP/1.1
User-Agent: selenium/4.1.2 (java windows)
Content-Length: 55
Content-Type: application/json; charset=utf-8
host: localhost:57810
accept: */*

Response DefaultHttpResponse(decodeResult: success, version: HTTP/1.1)
HTTP/1.1 200 OK
Content-Type: application/json; charset=utf-8
cache-control: no-cache
content-length: 88

04:06:48.570 [AsyncHttpClient-1-4] DEBUG org.asynchttpclient.netty.channel.ChannelManager - Adding key: http://localhost:57810 for channel [id: 0xbbe37df2, L:/127.0.0.1:62243 - R:localhost/127.0.0.1:57810]
04:06:48.571 [Forwarding clearElement on session fad2301a7fc4be49e0db436785d30c9f to remote] DEBUG org.asynchttpclient.netty.request.NettyRequestSender - Using pooled Channel '[id: 0xbbe37df2, L:/127.0.0.1:62243 - R:localhost/127.0.0.1:57810]' for 'POST' to 'http://localhost:57810/session/fad2301a7fc4be49e0db436785d30c9f/element/3fce2ff4-0258-42a2-8191-af2602f04701/clear'
04:06:48.571 [Forwarding clearElement on session fad2301a7fc4be49e0db436785d30c9f to remote] DEBUG org.asynchttpclient.netty.request.NettyRequestSender - Using open Channel [id: 0xbbe37df2, L:/127.0.0.1:62243 - R:localhost/127.0.0.1:57810] for POST '/session/fad2301a7fc4be49e0db436785d30c9f/element/3fce2ff4-0258-42a2-8191-af2602f04701/clear'
04:06:48.601 [AsyncHttpClient-1-4] DEBUG org.asynchttpclient.netty.handler.HttpHandler - 

Request DefaultHttpRequest(decodeResult: success, version: HTTP/1.1)
POST /session/fad2301a7fc4be49e0db436785d30c9f/element/3fce2ff4-0258-42a2-8191-af2602f04701/clear HTTP/1.1
User-Agent: selenium/4.1.2 (java windows)
Content-Length: 50
Content-Type: application/json; charset=utf-8
host: localhost:57810
accept: */*

Response DefaultHttpResponse(decodeResult: success, version: HTTP/1.1)
HTTP/1.1 200 OK
Content-Type: application/json; charset=utf-8
cache-control: no-cache
content-length: 14

04:06:48.601 [AsyncHttpClient-1-4] DEBUG org.asynchttpclient.netty.channel.ChannelManager - Adding key: http://localhost:57810 for channel [id: 0xbbe37df2, L:/127.0.0.1:62243 - R:localhost/127.0.0.1:57810]
04:06:48.603 [Forwarding sendKeysToElement on session fad2301a7fc4be49e0db436785d30c9f to remote] DEBUG org.asynchttpclient.netty.request.NettyRequestSender - Using pooled Channel '[id: 0xbbe37df2, L:/127.0.0.1:62243 - R:localhost/127.0.0.1:57810]' for 'POST' to 'http://localhost:57810/session/fad2301a7fc4be49e0db436785d30c9f/element/3fce2ff4-0258-42a2-8191-af2602f04701/value'
04:06:48.603 [Forwarding sendKeysToElement on session fad2301a7fc4be49e0db436785d30c9f to remote] DEBUG org.asynchttpclient.netty.request.NettyRequestSender - Using open Channel [id: 0xbbe37df2, L:/127.0.0.1:62243 - R:localhost/127.0.0.1:57810] for POST '/session/fad2301a7fc4be49e0db436785d30c9f/element/3fce2ff4-0258-42a2-8191-af2602f04701/value'
04:06:48.639 [AsyncHttpClient-1-4] DEBUG org.asynchttpclient.netty.handler.HttpHandler - 

Request DefaultHttpRequest(decodeResult: success, version: HTTP/1.1)
POST /session/fad2301a7fc4be49e0db436785d30c9f/element/3fce2ff4-0258-42a2-8191-af2602f04701/value HTTP/1.1
User-Agent: selenium/4.1.2 (java windows)
Content-Length: 82
Content-Type: application/json; charset=utf-8
host: localhost:57810
accept: */*

Response DefaultHttpResponse(decodeResult: success, version: HTTP/1.1)
HTTP/1.1 200 OK
Content-Type: application/json; charset=utf-8
cache-control: no-cache
content-length: 14

04:06:48.639 [AsyncHttpClient-1-4] DEBUG org.asynchttpclient.netty.channel.ChannelManager - Adding key: http://localhost:57810 for channel [id: 0xbbe37df2, L:/127.0.0.1:62243 - R:localhost/127.0.0.1:57810]
  &amp#27;[32mAnd &amp#27;[0m&amp#27;[32mI input password &amp#27;[0m&amp#27;[32m&amp#27;[1m""&amp#27;[0m                       &amp#27;[90m# starter.stepdefinitions.LoginStep.iInputPassword(java.lang.String)&amp#27;[0m
04:06:48.644 [Forwarding screenshot on session fad2301a7fc4be49e0db436785d30c9f to remote] DEBUG org.asynchttpclient.netty.request.NettyRequestSender - Using pooled Channel '[id: 0xbbe37df2, L:/127.0.0.1:62243 - R:localhost/127.0.0.1:57810]' for 'GET' to 'http://localhost:57810/session/fad2301a7fc4be49e0db436785d30c9f/screenshot'
04:06:48.644 [Forwarding screenshot on session fad2301a7fc4be49e0db436785d30c9f to remote] DEBUG org.asynchttpclient.netty.request.NettyRequestSender - Using open Channel [id: 0xbbe37df2, L:/127.0.0.1:62243 - R:localhost/127.0.0.1:57810] for GET '/session/fad2301a7fc4be49e0db436785d30c9f/screenshot'
04:06:48.763 [AsyncHttpClient-1-4] DEBUG org.asynchttpclient.netty.handler.HttpHandler - 

Request DefaultFullHttpRequest(decodeResult: success, version: HTTP/1.1, content: EmptyByteBufBE)
GET /session/fad2301a7fc4be49e0db436785d30c9f/screenshot HTTP/1.1
User-Agent: selenium/4.1.2 (java windows)
Cache-Control: no-cache
Content-Type: application/json; charset=utf-8
host: localhost:57810
accept: */*

Response DefaultHttpResponse(decodeResult: success, version: HTTP/1.1)
HTTP/1.1 200 OK
Content-Type: application/json; charset=utf-8
cache-control: no-cache
content-length: 24816

04:06:48.763 [AsyncHttpClient-1-4] DEBUG org.asynchttpclient.netty.channel.ChannelManager - Adding key: http://localhost:57810 for channel [id: 0xbbe37df2, L:/127.0.0.1:62243 - R:localhost/127.0.0.1:57810]
04:06:48.765 [main] DEBUG net.serenitybdd.core.photography.Darkroom - Send negative for processing for target\site\serenity\ad4f75a72dd7e7f2922423b18527c5cdb6ab9dcc69137c7a6c176229225998eb.png
04:06:48.766 [Darkroom Processing Line] DEBUG net.serenitybdd.core.photography.DarkroomProcessingLine - Processing screenshot image in /var/screenshots/screenshot-691278620241888435
04:06:48.766 [Darkroom Processing Line] DEBUG net.serenitybdd.core.photography.DarkroomProcessingLine - Saving screenshot to target\site\serenity\ad4f75a72dd7e7f2922423b18527c5cdb6ab9dcc69137c7a6c176229225998eb.png
04:06:48.773 [Forwarding findElement on session fad2301a7fc4be49e0db436785d30c9f to remote] DEBUG org.asynchttpclient.netty.request.NettyRequestSender - Using pooled Channel '[id: 0xbbe37df2, L:/127.0.0.1:62243 - R:localhost/127.0.0.1:57810]' for 'POST' to 'http://localhost:57810/session/fad2301a7fc4be49e0db436785d30c9f/element'
04:06:48.773 [Forwarding findElement on session fad2301a7fc4be49e0db436785d30c9f to remote] DEBUG org.asynchttpclient.netty.request.NettyRequestSender - Using open Channel [id: 0xbbe37df2, L:/127.0.0.1:62243 - R:localhost/127.0.0.1:57810] for POST '/session/fad2301a7fc4be49e0db436785d30c9f/element'
04:06:48.785 [AsyncHttpClient-1-4] DEBUG org.asynchttpclient.netty.handler.HttpHandler - 

Request DefaultHttpRequest(decodeResult: success, version: HTTP/1.1)
POST /session/fad2301a7fc4be49e0db436785d30c9f/element HTTP/1.1
User-Agent: selenium/4.1.2 (java windows)
Content-Length: 143
Content-Type: application/json; charset=utf-8
host: localhost:57810
accept: */*

Response DefaultHttpResponse(decodeResult: success, version: HTTP/1.1)
HTTP/1.1 200 OK
Content-Type: application/json; charset=utf-8
cache-control: no-cache
content-length: 88

04:06:48.786 [AsyncHttpClient-1-4] DEBUG org.asynchttpclient.netty.channel.ChannelManager - Adding key: http://localhost:57810 for channel [id: 0xbbe37df2, L:/127.0.0.1:62243 - R:localhost/127.0.0.1:57810]
04:06:48.787 [Forwarding getElementTagName on session fad2301a7fc4be49e0db436785d30c9f to remote] DEBUG org.asynchttpclient.netty.request.NettyRequestSender - Using pooled Channel '[id: 0xbbe37df2, L:/127.0.0.1:62243 - R:localhost/127.0.0.1:57810]' for 'GET' to 'http://localhost:57810/session/fad2301a7fc4be49e0db436785d30c9f/element/7d3b42a2-ca66-4a29-a667-4686ff727635/name'
04:06:48.787 [Forwarding getElementTagName on session fad2301a7fc4be49e0db436785d30c9f to remote] DEBUG org.asynchttpclient.netty.request.NettyRequestSender - Using open Channel [id: 0xbbe37df2, L:/127.0.0.1:62243 - R:localhost/127.0.0.1:57810] for GET '/session/fad2301a7fc4be49e0db436785d30c9f/element/7d3b42a2-ca66-4a29-a667-4686ff727635/name'
04:06:48.791 [AsyncHttpClient-1-4] DEBUG org.asynchttpclient.netty.handler.HttpHandler - 

Request DefaultFullHttpRequest(decodeResult: success, version: HTTP/1.1, content: EmptyByteBufBE)
GET /session/fad2301a7fc4be49e0db436785d30c9f/element/7d3b42a2-ca66-4a29-a667-4686ff727635/name HTTP/1.1
User-Agent: selenium/4.1.2 (java windows)
Cache-Control: no-cache
Content-Type: application/json; charset=utf-8
host: localhost:57810
accept: */*

Response DefaultHttpResponse(decodeResult: success, version: HTTP/1.1)
HTTP/1.1 200 OK
Content-Type: application/json; charset=utf-8
cache-control: no-cache
content-length: 18

04:06:48.791 [AsyncHttpClient-1-4] DEBUG org.asynchttpclient.netty.channel.ChannelManager - Adding key: http://localhost:57810 for channel [id: 0xbbe37df2, L:/127.0.0.1:62243 - R:localhost/127.0.0.1:57810]
04:06:48.793 [Forwarding getElementTagName on session fad2301a7fc4be49e0db436785d30c9f to remote] DEBUG org.asynchttpclient.netty.request.NettyRequestSender - Using pooled Channel '[id: 0xbbe37df2, L:/127.0.0.1:62243 - R:localhost/127.0.0.1:57810]' for 'GET' to 'http://localhost:57810/session/fad2301a7fc4be49e0db436785d30c9f/element/7d3b42a2-ca66-4a29-a667-4686ff727635/name'
04:06:48.793 [Forwarding getElementTagName on session fad2301a7fc4be49e0db436785d30c9f to remote] DEBUG org.asynchttpclient.netty.request.NettyRequestSender - Using open Channel [id: 0xbbe37df2, L:/127.0.0.1:62243 - R:localhost/127.0.0.1:57810] for GET '/session/fad2301a7fc4be49e0db436785d30c9f/element/7d3b42a2-ca66-4a29-a667-4686ff727635/name'
04:06:48.795 [AsyncHttpClient-1-4] DEBUG org.asynchttpclient.netty.handler.HttpHandler - 

Request DefaultFullHttpRequest(decodeResult: success, version: HTTP/1.1, content: EmptyByteBufBE)
GET /session/fad2301a7fc4be49e0db436785d30c9f/element/7d3b42a2-ca66-4a29-a667-4686ff727635/name HTTP/1.1
User-Agent: selenium/4.1.2 (java windows)
Cache-Control: no-cache
Content-Type: application/json; charset=utf-8
host: localhost:57810
accept: */*

Response DefaultHttpResponse(decodeResult: success, version: HTTP/1.1)
HTTP/1.1 200 OK
Content-Type: application/json; charset=utf-8
cache-control: no-cache
content-length: 18

04:06:48.795 [AsyncHttpClient-1-4] DEBUG org.asynchttpclient.netty.channel.ChannelManager - Adding key: http://localhost:57810 for channel [id: 0xbbe37df2, L:/127.0.0.1:62243 - R:localhost/127.0.0.1:57810]
04:06:48.797 [Forwarding isElementEnabled on session fad2301a7fc4be49e0db436785d30c9f to remote] DEBUG org.asynchttpclient.netty.request.NettyRequestSender - Using pooled Channel '[id: 0xbbe37df2, L:/127.0.0.1:62243 - R:localhost/127.0.0.1:57810]' for 'GET' to 'http://localhost:57810/session/fad2301a7fc4be49e0db436785d30c9f/element/7d3b42a2-ca66-4a29-a667-4686ff727635/enabled'
04:06:48.797 [Forwarding isElementEnabled on session fad2301a7fc4be49e0db436785d30c9f to remote] DEBUG org.asynchttpclient.netty.request.NettyRequestSender - Using open Channel [id: 0xbbe37df2, L:/127.0.0.1:62243 - R:localhost/127.0.0.1:57810] for GET '/session/fad2301a7fc4be49e0db436785d30c9f/element/7d3b42a2-ca66-4a29-a667-4686ff727635/enabled'
04:06:48.808 [AsyncHttpClient-1-4] DEBUG org.asynchttpclient.netty.handler.HttpHandler - 

Request DefaultFullHttpRequest(decodeResult: success, version: HTTP/1.1, content: EmptyByteBufBE)
GET /session/fad2301a7fc4be49e0db436785d30c9f/element/7d3b42a2-ca66-4a29-a667-4686ff727635/enabled HTTP/1.1
User-Agent: selenium/4.1.2 (java windows)
Cache-Control: no-cache
Content-Type: application/json; charset=utf-8
host: localhost:57810
accept: */*

Response DefaultHttpResponse(decodeResult: success, version: HTTP/1.1)
HTTP/1.1 200 OK
Content-Type: application/json; charset=utf-8
cache-control: no-cache
content-length: 14

04:06:48.808 [AsyncHttpClient-1-4] DEBUG org.asynchttpclient.netty.channel.ChannelManager - Adding key: http://localhost:57810 for channel [id: 0xbbe37df2, L:/127.0.0.1:62243 - R:localhost/127.0.0.1:57810]
04:06:48.809 [Forwarding isElementEnabled on session fad2301a7fc4be49e0db436785d30c9f to remote] DEBUG org.asynchttpclient.netty.request.NettyRequestSender - Using pooled Channel '[id: 0xbbe37df2, L:/127.0.0.1:62243 - R:localhost/127.0.0.1:57810]' for 'GET' to 'http://localhost:57810/session/fad2301a7fc4be49e0db436785d30c9f/element/7d3b42a2-ca66-4a29-a667-4686ff727635/enabled'
04:06:48.809 [Forwarding isElementEnabled on session fad2301a7fc4be49e0db436785d30c9f to remote] DEBUG org.asynchttpclient.netty.request.NettyRequestSender - Using open Channel [id: 0xbbe37df2, L:/127.0.0.1:62243 - R:localhost/127.0.0.1:57810] for GET '/session/fad2301a7fc4be49e0db436785d30c9f/element/7d3b42a2-ca66-4a29-a667-4686ff727635/enabled'
04:06:48.815 [AsyncHttpClient-1-4] DEBUG org.asynchttpclient.netty.handler.HttpHandler - 

Request DefaultFullHttpRequest(decodeResult: success, version: HTTP/1.1, content: EmptyByteBufBE)
GET /session/fad2301a7fc4be49e0db436785d30c9f/element/7d3b42a2-ca66-4a29-a667-4686ff727635/enabled HTTP/1.1
User-Agent: selenium/4.1.2 (java windows)
Cache-Control: no-cache
Content-Type: application/json; charset=utf-8
host: localhost:57810
accept: */*

Response DefaultHttpResponse(decodeResult: success, version: HTTP/1.1)
HTTP/1.1 200 OK
Content-Type: application/json; charset=utf-8
cache-control: no-cache
content-length: 14

04:06:48.816 [AsyncHttpClient-1-4] DEBUG org.asynchttpclient.netty.channel.ChannelManager - Adding key: http://localhost:57810 for channel [id: 0xbbe37df2, L:/127.0.0.1:62243 - R:localhost/127.0.0.1:57810]
04:06:48.819 [Forwarding findElement on session fad2301a7fc4be49e0db436785d30c9f to remote] DEBUG org.asynchttpclient.netty.request.NettyRequestSender - Using pooled Channel '[id: 0xbbe37df2, L:/127.0.0.1:62243 - R:localhost/127.0.0.1:57810]' for 'POST' to 'http://localhost:57810/session/fad2301a7fc4be49e0db436785d30c9f/element'
04:06:48.819 [Forwarding findElement on session fad2301a7fc4be49e0db436785d30c9f to remote] DEBUG org.asynchttpclient.netty.request.NettyRequestSender - Using open Channel [id: 0xbbe37df2, L:/127.0.0.1:62243 - R:localhost/127.0.0.1:57810] for POST '/session/fad2301a7fc4be49e0db436785d30c9f/element'
04:06:48.827 [AsyncHttpClient-1-4] DEBUG org.asynchttpclient.netty.handler.HttpHandler - 

Request DefaultHttpRequest(decodeResult: success, version: HTTP/1.1)
POST /session/fad2301a7fc4be49e0db436785d30c9f/element HTTP/1.1
User-Agent: selenium/4.1.2 (java windows)
Content-Length: 143
Content-Type: application/json; charset=utf-8
host: localhost:57810
accept: */*

Response DefaultHttpResponse(decodeResult: success, version: HTTP/1.1)
HTTP/1.1 200 OK
Content-Type: application/json; charset=utf-8
cache-control: no-cache
content-length: 88

04:06:48.827 [AsyncHttpClient-1-4] DEBUG org.asynchttpclient.netty.channel.ChannelManager - Adding key: http://localhost:57810 for channel [id: 0xbbe37df2, L:/127.0.0.1:62243 - R:localhost/127.0.0.1:57810]
04:06:48.829 [Forwarding clickElement on session fad2301a7fc4be49e0db436785d30c9f to remote] DEBUG org.asynchttpclient.netty.request.NettyRequestSender - Using pooled Channel '[id: 0xbbe37df2, L:/127.0.0.1:62243 - R:localhost/127.0.0.1:57810]' for 'POST' to 'http://localhost:57810/session/fad2301a7fc4be49e0db436785d30c9f/element/7d3b42a2-ca66-4a29-a667-4686ff727635/click'
04:06:48.829 [Forwarding clickElement on session fad2301a7fc4be49e0db436785d30c9f to remote] DEBUG org.asynchttpclient.netty.request.NettyRequestSender - Using open Channel [id: 0xbbe37df2, L:/127.0.0.1:62243 - R:localhost/127.0.0.1:57810] for POST '/session/fad2301a7fc4be49e0db436785d30c9f/element/7d3b42a2-ca66-4a29-a667-4686ff727635/click'
04:06:48.876 [AsyncHttpClient-1-4] DEBUG org.asynchttpclient.netty.handler.HttpHandler - 

Request DefaultHttpRequest(decodeResult: success, version: HTTP/1.1)
POST /session/fad2301a7fc4be49e0db436785d30c9f/element/7d3b42a2-ca66-4a29-a667-4686ff727635/click HTTP/1.1
User-Agent: selenium/4.1.2 (java windows)
Content-Length: 50
Content-Type: application/json; charset=utf-8
host: localhost:57810
accept: */*

Response DefaultHttpResponse(decodeResult: success, version: HTTP/1.1)
HTTP/1.1 200 OK
Content-Type: application/json; charset=utf-8
cache-control: no-cache
content-length: 14

04:06:48.876 [AsyncHttpClient-1-4] DEBUG org.asynchttpclient.netty.channel.ChannelManager - Adding key: http://localhost:57810 for channel [id: 0xbbe37df2, L:/127.0.0.1:62243 - R:localhost/127.0.0.1:57810]
  &amp#27;[32mAnd &amp#27;[0m&amp#27;[32mI click login button&amp#27;[0m                      &amp#27;[90m# starter.stepdefinitions.LoginStep.iClickLoginButton()&amp#27;[0m
04:06:48.881 [Forwarding screenshot on session fad2301a7fc4be49e0db436785d30c9f to remote] DEBUG org.asynchttpclient.netty.request.NettyRequestSender - Using pooled Channel '[id: 0xbbe37df2, L:/127.0.0.1:62243 - R:localhost/127.0.0.1:57810]' for 'GET' to 'http://localhost:57810/session/fad2301a7fc4be49e0db436785d30c9f/screenshot'
04:06:48.881 [Forwarding screenshot on session fad2301a7fc4be49e0db436785d30c9f to remote] DEBUG org.asynchttpclient.netty.request.NettyRequestSender - Using open Channel [id: 0xbbe37df2, L:/127.0.0.1:62243 - R:localhost/127.0.0.1:57810] for GET '/session/fad2301a7fc4be49e0db436785d30c9f/screenshot'
04:06:49.013 [AsyncHttpClient-1-4] DEBUG org.asynchttpclient.netty.handler.HttpHandler - 

Request DefaultFullHttpRequest(decodeResult: success, version: HTTP/1.1, content: EmptyByteBufBE)
GET /session/fad2301a7fc4be49e0db436785d30c9f/screenshot HTTP/1.1
User-Agent: selenium/4.1.2 (java windows)
Cache-Control: no-cache
Content-Type: application/json; charset=utf-8
host: localhost:57810
accept: */*

Response DefaultHttpResponse(decodeResult: success, version: HTTP/1.1)
HTTP/1.1 200 OK
Content-Type: application/json; charset=utf-8
cache-control: no-cache
content-length: 24980

04:06:49.014 [AsyncHttpClient-1-4] DEBUG org.asynchttpclient.netty.channel.ChannelManager - Adding key: http://localhost:57810 for channel [id: 0xbbe37df2, L:/127.0.0.1:62243 - R:localhost/127.0.0.1:57810]
04:06:49.015 [main] DEBUG net.serenitybdd.core.photography.Darkroom - Send negative for processing for target\site\serenity\de71098b916e8b6d4578c1761f8d39f9613db2a3305a135814c170b5ef041622.png
04:06:49.016 [Darkroom Processing Line] DEBUG net.serenitybdd.core.photography.DarkroomProcessingLine - Processing screenshot image in /var/screenshots/screenshot-474095153404917800
04:06:49.016 [Darkroom Processing Line] DEBUG net.serenitybdd.core.photography.DarkroomProcessingLine - Saving screenshot to target\site\serenity\de71098b916e8b6d4578c1761f8d39f9613db2a3305a135814c170b5ef041622.png
04:06:49.042 [Forwarding findElement on session fad2301a7fc4be49e0db436785d30c9f to remote] DEBUG org.asynchttpclient.netty.request.NettyRequestSender - Using pooled Channel '[id: 0xbbe37df2, L:/127.0.0.1:62243 - R:localhost/127.0.0.1:57810]' for 'POST' to 'http://localhost:57810/session/fad2301a7fc4be49e0db436785d30c9f/element'
04:06:49.042 [Forwarding findElement on session fad2301a7fc4be49e0db436785d30c9f to remote] DEBUG org.asynchttpclient.netty.request.NettyRequestSender - Using open Channel [id: 0xbbe37df2, L:/127.0.0.1:62243 - R:localhost/127.0.0.1:57810] for POST '/session/fad2301a7fc4be49e0db436785d30c9f/element'
04:06:49.220 [AsyncHttpClient-1-1] DEBUG org.asynchttpclient.netty.channel.DefaultChannelPool - Entry count for : http://localhost:62245 : 1
04:06:50.263 [AsyncHttpClient-1-4] DEBUG org.asynchttpclient.netty.handler.HttpHandler - 

Request DefaultHttpRequest(decodeResult: success, version: HTTP/1.1)
POST /session/fad2301a7fc4be49e0db436785d30c9f/element HTTP/1.1
User-Agent: selenium/4.1.2 (java windows)
Content-Length: 69
Content-Type: application/json; charset=utf-8
host: localhost:57810
accept: */*

Response DefaultHttpResponse(decodeResult: success, version: HTTP/1.1)
HTTP/1.1 200 OK
Content-Type: application/json; charset=utf-8
cache-control: no-cache
content-length: 88

04:06:50.263 [AsyncHttpClient-1-4] DEBUG org.asynchttpclient.netty.channel.ChannelManager - Adding key: http://localhost:57810 for channel [id: 0xbbe37df2, L:/127.0.0.1:62243 - R:localhost/127.0.0.1:57810]
04:06:50.270 [Forwarding isElementDisplayed on session fad2301a7fc4be49e0db436785d30c9f to remote] DEBUG org.asynchttpclient.netty.request.NettyRequestSender - Using pooled Channel '[id: 0xbbe37df2, L:/127.0.0.1:62243 - R:localhost/127.0.0.1:57810]' for 'POST' to 'http://localhost:57810/session/fad2301a7fc4be49e0db436785d30c9f/execute/sync'
04:06:50.270 [Forwarding isElementDisplayed on session fad2301a7fc4be49e0db436785d30c9f to remote] DEBUG org.asynchttpclient.netty.request.NettyRequestSender - Using open Channel [id: 0xbbe37df2, L:/127.0.0.1:62243 - R:localhost/127.0.0.1:57810] for POST '/session/fad2301a7fc4be49e0db436785d30c9f/execute/sync'
04:06:50.285 [AsyncHttpClient-1-4] DEBUG org.asynchttpclient.netty.handler.HttpHandler - 

Request DefaultHttpRequest(decodeResult: success, version: HTTP/1.1)
POST /session/fad2301a7fc4be49e0db436785d30c9f/execute/sync HTTP/1.1
User-Agent: selenium/4.1.2 (java windows)
Content-Length: 48780
Content-Type: application/json; charset=utf-8
host: localhost:57810
accept: */*

Response DefaultHttpResponse(decodeResult: success, version: HTTP/1.1)
HTTP/1.1 200 OK
Content-Type: application/json; charset=utf-8
cache-control: no-cache
content-length: 14

04:06:50.285 [AsyncHttpClient-1-4] DEBUG org.asynchttpclient.netty.channel.ChannelManager - Adding key: http://localhost:57810 for channel [id: 0xbbe37df2, L:/127.0.0.1:62243 - R:localhost/127.0.0.1:57810]
  &amp#27;[32mThen &amp#27;[0m&amp#27;[32mI will get the result &amp#27;[0m&amp#27;[32m&amp#27;[1m"failed"&amp#27;[0m           &amp#27;[90m# starter.stepdefinitions.LoginStep.iWillGetTheResult(java.lang.String)&amp#27;[0m
04:06:50.291 [Forwarding screenshot on session fad2301a7fc4be49e0db436785d30c9f to remote] DEBUG org.asynchttpclient.netty.request.NettyRequestSender - Using pooled Channel '[id: 0xbbe37df2, L:/127.0.0.1:62243 - R:localhost/127.0.0.1:57810]' for 'GET' to 'http://localhost:57810/session/fad2301a7fc4be49e0db436785d30c9f/screenshot'
04:06:50.291 [Forwarding screenshot on session fad2301a7fc4be49e0db436785d30c9f to remote] DEBUG org.asynchttpclient.netty.request.NettyRequestSender - Using open Channel [id: 0xbbe37df2, L:/127.0.0.1:62243 - R:localhost/127.0.0.1:57810] for GET '/session/fad2301a7fc4be49e0db436785d30c9f/screenshot'
04:06:50.328 [AsyncHttpClient-1-1] DEBUG org.asynchttpclient.netty.channel.DefaultChannelPool - Entry count for : http://localhost:62245 : 1
04:06:50.400 [AsyncHttpClient-1-4] DEBUG org.asynchttpclient.netty.handler.HttpHandler - 

Request DefaultFullHttpRequest(decodeResult: success, version: HTTP/1.1, content: EmptyByteBufBE)
GET /session/fad2301a7fc4be49e0db436785d30c9f/screenshot HTTP/1.1
User-Agent: selenium/4.1.2 (java windows)
Cache-Control: no-cache
Content-Type: application/json; charset=utf-8
host: localhost:57810
accept: */*

Response DefaultHttpResponse(decodeResult: success, version: HTTP/1.1)
HTTP/1.1 200 OK
Content-Type: application/json; charset=utf-8
cache-control: no-cache
content-length: 29232

04:06:50.401 [AsyncHttpClient-1-4] DEBUG org.asynchttpclient.netty.channel.ChannelManager - Adding key: http://localhost:57810 for channel [id: 0xbbe37df2, L:/127.0.0.1:62243 - R:localhost/127.0.0.1:57810]
04:06:50.404 [main] DEBUG net.serenitybdd.core.photography.Darkroom - Send negative for processing for target\site\serenity\1332a305c0ab30899c3d10f2d3445efc2f52b0ec7589a1d74edb6546317aa971.png
04:06:50.404 [Darkroom Processing Line] DEBUG net.serenitybdd.core.photography.DarkroomProcessingLine - Processing screenshot image in /var/screenshots/screenshot-14501944508438101455
04:06:50.404 [Darkroom Processing Line] DEBUG net.serenitybdd.core.photography.DarkroomProcessingLine - Saving screenshot to target\site\serenity\1332a305c0ab30899c3d10f2d3445efc2f52b0ec7589a1d74edb6546317aa971.png
04:06:50.411 [AsyncHttpClient-1-6] DEBUG org.asynchttpclient.netty.handler.WebSocketHandler - Channel Closed: [id: 0x93256212, L:/127.0.0.1:62255 ! R:localhost/127.0.0.1:62245] with attribute NettyResponseFuture{currentRetry=5,
	isDone=1,
	isCancelled=0,
	asyncHandler=org.asynchttpclient.ws.WebSocketUpgradeHandler@4fb15ea0,
	nettyRequest=org.asynchttpclient.netty.request.NettyRequest@1607cf33,
	future=java.util.concurrent.CompletableFuture@37b6221c[Completed normally],
	uri=ws://localhost:62245/devtools/browser/c0711a84-9cd2-4dbd-82b5-6071054de6cc,
	keepAlive=true,
	redirectCount=0,
	timeoutsHolder=null,
	inAuth=0,
	touch=1666732007546}
04:06:50.411 [AsyncHttpClient-1-6] DEBUG org.asynchttpclient.netty.channel.ChannelManager - Closing Channel [id: 0x93256212, L:/127.0.0.1:62255 ! R:localhost/127.0.0.1:62245] 
04:06:50.411 [Driver Command Executor] DEBUG org.asynchttpclient.netty.request.NettyRequestSender - Using pooled Channel '[id: 0xbbe37df2, L:/127.0.0.1:62243 - R:localhost/127.0.0.1:57810]' for 'DELETE' to 'http://localhost:57810/session/fad2301a7fc4be49e0db436785d30c9f'
04:06:50.411 [Driver Command Executor] DEBUG org.asynchttpclient.netty.request.NettyRequestSender - Using open Channel [id: 0xbbe37df2, L:/127.0.0.1:62243 - R:localhost/127.0.0.1:57810] for DELETE '/session/fad2301a7fc4be49e0db436785d30c9f'
04:06:50.460 [AsyncHttpClient-1-5] DEBUG org.asynchttpclient.netty.handler.HttpHandler - Unexpected I/O exception on channel [id: 0x297f6031, L:/127.0.0.1:62254 - R:localhost/127.0.0.1:62245]
java.net.SocketException: Connection reset
	at java.base/sun.nio.ch.SocketChannelImpl.throwConnectionReset(SocketChannelImpl.java:345)
	at java.base/sun.nio.ch.SocketChannelImpl.read(SocketChannelImpl.java:376)
	at io.netty.buffer.PooledByteBuf.setBytes(PooledByteBuf.java:258)
	at io.netty.buffer.AbstractByteBuf.writeBytes(AbstractByteBuf.java:1132)
	at io.netty.channel.socket.nio.NioSocketChannel.doReadBytes(NioSocketChannel.java:350)
	at io.netty.channel.nio.AbstractNioByteChannel$NioByteUnsafe.read(AbstractNioByteChannel.java:151)
	at io.netty.channel.nio.NioEventLoop.processSelectedKey(NioEventLoop.java:722)
	at io.netty.channel.nio.NioEventLoop.processSelectedKeysOptimized(NioEventLoop.java:658)
	at io.netty.channel.nio.NioEventLoop.processSelectedKeys(NioEventLoop.java:584)
	at io.netty.channel.nio.NioEventLoop.run(NioEventLoop.java:496)
	at io.netty.util.concurrent.SingleThreadEventExecutor$4.run(SingleThreadEventExecutor.java:986)
	at io.netty.util.internal.ThreadExecutorMap$2.run(ThreadExecutorMap.java:74)
	at io.netty.util.concurrent.FastThreadLocalRunnable.run(FastThreadLocalRunnable.java:30)
	at java.base/java.lang.Thread.run(Thread.java:830)
04:06:50.461 [AsyncHttpClient-1-5] DEBUG org.asynchttpclient.netty.channel.ChannelManager - Closing Channel [id: 0x297f6031, L:/127.0.0.1:62254 - R:localhost/127.0.0.1:62245] 
04:06:50.461 [AsyncHttpClient-1-5] DEBUG org.asynchttpclient.netty.handler.HttpHandler - Channel Closed: [id: 0x297f6031, L:/127.0.0.1:62254 ! R:localhost/127.0.0.1:62245] with attribute DISCARD
04:06:50.477 [AsyncHttpClient-1-4] DEBUG org.asynchttpclient.netty.handler.HttpHandler - 

Request DefaultFullHttpRequest(decodeResult: success, version: HTTP/1.1, content: EmptyByteBufBE)
DELETE /session/fad2301a7fc4be49e0db436785d30c9f HTTP/1.1
User-Agent: selenium/4.1.2 (java windows)
Content-Type: application/json; charset=utf-8
host: localhost:57810
accept: */*

Response DefaultHttpResponse(decodeResult: success, version: HTTP/1.1)
HTTP/1.1 200 OK
Content-Type: application/json; charset=utf-8
cache-control: no-cache
content-length: 14

04:06:50.477 [AsyncHttpClient-1-4] DEBUG org.asynchttpclient.netty.channel.ChannelManager - Adding key: http://localhost:57810 for channel [id: 0xbbe37df2, L:/127.0.0.1:62243 - R:localhost/127.0.0.1:57810]
04:06:50.530 [AsyncHttpClient-1-4] DEBUG org.asynchttpclient.netty.handler.HttpHandler - Channel Closed: [id: 0xbbe37df2, L:/127.0.0.1:62243 ! R:localhost/127.0.0.1:57810] with attribute DISCARD
]]></system-out>
    <system-err><![CDATA[Starting ChromeDriver 105.0.5195.52 (412c95e518836d8a7d97250d62b29c2ae6a26a85-refs/branch-heads/5195@{#853}) on port 57810
Only local connections are allowed.
Please see https://chromedriver.chromium.org/security-considerations for suggestions on keeping ChromeDriver safe.
ChromeDriver was started successfully.
[1666732007.516][WARNING]: This version of ChromeDriver has not been tested with Chrome version 106.
Okt 26, 2022 4:06:47 AM org.openqa.selenium.remote.ProtocolHandshake createSession
INFO: Detected dialect: W3C
Okt 26, 2022 4:06:47 AM org.openqa.selenium.devtools.CdpVersionFinder findNearestMatch
WARNING: Unable to find an exact match for CDP version 106, so returning the closest version found: a no-op implementation
Okt 26, 2022 4:06:47 AM org.openqa.selenium.devtools.CdpVersionFinder findNearestMatch
INFO: Unable to find CDP implementation matching 106.
Okt 26, 2022 4:06:47 AM org.openqa.selenium.chromium.ChromiumDriver lambda$new$3
WARNING: Unable to find version of CDP to use for . You may need to include a dependency on a specific version of the CDP using something similar to `org.seleniumhq.selenium:selenium-devtools-v86:4.1.2` where the version ("v86") matches the version of the chromium-based browser you're using and the version number of the artifact is the same as Selenium's.
]]></system-err>
  </testcase>
  <testcase name="Order product" classname="Order" time="6.552">
    <system-out><![CDATA[04:06:51.059 [main] INFO io.cucumber.core.plugin.SerenityReporter - Running feature from file:///C:/Users/alwi/IdeaProjects/AltaShop/src/test/resources/features/Order.feature
04:06:51.061 [main] DEBUG net.thucydides.core.steps.StepEventBus - Test suite started for story net.thucydides.core.model.Story@cc4b76a8
04:06:51.062 [main] INFO  - Test Suite Started: Order

Scenario: Order product             &amp#27;[90m# src/test/resources/features/Order.feature:6&amp#27;[0m
04:06:51.071 [main] INFO io.cucumber.core.plugin.SerenityReporter - Running feature from file:///C:/Users/alwi/IdeaProjects/AltaShop/src/test/resources/features/Order.feature
04:06:51.074 [main] INFO  - 
  _____   ___   ___   _____     ___   _____     _     ___   _____   ___   ___  
 |_   _| | __| / __| |_   _|   / __| |_   _|   /_\   | _ \ |_   _| | __| |   \ 
   | |   | _|  \__ \   | |     \__ \   | |    / _ \  |   /   | |   | _|  | |) |
   |_|   |___| |___/   |_|     |___/   |_|   /_/ \_\ |_|_\   |_|   |___| |___/ 

Order product(order;order-product)
--------------------------------------------------------------------------------
04:06:51.088 [main] INFO net.serenitybdd.core.webdriver.driverproviders.ChromeDriverProvider - Using automatically driver download
04:06:51.189 [main] DEBUG io.github.bonigarcia.wdm.cache.ResolutionCache - Resolution chrome=106 in cache (valid until 04:10:38 26/10/2022 WIB)
04:06:51.192 [main] DEBUG io.github.bonigarcia.wdm.cache.ResolutionCache - Resolution chrome106=106.0.5249.61 in cache (valid until 22:47:25 26/10/2022 WIB)
04:06:51.194 [main] INFO io.github.bonigarcia.wdm.WebDriverManager - Using chromedriver 106.0.5249.61 (resolved driver for Chrome 106)
04:06:51.203 [main] DEBUG io.github.bonigarcia.wdm.WebDriverManager - Driver chromedriver 106.0.5249.61 found in cache
04:06:51.204 [main] INFO io.github.bonigarcia.wdm.WebDriverManager - Exporting webdriver.chrome.driver as C:\Users\alwi\.cache\selenium\chromedriver\win32\106.0.5249.61\chromedriver.exe
04:06:51.306 [main] DEBUG net.serenitybdd.core.webdriver.driverproviders.ProvideNewDriver - Instantiating driver
04:06:51.306 [main] DEBUG net.serenitybdd.core.webdriver.driverproviders.ProvideNewDriver - Driver capabilities: Capabilities {acceptInsecureCerts: false, base.url: https://alta-shop.vercel.app, browserName: chrome, chrome.driver: src/test/resources/webdrive..., driver: chrome, goog:chromeOptions: {args: [], extensions: []}}
04:06:51.421 [AsyncHttpClient-1-1] DEBUG org.asynchttpclient.netty.channel.DefaultChannelPool - Entry count for : http://localhost:62245 : 1
04:06:51.421 [AsyncHttpClient-1-1] DEBUG org.asynchttpclient.netty.channel.DefaultChannelPool - Entry count for : http://localhost:57810 : 1
04:06:51.421 [AsyncHttpClient-1-1] DEBUG org.asynchttpclient.netty.channel.DefaultChannelPool - Adding Candidate expired Channel [id: 0x297f6031, L:/127.0.0.1:62254 ! R:localhost/127.0.0.1:62245] isIdleTimeoutExpired=false isRemotelyClosed=true isTtlExpired=false
04:06:51.421 [AsyncHttpClient-1-1] DEBUG org.asynchttpclient.netty.channel.DefaultChannelPool - Closing Idle Channel [id: 0x297f6031, L:/127.0.0.1:62254 ! R:localhost/127.0.0.1:62245]
04:06:51.421 [AsyncHttpClient-1-1] DEBUG org.asynchttpclient.netty.channel.DefaultChannelPool - Adding Candidate expired Channel [id: 0xbbe37df2, L:/127.0.0.1:62243 ! R:localhost/127.0.0.1:57810] isIdleTimeoutExpired=false isRemotelyClosed=true isTtlExpired=false
04:06:51.421 [AsyncHttpClient-1-1] DEBUG org.asynchttpclient.netty.channel.DefaultChannelPool - Closing Idle Channel [id: 0xbbe37df2, L:/127.0.0.1:62243 ! R:localhost/127.0.0.1:57810]
04:06:51.421 [AsyncHttpClient-1-1] DEBUG org.asynchttpclient.netty.channel.DefaultChannelPool - Closed 2 connections out of 2 in 0 ms
04:06:51.857 [AsyncHttpClient-1-7] DEBUG org.asynchttpclient.netty.channel.NettyConnectListener - Using new Channel '[id: 0x5168dfe6, L:/127.0.0.1:62273 - R:localhost/127.0.0.1:59554]' for 'POST' to '/session'
04:06:52.675 [AsyncHttpClient-1-7] DEBUG org.asynchttpclient.netty.handler.HttpHandler - 

Request DefaultHttpRequest(decodeResult: success, version: HTTP/1.1)
POST /session HTTP/1.1
User-Agent: selenium/4.1.2 (java windows)
Content-Length: 609
Content-Type: application/json; charset=utf-8
host: localhost:59554
accept: */*

Response DefaultHttpResponse(decodeResult: success, version: HTTP/1.1)
HTTP/1.1 200 OK
Content-Type: application/json; charset=utf-8
cache-control: no-cache
content-length: 790

04:06:52.675 [AsyncHttpClient-1-7] DEBUG org.asynchttpclient.netty.channel.ChannelManager - Adding key: http://localhost:59554 for channel [id: 0x5168dfe6, L:/127.0.0.1:62273 - R:localhost/127.0.0.1:59554]
04:06:52.681 [AsyncHttpClient-1-8] DEBUG org.asynchttpclient.netty.channel.NettyConnectListener - Using new Channel '[id: 0x5fd10374, L:/127.0.0.1:62280 - R:localhost/127.0.0.1:62274]' for 'GET' to '/json/version'
04:06:52.681 [AsyncHttpClient-1-8] DEBUG org.asynchttpclient.netty.handler.HttpHandler - 

Request DefaultFullHttpRequest(decodeResult: success, version: HTTP/1.1, content: EmptyByteBufBE)
GET /json/version HTTP/1.1
User-Agent: selenium/4.1.2 (java windows)
host: localhost:62274
accept: */*

Response DefaultHttpResponse(decodeResult: success, version: HTTP/1.1)
HTTP/1.1 200 OK
Content-Type: application/json; charset=UTF-8
content-length: 424

04:06:52.681 [AsyncHttpClient-1-8] DEBUG org.asynchttpclient.netty.channel.ChannelManager - Adding key: http://localhost:62274 for channel [id: 0x5fd10374, L:/127.0.0.1:62280 - R:localhost/127.0.0.1:62274]
04:06:52.684 [AsyncHttpClient-1-9] DEBUG org.asynchttpclient.netty.channel.NettyConnectListener - Using new Channel '[id: 0xd6bc1387, L:/127.0.0.1:62281 - R:localhost/127.0.0.1:62274]' for 'GET' to '/devtools/browser/53d2cf1a-3662-41cd-8a8b-62f82a32c799'
04:06:52.684 [AsyncHttpClient-1-9] DEBUG org.asynchttpclient.netty.handler.WebSocketHandler - 

Request DefaultFullHttpRequest(decodeResult: success, version: HTTP/1.1, content: EmptyByteBufBE)
GET /devtools/browser/53d2cf1a-3662-41cd-8a8b-62f82a32c799 HTTP/1.1
upgrade: websocket
connection: upgrade
sec-websocket-key: e0AiudZFDVvjI8rFWdzhWA==
sec-websocket-version: 13
origin: http://localhost:62274
host: localhost:62274
accept: */*
user-agent: AHC/2.1

Response DefaultHttpResponse(decodeResult: success, version: HTTP/1.1)
HTTP/1.1 101 WebSocket Protocol Handshake
Upgrade: WebSocket
Connection: Upgrade
Sec-WebSocket-Accept: Ljs7+41F6Q6XEI8tOQ3e5cGbn3M=

04:06:52.688 [Forwarding get on session cba256303081debc4427f04784e087f9 to remote] DEBUG org.asynchttpclient.netty.request.NettyRequestSender - Using pooled Channel '[id: 0x5168dfe6, L:/127.0.0.1:62273 - R:localhost/127.0.0.1:59554]' for 'POST' to 'http://localhost:59554/session/cba256303081debc4427f04784e087f9/url'
04:06:52.688 [Forwarding get on session cba256303081debc4427f04784e087f9 to remote] DEBUG org.asynchttpclient.netty.request.NettyRequestSender - Using open Channel [id: 0x5168dfe6, L:/127.0.0.1:62273 - R:localhost/127.0.0.1:59554] for POST '/session/cba256303081debc4427f04784e087f9/url'
04:06:53.370 [AsyncHttpClient-1-7] DEBUG org.asynchttpclient.netty.handler.HttpHandler - 

Request DefaultHttpRequest(decodeResult: success, version: HTTP/1.1)
POST /session/cba256303081debc4427f04784e087f9/url HTTP/1.1
User-Agent: selenium/4.1.2 (java windows)
Content-Length: 59
Content-Type: application/json; charset=utf-8
host: localhost:59554
accept: */*

Response DefaultHttpResponse(decodeResult: success, version: HTTP/1.1)
HTTP/1.1 200 OK
Content-Type: application/json; charset=utf-8
cache-control: no-cache
content-length: 14

04:06:53.370 [AsyncHttpClient-1-7] DEBUG org.asynchttpclient.netty.channel.ChannelManager - Adding key: http://localhost:59554 for channel [id: 0x5168dfe6, L:/127.0.0.1:62273 - R:localhost/127.0.0.1:59554]
04:06:53.373 [Forwarding setTimeout on session cba256303081debc4427f04784e087f9 to remote] DEBUG org.asynchttpclient.netty.request.NettyRequestSender - Using pooled Channel '[id: 0x5168dfe6, L:/127.0.0.1:62273 - R:localhost/127.0.0.1:59554]' for 'POST' to 'http://localhost:59554/session/cba256303081debc4427f04784e087f9/timeouts'
04:06:53.373 [Forwarding setTimeout on session cba256303081debc4427f04784e087f9 to remote] DEBUG org.asynchttpclient.netty.request.NettyRequestSender - Using open Channel [id: 0x5168dfe6, L:/127.0.0.1:62273 - R:localhost/127.0.0.1:59554] for POST '/session/cba256303081debc4427f04784e087f9/timeouts'
04:06:53.380 [AsyncHttpClient-1-7] DEBUG org.asynchttpclient.netty.handler.HttpHandler - 

Request DefaultHttpRequest(decodeResult: success, version: HTTP/1.1)
POST /session/cba256303081debc4427f04784e087f9/timeouts HTTP/1.1
User-Agent: selenium/4.1.2 (java windows)
Content-Length: 22
Content-Type: application/json; charset=utf-8
host: localhost:59554
accept: */*

Response DefaultHttpResponse(decodeResult: success, version: HTTP/1.1)
HTTP/1.1 200 OK
Content-Type: application/json; charset=utf-8
cache-control: no-cache
content-length: 14

04:06:53.381 [AsyncHttpClient-1-7] DEBUG org.asynchttpclient.netty.channel.ChannelManager - Adding key: http://localhost:59554 for channel [id: 0x5168dfe6, L:/127.0.0.1:62273 - R:localhost/127.0.0.1:59554]
04:06:53.385 [Forwarding getCurrentUrl on session cba256303081debc4427f04784e087f9 to remote] DEBUG org.asynchttpclient.netty.request.NettyRequestSender - Using pooled Channel '[id: 0x5168dfe6, L:/127.0.0.1:62273 - R:localhost/127.0.0.1:59554]' for 'GET' to 'http://localhost:59554/session/cba256303081debc4427f04784e087f9/url'
04:06:53.385 [Forwarding getCurrentUrl on session cba256303081debc4427f04784e087f9 to remote] DEBUG org.asynchttpclient.netty.request.NettyRequestSender - Using open Channel [id: 0x5168dfe6, L:/127.0.0.1:62273 - R:localhost/127.0.0.1:59554] for GET '/session/cba256303081debc4427f04784e087f9/url'
04:06:53.394 [AsyncHttpClient-1-7] DEBUG org.asynchttpclient.netty.handler.HttpHandler - 

Request DefaultFullHttpRequest(decodeResult: success, version: HTTP/1.1, content: EmptyByteBufBE)
GET /session/cba256303081debc4427f04784e087f9/url HTTP/1.1
User-Agent: selenium/4.1.2 (java windows)
Cache-Control: no-cache
Content-Type: application/json; charset=utf-8
host: localhost:59554
accept: */*

Response DefaultHttpResponse(decodeResult: success, version: HTTP/1.1)
HTTP/1.1 200 OK
Content-Type: application/json; charset=utf-8
cache-control: no-cache
content-length: 41

04:06:53.394 [AsyncHttpClient-1-7] DEBUG org.asynchttpclient.netty.channel.ChannelManager - Adding key: http://localhost:59554 for channel [id: 0x5168dfe6, L:/127.0.0.1:62273 - R:localhost/127.0.0.1:59554]
  &amp#27;[32mGiven &amp#27;[0m&amp#27;[32mI am on the home page&amp#27;[0m       &amp#27;[90m# starter.stepdefinitions.HomeStep.iAmOnTheHomePage()&amp#27;[0m
04:06:53.405 [main] DEBUG net.serenitybdd.core.photography.Darkroom - Opening darkroom
04:06:53.406 [Forwarding screenshot on session cba256303081debc4427f04784e087f9 to remote] DEBUG org.asynchttpclient.netty.request.NettyRequestSender - Using pooled Channel '[id: 0x5168dfe6, L:/127.0.0.1:62273 - R:localhost/127.0.0.1:59554]' for 'GET' to 'http://localhost:59554/session/cba256303081debc4427f04784e087f9/screenshot'
04:06:53.406 [Forwarding screenshot on session cba256303081debc4427f04784e087f9 to remote] DEBUG org.asynchttpclient.netty.request.NettyRequestSender - Using open Channel [id: 0x5168dfe6, L:/127.0.0.1:62273 - R:localhost/127.0.0.1:59554] for GET '/session/cba256303081debc4427f04784e087f9/screenshot'
04:06:53.405 [Darkroom Processing Line] DEBUG net.serenitybdd.core.photography.DarkroomProcessingLine - Darkroom processing line starting up
04:06:53.567 [AsyncHttpClient-1-7] DEBUG org.asynchttpclient.netty.handler.HttpHandler - 

Request DefaultFullHttpRequest(decodeResult: success, version: HTTP/1.1, content: EmptyByteBufBE)
GET /session/cba256303081debc4427f04784e087f9/screenshot HTTP/1.1
User-Agent: selenium/4.1.2 (java windows)
Cache-Control: no-cache
Content-Type: application/json; charset=utf-8
host: localhost:59554
accept: */*

Response DefaultHttpResponse(decodeResult: success, version: HTTP/1.1)
HTTP/1.1 200 OK
Content-Type: application/json; charset=utf-8
cache-control: no-cache
content-length: 27172

04:06:53.568 [AsyncHttpClient-1-7] DEBUG org.asynchttpclient.netty.channel.ChannelManager - Adding key: http://localhost:59554 for channel [id: 0x5168dfe6, L:/127.0.0.1:62273 - R:localhost/127.0.0.1:59554]
04:06:53.570 [main] DEBUG net.serenitybdd.core.photography.Darkroom - Send negative for processing for target\site\serenity\b9cd768efc898737d6c074055f49f7d4299f6678b0af8de03615cfe287d026f5.png
04:06:53.578 [Forwarding findElement on session cba256303081debc4427f04784e087f9 to remote] DEBUG org.asynchttpclient.netty.request.NettyRequestSender - Using pooled Channel '[id: 0x5168dfe6, L:/127.0.0.1:62273 - R:localhost/127.0.0.1:59554]' for 'POST' to 'http://localhost:59554/session/cba256303081debc4427f04784e087f9/element'
04:06:53.578 [Forwarding findElement on session cba256303081debc4427f04784e087f9 to remote] DEBUG org.asynchttpclient.netty.request.NettyRequestSender - Using open Channel [id: 0x5168dfe6, L:/127.0.0.1:62273 - R:localhost/127.0.0.1:59554] for POST '/session/cba256303081debc4427f04784e087f9/element'
04:06:53.619 [AsyncHttpClient-1-1] DEBUG org.asynchttpclient.netty.channel.DefaultChannelPool - Entry count for : http://localhost:62274 : 1
04:06:54.719 [AsyncHttpClient-1-1] DEBUG org.asynchttpclient.netty.channel.DefaultChannelPool - Entry count for : http://localhost:62274 : 1
04:06:54.897 [AsyncHttpClient-1-7] DEBUG org.asynchttpclient.netty.handler.HttpHandler - 

Request DefaultHttpRequest(decodeResult: success, version: HTTP/1.1)
POST /session/cba256303081debc4427f04784e087f9/element HTTP/1.1
User-Agent: selenium/4.1.2 (java windows)
Content-Length: 145
Content-Type: application/json; charset=utf-8
host: localhost:59554
accept: */*

Response DefaultHttpResponse(decodeResult: success, version: HTTP/1.1)
HTTP/1.1 200 OK
Content-Type: application/json; charset=utf-8
cache-control: no-cache
content-length: 88

04:06:54.897 [AsyncHttpClient-1-7] DEBUG org.asynchttpclient.netty.channel.ChannelManager - Adding key: http://localhost:59554 for channel [id: 0x5168dfe6, L:/127.0.0.1:62273 - R:localhost/127.0.0.1:59554]
04:06:54.900 [Forwarding getElementTagName on session cba256303081debc4427f04784e087f9 to remote] DEBUG org.asynchttpclient.netty.request.NettyRequestSender - Using pooled Channel '[id: 0x5168dfe6, L:/127.0.0.1:62273 - R:localhost/127.0.0.1:59554]' for 'GET' to 'http://localhost:59554/session/cba256303081debc4427f04784e087f9/element/adaa4a08-cf8f-465c-9732-1894f8c828d0/name'
04:06:54.900 [Forwarding getElementTagName on session cba256303081debc4427f04784e087f9 to remote] DEBUG org.asynchttpclient.netty.request.NettyRequestSender - Using open Channel [id: 0x5168dfe6, L:/127.0.0.1:62273 - R:localhost/127.0.0.1:59554] for GET '/session/cba256303081debc4427f04784e087f9/element/adaa4a08-cf8f-465c-9732-1894f8c828d0/name'
04:06:54.906 [AsyncHttpClient-1-7] DEBUG org.asynchttpclient.netty.handler.HttpHandler - 

Request DefaultFullHttpRequest(decodeResult: success, version: HTTP/1.1, content: EmptyByteBufBE)
GET /session/cba256303081debc4427f04784e087f9/element/adaa4a08-cf8f-465c-9732-1894f8c828d0/name HTTP/1.1
User-Agent: selenium/4.1.2 (java windows)
Cache-Control: no-cache
Content-Type: application/json; charset=utf-8
host: localhost:59554
accept: */*

Response DefaultHttpResponse(decodeResult: success, version: HTTP/1.1)
HTTP/1.1 200 OK
Content-Type: application/json; charset=utf-8
cache-control: no-cache
content-length: 18

04:06:54.906 [AsyncHttpClient-1-7] DEBUG org.asynchttpclient.netty.channel.ChannelManager - Adding key: http://localhost:59554 for channel [id: 0x5168dfe6, L:/127.0.0.1:62273 - R:localhost/127.0.0.1:59554]
04:06:54.908 [Forwarding getElementTagName on session cba256303081debc4427f04784e087f9 to remote] DEBUG org.asynchttpclient.netty.request.NettyRequestSender - Using pooled Channel '[id: 0x5168dfe6, L:/127.0.0.1:62273 - R:localhost/127.0.0.1:59554]' for 'GET' to 'http://localhost:59554/session/cba256303081debc4427f04784e087f9/element/adaa4a08-cf8f-465c-9732-1894f8c828d0/name'
04:06:54.908 [Forwarding getElementTagName on session cba256303081debc4427f04784e087f9 to remote] DEBUG org.asynchttpclient.netty.request.NettyRequestSender - Using open Channel [id: 0x5168dfe6, L:/127.0.0.1:62273 - R:localhost/127.0.0.1:59554] for GET '/session/cba256303081debc4427f04784e087f9/element/adaa4a08-cf8f-465c-9732-1894f8c828d0/name'
04:06:54.911 [AsyncHttpClient-1-7] DEBUG org.asynchttpclient.netty.handler.HttpHandler - 

Request DefaultFullHttpRequest(decodeResult: success, version: HTTP/1.1, content: EmptyByteBufBE)
GET /session/cba256303081debc4427f04784e087f9/element/adaa4a08-cf8f-465c-9732-1894f8c828d0/name HTTP/1.1
User-Agent: selenium/4.1.2 (java windows)
Cache-Control: no-cache
Content-Type: application/json; charset=utf-8
host: localhost:59554
accept: */*

Response DefaultHttpResponse(decodeResult: success, version: HTTP/1.1)
HTTP/1.1 200 OK
Content-Type: application/json; charset=utf-8
cache-control: no-cache
content-length: 18

04:06:54.911 [AsyncHttpClient-1-7] DEBUG org.asynchttpclient.netty.channel.ChannelManager - Adding key: http://localhost:59554 for channel [id: 0x5168dfe6, L:/127.0.0.1:62273 - R:localhost/127.0.0.1:59554]
04:06:54.913 [Forwarding isElementEnabled on session cba256303081debc4427f04784e087f9 to remote] DEBUG org.asynchttpclient.netty.request.NettyRequestSender - Using pooled Channel '[id: 0x5168dfe6, L:/127.0.0.1:62273 - R:localhost/127.0.0.1:59554]' for 'GET' to 'http://localhost:59554/session/cba256303081debc4427f04784e087f9/element/adaa4a08-cf8f-465c-9732-1894f8c828d0/enabled'
04:06:54.913 [Forwarding isElementEnabled on session cba256303081debc4427f04784e087f9 to remote] DEBUG org.asynchttpclient.netty.request.NettyRequestSender - Using open Channel [id: 0x5168dfe6, L:/127.0.0.1:62273 - R:localhost/127.0.0.1:59554] for GET '/session/cba256303081debc4427f04784e087f9/element/adaa4a08-cf8f-465c-9732-1894f8c828d0/enabled'
04:06:54.921 [AsyncHttpClient-1-7] DEBUG org.asynchttpclient.netty.handler.HttpHandler - 

Request DefaultFullHttpRequest(decodeResult: success, version: HTTP/1.1, content: EmptyByteBufBE)
GET /session/cba256303081debc4427f04784e087f9/element/adaa4a08-cf8f-465c-9732-1894f8c828d0/enabled HTTP/1.1
User-Agent: selenium/4.1.2 (java windows)
Cache-Control: no-cache
Content-Type: application/json; charset=utf-8
host: localhost:59554
accept: */*

Response DefaultHttpResponse(decodeResult: success, version: HTTP/1.1)
HTTP/1.1 200 OK
Content-Type: application/json; charset=utf-8
cache-control: no-cache
content-length: 14

04:06:54.921 [AsyncHttpClient-1-7] DEBUG org.asynchttpclient.netty.channel.ChannelManager - Adding key: http://localhost:59554 for channel [id: 0x5168dfe6, L:/127.0.0.1:62273 - R:localhost/127.0.0.1:59554]
04:06:54.923 [Forwarding isElementEnabled on session cba256303081debc4427f04784e087f9 to remote] DEBUG org.asynchttpclient.netty.request.NettyRequestSender - Using pooled Channel '[id: 0x5168dfe6, L:/127.0.0.1:62273 - R:localhost/127.0.0.1:59554]' for 'GET' to 'http://localhost:59554/session/cba256303081debc4427f04784e087f9/element/adaa4a08-cf8f-465c-9732-1894f8c828d0/enabled'
04:06:54.923 [Forwarding isElementEnabled on session cba256303081debc4427f04784e087f9 to remote] DEBUG org.asynchttpclient.netty.request.NettyRequestSender - Using open Channel [id: 0x5168dfe6, L:/127.0.0.1:62273 - R:localhost/127.0.0.1:59554] for GET '/session/cba256303081debc4427f04784e087f9/element/adaa4a08-cf8f-465c-9732-1894f8c828d0/enabled'
04:06:54.928 [AsyncHttpClient-1-7] DEBUG org.asynchttpclient.netty.handler.HttpHandler - 

Request DefaultFullHttpRequest(decodeResult: success, version: HTTP/1.1, content: EmptyByteBufBE)
GET /session/cba256303081debc4427f04784e087f9/element/adaa4a08-cf8f-465c-9732-1894f8c828d0/enabled HTTP/1.1
User-Agent: selenium/4.1.2 (java windows)
Cache-Control: no-cache
Content-Type: application/json; charset=utf-8
host: localhost:59554
accept: */*

Response DefaultHttpResponse(decodeResult: success, version: HTTP/1.1)
HTTP/1.1 200 OK
Content-Type: application/json; charset=utf-8
cache-control: no-cache
content-length: 14

04:06:54.928 [AsyncHttpClient-1-7] DEBUG org.asynchttpclient.netty.channel.ChannelManager - Adding key: http://localhost:59554 for channel [id: 0x5168dfe6, L:/127.0.0.1:62273 - R:localhost/127.0.0.1:59554]
04:06:54.929 [Forwarding findElement on session cba256303081debc4427f04784e087f9 to remote] DEBUG org.asynchttpclient.netty.request.NettyRequestSender - Using pooled Channel '[id: 0x5168dfe6, L:/127.0.0.1:62273 - R:localhost/127.0.0.1:59554]' for 'POST' to 'http://localhost:59554/session/cba256303081debc4427f04784e087f9/element'
04:06:54.930 [Forwarding findElement on session cba256303081debc4427f04784e087f9 to remote] DEBUG org.asynchttpclient.netty.request.NettyRequestSender - Using open Channel [id: 0x5168dfe6, L:/127.0.0.1:62273 - R:localhost/127.0.0.1:59554] for POST '/session/cba256303081debc4427f04784e087f9/element'
04:06:54.936 [AsyncHttpClient-1-7] DEBUG org.asynchttpclient.netty.handler.HttpHandler - 

Request DefaultHttpRequest(decodeResult: success, version: HTTP/1.1)
POST /session/cba256303081debc4427f04784e087f9/element HTTP/1.1
User-Agent: selenium/4.1.2 (java windows)
Content-Length: 145
Content-Type: application/json; charset=utf-8
host: localhost:59554
accept: */*

Response DefaultHttpResponse(decodeResult: success, version: HTTP/1.1)
HTTP/1.1 200 OK
Content-Type: application/json; charset=utf-8
cache-control: no-cache
content-length: 88

04:06:54.936 [AsyncHttpClient-1-7] DEBUG org.asynchttpclient.netty.channel.ChannelManager - Adding key: http://localhost:59554 for channel [id: 0x5168dfe6, L:/127.0.0.1:62273 - R:localhost/127.0.0.1:59554]
04:06:54.937 [Forwarding clickElement on session cba256303081debc4427f04784e087f9 to remote] DEBUG org.asynchttpclient.netty.request.NettyRequestSender - Using pooled Channel '[id: 0x5168dfe6, L:/127.0.0.1:62273 - R:localhost/127.0.0.1:59554]' for 'POST' to 'http://localhost:59554/session/cba256303081debc4427f04784e087f9/element/adaa4a08-cf8f-465c-9732-1894f8c828d0/click'
04:06:54.937 [Forwarding clickElement on session cba256303081debc4427f04784e087f9 to remote] DEBUG org.asynchttpclient.netty.request.NettyRequestSender - Using open Channel [id: 0x5168dfe6, L:/127.0.0.1:62273 - R:localhost/127.0.0.1:59554] for POST '/session/cba256303081debc4427f04784e087f9/element/adaa4a08-cf8f-465c-9732-1894f8c828d0/click'
04:06:54.973 [AsyncHttpClient-1-7] DEBUG org.asynchttpclient.netty.handler.HttpHandler - 

Request DefaultHttpRequest(decodeResult: success, version: HTTP/1.1)
POST /session/cba256303081debc4427f04784e087f9/element/adaa4a08-cf8f-465c-9732-1894f8c828d0/click HTTP/1.1
User-Agent: selenium/4.1.2 (java windows)
Content-Length: 50
Content-Type: application/json; charset=utf-8
host: localhost:59554
accept: */*

Response DefaultHttpResponse(decodeResult: success, version: HTTP/1.1)
HTTP/1.1 200 OK
Content-Type: application/json; charset=utf-8
cache-control: no-cache
content-length: 14

04:06:54.973 [AsyncHttpClient-1-7] DEBUG org.asynchttpclient.netty.channel.ChannelManager - Adding key: http://localhost:59554 for channel [id: 0x5168dfe6, L:/127.0.0.1:62273 - R:localhost/127.0.0.1:59554]
  &amp#27;[32mAnd &amp#27;[0m&amp#27;[32mI click button buy&amp#27;[0m            &amp#27;[90m# starter.stepdefinitions.HomeStep.iClickButtonBuy()&amp#27;[0m
04:06:54.980 [Forwarding screenshot on session cba256303081debc4427f04784e087f9 to remote] DEBUG org.asynchttpclient.netty.request.NettyRequestSender - Using pooled Channel '[id: 0x5168dfe6, L:/127.0.0.1:62273 - R:localhost/127.0.0.1:59554]' for 'GET' to 'http://localhost:59554/session/cba256303081debc4427f04784e087f9/screenshot'
04:06:54.980 [Forwarding screenshot on session cba256303081debc4427f04784e087f9 to remote] DEBUG org.asynchttpclient.netty.request.NettyRequestSender - Using open Channel [id: 0x5168dfe6, L:/127.0.0.1:62273 - R:localhost/127.0.0.1:59554] for GET '/session/cba256303081debc4427f04784e087f9/screenshot'
04:06:55.113 [AsyncHttpClient-1-7] DEBUG org.asynchttpclient.netty.handler.HttpHandler - 

Request DefaultFullHttpRequest(decodeResult: success, version: HTTP/1.1, content: EmptyByteBufBE)
GET /session/cba256303081debc4427f04784e087f9/screenshot HTTP/1.1
User-Agent: selenium/4.1.2 (java windows)
Cache-Control: no-cache
Content-Type: application/json; charset=utf-8
host: localhost:59554
accept: */*

Response DefaultHttpResponse(decodeResult: success, version: HTTP/1.1)
HTTP/1.1 200 OK
Content-Type: application/json; charset=utf-8
cache-control: no-cache
content-length: 67860

04:06:55.113 [AsyncHttpClient-1-7] DEBUG org.asynchttpclient.netty.channel.ChannelManager - Adding key: http://localhost:59554 for channel [id: 0x5168dfe6, L:/127.0.0.1:62273 - R:localhost/127.0.0.1:59554]
04:06:55.116 [main] DEBUG net.serenitybdd.core.photography.Darkroom - Send negative for processing for target\site\serenity\b0b8ce8a916ad99b52bca7dfe0d112927e5863c8b3e622bc526ef0802b436c3f.png
04:06:55.116 [Darkroom Processing Line] DEBUG net.serenitybdd.core.photography.DarkroomProcessingLine - Processing screenshot image in /var/screenshots/screenshot-13483116147681561872
04:06:55.116 [Darkroom Processing Line] DEBUG net.serenitybdd.core.photography.DarkroomProcessingLine - Saving screenshot to target\site\serenity\b0b8ce8a916ad99b52bca7dfe0d112927e5863c8b3e622bc526ef0802b436c3f.png
04:06:55.224 [Forwarding findElement on session cba256303081debc4427f04784e087f9 to remote] DEBUG org.asynchttpclient.netty.request.NettyRequestSender - Using pooled Channel '[id: 0x5168dfe6, L:/127.0.0.1:62273 - R:localhost/127.0.0.1:59554]' for 'POST' to 'http://localhost:59554/session/cba256303081debc4427f04784e087f9/element'
04:06:55.224 [Forwarding findElement on session cba256303081debc4427f04784e087f9 to remote] DEBUG org.asynchttpclient.netty.request.NettyRequestSender - Using open Channel [id: 0x5168dfe6, L:/127.0.0.1:62273 - R:localhost/127.0.0.1:59554] for POST '/session/cba256303081debc4427f04784e087f9/element'
04:06:55.235 [AsyncHttpClient-1-7] DEBUG org.asynchttpclient.netty.handler.HttpHandler - 

Request DefaultHttpRequest(decodeResult: success, version: HTTP/1.1)
POST /session/cba256303081debc4427f04784e087f9/element HTTP/1.1
User-Agent: selenium/4.1.2 (java windows)
Content-Length: 132
Content-Type: application/json; charset=utf-8
host: localhost:59554
accept: */*

Response DefaultHttpResponse(decodeResult: success, version: HTTP/1.1)
HTTP/1.1 200 OK
Content-Type: application/json; charset=utf-8
cache-control: no-cache
content-length: 88

04:06:55.235 [AsyncHttpClient-1-7] DEBUG org.asynchttpclient.netty.channel.ChannelManager - Adding key: http://localhost:59554 for channel [id: 0x5168dfe6, L:/127.0.0.1:62273 - R:localhost/127.0.0.1:59554]
04:06:55.237 [Forwarding getElementTagName on session cba256303081debc4427f04784e087f9 to remote] DEBUG org.asynchttpclient.netty.request.NettyRequestSender - Using pooled Channel '[id: 0x5168dfe6, L:/127.0.0.1:62273 - R:localhost/127.0.0.1:59554]' for 'GET' to 'http://localhost:59554/session/cba256303081debc4427f04784e087f9/element/f2b2d1f3-594d-45cf-aeb1-4950ca033481/name'
04:06:55.237 [Forwarding getElementTagName on session cba256303081debc4427f04784e087f9 to remote] DEBUG org.asynchttpclient.netty.request.NettyRequestSender - Using open Channel [id: 0x5168dfe6, L:/127.0.0.1:62273 - R:localhost/127.0.0.1:59554] for GET '/session/cba256303081debc4427f04784e087f9/element/f2b2d1f3-594d-45cf-aeb1-4950ca033481/name'
04:06:55.241 [AsyncHttpClient-1-7] DEBUG org.asynchttpclient.netty.handler.HttpHandler - 

Request DefaultFullHttpRequest(decodeResult: success, version: HTTP/1.1, content: EmptyByteBufBE)
GET /session/cba256303081debc4427f04784e087f9/element/f2b2d1f3-594d-45cf-aeb1-4950ca033481/name HTTP/1.1
User-Agent: selenium/4.1.2 (java windows)
Cache-Control: no-cache
Content-Type: application/json; charset=utf-8
host: localhost:59554
accept: */*

Response DefaultHttpResponse(decodeResult: success, version: HTTP/1.1)
HTTP/1.1 200 OK
Content-Type: application/json; charset=utf-8
cache-control: no-cache
content-length: 16

04:06:55.241 [AsyncHttpClient-1-7] DEBUG org.asynchttpclient.netty.channel.ChannelManager - Adding key: http://localhost:59554 for channel [id: 0x5168dfe6, L:/127.0.0.1:62273 - R:localhost/127.0.0.1:59554]
04:06:55.243 [Forwarding getElementTagName on session cba256303081debc4427f04784e087f9 to remote] DEBUG org.asynchttpclient.netty.request.NettyRequestSender - Using pooled Channel '[id: 0x5168dfe6, L:/127.0.0.1:62273 - R:localhost/127.0.0.1:59554]' for 'GET' to 'http://localhost:59554/session/cba256303081debc4427f04784e087f9/element/f2b2d1f3-594d-45cf-aeb1-4950ca033481/name'
04:06:55.243 [Forwarding getElementTagName on session cba256303081debc4427f04784e087f9 to remote] DEBUG org.asynchttpclient.netty.request.NettyRequestSender - Using open Channel [id: 0x5168dfe6, L:/127.0.0.1:62273 - R:localhost/127.0.0.1:59554] for GET '/session/cba256303081debc4427f04784e087f9/element/f2b2d1f3-594d-45cf-aeb1-4950ca033481/name'
04:06:55.247 [AsyncHttpClient-1-7] DEBUG org.asynchttpclient.netty.handler.HttpHandler - 

Request DefaultFullHttpRequest(decodeResult: success, version: HTTP/1.1, content: EmptyByteBufBE)
GET /session/cba256303081debc4427f04784e087f9/element/f2b2d1f3-594d-45cf-aeb1-4950ca033481/name HTTP/1.1
User-Agent: selenium/4.1.2 (java windows)
Cache-Control: no-cache
Content-Type: application/json; charset=utf-8
host: localhost:59554
accept: */*

Response DefaultHttpResponse(decodeResult: success, version: HTTP/1.1)
HTTP/1.1 200 OK
Content-Type: application/json; charset=utf-8
cache-control: no-cache
content-length: 16

04:06:55.247 [AsyncHttpClient-1-7] DEBUG org.asynchttpclient.netty.channel.ChannelManager - Adding key: http://localhost:59554 for channel [id: 0x5168dfe6, L:/127.0.0.1:62273 - R:localhost/127.0.0.1:59554]
04:06:55.249 [Forwarding findElement on session cba256303081debc4427f04784e087f9 to remote] DEBUG org.asynchttpclient.netty.request.NettyRequestSender - Using pooled Channel '[id: 0x5168dfe6, L:/127.0.0.1:62273 - R:localhost/127.0.0.1:59554]' for 'POST' to 'http://localhost:59554/session/cba256303081debc4427f04784e087f9/element'
04:06:55.249 [Forwarding findElement on session cba256303081debc4427f04784e087f9 to remote] DEBUG org.asynchttpclient.netty.request.NettyRequestSender - Using open Channel [id: 0x5168dfe6, L:/127.0.0.1:62273 - R:localhost/127.0.0.1:59554] for POST '/session/cba256303081debc4427f04784e087f9/element'
04:06:55.255 [AsyncHttpClient-1-7] DEBUG org.asynchttpclient.netty.handler.HttpHandler - 

Request DefaultHttpRequest(decodeResult: success, version: HTTP/1.1)
POST /session/cba256303081debc4427f04784e087f9/element HTTP/1.1
User-Agent: selenium/4.1.2 (java windows)
Content-Length: 132
Content-Type: application/json; charset=utf-8
host: localhost:59554
accept: */*

Response DefaultHttpResponse(decodeResult: success, version: HTTP/1.1)
HTTP/1.1 200 OK
Content-Type: application/json; charset=utf-8
cache-control: no-cache
content-length: 88

04:06:55.256 [AsyncHttpClient-1-7] DEBUG org.asynchttpclient.netty.channel.ChannelManager - Adding key: http://localhost:59554 for channel [id: 0x5168dfe6, L:/127.0.0.1:62273 - R:localhost/127.0.0.1:59554]
04:06:55.257 [Forwarding clickElement on session cba256303081debc4427f04784e087f9 to remote] DEBUG org.asynchttpclient.netty.request.NettyRequestSender - Using pooled Channel '[id: 0x5168dfe6, L:/127.0.0.1:62273 - R:localhost/127.0.0.1:59554]' for 'POST' to 'http://localhost:59554/session/cba256303081debc4427f04784e087f9/element/f2b2d1f3-594d-45cf-aeb1-4950ca033481/click'
04:06:55.257 [Forwarding clickElement on session cba256303081debc4427f04784e087f9 to remote] DEBUG org.asynchttpclient.netty.request.NettyRequestSender - Using open Channel [id: 0x5168dfe6, L:/127.0.0.1:62273 - R:localhost/127.0.0.1:59554] for POST '/session/cba256303081debc4427f04784e087f9/element/f2b2d1f3-594d-45cf-aeb1-4950ca033481/click'
04:06:55.293 [AsyncHttpClient-1-7] DEBUG org.asynchttpclient.netty.handler.HttpHandler - 

Request DefaultHttpRequest(decodeResult: success, version: HTTP/1.1)
POST /session/cba256303081debc4427f04784e087f9/element/f2b2d1f3-594d-45cf-aeb1-4950ca033481/click HTTP/1.1
User-Agent: selenium/4.1.2 (java windows)
Content-Length: 50
Content-Type: application/json; charset=utf-8
host: localhost:59554
accept: */*

Response DefaultHttpResponse(decodeResult: success, version: HTTP/1.1)
HTTP/1.1 200 OK
Content-Type: application/json; charset=utf-8
cache-control: no-cache
content-length: 14

04:06:55.293 [AsyncHttpClient-1-7] DEBUG org.asynchttpclient.netty.channel.ChannelManager - Adding key: http://localhost:59554 for channel [id: 0x5168dfe6, L:/127.0.0.1:62273 - R:localhost/127.0.0.1:59554]
  &amp#27;[32mAnd &amp#27;[0m&amp#27;[32mI click order button&amp#27;[0m          &amp#27;[90m# starter.stepdefinitions.OrderStep.iClickOrderButton()&amp#27;[0m
04:06:55.301 [Forwarding screenshot on session cba256303081debc4427f04784e087f9 to remote] DEBUG org.asynchttpclient.netty.request.NettyRequestSender - Using pooled Channel '[id: 0x5168dfe6, L:/127.0.0.1:62273 - R:localhost/127.0.0.1:59554]' for 'GET' to 'http://localhost:59554/session/cba256303081debc4427f04784e087f9/screenshot'
04:06:55.301 [Forwarding screenshot on session cba256303081debc4427f04784e087f9 to remote] DEBUG org.asynchttpclient.netty.request.NettyRequestSender - Using open Channel [id: 0x5168dfe6, L:/127.0.0.1:62273 - R:localhost/127.0.0.1:59554] for GET '/session/cba256303081debc4427f04784e087f9/screenshot'
04:06:55.495 [AsyncHttpClient-1-7] DEBUG org.asynchttpclient.netty.handler.HttpHandler - 

Request DefaultFullHttpRequest(decodeResult: success, version: HTTP/1.1, content: EmptyByteBufBE)
GET /session/cba256303081debc4427f04784e087f9/screenshot HTTP/1.1
User-Agent: selenium/4.1.2 (java windows)
Cache-Control: no-cache
Content-Type: application/json; charset=utf-8
host: localhost:59554
accept: */*

Response DefaultHttpResponse(decodeResult: success, version: HTTP/1.1)
HTTP/1.1 200 OK
Content-Type: application/json; charset=utf-8
cache-control: no-cache
content-length: 30020

04:06:55.496 [AsyncHttpClient-1-7] DEBUG org.asynchttpclient.netty.channel.ChannelManager - Adding key: http://localhost:59554 for channel [id: 0x5168dfe6, L:/127.0.0.1:62273 - R:localhost/127.0.0.1:59554]
04:06:55.498 [main] DEBUG net.serenitybdd.core.photography.Darkroom - Send negative for processing for target\site\serenity\379fd34624ba80845a1a10108852ae51fabcf7dce61b4c808bcb5623ac6d597a.png
04:06:55.498 [Darkroom Processing Line] DEBUG net.serenitybdd.core.photography.DarkroomProcessingLine - Processing screenshot image in /var/screenshots/screenshot-3021156310648316552
04:06:55.498 [Darkroom Processing Line] DEBUG net.serenitybdd.core.photography.DarkroomProcessingLine - Saving screenshot to target\site\serenity\379fd34624ba80845a1a10108852ae51fabcf7dce61b4c808bcb5623ac6d597a.png
04:06:55.508 [Forwarding findElement on session cba256303081debc4427f04784e087f9 to remote] DEBUG org.asynchttpclient.netty.request.NettyRequestSender - Using pooled Channel '[id: 0x5168dfe6, L:/127.0.0.1:62273 - R:localhost/127.0.0.1:59554]' for 'POST' to 'http://localhost:59554/session/cba256303081debc4427f04784e087f9/element'
04:06:55.508 [Forwarding findElement on session cba256303081debc4427f04784e087f9 to remote] DEBUG org.asynchttpclient.netty.request.NettyRequestSender - Using open Channel [id: 0x5168dfe6, L:/127.0.0.1:62273 - R:localhost/127.0.0.1:59554] for POST '/session/cba256303081debc4427f04784e087f9/element'
04:06:55.519 [AsyncHttpClient-1-7] DEBUG org.asynchttpclient.netty.handler.HttpHandler - 

Request DefaultHttpRequest(decodeResult: success, version: HTTP/1.1)
POST /session/cba256303081debc4427f04784e087f9/element HTTP/1.1
User-Agent: selenium/4.1.2 (java windows)
Content-Length: 66
Content-Type: application/json; charset=utf-8
host: localhost:59554
accept: */*

Response DefaultHttpResponse(decodeResult: success, version: HTTP/1.1)
HTTP/1.1 200 OK
Content-Type: application/json; charset=utf-8
cache-control: no-cache
content-length: 88

04:06:55.519 [AsyncHttpClient-1-7] DEBUG org.asynchttpclient.netty.channel.ChannelManager - Adding key: http://localhost:59554 for channel [id: 0x5168dfe6, L:/127.0.0.1:62273 - R:localhost/127.0.0.1:59554]
04:06:55.521 [Forwarding getElementTagName on session cba256303081debc4427f04784e087f9 to remote] DEBUG org.asynchttpclient.netty.request.NettyRequestSender - Using pooled Channel '[id: 0x5168dfe6, L:/127.0.0.1:62273 - R:localhost/127.0.0.1:59554]' for 'GET' to 'http://localhost:59554/session/cba256303081debc4427f04784e087f9/element/9412a7a0-75da-4d15-a02b-c773f0e49b40/name'
04:06:55.521 [Forwarding getElementTagName on session cba256303081debc4427f04784e087f9 to remote] DEBUG org.asynchttpclient.netty.request.NettyRequestSender - Using open Channel [id: 0x5168dfe6, L:/127.0.0.1:62273 - R:localhost/127.0.0.1:59554] for GET '/session/cba256303081debc4427f04784e087f9/element/9412a7a0-75da-4d15-a02b-c773f0e49b40/name'
04:06:55.524 [AsyncHttpClient-1-7] DEBUG org.asynchttpclient.netty.handler.HttpHandler - 

Request DefaultFullHttpRequest(decodeResult: success, version: HTTP/1.1, content: EmptyByteBufBE)
GET /session/cba256303081debc4427f04784e087f9/element/9412a7a0-75da-4d15-a02b-c773f0e49b40/name HTTP/1.1
User-Agent: selenium/4.1.2 (java windows)
Cache-Control: no-cache
Content-Type: application/json; charset=utf-8
host: localhost:59554
accept: */*

Response DefaultHttpResponse(decodeResult: success, version: HTTP/1.1)
HTTP/1.1 200 OK
Content-Type: application/json; charset=utf-8
cache-control: no-cache
content-length: 16

04:06:55.525 [AsyncHttpClient-1-7] DEBUG org.asynchttpclient.netty.channel.ChannelManager - Adding key: http://localhost:59554 for channel [id: 0x5168dfe6, L:/127.0.0.1:62273 - R:localhost/127.0.0.1:59554]
04:06:55.526 [Forwarding getElementTagName on session cba256303081debc4427f04784e087f9 to remote] DEBUG org.asynchttpclient.netty.request.NettyRequestSender - Using pooled Channel '[id: 0x5168dfe6, L:/127.0.0.1:62273 - R:localhost/127.0.0.1:59554]' for 'GET' to 'http://localhost:59554/session/cba256303081debc4427f04784e087f9/element/9412a7a0-75da-4d15-a02b-c773f0e49b40/name'
04:06:55.526 [Forwarding getElementTagName on session cba256303081debc4427f04784e087f9 to remote] DEBUG org.asynchttpclient.netty.request.NettyRequestSender - Using open Channel [id: 0x5168dfe6, L:/127.0.0.1:62273 - R:localhost/127.0.0.1:59554] for GET '/session/cba256303081debc4427f04784e087f9/element/9412a7a0-75da-4d15-a02b-c773f0e49b40/name'
04:06:55.529 [AsyncHttpClient-1-7] DEBUG org.asynchttpclient.netty.handler.HttpHandler - 

Request DefaultFullHttpRequest(decodeResult: success, version: HTTP/1.1, content: EmptyByteBufBE)
GET /session/cba256303081debc4427f04784e087f9/element/9412a7a0-75da-4d15-a02b-c773f0e49b40/name HTTP/1.1
User-Agent: selenium/4.1.2 (java windows)
Cache-Control: no-cache
Content-Type: application/json; charset=utf-8
host: localhost:59554
accept: */*

Response DefaultHttpResponse(decodeResult: success, version: HTTP/1.1)
HTTP/1.1 200 OK
Content-Type: application/json; charset=utf-8
cache-control: no-cache
content-length: 16

04:06:55.529 [AsyncHttpClient-1-7] DEBUG org.asynchttpclient.netty.channel.ChannelManager - Adding key: http://localhost:59554 for channel [id: 0x5168dfe6, L:/127.0.0.1:62273 - R:localhost/127.0.0.1:59554]
04:06:55.531 [Forwarding findElement on session cba256303081debc4427f04784e087f9 to remote] DEBUG org.asynchttpclient.netty.request.NettyRequestSender - Using pooled Channel '[id: 0x5168dfe6, L:/127.0.0.1:62273 - R:localhost/127.0.0.1:59554]' for 'POST' to 'http://localhost:59554/session/cba256303081debc4427f04784e087f9/element'
04:06:55.531 [Forwarding findElement on session cba256303081debc4427f04784e087f9 to remote] DEBUG org.asynchttpclient.netty.request.NettyRequestSender - Using open Channel [id: 0x5168dfe6, L:/127.0.0.1:62273 - R:localhost/127.0.0.1:59554] for POST '/session/cba256303081debc4427f04784e087f9/element'
04:06:55.536 [AsyncHttpClient-1-7] DEBUG org.asynchttpclient.netty.handler.HttpHandler - 

Request DefaultHttpRequest(decodeResult: success, version: HTTP/1.1)
POST /session/cba256303081debc4427f04784e087f9/element HTTP/1.1
User-Agent: selenium/4.1.2 (java windows)
Content-Length: 66
Content-Type: application/json; charset=utf-8
host: localhost:59554
accept: */*

Response DefaultHttpResponse(decodeResult: success, version: HTTP/1.1)
HTTP/1.1 200 OK
Content-Type: application/json; charset=utf-8
cache-control: no-cache
content-length: 88

04:06:55.536 [AsyncHttpClient-1-7] DEBUG org.asynchttpclient.netty.channel.ChannelManager - Adding key: http://localhost:59554 for channel [id: 0x5168dfe6, L:/127.0.0.1:62273 - R:localhost/127.0.0.1:59554]
04:06:55.537 [Forwarding clickElement on session cba256303081debc4427f04784e087f9 to remote] DEBUG org.asynchttpclient.netty.request.NettyRequestSender - Using pooled Channel '[id: 0x5168dfe6, L:/127.0.0.1:62273 - R:localhost/127.0.0.1:59554]' for 'POST' to 'http://localhost:59554/session/cba256303081debc4427f04784e087f9/element/9412a7a0-75da-4d15-a02b-c773f0e49b40/click'
04:06:55.537 [Forwarding clickElement on session cba256303081debc4427f04784e087f9 to remote] DEBUG org.asynchttpclient.netty.request.NettyRequestSender - Using open Channel [id: 0x5168dfe6, L:/127.0.0.1:62273 - R:localhost/127.0.0.1:59554] for POST '/session/cba256303081debc4427f04784e087f9/element/9412a7a0-75da-4d15-a02b-c773f0e49b40/click'
04:06:55.571 [AsyncHttpClient-1-7] DEBUG org.asynchttpclient.netty.handler.HttpHandler - 

Request DefaultHttpRequest(decodeResult: success, version: HTTP/1.1)
POST /session/cba256303081debc4427f04784e087f9/element/9412a7a0-75da-4d15-a02b-c773f0e49b40/click HTTP/1.1
User-Agent: selenium/4.1.2 (java windows)
Content-Length: 50
Content-Type: application/json; charset=utf-8
host: localhost:59554
accept: */*

Response DefaultHttpResponse(decodeResult: success, version: HTTP/1.1)
HTTP/1.1 200 OK
Content-Type: application/json; charset=utf-8
cache-control: no-cache
content-length: 14

04:06:55.571 [AsyncHttpClient-1-7] DEBUG org.asynchttpclient.netty.channel.ChannelManager - Adding key: http://localhost:59554 for channel [id: 0x5168dfe6, L:/127.0.0.1:62273 - R:localhost/127.0.0.1:59554]
  &amp#27;[32mWhen &amp#27;[0m&amp#27;[32mI click button add&amp#27;[0m           &amp#27;[90m# starter.stepdefinitions.OrderStep.iClickButtonAdd()&amp#27;[0m
04:06:55.575 [Forwarding screenshot on session cba256303081debc4427f04784e087f9 to remote] DEBUG org.asynchttpclient.netty.request.NettyRequestSender - Using pooled Channel '[id: 0x5168dfe6, L:/127.0.0.1:62273 - R:localhost/127.0.0.1:59554]' for 'GET' to 'http://localhost:59554/session/cba256303081debc4427f04784e087f9/screenshot'
04:06:55.575 [Forwarding screenshot on session cba256303081debc4427f04784e087f9 to remote] DEBUG org.asynchttpclient.netty.request.NettyRequestSender - Using open Channel [id: 0x5168dfe6, L:/127.0.0.1:62273 - R:localhost/127.0.0.1:59554] for GET '/session/cba256303081debc4427f04784e087f9/screenshot'
04:06:55.729 [AsyncHttpClient-1-7] DEBUG org.asynchttpclient.netty.handler.HttpHandler - 

Request DefaultFullHttpRequest(decodeResult: success, version: HTTP/1.1, content: EmptyByteBufBE)
GET /session/cba256303081debc4427f04784e087f9/screenshot HTTP/1.1
User-Agent: selenium/4.1.2 (java windows)
Cache-Control: no-cache
Content-Type: application/json; charset=utf-8
host: localhost:59554
accept: */*

Response DefaultHttpResponse(decodeResult: success, version: HTTP/1.1)
HTTP/1.1 200 OK
Content-Type: application/json; charset=utf-8
cache-control: no-cache
content-length: 32636

04:06:55.730 [AsyncHttpClient-1-7] DEBUG org.asynchttpclient.netty.channel.ChannelManager - Adding key: http://localhost:59554 for channel [id: 0x5168dfe6, L:/127.0.0.1:62273 - R:localhost/127.0.0.1:59554]
04:06:55.731 [main] DEBUG net.serenitybdd.core.photography.Darkroom - Send negative for processing for target\site\serenity\bf0bb56fd2e061e22584547c622ddb63e95b32a2b19e3a6961ecf8a5e371c096.png
04:06:55.732 [Darkroom Processing Line] DEBUG net.serenitybdd.core.photography.DarkroomProcessingLine - Processing screenshot image in /var/screenshots/screenshot-18386456422828202273
04:06:55.732 [Darkroom Processing Line] DEBUG net.serenitybdd.core.photography.DarkroomProcessingLine - Saving screenshot to target\site\serenity\bf0bb56fd2e061e22584547c622ddb63e95b32a2b19e3a6961ecf8a5e371c096.png
04:06:55.737 [Forwarding findElement on session cba256303081debc4427f04784e087f9 to remote] DEBUG org.asynchttpclient.netty.request.NettyRequestSender - Using pooled Channel '[id: 0x5168dfe6, L:/127.0.0.1:62273 - R:localhost/127.0.0.1:59554]' for 'POST' to 'http://localhost:59554/session/cba256303081debc4427f04784e087f9/element'
04:06:55.737 [Forwarding findElement on session cba256303081debc4427f04784e087f9 to remote] DEBUG org.asynchttpclient.netty.request.NettyRequestSender - Using open Channel [id: 0x5168dfe6, L:/127.0.0.1:62273 - R:localhost/127.0.0.1:59554] for POST '/session/cba256303081debc4427f04784e087f9/element'
04:06:55.747 [AsyncHttpClient-1-7] DEBUG org.asynchttpclient.netty.handler.HttpHandler - 

Request DefaultHttpRequest(decodeResult: success, version: HTTP/1.1)
POST /session/cba256303081debc4427f04784e087f9/element HTTP/1.1
User-Agent: selenium/4.1.2 (java windows)
Content-Length: 83
Content-Type: application/json; charset=utf-8
host: localhost:59554
accept: */*

Response DefaultHttpResponse(decodeResult: success, version: HTTP/1.1)
HTTP/1.1 200 OK
Content-Type: application/json; charset=utf-8
cache-control: no-cache
content-length: 88

04:06:55.747 [AsyncHttpClient-1-7] DEBUG org.asynchttpclient.netty.channel.ChannelManager - Adding key: http://localhost:59554 for channel [id: 0x5168dfe6, L:/127.0.0.1:62273 - R:localhost/127.0.0.1:59554]
04:06:55.750 [Forwarding isElementDisplayed on session cba256303081debc4427f04784e087f9 to remote] DEBUG org.asynchttpclient.netty.request.NettyRequestSender - Using pooled Channel '[id: 0x5168dfe6, L:/127.0.0.1:62273 - R:localhost/127.0.0.1:59554]' for 'POST' to 'http://localhost:59554/session/cba256303081debc4427f04784e087f9/execute/sync'
04:06:55.750 [Forwarding isElementDisplayed on session cba256303081debc4427f04784e087f9 to remote] DEBUG org.asynchttpclient.netty.request.NettyRequestSender - Using open Channel [id: 0x5168dfe6, L:/127.0.0.1:62273 - R:localhost/127.0.0.1:59554] for POST '/session/cba256303081debc4427f04784e087f9/execute/sync'
04:06:55.763 [AsyncHttpClient-1-7] DEBUG org.asynchttpclient.netty.handler.HttpHandler - 

Request DefaultHttpRequest(decodeResult: success, version: HTTP/1.1)
POST /session/cba256303081debc4427f04784e087f9/execute/sync HTTP/1.1
User-Agent: selenium/4.1.2 (java windows)
Content-Length: 48780
Content-Type: application/json; charset=utf-8
host: localhost:59554
accept: */*

Response DefaultHttpResponse(decodeResult: success, version: HTTP/1.1)
HTTP/1.1 200 OK
Content-Type: application/json; charset=utf-8
cache-control: no-cache
content-length: 14

04:06:55.763 [AsyncHttpClient-1-7] DEBUG org.asynchttpclient.netty.channel.ChannelManager - Adding key: http://localhost:59554 for channel [id: 0x5168dfe6, L:/127.0.0.1:62273 - R:localhost/127.0.0.1:59554]
  &amp#27;[32mAnd &amp#27;[0m&amp#27;[32mText qty has change&amp#27;[0m           &amp#27;[90m# starter.stepdefinitions.OrderStep.textQtyHasChange()&amp#27;[0m
04:06:55.771 [Forwarding findElement on session cba256303081debc4427f04784e087f9 to remote] DEBUG org.asynchttpclient.netty.request.NettyRequestSender - Using pooled Channel '[id: 0x5168dfe6, L:/127.0.0.1:62273 - R:localhost/127.0.0.1:59554]' for 'POST' to 'http://localhost:59554/session/cba256303081debc4427f04784e087f9/element'
04:06:55.771 [Forwarding findElement on session cba256303081debc4427f04784e087f9 to remote] DEBUG org.asynchttpclient.netty.request.NettyRequestSender - Using open Channel [id: 0x5168dfe6, L:/127.0.0.1:62273 - R:localhost/127.0.0.1:59554] for POST '/session/cba256303081debc4427f04784e087f9/element'
04:06:55.782 [AsyncHttpClient-1-7] DEBUG org.asynchttpclient.netty.handler.HttpHandler - 

Request DefaultHttpRequest(decodeResult: success, version: HTTP/1.1)
POST /session/cba256303081debc4427f04784e087f9/element HTTP/1.1
User-Agent: selenium/4.1.2 (java windows)
Content-Length: 66
Content-Type: application/json; charset=utf-8
host: localhost:59554
accept: */*

Response DefaultHttpResponse(decodeResult: success, version: HTTP/1.1)
HTTP/1.1 200 OK
Content-Type: application/json; charset=utf-8
cache-control: no-cache
content-length: 88

04:06:55.782 [AsyncHttpClient-1-7] DEBUG org.asynchttpclient.netty.channel.ChannelManager - Adding key: http://localhost:59554 for channel [id: 0x5168dfe6, L:/127.0.0.1:62273 - R:localhost/127.0.0.1:59554]
04:06:55.783 [Forwarding getElementTagName on session cba256303081debc4427f04784e087f9 to remote] DEBUG org.asynchttpclient.netty.request.NettyRequestSender - Using pooled Channel '[id: 0x5168dfe6, L:/127.0.0.1:62273 - R:localhost/127.0.0.1:59554]' for 'GET' to 'http://localhost:59554/session/cba256303081debc4427f04784e087f9/element/866fd1de-d057-4ba1-afa3-d38d6b834824/name'
04:06:55.783 [Forwarding getElementTagName on session cba256303081debc4427f04784e087f9 to remote] DEBUG org.asynchttpclient.netty.request.NettyRequestSender - Using open Channel [id: 0x5168dfe6, L:/127.0.0.1:62273 - R:localhost/127.0.0.1:59554] for GET '/session/cba256303081debc4427f04784e087f9/element/866fd1de-d057-4ba1-afa3-d38d6b834824/name'
04:06:55.786 [AsyncHttpClient-1-7] DEBUG org.asynchttpclient.netty.handler.HttpHandler - 

Request DefaultFullHttpRequest(decodeResult: success, version: HTTP/1.1, content: EmptyByteBufBE)
GET /session/cba256303081debc4427f04784e087f9/element/866fd1de-d057-4ba1-afa3-d38d6b834824/name HTTP/1.1
User-Agent: selenium/4.1.2 (java windows)
Cache-Control: no-cache
Content-Type: application/json; charset=utf-8
host: localhost:59554
accept: */*

Response DefaultHttpResponse(decodeResult: success, version: HTTP/1.1)
HTTP/1.1 200 OK
Content-Type: application/json; charset=utf-8
cache-control: no-cache
content-length: 16

04:06:55.786 [AsyncHttpClient-1-7] DEBUG org.asynchttpclient.netty.channel.ChannelManager - Adding key: http://localhost:59554 for channel [id: 0x5168dfe6, L:/127.0.0.1:62273 - R:localhost/127.0.0.1:59554]
04:06:55.787 [Forwarding getElementTagName on session cba256303081debc4427f04784e087f9 to remote] DEBUG org.asynchttpclient.netty.request.NettyRequestSender - Using pooled Channel '[id: 0x5168dfe6, L:/127.0.0.1:62273 - R:localhost/127.0.0.1:59554]' for 'GET' to 'http://localhost:59554/session/cba256303081debc4427f04784e087f9/element/866fd1de-d057-4ba1-afa3-d38d6b834824/name'
04:06:55.787 [Forwarding getElementTagName on session cba256303081debc4427f04784e087f9 to remote] DEBUG org.asynchttpclient.netty.request.NettyRequestSender - Using open Channel [id: 0x5168dfe6, L:/127.0.0.1:62273 - R:localhost/127.0.0.1:59554] for GET '/session/cba256303081debc4427f04784e087f9/element/866fd1de-d057-4ba1-afa3-d38d6b834824/name'
04:06:55.790 [AsyncHttpClient-1-7] DEBUG org.asynchttpclient.netty.handler.HttpHandler - 

Request DefaultFullHttpRequest(decodeResult: success, version: HTTP/1.1, content: EmptyByteBufBE)
GET /session/cba256303081debc4427f04784e087f9/element/866fd1de-d057-4ba1-afa3-d38d6b834824/name HTTP/1.1
User-Agent: selenium/4.1.2 (java windows)
Cache-Control: no-cache
Content-Type: application/json; charset=utf-8
host: localhost:59554
accept: */*

Response DefaultHttpResponse(decodeResult: success, version: HTTP/1.1)
HTTP/1.1 200 OK
Content-Type: application/json; charset=utf-8
cache-control: no-cache
content-length: 16

04:06:55.790 [AsyncHttpClient-1-7] DEBUG org.asynchttpclient.netty.channel.ChannelManager - Adding key: http://localhost:59554 for channel [id: 0x5168dfe6, L:/127.0.0.1:62273 - R:localhost/127.0.0.1:59554]
04:06:55.791 [Forwarding findElement on session cba256303081debc4427f04784e087f9 to remote] DEBUG org.asynchttpclient.netty.request.NettyRequestSender - Using pooled Channel '[id: 0x5168dfe6, L:/127.0.0.1:62273 - R:localhost/127.0.0.1:59554]' for 'POST' to 'http://localhost:59554/session/cba256303081debc4427f04784e087f9/element'
04:06:55.791 [Forwarding findElement on session cba256303081debc4427f04784e087f9 to remote] DEBUG org.asynchttpclient.netty.request.NettyRequestSender - Using open Channel [id: 0x5168dfe6, L:/127.0.0.1:62273 - R:localhost/127.0.0.1:59554] for POST '/session/cba256303081debc4427f04784e087f9/element'
04:06:55.798 [AsyncHttpClient-1-7] DEBUG org.asynchttpclient.netty.handler.HttpHandler - 

Request DefaultHttpRequest(decodeResult: success, version: HTTP/1.1)
POST /session/cba256303081debc4427f04784e087f9/element HTTP/1.1
User-Agent: selenium/4.1.2 (java windows)
Content-Length: 66
Content-Type: application/json; charset=utf-8
host: localhost:59554
accept: */*

Response DefaultHttpResponse(decodeResult: success, version: HTTP/1.1)
HTTP/1.1 200 OK
Content-Type: application/json; charset=utf-8
cache-control: no-cache
content-length: 88

04:06:55.798 [AsyncHttpClient-1-7] DEBUG org.asynchttpclient.netty.channel.ChannelManager - Adding key: http://localhost:59554 for channel [id: 0x5168dfe6, L:/127.0.0.1:62273 - R:localhost/127.0.0.1:59554]
04:06:55.799 [Forwarding clickElement on session cba256303081debc4427f04784e087f9 to remote] DEBUG org.asynchttpclient.netty.request.NettyRequestSender - Using pooled Channel '[id: 0x5168dfe6, L:/127.0.0.1:62273 - R:localhost/127.0.0.1:59554]' for 'POST' to 'http://localhost:59554/session/cba256303081debc4427f04784e087f9/element/866fd1de-d057-4ba1-afa3-d38d6b834824/click'
04:06:55.799 [Forwarding clickElement on session cba256303081debc4427f04784e087f9 to remote] DEBUG org.asynchttpclient.netty.request.NettyRequestSender - Using open Channel [id: 0x5168dfe6, L:/127.0.0.1:62273 - R:localhost/127.0.0.1:59554] for POST '/session/cba256303081debc4427f04784e087f9/element/866fd1de-d057-4ba1-afa3-d38d6b834824/click'
04:06:55.820 [AsyncHttpClient-1-1] DEBUG org.asynchttpclient.netty.channel.DefaultChannelPool - Entry count for : http://localhost:62274 : 1
04:06:55.832 [AsyncHttpClient-1-7] DEBUG org.asynchttpclient.netty.handler.HttpHandler - 

Request DefaultHttpRequest(decodeResult: success, version: HTTP/1.1)
POST /session/cba256303081debc4427f04784e087f9/element/866fd1de-d057-4ba1-afa3-d38d6b834824/click HTTP/1.1
User-Agent: selenium/4.1.2 (java windows)
Content-Length: 50
Content-Type: application/json; charset=utf-8
host: localhost:59554
accept: */*

Response DefaultHttpResponse(decodeResult: success, version: HTTP/1.1)
HTTP/1.1 200 OK
Content-Type: application/json; charset=utf-8
cache-control: no-cache
content-length: 14

04:06:55.833 [AsyncHttpClient-1-7] DEBUG org.asynchttpclient.netty.channel.ChannelManager - Adding key: http://localhost:59554 for channel [id: 0x5168dfe6, L:/127.0.0.1:62273 - R:localhost/127.0.0.1:59554]
  &amp#27;[32mAnd &amp#27;[0m&amp#27;[32mI click button delete&amp#27;[0m         &amp#27;[90m# starter.stepdefinitions.OrderStep.iClickButtonDelete()&amp#27;[0m
04:06:55.837 [Forwarding screenshot on session cba256303081debc4427f04784e087f9 to remote] DEBUG org.asynchttpclient.netty.request.NettyRequestSender - Using pooled Channel '[id: 0x5168dfe6, L:/127.0.0.1:62273 - R:localhost/127.0.0.1:59554]' for 'GET' to 'http://localhost:59554/session/cba256303081debc4427f04784e087f9/screenshot'
04:06:55.837 [Forwarding screenshot on session cba256303081debc4427f04784e087f9 to remote] DEBUG org.asynchttpclient.netty.request.NettyRequestSender - Using open Channel [id: 0x5168dfe6, L:/127.0.0.1:62273 - R:localhost/127.0.0.1:59554] for GET '/session/cba256303081debc4427f04784e087f9/screenshot'
04:06:55.980 [AsyncHttpClient-1-7] DEBUG org.asynchttpclient.netty.handler.HttpHandler - 

Request DefaultFullHttpRequest(decodeResult: success, version: HTTP/1.1, content: EmptyByteBufBE)
GET /session/cba256303081debc4427f04784e087f9/screenshot HTTP/1.1
User-Agent: selenium/4.1.2 (java windows)
Cache-Control: no-cache
Content-Type: application/json; charset=utf-8
host: localhost:59554
accept: */*

Response DefaultHttpResponse(decodeResult: success, version: HTTP/1.1)
HTTP/1.1 200 OK
Content-Type: application/json; charset=utf-8
cache-control: no-cache
content-length: 29704

04:06:55.980 [AsyncHttpClient-1-7] DEBUG org.asynchttpclient.netty.channel.ChannelManager - Adding key: http://localhost:59554 for channel [id: 0x5168dfe6, L:/127.0.0.1:62273 - R:localhost/127.0.0.1:59554]
04:06:55.982 [main] DEBUG net.serenitybdd.core.photography.Darkroom - Send negative for processing for target\site\serenity\a44c154b18dd02fe962b7377829add04d678faab5e2f8cd4e8c94354dde4d675.png
04:06:55.982 [Darkroom Processing Line] DEBUG net.serenitybdd.core.photography.DarkroomProcessingLine - Processing screenshot image in /var/screenshots/screenshot-17812525428144250517
04:06:55.982 [Darkroom Processing Line] DEBUG net.serenitybdd.core.photography.DarkroomProcessingLine - Saving screenshot to target\site\serenity\a44c154b18dd02fe962b7377829add04d678faab5e2f8cd4e8c94354dde4d675.png
04:06:55.987 [Forwarding findElement on session cba256303081debc4427f04784e087f9 to remote] DEBUG org.asynchttpclient.netty.request.NettyRequestSender - Using pooled Channel '[id: 0x5168dfe6, L:/127.0.0.1:62273 - R:localhost/127.0.0.1:59554]' for 'POST' to 'http://localhost:59554/session/cba256303081debc4427f04784e087f9/element'
04:06:55.987 [Forwarding findElement on session cba256303081debc4427f04784e087f9 to remote] DEBUG org.asynchttpclient.netty.request.NettyRequestSender - Using open Channel [id: 0x5168dfe6, L:/127.0.0.1:62273 - R:localhost/127.0.0.1:59554] for POST '/session/cba256303081debc4427f04784e087f9/element'
04:06:55.994 [AsyncHttpClient-1-7] DEBUG org.asynchttpclient.netty.handler.HttpHandler - 

Request DefaultHttpRequest(decodeResult: success, version: HTTP/1.1)
POST /session/cba256303081debc4427f04784e087f9/element HTTP/1.1
User-Agent: selenium/4.1.2 (java windows)
Content-Length: 83
Content-Type: application/json; charset=utf-8
host: localhost:59554
accept: */*

Response DefaultHttpResponse(decodeResult: success, version: HTTP/1.1)
HTTP/1.1 200 OK
Content-Type: application/json; charset=utf-8
cache-control: no-cache
content-length: 88

04:06:55.994 [AsyncHttpClient-1-7] DEBUG org.asynchttpclient.netty.channel.ChannelManager - Adding key: http://localhost:59554 for channel [id: 0x5168dfe6, L:/127.0.0.1:62273 - R:localhost/127.0.0.1:59554]
04:06:55.997 [Forwarding isElementDisplayed on session cba256303081debc4427f04784e087f9 to remote] DEBUG org.asynchttpclient.netty.request.NettyRequestSender - Using pooled Channel '[id: 0x5168dfe6, L:/127.0.0.1:62273 - R:localhost/127.0.0.1:59554]' for 'POST' to 'http://localhost:59554/session/cba256303081debc4427f04784e087f9/execute/sync'
04:06:55.997 [Forwarding isElementDisplayed on session cba256303081debc4427f04784e087f9 to remote] DEBUG org.asynchttpclient.netty.request.NettyRequestSender - Using open Channel [id: 0x5168dfe6, L:/127.0.0.1:62273 - R:localhost/127.0.0.1:59554] for POST '/session/cba256303081debc4427f04784e087f9/execute/sync'
04:06:56.008 [AsyncHttpClient-1-7] DEBUG org.asynchttpclient.netty.handler.HttpHandler - 

Request DefaultHttpRequest(decodeResult: success, version: HTTP/1.1)
POST /session/cba256303081debc4427f04784e087f9/execute/sync HTTP/1.1
User-Agent: selenium/4.1.2 (java windows)
Content-Length: 48780
Content-Type: application/json; charset=utf-8
host: localhost:59554
accept: */*

Response DefaultHttpResponse(decodeResult: success, version: HTTP/1.1)
HTTP/1.1 200 OK
Content-Type: application/json; charset=utf-8
cache-control: no-cache
content-length: 14

04:06:56.008 [AsyncHttpClient-1-7] DEBUG org.asynchttpclient.netty.channel.ChannelManager - Adding key: http://localhost:59554 for channel [id: 0x5168dfe6, L:/127.0.0.1:62273 - R:localhost/127.0.0.1:59554]
  &amp#27;[32mAnd &amp#27;[0m&amp#27;[32mText qty has change&amp#27;[0m           &amp#27;[90m# starter.stepdefinitions.OrderStep.textQtyHasChange()&amp#27;[0m
04:06:56.017 [Forwarding findElement on session cba256303081debc4427f04784e087f9 to remote] DEBUG org.asynchttpclient.netty.request.NettyRequestSender - Using pooled Channel '[id: 0x5168dfe6, L:/127.0.0.1:62273 - R:localhost/127.0.0.1:59554]' for 'POST' to 'http://localhost:59554/session/cba256303081debc4427f04784e087f9/element'
04:06:56.017 [Forwarding findElement on session cba256303081debc4427f04784e087f9 to remote] DEBUG org.asynchttpclient.netty.request.NettyRequestSender - Using open Channel [id: 0x5168dfe6, L:/127.0.0.1:62273 - R:localhost/127.0.0.1:59554] for POST '/session/cba256303081debc4427f04784e087f9/element'
04:06:56.027 [AsyncHttpClient-1-7] DEBUG org.asynchttpclient.netty.handler.HttpHandler - 

Request DefaultHttpRequest(decodeResult: success, version: HTTP/1.1)
POST /session/cba256303081debc4427f04784e087f9/element HTTP/1.1
User-Agent: selenium/4.1.2 (java windows)
Content-Length: 59
Content-Type: application/json; charset=utf-8
host: localhost:59554
accept: */*

Response DefaultHttpResponse(decodeResult: success, version: HTTP/1.1)
HTTP/1.1 200 OK
Content-Type: application/json; charset=utf-8
cache-control: no-cache
content-length: 88

04:06:56.027 [AsyncHttpClient-1-7] DEBUG org.asynchttpclient.netty.channel.ChannelManager - Adding key: http://localhost:59554 for channel [id: 0x5168dfe6, L:/127.0.0.1:62273 - R:localhost/127.0.0.1:59554]
04:06:56.028 [Forwarding getElementTagName on session cba256303081debc4427f04784e087f9 to remote] DEBUG org.asynchttpclient.netty.request.NettyRequestSender - Using pooled Channel '[id: 0x5168dfe6, L:/127.0.0.1:62273 - R:localhost/127.0.0.1:59554]' for 'GET' to 'http://localhost:59554/session/cba256303081debc4427f04784e087f9/element/0f5efd0c-1e45-4c3c-bf0f-76cd75ab2e31/name'
04:06:56.028 [Forwarding getElementTagName on session cba256303081debc4427f04784e087f9 to remote] DEBUG org.asynchttpclient.netty.request.NettyRequestSender - Using open Channel [id: 0x5168dfe6, L:/127.0.0.1:62273 - R:localhost/127.0.0.1:59554] for GET '/session/cba256303081debc4427f04784e087f9/element/0f5efd0c-1e45-4c3c-bf0f-76cd75ab2e31/name'
04:06:56.033 [AsyncHttpClient-1-7] DEBUG org.asynchttpclient.netty.handler.HttpHandler - 

Request DefaultFullHttpRequest(decodeResult: success, version: HTTP/1.1, content: EmptyByteBufBE)
GET /session/cba256303081debc4427f04784e087f9/element/0f5efd0c-1e45-4c3c-bf0f-76cd75ab2e31/name HTTP/1.1
User-Agent: selenium/4.1.2 (java windows)
Cache-Control: no-cache
Content-Type: application/json; charset=utf-8
host: localhost:59554
accept: */*

Response DefaultHttpResponse(decodeResult: success, version: HTTP/1.1)
HTTP/1.1 200 OK
Content-Type: application/json; charset=utf-8
cache-control: no-cache
content-length: 18

04:06:56.033 [AsyncHttpClient-1-7] DEBUG org.asynchttpclient.netty.channel.ChannelManager - Adding key: http://localhost:59554 for channel [id: 0x5168dfe6, L:/127.0.0.1:62273 - R:localhost/127.0.0.1:59554]
04:06:56.034 [Forwarding getElementTagName on session cba256303081debc4427f04784e087f9 to remote] DEBUG org.asynchttpclient.netty.request.NettyRequestSender - Using pooled Channel '[id: 0x5168dfe6, L:/127.0.0.1:62273 - R:localhost/127.0.0.1:59554]' for 'GET' to 'http://localhost:59554/session/cba256303081debc4427f04784e087f9/element/0f5efd0c-1e45-4c3c-bf0f-76cd75ab2e31/name'
04:06:56.034 [Forwarding getElementTagName on session cba256303081debc4427f04784e087f9 to remote] DEBUG org.asynchttpclient.netty.request.NettyRequestSender - Using open Channel [id: 0x5168dfe6, L:/127.0.0.1:62273 - R:localhost/127.0.0.1:59554] for GET '/session/cba256303081debc4427f04784e087f9/element/0f5efd0c-1e45-4c3c-bf0f-76cd75ab2e31/name'
04:06:56.037 [AsyncHttpClient-1-7] DEBUG org.asynchttpclient.netty.handler.HttpHandler - 

Request DefaultFullHttpRequest(decodeResult: success, version: HTTP/1.1, content: EmptyByteBufBE)
GET /session/cba256303081debc4427f04784e087f9/element/0f5efd0c-1e45-4c3c-bf0f-76cd75ab2e31/name HTTP/1.1
User-Agent: selenium/4.1.2 (java windows)
Cache-Control: no-cache
Content-Type: application/json; charset=utf-8
host: localhost:59554
accept: */*

Response DefaultHttpResponse(decodeResult: success, version: HTTP/1.1)
HTTP/1.1 200 OK
Content-Type: application/json; charset=utf-8
cache-control: no-cache
content-length: 18

04:06:56.037 [AsyncHttpClient-1-7] DEBUG org.asynchttpclient.netty.channel.ChannelManager - Adding key: http://localhost:59554 for channel [id: 0x5168dfe6, L:/127.0.0.1:62273 - R:localhost/127.0.0.1:59554]
04:06:56.039 [Forwarding isElementEnabled on session cba256303081debc4427f04784e087f9 to remote] DEBUG org.asynchttpclient.netty.request.NettyRequestSender - Using pooled Channel '[id: 0x5168dfe6, L:/127.0.0.1:62273 - R:localhost/127.0.0.1:59554]' for 'GET' to 'http://localhost:59554/session/cba256303081debc4427f04784e087f9/element/0f5efd0c-1e45-4c3c-bf0f-76cd75ab2e31/enabled'
04:06:56.039 [Forwarding isElementEnabled on session cba256303081debc4427f04784e087f9 to remote] DEBUG org.asynchttpclient.netty.request.NettyRequestSender - Using open Channel [id: 0x5168dfe6, L:/127.0.0.1:62273 - R:localhost/127.0.0.1:59554] for GET '/session/cba256303081debc4427f04784e087f9/element/0f5efd0c-1e45-4c3c-bf0f-76cd75ab2e31/enabled'
04:06:56.047 [AsyncHttpClient-1-7] DEBUG org.asynchttpclient.netty.handler.HttpHandler - 

Request DefaultFullHttpRequest(decodeResult: success, version: HTTP/1.1, content: EmptyByteBufBE)
GET /session/cba256303081debc4427f04784e087f9/element/0f5efd0c-1e45-4c3c-bf0f-76cd75ab2e31/enabled HTTP/1.1
User-Agent: selenium/4.1.2 (java windows)
Cache-Control: no-cache
Content-Type: application/json; charset=utf-8
host: localhost:59554
accept: */*

Response DefaultHttpResponse(decodeResult: success, version: HTTP/1.1)
HTTP/1.1 200 OK
Content-Type: application/json; charset=utf-8
cache-control: no-cache
content-length: 14

04:06:56.047 [AsyncHttpClient-1-7] DEBUG org.asynchttpclient.netty.channel.ChannelManager - Adding key: http://localhost:59554 for channel [id: 0x5168dfe6, L:/127.0.0.1:62273 - R:localhost/127.0.0.1:59554]
04:06:56.048 [Forwarding isElementEnabled on session cba256303081debc4427f04784e087f9 to remote] DEBUG org.asynchttpclient.netty.request.NettyRequestSender - Using pooled Channel '[id: 0x5168dfe6, L:/127.0.0.1:62273 - R:localhost/127.0.0.1:59554]' for 'GET' to 'http://localhost:59554/session/cba256303081debc4427f04784e087f9/element/0f5efd0c-1e45-4c3c-bf0f-76cd75ab2e31/enabled'
04:06:56.048 [Forwarding isElementEnabled on session cba256303081debc4427f04784e087f9 to remote] DEBUG org.asynchttpclient.netty.request.NettyRequestSender - Using open Channel [id: 0x5168dfe6, L:/127.0.0.1:62273 - R:localhost/127.0.0.1:59554] for GET '/session/cba256303081debc4427f04784e087f9/element/0f5efd0c-1e45-4c3c-bf0f-76cd75ab2e31/enabled'
04:06:56.052 [AsyncHttpClient-1-7] DEBUG org.asynchttpclient.netty.handler.HttpHandler - 

Request DefaultFullHttpRequest(decodeResult: success, version: HTTP/1.1, content: EmptyByteBufBE)
GET /session/cba256303081debc4427f04784e087f9/element/0f5efd0c-1e45-4c3c-bf0f-76cd75ab2e31/enabled HTTP/1.1
User-Agent: selenium/4.1.2 (java windows)
Cache-Control: no-cache
Content-Type: application/json; charset=utf-8
host: localhost:59554
accept: */*

Response DefaultHttpResponse(decodeResult: success, version: HTTP/1.1)
HTTP/1.1 200 OK
Content-Type: application/json; charset=utf-8
cache-control: no-cache
content-length: 14

04:06:56.052 [AsyncHttpClient-1-7] DEBUG org.asynchttpclient.netty.channel.ChannelManager - Adding key: http://localhost:59554 for channel [id: 0x5168dfe6, L:/127.0.0.1:62273 - R:localhost/127.0.0.1:59554]
04:06:56.054 [Forwarding findElement on session cba256303081debc4427f04784e087f9 to remote] DEBUG org.asynchttpclient.netty.request.NettyRequestSender - Using pooled Channel '[id: 0x5168dfe6, L:/127.0.0.1:62273 - R:localhost/127.0.0.1:59554]' for 'POST' to 'http://localhost:59554/session/cba256303081debc4427f04784e087f9/element'
04:06:56.054 [Forwarding findElement on session cba256303081debc4427f04784e087f9 to remote] DEBUG org.asynchttpclient.netty.request.NettyRequestSender - Using open Channel [id: 0x5168dfe6, L:/127.0.0.1:62273 - R:localhost/127.0.0.1:59554] for POST '/session/cba256303081debc4427f04784e087f9/element'
04:06:56.059 [AsyncHttpClient-1-7] DEBUG org.asynchttpclient.netty.handler.HttpHandler - 

Request DefaultHttpRequest(decodeResult: success, version: HTTP/1.1)
POST /session/cba256303081debc4427f04784e087f9/element HTTP/1.1
User-Agent: selenium/4.1.2 (java windows)
Content-Length: 59
Content-Type: application/json; charset=utf-8
host: localhost:59554
accept: */*

Response DefaultHttpResponse(decodeResult: success, version: HTTP/1.1)
HTTP/1.1 200 OK
Content-Type: application/json; charset=utf-8
cache-control: no-cache
content-length: 88

04:06:56.059 [AsyncHttpClient-1-7] DEBUG org.asynchttpclient.netty.channel.ChannelManager - Adding key: http://localhost:59554 for channel [id: 0x5168dfe6, L:/127.0.0.1:62273 - R:localhost/127.0.0.1:59554]
04:06:56.061 [Forwarding clickElement on session cba256303081debc4427f04784e087f9 to remote] DEBUG org.asynchttpclient.netty.request.NettyRequestSender - Using pooled Channel '[id: 0x5168dfe6, L:/127.0.0.1:62273 - R:localhost/127.0.0.1:59554]' for 'POST' to 'http://localhost:59554/session/cba256303081debc4427f04784e087f9/element/0f5efd0c-1e45-4c3c-bf0f-76cd75ab2e31/click'
04:06:56.061 [Forwarding clickElement on session cba256303081debc4427f04784e087f9 to remote] DEBUG org.asynchttpclient.netty.request.NettyRequestSender - Using open Channel [id: 0x5168dfe6, L:/127.0.0.1:62273 - R:localhost/127.0.0.1:59554] for POST '/session/cba256303081debc4427f04784e087f9/element/0f5efd0c-1e45-4c3c-bf0f-76cd75ab2e31/click'
04:06:56.100 [AsyncHttpClient-1-7] DEBUG org.asynchttpclient.netty.handler.HttpHandler - 

Request DefaultHttpRequest(decodeResult: success, version: HTTP/1.1)
POST /session/cba256303081debc4427f04784e087f9/element/0f5efd0c-1e45-4c3c-bf0f-76cd75ab2e31/click HTTP/1.1
User-Agent: selenium/4.1.2 (java windows)
Content-Length: 50
Content-Type: application/json; charset=utf-8
host: localhost:59554
accept: */*

Response DefaultHttpResponse(decodeResult: success, version: HTTP/1.1)
HTTP/1.1 200 OK
Content-Type: application/json; charset=utf-8
cache-control: no-cache
content-length: 14

04:06:56.100 [AsyncHttpClient-1-7] DEBUG org.asynchttpclient.netty.channel.ChannelManager - Adding key: http://localhost:59554 for channel [id: 0x5168dfe6, L:/127.0.0.1:62273 - R:localhost/127.0.0.1:59554]
04:06:56.118 [Forwarding screenshot on session cba256303081debc4427f04784e087f9 to remote] DEBUG org.asynchttpclient.netty.request.NettyRequestSender - Using pooled Channel '[id: 0x5168dfe6, L:/127.0.0.1:62273 - R:localhost/127.0.0.1:59554]' for 'GET' to 'http://localhost:59554/session/cba256303081debc4427f04784e087f9/screenshot'
04:06:56.118 [Forwarding screenshot on session cba256303081debc4427f04784e087f9 to remote] DEBUG org.asynchttpclient.netty.request.NettyRequestSender - Using open Channel [id: 0x5168dfe6, L:/127.0.0.1:62273 - R:localhost/127.0.0.1:59554] for GET '/session/cba256303081debc4427f04784e087f9/screenshot'
04:06:56.263 [AsyncHttpClient-1-7] DEBUG org.asynchttpclient.netty.handler.HttpHandler - 

Request DefaultFullHttpRequest(decodeResult: success, version: HTTP/1.1, content: EmptyByteBufBE)
GET /session/cba256303081debc4427f04784e087f9/screenshot HTTP/1.1
User-Agent: selenium/4.1.2 (java windows)
Cache-Control: no-cache
Content-Type: application/json; charset=utf-8
host: localhost:59554
accept: */*

Response DefaultHttpResponse(decodeResult: success, version: HTTP/1.1)
HTTP/1.1 200 OK
Content-Type: application/json; charset=utf-8
cache-control: no-cache
content-length: 24884

04:06:56.264 [AsyncHttpClient-1-7] DEBUG org.asynchttpclient.netty.channel.ChannelManager - Adding key: http://localhost:59554 for channel [id: 0x5168dfe6, L:/127.0.0.1:62273 - R:localhost/127.0.0.1:59554]
04:06:56.266 [main] DEBUG net.serenitybdd.core.photography.Darkroom - Send negative for processing for target\site\serenity\78648ce7445b9226fab94dc126049d32cfbe45d7cc0e249790210bd23f7d45b7.png
04:06:56.266 [Darkroom Processing Line] DEBUG net.serenitybdd.core.photography.DarkroomProcessingLine - Processing screenshot image in /var/screenshots/screenshot-13720437260418946669
04:06:56.266 [Darkroom Processing Line] DEBUG net.serenitybdd.core.photography.DarkroomProcessingLine - Saving screenshot to target\site\serenity\78648ce7445b9226fab94dc126049d32cfbe45d7cc0e249790210bd23f7d45b7.png
04:06:56.268 [main] DEBUG net.thucydides.core.steps.StepInterceptor - STARTING STEP: OrderStep.iClickButtonCheckoutOrder - iWillLogin
04:06:56.269 [Forwarding get on session cba256303081debc4427f04784e087f9 to remote] DEBUG org.asynchttpclient.netty.request.NettyRequestSender - Using pooled Channel '[id: 0x5168dfe6, L:/127.0.0.1:62273 - R:localhost/127.0.0.1:59554]' for 'POST' to 'http://localhost:59554/session/cba256303081debc4427f04784e087f9/url'
04:06:56.269 [Forwarding get on session cba256303081debc4427f04784e087f9 to remote] DEBUG org.asynchttpclient.netty.request.NettyRequestSender - Using open Channel [id: 0x5168dfe6, L:/127.0.0.1:62273 - R:localhost/127.0.0.1:59554] for POST '/session/cba256303081debc4427f04784e087f9/url'
04:06:56.440 [AsyncHttpClient-1-7] DEBUG org.asynchttpclient.netty.handler.HttpHandler - 

Request DefaultHttpRequest(decodeResult: success, version: HTTP/1.1)
POST /session/cba256303081debc4427f04784e087f9/url HTTP/1.1
User-Agent: selenium/4.1.2 (java windows)
Content-Length: 74
Content-Type: application/json; charset=utf-8
host: localhost:59554
accept: */*

Response DefaultHttpResponse(decodeResult: success, version: HTTP/1.1)
HTTP/1.1 200 OK
Content-Type: application/json; charset=utf-8
cache-control: no-cache
content-length: 14

04:06:56.441 [AsyncHttpClient-1-7] DEBUG org.asynchttpclient.netty.channel.ChannelManager - Adding key: http://localhost:59554 for channel [id: 0x5168dfe6, L:/127.0.0.1:62273 - R:localhost/127.0.0.1:59554]
04:06:56.443 [Forwarding getCurrentUrl on session cba256303081debc4427f04784e087f9 to remote] DEBUG org.asynchttpclient.netty.request.NettyRequestSender - Using pooled Channel '[id: 0x5168dfe6, L:/127.0.0.1:62273 - R:localhost/127.0.0.1:59554]' for 'GET' to 'http://localhost:59554/session/cba256303081debc4427f04784e087f9/url'
04:06:56.443 [Forwarding getCurrentUrl on session cba256303081debc4427f04784e087f9 to remote] DEBUG org.asynchttpclient.netty.request.NettyRequestSender - Using open Channel [id: 0x5168dfe6, L:/127.0.0.1:62273 - R:localhost/127.0.0.1:59554] for GET '/session/cba256303081debc4427f04784e087f9/url'
04:06:56.446 [AsyncHttpClient-1-7] DEBUG org.asynchttpclient.netty.handler.HttpHandler - 

Request DefaultFullHttpRequest(decodeResult: success, version: HTTP/1.1, content: EmptyByteBufBE)
GET /session/cba256303081debc4427f04784e087f9/url HTTP/1.1
User-Agent: selenium/4.1.2 (java windows)
Cache-Control: no-cache
Content-Type: application/json; charset=utf-8
host: localhost:59554
accept: */*

Response DefaultHttpResponse(decodeResult: success, version: HTTP/1.1)
HTTP/1.1 200 OK
Content-Type: application/json; charset=utf-8
cache-control: no-cache
content-length: 51

04:06:56.446 [AsyncHttpClient-1-7] DEBUG org.asynchttpclient.netty.channel.ChannelManager - Adding key: http://localhost:59554 for channel [id: 0x5168dfe6, L:/127.0.0.1:62273 - R:localhost/127.0.0.1:59554]
04:06:56.450 [Forwarding findElement on session cba256303081debc4427f04784e087f9 to remote] DEBUG org.asynchttpclient.netty.request.NettyRequestSender - Using pooled Channel '[id: 0x5168dfe6, L:/127.0.0.1:62273 - R:localhost/127.0.0.1:59554]' for 'POST' to 'http://localhost:59554/session/cba256303081debc4427f04784e087f9/element'
04:06:56.450 [Forwarding findElement on session cba256303081debc4427f04784e087f9 to remote] DEBUG org.asynchttpclient.netty.request.NettyRequestSender - Using open Channel [id: 0x5168dfe6, L:/127.0.0.1:62273 - R:localhost/127.0.0.1:59554] for POST '/session/cba256303081debc4427f04784e087f9/element'
04:06:56.460 [AsyncHttpClient-1-7] DEBUG org.asynchttpclient.netty.handler.HttpHandler - 

Request DefaultHttpRequest(decodeResult: success, version: HTTP/1.1)
POST /session/cba256303081debc4427f04784e087f9/element HTTP/1.1
User-Agent: selenium/4.1.2 (java windows)
Content-Length: 55
Content-Type: application/json; charset=utf-8
host: localhost:59554
accept: */*

Response DefaultHttpResponse(decodeResult: success, version: HTTP/1.1)
HTTP/1.1 200 OK
Content-Type: application/json; charset=utf-8
cache-control: no-cache
content-length: 88

04:06:56.462 [AsyncHttpClient-1-7] DEBUG org.asynchttpclient.netty.channel.ChannelManager - Adding key: http://localhost:59554 for channel [id: 0x5168dfe6, L:/127.0.0.1:62273 - R:localhost/127.0.0.1:59554]
04:06:56.464 [Forwarding clearElement on session cba256303081debc4427f04784e087f9 to remote] DEBUG org.asynchttpclient.netty.request.NettyRequestSender - Using pooled Channel '[id: 0x5168dfe6, L:/127.0.0.1:62273 - R:localhost/127.0.0.1:59554]' for 'POST' to 'http://localhost:59554/session/cba256303081debc4427f04784e087f9/element/eb726d0b-f885-4f13-8525-037e3f4bdbef/clear'
04:06:56.464 [Forwarding clearElement on session cba256303081debc4427f04784e087f9 to remote] DEBUG org.asynchttpclient.netty.request.NettyRequestSender - Using open Channel [id: 0x5168dfe6, L:/127.0.0.1:62273 - R:localhost/127.0.0.1:59554] for POST '/session/cba256303081debc4427f04784e087f9/element/eb726d0b-f885-4f13-8525-037e3f4bdbef/clear'
04:06:56.491 [AsyncHttpClient-1-7] DEBUG org.asynchttpclient.netty.handler.HttpHandler - 

Request DefaultHttpRequest(decodeResult: success, version: HTTP/1.1)
POST /session/cba256303081debc4427f04784e087f9/element/eb726d0b-f885-4f13-8525-037e3f4bdbef/clear HTTP/1.1
User-Agent: selenium/4.1.2 (java windows)
Content-Length: 50
Content-Type: application/json; charset=utf-8
host: localhost:59554
accept: */*

Response DefaultHttpResponse(decodeResult: success, version: HTTP/1.1)
HTTP/1.1 200 OK
Content-Type: application/json; charset=utf-8
cache-control: no-cache
content-length: 14

04:06:56.491 [AsyncHttpClient-1-7] DEBUG org.asynchttpclient.netty.channel.ChannelManager - Adding key: http://localhost:59554 for channel [id: 0x5168dfe6, L:/127.0.0.1:62273 - R:localhost/127.0.0.1:59554]
04:06:56.493 [Forwarding sendKeysToElement on session cba256303081debc4427f04784e087f9 to remote] DEBUG org.asynchttpclient.netty.request.NettyRequestSender - Using pooled Channel '[id: 0x5168dfe6, L:/127.0.0.1:62273 - R:localhost/127.0.0.1:59554]' for 'POST' to 'http://localhost:59554/session/cba256303081debc4427f04784e087f9/element/eb726d0b-f885-4f13-8525-037e3f4bdbef/value'
04:06:56.493 [Forwarding sendKeysToElement on session cba256303081debc4427f04784e087f9 to remote] DEBUG org.asynchttpclient.netty.request.NettyRequestSender - Using open Channel [id: 0x5168dfe6, L:/127.0.0.1:62273 - R:localhost/127.0.0.1:59554] for POST '/session/cba256303081debc4427f04784e087f9/element/eb726d0b-f885-4f13-8525-037e3f4bdbef/value'
04:06:56.588 [AsyncHttpClient-1-7] DEBUG org.asynchttpclient.netty.handler.HttpHandler - 

Request DefaultHttpRequest(decodeResult: success, version: HTTP/1.1)
POST /session/cba256303081debc4427f04784e087f9/element/eb726d0b-f885-4f13-8525-037e3f4bdbef/value HTTP/1.1
User-Agent: selenium/4.1.2 (java windows)
Content-Length: 241
Content-Type: application/json; charset=utf-8
host: localhost:59554
accept: */*

Response DefaultHttpResponse(decodeResult: success, version: HTTP/1.1)
HTTP/1.1 200 OK
Content-Type: application/json; charset=utf-8
cache-control: no-cache
content-length: 14

04:06:56.588 [AsyncHttpClient-1-7] DEBUG org.asynchttpclient.netty.channel.ChannelManager - Adding key: http://localhost:59554 for channel [id: 0x5168dfe6, L:/127.0.0.1:62273 - R:localhost/127.0.0.1:59554]
04:06:56.593 [Forwarding findElement on session cba256303081debc4427f04784e087f9 to remote] DEBUG org.asynchttpclient.netty.request.NettyRequestSender - Using pooled Channel '[id: 0x5168dfe6, L:/127.0.0.1:62273 - R:localhost/127.0.0.1:59554]' for 'POST' to 'http://localhost:59554/session/cba256303081debc4427f04784e087f9/element'
04:06:56.593 [Forwarding findElement on session cba256303081debc4427f04784e087f9 to remote] DEBUG org.asynchttpclient.netty.request.NettyRequestSender - Using open Channel [id: 0x5168dfe6, L:/127.0.0.1:62273 - R:localhost/127.0.0.1:59554] for POST '/session/cba256303081debc4427f04784e087f9/element'
04:06:56.606 [AsyncHttpClient-1-7] DEBUG org.asynchttpclient.netty.handler.HttpHandler - 

Request DefaultHttpRequest(decodeResult: success, version: HTTP/1.1)
POST /session/cba256303081debc4427f04784e087f9/element HTTP/1.1
User-Agent: selenium/4.1.2 (java windows)
Content-Length: 55
Content-Type: application/json; charset=utf-8
host: localhost:59554
accept: */*

Response DefaultHttpResponse(decodeResult: success, version: HTTP/1.1)
HTTP/1.1 200 OK
Content-Type: application/json; charset=utf-8
cache-control: no-cache
content-length: 88

04:06:56.606 [AsyncHttpClient-1-7] DEBUG org.asynchttpclient.netty.channel.ChannelManager - Adding key: http://localhost:59554 for channel [id: 0x5168dfe6, L:/127.0.0.1:62273 - R:localhost/127.0.0.1:59554]
04:06:56.607 [Forwarding clearElement on session cba256303081debc4427f04784e087f9 to remote] DEBUG org.asynchttpclient.netty.request.NettyRequestSender - Using pooled Channel '[id: 0x5168dfe6, L:/127.0.0.1:62273 - R:localhost/127.0.0.1:59554]' for 'POST' to 'http://localhost:59554/session/cba256303081debc4427f04784e087f9/element/df514287-f894-4dd9-93d5-e6686b19235e/clear'
04:06:56.607 [Forwarding clearElement on session cba256303081debc4427f04784e087f9 to remote] DEBUG org.asynchttpclient.netty.request.NettyRequestSender - Using open Channel [id: 0x5168dfe6, L:/127.0.0.1:62273 - R:localhost/127.0.0.1:59554] for POST '/session/cba256303081debc4427f04784e087f9/element/df514287-f894-4dd9-93d5-e6686b19235e/clear'
04:06:56.638 [AsyncHttpClient-1-7] DEBUG org.asynchttpclient.netty.handler.HttpHandler - 

Request DefaultHttpRequest(decodeResult: success, version: HTTP/1.1)
POST /session/cba256303081debc4427f04784e087f9/element/df514287-f894-4dd9-93d5-e6686b19235e/clear HTTP/1.1
User-Agent: selenium/4.1.2 (java windows)
Content-Length: 50
Content-Type: application/json; charset=utf-8
host: localhost:59554
accept: */*

Response DefaultHttpResponse(decodeResult: success, version: HTTP/1.1)
HTTP/1.1 200 OK
Content-Type: application/json; charset=utf-8
cache-control: no-cache
content-length: 14

04:06:56.638 [AsyncHttpClient-1-7] DEBUG org.asynchttpclient.netty.channel.ChannelManager - Adding key: http://localhost:59554 for channel [id: 0x5168dfe6, L:/127.0.0.1:62273 - R:localhost/127.0.0.1:59554]
04:06:56.640 [Forwarding sendKeysToElement on session cba256303081debc4427f04784e087f9 to remote] DEBUG org.asynchttpclient.netty.request.NettyRequestSender - Using pooled Channel '[id: 0x5168dfe6, L:/127.0.0.1:62273 - R:localhost/127.0.0.1:59554]' for 'POST' to 'http://localhost:59554/session/cba256303081debc4427f04784e087f9/element/df514287-f894-4dd9-93d5-e6686b19235e/value'
04:06:56.640 [Forwarding sendKeysToElement on session cba256303081debc4427f04784e087f9 to remote] DEBUG org.asynchttpclient.netty.request.NettyRequestSender - Using open Channel [id: 0x5168dfe6, L:/127.0.0.1:62273 - R:localhost/127.0.0.1:59554] for POST '/session/cba256303081debc4427f04784e087f9/element/df514287-f894-4dd9-93d5-e6686b19235e/value'
04:06:56.699 [AsyncHttpClient-1-7] DEBUG org.asynchttpclient.netty.handler.HttpHandler - 

Request DefaultHttpRequest(decodeResult: success, version: HTTP/1.1)
POST /session/cba256303081debc4427f04784e087f9/element/df514287-f894-4dd9-93d5-e6686b19235e/value HTTP/1.1
User-Agent: selenium/4.1.2 (java windows)
Content-Length: 141
Content-Type: application/json; charset=utf-8
host: localhost:59554
accept: */*

Response DefaultHttpResponse(decodeResult: success, version: HTTP/1.1)
HTTP/1.1 200 OK
Content-Type: application/json; charset=utf-8
cache-control: no-cache
content-length: 14

04:06:56.699 [AsyncHttpClient-1-7] DEBUG org.asynchttpclient.netty.channel.ChannelManager - Adding key: http://localhost:59554 for channel [id: 0x5168dfe6, L:/127.0.0.1:62273 - R:localhost/127.0.0.1:59554]
04:06:56.707 [Forwarding findElement on session cba256303081debc4427f04784e087f9 to remote] DEBUG org.asynchttpclient.netty.request.NettyRequestSender - Using pooled Channel '[id: 0x5168dfe6, L:/127.0.0.1:62273 - R:localhost/127.0.0.1:59554]' for 'POST' to 'http://localhost:59554/session/cba256303081debc4427f04784e087f9/element'
04:06:56.707 [Forwarding findElement on session cba256303081debc4427f04784e087f9 to remote] DEBUG org.asynchttpclient.netty.request.NettyRequestSender - Using open Channel [id: 0x5168dfe6, L:/127.0.0.1:62273 - R:localhost/127.0.0.1:59554] for POST '/session/cba256303081debc4427f04784e087f9/element'
04:06:56.718 [AsyncHttpClient-1-7] DEBUG org.asynchttpclient.netty.handler.HttpHandler - 

Request DefaultHttpRequest(decodeResult: success, version: HTTP/1.1)
POST /session/cba256303081debc4427f04784e087f9/element HTTP/1.1
User-Agent: selenium/4.1.2 (java windows)
Content-Length: 143
Content-Type: application/json; charset=utf-8
host: localhost:59554
accept: */*

Response DefaultHttpResponse(decodeResult: success, version: HTTP/1.1)
HTTP/1.1 200 OK
Content-Type: application/json; charset=utf-8
cache-control: no-cache
content-length: 88

04:06:56.718 [AsyncHttpClient-1-7] DEBUG org.asynchttpclient.netty.channel.ChannelManager - Adding key: http://localhost:59554 for channel [id: 0x5168dfe6, L:/127.0.0.1:62273 - R:localhost/127.0.0.1:59554]
04:06:56.719 [Forwarding getElementTagName on session cba256303081debc4427f04784e087f9 to remote] DEBUG org.asynchttpclient.netty.request.NettyRequestSender - Using pooled Channel '[id: 0x5168dfe6, L:/127.0.0.1:62273 - R:localhost/127.0.0.1:59554]' for 'GET' to 'http://localhost:59554/session/cba256303081debc4427f04784e087f9/element/95c27059-f45e-46ba-83b7-0b9577959a54/name'
04:06:56.719 [Forwarding getElementTagName on session cba256303081debc4427f04784e087f9 to remote] DEBUG org.asynchttpclient.netty.request.NettyRequestSender - Using open Channel [id: 0x5168dfe6, L:/127.0.0.1:62273 - R:localhost/127.0.0.1:59554] for GET '/session/cba256303081debc4427f04784e087f9/element/95c27059-f45e-46ba-83b7-0b9577959a54/name'
04:06:56.723 [AsyncHttpClient-1-7] DEBUG org.asynchttpclient.netty.handler.HttpHandler - 

Request DefaultFullHttpRequest(decodeResult: success, version: HTTP/1.1, content: EmptyByteBufBE)
GET /session/cba256303081debc4427f04784e087f9/element/95c27059-f45e-46ba-83b7-0b9577959a54/name HTTP/1.1
User-Agent: selenium/4.1.2 (java windows)
Cache-Control: no-cache
Content-Type: application/json; charset=utf-8
host: localhost:59554
accept: */*

Response DefaultHttpResponse(decodeResult: success, version: HTTP/1.1)
HTTP/1.1 200 OK
Content-Type: application/json; charset=utf-8
cache-control: no-cache
content-length: 18

04:06:56.723 [AsyncHttpClient-1-7] DEBUG org.asynchttpclient.netty.channel.ChannelManager - Adding key: http://localhost:59554 for channel [id: 0x5168dfe6, L:/127.0.0.1:62273 - R:localhost/127.0.0.1:59554]
04:06:56.724 [Forwarding getElementTagName on session cba256303081debc4427f04784e087f9 to remote] DEBUG org.asynchttpclient.netty.request.NettyRequestSender - Using pooled Channel '[id: 0x5168dfe6, L:/127.0.0.1:62273 - R:localhost/127.0.0.1:59554]' for 'GET' to 'http://localhost:59554/session/cba256303081debc4427f04784e087f9/element/95c27059-f45e-46ba-83b7-0b9577959a54/name'
04:06:56.725 [Forwarding getElementTagName on session cba256303081debc4427f04784e087f9 to remote] DEBUG org.asynchttpclient.netty.request.NettyRequestSender - Using open Channel [id: 0x5168dfe6, L:/127.0.0.1:62273 - R:localhost/127.0.0.1:59554] for GET '/session/cba256303081debc4427f04784e087f9/element/95c27059-f45e-46ba-83b7-0b9577959a54/name'
04:06:56.727 [AsyncHttpClient-1-7] DEBUG org.asynchttpclient.netty.handler.HttpHandler - 

Request DefaultFullHttpRequest(decodeResult: success, version: HTTP/1.1, content: EmptyByteBufBE)
GET /session/cba256303081debc4427f04784e087f9/element/95c27059-f45e-46ba-83b7-0b9577959a54/name HTTP/1.1
User-Agent: selenium/4.1.2 (java windows)
Cache-Control: no-cache
Content-Type: application/json; charset=utf-8
host: localhost:59554
accept: */*

Response DefaultHttpResponse(decodeResult: success, version: HTTP/1.1)
HTTP/1.1 200 OK
Content-Type: application/json; charset=utf-8
cache-control: no-cache
content-length: 18

04:06:56.727 [AsyncHttpClient-1-7] DEBUG org.asynchttpclient.netty.channel.ChannelManager - Adding key: http://localhost:59554 for channel [id: 0x5168dfe6, L:/127.0.0.1:62273 - R:localhost/127.0.0.1:59554]
04:06:56.729 [Forwarding isElementEnabled on session cba256303081debc4427f04784e087f9 to remote] DEBUG org.asynchttpclient.netty.request.NettyRequestSender - Using pooled Channel '[id: 0x5168dfe6, L:/127.0.0.1:62273 - R:localhost/127.0.0.1:59554]' for 'GET' to 'http://localhost:59554/session/cba256303081debc4427f04784e087f9/element/95c27059-f45e-46ba-83b7-0b9577959a54/enabled'
04:06:56.729 [Forwarding isElementEnabled on session cba256303081debc4427f04784e087f9 to remote] DEBUG org.asynchttpclient.netty.request.NettyRequestSender - Using open Channel [id: 0x5168dfe6, L:/127.0.0.1:62273 - R:localhost/127.0.0.1:59554] for GET '/session/cba256303081debc4427f04784e087f9/element/95c27059-f45e-46ba-83b7-0b9577959a54/enabled'
04:06:56.737 [AsyncHttpClient-1-7] DEBUG org.asynchttpclient.netty.handler.HttpHandler - 

Request DefaultFullHttpRequest(decodeResult: success, version: HTTP/1.1, content: EmptyByteBufBE)
GET /session/cba256303081debc4427f04784e087f9/element/95c27059-f45e-46ba-83b7-0b9577959a54/enabled HTTP/1.1
User-Agent: selenium/4.1.2 (java windows)
Cache-Control: no-cache
Content-Type: application/json; charset=utf-8
host: localhost:59554
accept: */*

Response DefaultHttpResponse(decodeResult: success, version: HTTP/1.1)
HTTP/1.1 200 OK
Content-Type: application/json; charset=utf-8
cache-control: no-cache
content-length: 14

04:06:56.737 [AsyncHttpClient-1-7] DEBUG org.asynchttpclient.netty.channel.ChannelManager - Adding key: http://localhost:59554 for channel [id: 0x5168dfe6, L:/127.0.0.1:62273 - R:localhost/127.0.0.1:59554]
04:06:56.739 [Forwarding isElementEnabled on session cba256303081debc4427f04784e087f9 to remote] DEBUG org.asynchttpclient.netty.request.NettyRequestSender - Using pooled Channel '[id: 0x5168dfe6, L:/127.0.0.1:62273 - R:localhost/127.0.0.1:59554]' for 'GET' to 'http://localhost:59554/session/cba256303081debc4427f04784e087f9/element/95c27059-f45e-46ba-83b7-0b9577959a54/enabled'
04:06:56.739 [Forwarding isElementEnabled on session cba256303081debc4427f04784e087f9 to remote] DEBUG org.asynchttpclient.netty.request.NettyRequestSender - Using open Channel [id: 0x5168dfe6, L:/127.0.0.1:62273 - R:localhost/127.0.0.1:59554] for GET '/session/cba256303081debc4427f04784e087f9/element/95c27059-f45e-46ba-83b7-0b9577959a54/enabled'
04:06:56.743 [AsyncHttpClient-1-7] DEBUG org.asynchttpclient.netty.handler.HttpHandler - 

Request DefaultFullHttpRequest(decodeResult: success, version: HTTP/1.1, content: EmptyByteBufBE)
GET /session/cba256303081debc4427f04784e087f9/element/95c27059-f45e-46ba-83b7-0b9577959a54/enabled HTTP/1.1
User-Agent: selenium/4.1.2 (java windows)
Cache-Control: no-cache
Content-Type: application/json; charset=utf-8
host: localhost:59554
accept: */*

Response DefaultHttpResponse(decodeResult: success, version: HTTP/1.1)
HTTP/1.1 200 OK
Content-Type: application/json; charset=utf-8
cache-control: no-cache
content-length: 14

04:06:56.743 [AsyncHttpClient-1-7] DEBUG org.asynchttpclient.netty.channel.ChannelManager - Adding key: http://localhost:59554 for channel [id: 0x5168dfe6, L:/127.0.0.1:62273 - R:localhost/127.0.0.1:59554]
04:06:56.744 [Forwarding findElement on session cba256303081debc4427f04784e087f9 to remote] DEBUG org.asynchttpclient.netty.request.NettyRequestSender - Using pooled Channel '[id: 0x5168dfe6, L:/127.0.0.1:62273 - R:localhost/127.0.0.1:59554]' for 'POST' to 'http://localhost:59554/session/cba256303081debc4427f04784e087f9/element'
04:06:56.744 [Forwarding findElement on session cba256303081debc4427f04784e087f9 to remote] DEBUG org.asynchttpclient.netty.request.NettyRequestSender - Using open Channel [id: 0x5168dfe6, L:/127.0.0.1:62273 - R:localhost/127.0.0.1:59554] for POST '/session/cba256303081debc4427f04784e087f9/element'
04:06:56.752 [AsyncHttpClient-1-7] DEBUG org.asynchttpclient.netty.handler.HttpHandler - 

Request DefaultHttpRequest(decodeResult: success, version: HTTP/1.1)
POST /session/cba256303081debc4427f04784e087f9/element HTTP/1.1
User-Agent: selenium/4.1.2 (java windows)
Content-Length: 143
Content-Type: application/json; charset=utf-8
host: localhost:59554
accept: */*

Response DefaultHttpResponse(decodeResult: success, version: HTTP/1.1)
HTTP/1.1 200 OK
Content-Type: application/json; charset=utf-8
cache-control: no-cache
content-length: 88

04:06:56.752 [AsyncHttpClient-1-7] DEBUG org.asynchttpclient.netty.channel.ChannelManager - Adding key: http://localhost:59554 for channel [id: 0x5168dfe6, L:/127.0.0.1:62273 - R:localhost/127.0.0.1:59554]
04:06:56.754 [Forwarding clickElement on session cba256303081debc4427f04784e087f9 to remote] DEBUG org.asynchttpclient.netty.request.NettyRequestSender - Using pooled Channel '[id: 0x5168dfe6, L:/127.0.0.1:62273 - R:localhost/127.0.0.1:59554]' for 'POST' to 'http://localhost:59554/session/cba256303081debc4427f04784e087f9/element/95c27059-f45e-46ba-83b7-0b9577959a54/click'
04:06:56.754 [Forwarding clickElement on session cba256303081debc4427f04784e087f9 to remote] DEBUG org.asynchttpclient.netty.request.NettyRequestSender - Using open Channel [id: 0x5168dfe6, L:/127.0.0.1:62273 - R:localhost/127.0.0.1:59554] for POST '/session/cba256303081debc4427f04784e087f9/element/95c27059-f45e-46ba-83b7-0b9577959a54/click'
04:06:56.791 [AsyncHttpClient-1-7] DEBUG org.asynchttpclient.netty.handler.HttpHandler - 

Request DefaultHttpRequest(decodeResult: success, version: HTTP/1.1)
POST /session/cba256303081debc4427f04784e087f9/element/95c27059-f45e-46ba-83b7-0b9577959a54/click HTTP/1.1
User-Agent: selenium/4.1.2 (java windows)
Content-Length: 50
Content-Type: application/json; charset=utf-8
host: localhost:59554
accept: */*

Response DefaultHttpResponse(decodeResult: success, version: HTTP/1.1)
HTTP/1.1 200 OK
Content-Type: application/json; charset=utf-8
cache-control: no-cache
content-length: 14

04:06:56.791 [AsyncHttpClient-1-7] DEBUG org.asynchttpclient.netty.channel.ChannelManager - Adding key: http://localhost:59554 for channel [id: 0x5168dfe6, L:/127.0.0.1:62273 - R:localhost/127.0.0.1:59554]
04:06:56.796 [Forwarding screenshot on session cba256303081debc4427f04784e087f9 to remote] DEBUG org.asynchttpclient.netty.request.NettyRequestSender - Using pooled Channel '[id: 0x5168dfe6, L:/127.0.0.1:62273 - R:localhost/127.0.0.1:59554]' for 'GET' to 'http://localhost:59554/session/cba256303081debc4427f04784e087f9/screenshot'
04:06:56.796 [Forwarding screenshot on session cba256303081debc4427f04784e087f9 to remote] DEBUG org.asynchttpclient.netty.request.NettyRequestSender - Using open Channel [id: 0x5168dfe6, L:/127.0.0.1:62273 - R:localhost/127.0.0.1:59554] for GET '/session/cba256303081debc4427f04784e087f9/screenshot'
04:06:56.922 [AsyncHttpClient-1-1] DEBUG org.asynchttpclient.netty.channel.DefaultChannelPool - Entry count for : http://localhost:62274 : 1
04:06:56.950 [AsyncHttpClient-1-7] DEBUG org.asynchttpclient.netty.handler.HttpHandler - 

Request DefaultFullHttpRequest(decodeResult: success, version: HTTP/1.1, content: EmptyByteBufBE)
GET /session/cba256303081debc4427f04784e087f9/screenshot HTTP/1.1
User-Agent: selenium/4.1.2 (java windows)
Cache-Control: no-cache
Content-Type: application/json; charset=utf-8
host: localhost:59554
accept: */*

Response DefaultHttpResponse(decodeResult: success, version: HTTP/1.1)
HTTP/1.1 200 OK
Content-Type: application/json; charset=utf-8
cache-control: no-cache
content-length: 29844

04:06:56.950 [AsyncHttpClient-1-7] DEBUG org.asynchttpclient.netty.channel.ChannelManager - Adding key: http://localhost:59554 for channel [id: 0x5168dfe6, L:/127.0.0.1:62273 - R:localhost/127.0.0.1:59554]
04:06:56.951 [main] DEBUG net.serenitybdd.core.photography.Darkroom - Send negative for processing for target\site\serenity\150644d0d958be74e123143fa75338654ea89cbeb947d3c7f8270cf84c0111b5.png
04:06:56.952 [main] DEBUG net.thucydides.core.steps.StepInterceptor - STEP DONE: iWillLogin
04:06:56.952 [Darkroom Processing Line] DEBUG net.serenitybdd.core.photography.DarkroomProcessingLine - Processing screenshot image in /var/screenshots/screenshot-13328681785972073989
04:06:56.952 [Darkroom Processing Line] DEBUG net.serenitybdd.core.photography.DarkroomProcessingLine - Saving screenshot to target\site\serenity\150644d0d958be74e123143fa75338654ea89cbeb947d3c7f8270cf84c0111b5.png
  &amp#27;[32mAnd &amp#27;[0m&amp#27;[32mI click button checkout order&amp#27;[0m &amp#27;[90m# starter.stepdefinitions.OrderStep.iClickButtonCheckoutOrder()&amp#27;[0m
04:06:56.960 [Forwarding findElement on session cba256303081debc4427f04784e087f9 to remote] DEBUG org.asynchttpclient.netty.request.NettyRequestSender - Using pooled Channel '[id: 0x5168dfe6, L:/127.0.0.1:62273 - R:localhost/127.0.0.1:59554]' for 'POST' to 'http://localhost:59554/session/cba256303081debc4427f04784e087f9/element'
04:06:56.960 [Forwarding findElement on session cba256303081debc4427f04784e087f9 to remote] DEBUG org.asynchttpclient.netty.request.NettyRequestSender - Using open Channel [id: 0x5168dfe6, L:/127.0.0.1:62273 - R:localhost/127.0.0.1:59554] for POST '/session/cba256303081debc4427f04784e087f9/element'
04:06:56.972 [AsyncHttpClient-1-7] DEBUG org.asynchttpclient.netty.handler.HttpHandler - 

Request DefaultHttpRequest(decodeResult: success, version: HTTP/1.1)
POST /session/cba256303081debc4427f04784e087f9/element HTTP/1.1
User-Agent: selenium/4.1.2 (java windows)
Content-Length: 75
Content-Type: application/json; charset=utf-8
host: localhost:59554
accept: */*

Response DefaultHttpResponse(decodeResult: success, version: HTTP/1.1)
HTTP/1.1 200 OK
Content-Type: application/json; charset=utf-8
cache-control: no-cache
content-length: 88

04:06:56.972 [AsyncHttpClient-1-7] DEBUG org.asynchttpclient.netty.channel.ChannelManager - Adding key: http://localhost:59554 for channel [id: 0x5168dfe6, L:/127.0.0.1:62273 - R:localhost/127.0.0.1:59554]
04:06:56.975 [Forwarding isElementDisplayed on session cba256303081debc4427f04784e087f9 to remote] DEBUG org.asynchttpclient.netty.request.NettyRequestSender - Using pooled Channel '[id: 0x5168dfe6, L:/127.0.0.1:62273 - R:localhost/127.0.0.1:59554]' for 'POST' to 'http://localhost:59554/session/cba256303081debc4427f04784e087f9/execute/sync'
04:06:56.975 [Forwarding isElementDisplayed on session cba256303081debc4427f04784e087f9 to remote] DEBUG org.asynchttpclient.netty.request.NettyRequestSender - Using open Channel [id: 0x5168dfe6, L:/127.0.0.1:62273 - R:localhost/127.0.0.1:59554] for POST '/session/cba256303081debc4427f04784e087f9/execute/sync'
04:06:56.987 [AsyncHttpClient-1-7] DEBUG org.asynchttpclient.netty.handler.HttpHandler - 

Request DefaultHttpRequest(decodeResult: success, version: HTTP/1.1)
POST /session/cba256303081debc4427f04784e087f9/execute/sync HTTP/1.1
User-Agent: selenium/4.1.2 (java windows)
Content-Length: 48780
Content-Type: application/json; charset=utf-8
host: localhost:59554
accept: */*

Response DefaultHttpResponse(decodeResult: success, version: HTTP/1.1)
HTTP/1.1 200 OK
Content-Type: application/json; charset=utf-8
cache-control: no-cache
content-length: 14

04:06:56.987 [AsyncHttpClient-1-7] DEBUG org.asynchttpclient.netty.channel.ChannelManager - Adding key: http://localhost:59554 for channel [id: 0x5168dfe6, L:/127.0.0.1:62273 - R:localhost/127.0.0.1:59554]
  &amp#27;[32mThen &amp#27;[0m&amp#27;[32mI will get the result&amp#27;[0m        &amp#27;[90m# starter.stepdefinitions.OrderStep.iWillGetTheResult()&amp#27;[0m
04:06:56.991 [main] INFO  - 
  _____   ___   ___   _____     ___     _     ___   ___   ___   ___  
 |_   _| | __| / __| |_   _|   | _ \   /_\   / __| / __| | __| |   \ 
   | |   | _|  \__ \   | |     |  _/  / _ \  \__ \ \__ \ | _|  | |) |
   |_|   |___| |___/   |_|     |_|   /_/ \_\ |___/ |___/ |___| |___/ 

Order product
----------------------------------------------------------------------
04:06:56.992 [AsyncHttpClient-1-9] DEBUG org.asynchttpclient.netty.handler.WebSocketHandler - Channel Closed: [id: 0xd6bc1387, L:/127.0.0.1:62281 ! R:localhost/127.0.0.1:62274] with attribute NettyResponseFuture{currentRetry=5,
	isDone=1,
	isCancelled=0,
	asyncHandler=org.asynchttpclient.ws.WebSocketUpgradeHandler@5b12b2a9,
	nettyRequest=org.asynchttpclient.netty.request.NettyRequest@6f4c12ec,
	future=java.util.concurrent.CompletableFuture@23ec9531[Completed normally],
	uri=ws://localhost:62274/devtools/browser/53d2cf1a-3662-41cd-8a8b-62f82a32c799,
	keepAlive=true,
	redirectCount=0,
	timeoutsHolder=null,
	inAuth=0,
	touch=1666732012685}
04:06:56.992 [AsyncHttpClient-1-9] DEBUG org.asynchttpclient.netty.channel.ChannelManager - Closing Channel [id: 0xd6bc1387, L:/127.0.0.1:62281 ! R:localhost/127.0.0.1:62274] 
04:06:56.992 [Driver Command Executor] DEBUG org.asynchttpclient.netty.request.NettyRequestSender - Using pooled Channel '[id: 0x5168dfe6, L:/127.0.0.1:62273 - R:localhost/127.0.0.1:59554]' for 'DELETE' to 'http://localhost:59554/session/cba256303081debc4427f04784e087f9'
04:06:56.992 [Driver Command Executor] DEBUG org.asynchttpclient.netty.request.NettyRequestSender - Using open Channel [id: 0x5168dfe6, L:/127.0.0.1:62273 - R:localhost/127.0.0.1:59554] for DELETE '/session/cba256303081debc4427f04784e087f9'
04:06:57.014 [AsyncHttpClient-1-8] DEBUG org.asynchttpclient.netty.handler.HttpHandler - Unexpected I/O exception on channel [id: 0x5fd10374, L:/127.0.0.1:62280 - R:localhost/127.0.0.1:62274]
java.net.SocketException: Connection reset
	at java.base/sun.nio.ch.SocketChannelImpl.throwConnectionReset(SocketChannelImpl.java:345)
	at java.base/sun.nio.ch.SocketChannelImpl.read(SocketChannelImpl.java:376)
	at io.netty.buffer.PooledByteBuf.setBytes(PooledByteBuf.java:258)
	at io.netty.buffer.AbstractByteBuf.writeBytes(AbstractByteBuf.java:1132)
	at io.netty.channel.socket.nio.NioSocketChannel.doReadBytes(NioSocketChannel.java:350)
	at io.netty.channel.nio.AbstractNioByteChannel$NioByteUnsafe.read(AbstractNioByteChannel.java:151)
	at io.netty.channel.nio.NioEventLoop.processSelectedKey(NioEventLoop.java:722)
	at io.netty.channel.nio.NioEventLoop.processSelectedKeysOptimized(NioEventLoop.java:658)
	at io.netty.channel.nio.NioEventLoop.processSelectedKeys(NioEventLoop.java:584)
	at io.netty.channel.nio.NioEventLoop.run(NioEventLoop.java:496)
	at io.netty.util.concurrent.SingleThreadEventExecutor$4.run(SingleThreadEventExecutor.java:986)
	at io.netty.util.internal.ThreadExecutorMap$2.run(ThreadExecutorMap.java:74)
	at io.netty.util.concurrent.FastThreadLocalRunnable.run(FastThreadLocalRunnable.java:30)
	at java.base/java.lang.Thread.run(Thread.java:830)
04:06:57.014 [AsyncHttpClient-1-8] DEBUG org.asynchttpclient.netty.channel.ChannelManager - Closing Channel [id: 0x5fd10374, L:/127.0.0.1:62280 - R:localhost/127.0.0.1:62274] 
04:06:57.015 [AsyncHttpClient-1-8] DEBUG org.asynchttpclient.netty.handler.HttpHandler - Channel Closed: [id: 0x5fd10374, L:/127.0.0.1:62280 ! R:localhost/127.0.0.1:62274] with attribute DISCARD
04:06:57.027 [AsyncHttpClient-1-7] DEBUG org.asynchttpclient.netty.handler.HttpHandler - 

Request DefaultFullHttpRequest(decodeResult: success, version: HTTP/1.1, content: EmptyByteBufBE)
DELETE /session/cba256303081debc4427f04784e087f9 HTTP/1.1
User-Agent: selenium/4.1.2 (java windows)
Content-Type: application/json; charset=utf-8
host: localhost:59554
accept: */*

Response DefaultHttpResponse(decodeResult: success, version: HTTP/1.1)
HTTP/1.1 200 OK
Content-Type: application/json; charset=utf-8
cache-control: no-cache
content-length: 14

04:06:57.027 [AsyncHttpClient-1-7] DEBUG org.asynchttpclient.netty.channel.ChannelManager - Adding key: http://localhost:59554 for channel [id: 0x5168dfe6, L:/127.0.0.1:62273 - R:localhost/127.0.0.1:59554]
04:06:57.097 [AsyncHttpClient-1-7] DEBUG org.asynchttpclient.netty.handler.HttpHandler - Channel Closed: [id: 0x5168dfe6, L:/127.0.0.1:62273 ! R:localhost/127.0.0.1:59554] with attribute DISCARD
]]></system-out>
    <system-err><![CDATA[Starting ChromeDriver 105.0.5195.52 (412c95e518836d8a7d97250d62b29c2ae6a26a85-refs/branch-heads/5195@{#853}) on port 59554
Only local connections are allowed.
Please see https://chromedriver.chromium.org/security-considerations for suggestions on keeping ChromeDriver safe.
ChromeDriver was started successfully.
[1666732012.660][WARNING]: This version of ChromeDriver has not been tested with Chrome version 106.
Okt 26, 2022 4:06:52 AM org.openqa.selenium.remote.ProtocolHandshake createSession
INFO: Detected dialect: W3C
Okt 26, 2022 4:06:52 AM org.openqa.selenium.devtools.CdpVersionFinder findNearestMatch
WARNING: Unable to find an exact match for CDP version 106, so returning the closest version found: a no-op implementation
Okt 26, 2022 4:06:52 AM org.openqa.selenium.devtools.CdpVersionFinder findNearestMatch
INFO: Unable to find CDP implementation matching 106.
Okt 26, 2022 4:06:52 AM org.openqa.selenium.chromium.ChromiumDriver lambda$new$3
WARNING: Unable to find version of CDP to use for . You may need to include a dependency on a specific version of the CDP using something similar to `org.seleniumhq.selenium:selenium-devtools-v86:4.1.2` where the version ("v86") matches the version of the chromium-based browser you're using and the version number of the artifact is the same as Selenium's.
]]></system-err>
  </testcase>
  <testcase name=" #1" classname="Register" time="9.862">
    <error type="net.thucydides.core.webdriver.exceptions.ElementShouldBeEnabledException"><![CDATA[net.thucydides.core.webdriver.exceptions.ElementShouldBeEnabledException: Expected enabled element was not enabled
Caused by: org.openqa.selenium.TimeoutException: Expected condition failed: waiting for By.xpath: //button[@class = 'v-btn v-btn--is-elevated v-btn--has-bg theme--light v-size--default primary'] to be enabled (tried for 5 second(s) with 100 milliseconds interval)
Caused by: org.openqa.selenium.NoSuchElementException: 
no such element: Unable to locate element: {"method":"xpath","selector":"//button[@class = 'v-btn v-btn--is-elevated v-btn--has-bg theme--light v-size--default primary']"}
  (Session info: chrome=106.0.5249.119)
For documentation on this error, please visit: https://selenium.dev/exceptions/#no_such_element
Build info: version: '4.1.2', revision: '9a5a329c5a'
System info: host: 'DESKTOP-3MAQDS2', ip: '192.168.1.5', os.name: 'Windows 10', os.arch: 'amd64', os.version: '10.0', java.version: '13.0.2'
Driver info: org.openqa.selenium.chrome.ChromeDriver
Command: [fe2a59b24a4ff882f531ec5e9a63eb7a, findElement {using=xpath, value=//button[@class = 'v-btn v-btn--is-elevated v-btn--has-bg theme--light v-size--default primary']}]
Capabilities {acceptInsecureCerts: false, browserName: chrome, browserVersion: 106.0.5249.119, chrome: {chromedriverVersion: 105.0.5195.52 (412c95e51883..., userDataDir: C:\Users\alwi\AppData\Local...}, goog:chromeOptions: {debuggerAddress: localhost:62303}, javascriptEnabled: true, networkConnectionEnabled: false, pageLoadStrategy: normal, platform: WINDOWS, platformName: WINDOWS, proxy: Proxy(), se:cdp: ws://localhost:62303/devtoo..., se:cdpVersion: 106.0.5249.119, setWindowRect: true, strictFileInteractability: false, timeouts: {implicit: 0, pageLoad: 300000, script: 30000}, unhandledPromptBehavior: dismiss and notify, webauthn:extension:credBlob: true, webauthn:extension:largeBlob: true, webauthn:virtualAuthenticators: true}
Session ID: fe2a59b24a4ff882f531ec5e9a63eb7a
]]></error>
    <system-out><![CDATA[04:06:57.616 [main] INFO io.cucumber.core.plugin.SerenityReporter - Running feature from file:///C:/Users/alwi/IdeaProjects/AltaShop/src/test/resources/features/Register.feature
04:06:57.621 [main] DEBUG net.thucydides.core.steps.StepEventBus - Test suite started for story net.thucydides.core.model.Story@30e75088
04:06:57.621 [main] INFO  - Test Suite Started: Register

Scenario Outline:                               &amp#27;[90m# src/test/resources/features/Register.feature:17&amp#27;[0m
04:06:57.638 [main] INFO io.cucumber.core.plugin.SerenityReporter - Running feature from file:///C:/Users/alwi/IdeaProjects/AltaShop/src/test/resources/features/Register.feature
04:06:57.641 [main] INFO  - 
  _____   ___   ___   _____     ___   _____     _     ___   _____   ___   ___  
 |_   _| | __| / __| |_   _|   / __| |_   _|   /_\   | _ \ |_   _| | __| |   \ 
   | |   | _|  \__ \   | |     \__ \   | |    / _ \  |   /   | |   | _|  | |) |
   |_|   |___| |___/   |_|     |___/   |_|   /_/ \_\ |_|_\   |_|   |___| |___/ 

(register;)
--------------------------------------------------------------------------------
04:06:57.657 [main] INFO net.serenitybdd.core.webdriver.driverproviders.ChromeDriverProvider - Using automatically driver download
04:06:57.756 [main] DEBUG io.github.bonigarcia.wdm.cache.ResolutionCache - Resolution chrome=106 in cache (valid until 04:10:38 26/10/2022 WIB)
04:06:57.759 [main] DEBUG io.github.bonigarcia.wdm.cache.ResolutionCache - Resolution chrome106=106.0.5249.61 in cache (valid until 22:47:25 26/10/2022 WIB)
04:06:57.761 [main] INFO io.github.bonigarcia.wdm.WebDriverManager - Using chromedriver 106.0.5249.61 (resolved driver for Chrome 106)
04:06:57.769 [main] DEBUG io.github.bonigarcia.wdm.WebDriverManager - Driver chromedriver 106.0.5249.61 found in cache
04:06:57.770 [main] INFO io.github.bonigarcia.wdm.WebDriverManager - Exporting webdriver.chrome.driver as C:\Users\alwi\.cache\selenium\chromedriver\win32\106.0.5249.61\chromedriver.exe
04:06:57.867 [main] DEBUG net.serenitybdd.core.webdriver.driverproviders.ProvideNewDriver - Instantiating driver
04:06:57.867 [main] DEBUG net.serenitybdd.core.webdriver.driverproviders.ProvideNewDriver - Driver capabilities: Capabilities {acceptInsecureCerts: false, base.url: https://alta-shop.vercel.app, browserName: chrome, chrome.driver: src/test/resources/webdrive..., driver: chrome, goog:chromeOptions: {args: [], extensions: []}}
04:06:58.020 [AsyncHttpClient-1-1] DEBUG org.asynchttpclient.netty.channel.DefaultChannelPool - Entry count for : http://localhost:59554 : 1
04:06:58.020 [AsyncHttpClient-1-1] DEBUG org.asynchttpclient.netty.channel.DefaultChannelPool - Entry count for : http://localhost:62274 : 1
04:06:58.020 [AsyncHttpClient-1-1] DEBUG org.asynchttpclient.netty.channel.DefaultChannelPool - Adding Candidate expired Channel [id: 0x5168dfe6, L:/127.0.0.1:62273 ! R:localhost/127.0.0.1:59554] isIdleTimeoutExpired=false isRemotelyClosed=true isTtlExpired=false
04:06:58.020 [AsyncHttpClient-1-1] DEBUG org.asynchttpclient.netty.channel.DefaultChannelPool - Closing Idle Channel [id: 0x5168dfe6, L:/127.0.0.1:62273 ! R:localhost/127.0.0.1:59554]
04:06:58.020 [AsyncHttpClient-1-1] DEBUG org.asynchttpclient.netty.channel.DefaultChannelPool - Adding Candidate expired Channel [id: 0x5fd10374, L:/127.0.0.1:62280 ! R:localhost/127.0.0.1:62274] isIdleTimeoutExpired=false isRemotelyClosed=true isTtlExpired=false
04:06:58.020 [AsyncHttpClient-1-1] DEBUG org.asynchttpclient.netty.channel.DefaultChannelPool - Closing Idle Channel [id: 0x5fd10374, L:/127.0.0.1:62280 ! R:localhost/127.0.0.1:62274]
04:06:58.020 [AsyncHttpClient-1-1] DEBUG org.asynchttpclient.netty.channel.DefaultChannelPool - Closed 2 connections out of 2 in 0 ms
04:06:58.402 [AsyncHttpClient-1-10] DEBUG org.asynchttpclient.netty.channel.NettyConnectListener - Using new Channel '[id: 0x1446bccb, L:/127.0.0.1:62301 - R:localhost/127.0.0.1:50554]' for 'POST' to '/session'
04:06:59.335 [AsyncHttpClient-1-10] DEBUG org.asynchttpclient.netty.handler.HttpHandler - 

Request DefaultHttpRequest(decodeResult: success, version: HTTP/1.1)
POST /session HTTP/1.1
User-Agent: selenium/4.1.2 (java windows)
Content-Length: 609
Content-Type: application/json; charset=utf-8
host: localhost:50554
accept: */*

Response DefaultHttpResponse(decodeResult: success, version: HTTP/1.1)
HTTP/1.1 200 OK
Content-Type: application/json; charset=utf-8
cache-control: no-cache
content-length: 789

04:06:59.335 [AsyncHttpClient-1-10] DEBUG org.asynchttpclient.netty.channel.ChannelManager - Adding key: http://localhost:50554 for channel [id: 0x1446bccb, L:/127.0.0.1:62301 - R:localhost/127.0.0.1:50554]
04:06:59.344 [AsyncHttpClient-1-11] DEBUG org.asynchttpclient.netty.channel.NettyConnectListener - Using new Channel '[id: 0x94c3c3ef, L:/127.0.0.1:62308 - R:localhost/127.0.0.1:62303]' for 'GET' to '/json/version'
04:06:59.345 [AsyncHttpClient-1-11] DEBUG org.asynchttpclient.netty.handler.HttpHandler - 

Request DefaultFullHttpRequest(decodeResult: success, version: HTTP/1.1, content: EmptyByteBufBE)
GET /json/version HTTP/1.1
User-Agent: selenium/4.1.2 (java windows)
host: localhost:62303
accept: */*

Response DefaultHttpResponse(decodeResult: success, version: HTTP/1.1)
HTTP/1.1 200 OK
Content-Type: application/json; charset=UTF-8
content-length: 424

04:06:59.345 [AsyncHttpClient-1-11] DEBUG org.asynchttpclient.netty.channel.ChannelManager - Adding key: http://localhost:62303 for channel [id: 0x94c3c3ef, L:/127.0.0.1:62308 - R:localhost/127.0.0.1:62303]
04:06:59.347 [AsyncHttpClient-1-12] DEBUG org.asynchttpclient.netty.channel.NettyConnectListener - Using new Channel '[id: 0x29dd3f7c, L:/127.0.0.1:62309 - R:localhost/127.0.0.1:62303]' for 'GET' to '/devtools/browser/4dc8b17f-2442-4fc7-9a27-8bfd5c8bbb7f'
04:06:59.347 [AsyncHttpClient-1-12] DEBUG org.asynchttpclient.netty.handler.WebSocketHandler - 

Request DefaultFullHttpRequest(decodeResult: success, version: HTTP/1.1, content: EmptyByteBufBE)
GET /devtools/browser/4dc8b17f-2442-4fc7-9a27-8bfd5c8bbb7f HTTP/1.1
upgrade: websocket
connection: upgrade
sec-websocket-key: 9NN/fV8ffoEC4Wprwz/AXg==
sec-websocket-version: 13
origin: http://localhost:62303
host: localhost:62303
accept: */*
user-agent: AHC/2.1

Response DefaultHttpResponse(decodeResult: success, version: HTTP/1.1)
HTTP/1.1 101 WebSocket Protocol Handshake
Upgrade: WebSocket
Connection: Upgrade
Sec-WebSocket-Accept: lNckGFpxiaQvjmanLgobBiXiSvw=

04:06:59.351 [Forwarding get on session fe2a59b24a4ff882f531ec5e9a63eb7a to remote] DEBUG org.asynchttpclient.netty.request.NettyRequestSender - Using pooled Channel '[id: 0x1446bccb, L:/127.0.0.1:62301 - R:localhost/127.0.0.1:50554]' for 'POST' to 'http://localhost:50554/session/fe2a59b24a4ff882f531ec5e9a63eb7a/url'
04:06:59.351 [Forwarding get on session fe2a59b24a4ff882f531ec5e9a63eb7a to remote] DEBUG org.asynchttpclient.netty.request.NettyRequestSender - Using open Channel [id: 0x1446bccb, L:/127.0.0.1:62301 - R:localhost/127.0.0.1:50554] for POST '/session/fe2a59b24a4ff882f531ec5e9a63eb7a/url'
04:06:59.985 [AsyncHttpClient-1-10] DEBUG org.asynchttpclient.netty.handler.HttpHandler - 

Request DefaultHttpRequest(decodeResult: success, version: HTTP/1.1)
POST /session/fe2a59b24a4ff882f531ec5e9a63eb7a/url HTTP/1.1
User-Agent: selenium/4.1.2 (java windows)
Content-Length: 59
Content-Type: application/json; charset=utf-8
host: localhost:50554
accept: */*

Response DefaultHttpResponse(decodeResult: success, version: HTTP/1.1)
HTTP/1.1 200 OK
Content-Type: application/json; charset=utf-8
cache-control: no-cache
content-length: 14

04:06:59.985 [AsyncHttpClient-1-10] DEBUG org.asynchttpclient.netty.channel.ChannelManager - Adding key: http://localhost:50554 for channel [id: 0x1446bccb, L:/127.0.0.1:62301 - R:localhost/127.0.0.1:50554]
04:06:59.987 [Forwarding setTimeout on session fe2a59b24a4ff882f531ec5e9a63eb7a to remote] DEBUG org.asynchttpclient.netty.request.NettyRequestSender - Using pooled Channel '[id: 0x1446bccb, L:/127.0.0.1:62301 - R:localhost/127.0.0.1:50554]' for 'POST' to 'http://localhost:50554/session/fe2a59b24a4ff882f531ec5e9a63eb7a/timeouts'
04:06:59.987 [Forwarding setTimeout on session fe2a59b24a4ff882f531ec5e9a63eb7a to remote] DEBUG org.asynchttpclient.netty.request.NettyRequestSender - Using open Channel [id: 0x1446bccb, L:/127.0.0.1:62301 - R:localhost/127.0.0.1:50554] for POST '/session/fe2a59b24a4ff882f531ec5e9a63eb7a/timeouts'
04:06:59.988 [AsyncHttpClient-1-10] DEBUG org.asynchttpclient.netty.handler.HttpHandler - 

Request DefaultHttpRequest(decodeResult: success, version: HTTP/1.1)
POST /session/fe2a59b24a4ff882f531ec5e9a63eb7a/timeouts HTTP/1.1
User-Agent: selenium/4.1.2 (java windows)
Content-Length: 22
Content-Type: application/json; charset=utf-8
host: localhost:50554
accept: */*

Response DefaultHttpResponse(decodeResult: success, version: HTTP/1.1)
HTTP/1.1 200 OK
Content-Type: application/json; charset=utf-8
cache-control: no-cache
content-length: 14

04:06:59.989 [AsyncHttpClient-1-10] DEBUG org.asynchttpclient.netty.channel.ChannelManager - Adding key: http://localhost:50554 for channel [id: 0x1446bccb, L:/127.0.0.1:62301 - R:localhost/127.0.0.1:50554]
04:06:59.992 [Forwarding getCurrentUrl on session fe2a59b24a4ff882f531ec5e9a63eb7a to remote] DEBUG org.asynchttpclient.netty.request.NettyRequestSender - Using pooled Channel '[id: 0x1446bccb, L:/127.0.0.1:62301 - R:localhost/127.0.0.1:50554]' for 'GET' to 'http://localhost:50554/session/fe2a59b24a4ff882f531ec5e9a63eb7a/url'
04:06:59.992 [Forwarding getCurrentUrl on session fe2a59b24a4ff882f531ec5e9a63eb7a to remote] DEBUG org.asynchttpclient.netty.request.NettyRequestSender - Using open Channel [id: 0x1446bccb, L:/127.0.0.1:62301 - R:localhost/127.0.0.1:50554] for GET '/session/fe2a59b24a4ff882f531ec5e9a63eb7a/url'
04:07:00.007 [AsyncHttpClient-1-10] DEBUG org.asynchttpclient.netty.handler.HttpHandler - 

Request DefaultFullHttpRequest(decodeResult: success, version: HTTP/1.1, content: EmptyByteBufBE)
GET /session/fe2a59b24a4ff882f531ec5e9a63eb7a/url HTTP/1.1
User-Agent: selenium/4.1.2 (java windows)
Cache-Control: no-cache
Content-Type: application/json; charset=utf-8
host: localhost:50554
accept: */*

Response DefaultHttpResponse(decodeResult: success, version: HTTP/1.1)
HTTP/1.1 200 OK
Content-Type: application/json; charset=utf-8
cache-control: no-cache
content-length: 41

04:07:00.007 [AsyncHttpClient-1-10] DEBUG org.asynchttpclient.netty.channel.ChannelManager - Adding key: http://localhost:50554 for channel [id: 0x1446bccb, L:/127.0.0.1:62301 - R:localhost/127.0.0.1:50554]
  &amp#27;[32mGiven &amp#27;[0m&amp#27;[32mI am on the home page&amp#27;[0m                   &amp#27;[90m# starter.stepdefinitions.HomeStep.iAmOnTheHomePage()&amp#27;[0m
04:07:00.015 [main] DEBUG net.serenitybdd.core.photography.Darkroom - Opening darkroom
04:07:00.016 [Darkroom Processing Line] DEBUG net.serenitybdd.core.photography.DarkroomProcessingLine - Darkroom processing line starting up
04:07:00.016 [Forwarding screenshot on session fe2a59b24a4ff882f531ec5e9a63eb7a to remote] DEBUG org.asynchttpclient.netty.request.NettyRequestSender - Using pooled Channel '[id: 0x1446bccb, L:/127.0.0.1:62301 - R:localhost/127.0.0.1:50554]' for 'GET' to 'http://localhost:50554/session/fe2a59b24a4ff882f531ec5e9a63eb7a/screenshot'
04:07:00.016 [Forwarding screenshot on session fe2a59b24a4ff882f531ec5e9a63eb7a to remote] DEBUG org.asynchttpclient.netty.request.NettyRequestSender - Using open Channel [id: 0x1446bccb, L:/127.0.0.1:62301 - R:localhost/127.0.0.1:50554] for GET '/session/fe2a59b24a4ff882f531ec5e9a63eb7a/screenshot'
04:07:00.159 [AsyncHttpClient-1-10] DEBUG org.asynchttpclient.netty.handler.HttpHandler - 

Request DefaultFullHttpRequest(decodeResult: success, version: HTTP/1.1, content: EmptyByteBufBE)
GET /session/fe2a59b24a4ff882f531ec5e9a63eb7a/screenshot HTTP/1.1
User-Agent: selenium/4.1.2 (java windows)
Cache-Control: no-cache
Content-Type: application/json; charset=utf-8
host: localhost:50554
accept: */*

Response DefaultHttpResponse(decodeResult: success, version: HTTP/1.1)
HTTP/1.1 200 OK
Content-Type: application/json; charset=utf-8
cache-control: no-cache
content-length: 26196

04:07:00.159 [AsyncHttpClient-1-10] DEBUG org.asynchttpclient.netty.channel.ChannelManager - Adding key: http://localhost:50554 for channel [id: 0x1446bccb, L:/127.0.0.1:62301 - R:localhost/127.0.0.1:50554]
04:07:00.162 [main] DEBUG net.serenitybdd.core.photography.Darkroom - Send negative for processing for target\site\serenity\d9277e02a3ccefa2618ea44ab99848b212fc1230b0a60f95c11bec7e4e59671d.png
04:07:00.162 [Darkroom Processing Line] DEBUG net.serenitybdd.core.photography.DarkroomProcessingLine - Processing screenshot image in /var/screenshots/screenshot-15402664213092348679
04:07:00.162 [Darkroom Processing Line] DEBUG net.serenitybdd.core.photography.DarkroomProcessingLine - Saving screenshot to target\site\serenity\d9277e02a3ccefa2618ea44ab99848b212fc1230b0a60f95c11bec7e4e59671d.png
04:07:00.176 [Forwarding findElement on session fe2a59b24a4ff882f531ec5e9a63eb7a to remote] DEBUG org.asynchttpclient.netty.request.NettyRequestSender - Using pooled Channel '[id: 0x1446bccb, L:/127.0.0.1:62301 - R:localhost/127.0.0.1:50554]' for 'POST' to 'http://localhost:50554/session/fe2a59b24a4ff882f531ec5e9a63eb7a/element'
04:07:00.176 [Forwarding findElement on session fe2a59b24a4ff882f531ec5e9a63eb7a to remote] DEBUG org.asynchttpclient.netty.request.NettyRequestSender - Using open Channel [id: 0x1446bccb, L:/127.0.0.1:62301 - R:localhost/127.0.0.1:50554] for POST '/session/fe2a59b24a4ff882f531ec5e9a63eb7a/element'
04:07:00.219 [AsyncHttpClient-1-1] DEBUG org.asynchttpclient.netty.channel.DefaultChannelPool - Entry count for : http://localhost:62303 : 1
04:07:01.318 [AsyncHttpClient-1-1] DEBUG org.asynchttpclient.netty.channel.DefaultChannelPool - Entry count for : http://localhost:62303 : 1
04:07:02.210 [AsyncHttpClient-1-10] DEBUG org.asynchttpclient.netty.handler.HttpHandler - 

Request DefaultHttpRequest(decodeResult: success, version: HTTP/1.1)
POST /session/fe2a59b24a4ff882f531ec5e9a63eb7a/element HTTP/1.1
User-Agent: selenium/4.1.2 (java windows)
Content-Length: 143
Content-Type: application/json; charset=utf-8
host: localhost:50554
accept: */*

Response DefaultHttpResponse(decodeResult: success, version: HTTP/1.1)
HTTP/1.1 404 Not Found
Content-Type: application/json; charset=utf-8
cache-control: no-cache
content-length: 1101

04:07:02.211 [AsyncHttpClient-1-10] DEBUG org.asynchttpclient.netty.channel.ChannelManager - Adding key: http://localhost:50554 for channel [id: 0x1446bccb, L:/127.0.0.1:62301 - R:localhost/127.0.0.1:50554]
04:07:02.330 [Forwarding findElement on session fe2a59b24a4ff882f531ec5e9a63eb7a to remote] DEBUG org.asynchttpclient.netty.request.NettyRequestSender - Using pooled Channel '[id: 0x1446bccb, L:/127.0.0.1:62301 - R:localhost/127.0.0.1:50554]' for 'POST' to 'http://localhost:50554/session/fe2a59b24a4ff882f531ec5e9a63eb7a/element'
04:07:02.330 [Forwarding findElement on session fe2a59b24a4ff882f531ec5e9a63eb7a to remote] DEBUG org.asynchttpclient.netty.request.NettyRequestSender - Using open Channel [id: 0x1446bccb, L:/127.0.0.1:62301 - R:localhost/127.0.0.1:50554] for POST '/session/fe2a59b24a4ff882f531ec5e9a63eb7a/element'
04:07:02.424 [AsyncHttpClient-1-1] DEBUG org.asynchttpclient.netty.channel.DefaultChannelPool - Entry count for : http://localhost:62303 : 1
04:07:03.525 [AsyncHttpClient-1-1] DEBUG org.asynchttpclient.netty.channel.DefaultChannelPool - Entry count for : http://localhost:62303 : 1
04:07:04.340 [AsyncHttpClient-1-10] DEBUG org.asynchttpclient.netty.handler.HttpHandler - 

Request DefaultHttpRequest(decodeResult: success, version: HTTP/1.1)
POST /session/fe2a59b24a4ff882f531ec5e9a63eb7a/element HTTP/1.1
User-Agent: selenium/4.1.2 (java windows)
Content-Length: 143
Content-Type: application/json; charset=utf-8
host: localhost:50554
accept: */*

Response DefaultHttpResponse(decodeResult: success, version: HTTP/1.1)
HTTP/1.1 404 Not Found
Content-Type: application/json; charset=utf-8
cache-control: no-cache
content-length: 1101

04:07:04.340 [AsyncHttpClient-1-10] DEBUG org.asynchttpclient.netty.channel.ChannelManager - Adding key: http://localhost:50554 for channel [id: 0x1446bccb, L:/127.0.0.1:62301 - R:localhost/127.0.0.1:50554]
04:07:04.446 [Forwarding findElement on session fe2a59b24a4ff882f531ec5e9a63eb7a to remote] DEBUG org.asynchttpclient.netty.request.NettyRequestSender - Using pooled Channel '[id: 0x1446bccb, L:/127.0.0.1:62301 - R:localhost/127.0.0.1:50554]' for 'POST' to 'http://localhost:50554/session/fe2a59b24a4ff882f531ec5e9a63eb7a/element'
04:07:04.446 [Forwarding findElement on session fe2a59b24a4ff882f531ec5e9a63eb7a to remote] DEBUG org.asynchttpclient.netty.request.NettyRequestSender - Using open Channel [id: 0x1446bccb, L:/127.0.0.1:62301 - R:localhost/127.0.0.1:50554] for POST '/session/fe2a59b24a4ff882f531ec5e9a63eb7a/element'
04:07:04.618 [AsyncHttpClient-1-1] DEBUG org.asynchttpclient.netty.channel.DefaultChannelPool - Entry count for : http://localhost:62303 : 1
04:07:05.724 [AsyncHttpClient-1-1] DEBUG org.asynchttpclient.netty.channel.DefaultChannelPool - Entry count for : http://localhost:62303 : 1
04:07:06.474 [AsyncHttpClient-1-10] DEBUG org.asynchttpclient.netty.handler.HttpHandler - 

Request DefaultHttpRequest(decodeResult: success, version: HTTP/1.1)
POST /session/fe2a59b24a4ff882f531ec5e9a63eb7a/element HTTP/1.1
User-Agent: selenium/4.1.2 (java windows)
Content-Length: 143
Content-Type: application/json; charset=utf-8
host: localhost:50554
accept: */*

Response DefaultHttpResponse(decodeResult: success, version: HTTP/1.1)
HTTP/1.1 404 Not Found
Content-Type: application/json; charset=utf-8
cache-control: no-cache
content-length: 1101

04:07:06.474 [AsyncHttpClient-1-10] DEBUG org.asynchttpclient.netty.channel.ChannelManager - Adding key: http://localhost:50554 for channel [id: 0x1446bccb, L:/127.0.0.1:62301 - R:localhost/127.0.0.1:50554]
04:07:06.487 [Forwarding screenshot on session fe2a59b24a4ff882f531ec5e9a63eb7a to remote] DEBUG org.asynchttpclient.netty.request.NettyRequestSender - Using pooled Channel '[id: 0x1446bccb, L:/127.0.0.1:62301 - R:localhost/127.0.0.1:50554]' for 'GET' to 'http://localhost:50554/session/fe2a59b24a4ff882f531ec5e9a63eb7a/screenshot'
04:07:06.487 [Forwarding screenshot on session fe2a59b24a4ff882f531ec5e9a63eb7a to remote] DEBUG org.asynchttpclient.netty.request.NettyRequestSender - Using open Channel [id: 0x1446bccb, L:/127.0.0.1:62301 - R:localhost/127.0.0.1:50554] for GET '/session/fe2a59b24a4ff882f531ec5e9a63eb7a/screenshot'
04:07:06.574 [AsyncHttpClient-1-10] DEBUG org.asynchttpclient.netty.handler.HttpHandler - 

Request DefaultFullHttpRequest(decodeResult: success, version: HTTP/1.1, content: EmptyByteBufBE)
GET /session/fe2a59b24a4ff882f531ec5e9a63eb7a/screenshot HTTP/1.1
User-Agent: selenium/4.1.2 (java windows)
Cache-Control: no-cache
Content-Type: application/json; charset=utf-8
host: localhost:50554
accept: */*

Response DefaultHttpResponse(decodeResult: success, version: HTTP/1.1)
HTTP/1.1 200 OK
Content-Type: application/json; charset=utf-8
cache-control: no-cache
content-length: 65416

04:07:06.575 [AsyncHttpClient-1-10] DEBUG org.asynchttpclient.netty.channel.ChannelManager - Adding key: http://localhost:50554 for channel [id: 0x1446bccb, L:/127.0.0.1:62301 - R:localhost/127.0.0.1:50554]
04:07:06.577 [main] DEBUG net.serenitybdd.core.photography.Darkroom - Send negative for processing for target\site\serenity\2fa6377de351ec6c46c1cf49688f41da7feb779925c16f4b0e8e184feca670bf.png
04:07:06.578 [Darkroom Processing Line] DEBUG net.serenitybdd.core.photography.DarkroomProcessingLine - Processing screenshot image in /var/screenshots/screenshot-2176638048736960894
04:07:06.578 [Darkroom Processing Line] DEBUG net.serenitybdd.core.photography.DarkroomProcessingLine - Saving screenshot to target\site\serenity\2fa6377de351ec6c46c1cf49688f41da7feb779925c16f4b0e8e184feca670bf.png
04:07:06.585 [Forwarding getPageSource on session fe2a59b24a4ff882f531ec5e9a63eb7a to remote] DEBUG org.asynchttpclient.netty.request.NettyRequestSender - Using pooled Channel '[id: 0x1446bccb, L:/127.0.0.1:62301 - R:localhost/127.0.0.1:50554]' for 'POST' to 'http://localhost:50554/session/fe2a59b24a4ff882f531ec5e9a63eb7a/execute/sync'
04:07:06.585 [Forwarding getPageSource on session fe2a59b24a4ff882f531ec5e9a63eb7a to remote] DEBUG org.asynchttpclient.netty.request.NettyRequestSender - Using open Channel [id: 0x1446bccb, L:/127.0.0.1:62301 - R:localhost/127.0.0.1:50554] for POST '/session/fe2a59b24a4ff882f531ec5e9a63eb7a/execute/sync'
04:07:06.594 [AsyncHttpClient-1-10] DEBUG org.asynchttpclient.netty.handler.HttpHandler - 

Request DefaultHttpRequest(decodeResult: success, version: HTTP/1.1)
POST /session/fe2a59b24a4ff882f531ec5e9a63eb7a/execute/sync HTTP/1.1
User-Agent: selenium/4.1.2 (java windows)
Content-Length: 176
Content-Type: application/json; charset=utf-8
host: localhost:50554
accept: */*

Response DefaultHttpResponse(decodeResult: success, version: HTTP/1.1)
HTTP/1.1 200 OK
Content-Type: application/json; charset=utf-8
cache-control: no-cache
content-length: 73530

04:07:06.595 [AsyncHttpClient-1-10] DEBUG org.asynchttpclient.netty.channel.ChannelManager - Adding key: http://localhost:50554 for channel [id: 0x1446bccb, L:/127.0.0.1:62301 - R:localhost/127.0.0.1:50554]
04:07:06.715 [Forwarding getCurrentUrl on session fe2a59b24a4ff882f531ec5e9a63eb7a to remote] DEBUG org.asynchttpclient.netty.request.NettyRequestSender - Using pooled Channel '[id: 0x1446bccb, L:/127.0.0.1:62301 - R:localhost/127.0.0.1:50554]' for 'GET' to 'http://localhost:50554/session/fe2a59b24a4ff882f531ec5e9a63eb7a/url'
04:07:06.715 [Forwarding getCurrentUrl on session fe2a59b24a4ff882f531ec5e9a63eb7a to remote] DEBUG org.asynchttpclient.netty.request.NettyRequestSender - Using open Channel [id: 0x1446bccb, L:/127.0.0.1:62301 - R:localhost/127.0.0.1:50554] for GET '/session/fe2a59b24a4ff882f531ec5e9a63eb7a/url'
04:07:06.718 [AsyncHttpClient-1-10] DEBUG org.asynchttpclient.netty.handler.HttpHandler - 

Request DefaultFullHttpRequest(decodeResult: success, version: HTTP/1.1, content: EmptyByteBufBE)
GET /session/fe2a59b24a4ff882f531ec5e9a63eb7a/url HTTP/1.1
User-Agent: selenium/4.1.2 (java windows)
Cache-Control: no-cache
Content-Type: application/json; charset=utf-8
host: localhost:50554
accept: */*

Response DefaultHttpResponse(decodeResult: success, version: HTTP/1.1)
HTTP/1.1 200 OK
Content-Type: application/json; charset=utf-8
cache-control: no-cache
content-length: 41

04:07:06.719 [AsyncHttpClient-1-10] DEBUG org.asynchttpclient.netty.channel.ChannelManager - Adding key: http://localhost:50554 for channel [id: 0x1446bccb, L:/127.0.0.1:62301 - R:localhost/127.0.0.1:50554]
  &amp#27;[31mAnd &amp#27;[0m&amp#27;[31mI click login button&amp#27;[0m                      &amp#27;[90m# starter.stepdefinitions.LoginStep.iClickLoginButton()&amp#27;[0m
      &amp#27;[31mnet.thucydides.core.webdriver.exceptions.ElementShouldBeEnabledException: Expected enabled element was not enabled
	at net.serenitybdd.core.pages.WebElementFacadeImpl.waitUntilEnabled(WebElementFacadeImpl.java:1100)
	at net.serenitybdd.core.pages.WebElementFacadeImpl.waitUntilElementAvailable(WebElementFacadeImpl.java:888)
	at net.serenitybdd.core.pages.WebElementFacadeImpl.click(WebElementFacadeImpl.java:1182)
	at net.serenitybdd.core.pages.WebElementFacadeImpl.click(WebElementFacadeImpl.java:1201)
	at AltaShop@1.0-SNAPSHOT/starter.pages.LoginPage.ClickBtnLogin(LoginPage.java:29)
	at AltaShop@1.0-SNAPSHOT/starter.pages.LoginPage$ByteBuddy$NjZfbJKH.ClickBtnLogin$accessor$HZ5CpEI8(Unknown Source)
	at java.base/jdk.internal.reflect.NativeMethodAccessorImpl.invoke0(Native Method)
	at java.base/jdk.internal.reflect.NativeMethodAccessorImpl.invoke(NativeMethodAccessorImpl.java:62)
	at java.base/jdk.internal.reflect.DelegatingMethodAccessorImpl.invoke(DelegatingMethodAccessorImpl.java:43)
	at java.base/java.lang.reflect.Method.invoke(Method.java:567)
	at net.thucydides.core.steps.BaseMethodRunner.invokeMethod(BaseMethodRunner.java:18)
	at net.thucydides.core.steps.NormalMethodRunner.invokeMethodAndNotifyFailures(NormalMethodRunner.java:18)
	at net.thucydides.core.steps.StepInterceptor.runNormalMethod(StepInterceptor.java:406)
	at net.thucydides.core.steps.StepInterceptor.testStepResult(StepInterceptor.java:191)
	at net.thucydides.core.steps.StepInterceptor.intercept(StepInterceptor.java:84)
	at net.thucydides.core.steps.ProxyConfiguration$InterceptorDispatcher.intercept(ProxyConfiguration.java:51)
	at AltaShop@1.0-SNAPSHOT/starter.pages.LoginPage$ByteBuddy$NjZfbJKH.ClickBtnLogin(Unknown Source)
	at AltaShop@1.0-SNAPSHOT/starter.stepdefinitions.LoginStep.iClickLoginButton(LoginStep.java:31)
	at âœ½.I click login button(file:///C:/Users/alwi/IdeaProjects/AltaShop/src/test/resources/features/Register.feature:8)
Caused by: org.openqa.selenium.TimeoutException: Expected condition failed: waiting for By.xpath: //button[@class = 'v-btn v-btn--is-elevated v-btn--has-bg theme--light v-size--default primary'] to be enabled (tried for 5 second(s) with 100 milliseconds interval)
	at org.openqa.selenium.support.ui.FluentWait.timeoutException(FluentWait.java:263)
	at org.openqa.selenium.support.ui.FluentWait.until(FluentWait.java:231)
	at net.serenitybdd.core.pages.WebElementFacadeImpl.waitUntilEnabled(WebElementFacadeImpl.java:1097)
	at net.serenitybdd.core.pages.WebElementFacadeImpl.waitUntilElementAvailable(WebElementFacadeImpl.java:888)
	at net.serenitybdd.core.pages.WebElementFacadeImpl.click(WebElementFacadeImpl.java:1182)
	at net.serenitybdd.core.pages.WebElementFacadeImpl.click(WebElementFacadeImpl.java:1201)
	at AltaShop@1.0-SNAPSHOT/starter.pages.LoginPage.ClickBtnLogin(LoginPage.java:29)
	at AltaShop@1.0-SNAPSHOT/starter.pages.LoginPage$ByteBuddy$NjZfbJKH.ClickBtnLogin$accessor$HZ5CpEI8(Unknown Source)
	at java.base/jdk.internal.reflect.NativeMethodAccessorImpl.invoke0(Native Method)
	at java.base/jdk.internal.reflect.NativeMethodAccessorImpl.invoke(NativeMethodAccessorImpl.java:62)
	at java.base/jdk.internal.reflect.DelegatingMethodAccessorImpl.invoke(DelegatingMethodAccessorImpl.java:43)
	at java.base/java.lang.reflect.Method.invoke(Method.java:567)
	at net.thucydides.core.steps.BaseMethodRunner.invokeMethod(BaseMethodRunner.java:18)
	at net.thucydides.core.steps.NormalMethodRunner.invokeMethodAndNotifyFailures(NormalMethodRunner.java:18)
	at net.thucydides.core.steps.StepInterceptor.runNormalMethod(StepInterceptor.java:406)
	at net.thucydides.core.steps.StepInterceptor.testStepResult(StepInterceptor.java:191)
	at net.thucydides.core.steps.StepInterceptor.intercept(StepInterceptor.java:84)
	at net.thucydides.core.steps.ProxyConfiguration$InterceptorDispatcher.intercept(ProxyConfiguration.java:51)
	at AltaShop@1.0-SNAPSHOT/starter.pages.LoginPage$ByteBuddy$NjZfbJKH.ClickBtnLogin(Unknown Source)
	at AltaShop@1.0-SNAPSHOT/starter.stepdefinitions.LoginStep.iClickLoginButton(LoginStep.java:31)
	at java.base/jdk.internal.reflect.NativeMethodAccessorImpl.invoke0(Native Method)
	at java.base/jdk.internal.reflect.NativeMethodAccessorImpl.invoke(NativeMethodAccessorImpl.java:62)
	at java.base/jdk.internal.reflect.DelegatingMethodAccessorImpl.invoke(DelegatingMethodAccessorImpl.java:43)
	at java.base/java.lang.reflect.Method.invoke(Method.java:567)
	at io.cucumber.java.Invoker.doInvoke(Invoker.java:66)
	at io.cucumber.java.Invoker.invoke(Invoker.java:24)
	at io.cucumber.java.AbstractGlueDefinition.invokeMethod(AbstractGlueDefinition.java:47)
	at io.cucumber.java.JavaStepDefinition.execute(JavaStepDefinition.java:29)
	at io.cucumber.core.runner.CoreStepDefinition.execute(CoreStepDefinition.java:66)
	at io.cucumber.core.runner.PickleStepDefinitionMatch.runStep(PickleStepDefinitionMatch.java:63)
	at io.cucumber.core.runner.ExecutionMode$1.execute(ExecutionMode.java:10)
	at io.cucumber.core.runner.TestStep.executeStep(TestStep.java:86)
	at io.cucumber.core.runner.TestStep.run(TestStep.java:57)
	at io.cucumber.core.runner.PickleStepTestStep.run(PickleStepTestStep.java:51)
	at io.cucumber.core.runner.TestCase.run(TestCase.java:95)
	at io.cucumber.core.runner.Runner.runPickle(Runner.java:75)
	at io.cucumber.junit.PickleRunners$NoStepDescriptions.lambda$run$0(PickleRunners.java:151)
	at io.cucumber.core.runtime.CucumberExecutionContext.lambda$runTestCase$3(CucumberExecutionContext.java:151)
	at io.cucumber.core.runtime.RethrowingThrowableCollector.executeAndThrow(RethrowingThrowableCollector.java:23)
	at io.cucumber.core.runtime.CucumberExecutionContext.runTestCase(CucumberExecutionContext.java:151)
	at io.cucumber.junit.PickleRunners$NoStepDescriptions.run(PickleRunners.java:148)
	at io.cucumber.junit.FeatureRunner.runChild(FeatureRunner.java:144)
	at io.cucumber.junit.FeatureRunner.runChild(FeatureRunner.java:28)
	at org.junit.runners.ParentRunner$4.run(ParentRunner.java:331)
	at org.junit.runners.ParentRunner$1.schedule(ParentRunner.java:79)
	at org.junit.runners.ParentRunner.runChildren(ParentRunner.java:329)
	at org.junit.runners.ParentRunner.access$100(ParentRunner.java:66)
	at org.junit.runners.ParentRunner$2.evaluate(ParentRunner.java:293)
	at org.junit.runners.ParentRunner$3.evaluate(ParentRunner.java:306)
	at org.junit.runners.ParentRunner.run(ParentRunner.java:413)
	at io.cucumber.junit.FeatureRunner.run(FeatureRunner.java:137)
	at io.cucumber.junit.CucumberSerenityRunner.runChild(CucumberSerenityRunner.java:258)
	at io.cucumber.junit.CucumberSerenityRunner.runChild(CucumberSerenityRunner.java:58)
	at org.junit.runners.ParentRunner$4.run(ParentRunner.java:331)
	at org.junit.runners.ParentRunner$1.schedule(ParentRunner.java:79)
	at org.junit.runners.ParentRunner.runChildren(ParentRunner.java:329)
	at org.junit.runners.ParentRunner.access$100(ParentRunner.java:66)
	at org.junit.runners.ParentRunner$2.evaluate(ParentRunner.java:293)
	at io.cucumber.junit.CucumberSerenityRunner$RunCucumber.evaluate(CucumberSerenityRunner.java:287)
	at org.junit.runners.ParentRunner$3.evaluate(ParentRunner.java:306)
	at org.junit.runners.ParentRunner.run(ParentRunner.java:413)
	at org.junit.runner.JUnitCore.run(JUnitCore.java:137)
	at org.junit.runner.JUnitCore.run(JUnitCore.java:115)
	at org.junit.vintage.engine.execution.RunnerExecutor.execute(RunnerExecutor.java:42)
	at org.junit.vintage.engine.VintageTestEngine.executeAllChildren(VintageTestEngine.java:80)
	at org.junit.vintage.engine.VintageTestEngine.execute(VintageTestEngine.java:72)
	at org.junit.platform.launcher.core.EngineExecutionOrchestrator.execute(EngineExecutionOrchestrator.java:107)
	at org.junit.platform.launcher.core.EngineExecutionOrchestrator.execute(EngineExecutionOrchestrator.java:88)
	at org.junit.platform.launcher.core.EngineExecutionOrchestrator.lambda$execute$0(EngineExecutionOrchestrator.java:54)
	at org.junit.platform.launcher.core.EngineExecutionOrchestrator.withInterceptedStreams(EngineExecutionOrchestrator.java:67)
	at org.junit.platform.launcher.core.EngineExecutionOrchestrator.execute(EngineExecutionOrchestrator.java:52)
	at org.junit.platform.launcher.core.DefaultLauncher.execute(DefaultLauncher.java:114)
	at org.junit.platform.launcher.core.DefaultLauncher.execute(DefaultLauncher.java:86)
	at org.junit.platform.launcher.core.DefaultLauncherSession$DelegatingLauncher.execute(DefaultLauncherSession.java:86)
	at org.junit.platform.launcher.core.SessionPerRequestLauncher.execute(SessionPerRequestLauncher.java:53)
	at org.apache.maven.surefire.junitplatform.JUnitPlatformProvider.execute(JUnitPlatformProvider.java:188)
	at org.apache.maven.surefire.junitplatform.JUnitPlatformProvider.invokeAllTests(JUnitPlatformProvider.java:154)
	at org.apache.maven.surefire.junitplatform.JUnitPlatformProvider.invoke(JUnitPlatformProvider.java:128)
	at org.apache.maven.surefire.booter.ForkedBooter.runSuitesInProcess(ForkedBooter.java:428)
	at org.apache.maven.surefire.booter.ForkedBooter.execute(ForkedBooter.java:162)
	at org.apache.maven.surefire.booter.ForkedBooter.run(ForkedBooter.java:562)
	at org.apache.maven.surefire.booter.ForkedBooter.main(ForkedBooter.java:548)
Caused by: org.openqa.selenium.NoSuchElementException: no such element: Unable to locate element: {"method":"xpath","selector":"//button[@class = 'v-btn v-btn--is-elevated v-btn--has-bg theme--light v-size--default primary']"}
  (Session info: chrome=106.0.5249.119)
For documentation on this error, please visit: https://selenium.dev/exceptions/#no_such_element
Build info: version: '4.1.2', revision: '9a5a329c5a'
System info: host: 'DESKTOP-3MAQDS2', ip: '192.168.1.5', os.name: 'Windows 10', os.arch: 'amd64', os.version: '10.0', java.version: '13.0.2'
Driver info: org.openqa.selenium.chrome.ChromeDriver
Command: [fe2a59b24a4ff882f531ec5e9a63eb7a, findElement {using=xpath, value=//button[@class = 'v-btn v-btn--is-elevated v-btn--has-bg theme--light v-size--default primary']}]
Capabilities {acceptInsecureCerts: false, browserName: chrome, browserVersion: 106.0.5249.119, chrome: {chromedriverVersion: 105.0.5195.52 (412c95e51883..., userDataDir: C:\Users\alwi\AppData\Local...}, goog:chromeOptions: {debuggerAddress: localhost:62303}, javascriptEnabled: true, networkConnectionEnabled: false, pageLoadStrategy: normal, platform: WINDOWS, platformName: WINDOWS, proxy: Proxy(), se:cdp: ws://localhost:62303/devtoo..., se:cdpVersion: 106.0.5249.119, setWindowRect: true, strictFileInteractability: false, timeouts: {implicit: 0, pageLoad: 300000, script: 30000}, unhandledPromptBehavior: dismiss and notify, webauthn:extension:credBlob: true, webauthn:extension:largeBlob: true, webauthn:virtualAuthenticators: true}
Session ID: fe2a59b24a4ff882f531ec5e9a63eb7a
	at java.base/jdk.internal.reflect.NativeConstructorAccessorImpl.newInstance0(Native Method)
	at java.base/jdk.internal.reflect.NativeConstructorAccessorImpl.newInstance(NativeConstructorAccessorImpl.java:62)
	at java.base/jdk.internal.reflect.DelegatingConstructorAccessorImpl.newInstance(DelegatingConstructorAccessorImpl.java:45)
	at java.base/java.lang.reflect.Constructor.newInstanceWithCaller(Constructor.java:500)
	at java.base/java.lang.reflect.Constructor.newInstance(Constructor.java:481)
	at org.openqa.selenium.remote.codec.w3c.W3CHttpResponseCodec.createException(W3CHttpResponseCodec.java:200)
	at org.openqa.selenium.remote.codec.w3c.W3CHttpResponseCodec.decode(W3CHttpResponseCodec.java:133)
	at org.openqa.selenium.remote.codec.w3c.W3CHttpResponseCodec.decode(W3CHttpResponseCodec.java:53)
	at org.openqa.selenium.remote.HttpCommandExecutor.execute(HttpCommandExecutor.java:184)
	at org.openqa.selenium.remote.service.DriverCommandExecutor.invokeExecute(DriverCommandExecutor.java:167)
	at org.openqa.selenium.remote.service.DriverCommandExecutor.execute(DriverCommandExecutor.java:142)
	at org.openqa.selenium.remote.RemoteWebDriver.execute(RemoteWebDriver.java:558)
	at org.openqa.selenium.remote.ElementLocation$ElementFinder$2.findElement(ElementLocation.java:162)
	at org.openqa.selenium.remote.ElementLocation.findElement(ElementLocation.java:60)
	at org.openqa.selenium.remote.RemoteWebDriver.findElement(RemoteWebDriver.java:382)
	at org.openqa.selenium.remote.RemoteWebDriver.findElement(RemoteWebDriver.java:374)
	at net.thucydides.core.webdriver.WebDriverFacade.findElement(WebDriverFacade.java:224)
	at net.serenitybdd.core.pages.WebElementResolverByLocator.resolveForDriver(WebElementResolverByLocator.java:25)
	at net.serenitybdd.core.pages.WebElementFacadeImpl.getResolvedElement(WebElementFacadeImpl.java:191)
	at net.serenitybdd.core.pages.WebElementFacadeImpl.getElement(WebElementFacadeImpl.java:186)
	at net.serenitybdd.core.pages.WebElementExpectations$3.apply(WebElementExpectations.java:63)
	at net.serenitybdd.core.pages.WebElementExpectations$3.apply(WebElementExpectations.java:55)
	at org.openqa.selenium.support.ui.FluentWait.until(FluentWait.java:208)
	... 80 more
&amp#27;[0m
  &amp#27;[36mAnd &amp#27;[0m&amp#27;[36mI click register button&amp#27;[0m                   &amp#27;[90m# starter.stepdefinitions.RegisterStep.iClickRegisterButton()&amp#27;[0m
  &amp#27;[36mWhen &amp#27;[0m&amp#27;[36mI input fullname register &amp#27;[0m&amp#27;[36m&amp#27;[1m"naixxy12"&amp#27;[0m     &amp#27;[90m# starter.stepdefinitions.RegisterStep.iInputFullnameRegister(java.lang.String)&amp#27;[0m
  &amp#27;[36mAnd &amp#27;[0m&amp#27;[36mI input email register &amp#27;[0m&amp#27;[36m&amp#27;[1m"naixxy@co.uk"&amp#27;[0m     &amp#27;[90m# starter.stepdefinitions.RegisterStep.iInputEmailRegister(java.lang.String)&amp#27;[0m
  &amp#27;[36mAnd &amp#27;[0m&amp#27;[36mI input password register &amp#27;[0m&amp#27;[36m&amp#27;[1m"1234"&amp#27;[0m          &amp#27;[90m# starter.stepdefinitions.RegisterStep.iInputPasswordRegister(java.lang.String)&amp#27;[0m
  &amp#27;[36mAnd &amp#27;[0m&amp#27;[36mI click submit register button&amp#27;[0m            &amp#27;[90m# starter.stepdefinitions.RegisterStep.iClickSubmitRegisterButton()&amp#27;[0m
  &amp#27;[36mThen &amp#27;[0m&amp#27;[36mI will get the result register &amp#27;[0m&amp#27;[36m&amp#27;[1m"success"&amp#27;[0m &amp#27;[90m# starter.stepdefinitions.RegisterStep.iWillGetTheResultRegister(java.lang.String)&amp#27;[0m
04:07:06.829 [AsyncHttpClient-1-1] DEBUG org.asynchttpclient.netty.channel.DefaultChannelPool - Entry count for : http://localhost:50554 : 1
04:07:06.829 [AsyncHttpClient-1-1] DEBUG org.asynchttpclient.netty.channel.DefaultChannelPool - Entry count for : http://localhost:62303 : 1
04:07:06.845 [AsyncHttpClient-1-12] DEBUG org.asynchttpclient.netty.handler.WebSocketHandler - Channel Closed: [id: 0x29dd3f7c, L:/127.0.0.1:62309 ! R:localhost/127.0.0.1:62303] with attribute NettyResponseFuture{currentRetry=5,
	isDone=1,
	isCancelled=0,
	asyncHandler=org.asynchttpclient.ws.WebSocketUpgradeHandler@4744eefb,
	nettyRequest=org.asynchttpclient.netty.request.NettyRequest@72924564,
	future=java.util.concurrent.CompletableFuture@3f2717a9[Completed normally],
	uri=ws://localhost:62303/devtools/browser/4dc8b17f-2442-4fc7-9a27-8bfd5c8bbb7f,
	keepAlive=true,
	redirectCount=0,
	timeoutsHolder=null,
	inAuth=0,
	touch=1666732019348}
04:07:06.845 [AsyncHttpClient-1-12] DEBUG org.asynchttpclient.netty.channel.ChannelManager - Closing Channel [id: 0x29dd3f7c, L:/127.0.0.1:62309 ! R:localhost/127.0.0.1:62303] 
04:07:06.845 [Driver Command Executor] DEBUG org.asynchttpclient.netty.request.NettyRequestSender - Using pooled Channel '[id: 0x1446bccb, L:/127.0.0.1:62301 - R:localhost/127.0.0.1:50554]' for 'DELETE' to 'http://localhost:50554/session/fe2a59b24a4ff882f531ec5e9a63eb7a'
04:07:06.845 [Driver Command Executor] DEBUG org.asynchttpclient.netty.request.NettyRequestSender - Using open Channel [id: 0x1446bccb, L:/127.0.0.1:62301 - R:localhost/127.0.0.1:50554] for DELETE '/session/fe2a59b24a4ff882f531ec5e9a63eb7a'
04:07:06.877 [AsyncHttpClient-1-11] DEBUG org.asynchttpclient.netty.handler.HttpHandler - Unexpected I/O exception on channel [id: 0x94c3c3ef, L:/127.0.0.1:62308 - R:localhost/127.0.0.1:62303]
java.net.SocketException: Connection reset
	at java.base/sun.nio.ch.SocketChannelImpl.throwConnectionReset(SocketChannelImpl.java:345)
	at java.base/sun.nio.ch.SocketChannelImpl.read(SocketChannelImpl.java:376)
	at io.netty.buffer.PooledByteBuf.setBytes(PooledByteBuf.java:258)
	at io.netty.buffer.AbstractByteBuf.writeBytes(AbstractByteBuf.java:1132)
	at io.netty.channel.socket.nio.NioSocketChannel.doReadBytes(NioSocketChannel.java:350)
	at io.netty.channel.nio.AbstractNioByteChannel$NioByteUnsafe.read(AbstractNioByteChannel.java:151)
	at io.netty.channel.nio.NioEventLoop.processSelectedKey(NioEventLoop.java:722)
	at io.netty.channel.nio.NioEventLoop.processSelectedKeysOptimized(NioEventLoop.java:658)
	at io.netty.channel.nio.NioEventLoop.processSelectedKeys(NioEventLoop.java:584)
	at io.netty.channel.nio.NioEventLoop.run(NioEventLoop.java:496)
	at io.netty.util.concurrent.SingleThreadEventExecutor$4.run(SingleThreadEventExecutor.java:986)
	at io.netty.util.internal.ThreadExecutorMap$2.run(ThreadExecutorMap.java:74)
	at io.netty.util.concurrent.FastThreadLocalRunnable.run(FastThreadLocalRunnable.java:30)
	at java.base/java.lang.Thread.run(Thread.java:830)
04:07:06.878 [AsyncHttpClient-1-11] DEBUG org.asynchttpclient.netty.channel.ChannelManager - Closing Channel [id: 0x94c3c3ef, L:/127.0.0.1:62308 - R:localhost/127.0.0.1:62303] 
04:07:06.878 [AsyncHttpClient-1-11] DEBUG org.asynchttpclient.netty.handler.HttpHandler - Channel Closed: [id: 0x94c3c3ef, L:/127.0.0.1:62308 ! R:localhost/127.0.0.1:62303] with attribute DISCARD
04:07:06.891 [AsyncHttpClient-1-10] DEBUG org.asynchttpclient.netty.handler.HttpHandler - 

Request DefaultFullHttpRequest(decodeResult: success, version: HTTP/1.1, content: EmptyByteBufBE)
DELETE /session/fe2a59b24a4ff882f531ec5e9a63eb7a HTTP/1.1
User-Agent: selenium/4.1.2 (java windows)
Content-Type: application/json; charset=utf-8
host: localhost:50554
accept: */*

Response DefaultHttpResponse(decodeResult: success, version: HTTP/1.1)
HTTP/1.1 200 OK
Content-Type: application/json; charset=utf-8
cache-control: no-cache
content-length: 14

04:07:06.891 [AsyncHttpClient-1-10] DEBUG org.asynchttpclient.netty.channel.ChannelManager - Adding key: http://localhost:50554 for channel [id: 0x1446bccb, L:/127.0.0.1:62301 - R:localhost/127.0.0.1:50554]
04:07:06.956 [AsyncHttpClient-1-10] DEBUG org.asynchttpclient.netty.handler.HttpHandler - Channel Closed: [id: 0x1446bccb, L:/127.0.0.1:62301 ! R:localhost/127.0.0.1:50554] with attribute DISCARD
04:07:07.478 [main] ERROR  - 
  _____   ___   ___   _____     ___     _     ___   _      ___   ___  
 |_   _| | __| / __| |_   _|   | __|   /_\   |_ _| | |    | __| |   \ 
   | |   | _|  \__ \   | |     | _|   / _ \   | |  | |__  | _|  | |) |
   |_|   |___| |___/   |_|     |_|   /_/ \_\ |___| |____| |___| |___/ 


-----------------------------------------------------------------------
04:07:07.480 [main] DEBUG  - RELATED ISSUES: 
04:07:07.481 [main] ERROR  -     Test failed at step: Click btn login
04:07:07.481 [main] ERROR  -     Expected enabled element was not enabledBuild info: version: '4.1.2', revision: '9a5a329c5a'System info: host: 'DESKTOP-3MAQDS2', ip: '192.168.1.5', os.name: 'Windows 10', os.arch: 'amd64', os.version: '10.0', java.version: '13.0.2'Driver info: driver.version: unknown
]]></system-out>
    <system-err><![CDATA[Starting ChromeDriver 105.0.5195.52 (412c95e518836d8a7d97250d62b29c2ae6a26a85-refs/branch-heads/5195@{#853}) on port 50554
Only local connections are allowed.
Please see https://chromedriver.chromium.org/security-considerations for suggestions on keeping ChromeDriver safe.
ChromeDriver was started successfully.
[1666732019.322][WARNING]: This version of ChromeDriver has not been tested with Chrome version 106.
Okt 26, 2022 4:06:59 AM org.openqa.selenium.remote.ProtocolHandshake createSession
INFO: Detected dialect: W3C
Okt 26, 2022 4:06:59 AM org.openqa.selenium.devtools.CdpVersionFinder findNearestMatch
WARNING: Unable to find an exact match for CDP version 106, so returning the closest version found: a no-op implementation
Okt 26, 2022 4:06:59 AM org.openqa.selenium.devtools.CdpVersionFinder findNearestMatch
INFO: Unable to find CDP implementation matching 106.
Okt 26, 2022 4:06:59 AM org.openqa.selenium.chromium.ChromiumDriver lambda$new$3
WARNING: Unable to find version of CDP to use for . You may need to include a dependency on a specific version of the CDP using something similar to `org.seleniumhq.selenium:selenium-devtools-v86:4.1.2` where the version ("v86") matches the version of the chromium-based browser you're using and the version number of the artifact is the same as Selenium's.
]]></system-err>
  </testcase>
  <testcase name=" #2" classname="Register" time="9.63">
    <error type="net.thucydides.core.webdriver.exceptions.ElementShouldBeEnabledException"><![CDATA[net.thucydides.core.webdriver.exceptions.ElementShouldBeEnabledException: Expected enabled element was not enabled
Caused by: org.openqa.selenium.TimeoutException: Expected condition failed: waiting for By.xpath: //button[@class = 'v-btn v-btn--is-elevated v-btn--has-bg theme--light v-size--default primary'] to be enabled (tried for 5 second(s) with 100 milliseconds interval)
Caused by: org.openqa.selenium.NoSuchElementException: 
no such element: Unable to locate element: {"method":"xpath","selector":"//button[@class = 'v-btn v-btn--is-elevated v-btn--has-bg theme--light v-size--default primary']"}
  (Session info: chrome=106.0.5249.119)
For documentation on this error, please visit: https://selenium.dev/exceptions/#no_such_element
Build info: version: '4.1.2', revision: '9a5a329c5a'
System info: host: 'DESKTOP-3MAQDS2', ip: '192.168.1.5', os.name: 'Windows 10', os.arch: 'amd64', os.version: '10.0', java.version: '13.0.2'
Driver info: org.openqa.selenium.chrome.ChromeDriver
Command: [e2fca8b82314674a44aec2f1aa5186c2, findElement {using=xpath, value=//button[@class = 'v-btn v-btn--is-elevated v-btn--has-bg theme--light v-size--default primary']}]
Capabilities {acceptInsecureCerts: false, browserName: chrome, browserVersion: 106.0.5249.119, chrome: {chromedriverVersion: 105.0.5195.52 (412c95e51883..., userDataDir: C:\Users\alwi\AppData\Local...}, goog:chromeOptions: {debuggerAddress: localhost:62333}, javascriptEnabled: true, networkConnectionEnabled: false, pageLoadStrategy: normal, platform: WINDOWS, platformName: WINDOWS, proxy: Proxy(), se:cdp: ws://localhost:62333/devtoo..., se:cdpVersion: 106.0.5249.119, setWindowRect: true, strictFileInteractability: false, timeouts: {implicit: 0, pageLoad: 300000, script: 30000}, unhandledPromptBehavior: dismiss and notify, webauthn:extension:credBlob: true, webauthn:extension:largeBlob: true, webauthn:virtualAuthenticators: true}
Session ID: e2fca8b82314674a44aec2f1aa5186c2
]]></error>
    <system-out><![CDATA[
Scenario Outline:                              &amp#27;[90m# src/test/resources/features/Register.feature:18&amp#27;[0m
04:07:07.496 [main] INFO io.cucumber.core.plugin.SerenityReporter - Running feature from file:///C:/Users/alwi/IdeaProjects/AltaShop/src/test/resources/features/Register.feature
04:07:07.508 [main] INFO net.serenitybdd.core.webdriver.driverproviders.ChromeDriverProvider - Using automatically driver download
04:07:07.667 [main] DEBUG io.github.bonigarcia.wdm.cache.ResolutionCache - Resolution chrome=106 in cache (valid until 04:10:38 26/10/2022 WIB)
04:07:07.674 [main] DEBUG io.github.bonigarcia.wdm.cache.ResolutionCache - Resolution chrome106=106.0.5249.61 in cache (valid until 22:47:25 26/10/2022 WIB)
04:07:07.678 [main] INFO io.github.bonigarcia.wdm.WebDriverManager - Using chromedriver 106.0.5249.61 (resolved driver for Chrome 106)
04:07:07.698 [main] DEBUG io.github.bonigarcia.wdm.WebDriverManager - Driver chromedriver 106.0.5249.61 found in cache
04:07:07.700 [main] INFO io.github.bonigarcia.wdm.WebDriverManager - Exporting webdriver.chrome.driver as C:\Users\alwi\.cache\selenium\chromedriver\win32\106.0.5249.61\chromedriver.exe
04:07:07.843 [main] DEBUG net.serenitybdd.core.webdriver.driverproviders.ProvideNewDriver - Instantiating driver
04:07:07.843 [main] DEBUG net.serenitybdd.core.webdriver.driverproviders.ProvideNewDriver - Driver capabilities: Capabilities {acceptInsecureCerts: false, base.url: https://alta-shop.vercel.app, browserName: chrome, chrome.driver: src/test/resources/webdrive..., driver: chrome, goog:chromeOptions: {args: [], extensions: []}}
04:07:07.922 [AsyncHttpClient-1-1] DEBUG org.asynchttpclient.netty.channel.DefaultChannelPool - Entry count for : http://localhost:50554 : 1
04:07:07.923 [AsyncHttpClient-1-1] DEBUG org.asynchttpclient.netty.channel.DefaultChannelPool - Entry count for : http://localhost:62303 : 1
04:07:07.923 [AsyncHttpClient-1-1] DEBUG org.asynchttpclient.netty.channel.DefaultChannelPool - Adding Candidate expired Channel [id: 0x1446bccb, L:/127.0.0.1:62301 ! R:localhost/127.0.0.1:50554] isIdleTimeoutExpired=false isRemotelyClosed=true isTtlExpired=false
04:07:07.923 [AsyncHttpClient-1-1] DEBUG org.asynchttpclient.netty.channel.DefaultChannelPool - Closing Idle Channel [id: 0x1446bccb, L:/127.0.0.1:62301 ! R:localhost/127.0.0.1:50554]
04:07:07.923 [AsyncHttpClient-1-1] DEBUG org.asynchttpclient.netty.channel.DefaultChannelPool - Adding Candidate expired Channel [id: 0x94c3c3ef, L:/127.0.0.1:62308 ! R:localhost/127.0.0.1:62303] isIdleTimeoutExpired=false isRemotelyClosed=true isTtlExpired=false
04:07:07.923 [AsyncHttpClient-1-1] DEBUG org.asynchttpclient.netty.channel.DefaultChannelPool - Closing Idle Channel [id: 0x94c3c3ef, L:/127.0.0.1:62308 ! R:localhost/127.0.0.1:62303]
04:07:07.923 [AsyncHttpClient-1-1] DEBUG org.asynchttpclient.netty.channel.DefaultChannelPool - Closed 2 connections out of 2 in 0 ms
04:07:08.388 [AsyncHttpClient-1-13] DEBUG org.asynchttpclient.netty.channel.NettyConnectListener - Using new Channel '[id: 0x53491f78, L:/127.0.0.1:62332 - R:localhost/127.0.0.1:55052]' for 'POST' to '/session'
04:07:09.010 [AsyncHttpClient-1-13] DEBUG org.asynchttpclient.netty.handler.HttpHandler - 

Request DefaultHttpRequest(decodeResult: success, version: HTTP/1.1)
POST /session HTTP/1.1
User-Agent: selenium/4.1.2 (java windows)
Content-Length: 609
Content-Type: application/json; charset=utf-8
host: localhost:55052
accept: */*

Response DefaultHttpResponse(decodeResult: success, version: HTTP/1.1)
HTTP/1.1 200 OK
Content-Type: application/json; charset=utf-8
cache-control: no-cache
content-length: 789

04:07:09.011 [AsyncHttpClient-1-13] DEBUG org.asynchttpclient.netty.channel.ChannelManager - Adding key: http://localhost:55052 for channel [id: 0x53491f78, L:/127.0.0.1:62332 - R:localhost/127.0.0.1:55052]
04:07:09.016 [AsyncHttpClient-1-14] DEBUG org.asynchttpclient.netty.channel.NettyConnectListener - Using new Channel '[id: 0xb24e5c90, L:/127.0.0.1:62339 - R:localhost/127.0.0.1:62333]' for 'GET' to '/json/version'
04:07:09.017 [AsyncHttpClient-1-14] DEBUG org.asynchttpclient.netty.handler.HttpHandler - 

Request DefaultFullHttpRequest(decodeResult: success, version: HTTP/1.1, content: EmptyByteBufBE)
GET /json/version HTTP/1.1
User-Agent: selenium/4.1.2 (java windows)
host: localhost:62333
accept: */*

Response DefaultHttpResponse(decodeResult: success, version: HTTP/1.1)
HTTP/1.1 200 OK
Content-Type: application/json; charset=UTF-8
content-length: 424

04:07:09.017 [AsyncHttpClient-1-14] DEBUG org.asynchttpclient.netty.channel.ChannelManager - Adding key: http://localhost:62333 for channel [id: 0xb24e5c90, L:/127.0.0.1:62339 - R:localhost/127.0.0.1:62333]
04:07:09.019 [AsyncHttpClient-1-15] DEBUG org.asynchttpclient.netty.channel.NettyConnectListener - Using new Channel '[id: 0xfddf451d, L:/127.0.0.1:62340 - R:localhost/127.0.0.1:62333]' for 'GET' to '/devtools/browser/d9c5ff9e-4a79-4b86-a5ba-d7b56cc00428'
04:07:09.019 [AsyncHttpClient-1-15] DEBUG org.asynchttpclient.netty.handler.WebSocketHandler - 

Request DefaultFullHttpRequest(decodeResult: success, version: HTTP/1.1, content: EmptyByteBufBE)
GET /devtools/browser/d9c5ff9e-4a79-4b86-a5ba-d7b56cc00428 HTTP/1.1
upgrade: websocket
connection: upgrade
sec-websocket-key: YiTJqFXbycDhBai3A7CkGw==
sec-websocket-version: 13
origin: http://localhost:62333
host: localhost:62333
accept: */*
user-agent: AHC/2.1

Response DefaultHttpResponse(decodeResult: success, version: HTTP/1.1)
HTTP/1.1 101 WebSocket Protocol Handshake
Upgrade: WebSocket
Connection: Upgrade
Sec-WebSocket-Accept: d3JsyHjO3r+UJpOCNaXGf1ByQlE=

04:07:09.023 [Forwarding get on session e2fca8b82314674a44aec2f1aa5186c2 to remote] DEBUG org.asynchttpclient.netty.request.NettyRequestSender - Using pooled Channel '[id: 0x53491f78, L:/127.0.0.1:62332 - R:localhost/127.0.0.1:55052]' for 'POST' to 'http://localhost:55052/session/e2fca8b82314674a44aec2f1aa5186c2/url'
04:07:09.023 [Forwarding get on session e2fca8b82314674a44aec2f1aa5186c2 to remote] DEBUG org.asynchttpclient.netty.request.NettyRequestSender - Using open Channel [id: 0x53491f78, L:/127.0.0.1:62332 - R:localhost/127.0.0.1:55052] for POST '/session/e2fca8b82314674a44aec2f1aa5186c2/url'
04:07:09.025 [AsyncHttpClient-1-1] DEBUG org.asynchttpclient.netty.channel.DefaultChannelPool - Entry count for : http://localhost:62333 : 1
04:07:09.768 [AsyncHttpClient-1-13] DEBUG org.asynchttpclient.netty.handler.HttpHandler - 

Request DefaultHttpRequest(decodeResult: success, version: HTTP/1.1)
POST /session/e2fca8b82314674a44aec2f1aa5186c2/url HTTP/1.1
User-Agent: selenium/4.1.2 (java windows)
Content-Length: 59
Content-Type: application/json; charset=utf-8
host: localhost:55052
accept: */*

Response DefaultHttpResponse(decodeResult: success, version: HTTP/1.1)
HTTP/1.1 200 OK
Content-Type: application/json; charset=utf-8
cache-control: no-cache
content-length: 14

04:07:09.768 [AsyncHttpClient-1-13] DEBUG org.asynchttpclient.netty.channel.ChannelManager - Adding key: http://localhost:55052 for channel [id: 0x53491f78, L:/127.0.0.1:62332 - R:localhost/127.0.0.1:55052]
04:07:09.770 [Forwarding setTimeout on session e2fca8b82314674a44aec2f1aa5186c2 to remote] DEBUG org.asynchttpclient.netty.request.NettyRequestSender - Using pooled Channel '[id: 0x53491f78, L:/127.0.0.1:62332 - R:localhost/127.0.0.1:55052]' for 'POST' to 'http://localhost:55052/session/e2fca8b82314674a44aec2f1aa5186c2/timeouts'
04:07:09.770 [Forwarding setTimeout on session e2fca8b82314674a44aec2f1aa5186c2 to remote] DEBUG org.asynchttpclient.netty.request.NettyRequestSender - Using open Channel [id: 0x53491f78, L:/127.0.0.1:62332 - R:localhost/127.0.0.1:55052] for POST '/session/e2fca8b82314674a44aec2f1aa5186c2/timeouts'
04:07:09.772 [AsyncHttpClient-1-13] DEBUG org.asynchttpclient.netty.handler.HttpHandler - 

Request DefaultHttpRequest(decodeResult: success, version: HTTP/1.1)
POST /session/e2fca8b82314674a44aec2f1aa5186c2/timeouts HTTP/1.1
User-Agent: selenium/4.1.2 (java windows)
Content-Length: 22
Content-Type: application/json; charset=utf-8
host: localhost:55052
accept: */*

Response DefaultHttpResponse(decodeResult: success, version: HTTP/1.1)
HTTP/1.1 200 OK
Content-Type: application/json; charset=utf-8
cache-control: no-cache
content-length: 14

04:07:09.772 [AsyncHttpClient-1-13] DEBUG org.asynchttpclient.netty.channel.ChannelManager - Adding key: http://localhost:55052 for channel [id: 0x53491f78, L:/127.0.0.1:62332 - R:localhost/127.0.0.1:55052]
04:07:09.777 [Forwarding getCurrentUrl on session e2fca8b82314674a44aec2f1aa5186c2 to remote] DEBUG org.asynchttpclient.netty.request.NettyRequestSender - Using pooled Channel '[id: 0x53491f78, L:/127.0.0.1:62332 - R:localhost/127.0.0.1:55052]' for 'GET' to 'http://localhost:55052/session/e2fca8b82314674a44aec2f1aa5186c2/url'
04:07:09.777 [Forwarding getCurrentUrl on session e2fca8b82314674a44aec2f1aa5186c2 to remote] DEBUG org.asynchttpclient.netty.request.NettyRequestSender - Using open Channel [id: 0x53491f78, L:/127.0.0.1:62332 - R:localhost/127.0.0.1:55052] for GET '/session/e2fca8b82314674a44aec2f1aa5186c2/url'
04:07:09.783 [AsyncHttpClient-1-13] DEBUG org.asynchttpclient.netty.handler.HttpHandler - 

Request DefaultFullHttpRequest(decodeResult: success, version: HTTP/1.1, content: EmptyByteBufBE)
GET /session/e2fca8b82314674a44aec2f1aa5186c2/url HTTP/1.1
User-Agent: selenium/4.1.2 (java windows)
Cache-Control: no-cache
Content-Type: application/json; charset=utf-8
host: localhost:55052
accept: */*

Response DefaultHttpResponse(decodeResult: success, version: HTTP/1.1)
HTTP/1.1 200 OK
Content-Type: application/json; charset=utf-8
cache-control: no-cache
content-length: 41

04:07:09.783 [AsyncHttpClient-1-13] DEBUG org.asynchttpclient.netty.channel.ChannelManager - Adding key: http://localhost:55052 for channel [id: 0x53491f78, L:/127.0.0.1:62332 - R:localhost/127.0.0.1:55052]
  &amp#27;[32mGiven &amp#27;[0m&amp#27;[32mI am on the home page&amp#27;[0m                  &amp#27;[90m# starter.stepdefinitions.HomeStep.iAmOnTheHomePage()&amp#27;[0m
04:07:09.791 [Forwarding screenshot on session e2fca8b82314674a44aec2f1aa5186c2 to remote] DEBUG org.asynchttpclient.netty.request.NettyRequestSender - Using pooled Channel '[id: 0x53491f78, L:/127.0.0.1:62332 - R:localhost/127.0.0.1:55052]' for 'GET' to 'http://localhost:55052/session/e2fca8b82314674a44aec2f1aa5186c2/screenshot'
04:07:09.792 [Forwarding screenshot on session e2fca8b82314674a44aec2f1aa5186c2 to remote] DEBUG org.asynchttpclient.netty.request.NettyRequestSender - Using open Channel [id: 0x53491f78, L:/127.0.0.1:62332 - R:localhost/127.0.0.1:55052] for GET '/session/e2fca8b82314674a44aec2f1aa5186c2/screenshot'
04:07:09.981 [AsyncHttpClient-1-13] DEBUG org.asynchttpclient.netty.handler.HttpHandler - 

Request DefaultFullHttpRequest(decodeResult: success, version: HTTP/1.1, content: EmptyByteBufBE)
GET /session/e2fca8b82314674a44aec2f1aa5186c2/screenshot HTTP/1.1
User-Agent: selenium/4.1.2 (java windows)
Cache-Control: no-cache
Content-Type: application/json; charset=utf-8
host: localhost:55052
accept: */*

Response DefaultHttpResponse(decodeResult: success, version: HTTP/1.1)
HTTP/1.1 200 OK
Content-Type: application/json; charset=utf-8
cache-control: no-cache
content-length: 28648

04:07:09.982 [AsyncHttpClient-1-13] DEBUG org.asynchttpclient.netty.channel.ChannelManager - Adding key: http://localhost:55052 for channel [id: 0x53491f78, L:/127.0.0.1:62332 - R:localhost/127.0.0.1:55052]
04:07:09.984 [main] DEBUG net.serenitybdd.core.photography.Darkroom - Send negative for processing for target\site\serenity\28548c7311a3a66764a3383ba76f8a69a88ac095c775c1bd71cc7d193d30810c.png
04:07:09.985 [Darkroom Processing Line] DEBUG net.serenitybdd.core.photography.DarkroomProcessingLine - Processing screenshot image in /var/screenshots/screenshot-5406367394251461316
04:07:09.985 [Darkroom Processing Line] DEBUG net.serenitybdd.core.photography.DarkroomProcessingLine - Saving screenshot to target\site\serenity\28548c7311a3a66764a3383ba76f8a69a88ac095c775c1bd71cc7d193d30810c.png
04:07:10.005 [Forwarding findElement on session e2fca8b82314674a44aec2f1aa5186c2 to remote] DEBUG org.asynchttpclient.netty.request.NettyRequestSender - Using pooled Channel '[id: 0x53491f78, L:/127.0.0.1:62332 - R:localhost/127.0.0.1:55052]' for 'POST' to 'http://localhost:55052/session/e2fca8b82314674a44aec2f1aa5186c2/element'
04:07:10.005 [Forwarding findElement on session e2fca8b82314674a44aec2f1aa5186c2 to remote] DEBUG org.asynchttpclient.netty.request.NettyRequestSender - Using open Channel [id: 0x53491f78, L:/127.0.0.1:62332 - R:localhost/127.0.0.1:55052] for POST '/session/e2fca8b82314674a44aec2f1aa5186c2/element'
04:07:10.124 [AsyncHttpClient-1-1] DEBUG org.asynchttpclient.netty.channel.DefaultChannelPool - Entry count for : http://localhost:62333 : 1
04:07:11.222 [AsyncHttpClient-1-1] DEBUG org.asynchttpclient.netty.channel.DefaultChannelPool - Entry count for : http://localhost:62333 : 1
04:07:12.022 [AsyncHttpClient-1-13] DEBUG org.asynchttpclient.netty.handler.HttpHandler - 

Request DefaultHttpRequest(decodeResult: success, version: HTTP/1.1)
POST /session/e2fca8b82314674a44aec2f1aa5186c2/element HTTP/1.1
User-Agent: selenium/4.1.2 (java windows)
Content-Length: 143
Content-Type: application/json; charset=utf-8
host: localhost:55052
accept: */*

Response DefaultHttpResponse(decodeResult: success, version: HTTP/1.1)
HTTP/1.1 404 Not Found
Content-Type: application/json; charset=utf-8
cache-control: no-cache
content-length: 1101

04:07:12.023 [AsyncHttpClient-1-13] DEBUG org.asynchttpclient.netty.channel.ChannelManager - Adding key: http://localhost:55052 for channel [id: 0x53491f78, L:/127.0.0.1:62332 - R:localhost/127.0.0.1:55052]
04:07:12.135 [Forwarding findElement on session e2fca8b82314674a44aec2f1aa5186c2 to remote] DEBUG org.asynchttpclient.netty.request.NettyRequestSender - Using pooled Channel '[id: 0x53491f78, L:/127.0.0.1:62332 - R:localhost/127.0.0.1:55052]' for 'POST' to 'http://localhost:55052/session/e2fca8b82314674a44aec2f1aa5186c2/element'
04:07:12.135 [Forwarding findElement on session e2fca8b82314674a44aec2f1aa5186c2 to remote] DEBUG org.asynchttpclient.netty.request.NettyRequestSender - Using open Channel [id: 0x53491f78, L:/127.0.0.1:62332 - R:localhost/127.0.0.1:55052] for POST '/session/e2fca8b82314674a44aec2f1aa5186c2/element'
04:07:12.325 [AsyncHttpClient-1-1] DEBUG org.asynchttpclient.netty.channel.DefaultChannelPool - Entry count for : http://localhost:62333 : 1
04:07:13.425 [AsyncHttpClient-1-1] DEBUG org.asynchttpclient.netty.channel.DefaultChannelPool - Entry count for : http://localhost:62333 : 1
04:07:14.155 [AsyncHttpClient-1-13] DEBUG org.asynchttpclient.netty.handler.HttpHandler - 

Request DefaultHttpRequest(decodeResult: success, version: HTTP/1.1)
POST /session/e2fca8b82314674a44aec2f1aa5186c2/element HTTP/1.1
User-Agent: selenium/4.1.2 (java windows)
Content-Length: 143
Content-Type: application/json; charset=utf-8
host: localhost:55052
accept: */*

Response DefaultHttpResponse(decodeResult: success, version: HTTP/1.1)
HTTP/1.1 404 Not Found
Content-Type: application/json; charset=utf-8
cache-control: no-cache
content-length: 1101

04:07:14.155 [AsyncHttpClient-1-13] DEBUG org.asynchttpclient.netty.channel.ChannelManager - Adding key: http://localhost:55052 for channel [id: 0x53491f78, L:/127.0.0.1:62332 - R:localhost/127.0.0.1:55052]
04:07:14.261 [Forwarding findElement on session e2fca8b82314674a44aec2f1aa5186c2 to remote] DEBUG org.asynchttpclient.netty.request.NettyRequestSender - Using pooled Channel '[id: 0x53491f78, L:/127.0.0.1:62332 - R:localhost/127.0.0.1:55052]' for 'POST' to 'http://localhost:55052/session/e2fca8b82314674a44aec2f1aa5186c2/element'
04:07:14.261 [Forwarding findElement on session e2fca8b82314674a44aec2f1aa5186c2 to remote] DEBUG org.asynchttpclient.netty.request.NettyRequestSender - Using open Channel [id: 0x53491f78, L:/127.0.0.1:62332 - R:localhost/127.0.0.1:55052] for POST '/session/e2fca8b82314674a44aec2f1aa5186c2/element'
04:07:14.519 [AsyncHttpClient-1-1] DEBUG org.asynchttpclient.netty.channel.DefaultChannelPool - Entry count for : http://localhost:62333 : 1
04:07:15.625 [AsyncHttpClient-1-1] DEBUG org.asynchttpclient.netty.channel.DefaultChannelPool - Entry count for : http://localhost:62333 : 1
04:07:16.270 [AsyncHttpClient-1-13] DEBUG org.asynchttpclient.netty.handler.HttpHandler - 

Request DefaultHttpRequest(decodeResult: success, version: HTTP/1.1)
POST /session/e2fca8b82314674a44aec2f1aa5186c2/element HTTP/1.1
User-Agent: selenium/4.1.2 (java windows)
Content-Length: 143
Content-Type: application/json; charset=utf-8
host: localhost:55052
accept: */*

Response DefaultHttpResponse(decodeResult: success, version: HTTP/1.1)
HTTP/1.1 404 Not Found
Content-Type: application/json; charset=utf-8
cache-control: no-cache
content-length: 1101

04:07:16.271 [AsyncHttpClient-1-13] DEBUG org.asynchttpclient.netty.channel.ChannelManager - Adding key: http://localhost:55052 for channel [id: 0x53491f78, L:/127.0.0.1:62332 - R:localhost/127.0.0.1:55052]
04:07:16.278 [Forwarding screenshot on session e2fca8b82314674a44aec2f1aa5186c2 to remote] DEBUG org.asynchttpclient.netty.request.NettyRequestSender - Using pooled Channel '[id: 0x53491f78, L:/127.0.0.1:62332 - R:localhost/127.0.0.1:55052]' for 'GET' to 'http://localhost:55052/session/e2fca8b82314674a44aec2f1aa5186c2/screenshot'
04:07:16.278 [Forwarding screenshot on session e2fca8b82314674a44aec2f1aa5186c2 to remote] DEBUG org.asynchttpclient.netty.request.NettyRequestSender - Using open Channel [id: 0x53491f78, L:/127.0.0.1:62332 - R:localhost/127.0.0.1:55052] for GET '/session/e2fca8b82314674a44aec2f1aa5186c2/screenshot'
04:07:16.352 [AsyncHttpClient-1-13] DEBUG org.asynchttpclient.netty.handler.HttpHandler - 

Request DefaultFullHttpRequest(decodeResult: success, version: HTTP/1.1, content: EmptyByteBufBE)
GET /session/e2fca8b82314674a44aec2f1aa5186c2/screenshot HTTP/1.1
User-Agent: selenium/4.1.2 (java windows)
Cache-Control: no-cache
Content-Type: application/json; charset=utf-8
host: localhost:55052
accept: */*

Response DefaultHttpResponse(decodeResult: success, version: HTTP/1.1)
HTTP/1.1 200 OK
Content-Type: application/json; charset=utf-8
cache-control: no-cache
content-length: 65416

04:07:16.352 [AsyncHttpClient-1-13] DEBUG org.asynchttpclient.netty.channel.ChannelManager - Adding key: http://localhost:55052 for channel [id: 0x53491f78, L:/127.0.0.1:62332 - R:localhost/127.0.0.1:55052]
04:07:16.355 [main] DEBUG net.serenitybdd.core.photography.Darkroom - Send negative for processing for target\site\serenity\2fa6377de351ec6c46c1cf49688f41da7feb779925c16f4b0e8e184feca670bf.png
04:07:16.360 [Forwarding getPageSource on session e2fca8b82314674a44aec2f1aa5186c2 to remote] DEBUG org.asynchttpclient.netty.request.NettyRequestSender - Using pooled Channel '[id: 0x53491f78, L:/127.0.0.1:62332 - R:localhost/127.0.0.1:55052]' for 'POST' to 'http://localhost:55052/session/e2fca8b82314674a44aec2f1aa5186c2/execute/sync'
04:07:16.360 [Forwarding getPageSource on session e2fca8b82314674a44aec2f1aa5186c2 to remote] DEBUG org.asynchttpclient.netty.request.NettyRequestSender - Using open Channel [id: 0x53491f78, L:/127.0.0.1:62332 - R:localhost/127.0.0.1:55052] for POST '/session/e2fca8b82314674a44aec2f1aa5186c2/execute/sync'
04:07:16.371 [AsyncHttpClient-1-13] DEBUG org.asynchttpclient.netty.handler.HttpHandler - 

Request DefaultHttpRequest(decodeResult: success, version: HTTP/1.1)
POST /session/e2fca8b82314674a44aec2f1aa5186c2/execute/sync HTTP/1.1
User-Agent: selenium/4.1.2 (java windows)
Content-Length: 176
Content-Type: application/json; charset=utf-8
host: localhost:55052
accept: */*

Response DefaultHttpResponse(decodeResult: success, version: HTTP/1.1)
HTTP/1.1 200 OK
Content-Type: application/json; charset=utf-8
cache-control: no-cache
content-length: 73530

04:07:16.372 [AsyncHttpClient-1-13] DEBUG org.asynchttpclient.netty.channel.ChannelManager - Adding key: http://localhost:55052 for channel [id: 0x53491f78, L:/127.0.0.1:62332 - R:localhost/127.0.0.1:55052]
04:07:16.392 [Forwarding getCurrentUrl on session e2fca8b82314674a44aec2f1aa5186c2 to remote] DEBUG org.asynchttpclient.netty.request.NettyRequestSender - Using pooled Channel '[id: 0x53491f78, L:/127.0.0.1:62332 - R:localhost/127.0.0.1:55052]' for 'GET' to 'http://localhost:55052/session/e2fca8b82314674a44aec2f1aa5186c2/url'
04:07:16.393 [Forwarding getCurrentUrl on session e2fca8b82314674a44aec2f1aa5186c2 to remote] DEBUG org.asynchttpclient.netty.request.NettyRequestSender - Using open Channel [id: 0x53491f78, L:/127.0.0.1:62332 - R:localhost/127.0.0.1:55052] for GET '/session/e2fca8b82314674a44aec2f1aa5186c2/url'
04:07:16.396 [AsyncHttpClient-1-13] DEBUG org.asynchttpclient.netty.handler.HttpHandler - 

Request DefaultFullHttpRequest(decodeResult: success, version: HTTP/1.1, content: EmptyByteBufBE)
GET /session/e2fca8b82314674a44aec2f1aa5186c2/url HTTP/1.1
User-Agent: selenium/4.1.2 (java windows)
Cache-Control: no-cache
Content-Type: application/json; charset=utf-8
host: localhost:55052
accept: */*

Response DefaultHttpResponse(decodeResult: success, version: HTTP/1.1)
HTTP/1.1 200 OK
Content-Type: application/json; charset=utf-8
cache-control: no-cache
content-length: 41

04:07:16.396 [AsyncHttpClient-1-13] DEBUG org.asynchttpclient.netty.channel.ChannelManager - Adding key: http://localhost:55052 for channel [id: 0x53491f78, L:/127.0.0.1:62332 - R:localhost/127.0.0.1:55052]
  &amp#27;[31mAnd &amp#27;[0m&amp#27;[31mI click login button&amp#27;[0m                     &amp#27;[90m# starter.stepdefinitions.LoginStep.iClickLoginButton()&amp#27;[0m
      &amp#27;[31mnet.thucydides.core.webdriver.exceptions.ElementShouldBeEnabledException: Expected enabled element was not enabled
	at net.serenitybdd.core.pages.WebElementFacadeImpl.waitUntilEnabled(WebElementFacadeImpl.java:1100)
	at net.serenitybdd.core.pages.WebElementFacadeImpl.waitUntilElementAvailable(WebElementFacadeImpl.java:888)
	at net.serenitybdd.core.pages.WebElementFacadeImpl.click(WebElementFacadeImpl.java:1182)
	at net.serenitybdd.core.pages.WebElementFacadeImpl.click(WebElementFacadeImpl.java:1201)
	at AltaShop@1.0-SNAPSHOT/starter.pages.LoginPage.ClickBtnLogin(LoginPage.java:29)
	at AltaShop@1.0-SNAPSHOT/starter.pages.LoginPage$ByteBuddy$NjZfbJKH.ClickBtnLogin$accessor$HZ5CpEI8(Unknown Source)
	at java.base/jdk.internal.reflect.NativeMethodAccessorImpl.invoke0(Native Method)
	at java.base/jdk.internal.reflect.NativeMethodAccessorImpl.invoke(NativeMethodAccessorImpl.java:62)
	at java.base/jdk.internal.reflect.DelegatingMethodAccessorImpl.invoke(DelegatingMethodAccessorImpl.java:43)
	at java.base/java.lang.reflect.Method.invoke(Method.java:567)
	at net.thucydides.core.steps.BaseMethodRunner.invokeMethod(BaseMethodRunner.java:18)
	at net.thucydides.core.steps.NormalMethodRunner.invokeMethodAndNotifyFailures(NormalMethodRunner.java:18)
	at net.thucydides.core.steps.StepInterceptor.runNormalMethod(StepInterceptor.java:406)
	at net.thucydides.core.steps.StepInterceptor.testStepResult(StepInterceptor.java:191)
	at net.thucydides.core.steps.StepInterceptor.intercept(StepInterceptor.java:84)
	at net.thucydides.core.steps.ProxyConfiguration$InterceptorDispatcher.intercept(ProxyConfiguration.java:51)
	at AltaShop@1.0-SNAPSHOT/starter.pages.LoginPage$ByteBuddy$NjZfbJKH.ClickBtnLogin(Unknown Source)
	at AltaShop@1.0-SNAPSHOT/starter.stepdefinitions.LoginStep.iClickLoginButton(LoginStep.java:31)
	at âœ½.I click login button(file:///C:/Users/alwi/IdeaProjects/AltaShop/src/test/resources/features/Register.feature:8)
Caused by: org.openqa.selenium.TimeoutException: Expected condition failed: waiting for By.xpath: //button[@class = 'v-btn v-btn--is-elevated v-btn--has-bg theme--light v-size--default primary'] to be enabled (tried for 5 second(s) with 100 milliseconds interval)
	at org.openqa.selenium.support.ui.FluentWait.timeoutException(FluentWait.java:263)
	at org.openqa.selenium.support.ui.FluentWait.until(FluentWait.java:231)
	at net.serenitybdd.core.pages.WebElementFacadeImpl.waitUntilEnabled(WebElementFacadeImpl.java:1097)
	at net.serenitybdd.core.pages.WebElementFacadeImpl.waitUntilElementAvailable(WebElementFacadeImpl.java:888)
	at net.serenitybdd.core.pages.WebElementFacadeImpl.click(WebElementFacadeImpl.java:1182)
	at net.serenitybdd.core.pages.WebElementFacadeImpl.click(WebElementFacadeImpl.java:1201)
	at AltaShop@1.0-SNAPSHOT/starter.pages.LoginPage.ClickBtnLogin(LoginPage.java:29)
	at AltaShop@1.0-SNAPSHOT/starter.pages.LoginPage$ByteBuddy$NjZfbJKH.ClickBtnLogin$accessor$HZ5CpEI8(Unknown Source)
	at java.base/jdk.internal.reflect.NativeMethodAccessorImpl.invoke0(Native Method)
	at java.base/jdk.internal.reflect.NativeMethodAccessorImpl.invoke(NativeMethodAccessorImpl.java:62)
	at java.base/jdk.internal.reflect.DelegatingMethodAccessorImpl.invoke(DelegatingMethodAccessorImpl.java:43)
	at java.base/java.lang.reflect.Method.invoke(Method.java:567)
	at net.thucydides.core.steps.BaseMethodRunner.invokeMethod(BaseMethodRunner.java:18)
	at net.thucydides.core.steps.NormalMethodRunner.invokeMethodAndNotifyFailures(NormalMethodRunner.java:18)
	at net.thucydides.core.steps.StepInterceptor.runNormalMethod(StepInterceptor.java:406)
	at net.thucydides.core.steps.StepInterceptor.testStepResult(StepInterceptor.java:191)
	at net.thucydides.core.steps.StepInterceptor.intercept(StepInterceptor.java:84)
	at net.thucydides.core.steps.ProxyConfiguration$InterceptorDispatcher.intercept(ProxyConfiguration.java:51)
	at AltaShop@1.0-SNAPSHOT/starter.pages.LoginPage$ByteBuddy$NjZfbJKH.ClickBtnLogin(Unknown Source)
	at AltaShop@1.0-SNAPSHOT/starter.stepdefinitions.LoginStep.iClickLoginButton(LoginStep.java:31)
	at java.base/jdk.internal.reflect.NativeMethodAccessorImpl.invoke0(Native Method)
	at java.base/jdk.internal.reflect.NativeMethodAccessorImpl.invoke(NativeMethodAccessorImpl.java:62)
	at java.base/jdk.internal.reflect.DelegatingMethodAccessorImpl.invoke(DelegatingMethodAccessorImpl.java:43)
	at java.base/java.lang.reflect.Method.invoke(Method.java:567)
	at io.cucumber.java.Invoker.doInvoke(Invoker.java:66)
	at io.cucumber.java.Invoker.invoke(Invoker.java:24)
	at io.cucumber.java.AbstractGlueDefinition.invokeMethod(AbstractGlueDefinition.java:47)
	at io.cucumber.java.JavaStepDefinition.execute(JavaStepDefinition.java:29)
	at io.cucumber.core.runner.CoreStepDefinition.execute(CoreStepDefinition.java:66)
	at io.cucumber.core.runner.PickleStepDefinitionMatch.runStep(PickleStepDefinitionMatch.java:63)
	at io.cucumber.core.runner.ExecutionMode$1.execute(ExecutionMode.java:10)
	at io.cucumber.core.runner.TestStep.executeStep(TestStep.java:86)
	at io.cucumber.core.runner.TestStep.run(TestStep.java:57)
	at io.cucumber.core.runner.PickleStepTestStep.run(PickleStepTestStep.java:51)
	at io.cucumber.core.runner.TestCase.run(TestCase.java:95)
	at io.cucumber.core.runner.Runner.runPickle(Runner.java:75)
	at io.cucumber.junit.PickleRunners$NoStepDescriptions.lambda$run$0(PickleRunners.java:151)
	at io.cucumber.core.runtime.CucumberExecutionContext.lambda$runTestCase$3(CucumberExecutionContext.java:151)
	at io.cucumber.core.runtime.RethrowingThrowableCollector.executeAndThrow(RethrowingThrowableCollector.java:23)
	at io.cucumber.core.runtime.CucumberExecutionContext.runTestCase(CucumberExecutionContext.java:151)
	at io.cucumber.junit.PickleRunners$NoStepDescriptions.run(PickleRunners.java:148)
	at io.cucumber.junit.FeatureRunner.runChild(FeatureRunner.java:144)
	at io.cucumber.junit.FeatureRunner.runChild(FeatureRunner.java:28)
	at org.junit.runners.ParentRunner$4.run(ParentRunner.java:331)
	at org.junit.runners.ParentRunner$1.schedule(ParentRunner.java:79)
	at org.junit.runners.ParentRunner.runChildren(ParentRunner.java:329)
	at org.junit.runners.ParentRunner.access$100(ParentRunner.java:66)
	at org.junit.runners.ParentRunner$2.evaluate(ParentRunner.java:293)
	at org.junit.runners.ParentRunner$3.evaluate(ParentRunner.java:306)
	at org.junit.runners.ParentRunner.run(ParentRunner.java:413)
	at io.cucumber.junit.FeatureRunner.run(FeatureRunner.java:137)
	at io.cucumber.junit.CucumberSerenityRunner.runChild(CucumberSerenityRunner.java:258)
	at io.cucumber.junit.CucumberSerenityRunner.runChild(CucumberSerenityRunner.java:58)
	at org.junit.runners.ParentRunner$4.run(ParentRunner.java:331)
	at org.junit.runners.ParentRunner$1.schedule(ParentRunner.java:79)
	at org.junit.runners.ParentRunner.runChildren(ParentRunner.java:329)
	at org.junit.runners.ParentRunner.access$100(ParentRunner.java:66)
	at org.junit.runners.ParentRunner$2.evaluate(ParentRunner.java:293)
	at io.cucumber.junit.CucumberSerenityRunner$RunCucumber.evaluate(CucumberSerenityRunner.java:287)
	at org.junit.runners.ParentRunner$3.evaluate(ParentRunner.java:306)
	at org.junit.runners.ParentRunner.run(ParentRunner.java:413)
	at org.junit.runner.JUnitCore.run(JUnitCore.java:137)
	at org.junit.runner.JUnitCore.run(JUnitCore.java:115)
	at org.junit.vintage.engine.execution.RunnerExecutor.execute(RunnerExecutor.java:42)
	at org.junit.vintage.engine.VintageTestEngine.executeAllChildren(VintageTestEngine.java:80)
	at org.junit.vintage.engine.VintageTestEngine.execute(VintageTestEngine.java:72)
	at org.junit.platform.launcher.core.EngineExecutionOrchestrator.execute(EngineExecutionOrchestrator.java:107)
	at org.junit.platform.launcher.core.EngineExecutionOrchestrator.execute(EngineExecutionOrchestrator.java:88)
	at org.junit.platform.launcher.core.EngineExecutionOrchestrator.lambda$execute$0(EngineExecutionOrchestrator.java:54)
	at org.junit.platform.launcher.core.EngineExecutionOrchestrator.withInterceptedStreams(EngineExecutionOrchestrator.java:67)
	at org.junit.platform.launcher.core.EngineExecutionOrchestrator.execute(EngineExecutionOrchestrator.java:52)
	at org.junit.platform.launcher.core.DefaultLauncher.execute(DefaultLauncher.java:114)
	at org.junit.platform.launcher.core.DefaultLauncher.execute(DefaultLauncher.java:86)
	at org.junit.platform.launcher.core.DefaultLauncherSession$DelegatingLauncher.execute(DefaultLauncherSession.java:86)
	at org.junit.platform.launcher.core.SessionPerRequestLauncher.execute(SessionPerRequestLauncher.java:53)
	at org.apache.maven.surefire.junitplatform.JUnitPlatformProvider.execute(JUnitPlatformProvider.java:188)
	at org.apache.maven.surefire.junitplatform.JUnitPlatformProvider.invokeAllTests(JUnitPlatformProvider.java:154)
	at org.apache.maven.surefire.junitplatform.JUnitPlatformProvider.invoke(JUnitPlatformProvider.java:128)
	at org.apache.maven.surefire.booter.ForkedBooter.runSuitesInProcess(ForkedBooter.java:428)
	at org.apache.maven.surefire.booter.ForkedBooter.execute(ForkedBooter.java:162)
	at org.apache.maven.surefire.booter.ForkedBooter.run(ForkedBooter.java:562)
	at org.apache.maven.surefire.booter.ForkedBooter.main(ForkedBooter.java:548)
Caused by: org.openqa.selenium.NoSuchElementException: no such element: Unable to locate element: {"method":"xpath","selector":"//button[@class = 'v-btn v-btn--is-elevated v-btn--has-bg theme--light v-size--default primary']"}
  (Session info: chrome=106.0.5249.119)
For documentation on this error, please visit: https://selenium.dev/exceptions/#no_such_element
Build info: version: '4.1.2', revision: '9a5a329c5a'
System info: host: 'DESKTOP-3MAQDS2', ip: '192.168.1.5', os.name: 'Windows 10', os.arch: 'amd64', os.version: '10.0', java.version: '13.0.2'
Driver info: org.openqa.selenium.chrome.ChromeDriver
Command: [e2fca8b82314674a44aec2f1aa5186c2, findElement {using=xpath, value=//button[@class = 'v-btn v-btn--is-elevated v-btn--has-bg theme--light v-size--default primary']}]
Capabilities {acceptInsecureCerts: false, browserName: chrome, browserVersion: 106.0.5249.119, chrome: {chromedriverVersion: 105.0.5195.52 (412c95e51883..., userDataDir: C:\Users\alwi\AppData\Local...}, goog:chromeOptions: {debuggerAddress: localhost:62333}, javascriptEnabled: true, networkConnectionEnabled: false, pageLoadStrategy: normal, platform: WINDOWS, platformName: WINDOWS, proxy: Proxy(), se:cdp: ws://localhost:62333/devtoo..., se:cdpVersion: 106.0.5249.119, setWindowRect: true, strictFileInteractability: false, timeouts: {implicit: 0, pageLoad: 300000, script: 30000}, unhandledPromptBehavior: dismiss and notify, webauthn:extension:credBlob: true, webauthn:extension:largeBlob: true, webauthn:virtualAuthenticators: true}
Session ID: e2fca8b82314674a44aec2f1aa5186c2
	at java.base/jdk.internal.reflect.NativeConstructorAccessorImpl.newInstance0(Native Method)
	at java.base/jdk.internal.reflect.NativeConstructorAccessorImpl.newInstance(NativeConstructorAccessorImpl.java:62)
	at java.base/jdk.internal.reflect.DelegatingConstructorAccessorImpl.newInstance(DelegatingConstructorAccessorImpl.java:45)
	at java.base/java.lang.reflect.Constructor.newInstanceWithCaller(Constructor.java:500)
	at java.base/java.lang.reflect.Constructor.newInstance(Constructor.java:481)
	at org.openqa.selenium.remote.codec.w3c.W3CHttpResponseCodec.createException(W3CHttpResponseCodec.java:200)
	at org.openqa.selenium.remote.codec.w3c.W3CHttpResponseCodec.decode(W3CHttpResponseCodec.java:133)
	at org.openqa.selenium.remote.codec.w3c.W3CHttpResponseCodec.decode(W3CHttpResponseCodec.java:53)
	at org.openqa.selenium.remote.HttpCommandExecutor.execute(HttpCommandExecutor.java:184)
	at org.openqa.selenium.remote.service.DriverCommandExecutor.invokeExecute(DriverCommandExecutor.java:167)
	at org.openqa.selenium.remote.service.DriverCommandExecutor.execute(DriverCommandExecutor.java:142)
	at org.openqa.selenium.remote.RemoteWebDriver.execute(RemoteWebDriver.java:558)
	at org.openqa.selenium.remote.ElementLocation$ElementFinder$2.findElement(ElementLocation.java:162)
	at org.openqa.selenium.remote.ElementLocation.findElement(ElementLocation.java:60)
	at org.openqa.selenium.remote.RemoteWebDriver.findElement(RemoteWebDriver.java:382)
	at org.openqa.selenium.remote.RemoteWebDriver.findElement(RemoteWebDriver.java:374)
	at net.thucydides.core.webdriver.WebDriverFacade.findElement(WebDriverFacade.java:224)
	at net.serenitybdd.core.pages.WebElementResolverByLocator.resolveForDriver(WebElementResolverByLocator.java:25)
	at net.serenitybdd.core.pages.WebElementFacadeImpl.getResolvedElement(WebElementFacadeImpl.java:191)
	at net.serenitybdd.core.pages.WebElementFacadeImpl.getElement(WebElementFacadeImpl.java:186)
	at net.serenitybdd.core.pages.WebElementExpectations$3.apply(WebElementExpectations.java:63)
	at net.serenitybdd.core.pages.WebElementExpectations$3.apply(WebElementExpectations.java:55)
	at org.openqa.selenium.support.ui.FluentWait.until(FluentWait.java:208)
	... 80 more
&amp#27;[0m
  &amp#27;[36mAnd &amp#27;[0m&amp#27;[36mI click register button&amp#27;[0m                  &amp#27;[90m# starter.stepdefinitions.RegisterStep.iClickRegisterButton()&amp#27;[0m
  &amp#27;[36mWhen &amp#27;[0m&amp#27;[36mI input fullname register &amp#27;[0m&amp#27;[36m&amp#27;[1m""&amp#27;[0m            &amp#27;[90m# starter.stepdefinitions.RegisterStep.iInputFullnameRegister(java.lang.String)&amp#27;[0m
  &amp#27;[36mAnd &amp#27;[0m&amp#27;[36mI input email register &amp#27;[0m&amp#27;[36m&amp#27;[1m"naixxy@co.uk"&amp#27;[0m    &amp#27;[90m# starter.stepdefinitions.RegisterStep.iInputEmailRegister(java.lang.String)&amp#27;[0m
  &amp#27;[36mAnd &amp#27;[0m&amp#27;[36mI input password register &amp#27;[0m&amp#27;[36m&amp#27;[1m"1234"&amp#27;[0m         &amp#27;[90m# starter.stepdefinitions.RegisterStep.iInputPasswordRegister(java.lang.String)&amp#27;[0m
  &amp#27;[36mAnd &amp#27;[0m&amp#27;[36mI click submit register button&amp#27;[0m           &amp#27;[90m# starter.stepdefinitions.RegisterStep.iClickSubmitRegisterButton()&amp#27;[0m
  &amp#27;[36mThen &amp#27;[0m&amp#27;[36mI will get the result register &amp#27;[0m&amp#27;[36m&amp#27;[1m"failed"&amp#27;[0m &amp#27;[90m# starter.stepdefinitions.RegisterStep.iWillGetTheResultRegister(java.lang.String)&amp#27;[0m
04:07:16.501 [AsyncHttpClient-1-15] DEBUG org.asynchttpclient.netty.handler.WebSocketHandler - Channel Closed: [id: 0xfddf451d, L:/127.0.0.1:62340 ! R:localhost/127.0.0.1:62333] with attribute NettyResponseFuture{currentRetry=5,
	isDone=1,
	isCancelled=0,
	asyncHandler=org.asynchttpclient.ws.WebSocketUpgradeHandler@27c9ecf9,
	nettyRequest=org.asynchttpclient.netty.request.NettyRequest@49f53780,
	future=java.util.concurrent.CompletableFuture@5f916ae2[Completed normally],
	uri=ws://localhost:62333/devtools/browser/d9c5ff9e-4a79-4b86-a5ba-d7b56cc00428,
	keepAlive=true,
	redirectCount=0,
	timeoutsHolder=null,
	inAuth=0,
	touch=1666732029019}
04:07:16.501 [AsyncHttpClient-1-15] DEBUG org.asynchttpclient.netty.channel.ChannelManager - Closing Channel [id: 0xfddf451d, L:/127.0.0.1:62340 ! R:localhost/127.0.0.1:62333] 
04:07:16.501 [Driver Command Executor] DEBUG org.asynchttpclient.netty.request.NettyRequestSender - Using pooled Channel '[id: 0x53491f78, L:/127.0.0.1:62332 - R:localhost/127.0.0.1:55052]' for 'DELETE' to 'http://localhost:55052/session/e2fca8b82314674a44aec2f1aa5186c2'
04:07:16.502 [Driver Command Executor] DEBUG org.asynchttpclient.netty.request.NettyRequestSender - Using open Channel [id: 0x53491f78, L:/127.0.0.1:62332 - R:localhost/127.0.0.1:55052] for DELETE '/session/e2fca8b82314674a44aec2f1aa5186c2'
04:07:16.528 [AsyncHttpClient-1-14] DEBUG org.asynchttpclient.netty.handler.HttpHandler - Unexpected I/O exception on channel [id: 0xb24e5c90, L:/127.0.0.1:62339 - R:localhost/127.0.0.1:62333]
java.net.SocketException: Connection reset
	at java.base/sun.nio.ch.SocketChannelImpl.throwConnectionReset(SocketChannelImpl.java:345)
	at java.base/sun.nio.ch.SocketChannelImpl.read(SocketChannelImpl.java:376)
	at io.netty.buffer.PooledByteBuf.setBytes(PooledByteBuf.java:258)
	at io.netty.buffer.AbstractByteBuf.writeBytes(AbstractByteBuf.java:1132)
	at io.netty.channel.socket.nio.NioSocketChannel.doReadBytes(NioSocketChannel.java:350)
	at io.netty.channel.nio.AbstractNioByteChannel$NioByteUnsafe.read(AbstractNioByteChannel.java:151)
	at io.netty.channel.nio.NioEventLoop.processSelectedKey(NioEventLoop.java:722)
	at io.netty.channel.nio.NioEventLoop.processSelectedKeysOptimized(NioEventLoop.java:658)
	at io.netty.channel.nio.NioEventLoop.processSelectedKeys(NioEventLoop.java:584)
	at io.netty.channel.nio.NioEventLoop.run(NioEventLoop.java:496)
	at io.netty.util.concurrent.SingleThreadEventExecutor$4.run(SingleThreadEventExecutor.java:986)
	at io.netty.util.internal.ThreadExecutorMap$2.run(ThreadExecutorMap.java:74)
	at io.netty.util.concurrent.FastThreadLocalRunnable.run(FastThreadLocalRunnable.java:30)
	at java.base/java.lang.Thread.run(Thread.java:830)
04:07:16.529 [AsyncHttpClient-1-14] DEBUG org.asynchttpclient.netty.channel.ChannelManager - Closing Channel [id: 0xb24e5c90, L:/127.0.0.1:62339 - R:localhost/127.0.0.1:62333] 
04:07:16.529 [AsyncHttpClient-1-14] DEBUG org.asynchttpclient.netty.handler.HttpHandler - Channel Closed: [id: 0xb24e5c90, L:/127.0.0.1:62339 ! R:localhost/127.0.0.1:62333] with attribute DISCARD
04:07:16.542 [AsyncHttpClient-1-13] DEBUG org.asynchttpclient.netty.handler.HttpHandler - 

Request DefaultFullHttpRequest(decodeResult: success, version: HTTP/1.1, content: EmptyByteBufBE)
DELETE /session/e2fca8b82314674a44aec2f1aa5186c2 HTTP/1.1
User-Agent: selenium/4.1.2 (java windows)
Content-Type: application/json; charset=utf-8
host: localhost:55052
accept: */*

Response DefaultHttpResponse(decodeResult: success, version: HTTP/1.1)
HTTP/1.1 200 OK
Content-Type: application/json; charset=utf-8
cache-control: no-cache
content-length: 14

04:07:16.542 [AsyncHttpClient-1-13] DEBUG org.asynchttpclient.netty.channel.ChannelManager - Adding key: http://localhost:55052 for channel [id: 0x53491f78, L:/127.0.0.1:62332 - R:localhost/127.0.0.1:55052]
04:07:16.597 [AsyncHttpClient-1-13] DEBUG org.asynchttpclient.netty.handler.HttpHandler - Channel Closed: [id: 0x53491f78, L:/127.0.0.1:62332 ! R:localhost/127.0.0.1:55052] with attribute DISCARD
04:07:16.722 [AsyncHttpClient-1-1] DEBUG org.asynchttpclient.netty.channel.DefaultChannelPool - Entry count for : http://localhost:62333 : 1
04:07:16.722 [AsyncHttpClient-1-1] DEBUG org.asynchttpclient.netty.channel.DefaultChannelPool - Entry count for : http://localhost:55052 : 1
04:07:16.722 [AsyncHttpClient-1-1] DEBUG org.asynchttpclient.netty.channel.DefaultChannelPool - Adding Candidate expired Channel [id: 0xb24e5c90, L:/127.0.0.1:62339 ! R:localhost/127.0.0.1:62333] isIdleTimeoutExpired=false isRemotelyClosed=true isTtlExpired=false
04:07:16.722 [AsyncHttpClient-1-1] DEBUG org.asynchttpclient.netty.channel.DefaultChannelPool - Closing Idle Channel [id: 0xb24e5c90, L:/127.0.0.1:62339 ! R:localhost/127.0.0.1:62333]
04:07:16.722 [AsyncHttpClient-1-1] DEBUG org.asynchttpclient.netty.channel.DefaultChannelPool - Adding Candidate expired Channel [id: 0x53491f78, L:/127.0.0.1:62332 ! R:localhost/127.0.0.1:55052] isIdleTimeoutExpired=false isRemotelyClosed=true isTtlExpired=false
04:07:16.722 [AsyncHttpClient-1-1] DEBUG org.asynchttpclient.netty.channel.DefaultChannelPool - Closing Idle Channel [id: 0x53491f78, L:/127.0.0.1:62332 ! R:localhost/127.0.0.1:55052]
04:07:16.722 [AsyncHttpClient-1-1] DEBUG org.asynchttpclient.netty.channel.DefaultChannelPool - Closed 2 connections out of 2 in 0 ms
]]></system-out>
    <system-err><![CDATA[Starting ChromeDriver 105.0.5195.52 (412c95e518836d8a7d97250d62b29c2ae6a26a85-refs/branch-heads/5195@{#853}) on port 55052
Only local connections are allowed.
Please see https://chromedriver.chromium.org/security-considerations for suggestions on keeping ChromeDriver safe.
ChromeDriver was started successfully.
[1666732028.995][WARNING]: This version of ChromeDriver has not been tested with Chrome version 106.
Okt 26, 2022 4:07:09 AM org.openqa.selenium.remote.ProtocolHandshake createSession
INFO: Detected dialect: W3C
Okt 26, 2022 4:07:09 AM org.openqa.selenium.devtools.CdpVersionFinder findNearestMatch
WARNING: Unable to find an exact match for CDP version 106, so returning the closest version found: a no-op implementation
Okt 26, 2022 4:07:09 AM org.openqa.selenium.devtools.CdpVersionFinder findNearestMatch
INFO: Unable to find CDP implementation matching 106.
Okt 26, 2022 4:07:09 AM org.openqa.selenium.chromium.ChromiumDriver lambda$new$3
WARNING: Unable to find version of CDP to use for . You may need to include a dependency on a specific version of the CDP using something similar to `org.seleniumhq.selenium:selenium-devtools-v86:4.1.2` where the version ("v86") matches the version of the chromium-based browser you're using and the version number of the artifact is the same as Selenium's.
]]></system-err>
  </testcase>
  <testcase name=" #3" classname="Register" time="9.539">
    <error type="net.thucydides.core.webdriver.exceptions.ElementShouldBeEnabledException"><![CDATA[net.thucydides.core.webdriver.exceptions.ElementShouldBeEnabledException: Expected enabled element was not enabled
Caused by: org.openqa.selenium.TimeoutException: Expected condition failed: waiting for By.xpath: //button[@class = 'v-btn v-btn--is-elevated v-btn--has-bg theme--light v-size--default primary'] to be enabled (tried for 5 second(s) with 100 milliseconds interval)
Caused by: org.openqa.selenium.NoSuchElementException: 
no such element: Unable to locate element: {"method":"xpath","selector":"//button[@class = 'v-btn v-btn--is-elevated v-btn--has-bg theme--light v-size--default primary']"}
  (Session info: chrome=106.0.5249.119)
For documentation on this error, please visit: https://selenium.dev/exceptions/#no_such_element
Build info: version: '4.1.2', revision: '9a5a329c5a'
System info: host: 'DESKTOP-3MAQDS2', ip: '192.168.1.5', os.name: 'Windows 10', os.arch: 'amd64', os.version: '10.0', java.version: '13.0.2'
Driver info: org.openqa.selenium.chrome.ChromeDriver
Command: [bdb2b13a04b08959ecb615c1230442ba, findElement {using=xpath, value=//button[@class = 'v-btn v-btn--is-elevated v-btn--has-bg theme--light v-size--default primary']}]
Capabilities {acceptInsecureCerts: false, browserName: chrome, browserVersion: 106.0.5249.119, chrome: {chromedriverVersion: 105.0.5195.52 (412c95e51883..., userDataDir: C:\Users\alwi\AppData\Local...}, goog:chromeOptions: {debuggerAddress: localhost:62370}, javascriptEnabled: true, networkConnectionEnabled: false, pageLoadStrategy: normal, platform: WINDOWS, platformName: WINDOWS, proxy: Proxy(), se:cdp: ws://localhost:62370/devtoo..., se:cdpVersion: 106.0.5249.119, setWindowRect: true, strictFileInteractability: false, timeouts: {implicit: 0, pageLoad: 300000, script: 30000}, unhandledPromptBehavior: dismiss and notify, webauthn:extension:credBlob: true, webauthn:extension:largeBlob: true, webauthn:virtualAuthenticators: true}
Session ID: bdb2b13a04b08959ecb615c1230442ba
]]></error>
    <system-out><![CDATA[
Scenario Outline:                              &amp#27;[90m# src/test/resources/features/Register.feature:19&amp#27;[0m
04:07:17.135 [main] INFO io.cucumber.core.plugin.SerenityReporter - Running feature from file:///C:/Users/alwi/IdeaProjects/AltaShop/src/test/resources/features/Register.feature
04:07:17.147 [main] INFO net.serenitybdd.core.webdriver.driverproviders.ChromeDriverProvider - Using automatically driver download
04:07:17.250 [main] DEBUG io.github.bonigarcia.wdm.cache.ResolutionCache - Resolution chrome=106 in cache (valid until 04:10:38 26/10/2022 WIB)
04:07:17.252 [main] DEBUG io.github.bonigarcia.wdm.cache.ResolutionCache - Resolution chrome106=106.0.5249.61 in cache (valid until 22:47:25 26/10/2022 WIB)
04:07:17.254 [main] INFO io.github.bonigarcia.wdm.WebDriverManager - Using chromedriver 106.0.5249.61 (resolved driver for Chrome 106)
04:07:17.262 [main] DEBUG io.github.bonigarcia.wdm.WebDriverManager - Driver chromedriver 106.0.5249.61 found in cache
04:07:17.263 [main] INFO io.github.bonigarcia.wdm.WebDriverManager - Exporting webdriver.chrome.driver as C:\Users\alwi\.cache\selenium\chromedriver\win32\106.0.5249.61\chromedriver.exe
04:07:17.370 [main] DEBUG net.serenitybdd.core.webdriver.driverproviders.ProvideNewDriver - Instantiating driver
04:07:17.370 [main] DEBUG net.serenitybdd.core.webdriver.driverproviders.ProvideNewDriver - Driver capabilities: Capabilities {acceptInsecureCerts: false, base.url: https://alta-shop.vercel.app, browserName: chrome, chrome.driver: src/test/resources/webdrive..., driver: chrome, goog:chromeOptions: {args: [], extensions: []}}
04:07:17.907 [AsyncHttpClient-1-16] DEBUG org.asynchttpclient.netty.channel.NettyConnectListener - Using new Channel '[id: 0xef820380, L:/127.0.0.1:62369 - R:localhost/127.0.0.1:50587]' for 'POST' to '/session'
04:07:18.738 [AsyncHttpClient-1-16] DEBUG org.asynchttpclient.netty.handler.HttpHandler - 

Request DefaultHttpRequest(decodeResult: success, version: HTTP/1.1)
POST /session HTTP/1.1
User-Agent: selenium/4.1.2 (java windows)
Content-Length: 609
Content-Type: application/json; charset=utf-8
host: localhost:50587
accept: */*

Response DefaultHttpResponse(decodeResult: success, version: HTTP/1.1)
HTTP/1.1 200 OK
Content-Type: application/json; charset=utf-8
cache-control: no-cache
content-length: 789

04:07:18.738 [AsyncHttpClient-1-16] DEBUG org.asynchttpclient.netty.channel.ChannelManager - Adding key: http://localhost:50587 for channel [id: 0xef820380, L:/127.0.0.1:62369 - R:localhost/127.0.0.1:50587]
04:07:18.748 [AsyncHttpClient-1-17] DEBUG org.asynchttpclient.netty.channel.NettyConnectListener - Using new Channel '[id: 0x2f333f32, L:/127.0.0.1:62375 - R:localhost/127.0.0.1:62370]' for 'GET' to '/json/version'
04:07:18.748 [AsyncHttpClient-1-17] DEBUG org.asynchttpclient.netty.handler.HttpHandler - 

Request DefaultFullHttpRequest(decodeResult: success, version: HTTP/1.1, content: EmptyByteBufBE)
GET /json/version HTTP/1.1
User-Agent: selenium/4.1.2 (java windows)
host: localhost:62370
accept: */*

Response DefaultHttpResponse(decodeResult: success, version: HTTP/1.1)
HTTP/1.1 200 OK
Content-Type: application/json; charset=UTF-8
content-length: 424

04:07:18.749 [AsyncHttpClient-1-17] DEBUG org.asynchttpclient.netty.channel.ChannelManager - Adding key: http://localhost:62370 for channel [id: 0x2f333f32, L:/127.0.0.1:62375 - R:localhost/127.0.0.1:62370]
04:07:18.751 [AsyncHttpClient-1-2] DEBUG org.asynchttpclient.netty.channel.NettyConnectListener - Using new Channel '[id: 0x1b35c90c, L:/127.0.0.1:62376 - R:localhost/127.0.0.1:62370]' for 'GET' to '/devtools/browser/6aaa9a3c-81f6-42e0-ba9a-7667bc6fd64c'
04:07:18.752 [AsyncHttpClient-1-2] DEBUG org.asynchttpclient.netty.handler.WebSocketHandler - 

Request DefaultFullHttpRequest(decodeResult: success, version: HTTP/1.1, content: EmptyByteBufBE)
GET /devtools/browser/6aaa9a3c-81f6-42e0-ba9a-7667bc6fd64c HTTP/1.1
upgrade: websocket
connection: upgrade
sec-websocket-key: a1AdR2sy0vm3eLolsPgMJQ==
sec-websocket-version: 13
origin: http://localhost:62370
host: localhost:62370
accept: */*
user-agent: AHC/2.1

Response DefaultHttpResponse(decodeResult: success, version: HTTP/1.1)
HTTP/1.1 101 WebSocket Protocol Handshake
Upgrade: WebSocket
Connection: Upgrade
Sec-WebSocket-Accept: +ZKKSqObFuSvcEb/xOammLRzw+I=

04:07:18.756 [Forwarding get on session bdb2b13a04b08959ecb615c1230442ba to remote] DEBUG org.asynchttpclient.netty.request.NettyRequestSender - Using pooled Channel '[id: 0xef820380, L:/127.0.0.1:62369 - R:localhost/127.0.0.1:50587]' for 'POST' to 'http://localhost:50587/session/bdb2b13a04b08959ecb615c1230442ba/url'
04:07:18.756 [Forwarding get on session bdb2b13a04b08959ecb615c1230442ba to remote] DEBUG org.asynchttpclient.netty.request.NettyRequestSender - Using open Channel [id: 0xef820380, L:/127.0.0.1:62369 - R:localhost/127.0.0.1:50587] for POST '/session/bdb2b13a04b08959ecb615c1230442ba/url'
04:07:18.921 [AsyncHttpClient-1-1] DEBUG org.asynchttpclient.netty.channel.DefaultChannelPool - Entry count for : http://localhost:62370 : 1
04:07:19.387 [AsyncHttpClient-1-16] DEBUG org.asynchttpclient.netty.handler.HttpHandler - 

Request DefaultHttpRequest(decodeResult: success, version: HTTP/1.1)
POST /session/bdb2b13a04b08959ecb615c1230442ba/url HTTP/1.1
User-Agent: selenium/4.1.2 (java windows)
Content-Length: 59
Content-Type: application/json; charset=utf-8
host: localhost:50587
accept: */*

Response DefaultHttpResponse(decodeResult: success, version: HTTP/1.1)
HTTP/1.1 200 OK
Content-Type: application/json; charset=utf-8
cache-control: no-cache
content-length: 14

04:07:19.387 [AsyncHttpClient-1-16] DEBUG org.asynchttpclient.netty.channel.ChannelManager - Adding key: http://localhost:50587 for channel [id: 0xef820380, L:/127.0.0.1:62369 - R:localhost/127.0.0.1:50587]
04:07:19.389 [Forwarding setTimeout on session bdb2b13a04b08959ecb615c1230442ba to remote] DEBUG org.asynchttpclient.netty.request.NettyRequestSender - Using pooled Channel '[id: 0xef820380, L:/127.0.0.1:62369 - R:localhost/127.0.0.1:50587]' for 'POST' to 'http://localhost:50587/session/bdb2b13a04b08959ecb615c1230442ba/timeouts'
04:07:19.389 [Forwarding setTimeout on session bdb2b13a04b08959ecb615c1230442ba to remote] DEBUG org.asynchttpclient.netty.request.NettyRequestSender - Using open Channel [id: 0xef820380, L:/127.0.0.1:62369 - R:localhost/127.0.0.1:50587] for POST '/session/bdb2b13a04b08959ecb615c1230442ba/timeouts'
04:07:19.391 [AsyncHttpClient-1-16] DEBUG org.asynchttpclient.netty.handler.HttpHandler - 

Request DefaultHttpRequest(decodeResult: success, version: HTTP/1.1)
POST /session/bdb2b13a04b08959ecb615c1230442ba/timeouts HTTP/1.1
User-Agent: selenium/4.1.2 (java windows)
Content-Length: 22
Content-Type: application/json; charset=utf-8
host: localhost:50587
accept: */*

Response DefaultHttpResponse(decodeResult: success, version: HTTP/1.1)
HTTP/1.1 200 OK
Content-Type: application/json; charset=utf-8
cache-control: no-cache
content-length: 14

04:07:19.391 [AsyncHttpClient-1-16] DEBUG org.asynchttpclient.netty.channel.ChannelManager - Adding key: http://localhost:50587 for channel [id: 0xef820380, L:/127.0.0.1:62369 - R:localhost/127.0.0.1:50587]
04:07:19.395 [Forwarding getCurrentUrl on session bdb2b13a04b08959ecb615c1230442ba to remote] DEBUG org.asynchttpclient.netty.request.NettyRequestSender - Using pooled Channel '[id: 0xef820380, L:/127.0.0.1:62369 - R:localhost/127.0.0.1:50587]' for 'GET' to 'http://localhost:50587/session/bdb2b13a04b08959ecb615c1230442ba/url'
04:07:19.395 [Forwarding getCurrentUrl on session bdb2b13a04b08959ecb615c1230442ba to remote] DEBUG org.asynchttpclient.netty.request.NettyRequestSender - Using open Channel [id: 0xef820380, L:/127.0.0.1:62369 - R:localhost/127.0.0.1:50587] for GET '/session/bdb2b13a04b08959ecb615c1230442ba/url'
04:07:19.399 [AsyncHttpClient-1-16] DEBUG org.asynchttpclient.netty.handler.HttpHandler - 

Request DefaultFullHttpRequest(decodeResult: success, version: HTTP/1.1, content: EmptyByteBufBE)
GET /session/bdb2b13a04b08959ecb615c1230442ba/url HTTP/1.1
User-Agent: selenium/4.1.2 (java windows)
Cache-Control: no-cache
Content-Type: application/json; charset=utf-8
host: localhost:50587
accept: */*

Response DefaultHttpResponse(decodeResult: success, version: HTTP/1.1)
HTTP/1.1 200 OK
Content-Type: application/json; charset=utf-8
cache-control: no-cache
content-length: 41

04:07:19.399 [AsyncHttpClient-1-16] DEBUG org.asynchttpclient.netty.channel.ChannelManager - Adding key: http://localhost:50587 for channel [id: 0xef820380, L:/127.0.0.1:62369 - R:localhost/127.0.0.1:50587]
  &amp#27;[32mGiven &amp#27;[0m&amp#27;[32mI am on the home page&amp#27;[0m                  &amp#27;[90m# starter.stepdefinitions.HomeStep.iAmOnTheHomePage()&amp#27;[0m
04:07:19.405 [Forwarding screenshot on session bdb2b13a04b08959ecb615c1230442ba to remote] DEBUG org.asynchttpclient.netty.request.NettyRequestSender - Using pooled Channel '[id: 0xef820380, L:/127.0.0.1:62369 - R:localhost/127.0.0.1:50587]' for 'GET' to 'http://localhost:50587/session/bdb2b13a04b08959ecb615c1230442ba/screenshot'
04:07:19.405 [Forwarding screenshot on session bdb2b13a04b08959ecb615c1230442ba to remote] DEBUG org.asynchttpclient.netty.request.NettyRequestSender - Using open Channel [id: 0xef820380, L:/127.0.0.1:62369 - R:localhost/127.0.0.1:50587] for GET '/session/bdb2b13a04b08959ecb615c1230442ba/screenshot'
04:07:19.528 [AsyncHttpClient-1-16] DEBUG org.asynchttpclient.netty.handler.HttpHandler - 

Request DefaultFullHttpRequest(decodeResult: success, version: HTTP/1.1, content: EmptyByteBufBE)
GET /session/bdb2b13a04b08959ecb615c1230442ba/screenshot HTTP/1.1
User-Agent: selenium/4.1.2 (java windows)
Cache-Control: no-cache
Content-Type: application/json; charset=utf-8
host: localhost:50587
accept: */*

Response DefaultHttpResponse(decodeResult: success, version: HTTP/1.1)
HTTP/1.1 200 OK
Content-Type: application/json; charset=utf-8
cache-control: no-cache
content-length: 25664

04:07:19.529 [AsyncHttpClient-1-16] DEBUG org.asynchttpclient.netty.channel.ChannelManager - Adding key: http://localhost:50587 for channel [id: 0xef820380, L:/127.0.0.1:62369 - R:localhost/127.0.0.1:50587]
04:07:19.531 [main] DEBUG net.serenitybdd.core.photography.Darkroom - Send negative for processing for target\site\serenity\f3c7c33d6e02e8235b9be5735643204ebdcc4c8908d8055a172a6762a66c0335.png
04:07:19.531 [Darkroom Processing Line] DEBUG net.serenitybdd.core.photography.DarkroomProcessingLine - Processing screenshot image in /var/screenshots/screenshot-2406406471550755257
04:07:19.531 [Darkroom Processing Line] DEBUG net.serenitybdd.core.photography.DarkroomProcessingLine - Saving screenshot to target\site\serenity\f3c7c33d6e02e8235b9be5735643204ebdcc4c8908d8055a172a6762a66c0335.png
04:07:19.543 [Forwarding findElement on session bdb2b13a04b08959ecb615c1230442ba to remote] DEBUG org.asynchttpclient.netty.request.NettyRequestSender - Using pooled Channel '[id: 0xef820380, L:/127.0.0.1:62369 - R:localhost/127.0.0.1:50587]' for 'POST' to 'http://localhost:50587/session/bdb2b13a04b08959ecb615c1230442ba/element'
04:07:19.543 [Forwarding findElement on session bdb2b13a04b08959ecb615c1230442ba to remote] DEBUG org.asynchttpclient.netty.request.NettyRequestSender - Using open Channel [id: 0xef820380, L:/127.0.0.1:62369 - R:localhost/127.0.0.1:50587] for POST '/session/bdb2b13a04b08959ecb615c1230442ba/element'
04:07:20.028 [AsyncHttpClient-1-1] DEBUG org.asynchttpclient.netty.channel.DefaultChannelPool - Entry count for : http://localhost:62370 : 1
04:07:21.131 [AsyncHttpClient-1-1] DEBUG org.asynchttpclient.netty.channel.DefaultChannelPool - Entry count for : http://localhost:62370 : 1
04:07:21.563 [AsyncHttpClient-1-16] DEBUG org.asynchttpclient.netty.handler.HttpHandler - 

Request DefaultHttpRequest(decodeResult: success, version: HTTP/1.1)
POST /session/bdb2b13a04b08959ecb615c1230442ba/element HTTP/1.1
User-Agent: selenium/4.1.2 (java windows)
Content-Length: 143
Content-Type: application/json; charset=utf-8
host: localhost:50587
accept: */*

Response DefaultHttpResponse(decodeResult: success, version: HTTP/1.1)
HTTP/1.1 404 Not Found
Content-Type: application/json; charset=utf-8
cache-control: no-cache
content-length: 1101

04:07:21.563 [AsyncHttpClient-1-16] DEBUG org.asynchttpclient.netty.channel.ChannelManager - Adding key: http://localhost:50587 for channel [id: 0xef820380, L:/127.0.0.1:62369 - R:localhost/127.0.0.1:50587]
04:07:21.668 [Forwarding findElement on session bdb2b13a04b08959ecb615c1230442ba to remote] DEBUG org.asynchttpclient.netty.request.NettyRequestSender - Using pooled Channel '[id: 0xef820380, L:/127.0.0.1:62369 - R:localhost/127.0.0.1:50587]' for 'POST' to 'http://localhost:50587/session/bdb2b13a04b08959ecb615c1230442ba/element'
04:07:21.668 [Forwarding findElement on session bdb2b13a04b08959ecb615c1230442ba to remote] DEBUG org.asynchttpclient.netty.request.NettyRequestSender - Using open Channel [id: 0xef820380, L:/127.0.0.1:62369 - R:localhost/127.0.0.1:50587] for POST '/session/bdb2b13a04b08959ecb615c1230442ba/element'
04:07:22.219 [AsyncHttpClient-1-1] DEBUG org.asynchttpclient.netty.channel.DefaultChannelPool - Entry count for : http://localhost:62370 : 1
04:07:23.319 [AsyncHttpClient-1-1] DEBUG org.asynchttpclient.netty.channel.DefaultChannelPool - Entry count for : http://localhost:62370 : 1
04:07:23.677 [AsyncHttpClient-1-16] DEBUG org.asynchttpclient.netty.handler.HttpHandler - 

Request DefaultHttpRequest(decodeResult: success, version: HTTP/1.1)
POST /session/bdb2b13a04b08959ecb615c1230442ba/element HTTP/1.1
User-Agent: selenium/4.1.2 (java windows)
Content-Length: 143
Content-Type: application/json; charset=utf-8
host: localhost:50587
accept: */*

Response DefaultHttpResponse(decodeResult: success, version: HTTP/1.1)
HTTP/1.1 404 Not Found
Content-Type: application/json; charset=utf-8
cache-control: no-cache
content-length: 1101

04:07:23.677 [AsyncHttpClient-1-16] DEBUG org.asynchttpclient.netty.channel.ChannelManager - Adding key: http://localhost:50587 for channel [id: 0xef820380, L:/127.0.0.1:62369 - R:localhost/127.0.0.1:50587]
04:07:23.783 [Forwarding findElement on session bdb2b13a04b08959ecb615c1230442ba to remote] DEBUG org.asynchttpclient.netty.request.NettyRequestSender - Using pooled Channel '[id: 0xef820380, L:/127.0.0.1:62369 - R:localhost/127.0.0.1:50587]' for 'POST' to 'http://localhost:50587/session/bdb2b13a04b08959ecb615c1230442ba/element'
04:07:23.783 [Forwarding findElement on session bdb2b13a04b08959ecb615c1230442ba to remote] DEBUG org.asynchttpclient.netty.request.NettyRequestSender - Using open Channel [id: 0xef820380, L:/127.0.0.1:62369 - R:localhost/127.0.0.1:50587] for POST '/session/bdb2b13a04b08959ecb615c1230442ba/element'
04:07:24.425 [AsyncHttpClient-1-1] DEBUG org.asynchttpclient.netty.channel.DefaultChannelPool - Entry count for : http://localhost:62370 : 1
04:07:25.519 [AsyncHttpClient-1-1] DEBUG org.asynchttpclient.netty.channel.DefaultChannelPool - Entry count for : http://localhost:62370 : 1
04:07:25.793 [AsyncHttpClient-1-16] DEBUG org.asynchttpclient.netty.handler.HttpHandler - 

Request DefaultHttpRequest(decodeResult: success, version: HTTP/1.1)
POST /session/bdb2b13a04b08959ecb615c1230442ba/element HTTP/1.1
User-Agent: selenium/4.1.2 (java windows)
Content-Length: 143
Content-Type: application/json; charset=utf-8
host: localhost:50587
accept: */*

Response DefaultHttpResponse(decodeResult: success, version: HTTP/1.1)
HTTP/1.1 404 Not Found
Content-Type: application/json; charset=utf-8
cache-control: no-cache
content-length: 1101

04:07:25.793 [AsyncHttpClient-1-16] DEBUG org.asynchttpclient.netty.channel.ChannelManager - Adding key: http://localhost:50587 for channel [id: 0xef820380, L:/127.0.0.1:62369 - R:localhost/127.0.0.1:50587]
04:07:25.799 [Forwarding screenshot on session bdb2b13a04b08959ecb615c1230442ba to remote] DEBUG org.asynchttpclient.netty.request.NettyRequestSender - Using pooled Channel '[id: 0xef820380, L:/127.0.0.1:62369 - R:localhost/127.0.0.1:50587]' for 'GET' to 'http://localhost:50587/session/bdb2b13a04b08959ecb615c1230442ba/screenshot'
04:07:25.799 [Forwarding screenshot on session bdb2b13a04b08959ecb615c1230442ba to remote] DEBUG org.asynchttpclient.netty.request.NettyRequestSender - Using open Channel [id: 0xef820380, L:/127.0.0.1:62369 - R:localhost/127.0.0.1:50587] for GET '/session/bdb2b13a04b08959ecb615c1230442ba/screenshot'
04:07:25.869 [AsyncHttpClient-1-16] DEBUG org.asynchttpclient.netty.handler.HttpHandler - 

Request DefaultFullHttpRequest(decodeResult: success, version: HTTP/1.1, content: EmptyByteBufBE)
GET /session/bdb2b13a04b08959ecb615c1230442ba/screenshot HTTP/1.1
User-Agent: selenium/4.1.2 (java windows)
Cache-Control: no-cache
Content-Type: application/json; charset=utf-8
host: localhost:50587
accept: */*

Response DefaultHttpResponse(decodeResult: success, version: HTTP/1.1)
HTTP/1.1 200 OK
Content-Type: application/json; charset=utf-8
cache-control: no-cache
content-length: 65416

04:07:25.870 [AsyncHttpClient-1-16] DEBUG org.asynchttpclient.netty.channel.ChannelManager - Adding key: http://localhost:50587 for channel [id: 0xef820380, L:/127.0.0.1:62369 - R:localhost/127.0.0.1:50587]
04:07:25.872 [main] DEBUG net.serenitybdd.core.photography.Darkroom - Send negative for processing for target\site\serenity\2fa6377de351ec6c46c1cf49688f41da7feb779925c16f4b0e8e184feca670bf.png
04:07:25.877 [Forwarding getPageSource on session bdb2b13a04b08959ecb615c1230442ba to remote] DEBUG org.asynchttpclient.netty.request.NettyRequestSender - Using pooled Channel '[id: 0xef820380, L:/127.0.0.1:62369 - R:localhost/127.0.0.1:50587]' for 'POST' to 'http://localhost:50587/session/bdb2b13a04b08959ecb615c1230442ba/execute/sync'
04:07:25.877 [Forwarding getPageSource on session bdb2b13a04b08959ecb615c1230442ba to remote] DEBUG org.asynchttpclient.netty.request.NettyRequestSender - Using open Channel [id: 0xef820380, L:/127.0.0.1:62369 - R:localhost/127.0.0.1:50587] for POST '/session/bdb2b13a04b08959ecb615c1230442ba/execute/sync'
04:07:25.887 [AsyncHttpClient-1-16] DEBUG org.asynchttpclient.netty.handler.HttpHandler - 

Request DefaultHttpRequest(decodeResult: success, version: HTTP/1.1)
POST /session/bdb2b13a04b08959ecb615c1230442ba/execute/sync HTTP/1.1
User-Agent: selenium/4.1.2 (java windows)
Content-Length: 176
Content-Type: application/json; charset=utf-8
host: localhost:50587
accept: */*

Response DefaultHttpResponse(decodeResult: success, version: HTTP/1.1)
HTTP/1.1 200 OK
Content-Type: application/json; charset=utf-8
cache-control: no-cache
content-length: 73530

04:07:25.887 [AsyncHttpClient-1-16] DEBUG org.asynchttpclient.netty.channel.ChannelManager - Adding key: http://localhost:50587 for channel [id: 0xef820380, L:/127.0.0.1:62369 - R:localhost/127.0.0.1:50587]
04:07:25.903 [Forwarding getCurrentUrl on session bdb2b13a04b08959ecb615c1230442ba to remote] DEBUG org.asynchttpclient.netty.request.NettyRequestSender - Using pooled Channel '[id: 0xef820380, L:/127.0.0.1:62369 - R:localhost/127.0.0.1:50587]' for 'GET' to 'http://localhost:50587/session/bdb2b13a04b08959ecb615c1230442ba/url'
04:07:25.903 [Forwarding getCurrentUrl on session bdb2b13a04b08959ecb615c1230442ba to remote] DEBUG org.asynchttpclient.netty.request.NettyRequestSender - Using open Channel [id: 0xef820380, L:/127.0.0.1:62369 - R:localhost/127.0.0.1:50587] for GET '/session/bdb2b13a04b08959ecb615c1230442ba/url'
04:07:25.906 [AsyncHttpClient-1-16] DEBUG org.asynchttpclient.netty.handler.HttpHandler - 

Request DefaultFullHttpRequest(decodeResult: success, version: HTTP/1.1, content: EmptyByteBufBE)
GET /session/bdb2b13a04b08959ecb615c1230442ba/url HTTP/1.1
User-Agent: selenium/4.1.2 (java windows)
Cache-Control: no-cache
Content-Type: application/json; charset=utf-8
host: localhost:50587
accept: */*

Response DefaultHttpResponse(decodeResult: success, version: HTTP/1.1)
HTTP/1.1 200 OK
Content-Type: application/json; charset=utf-8
cache-control: no-cache
content-length: 41

04:07:25.906 [AsyncHttpClient-1-16] DEBUG org.asynchttpclient.netty.channel.ChannelManager - Adding key: http://localhost:50587 for channel [id: 0xef820380, L:/127.0.0.1:62369 - R:localhost/127.0.0.1:50587]
  &amp#27;[31mAnd &amp#27;[0m&amp#27;[31mI click login button&amp#27;[0m                     &amp#27;[90m# starter.stepdefinitions.LoginStep.iClickLoginButton()&amp#27;[0m
      &amp#27;[31mnet.thucydides.core.webdriver.exceptions.ElementShouldBeEnabledException: Expected enabled element was not enabled
	at net.serenitybdd.core.pages.WebElementFacadeImpl.waitUntilEnabled(WebElementFacadeImpl.java:1100)
	at net.serenitybdd.core.pages.WebElementFacadeImpl.waitUntilElementAvailable(WebElementFacadeImpl.java:888)
	at net.serenitybdd.core.pages.WebElementFacadeImpl.click(WebElementFacadeImpl.java:1182)
	at net.serenitybdd.core.pages.WebElementFacadeImpl.click(WebElementFacadeImpl.java:1201)
	at AltaShop@1.0-SNAPSHOT/starter.pages.LoginPage.ClickBtnLogin(LoginPage.java:29)
	at AltaShop@1.0-SNAPSHOT/starter.pages.LoginPage$ByteBuddy$NjZfbJKH.ClickBtnLogin$accessor$HZ5CpEI8(Unknown Source)
	at java.base/jdk.internal.reflect.NativeMethodAccessorImpl.invoke0(Native Method)
	at java.base/jdk.internal.reflect.NativeMethodAccessorImpl.invoke(NativeMethodAccessorImpl.java:62)
	at java.base/jdk.internal.reflect.DelegatingMethodAccessorImpl.invoke(DelegatingMethodAccessorImpl.java:43)
	at java.base/java.lang.reflect.Method.invoke(Method.java:567)
	at net.thucydides.core.steps.BaseMethodRunner.invokeMethod(BaseMethodRunner.java:18)
	at net.thucydides.core.steps.NormalMethodRunner.invokeMethodAndNotifyFailures(NormalMethodRunner.java:18)
	at net.thucydides.core.steps.StepInterceptor.runNormalMethod(StepInterceptor.java:406)
	at net.thucydides.core.steps.StepInterceptor.testStepResult(StepInterceptor.java:191)
	at net.thucydides.core.steps.StepInterceptor.intercept(StepInterceptor.java:84)
	at net.thucydides.core.steps.ProxyConfiguration$InterceptorDispatcher.intercept(ProxyConfiguration.java:51)
	at AltaShop@1.0-SNAPSHOT/starter.pages.LoginPage$ByteBuddy$NjZfbJKH.ClickBtnLogin(Unknown Source)
	at AltaShop@1.0-SNAPSHOT/starter.stepdefinitions.LoginStep.iClickLoginButton(LoginStep.java:31)
	at âœ½.I click login button(file:///C:/Users/alwi/IdeaProjects/AltaShop/src/test/resources/features/Register.feature:8)
Caused by: org.openqa.selenium.TimeoutException: Expected condition failed: waiting for By.xpath: //button[@class = 'v-btn v-btn--is-elevated v-btn--has-bg theme--light v-size--default primary'] to be enabled (tried for 5 second(s) with 100 milliseconds interval)
	at org.openqa.selenium.support.ui.FluentWait.timeoutException(FluentWait.java:263)
	at org.openqa.selenium.support.ui.FluentWait.until(FluentWait.java:231)
	at net.serenitybdd.core.pages.WebElementFacadeImpl.waitUntilEnabled(WebElementFacadeImpl.java:1097)
	at net.serenitybdd.core.pages.WebElementFacadeImpl.waitUntilElementAvailable(WebElementFacadeImpl.java:888)
	at net.serenitybdd.core.pages.WebElementFacadeImpl.click(WebElementFacadeImpl.java:1182)
	at net.serenitybdd.core.pages.WebElementFacadeImpl.click(WebElementFacadeImpl.java:1201)
	at AltaShop@1.0-SNAPSHOT/starter.pages.LoginPage.ClickBtnLogin(LoginPage.java:29)
	at AltaShop@1.0-SNAPSHOT/starter.pages.LoginPage$ByteBuddy$NjZfbJKH.ClickBtnLogin$accessor$HZ5CpEI8(Unknown Source)
	at java.base/jdk.internal.reflect.NativeMethodAccessorImpl.invoke0(Native Method)
	at java.base/jdk.internal.reflect.NativeMethodAccessorImpl.invoke(NativeMethodAccessorImpl.java:62)
	at java.base/jdk.internal.reflect.DelegatingMethodAccessorImpl.invoke(DelegatingMethodAccessorImpl.java:43)
	at java.base/java.lang.reflect.Method.invoke(Method.java:567)
	at net.thucydides.core.steps.BaseMethodRunner.invokeMethod(BaseMethodRunner.java:18)
	at net.thucydides.core.steps.NormalMethodRunner.invokeMethodAndNotifyFailures(NormalMethodRunner.java:18)
	at net.thucydides.core.steps.StepInterceptor.runNormalMethod(StepInterceptor.java:406)
	at net.thucydides.core.steps.StepInterceptor.testStepResult(StepInterceptor.java:191)
	at net.thucydides.core.steps.StepInterceptor.intercept(StepInterceptor.java:84)
	at net.thucydides.core.steps.ProxyConfiguration$InterceptorDispatcher.intercept(ProxyConfiguration.java:51)
	at AltaShop@1.0-SNAPSHOT/starter.pages.LoginPage$ByteBuddy$NjZfbJKH.ClickBtnLogin(Unknown Source)
	at AltaShop@1.0-SNAPSHOT/starter.stepdefinitions.LoginStep.iClickLoginButton(LoginStep.java:31)
	at java.base/jdk.internal.reflect.NativeMethodAccessorImpl.invoke0(Native Method)
	at java.base/jdk.internal.reflect.NativeMethodAccessorImpl.invoke(NativeMethodAccessorImpl.java:62)
	at java.base/jdk.internal.reflect.DelegatingMethodAccessorImpl.invoke(DelegatingMethodAccessorImpl.java:43)
	at java.base/java.lang.reflect.Method.invoke(Method.java:567)
	at io.cucumber.java.Invoker.doInvoke(Invoker.java:66)
	at io.cucumber.java.Invoker.invoke(Invoker.java:24)
	at io.cucumber.java.AbstractGlueDefinition.invokeMethod(AbstractGlueDefinition.java:47)
	at io.cucumber.java.JavaStepDefinition.execute(JavaStepDefinition.java:29)
	at io.cucumber.core.runner.CoreStepDefinition.execute(CoreStepDefinition.java:66)
	at io.cucumber.core.runner.PickleStepDefinitionMatch.runStep(PickleStepDefinitionMatch.java:63)
	at io.cucumber.core.runner.ExecutionMode$1.execute(ExecutionMode.java:10)
	at io.cucumber.core.runner.TestStep.executeStep(TestStep.java:86)
	at io.cucumber.core.runner.TestStep.run(TestStep.java:57)
	at io.cucumber.core.runner.PickleStepTestStep.run(PickleStepTestStep.java:51)
	at io.cucumber.core.runner.TestCase.run(TestCase.java:95)
	at io.cucumber.core.runner.Runner.runPickle(Runner.java:75)
	at io.cucumber.junit.PickleRunners$NoStepDescriptions.lambda$run$0(PickleRunners.java:151)
	at io.cucumber.core.runtime.CucumberExecutionContext.lambda$runTestCase$3(CucumberExecutionContext.java:151)
	at io.cucumber.core.runtime.RethrowingThrowableCollector.executeAndThrow(RethrowingThrowableCollector.java:23)
	at io.cucumber.core.runtime.CucumberExecutionContext.runTestCase(CucumberExecutionContext.java:151)
	at io.cucumber.junit.PickleRunners$NoStepDescriptions.run(PickleRunners.java:148)
	at io.cucumber.junit.FeatureRunner.runChild(FeatureRunner.java:144)
	at io.cucumber.junit.FeatureRunner.runChild(FeatureRunner.java:28)
	at org.junit.runners.ParentRunner$4.run(ParentRunner.java:331)
	at org.junit.runners.ParentRunner$1.schedule(ParentRunner.java:79)
	at org.junit.runners.ParentRunner.runChildren(ParentRunner.java:329)
	at org.junit.runners.ParentRunner.access$100(ParentRunner.java:66)
	at org.junit.runners.ParentRunner$2.evaluate(ParentRunner.java:293)
	at org.junit.runners.ParentRunner$3.evaluate(ParentRunner.java:306)
	at org.junit.runners.ParentRunner.run(ParentRunner.java:413)
	at io.cucumber.junit.FeatureRunner.run(FeatureRunner.java:137)
	at io.cucumber.junit.CucumberSerenityRunner.runChild(CucumberSerenityRunner.java:258)
	at io.cucumber.junit.CucumberSerenityRunner.runChild(CucumberSerenityRunner.java:58)
	at org.junit.runners.ParentRunner$4.run(ParentRunner.java:331)
	at org.junit.runners.ParentRunner$1.schedule(ParentRunner.java:79)
	at org.junit.runners.ParentRunner.runChildren(ParentRunner.java:329)
	at org.junit.runners.ParentRunner.access$100(ParentRunner.java:66)
	at org.junit.runners.ParentRunner$2.evaluate(ParentRunner.java:293)
	at io.cucumber.junit.CucumberSerenityRunner$RunCucumber.evaluate(CucumberSerenityRunner.java:287)
	at org.junit.runners.ParentRunner$3.evaluate(ParentRunner.java:306)
	at org.junit.runners.ParentRunner.run(ParentRunner.java:413)
	at org.junit.runner.JUnitCore.run(JUnitCore.java:137)
	at org.junit.runner.JUnitCore.run(JUnitCore.java:115)
	at org.junit.vintage.engine.execution.RunnerExecutor.execute(RunnerExecutor.java:42)
	at org.junit.vintage.engine.VintageTestEngine.executeAllChildren(VintageTestEngine.java:80)
	at org.junit.vintage.engine.VintageTestEngine.execute(VintageTestEngine.java:72)
	at org.junit.platform.launcher.core.EngineExecutionOrchestrator.execute(EngineExecutionOrchestrator.java:107)
	at org.junit.platform.launcher.core.EngineExecutionOrchestrator.execute(EngineExecutionOrchestrator.java:88)
	at org.junit.platform.launcher.core.EngineExecutionOrchestrator.lambda$execute$0(EngineExecutionOrchestrator.java:54)
	at org.junit.platform.launcher.core.EngineExecutionOrchestrator.withInterceptedStreams(EngineExecutionOrchestrator.java:67)
	at org.junit.platform.launcher.core.EngineExecutionOrchestrator.execute(EngineExecutionOrchestrator.java:52)
	at org.junit.platform.launcher.core.DefaultLauncher.execute(DefaultLauncher.java:114)
	at org.junit.platform.launcher.core.DefaultLauncher.execute(DefaultLauncher.java:86)
	at org.junit.platform.launcher.core.DefaultLauncherSession$DelegatingLauncher.execute(DefaultLauncherSession.java:86)
	at org.junit.platform.launcher.core.SessionPerRequestLauncher.execute(SessionPerRequestLauncher.java:53)
	at org.apache.maven.surefire.junitplatform.JUnitPlatformProvider.execute(JUnitPlatformProvider.java:188)
	at org.apache.maven.surefire.junitplatform.JUnitPlatformProvider.invokeAllTests(JUnitPlatformProvider.java:154)
	at org.apache.maven.surefire.junitplatform.JUnitPlatformProvider.invoke(JUnitPlatformProvider.java:128)
	at org.apache.maven.surefire.booter.ForkedBooter.runSuitesInProcess(ForkedBooter.java:428)
	at org.apache.maven.surefire.booter.ForkedBooter.execute(ForkedBooter.java:162)
	at org.apache.maven.surefire.booter.ForkedBooter.run(ForkedBooter.java:562)
	at org.apache.maven.surefire.booter.ForkedBooter.main(ForkedBooter.java:548)
Caused by: org.openqa.selenium.NoSuchElementException: no such element: Unable to locate element: {"method":"xpath","selector":"//button[@class = 'v-btn v-btn--is-elevated v-btn--has-bg theme--light v-size--default primary']"}
  (Session info: chrome=106.0.5249.119)
For documentation on this error, please visit: https://selenium.dev/exceptions/#no_such_element
Build info: version: '4.1.2', revision: '9a5a329c5a'
System info: host: 'DESKTOP-3MAQDS2', ip: '192.168.1.5', os.name: 'Windows 10', os.arch: 'amd64', os.version: '10.0', java.version: '13.0.2'
Driver info: org.openqa.selenium.chrome.ChromeDriver
Command: [bdb2b13a04b08959ecb615c1230442ba, findElement {using=xpath, value=//button[@class = 'v-btn v-btn--is-elevated v-btn--has-bg theme--light v-size--default primary']}]
Capabilities {acceptInsecureCerts: false, browserName: chrome, browserVersion: 106.0.5249.119, chrome: {chromedriverVersion: 105.0.5195.52 (412c95e51883..., userDataDir: C:\Users\alwi\AppData\Local...}, goog:chromeOptions: {debuggerAddress: localhost:62370}, javascriptEnabled: true, networkConnectionEnabled: false, pageLoadStrategy: normal, platform: WINDOWS, platformName: WINDOWS, proxy: Proxy(), se:cdp: ws://localhost:62370/devtoo..., se:cdpVersion: 106.0.5249.119, setWindowRect: true, strictFileInteractability: false, timeouts: {implicit: 0, pageLoad: 300000, script: 30000}, unhandledPromptBehavior: dismiss and notify, webauthn:extension:credBlob: true, webauthn:extension:largeBlob: true, webauthn:virtualAuthenticators: true}
Session ID: bdb2b13a04b08959ecb615c1230442ba
	at java.base/jdk.internal.reflect.NativeConstructorAccessorImpl.newInstance0(Native Method)
	at java.base/jdk.internal.reflect.NativeConstructorAccessorImpl.newInstance(NativeConstructorAccessorImpl.java:62)
	at java.base/jdk.internal.reflect.DelegatingConstructorAccessorImpl.newInstance(DelegatingConstructorAccessorImpl.java:45)
	at java.base/java.lang.reflect.Constructor.newInstanceWithCaller(Constructor.java:500)
	at java.base/java.lang.reflect.Constructor.newInstance(Constructor.java:481)
	at org.openqa.selenium.remote.codec.w3c.W3CHttpResponseCodec.createException(W3CHttpResponseCodec.java:200)
	at org.openqa.selenium.remote.codec.w3c.W3CHttpResponseCodec.decode(W3CHttpResponseCodec.java:133)
	at org.openqa.selenium.remote.codec.w3c.W3CHttpResponseCodec.decode(W3CHttpResponseCodec.java:53)
	at org.openqa.selenium.remote.HttpCommandExecutor.execute(HttpCommandExecutor.java:184)
	at org.openqa.selenium.remote.service.DriverCommandExecutor.invokeExecute(DriverCommandExecutor.java:167)
	at org.openqa.selenium.remote.service.DriverCommandExecutor.execute(DriverCommandExecutor.java:142)
	at org.openqa.selenium.remote.RemoteWebDriver.execute(RemoteWebDriver.java:558)
	at org.openqa.selenium.remote.ElementLocation$ElementFinder$2.findElement(ElementLocation.java:162)
	at org.openqa.selenium.remote.ElementLocation.findElement(ElementLocation.java:60)
	at org.openqa.selenium.remote.RemoteWebDriver.findElement(RemoteWebDriver.java:382)
	at org.openqa.selenium.remote.RemoteWebDriver.findElement(RemoteWebDriver.java:374)
	at net.thucydides.core.webdriver.WebDriverFacade.findElement(WebDriverFacade.java:224)
	at net.serenitybdd.core.pages.WebElementResolverByLocator.resolveForDriver(WebElementResolverByLocator.java:25)
	at net.serenitybdd.core.pages.WebElementFacadeImpl.getResolvedElement(WebElementFacadeImpl.java:191)
	at net.serenitybdd.core.pages.WebElementFacadeImpl.getElement(WebElementFacadeImpl.java:186)
	at net.serenitybdd.core.pages.WebElementExpectations$3.apply(WebElementExpectations.java:63)
	at net.serenitybdd.core.pages.WebElementExpectations$3.apply(WebElementExpectations.java:55)
	at org.openqa.selenium.support.ui.FluentWait.until(FluentWait.java:208)
	... 80 more
&amp#27;[0m
  &amp#27;[36mAnd &amp#27;[0m&amp#27;[36mI click register button&amp#27;[0m                  &amp#27;[90m# starter.stepdefinitions.RegisterStep.iClickRegisterButton()&amp#27;[0m
  &amp#27;[36mWhen &amp#27;[0m&amp#27;[36mI input fullname register &amp#27;[0m&amp#27;[36m&amp#27;[1m"naixxy12"&amp#27;[0m    &amp#27;[90m# starter.stepdefinitions.RegisterStep.iInputFullnameRegister(java.lang.String)&amp#27;[0m
  &amp#27;[36mAnd &amp#27;[0m&amp#27;[36mI input email register &amp#27;[0m&amp#27;[36m&amp#27;[1m""&amp#27;[0m                &amp#27;[90m# starter.stepdefinitions.RegisterStep.iInputEmailRegister(java.lang.String)&amp#27;[0m
  &amp#27;[36mAnd &amp#27;[0m&amp#27;[36mI input password register &amp#27;[0m&amp#27;[36m&amp#27;[1m"1234"&amp#27;[0m         &amp#27;[90m# starter.stepdefinitions.RegisterStep.iInputPasswordRegister(java.lang.String)&amp#27;[0m
  &amp#27;[36mAnd &amp#27;[0m&amp#27;[36mI click submit register button&amp#27;[0m           &amp#27;[90m# starter.stepdefinitions.RegisterStep.iClickSubmitRegisterButton()&amp#27;[0m
  &amp#27;[36mThen &amp#27;[0m&amp#27;[36mI will get the result register &amp#27;[0m&amp#27;[36m&amp#27;[1m"failed"&amp#27;[0m &amp#27;[90m# starter.stepdefinitions.RegisterStep.iWillGetTheResultRegister(java.lang.String)&amp#27;[0m
04:07:26.010 [AsyncHttpClient-1-2] DEBUG org.asynchttpclient.netty.handler.WebSocketHandler - Channel Closed: [id: 0x1b35c90c, L:/127.0.0.1:62376 ! R:localhost/127.0.0.1:62370] with attribute NettyResponseFuture{currentRetry=5,
	isDone=1,
	isCancelled=0,
	asyncHandler=org.asynchttpclient.ws.WebSocketUpgradeHandler@39940358,
	nettyRequest=org.asynchttpclient.netty.request.NettyRequest@5e55af6c,
	future=java.util.concurrent.CompletableFuture@1ae378c[Completed normally],
	uri=ws://localhost:62370/devtools/browser/6aaa9a3c-81f6-42e0-ba9a-7667bc6fd64c,
	keepAlive=true,
	redirectCount=0,
	timeoutsHolder=null,
	inAuth=0,
	touch=1666732038752}
04:07:26.011 [AsyncHttpClient-1-2] DEBUG org.asynchttpclient.netty.channel.ChannelManager - Closing Channel [id: 0x1b35c90c, L:/127.0.0.1:62376 ! R:localhost/127.0.0.1:62370] 
04:07:26.011 [Driver Command Executor] DEBUG org.asynchttpclient.netty.request.NettyRequestSender - Using pooled Channel '[id: 0xef820380, L:/127.0.0.1:62369 - R:localhost/127.0.0.1:50587]' for 'DELETE' to 'http://localhost:50587/session/bdb2b13a04b08959ecb615c1230442ba'
04:07:26.011 [Driver Command Executor] DEBUG org.asynchttpclient.netty.request.NettyRequestSender - Using open Channel [id: 0xef820380, L:/127.0.0.1:62369 - R:localhost/127.0.0.1:50587] for DELETE '/session/bdb2b13a04b08959ecb615c1230442ba'
04:07:26.050 [AsyncHttpClient-1-17] DEBUG org.asynchttpclient.netty.handler.HttpHandler - Unexpected I/O exception on channel [id: 0x2f333f32, L:/127.0.0.1:62375 - R:localhost/127.0.0.1:62370]
java.net.SocketException: Connection reset
	at java.base/sun.nio.ch.SocketChannelImpl.throwConnectionReset(SocketChannelImpl.java:345)
	at java.base/sun.nio.ch.SocketChannelImpl.read(SocketChannelImpl.java:376)
	at io.netty.buffer.PooledByteBuf.setBytes(PooledByteBuf.java:258)
	at io.netty.buffer.AbstractByteBuf.writeBytes(AbstractByteBuf.java:1132)
	at io.netty.channel.socket.nio.NioSocketChannel.doReadBytes(NioSocketChannel.java:350)
	at io.netty.channel.nio.AbstractNioByteChannel$NioByteUnsafe.read(AbstractNioByteChannel.java:151)
	at io.netty.channel.nio.NioEventLoop.processSelectedKey(NioEventLoop.java:722)
	at io.netty.channel.nio.NioEventLoop.processSelectedKeysOptimized(NioEventLoop.java:658)
	at io.netty.channel.nio.NioEventLoop.processSelectedKeys(NioEventLoop.java:584)
	at io.netty.channel.nio.NioEventLoop.run(NioEventLoop.java:496)
	at io.netty.util.concurrent.SingleThreadEventExecutor$4.run(SingleThreadEventExecutor.java:986)
	at io.netty.util.internal.ThreadExecutorMap$2.run(ThreadExecutorMap.java:74)
	at io.netty.util.concurrent.FastThreadLocalRunnable.run(FastThreadLocalRunnable.java:30)
	at java.base/java.lang.Thread.run(Thread.java:830)
04:07:26.050 [AsyncHttpClient-1-17] DEBUG org.asynchttpclient.netty.channel.ChannelManager - Closing Channel [id: 0x2f333f32, L:/127.0.0.1:62375 - R:localhost/127.0.0.1:62370] 
04:07:26.050 [AsyncHttpClient-1-17] DEBUG org.asynchttpclient.netty.handler.HttpHandler - Channel Closed: [id: 0x2f333f32, L:/127.0.0.1:62375 ! R:localhost/127.0.0.1:62370] with attribute DISCARD
04:07:26.067 [AsyncHttpClient-1-16] DEBUG org.asynchttpclient.netty.handler.HttpHandler - 

Request DefaultFullHttpRequest(decodeResult: success, version: HTTP/1.1, content: EmptyByteBufBE)
DELETE /session/bdb2b13a04b08959ecb615c1230442ba HTTP/1.1
User-Agent: selenium/4.1.2 (java windows)
Content-Type: application/json; charset=utf-8
host: localhost:50587
accept: */*

Response DefaultHttpResponse(decodeResult: success, version: HTTP/1.1)
HTTP/1.1 200 OK
Content-Type: application/json; charset=utf-8
cache-control: no-cache
content-length: 14

04:07:26.067 [AsyncHttpClient-1-16] DEBUG org.asynchttpclient.netty.channel.ChannelManager - Adding key: http://localhost:50587 for channel [id: 0xef820380, L:/127.0.0.1:62369 - R:localhost/127.0.0.1:50587]
04:07:26.123 [AsyncHttpClient-1-16] DEBUG org.asynchttpclient.netty.handler.HttpHandler - Channel Closed: [id: 0xef820380, L:/127.0.0.1:62369 ! R:localhost/127.0.0.1:50587] with attribute DISCARD
04:07:26.621 [AsyncHttpClient-1-1] DEBUG org.asynchttpclient.netty.channel.DefaultChannelPool - Entry count for : http://localhost:62370 : 1
04:07:26.621 [AsyncHttpClient-1-1] DEBUG org.asynchttpclient.netty.channel.DefaultChannelPool - Entry count for : http://localhost:50587 : 1
04:07:26.621 [AsyncHttpClient-1-1] DEBUG org.asynchttpclient.netty.channel.DefaultChannelPool - Adding Candidate expired Channel [id: 0x2f333f32, L:/127.0.0.1:62375 ! R:localhost/127.0.0.1:62370] isIdleTimeoutExpired=false isRemotelyClosed=true isTtlExpired=false
04:07:26.621 [AsyncHttpClient-1-1] DEBUG org.asynchttpclient.netty.channel.DefaultChannelPool - Closing Idle Channel [id: 0x2f333f32, L:/127.0.0.1:62375 ! R:localhost/127.0.0.1:62370]
04:07:26.621 [AsyncHttpClient-1-1] DEBUG org.asynchttpclient.netty.channel.DefaultChannelPool - Adding Candidate expired Channel [id: 0xef820380, L:/127.0.0.1:62369 ! R:localhost/127.0.0.1:50587] isIdleTimeoutExpired=false isRemotelyClosed=true isTtlExpired=false
04:07:26.621 [AsyncHttpClient-1-1] DEBUG org.asynchttpclient.netty.channel.DefaultChannelPool - Closing Idle Channel [id: 0xef820380, L:/127.0.0.1:62369 ! R:localhost/127.0.0.1:50587]
04:07:26.621 [AsyncHttpClient-1-1] DEBUG org.asynchttpclient.netty.channel.DefaultChannelPool - Closed 2 connections out of 2 in 0 ms
]]></system-out>
    <system-err><![CDATA[Starting ChromeDriver 105.0.5195.52 (412c95e518836d8a7d97250d62b29c2ae6a26a85-refs/branch-heads/5195@{#853}) on port 50587
Only local connections are allowed.
Please see https://chromedriver.chromium.org/security-considerations for suggestions on keeping ChromeDriver safe.
ChromeDriver was started successfully.
[1666732038.721][WARNING]: This version of ChromeDriver has not been tested with Chrome version 106.
Okt 26, 2022 4:07:18 AM org.openqa.selenium.remote.ProtocolHandshake createSession
INFO: Detected dialect: W3C
Okt 26, 2022 4:07:18 AM org.openqa.selenium.devtools.CdpVersionFinder findNearestMatch
WARNING: Unable to find an exact match for CDP version 106, so returning the closest version found: a no-op implementation
Okt 26, 2022 4:07:18 AM org.openqa.selenium.devtools.CdpVersionFinder findNearestMatch
INFO: Unable to find CDP implementation matching 106.
Okt 26, 2022 4:07:18 AM org.openqa.selenium.chromium.ChromiumDriver lambda$new$3
WARNING: Unable to find version of CDP to use for . You may need to include a dependency on a specific version of the CDP using something similar to `org.seleniumhq.selenium:selenium-devtools-v86:4.1.2` where the version ("v86") matches the version of the chromium-based browser you're using and the version number of the artifact is the same as Selenium's.
]]></system-err>
  </testcase>
  <testcase name=" #4" classname="Register" time="9.621">
    <error type="net.thucydides.core.webdriver.exceptions.ElementShouldBeEnabledException"><![CDATA[net.thucydides.core.webdriver.exceptions.ElementShouldBeEnabledException: Expected enabled element was not enabled
Caused by: org.openqa.selenium.TimeoutException: Expected condition failed: waiting for By.xpath: //button[@class = 'v-btn v-btn--is-elevated v-btn--has-bg theme--light v-size--default primary'] to be enabled (tried for 5 second(s) with 100 milliseconds interval)
Caused by: org.openqa.selenium.NoSuchElementException: 
no such element: Unable to locate element: {"method":"xpath","selector":"//button[@class = 'v-btn v-btn--is-elevated v-btn--has-bg theme--light v-size--default primary']"}
  (Session info: chrome=106.0.5249.119)
For documentation on this error, please visit: https://selenium.dev/exceptions/#no_such_element
Build info: version: '4.1.2', revision: '9a5a329c5a'
System info: host: 'DESKTOP-3MAQDS2', ip: '192.168.1.5', os.name: 'Windows 10', os.arch: 'amd64', os.version: '10.0', java.version: '13.0.2'
Driver info: org.openqa.selenium.chrome.ChromeDriver
Command: [087da8ef20fe3ad1cd1f0963d442fa55, findElement {using=xpath, value=//button[@class = 'v-btn v-btn--is-elevated v-btn--has-bg theme--light v-size--default primary']}]
Capabilities {acceptInsecureCerts: false, browserName: chrome, browserVersion: 106.0.5249.119, chrome: {chromedriverVersion: 105.0.5195.52 (412c95e51883..., userDataDir: C:\Users\alwi\AppData\Local...}, goog:chromeOptions: {debuggerAddress: localhost:62401}, javascriptEnabled: true, networkConnectionEnabled: false, pageLoadStrategy: normal, platform: WINDOWS, platformName: WINDOWS, proxy: Proxy(), se:cdp: ws://localhost:62401/devtoo..., se:cdpVersion: 106.0.5249.119, setWindowRect: true, strictFileInteractability: false, timeouts: {implicit: 0, pageLoad: 300000, script: 30000}, unhandledPromptBehavior: dismiss and notify, webauthn:extension:credBlob: true, webauthn:extension:largeBlob: true, webauthn:virtualAuthenticators: true}
Session ID: 087da8ef20fe3ad1cd1f0963d442fa55
]]></error>
    <system-out><![CDATA[
Scenario Outline:                              &amp#27;[90m# src/test/resources/features/Register.feature:20&amp#27;[0m
04:07:26.670 [main] INFO io.cucumber.core.plugin.SerenityReporter - Running feature from file:///C:/Users/alwi/IdeaProjects/AltaShop/src/test/resources/features/Register.feature
04:07:26.696 [main] INFO net.serenitybdd.core.webdriver.driverproviders.ChromeDriverProvider - Using automatically driver download
04:07:26.795 [main] DEBUG io.github.bonigarcia.wdm.cache.ResolutionCache - Resolution chrome=106 in cache (valid until 04:10:38 26/10/2022 WIB)
04:07:26.798 [main] DEBUG io.github.bonigarcia.wdm.cache.ResolutionCache - Resolution chrome106=106.0.5249.61 in cache (valid until 22:47:25 26/10/2022 WIB)
04:07:26.799 [main] INFO io.github.bonigarcia.wdm.WebDriverManager - Using chromedriver 106.0.5249.61 (resolved driver for Chrome 106)
04:07:26.812 [main] DEBUG io.github.bonigarcia.wdm.WebDriverManager - Driver chromedriver 106.0.5249.61 found in cache
04:07:26.812 [main] INFO io.github.bonigarcia.wdm.WebDriverManager - Exporting webdriver.chrome.driver as C:\Users\alwi\.cache\selenium\chromedriver\win32\106.0.5249.61\chromedriver.exe
04:07:26.909 [main] DEBUG net.serenitybdd.core.webdriver.driverproviders.ProvideNewDriver - Instantiating driver
04:07:26.909 [main] DEBUG net.serenitybdd.core.webdriver.driverproviders.ProvideNewDriver - Driver capabilities: Capabilities {acceptInsecureCerts: false, base.url: https://alta-shop.vercel.app, browserName: chrome, chrome.driver: src/test/resources/webdrive..., driver: chrome, goog:chromeOptions: {args: [], extensions: []}}
04:07:27.450 [AsyncHttpClient-1-3] DEBUG org.asynchttpclient.netty.channel.NettyConnectListener - Using new Channel '[id: 0xa14753d4, L:/127.0.0.1:62399 - R:localhost/127.0.0.1:65466]' for 'POST' to '/session'
04:07:28.299 [AsyncHttpClient-1-3] DEBUG org.asynchttpclient.netty.handler.HttpHandler - 

Request DefaultHttpRequest(decodeResult: success, version: HTTP/1.1)
POST /session HTTP/1.1
User-Agent: selenium/4.1.2 (java windows)
Content-Length: 609
Content-Type: application/json; charset=utf-8
host: localhost:65466
accept: */*

Response DefaultHttpResponse(decodeResult: success, version: HTTP/1.1)
HTTP/1.1 200 OK
Content-Type: application/json; charset=utf-8
cache-control: no-cache
content-length: 790

04:07:28.299 [AsyncHttpClient-1-3] DEBUG org.asynchttpclient.netty.channel.ChannelManager - Adding key: http://localhost:65466 for channel [id: 0xa14753d4, L:/127.0.0.1:62399 - R:localhost/127.0.0.1:65466]
04:07:28.305 [AsyncHttpClient-1-4] DEBUG org.asynchttpclient.netty.channel.NettyConnectListener - Using new Channel '[id: 0x953d69e6, L:/127.0.0.1:62407 - R:localhost/127.0.0.1:62401]' for 'GET' to '/json/version'
04:07:28.305 [AsyncHttpClient-1-4] DEBUG org.asynchttpclient.netty.handler.HttpHandler - 

Request DefaultFullHttpRequest(decodeResult: success, version: HTTP/1.1, content: EmptyByteBufBE)
GET /json/version HTTP/1.1
User-Agent: selenium/4.1.2 (java windows)
host: localhost:62401
accept: */*

Response DefaultHttpResponse(decodeResult: success, version: HTTP/1.1)
HTTP/1.1 200 OK
Content-Type: application/json; charset=UTF-8
content-length: 424

04:07:28.306 [AsyncHttpClient-1-4] DEBUG org.asynchttpclient.netty.channel.ChannelManager - Adding key: http://localhost:62401 for channel [id: 0x953d69e6, L:/127.0.0.1:62407 - R:localhost/127.0.0.1:62401]
04:07:28.308 [AsyncHttpClient-1-5] DEBUG org.asynchttpclient.netty.channel.NettyConnectListener - Using new Channel '[id: 0xf7cbaa1a, L:/127.0.0.1:62408 - R:localhost/127.0.0.1:62401]' for 'GET' to '/devtools/browser/b6e3f668-8674-481c-8892-c55a265ce823'
04:07:28.309 [AsyncHttpClient-1-5] DEBUG org.asynchttpclient.netty.handler.WebSocketHandler - 

Request DefaultFullHttpRequest(decodeResult: success, version: HTTP/1.1, content: EmptyByteBufBE)
GET /devtools/browser/b6e3f668-8674-481c-8892-c55a265ce823 HTTP/1.1
upgrade: websocket
connection: upgrade
sec-websocket-key: maVdG0QHCBS6nX5zGsv9ZA==
sec-websocket-version: 13
origin: http://localhost:62401
host: localhost:62401
accept: */*
user-agent: AHC/2.1

Response DefaultHttpResponse(decodeResult: success, version: HTTP/1.1)
HTTP/1.1 101 WebSocket Protocol Handshake
Upgrade: WebSocket
Connection: Upgrade
Sec-WebSocket-Accept: YDVL/lJk877HKChHaM/quWUmOJY=

04:07:28.314 [Forwarding get on session 087da8ef20fe3ad1cd1f0963d442fa55 to remote] DEBUG org.asynchttpclient.netty.request.NettyRequestSender - Using pooled Channel '[id: 0xa14753d4, L:/127.0.0.1:62399 - R:localhost/127.0.0.1:65466]' for 'POST' to 'http://localhost:65466/session/087da8ef20fe3ad1cd1f0963d442fa55/url'
04:07:28.314 [Forwarding get on session 087da8ef20fe3ad1cd1f0963d442fa55 to remote] DEBUG org.asynchttpclient.netty.request.NettyRequestSender - Using open Channel [id: 0xa14753d4, L:/127.0.0.1:62399 - R:localhost/127.0.0.1:65466] for POST '/session/087da8ef20fe3ad1cd1f0963d442fa55/url'
04:07:28.819 [AsyncHttpClient-1-1] DEBUG org.asynchttpclient.netty.channel.DefaultChannelPool - Entry count for : http://localhost:62401 : 1
04:07:28.929 [AsyncHttpClient-1-3] DEBUG org.asynchttpclient.netty.handler.HttpHandler - 

Request DefaultHttpRequest(decodeResult: success, version: HTTP/1.1)
POST /session/087da8ef20fe3ad1cd1f0963d442fa55/url HTTP/1.1
User-Agent: selenium/4.1.2 (java windows)
Content-Length: 59
Content-Type: application/json; charset=utf-8
host: localhost:65466
accept: */*

Response DefaultHttpResponse(decodeResult: success, version: HTTP/1.1)
HTTP/1.1 200 OK
Content-Type: application/json; charset=utf-8
cache-control: no-cache
content-length: 14

04:07:28.929 [AsyncHttpClient-1-3] DEBUG org.asynchttpclient.netty.channel.ChannelManager - Adding key: http://localhost:65466 for channel [id: 0xa14753d4, L:/127.0.0.1:62399 - R:localhost/127.0.0.1:65466]
04:07:28.932 [Forwarding setTimeout on session 087da8ef20fe3ad1cd1f0963d442fa55 to remote] DEBUG org.asynchttpclient.netty.request.NettyRequestSender - Using pooled Channel '[id: 0xa14753d4, L:/127.0.0.1:62399 - R:localhost/127.0.0.1:65466]' for 'POST' to 'http://localhost:65466/session/087da8ef20fe3ad1cd1f0963d442fa55/timeouts'
04:07:28.932 [Forwarding setTimeout on session 087da8ef20fe3ad1cd1f0963d442fa55 to remote] DEBUG org.asynchttpclient.netty.request.NettyRequestSender - Using open Channel [id: 0xa14753d4, L:/127.0.0.1:62399 - R:localhost/127.0.0.1:65466] for POST '/session/087da8ef20fe3ad1cd1f0963d442fa55/timeouts'
04:07:28.934 [AsyncHttpClient-1-3] DEBUG org.asynchttpclient.netty.handler.HttpHandler - 

Request DefaultHttpRequest(decodeResult: success, version: HTTP/1.1)
POST /session/087da8ef20fe3ad1cd1f0963d442fa55/timeouts HTTP/1.1
User-Agent: selenium/4.1.2 (java windows)
Content-Length: 22
Content-Type: application/json; charset=utf-8
host: localhost:65466
accept: */*

Response DefaultHttpResponse(decodeResult: success, version: HTTP/1.1)
HTTP/1.1 200 OK
Content-Type: application/json; charset=utf-8
cache-control: no-cache
content-length: 14

04:07:28.934 [AsyncHttpClient-1-3] DEBUG org.asynchttpclient.netty.channel.ChannelManager - Adding key: http://localhost:65466 for channel [id: 0xa14753d4, L:/127.0.0.1:62399 - R:localhost/127.0.0.1:65466]
04:07:28.938 [Forwarding getCurrentUrl on session 087da8ef20fe3ad1cd1f0963d442fa55 to remote] DEBUG org.asynchttpclient.netty.request.NettyRequestSender - Using pooled Channel '[id: 0xa14753d4, L:/127.0.0.1:62399 - R:localhost/127.0.0.1:65466]' for 'GET' to 'http://localhost:65466/session/087da8ef20fe3ad1cd1f0963d442fa55/url'
04:07:28.938 [Forwarding getCurrentUrl on session 087da8ef20fe3ad1cd1f0963d442fa55 to remote] DEBUG org.asynchttpclient.netty.request.NettyRequestSender - Using open Channel [id: 0xa14753d4, L:/127.0.0.1:62399 - R:localhost/127.0.0.1:65466] for GET '/session/087da8ef20fe3ad1cd1f0963d442fa55/url'
04:07:28.944 [AsyncHttpClient-1-3] DEBUG org.asynchttpclient.netty.handler.HttpHandler - 

Request DefaultFullHttpRequest(decodeResult: success, version: HTTP/1.1, content: EmptyByteBufBE)
GET /session/087da8ef20fe3ad1cd1f0963d442fa55/url HTTP/1.1
User-Agent: selenium/4.1.2 (java windows)
Cache-Control: no-cache
Content-Type: application/json; charset=utf-8
host: localhost:65466
accept: */*

Response DefaultHttpResponse(decodeResult: success, version: HTTP/1.1)
HTTP/1.1 200 OK
Content-Type: application/json; charset=utf-8
cache-control: no-cache
content-length: 41

04:07:28.945 [AsyncHttpClient-1-3] DEBUG org.asynchttpclient.netty.channel.ChannelManager - Adding key: http://localhost:65466 for channel [id: 0xa14753d4, L:/127.0.0.1:62399 - R:localhost/127.0.0.1:65466]
  &amp#27;[32mGiven &amp#27;[0m&amp#27;[32mI am on the home page&amp#27;[0m                  &amp#27;[90m# starter.stepdefinitions.HomeStep.iAmOnTheHomePage()&amp#27;[0m
04:07:28.954 [Forwarding screenshot on session 087da8ef20fe3ad1cd1f0963d442fa55 to remote] DEBUG org.asynchttpclient.netty.request.NettyRequestSender - Using pooled Channel '[id: 0xa14753d4, L:/127.0.0.1:62399 - R:localhost/127.0.0.1:65466]' for 'GET' to 'http://localhost:65466/session/087da8ef20fe3ad1cd1f0963d442fa55/screenshot'
04:07:28.954 [Forwarding screenshot on session 087da8ef20fe3ad1cd1f0963d442fa55 to remote] DEBUG org.asynchttpclient.netty.request.NettyRequestSender - Using open Channel [id: 0xa14753d4, L:/127.0.0.1:62399 - R:localhost/127.0.0.1:65466] for GET '/session/087da8ef20fe3ad1cd1f0963d442fa55/screenshot'
04:07:29.118 [AsyncHttpClient-1-3] DEBUG org.asynchttpclient.netty.handler.HttpHandler - 

Request DefaultFullHttpRequest(decodeResult: success, version: HTTP/1.1, content: EmptyByteBufBE)
GET /session/087da8ef20fe3ad1cd1f0963d442fa55/screenshot HTTP/1.1
User-Agent: selenium/4.1.2 (java windows)
Cache-Control: no-cache
Content-Type: application/json; charset=utf-8
host: localhost:65466
accept: */*

Response DefaultHttpResponse(decodeResult: success, version: HTTP/1.1)
HTTP/1.1 200 OK
Content-Type: application/json; charset=utf-8
cache-control: no-cache
content-length: 27620

04:07:29.118 [AsyncHttpClient-1-3] DEBUG org.asynchttpclient.netty.channel.ChannelManager - Adding key: http://localhost:65466 for channel [id: 0xa14753d4, L:/127.0.0.1:62399 - R:localhost/127.0.0.1:65466]
04:07:29.120 [main] DEBUG net.serenitybdd.core.photography.Darkroom - Send negative for processing for target\site\serenity\b944b326a7791573a7a73245d47675c01ca81fffe16ed3b2d0b015d439310aa0.png
04:07:29.120 [Darkroom Processing Line] DEBUG net.serenitybdd.core.photography.DarkroomProcessingLine - Processing screenshot image in /var/screenshots/screenshot-6622757438245628864
04:07:29.120 [Darkroom Processing Line] DEBUG net.serenitybdd.core.photography.DarkroomProcessingLine - Saving screenshot to target\site\serenity\b944b326a7791573a7a73245d47675c01ca81fffe16ed3b2d0b015d439310aa0.png
04:07:29.136 [Forwarding findElement on session 087da8ef20fe3ad1cd1f0963d442fa55 to remote] DEBUG org.asynchttpclient.netty.request.NettyRequestSender - Using pooled Channel '[id: 0xa14753d4, L:/127.0.0.1:62399 - R:localhost/127.0.0.1:65466]' for 'POST' to 'http://localhost:65466/session/087da8ef20fe3ad1cd1f0963d442fa55/element'
04:07:29.136 [Forwarding findElement on session 087da8ef20fe3ad1cd1f0963d442fa55 to remote] DEBUG org.asynchttpclient.netty.request.NettyRequestSender - Using open Channel [id: 0xa14753d4, L:/127.0.0.1:62399 - R:localhost/127.0.0.1:65466] for POST '/session/087da8ef20fe3ad1cd1f0963d442fa55/element'
04:07:29.928 [AsyncHttpClient-1-1] DEBUG org.asynchttpclient.netty.channel.DefaultChannelPool - Entry count for : http://localhost:62401 : 1
04:07:31.018 [AsyncHttpClient-1-1] DEBUG org.asynchttpclient.netty.channel.DefaultChannelPool - Entry count for : http://localhost:62401 : 1
04:07:31.195 [AsyncHttpClient-1-3] DEBUG org.asynchttpclient.netty.handler.HttpHandler - 

Request DefaultHttpRequest(decodeResult: success, version: HTTP/1.1)
POST /session/087da8ef20fe3ad1cd1f0963d442fa55/element HTTP/1.1
User-Agent: selenium/4.1.2 (java windows)
Content-Length: 143
Content-Type: application/json; charset=utf-8
host: localhost:65466
accept: */*

Response DefaultHttpResponse(decodeResult: success, version: HTTP/1.1)
HTTP/1.1 404 Not Found
Content-Type: application/json; charset=utf-8
cache-control: no-cache
content-length: 1101

04:07:31.196 [AsyncHttpClient-1-3] DEBUG org.asynchttpclient.netty.channel.ChannelManager - Adding key: http://localhost:65466 for channel [id: 0xa14753d4, L:/127.0.0.1:62399 - R:localhost/127.0.0.1:65466]
04:07:31.301 [Forwarding findElement on session 087da8ef20fe3ad1cd1f0963d442fa55 to remote] DEBUG org.asynchttpclient.netty.request.NettyRequestSender - Using pooled Channel '[id: 0xa14753d4, L:/127.0.0.1:62399 - R:localhost/127.0.0.1:65466]' for 'POST' to 'http://localhost:65466/session/087da8ef20fe3ad1cd1f0963d442fa55/element'
04:07:31.301 [Forwarding findElement on session 087da8ef20fe3ad1cd1f0963d442fa55 to remote] DEBUG org.asynchttpclient.netty.request.NettyRequestSender - Using open Channel [id: 0xa14753d4, L:/127.0.0.1:62399 - R:localhost/127.0.0.1:65466] for POST '/session/087da8ef20fe3ad1cd1f0963d442fa55/element'
04:07:32.119 [AsyncHttpClient-1-1] DEBUG org.asynchttpclient.netty.channel.DefaultChannelPool - Entry count for : http://localhost:62401 : 1
04:07:33.230 [AsyncHttpClient-1-1] DEBUG org.asynchttpclient.netty.channel.DefaultChannelPool - Entry count for : http://localhost:62401 : 1
04:07:33.313 [AsyncHttpClient-1-3] DEBUG org.asynchttpclient.netty.handler.HttpHandler - 

Request DefaultHttpRequest(decodeResult: success, version: HTTP/1.1)
POST /session/087da8ef20fe3ad1cd1f0963d442fa55/element HTTP/1.1
User-Agent: selenium/4.1.2 (java windows)
Content-Length: 143
Content-Type: application/json; charset=utf-8
host: localhost:65466
accept: */*

Response DefaultHttpResponse(decodeResult: success, version: HTTP/1.1)
HTTP/1.1 404 Not Found
Content-Type: application/json; charset=utf-8
cache-control: no-cache
content-length: 1101

04:07:33.313 [AsyncHttpClient-1-3] DEBUG org.asynchttpclient.netty.channel.ChannelManager - Adding key: http://localhost:65466 for channel [id: 0xa14753d4, L:/127.0.0.1:62399 - R:localhost/127.0.0.1:65466]
04:07:33.416 [Forwarding findElement on session 087da8ef20fe3ad1cd1f0963d442fa55 to remote] DEBUG org.asynchttpclient.netty.request.NettyRequestSender - Using pooled Channel '[id: 0xa14753d4, L:/127.0.0.1:62399 - R:localhost/127.0.0.1:65466]' for 'POST' to 'http://localhost:65466/session/087da8ef20fe3ad1cd1f0963d442fa55/element'
04:07:33.416 [Forwarding findElement on session 087da8ef20fe3ad1cd1f0963d442fa55 to remote] DEBUG org.asynchttpclient.netty.request.NettyRequestSender - Using open Channel [id: 0xa14753d4, L:/127.0.0.1:62399 - R:localhost/127.0.0.1:65466] for POST '/session/087da8ef20fe3ad1cd1f0963d442fa55/element'
04:07:34.319 [AsyncHttpClient-1-1] DEBUG org.asynchttpclient.netty.channel.DefaultChannelPool - Entry count for : http://localhost:62401 : 1
04:07:35.419 [AsyncHttpClient-1-1] DEBUG org.asynchttpclient.netty.channel.DefaultChannelPool - Entry count for : http://localhost:62401 : 1
04:07:35.421 [AsyncHttpClient-1-3] DEBUG org.asynchttpclient.netty.handler.HttpHandler - 

Request DefaultHttpRequest(decodeResult: success, version: HTTP/1.1)
POST /session/087da8ef20fe3ad1cd1f0963d442fa55/element HTTP/1.1
User-Agent: selenium/4.1.2 (java windows)
Content-Length: 143
Content-Type: application/json; charset=utf-8
host: localhost:65466
accept: */*

Response DefaultHttpResponse(decodeResult: success, version: HTTP/1.1)
HTTP/1.1 404 Not Found
Content-Type: application/json; charset=utf-8
cache-control: no-cache
content-length: 1101

04:07:35.421 [AsyncHttpClient-1-3] DEBUG org.asynchttpclient.netty.channel.ChannelManager - Adding key: http://localhost:65466 for channel [id: 0xa14753d4, L:/127.0.0.1:62399 - R:localhost/127.0.0.1:65466]
04:07:35.427 [Forwarding screenshot on session 087da8ef20fe3ad1cd1f0963d442fa55 to remote] DEBUG org.asynchttpclient.netty.request.NettyRequestSender - Using pooled Channel '[id: 0xa14753d4, L:/127.0.0.1:62399 - R:localhost/127.0.0.1:65466]' for 'GET' to 'http://localhost:65466/session/087da8ef20fe3ad1cd1f0963d442fa55/screenshot'
04:07:35.427 [Forwarding screenshot on session 087da8ef20fe3ad1cd1f0963d442fa55 to remote] DEBUG org.asynchttpclient.netty.request.NettyRequestSender - Using open Channel [id: 0xa14753d4, L:/127.0.0.1:62399 - R:localhost/127.0.0.1:65466] for GET '/session/087da8ef20fe3ad1cd1f0963d442fa55/screenshot'
04:07:35.511 [AsyncHttpClient-1-3] DEBUG org.asynchttpclient.netty.handler.HttpHandler - 

Request DefaultFullHttpRequest(decodeResult: success, version: HTTP/1.1, content: EmptyByteBufBE)
GET /session/087da8ef20fe3ad1cd1f0963d442fa55/screenshot HTTP/1.1
User-Agent: selenium/4.1.2 (java windows)
Cache-Control: no-cache
Content-Type: application/json; charset=utf-8
host: localhost:65466
accept: */*

Response DefaultHttpResponse(decodeResult: success, version: HTTP/1.1)
HTTP/1.1 200 OK
Content-Type: application/json; charset=utf-8
cache-control: no-cache
content-length: 65416

04:07:35.511 [AsyncHttpClient-1-3] DEBUG org.asynchttpclient.netty.channel.ChannelManager - Adding key: http://localhost:65466 for channel [id: 0xa14753d4, L:/127.0.0.1:62399 - R:localhost/127.0.0.1:65466]
04:07:35.514 [main] DEBUG net.serenitybdd.core.photography.Darkroom - Send negative for processing for target\site\serenity\2fa6377de351ec6c46c1cf49688f41da7feb779925c16f4b0e8e184feca670bf.png
04:07:35.519 [Forwarding getPageSource on session 087da8ef20fe3ad1cd1f0963d442fa55 to remote] DEBUG org.asynchttpclient.netty.request.NettyRequestSender - Using pooled Channel '[id: 0xa14753d4, L:/127.0.0.1:62399 - R:localhost/127.0.0.1:65466]' for 'POST' to 'http://localhost:65466/session/087da8ef20fe3ad1cd1f0963d442fa55/execute/sync'
04:07:35.519 [Forwarding getPageSource on session 087da8ef20fe3ad1cd1f0963d442fa55 to remote] DEBUG org.asynchttpclient.netty.request.NettyRequestSender - Using open Channel [id: 0xa14753d4, L:/127.0.0.1:62399 - R:localhost/127.0.0.1:65466] for POST '/session/087da8ef20fe3ad1cd1f0963d442fa55/execute/sync'
04:07:35.528 [AsyncHttpClient-1-3] DEBUG org.asynchttpclient.netty.handler.HttpHandler - 

Request DefaultHttpRequest(decodeResult: success, version: HTTP/1.1)
POST /session/087da8ef20fe3ad1cd1f0963d442fa55/execute/sync HTTP/1.1
User-Agent: selenium/4.1.2 (java windows)
Content-Length: 176
Content-Type: application/json; charset=utf-8
host: localhost:65466
accept: */*

Response DefaultHttpResponse(decodeResult: success, version: HTTP/1.1)
HTTP/1.1 200 OK
Content-Type: application/json; charset=utf-8
cache-control: no-cache
content-length: 73530

04:07:35.529 [AsyncHttpClient-1-3] DEBUG org.asynchttpclient.netty.channel.ChannelManager - Adding key: http://localhost:65466 for channel [id: 0xa14753d4, L:/127.0.0.1:62399 - R:localhost/127.0.0.1:65466]
04:07:35.545 [Forwarding getCurrentUrl on session 087da8ef20fe3ad1cd1f0963d442fa55 to remote] DEBUG org.asynchttpclient.netty.request.NettyRequestSender - Using pooled Channel '[id: 0xa14753d4, L:/127.0.0.1:62399 - R:localhost/127.0.0.1:65466]' for 'GET' to 'http://localhost:65466/session/087da8ef20fe3ad1cd1f0963d442fa55/url'
04:07:35.545 [Forwarding getCurrentUrl on session 087da8ef20fe3ad1cd1f0963d442fa55 to remote] DEBUG org.asynchttpclient.netty.request.NettyRequestSender - Using open Channel [id: 0xa14753d4, L:/127.0.0.1:62399 - R:localhost/127.0.0.1:65466] for GET '/session/087da8ef20fe3ad1cd1f0963d442fa55/url'
04:07:35.548 [AsyncHttpClient-1-3] DEBUG org.asynchttpclient.netty.handler.HttpHandler - 

Request DefaultFullHttpRequest(decodeResult: success, version: HTTP/1.1, content: EmptyByteBufBE)
GET /session/087da8ef20fe3ad1cd1f0963d442fa55/url HTTP/1.1
User-Agent: selenium/4.1.2 (java windows)
Cache-Control: no-cache
Content-Type: application/json; charset=utf-8
host: localhost:65466
accept: */*

Response DefaultHttpResponse(decodeResult: success, version: HTTP/1.1)
HTTP/1.1 200 OK
Content-Type: application/json; charset=utf-8
cache-control: no-cache
content-length: 41

04:07:35.548 [AsyncHttpClient-1-3] DEBUG org.asynchttpclient.netty.channel.ChannelManager - Adding key: http://localhost:65466 for channel [id: 0xa14753d4, L:/127.0.0.1:62399 - R:localhost/127.0.0.1:65466]
  &amp#27;[31mAnd &amp#27;[0m&amp#27;[31mI click login button&amp#27;[0m                     &amp#27;[90m# starter.stepdefinitions.LoginStep.iClickLoginButton()&amp#27;[0m
      &amp#27;[31mnet.thucydides.core.webdriver.exceptions.ElementShouldBeEnabledException: Expected enabled element was not enabled
	at net.serenitybdd.core.pages.WebElementFacadeImpl.waitUntilEnabled(WebElementFacadeImpl.java:1100)
	at net.serenitybdd.core.pages.WebElementFacadeImpl.waitUntilElementAvailable(WebElementFacadeImpl.java:888)
	at net.serenitybdd.core.pages.WebElementFacadeImpl.click(WebElementFacadeImpl.java:1182)
	at net.serenitybdd.core.pages.WebElementFacadeImpl.click(WebElementFacadeImpl.java:1201)
	at AltaShop@1.0-SNAPSHOT/starter.pages.LoginPage.ClickBtnLogin(LoginPage.java:29)
	at AltaShop@1.0-SNAPSHOT/starter.pages.LoginPage$ByteBuddy$NjZfbJKH.ClickBtnLogin$accessor$HZ5CpEI8(Unknown Source)
	at java.base/jdk.internal.reflect.NativeMethodAccessorImpl.invoke0(Native Method)
	at java.base/jdk.internal.reflect.NativeMethodAccessorImpl.invoke(NativeMethodAccessorImpl.java:62)
	at java.base/jdk.internal.reflect.DelegatingMethodAccessorImpl.invoke(DelegatingMethodAccessorImpl.java:43)
	at java.base/java.lang.reflect.Method.invoke(Method.java:567)
	at net.thucydides.core.steps.BaseMethodRunner.invokeMethod(BaseMethodRunner.java:18)
	at net.thucydides.core.steps.NormalMethodRunner.invokeMethodAndNotifyFailures(NormalMethodRunner.java:18)
	at net.thucydides.core.steps.StepInterceptor.runNormalMethod(StepInterceptor.java:406)
	at net.thucydides.core.steps.StepInterceptor.testStepResult(StepInterceptor.java:191)
	at net.thucydides.core.steps.StepInterceptor.intercept(StepInterceptor.java:84)
	at net.thucydides.core.steps.ProxyConfiguration$InterceptorDispatcher.intercept(ProxyConfiguration.java:51)
	at AltaShop@1.0-SNAPSHOT/starter.pages.LoginPage$ByteBuddy$NjZfbJKH.ClickBtnLogin(Unknown Source)
	at AltaShop@1.0-SNAPSHOT/starter.stepdefinitions.LoginStep.iClickLoginButton(LoginStep.java:31)
	at âœ½.I click login button(file:///C:/Users/alwi/IdeaProjects/AltaShop/src/test/resources/features/Register.feature:8)
Caused by: org.openqa.selenium.TimeoutException: Expected condition failed: waiting for By.xpath: //button[@class = 'v-btn v-btn--is-elevated v-btn--has-bg theme--light v-size--default primary'] to be enabled (tried for 5 second(s) with 100 milliseconds interval)
	at org.openqa.selenium.support.ui.FluentWait.timeoutException(FluentWait.java:263)
	at org.openqa.selenium.support.ui.FluentWait.until(FluentWait.java:231)
	at net.serenitybdd.core.pages.WebElementFacadeImpl.waitUntilEnabled(WebElementFacadeImpl.java:1097)
	at net.serenitybdd.core.pages.WebElementFacadeImpl.waitUntilElementAvailable(WebElementFacadeImpl.java:888)
	at net.serenitybdd.core.pages.WebElementFacadeImpl.click(WebElementFacadeImpl.java:1182)
	at net.serenitybdd.core.pages.WebElementFacadeImpl.click(WebElementFacadeImpl.java:1201)
	at AltaShop@1.0-SNAPSHOT/starter.pages.LoginPage.ClickBtnLogin(LoginPage.java:29)
	at AltaShop@1.0-SNAPSHOT/starter.pages.LoginPage$ByteBuddy$NjZfbJKH.ClickBtnLogin$accessor$HZ5CpEI8(Unknown Source)
	at java.base/jdk.internal.reflect.NativeMethodAccessorImpl.invoke0(Native Method)
	at java.base/jdk.internal.reflect.NativeMethodAccessorImpl.invoke(NativeMethodAccessorImpl.java:62)
	at java.base/jdk.internal.reflect.DelegatingMethodAccessorImpl.invoke(DelegatingMethodAccessorImpl.java:43)
	at java.base/java.lang.reflect.Method.invoke(Method.java:567)
	at net.thucydides.core.steps.BaseMethodRunner.invokeMethod(BaseMethodRunner.java:18)
	at net.thucydides.core.steps.NormalMethodRunner.invokeMethodAndNotifyFailures(NormalMethodRunner.java:18)
	at net.thucydides.core.steps.StepInterceptor.runNormalMethod(StepInterceptor.java:406)
	at net.thucydides.core.steps.StepInterceptor.testStepResult(StepInterceptor.java:191)
	at net.thucydides.core.steps.StepInterceptor.intercept(StepInterceptor.java:84)
	at net.thucydides.core.steps.ProxyConfiguration$InterceptorDispatcher.intercept(ProxyConfiguration.java:51)
	at AltaShop@1.0-SNAPSHOT/starter.pages.LoginPage$ByteBuddy$NjZfbJKH.ClickBtnLogin(Unknown Source)
	at AltaShop@1.0-SNAPSHOT/starter.stepdefinitions.LoginStep.iClickLoginButton(LoginStep.java:31)
	at java.base/jdk.internal.reflect.NativeMethodAccessorImpl.invoke0(Native Method)
	at java.base/jdk.internal.reflect.NativeMethodAccessorImpl.invoke(NativeMethodAccessorImpl.java:62)
	at java.base/jdk.internal.reflect.DelegatingMethodAccessorImpl.invoke(DelegatingMethodAccessorImpl.java:43)
	at java.base/java.lang.reflect.Method.invoke(Method.java:567)
	at io.cucumber.java.Invoker.doInvoke(Invoker.java:66)
	at io.cucumber.java.Invoker.invoke(Invoker.java:24)
	at io.cucumber.java.AbstractGlueDefinition.invokeMethod(AbstractGlueDefinition.java:47)
	at io.cucumber.java.JavaStepDefinition.execute(JavaStepDefinition.java:29)
	at io.cucumber.core.runner.CoreStepDefinition.execute(CoreStepDefinition.java:66)
	at io.cucumber.core.runner.PickleStepDefinitionMatch.runStep(PickleStepDefinitionMatch.java:63)
	at io.cucumber.core.runner.ExecutionMode$1.execute(ExecutionMode.java:10)
	at io.cucumber.core.runner.TestStep.executeStep(TestStep.java:86)
	at io.cucumber.core.runner.TestStep.run(TestStep.java:57)
	at io.cucumber.core.runner.PickleStepTestStep.run(PickleStepTestStep.java:51)
	at io.cucumber.core.runner.TestCase.run(TestCase.java:95)
	at io.cucumber.core.runner.Runner.runPickle(Runner.java:75)
	at io.cucumber.junit.PickleRunners$NoStepDescriptions.lambda$run$0(PickleRunners.java:151)
	at io.cucumber.core.runtime.CucumberExecutionContext.lambda$runTestCase$3(CucumberExecutionContext.java:151)
	at io.cucumber.core.runtime.RethrowingThrowableCollector.executeAndThrow(RethrowingThrowableCollector.java:23)
	at io.cucumber.core.runtime.CucumberExecutionContext.runTestCase(CucumberExecutionContext.java:151)
	at io.cucumber.junit.PickleRunners$NoStepDescriptions.run(PickleRunners.java:148)
	at io.cucumber.junit.FeatureRunner.runChild(FeatureRunner.java:144)
	at io.cucumber.junit.FeatureRunner.runChild(FeatureRunner.java:28)
	at org.junit.runners.ParentRunner$4.run(ParentRunner.java:331)
	at org.junit.runners.ParentRunner$1.schedule(ParentRunner.java:79)
	at org.junit.runners.ParentRunner.runChildren(ParentRunner.java:329)
	at org.junit.runners.ParentRunner.access$100(ParentRunner.java:66)
	at org.junit.runners.ParentRunner$2.evaluate(ParentRunner.java:293)
	at org.junit.runners.ParentRunner$3.evaluate(ParentRunner.java:306)
	at org.junit.runners.ParentRunner.run(ParentRunner.java:413)
	at io.cucumber.junit.FeatureRunner.run(FeatureRunner.java:137)
	at io.cucumber.junit.CucumberSerenityRunner.runChild(CucumberSerenityRunner.java:258)
	at io.cucumber.junit.CucumberSerenityRunner.runChild(CucumberSerenityRunner.java:58)
	at org.junit.runners.ParentRunner$4.run(ParentRunner.java:331)
	at org.junit.runners.ParentRunner$1.schedule(ParentRunner.java:79)
	at org.junit.runners.ParentRunner.runChildren(ParentRunner.java:329)
	at org.junit.runners.ParentRunner.access$100(ParentRunner.java:66)
	at org.junit.runners.ParentRunner$2.evaluate(ParentRunner.java:293)
	at io.cucumber.junit.CucumberSerenityRunner$RunCucumber.evaluate(CucumberSerenityRunner.java:287)
	at org.junit.runners.ParentRunner$3.evaluate(ParentRunner.java:306)
	at org.junit.runners.ParentRunner.run(ParentRunner.java:413)
	at org.junit.runner.JUnitCore.run(JUnitCore.java:137)
	at org.junit.runner.JUnitCore.run(JUnitCore.java:115)
	at org.junit.vintage.engine.execution.RunnerExecutor.execute(RunnerExecutor.java:42)
	at org.junit.vintage.engine.VintageTestEngine.executeAllChildren(VintageTestEngine.java:80)
	at org.junit.vintage.engine.VintageTestEngine.execute(VintageTestEngine.java:72)
	at org.junit.platform.launcher.core.EngineExecutionOrchestrator.execute(EngineExecutionOrchestrator.java:107)
	at org.junit.platform.launcher.core.EngineExecutionOrchestrator.execute(EngineExecutionOrchestrator.java:88)
	at org.junit.platform.launcher.core.EngineExecutionOrchestrator.lambda$execute$0(EngineExecutionOrchestrator.java:54)
	at org.junit.platform.launcher.core.EngineExecutionOrchestrator.withInterceptedStreams(EngineExecutionOrchestrator.java:67)
	at org.junit.platform.launcher.core.EngineExecutionOrchestrator.execute(EngineExecutionOrchestrator.java:52)
	at org.junit.platform.launcher.core.DefaultLauncher.execute(DefaultLauncher.java:114)
	at org.junit.platform.launcher.core.DefaultLauncher.execute(DefaultLauncher.java:86)
	at org.junit.platform.launcher.core.DefaultLauncherSession$DelegatingLauncher.execute(DefaultLauncherSession.java:86)
	at org.junit.platform.launcher.core.SessionPerRequestLauncher.execute(SessionPerRequestLauncher.java:53)
	at org.apache.maven.surefire.junitplatform.JUnitPlatformProvider.execute(JUnitPlatformProvider.java:188)
	at org.apache.maven.surefire.junitplatform.JUnitPlatformProvider.invokeAllTests(JUnitPlatformProvider.java:154)
	at org.apache.maven.surefire.junitplatform.JUnitPlatformProvider.invoke(JUnitPlatformProvider.java:128)
	at org.apache.maven.surefire.booter.ForkedBooter.runSuitesInProcess(ForkedBooter.java:428)
	at org.apache.maven.surefire.booter.ForkedBooter.execute(ForkedBooter.java:162)
	at org.apache.maven.surefire.booter.ForkedBooter.run(ForkedBooter.java:562)
	at org.apache.maven.surefire.booter.ForkedBooter.main(ForkedBooter.java:548)
Caused by: org.openqa.selenium.NoSuchElementException: no such element: Unable to locate element: {"method":"xpath","selector":"//button[@class = 'v-btn v-btn--is-elevated v-btn--has-bg theme--light v-size--default primary']"}
  (Session info: chrome=106.0.5249.119)
For documentation on this error, please visit: https://selenium.dev/exceptions/#no_such_element
Build info: version: '4.1.2', revision: '9a5a329c5a'
System info: host: 'DESKTOP-3MAQDS2', ip: '192.168.1.5', os.name: 'Windows 10', os.arch: 'amd64', os.version: '10.0', java.version: '13.0.2'
Driver info: org.openqa.selenium.chrome.ChromeDriver
Command: [087da8ef20fe3ad1cd1f0963d442fa55, findElement {using=xpath, value=//button[@class = 'v-btn v-btn--is-elevated v-btn--has-bg theme--light v-size--default primary']}]
Capabilities {acceptInsecureCerts: false, browserName: chrome, browserVersion: 106.0.5249.119, chrome: {chromedriverVersion: 105.0.5195.52 (412c95e51883..., userDataDir: C:\Users\alwi\AppData\Local...}, goog:chromeOptions: {debuggerAddress: localhost:62401}, javascriptEnabled: true, networkConnectionEnabled: false, pageLoadStrategy: normal, platform: WINDOWS, platformName: WINDOWS, proxy: Proxy(), se:cdp: ws://localhost:62401/devtoo..., se:cdpVersion: 106.0.5249.119, setWindowRect: true, strictFileInteractability: false, timeouts: {implicit: 0, pageLoad: 300000, script: 30000}, unhandledPromptBehavior: dismiss and notify, webauthn:extension:credBlob: true, webauthn:extension:largeBlob: true, webauthn:virtualAuthenticators: true}
Session ID: 087da8ef20fe3ad1cd1f0963d442fa55
	at java.base/jdk.internal.reflect.NativeConstructorAccessorImpl.newInstance0(Native Method)
	at java.base/jdk.internal.reflect.NativeConstructorAccessorImpl.newInstance(NativeConstructorAccessorImpl.java:62)
	at java.base/jdk.internal.reflect.DelegatingConstructorAccessorImpl.newInstance(DelegatingConstructorAccessorImpl.java:45)
	at java.base/java.lang.reflect.Constructor.newInstanceWithCaller(Constructor.java:500)
	at java.base/java.lang.reflect.Constructor.newInstance(Constructor.java:481)
	at org.openqa.selenium.remote.codec.w3c.W3CHttpResponseCodec.createException(W3CHttpResponseCodec.java:200)
	at org.openqa.selenium.remote.codec.w3c.W3CHttpResponseCodec.decode(W3CHttpResponseCodec.java:133)
	at org.openqa.selenium.remote.codec.w3c.W3CHttpResponseCodec.decode(W3CHttpResponseCodec.java:53)
	at org.openqa.selenium.remote.HttpCommandExecutor.execute(HttpCommandExecutor.java:184)
	at org.openqa.selenium.remote.service.DriverCommandExecutor.invokeExecute(DriverCommandExecutor.java:167)
	at org.openqa.selenium.remote.service.DriverCommandExecutor.execute(DriverCommandExecutor.java:142)
	at org.openqa.selenium.remote.RemoteWebDriver.execute(RemoteWebDriver.java:558)
	at org.openqa.selenium.remote.ElementLocation$ElementFinder$2.findElement(ElementLocation.java:162)
	at org.openqa.selenium.remote.ElementLocation.findElement(ElementLocation.java:60)
	at org.openqa.selenium.remote.RemoteWebDriver.findElement(RemoteWebDriver.java:382)
	at org.openqa.selenium.remote.RemoteWebDriver.findElement(RemoteWebDriver.java:374)
	at net.thucydides.core.webdriver.WebDriverFacade.findElement(WebDriverFacade.java:224)
	at net.serenitybdd.core.pages.WebElementResolverByLocator.resolveForDriver(WebElementResolverByLocator.java:25)
	at net.serenitybdd.core.pages.WebElementFacadeImpl.getResolvedElement(WebElementFacadeImpl.java:191)
	at net.serenitybdd.core.pages.WebElementFacadeImpl.getElement(WebElementFacadeImpl.java:186)
	at net.serenitybdd.core.pages.WebElementExpectations$3.apply(WebElementExpectations.java:63)
	at net.serenitybdd.core.pages.WebElementExpectations$3.apply(WebElementExpectations.java:55)
	at org.openqa.selenium.support.ui.FluentWait.until(FluentWait.java:208)
	... 80 more
&amp#27;[0m
  &amp#27;[36mAnd &amp#27;[0m&amp#27;[36mI click register button&amp#27;[0m                  &amp#27;[90m# starter.stepdefinitions.RegisterStep.iClickRegisterButton()&amp#27;[0m
  &amp#27;[36mWhen &amp#27;[0m&amp#27;[36mI input fullname register &amp#27;[0m&amp#27;[36m&amp#27;[1m"naixxy12"&amp#27;[0m    &amp#27;[90m# starter.stepdefinitions.RegisterStep.iInputFullnameRegister(java.lang.String)&amp#27;[0m
  &amp#27;[36mAnd &amp#27;[0m&amp#27;[36mI input email register &amp#27;[0m&amp#27;[36m&amp#27;[1m"naixxy@co.uk"&amp#27;[0m    &amp#27;[90m# starter.stepdefinitions.RegisterStep.iInputEmailRegister(java.lang.String)&amp#27;[0m
  &amp#27;[36mAnd &amp#27;[0m&amp#27;[36mI input password register &amp#27;[0m&amp#27;[36m&amp#27;[1m""&amp#27;[0m             &amp#27;[90m# starter.stepdefinitions.RegisterStep.iInputPasswordRegister(java.lang.String)&amp#27;[0m
  &amp#27;[36mAnd &amp#27;[0m&amp#27;[36mI click submit register button&amp#27;[0m           &amp#27;[90m# starter.stepdefinitions.RegisterStep.iClickSubmitRegisterButton()&amp#27;[0m
  &amp#27;[36mThen &amp#27;[0m&amp#27;[36mI will get the result register &amp#27;[0m&amp#27;[36m&amp#27;[1m"failed"&amp#27;[0m &amp#27;[90m# starter.stepdefinitions.RegisterStep.iWillGetTheResultRegister(java.lang.String)&amp#27;[0m
04:07:35.645 [AsyncHttpClient-1-5] DEBUG org.asynchttpclient.netty.handler.WebSocketHandler - Channel Closed: [id: 0xf7cbaa1a, L:/127.0.0.1:62408 ! R:localhost/127.0.0.1:62401] with attribute NettyResponseFuture{currentRetry=5,
	isDone=1,
	isCancelled=0,
	asyncHandler=org.asynchttpclient.ws.WebSocketUpgradeHandler@751e26c4,
	nettyRequest=org.asynchttpclient.netty.request.NettyRequest@13d57ff,
	future=java.util.concurrent.CompletableFuture@73f6fa11[Completed normally],
	uri=ws://localhost:62401/devtools/browser/b6e3f668-8674-481c-8892-c55a265ce823,
	keepAlive=true,
	redirectCount=0,
	timeoutsHolder=null,
	inAuth=0,
	touch=1666732048309}
04:07:35.646 [AsyncHttpClient-1-5] DEBUG org.asynchttpclient.netty.channel.ChannelManager - Closing Channel [id: 0xf7cbaa1a, L:/127.0.0.1:62408 ! R:localhost/127.0.0.1:62401] 
04:07:35.646 [Driver Command Executor] DEBUG org.asynchttpclient.netty.request.NettyRequestSender - Using pooled Channel '[id: 0xa14753d4, L:/127.0.0.1:62399 - R:localhost/127.0.0.1:65466]' for 'DELETE' to 'http://localhost:65466/session/087da8ef20fe3ad1cd1f0963d442fa55'
04:07:35.646 [Driver Command Executor] DEBUG org.asynchttpclient.netty.request.NettyRequestSender - Using open Channel [id: 0xa14753d4, L:/127.0.0.1:62399 - R:localhost/127.0.0.1:65466] for DELETE '/session/087da8ef20fe3ad1cd1f0963d442fa55'
04:07:35.679 [AsyncHttpClient-1-4] DEBUG org.asynchttpclient.netty.handler.HttpHandler - Unexpected I/O exception on channel [id: 0x953d69e6, L:/127.0.0.1:62407 - R:localhost/127.0.0.1:62401]
java.net.SocketException: Connection reset
	at java.base/sun.nio.ch.SocketChannelImpl.throwConnectionReset(SocketChannelImpl.java:345)
	at java.base/sun.nio.ch.SocketChannelImpl.read(SocketChannelImpl.java:376)
	at io.netty.buffer.PooledByteBuf.setBytes(PooledByteBuf.java:258)
	at io.netty.buffer.AbstractByteBuf.writeBytes(AbstractByteBuf.java:1132)
	at io.netty.channel.socket.nio.NioSocketChannel.doReadBytes(NioSocketChannel.java:350)
	at io.netty.channel.nio.AbstractNioByteChannel$NioByteUnsafe.read(AbstractNioByteChannel.java:151)
	at io.netty.channel.nio.NioEventLoop.processSelectedKey(NioEventLoop.java:722)
	at io.netty.channel.nio.NioEventLoop.processSelectedKeysOptimized(NioEventLoop.java:658)
	at io.netty.channel.nio.NioEventLoop.processSelectedKeys(NioEventLoop.java:584)
	at io.netty.channel.nio.NioEventLoop.run(NioEventLoop.java:496)
	at io.netty.util.concurrent.SingleThreadEventExecutor$4.run(SingleThreadEventExecutor.java:986)
	at io.netty.util.internal.ThreadExecutorMap$2.run(ThreadExecutorMap.java:74)
	at io.netty.util.concurrent.FastThreadLocalRunnable.run(FastThreadLocalRunnable.java:30)
	at java.base/java.lang.Thread.run(Thread.java:830)
04:07:35.679 [AsyncHttpClient-1-4] DEBUG org.asynchttpclient.netty.channel.ChannelManager - Closing Channel [id: 0x953d69e6, L:/127.0.0.1:62407 - R:localhost/127.0.0.1:62401] 
04:07:35.680 [AsyncHttpClient-1-4] DEBUG org.asynchttpclient.netty.handler.HttpHandler - Channel Closed: [id: 0x953d69e6, L:/127.0.0.1:62407 ! R:localhost/127.0.0.1:62401] with attribute DISCARD
04:07:35.693 [AsyncHttpClient-1-3] DEBUG org.asynchttpclient.netty.handler.HttpHandler - 

Request DefaultFullHttpRequest(decodeResult: success, version: HTTP/1.1, content: EmptyByteBufBE)
DELETE /session/087da8ef20fe3ad1cd1f0963d442fa55 HTTP/1.1
User-Agent: selenium/4.1.2 (java windows)
Content-Type: application/json; charset=utf-8
host: localhost:65466
accept: */*

Response DefaultHttpResponse(decodeResult: success, version: HTTP/1.1)
HTTP/1.1 200 OK
Content-Type: application/json; charset=utf-8
cache-control: no-cache
content-length: 14

04:07:35.694 [AsyncHttpClient-1-3] DEBUG org.asynchttpclient.netty.channel.ChannelManager - Adding key: http://localhost:65466 for channel [id: 0xa14753d4, L:/127.0.0.1:62399 - R:localhost/127.0.0.1:65466]
04:07:35.750 [AsyncHttpClient-1-3] DEBUG org.asynchttpclient.netty.handler.HttpHandler - Channel Closed: [id: 0xa14753d4, L:/127.0.0.1:62399 ! R:localhost/127.0.0.1:65466] with attribute DISCARD
]]></system-out>
    <system-err><![CDATA[Starting ChromeDriver 105.0.5195.52 (412c95e518836d8a7d97250d62b29c2ae6a26a85-refs/branch-heads/5195@{#853}) on port 65466
Only local connections are allowed.
Please see https://chromedriver.chromium.org/security-considerations for suggestions on keeping ChromeDriver safe.
ChromeDriver was started successfully.
[1666732048.280][WARNING]: This version of ChromeDriver has not been tested with Chrome version 106.
Okt 26, 2022 4:07:28 AM org.openqa.selenium.remote.ProtocolHandshake createSession
INFO: Detected dialect: W3C
Okt 26, 2022 4:07:28 AM org.openqa.selenium.devtools.CdpVersionFinder findNearestMatch
WARNING: Unable to find an exact match for CDP version 106, so returning the closest version found: a no-op implementation
Okt 26, 2022 4:07:28 AM org.openqa.selenium.devtools.CdpVersionFinder findNearestMatch
INFO: Unable to find CDP implementation matching 106.
Okt 26, 2022 4:07:28 AM org.openqa.selenium.chromium.ChromiumDriver lambda$new$3
WARNING: Unable to find version of CDP to use for . You may need to include a dependency on a specific version of the CDP using something similar to `org.seleniumhq.selenium:selenium-devtools-v86:4.1.2` where the version ("v86") matches the version of the chromium-based browser you're using and the version number of the artifact is the same as Selenium's.
]]></system-err>
  </testcase>
  <testcase name=" #5" classname="Register" time="9.602">
    <error type="net.thucydides.core.webdriver.exceptions.ElementShouldBeEnabledException"><![CDATA[net.thucydides.core.webdriver.exceptions.ElementShouldBeEnabledException: Expected enabled element was not enabled
Caused by: org.openqa.selenium.TimeoutException: Expected condition failed: waiting for By.xpath: //button[@class = 'v-btn v-btn--is-elevated v-btn--has-bg theme--light v-size--default primary'] to be enabled (tried for 5 second(s) with 100 milliseconds interval)
Caused by: org.openqa.selenium.NoSuchElementException: 
no such element: Unable to locate element: {"method":"xpath","selector":"//button[@class = 'v-btn v-btn--is-elevated v-btn--has-bg theme--light v-size--default primary']"}
  (Session info: chrome=106.0.5249.119)
For documentation on this error, please visit: https://selenium.dev/exceptions/#no_such_element
Build info: version: '4.1.2', revision: '9a5a329c5a'
System info: host: 'DESKTOP-3MAQDS2', ip: '192.168.1.5', os.name: 'Windows 10', os.arch: 'amd64', os.version: '10.0', java.version: '13.0.2'
Driver info: org.openqa.selenium.chrome.ChromeDriver
Command: [4e2f02ec7e6445d1af470bf4f2bd1179, findElement {using=xpath, value=//button[@class = 'v-btn v-btn--is-elevated v-btn--has-bg theme--light v-size--default primary']}]
Capabilities {acceptInsecureCerts: false, browserName: chrome, browserVersion: 106.0.5249.119, chrome: {chromedriverVersion: 105.0.5195.52 (412c95e51883..., userDataDir: C:\Users\alwi\AppData\Local...}, goog:chromeOptions: {debuggerAddress: localhost:62430}, javascriptEnabled: true, networkConnectionEnabled: false, pageLoadStrategy: normal, platform: WINDOWS, platformName: WINDOWS, proxy: Proxy(), se:cdp: ws://localhost:62430/devtoo..., se:cdpVersion: 106.0.5249.119, setWindowRect: true, strictFileInteractability: false, timeouts: {implicit: 0, pageLoad: 300000, script: 30000}, unhandledPromptBehavior: dismiss and notify, webauthn:extension:credBlob: true, webauthn:extension:largeBlob: true, webauthn:virtualAuthenticators: true}
Session ID: 4e2f02ec7e6445d1af470bf4f2bd1179
]]></error>
    <system-out><![CDATA[
Scenario Outline:                              &amp#27;[90m# src/test/resources/features/Register.feature:21&amp#27;[0m
04:07:36.286 [main] INFO io.cucumber.core.plugin.SerenityReporter - Running feature from file:///C:/Users/alwi/IdeaProjects/AltaShop/src/test/resources/features/Register.feature
04:07:36.297 [main] INFO net.serenitybdd.core.webdriver.driverproviders.ChromeDriverProvider - Using automatically driver download
04:07:36.399 [main] DEBUG io.github.bonigarcia.wdm.cache.ResolutionCache - Resolution chrome=106 in cache (valid until 04:10:38 26/10/2022 WIB)
04:07:36.402 [main] DEBUG io.github.bonigarcia.wdm.cache.ResolutionCache - Resolution chrome106=106.0.5249.61 in cache (valid until 22:47:25 26/10/2022 WIB)
04:07:36.403 [main] INFO io.github.bonigarcia.wdm.WebDriverManager - Using chromedriver 106.0.5249.61 (resolved driver for Chrome 106)
04:07:36.411 [main] DEBUG io.github.bonigarcia.wdm.WebDriverManager - Driver chromedriver 106.0.5249.61 found in cache
04:07:36.412 [main] INFO io.github.bonigarcia.wdm.WebDriverManager - Exporting webdriver.chrome.driver as C:\Users\alwi\.cache\selenium\chromedriver\win32\106.0.5249.61\chromedriver.exe
04:07:36.506 [main] DEBUG net.serenitybdd.core.webdriver.driverproviders.ProvideNewDriver - Instantiating driver
04:07:36.506 [main] DEBUG net.serenitybdd.core.webdriver.driverproviders.ProvideNewDriver - Driver capabilities: Capabilities {acceptInsecureCerts: false, base.url: https://alta-shop.vercel.app, browserName: chrome, chrome.driver: src/test/resources/webdrive..., driver: chrome, goog:chromeOptions: {args: [], extensions: []}}
04:07:36.529 [AsyncHttpClient-1-1] DEBUG org.asynchttpclient.netty.channel.DefaultChannelPool - Entry count for : http://localhost:65466 : 1
04:07:36.529 [AsyncHttpClient-1-1] DEBUG org.asynchttpclient.netty.channel.DefaultChannelPool - Entry count for : http://localhost:62401 : 1
04:07:36.529 [AsyncHttpClient-1-1] DEBUG org.asynchttpclient.netty.channel.DefaultChannelPool - Adding Candidate expired Channel [id: 0xa14753d4, L:/127.0.0.1:62399 ! R:localhost/127.0.0.1:65466] isIdleTimeoutExpired=false isRemotelyClosed=true isTtlExpired=false
04:07:36.529 [AsyncHttpClient-1-1] DEBUG org.asynchttpclient.netty.channel.DefaultChannelPool - Closing Idle Channel [id: 0xa14753d4, L:/127.0.0.1:62399 ! R:localhost/127.0.0.1:65466]
04:07:36.529 [AsyncHttpClient-1-1] DEBUG org.asynchttpclient.netty.channel.DefaultChannelPool - Adding Candidate expired Channel [id: 0x953d69e6, L:/127.0.0.1:62407 ! R:localhost/127.0.0.1:62401] isIdleTimeoutExpired=false isRemotelyClosed=true isTtlExpired=false
04:07:36.529 [AsyncHttpClient-1-1] DEBUG org.asynchttpclient.netty.channel.DefaultChannelPool - Closing Idle Channel [id: 0x953d69e6, L:/127.0.0.1:62407 ! R:localhost/127.0.0.1:62401]
04:07:36.529 [AsyncHttpClient-1-1] DEBUG org.asynchttpclient.netty.channel.DefaultChannelPool - Closed 2 connections out of 2 in 0 ms
04:07:37.048 [AsyncHttpClient-1-6] DEBUG org.asynchttpclient.netty.channel.NettyConnectListener - Using new Channel '[id: 0x318d29ac, L:/127.0.0.1:62429 - R:localhost/127.0.0.1:57724]' for 'POST' to '/session'
04:07:37.862 [AsyncHttpClient-1-6] DEBUG org.asynchttpclient.netty.handler.HttpHandler - 

Request DefaultHttpRequest(decodeResult: success, version: HTTP/1.1)
POST /session HTTP/1.1
User-Agent: selenium/4.1.2 (java windows)
Content-Length: 609
Content-Type: application/json; charset=utf-8
host: localhost:57724
accept: */*

Response DefaultHttpResponse(decodeResult: success, version: HTTP/1.1)
HTTP/1.1 200 OK
Content-Type: application/json; charset=utf-8
cache-control: no-cache
content-length: 789

04:07:37.862 [AsyncHttpClient-1-6] DEBUG org.asynchttpclient.netty.channel.ChannelManager - Adding key: http://localhost:57724 for channel [id: 0x318d29ac, L:/127.0.0.1:62429 - R:localhost/127.0.0.1:57724]
04:07:37.867 [AsyncHttpClient-1-7] DEBUG org.asynchttpclient.netty.channel.NettyConnectListener - Using new Channel '[id: 0x7878bf4b, L:/127.0.0.1:62436 - R:localhost/127.0.0.1:62430]' for 'GET' to '/json/version'
04:07:37.868 [AsyncHttpClient-1-7] DEBUG org.asynchttpclient.netty.handler.HttpHandler - 

Request DefaultFullHttpRequest(decodeResult: success, version: HTTP/1.1, content: EmptyByteBufBE)
GET /json/version HTTP/1.1
User-Agent: selenium/4.1.2 (java windows)
host: localhost:62430
accept: */*

Response DefaultHttpResponse(decodeResult: success, version: HTTP/1.1)
HTTP/1.1 200 OK
Content-Type: application/json; charset=UTF-8
content-length: 424

04:07:37.868 [AsyncHttpClient-1-7] DEBUG org.asynchttpclient.netty.channel.ChannelManager - Adding key: http://localhost:62430 for channel [id: 0x7878bf4b, L:/127.0.0.1:62436 - R:localhost/127.0.0.1:62430]
04:07:37.870 [AsyncHttpClient-1-8] DEBUG org.asynchttpclient.netty.channel.NettyConnectListener - Using new Channel '[id: 0x162b1735, L:/127.0.0.1:62437 - R:localhost/127.0.0.1:62430]' for 'GET' to '/devtools/browser/72e8328d-92f4-40ad-af99-46ca39f6a323'
04:07:37.870 [AsyncHttpClient-1-8] DEBUG org.asynchttpclient.netty.handler.WebSocketHandler - 

Request DefaultFullHttpRequest(decodeResult: success, version: HTTP/1.1, content: EmptyByteBufBE)
GET /devtools/browser/72e8328d-92f4-40ad-af99-46ca39f6a323 HTTP/1.1
upgrade: websocket
connection: upgrade
sec-websocket-key: EcjkbmkTWjV4uQbzmMZnpw==
sec-websocket-version: 13
origin: http://localhost:62430
host: localhost:62430
accept: */*
user-agent: AHC/2.1

Response DefaultHttpResponse(decodeResult: success, version: HTTP/1.1)
HTTP/1.1 101 WebSocket Protocol Handshake
Upgrade: WebSocket
Connection: Upgrade
Sec-WebSocket-Accept: S/+QKdbtBizuirpNtByj+Thz274=

04:07:37.874 [Forwarding get on session 4e2f02ec7e6445d1af470bf4f2bd1179 to remote] DEBUG org.asynchttpclient.netty.request.NettyRequestSender - Using pooled Channel '[id: 0x318d29ac, L:/127.0.0.1:62429 - R:localhost/127.0.0.1:57724]' for 'POST' to 'http://localhost:57724/session/4e2f02ec7e6445d1af470bf4f2bd1179/url'
04:07:37.874 [Forwarding get on session 4e2f02ec7e6445d1af470bf4f2bd1179 to remote] DEBUG org.asynchttpclient.netty.request.NettyRequestSender - Using open Channel [id: 0x318d29ac, L:/127.0.0.1:62429 - R:localhost/127.0.0.1:57724] for POST '/session/4e2f02ec7e6445d1af470bf4f2bd1179/url'
04:07:38.523 [AsyncHttpClient-1-6] DEBUG org.asynchttpclient.netty.handler.HttpHandler - 

Request DefaultHttpRequest(decodeResult: success, version: HTTP/1.1)
POST /session/4e2f02ec7e6445d1af470bf4f2bd1179/url HTTP/1.1
User-Agent: selenium/4.1.2 (java windows)
Content-Length: 59
Content-Type: application/json; charset=utf-8
host: localhost:57724
accept: */*

Response DefaultHttpResponse(decodeResult: success, version: HTTP/1.1)
HTTP/1.1 200 OK
Content-Type: application/json; charset=utf-8
cache-control: no-cache
content-length: 14

04:07:38.524 [AsyncHttpClient-1-6] DEBUG org.asynchttpclient.netty.channel.ChannelManager - Adding key: http://localhost:57724 for channel [id: 0x318d29ac, L:/127.0.0.1:62429 - R:localhost/127.0.0.1:57724]
04:07:38.525 [Forwarding setTimeout on session 4e2f02ec7e6445d1af470bf4f2bd1179 to remote] DEBUG org.asynchttpclient.netty.request.NettyRequestSender - Using pooled Channel '[id: 0x318d29ac, L:/127.0.0.1:62429 - R:localhost/127.0.0.1:57724]' for 'POST' to 'http://localhost:57724/session/4e2f02ec7e6445d1af470bf4f2bd1179/timeouts'
04:07:38.525 [Forwarding setTimeout on session 4e2f02ec7e6445d1af470bf4f2bd1179 to remote] DEBUG org.asynchttpclient.netty.request.NettyRequestSender - Using open Channel [id: 0x318d29ac, L:/127.0.0.1:62429 - R:localhost/127.0.0.1:57724] for POST '/session/4e2f02ec7e6445d1af470bf4f2bd1179/timeouts'
04:07:38.527 [AsyncHttpClient-1-6] DEBUG org.asynchttpclient.netty.handler.HttpHandler - 

Request DefaultHttpRequest(decodeResult: success, version: HTTP/1.1)
POST /session/4e2f02ec7e6445d1af470bf4f2bd1179/timeouts HTTP/1.1
User-Agent: selenium/4.1.2 (java windows)
Content-Length: 22
Content-Type: application/json; charset=utf-8
host: localhost:57724
accept: */*

Response DefaultHttpResponse(decodeResult: success, version: HTTP/1.1)
HTTP/1.1 200 OK
Content-Type: application/json; charset=utf-8
cache-control: no-cache
content-length: 14

04:07:38.527 [AsyncHttpClient-1-6] DEBUG org.asynchttpclient.netty.channel.ChannelManager - Adding key: http://localhost:57724 for channel [id: 0x318d29ac, L:/127.0.0.1:62429 - R:localhost/127.0.0.1:57724]
04:07:38.532 [Forwarding getCurrentUrl on session 4e2f02ec7e6445d1af470bf4f2bd1179 to remote] DEBUG org.asynchttpclient.netty.request.NettyRequestSender - Using pooled Channel '[id: 0x318d29ac, L:/127.0.0.1:62429 - R:localhost/127.0.0.1:57724]' for 'GET' to 'http://localhost:57724/session/4e2f02ec7e6445d1af470bf4f2bd1179/url'
04:07:38.532 [Forwarding getCurrentUrl on session 4e2f02ec7e6445d1af470bf4f2bd1179 to remote] DEBUG org.asynchttpclient.netty.request.NettyRequestSender - Using open Channel [id: 0x318d29ac, L:/127.0.0.1:62429 - R:localhost/127.0.0.1:57724] for GET '/session/4e2f02ec7e6445d1af470bf4f2bd1179/url'
04:07:38.536 [AsyncHttpClient-1-6] DEBUG org.asynchttpclient.netty.handler.HttpHandler - 

Request DefaultFullHttpRequest(decodeResult: success, version: HTTP/1.1, content: EmptyByteBufBE)
GET /session/4e2f02ec7e6445d1af470bf4f2bd1179/url HTTP/1.1
User-Agent: selenium/4.1.2 (java windows)
Cache-Control: no-cache
Content-Type: application/json; charset=utf-8
host: localhost:57724
accept: */*

Response DefaultHttpResponse(decodeResult: success, version: HTTP/1.1)
HTTP/1.1 200 OK
Content-Type: application/json; charset=utf-8
cache-control: no-cache
content-length: 41

04:07:38.536 [AsyncHttpClient-1-6] DEBUG org.asynchttpclient.netty.channel.ChannelManager - Adding key: http://localhost:57724 for channel [id: 0x318d29ac, L:/127.0.0.1:62429 - R:localhost/127.0.0.1:57724]
  &amp#27;[32mGiven &amp#27;[0m&amp#27;[32mI am on the home page&amp#27;[0m                  &amp#27;[90m# starter.stepdefinitions.HomeStep.iAmOnTheHomePage()&amp#27;[0m
04:07:38.543 [Forwarding screenshot on session 4e2f02ec7e6445d1af470bf4f2bd1179 to remote] DEBUG org.asynchttpclient.netty.request.NettyRequestSender - Using pooled Channel '[id: 0x318d29ac, L:/127.0.0.1:62429 - R:localhost/127.0.0.1:57724]' for 'GET' to 'http://localhost:57724/session/4e2f02ec7e6445d1af470bf4f2bd1179/screenshot'
04:07:38.543 [Forwarding screenshot on session 4e2f02ec7e6445d1af470bf4f2bd1179 to remote] DEBUG org.asynchttpclient.netty.request.NettyRequestSender - Using open Channel [id: 0x318d29ac, L:/127.0.0.1:62429 - R:localhost/127.0.0.1:57724] for GET '/session/4e2f02ec7e6445d1af470bf4f2bd1179/screenshot'
04:07:38.683 [AsyncHttpClient-1-6] DEBUG org.asynchttpclient.netty.handler.HttpHandler - 

Request DefaultFullHttpRequest(decodeResult: success, version: HTTP/1.1, content: EmptyByteBufBE)
GET /session/4e2f02ec7e6445d1af470bf4f2bd1179/screenshot HTTP/1.1
User-Agent: selenium/4.1.2 (java windows)
Cache-Control: no-cache
Content-Type: application/json; charset=utf-8
host: localhost:57724
accept: */*

Response DefaultHttpResponse(decodeResult: success, version: HTTP/1.1)
HTTP/1.1 200 OK
Content-Type: application/json; charset=utf-8
cache-control: no-cache
content-length: 26176

04:07:38.684 [AsyncHttpClient-1-6] DEBUG org.asynchttpclient.netty.channel.ChannelManager - Adding key: http://localhost:57724 for channel [id: 0x318d29ac, L:/127.0.0.1:62429 - R:localhost/127.0.0.1:57724]
04:07:38.686 [main] DEBUG net.serenitybdd.core.photography.Darkroom - Send negative for processing for target\site\serenity\04b73b285719b2d4833c9811372e58763fc74e1527b1312ccdf4d8cb42585666.png
04:07:38.686 [Darkroom Processing Line] DEBUG net.serenitybdd.core.photography.DarkroomProcessingLine - Processing screenshot image in /var/screenshots/screenshot-3837650409167769020
04:07:38.686 [Darkroom Processing Line] DEBUG net.serenitybdd.core.photography.DarkroomProcessingLine - Saving screenshot to target\site\serenity\04b73b285719b2d4833c9811372e58763fc74e1527b1312ccdf4d8cb42585666.png
04:07:38.702 [Forwarding findElement on session 4e2f02ec7e6445d1af470bf4f2bd1179 to remote] DEBUG org.asynchttpclient.netty.request.NettyRequestSender - Using pooled Channel '[id: 0x318d29ac, L:/127.0.0.1:62429 - R:localhost/127.0.0.1:57724]' for 'POST' to 'http://localhost:57724/session/4e2f02ec7e6445d1af470bf4f2bd1179/element'
04:07:38.702 [Forwarding findElement on session 4e2f02ec7e6445d1af470bf4f2bd1179 to remote] DEBUG org.asynchttpclient.netty.request.NettyRequestSender - Using open Channel [id: 0x318d29ac, L:/127.0.0.1:62429 - R:localhost/127.0.0.1:57724] for POST '/session/4e2f02ec7e6445d1af470bf4f2bd1179/element'
04:07:38.718 [AsyncHttpClient-1-1] DEBUG org.asynchttpclient.netty.channel.DefaultChannelPool - Entry count for : http://localhost:62430 : 1
04:07:39.821 [AsyncHttpClient-1-1] DEBUG org.asynchttpclient.netty.channel.DefaultChannelPool - Entry count for : http://localhost:62430 : 1
04:07:40.762 [AsyncHttpClient-1-6] DEBUG org.asynchttpclient.netty.handler.HttpHandler - 

Request DefaultHttpRequest(decodeResult: success, version: HTTP/1.1)
POST /session/4e2f02ec7e6445d1af470bf4f2bd1179/element HTTP/1.1
User-Agent: selenium/4.1.2 (java windows)
Content-Length: 143
Content-Type: application/json; charset=utf-8
host: localhost:57724
accept: */*

Response DefaultHttpResponse(decodeResult: success, version: HTTP/1.1)
HTTP/1.1 404 Not Found
Content-Type: application/json; charset=utf-8
cache-control: no-cache
content-length: 1101

04:07:40.762 [AsyncHttpClient-1-6] DEBUG org.asynchttpclient.netty.channel.ChannelManager - Adding key: http://localhost:57724 for channel [id: 0x318d29ac, L:/127.0.0.1:62429 - R:localhost/127.0.0.1:57724]
04:07:40.879 [Forwarding findElement on session 4e2f02ec7e6445d1af470bf4f2bd1179 to remote] DEBUG org.asynchttpclient.netty.request.NettyRequestSender - Using pooled Channel '[id: 0x318d29ac, L:/127.0.0.1:62429 - R:localhost/127.0.0.1:57724]' for 'POST' to 'http://localhost:57724/session/4e2f02ec7e6445d1af470bf4f2bd1179/element'
04:07:40.879 [Forwarding findElement on session 4e2f02ec7e6445d1af470bf4f2bd1179 to remote] DEBUG org.asynchttpclient.netty.request.NettyRequestSender - Using open Channel [id: 0x318d29ac, L:/127.0.0.1:62429 - R:localhost/127.0.0.1:57724] for POST '/session/4e2f02ec7e6445d1af470bf4f2bd1179/element'
04:07:40.925 [AsyncHttpClient-1-1] DEBUG org.asynchttpclient.netty.channel.DefaultChannelPool - Entry count for : http://localhost:62430 : 1
04:07:42.019 [AsyncHttpClient-1-1] DEBUG org.asynchttpclient.netty.channel.DefaultChannelPool - Entry count for : http://localhost:62430 : 1
04:07:42.943 [AsyncHttpClient-1-6] DEBUG org.asynchttpclient.netty.handler.HttpHandler - 

Request DefaultHttpRequest(decodeResult: success, version: HTTP/1.1)
POST /session/4e2f02ec7e6445d1af470bf4f2bd1179/element HTTP/1.1
User-Agent: selenium/4.1.2 (java windows)
Content-Length: 143
Content-Type: application/json; charset=utf-8
host: localhost:57724
accept: */*

Response DefaultHttpResponse(decodeResult: success, version: HTTP/1.1)
HTTP/1.1 404 Not Found
Content-Type: application/json; charset=utf-8
cache-control: no-cache
content-length: 1101

04:07:42.943 [AsyncHttpClient-1-6] DEBUG org.asynchttpclient.netty.channel.ChannelManager - Adding key: http://localhost:57724 for channel [id: 0x318d29ac, L:/127.0.0.1:62429 - R:localhost/127.0.0.1:57724]
04:07:43.047 [Forwarding findElement on session 4e2f02ec7e6445d1af470bf4f2bd1179 to remote] DEBUG org.asynchttpclient.netty.request.NettyRequestSender - Using pooled Channel '[id: 0x318d29ac, L:/127.0.0.1:62429 - R:localhost/127.0.0.1:57724]' for 'POST' to 'http://localhost:57724/session/4e2f02ec7e6445d1af470bf4f2bd1179/element'
04:07:43.047 [Forwarding findElement on session 4e2f02ec7e6445d1af470bf4f2bd1179 to remote] DEBUG org.asynchttpclient.netty.request.NettyRequestSender - Using open Channel [id: 0x318d29ac, L:/127.0.0.1:62429 - R:localhost/127.0.0.1:57724] for POST '/session/4e2f02ec7e6445d1af470bf4f2bd1179/element'
04:07:43.125 [AsyncHttpClient-1-1] DEBUG org.asynchttpclient.netty.channel.DefaultChannelPool - Entry count for : http://localhost:62430 : 1
04:07:44.224 [AsyncHttpClient-1-1] DEBUG org.asynchttpclient.netty.channel.DefaultChannelPool - Entry count for : http://localhost:62430 : 1
04:07:45.055 [AsyncHttpClient-1-6] DEBUG org.asynchttpclient.netty.handler.HttpHandler - 

Request DefaultHttpRequest(decodeResult: success, version: HTTP/1.1)
POST /session/4e2f02ec7e6445d1af470bf4f2bd1179/element HTTP/1.1
User-Agent: selenium/4.1.2 (java windows)
Content-Length: 143
Content-Type: application/json; charset=utf-8
host: localhost:57724
accept: */*

Response DefaultHttpResponse(decodeResult: success, version: HTTP/1.1)
HTTP/1.1 404 Not Found
Content-Type: application/json; charset=utf-8
cache-control: no-cache
content-length: 1101

04:07:45.055 [AsyncHttpClient-1-6] DEBUG org.asynchttpclient.netty.channel.ChannelManager - Adding key: http://localhost:57724 for channel [id: 0x318d29ac, L:/127.0.0.1:62429 - R:localhost/127.0.0.1:57724]
04:07:45.061 [Forwarding screenshot on session 4e2f02ec7e6445d1af470bf4f2bd1179 to remote] DEBUG org.asynchttpclient.netty.request.NettyRequestSender - Using pooled Channel '[id: 0x318d29ac, L:/127.0.0.1:62429 - R:localhost/127.0.0.1:57724]' for 'GET' to 'http://localhost:57724/session/4e2f02ec7e6445d1af470bf4f2bd1179/screenshot'
04:07:45.061 [Forwarding screenshot on session 4e2f02ec7e6445d1af470bf4f2bd1179 to remote] DEBUG org.asynchttpclient.netty.request.NettyRequestSender - Using open Channel [id: 0x318d29ac, L:/127.0.0.1:62429 - R:localhost/127.0.0.1:57724] for GET '/session/4e2f02ec7e6445d1af470bf4f2bd1179/screenshot'
04:07:45.141 [AsyncHttpClient-1-6] DEBUG org.asynchttpclient.netty.handler.HttpHandler - 

Request DefaultFullHttpRequest(decodeResult: success, version: HTTP/1.1, content: EmptyByteBufBE)
GET /session/4e2f02ec7e6445d1af470bf4f2bd1179/screenshot HTTP/1.1
User-Agent: selenium/4.1.2 (java windows)
Cache-Control: no-cache
Content-Type: application/json; charset=utf-8
host: localhost:57724
accept: */*

Response DefaultHttpResponse(decodeResult: success, version: HTTP/1.1)
HTTP/1.1 200 OK
Content-Type: application/json; charset=utf-8
cache-control: no-cache
content-length: 65416

04:07:45.141 [AsyncHttpClient-1-6] DEBUG org.asynchttpclient.netty.channel.ChannelManager - Adding key: http://localhost:57724 for channel [id: 0x318d29ac, L:/127.0.0.1:62429 - R:localhost/127.0.0.1:57724]
04:07:45.144 [main] DEBUG net.serenitybdd.core.photography.Darkroom - Send negative for processing for target\site\serenity\2fa6377de351ec6c46c1cf49688f41da7feb779925c16f4b0e8e184feca670bf.png
04:07:45.149 [Forwarding getPageSource on session 4e2f02ec7e6445d1af470bf4f2bd1179 to remote] DEBUG org.asynchttpclient.netty.request.NettyRequestSender - Using pooled Channel '[id: 0x318d29ac, L:/127.0.0.1:62429 - R:localhost/127.0.0.1:57724]' for 'POST' to 'http://localhost:57724/session/4e2f02ec7e6445d1af470bf4f2bd1179/execute/sync'
04:07:45.149 [Forwarding getPageSource on session 4e2f02ec7e6445d1af470bf4f2bd1179 to remote] DEBUG org.asynchttpclient.netty.request.NettyRequestSender - Using open Channel [id: 0x318d29ac, L:/127.0.0.1:62429 - R:localhost/127.0.0.1:57724] for POST '/session/4e2f02ec7e6445d1af470bf4f2bd1179/execute/sync'
04:07:45.159 [AsyncHttpClient-1-6] DEBUG org.asynchttpclient.netty.handler.HttpHandler - 

Request DefaultHttpRequest(decodeResult: success, version: HTTP/1.1)
POST /session/4e2f02ec7e6445d1af470bf4f2bd1179/execute/sync HTTP/1.1
User-Agent: selenium/4.1.2 (java windows)
Content-Length: 176
Content-Type: application/json; charset=utf-8
host: localhost:57724
accept: */*

Response DefaultHttpResponse(decodeResult: success, version: HTTP/1.1)
HTTP/1.1 200 OK
Content-Type: application/json; charset=utf-8
cache-control: no-cache
content-length: 73530

04:07:45.159 [AsyncHttpClient-1-6] DEBUG org.asynchttpclient.netty.channel.ChannelManager - Adding key: http://localhost:57724 for channel [id: 0x318d29ac, L:/127.0.0.1:62429 - R:localhost/127.0.0.1:57724]
04:07:45.171 [Forwarding getCurrentUrl on session 4e2f02ec7e6445d1af470bf4f2bd1179 to remote] DEBUG org.asynchttpclient.netty.request.NettyRequestSender - Using pooled Channel '[id: 0x318d29ac, L:/127.0.0.1:62429 - R:localhost/127.0.0.1:57724]' for 'GET' to 'http://localhost:57724/session/4e2f02ec7e6445d1af470bf4f2bd1179/url'
04:07:45.171 [Forwarding getCurrentUrl on session 4e2f02ec7e6445d1af470bf4f2bd1179 to remote] DEBUG org.asynchttpclient.netty.request.NettyRequestSender - Using open Channel [id: 0x318d29ac, L:/127.0.0.1:62429 - R:localhost/127.0.0.1:57724] for GET '/session/4e2f02ec7e6445d1af470bf4f2bd1179/url'
04:07:45.174 [AsyncHttpClient-1-6] DEBUG org.asynchttpclient.netty.handler.HttpHandler - 

Request DefaultFullHttpRequest(decodeResult: success, version: HTTP/1.1, content: EmptyByteBufBE)
GET /session/4e2f02ec7e6445d1af470bf4f2bd1179/url HTTP/1.1
User-Agent: selenium/4.1.2 (java windows)
Cache-Control: no-cache
Content-Type: application/json; charset=utf-8
host: localhost:57724
accept: */*

Response DefaultHttpResponse(decodeResult: success, version: HTTP/1.1)
HTTP/1.1 200 OK
Content-Type: application/json; charset=utf-8
cache-control: no-cache
content-length: 41

04:07:45.174 [AsyncHttpClient-1-6] DEBUG org.asynchttpclient.netty.channel.ChannelManager - Adding key: http://localhost:57724 for channel [id: 0x318d29ac, L:/127.0.0.1:62429 - R:localhost/127.0.0.1:57724]
  &amp#27;[31mAnd &amp#27;[0m&amp#27;[31mI click login button&amp#27;[0m                     &amp#27;[90m# starter.stepdefinitions.LoginStep.iClickLoginButton()&amp#27;[0m
      &amp#27;[31mnet.thucydides.core.webdriver.exceptions.ElementShouldBeEnabledException: Expected enabled element was not enabled
	at net.serenitybdd.core.pages.WebElementFacadeImpl.waitUntilEnabled(WebElementFacadeImpl.java:1100)
	at net.serenitybdd.core.pages.WebElementFacadeImpl.waitUntilElementAvailable(WebElementFacadeImpl.java:888)
	at net.serenitybdd.core.pages.WebElementFacadeImpl.click(WebElementFacadeImpl.java:1182)
	at net.serenitybdd.core.pages.WebElementFacadeImpl.click(WebElementFacadeImpl.java:1201)
	at AltaShop@1.0-SNAPSHOT/starter.pages.LoginPage.ClickBtnLogin(LoginPage.java:29)
	at AltaShop@1.0-SNAPSHOT/starter.pages.LoginPage$ByteBuddy$NjZfbJKH.ClickBtnLogin$accessor$HZ5CpEI8(Unknown Source)
	at java.base/jdk.internal.reflect.NativeMethodAccessorImpl.invoke0(Native Method)
	at java.base/jdk.internal.reflect.NativeMethodAccessorImpl.invoke(NativeMethodAccessorImpl.java:62)
	at java.base/jdk.internal.reflect.DelegatingMethodAccessorImpl.invoke(DelegatingMethodAccessorImpl.java:43)
	at java.base/java.lang.reflect.Method.invoke(Method.java:567)
	at net.thucydides.core.steps.BaseMethodRunner.invokeMethod(BaseMethodRunner.java:18)
	at net.thucydides.core.steps.NormalMethodRunner.invokeMethodAndNotifyFailures(NormalMethodRunner.java:18)
	at net.thucydides.core.steps.StepInterceptor.runNormalMethod(StepInterceptor.java:406)
	at net.thucydides.core.steps.StepInterceptor.testStepResult(StepInterceptor.java:191)
	at net.thucydides.core.steps.StepInterceptor.intercept(StepInterceptor.java:84)
	at net.thucydides.core.steps.ProxyConfiguration$InterceptorDispatcher.intercept(ProxyConfiguration.java:51)
	at AltaShop@1.0-SNAPSHOT/starter.pages.LoginPage$ByteBuddy$NjZfbJKH.ClickBtnLogin(Unknown Source)
	at AltaShop@1.0-SNAPSHOT/starter.stepdefinitions.LoginStep.iClickLoginButton(LoginStep.java:31)
	at âœ½.I click login button(file:///C:/Users/alwi/IdeaProjects/AltaShop/src/test/resources/features/Register.feature:8)
Caused by: org.openqa.selenium.TimeoutException: Expected condition failed: waiting for By.xpath: //button[@class = 'v-btn v-btn--is-elevated v-btn--has-bg theme--light v-size--default primary'] to be enabled (tried for 5 second(s) with 100 milliseconds interval)
	at org.openqa.selenium.support.ui.FluentWait.timeoutException(FluentWait.java:263)
	at org.openqa.selenium.support.ui.FluentWait.until(FluentWait.java:231)
	at net.serenitybdd.core.pages.WebElementFacadeImpl.waitUntilEnabled(WebElementFacadeImpl.java:1097)
	at net.serenitybdd.core.pages.WebElementFacadeImpl.waitUntilElementAvailable(WebElementFacadeImpl.java:888)
	at net.serenitybdd.core.pages.WebElementFacadeImpl.click(WebElementFacadeImpl.java:1182)
	at net.serenitybdd.core.pages.WebElementFacadeImpl.click(WebElementFacadeImpl.java:1201)
	at AltaShop@1.0-SNAPSHOT/starter.pages.LoginPage.ClickBtnLogin(LoginPage.java:29)
	at AltaShop@1.0-SNAPSHOT/starter.pages.LoginPage$ByteBuddy$NjZfbJKH.ClickBtnLogin$accessor$HZ5CpEI8(Unknown Source)
	at java.base/jdk.internal.reflect.NativeMethodAccessorImpl.invoke0(Native Method)
	at java.base/jdk.internal.reflect.NativeMethodAccessorImpl.invoke(NativeMethodAccessorImpl.java:62)
	at java.base/jdk.internal.reflect.DelegatingMethodAccessorImpl.invoke(DelegatingMethodAccessorImpl.java:43)
	at java.base/java.lang.reflect.Method.invoke(Method.java:567)
	at net.thucydides.core.steps.BaseMethodRunner.invokeMethod(BaseMethodRunner.java:18)
	at net.thucydides.core.steps.NormalMethodRunner.invokeMethodAndNotifyFailures(NormalMethodRunner.java:18)
	at net.thucydides.core.steps.StepInterceptor.runNormalMethod(StepInterceptor.java:406)
	at net.thucydides.core.steps.StepInterceptor.testStepResult(StepInterceptor.java:191)
	at net.thucydides.core.steps.StepInterceptor.intercept(StepInterceptor.java:84)
	at net.thucydides.core.steps.ProxyConfiguration$InterceptorDispatcher.intercept(ProxyConfiguration.java:51)
	at AltaShop@1.0-SNAPSHOT/starter.pages.LoginPage$ByteBuddy$NjZfbJKH.ClickBtnLogin(Unknown Source)
	at AltaShop@1.0-SNAPSHOT/starter.stepdefinitions.LoginStep.iClickLoginButton(LoginStep.java:31)
	at java.base/jdk.internal.reflect.NativeMethodAccessorImpl.invoke0(Native Method)
	at java.base/jdk.internal.reflect.NativeMethodAccessorImpl.invoke(NativeMethodAccessorImpl.java:62)
	at java.base/jdk.internal.reflect.DelegatingMethodAccessorImpl.invoke(DelegatingMethodAccessorImpl.java:43)
	at java.base/java.lang.reflect.Method.invoke(Method.java:567)
	at io.cucumber.java.Invoker.doInvoke(Invoker.java:66)
	at io.cucumber.java.Invoker.invoke(Invoker.java:24)
	at io.cucumber.java.AbstractGlueDefinition.invokeMethod(AbstractGlueDefinition.java:47)
	at io.cucumber.java.JavaStepDefinition.execute(JavaStepDefinition.java:29)
	at io.cucumber.core.runner.CoreStepDefinition.execute(CoreStepDefinition.java:66)
	at io.cucumber.core.runner.PickleStepDefinitionMatch.runStep(PickleStepDefinitionMatch.java:63)
	at io.cucumber.core.runner.ExecutionMode$1.execute(ExecutionMode.java:10)
	at io.cucumber.core.runner.TestStep.executeStep(TestStep.java:86)
	at io.cucumber.core.runner.TestStep.run(TestStep.java:57)
	at io.cucumber.core.runner.PickleStepTestStep.run(PickleStepTestStep.java:51)
	at io.cucumber.core.runner.TestCase.run(TestCase.java:95)
	at io.cucumber.core.runner.Runner.runPickle(Runner.java:75)
	at io.cucumber.junit.PickleRunners$NoStepDescriptions.lambda$run$0(PickleRunners.java:151)
	at io.cucumber.core.runtime.CucumberExecutionContext.lambda$runTestCase$3(CucumberExecutionContext.java:151)
	at io.cucumber.core.runtime.RethrowingThrowableCollector.executeAndThrow(RethrowingThrowableCollector.java:23)
	at io.cucumber.core.runtime.CucumberExecutionContext.runTestCase(CucumberExecutionContext.java:151)
	at io.cucumber.junit.PickleRunners$NoStepDescriptions.run(PickleRunners.java:148)
	at io.cucumber.junit.FeatureRunner.runChild(FeatureRunner.java:144)
	at io.cucumber.junit.FeatureRunner.runChild(FeatureRunner.java:28)
	at org.junit.runners.ParentRunner$4.run(ParentRunner.java:331)
	at org.junit.runners.ParentRunner$1.schedule(ParentRunner.java:79)
	at org.junit.runners.ParentRunner.runChildren(ParentRunner.java:329)
	at org.junit.runners.ParentRunner.access$100(ParentRunner.java:66)
	at org.junit.runners.ParentRunner$2.evaluate(ParentRunner.java:293)
	at org.junit.runners.ParentRunner$3.evaluate(ParentRunner.java:306)
	at org.junit.runners.ParentRunner.run(ParentRunner.java:413)
	at io.cucumber.junit.FeatureRunner.run(FeatureRunner.java:137)
	at io.cucumber.junit.CucumberSerenityRunner.runChild(CucumberSerenityRunner.java:258)
	at io.cucumber.junit.CucumberSerenityRunner.runChild(CucumberSerenityRunner.java:58)
	at org.junit.runners.ParentRunner$4.run(ParentRunner.java:331)
	at org.junit.runners.ParentRunner$1.schedule(ParentRunner.java:79)
	at org.junit.runners.ParentRunner.runChildren(ParentRunner.java:329)
	at org.junit.runners.ParentRunner.access$100(ParentRunner.java:66)
	at org.junit.runners.ParentRunner$2.evaluate(ParentRunner.java:293)
	at io.cucumber.junit.CucumberSerenityRunner$RunCucumber.evaluate(CucumberSerenityRunner.java:287)
	at org.junit.runners.ParentRunner$3.evaluate(ParentRunner.java:306)
	at org.junit.runners.ParentRunner.run(ParentRunner.java:413)
	at org.junit.runner.JUnitCore.run(JUnitCore.java:137)
	at org.junit.runner.JUnitCore.run(JUnitCore.java:115)
	at org.junit.vintage.engine.execution.RunnerExecutor.execute(RunnerExecutor.java:42)
	at org.junit.vintage.engine.VintageTestEngine.executeAllChildren(VintageTestEngine.java:80)
	at org.junit.vintage.engine.VintageTestEngine.execute(VintageTestEngine.java:72)
	at org.junit.platform.launcher.core.EngineExecutionOrchestrator.execute(EngineExecutionOrchestrator.java:107)
	at org.junit.platform.launcher.core.EngineExecutionOrchestrator.execute(EngineExecutionOrchestrator.java:88)
	at org.junit.platform.launcher.core.EngineExecutionOrchestrator.lambda$execute$0(EngineExecutionOrchestrator.java:54)
	at org.junit.platform.launcher.core.EngineExecutionOrchestrator.withInterceptedStreams(EngineExecutionOrchestrator.java:67)
	at org.junit.platform.launcher.core.EngineExecutionOrchestrator.execute(EngineExecutionOrchestrator.java:52)
	at org.junit.platform.launcher.core.DefaultLauncher.execute(DefaultLauncher.java:114)
	at org.junit.platform.launcher.core.DefaultLauncher.execute(DefaultLauncher.java:86)
	at org.junit.platform.launcher.core.DefaultLauncherSession$DelegatingLauncher.execute(DefaultLauncherSession.java:86)
	at org.junit.platform.launcher.core.SessionPerRequestLauncher.execute(SessionPerRequestLauncher.java:53)
	at org.apache.maven.surefire.junitplatform.JUnitPlatformProvider.execute(JUnitPlatformProvider.java:188)
	at org.apache.maven.surefire.junitplatform.JUnitPlatformProvider.invokeAllTests(JUnitPlatformProvider.java:154)
	at org.apache.maven.surefire.junitplatform.JUnitPlatformProvider.invoke(JUnitPlatformProvider.java:128)
	at org.apache.maven.surefire.booter.ForkedBooter.runSuitesInProcess(ForkedBooter.java:428)
	at org.apache.maven.surefire.booter.ForkedBooter.execute(ForkedBooter.java:162)
	at org.apache.maven.surefire.booter.ForkedBooter.run(ForkedBooter.java:562)
	at org.apache.maven.surefire.booter.ForkedBooter.main(ForkedBooter.java:548)
Caused by: org.openqa.selenium.NoSuchElementException: no such element: Unable to locate element: {"method":"xpath","selector":"//button[@class = 'v-btn v-btn--is-elevated v-btn--has-bg theme--light v-size--default primary']"}
  (Session info: chrome=106.0.5249.119)
For documentation on this error, please visit: https://selenium.dev/exceptions/#no_such_element
Build info: version: '4.1.2', revision: '9a5a329c5a'
System info: host: 'DESKTOP-3MAQDS2', ip: '192.168.1.5', os.name: 'Windows 10', os.arch: 'amd64', os.version: '10.0', java.version: '13.0.2'
Driver info: org.openqa.selenium.chrome.ChromeDriver
Command: [4e2f02ec7e6445d1af470bf4f2bd1179, findElement {using=xpath, value=//button[@class = 'v-btn v-btn--is-elevated v-btn--has-bg theme--light v-size--default primary']}]
Capabilities {acceptInsecureCerts: false, browserName: chrome, browserVersion: 106.0.5249.119, chrome: {chromedriverVersion: 105.0.5195.52 (412c95e51883..., userDataDir: C:\Users\alwi\AppData\Local...}, goog:chromeOptions: {debuggerAddress: localhost:62430}, javascriptEnabled: true, networkConnectionEnabled: false, pageLoadStrategy: normal, platform: WINDOWS, platformName: WINDOWS, proxy: Proxy(), se:cdp: ws://localhost:62430/devtoo..., se:cdpVersion: 106.0.5249.119, setWindowRect: true, strictFileInteractability: false, timeouts: {implicit: 0, pageLoad: 300000, script: 30000}, unhandledPromptBehavior: dismiss and notify, webauthn:extension:credBlob: true, webauthn:extension:largeBlob: true, webauthn:virtualAuthenticators: true}
Session ID: 4e2f02ec7e6445d1af470bf4f2bd1179
	at java.base/jdk.internal.reflect.NativeConstructorAccessorImpl.newInstance0(Native Method)
	at java.base/jdk.internal.reflect.NativeConstructorAccessorImpl.newInstance(NativeConstructorAccessorImpl.java:62)
	at java.base/jdk.internal.reflect.DelegatingConstructorAccessorImpl.newInstance(DelegatingConstructorAccessorImpl.java:45)
	at java.base/java.lang.reflect.Constructor.newInstanceWithCaller(Constructor.java:500)
	at java.base/java.lang.reflect.Constructor.newInstance(Constructor.java:481)
	at org.openqa.selenium.remote.codec.w3c.W3CHttpResponseCodec.createException(W3CHttpResponseCodec.java:200)
	at org.openqa.selenium.remote.codec.w3c.W3CHttpResponseCodec.decode(W3CHttpResponseCodec.java:133)
	at org.openqa.selenium.remote.codec.w3c.W3CHttpResponseCodec.decode(W3CHttpResponseCodec.java:53)
	at org.openqa.selenium.remote.HttpCommandExecutor.execute(HttpCommandExecutor.java:184)
	at org.openqa.selenium.remote.service.DriverCommandExecutor.invokeExecute(DriverCommandExecutor.java:167)
	at org.openqa.selenium.remote.service.DriverCommandExecutor.execute(DriverCommandExecutor.java:142)
	at org.openqa.selenium.remote.RemoteWebDriver.execute(RemoteWebDriver.java:558)
	at org.openqa.selenium.remote.ElementLocation$ElementFinder$2.findElement(ElementLocation.java:162)
	at org.openqa.selenium.remote.ElementLocation.findElement(ElementLocation.java:60)
	at org.openqa.selenium.remote.RemoteWebDriver.findElement(RemoteWebDriver.java:382)
	at org.openqa.selenium.remote.RemoteWebDriver.findElement(RemoteWebDriver.java:374)
	at net.thucydides.core.webdriver.WebDriverFacade.findElement(WebDriverFacade.java:224)
	at net.serenitybdd.core.pages.WebElementResolverByLocator.resolveForDriver(WebElementResolverByLocator.java:25)
	at net.serenitybdd.core.pages.WebElementFacadeImpl.getResolvedElement(WebElementFacadeImpl.java:191)
	at net.serenitybdd.core.pages.WebElementFacadeImpl.getElement(WebElementFacadeImpl.java:186)
	at net.serenitybdd.core.pages.WebElementExpectations$3.apply(WebElementExpectations.java:63)
	at net.serenitybdd.core.pages.WebElementExpectations$3.apply(WebElementExpectations.java:55)
	at org.openqa.selenium.support.ui.FluentWait.until(FluentWait.java:208)
	... 80 more
&amp#27;[0m
  &amp#27;[36mAnd &amp#27;[0m&amp#27;[36mI click register button&amp#27;[0m                  &amp#27;[90m# starter.stepdefinitions.RegisterStep.iClickRegisterButton()&amp#27;[0m
  &amp#27;[36mWhen &amp#27;[0m&amp#27;[36mI input fullname register &amp#27;[0m&amp#27;[36m&amp#27;[1m""&amp#27;[0m            &amp#27;[90m# starter.stepdefinitions.RegisterStep.iInputFullnameRegister(java.lang.String)&amp#27;[0m
  &amp#27;[36mAnd &amp#27;[0m&amp#27;[36mI input email register &amp#27;[0m&amp#27;[36m&amp#27;[1m""&amp#27;[0m                &amp#27;[90m# starter.stepdefinitions.RegisterStep.iInputEmailRegister(java.lang.String)&amp#27;[0m
  &amp#27;[36mAnd &amp#27;[0m&amp#27;[36mI input password register &amp#27;[0m&amp#27;[36m&amp#27;[1m""&amp#27;[0m             &amp#27;[90m# starter.stepdefinitions.RegisterStep.iInputPasswordRegister(java.lang.String)&amp#27;[0m
  &amp#27;[36mAnd &amp#27;[0m&amp#27;[36mI click submit register button&amp#27;[0m           &amp#27;[90m# starter.stepdefinitions.RegisterStep.iClickSubmitRegisterButton()&amp#27;[0m
  &amp#27;[36mThen &amp#27;[0m&amp#27;[36mI will get the result register &amp#27;[0m&amp#27;[36m&amp#27;[1m"failed"&amp#27;[0m &amp#27;[90m# starter.stepdefinitions.RegisterStep.iWillGetTheResultRegister(java.lang.String)&amp#27;[0m
04:07:45.252 [AsyncHttpClient-1-8] DEBUG org.asynchttpclient.netty.handler.WebSocketHandler - Channel Closed: [id: 0x162b1735, L:/127.0.0.1:62437 ! R:localhost/127.0.0.1:62430] with attribute NettyResponseFuture{currentRetry=5,
	isDone=1,
	isCancelled=0,
	asyncHandler=org.asynchttpclient.ws.WebSocketUpgradeHandler@d0d465e,
	nettyRequest=org.asynchttpclient.netty.request.NettyRequest@35afe222,
	future=java.util.concurrent.CompletableFuture@9ea1833[Completed normally],
	uri=ws://localhost:62430/devtools/browser/72e8328d-92f4-40ad-af99-46ca39f6a323,
	keepAlive=true,
	redirectCount=0,
	timeoutsHolder=null,
	inAuth=0,
	touch=1666732057871}
04:07:45.252 [AsyncHttpClient-1-8] DEBUG org.asynchttpclient.netty.channel.ChannelManager - Closing Channel [id: 0x162b1735, L:/127.0.0.1:62437 ! R:localhost/127.0.0.1:62430] 
04:07:45.252 [Driver Command Executor] DEBUG org.asynchttpclient.netty.request.NettyRequestSender - Using pooled Channel '[id: 0x318d29ac, L:/127.0.0.1:62429 - R:localhost/127.0.0.1:57724]' for 'DELETE' to 'http://localhost:57724/session/4e2f02ec7e6445d1af470bf4f2bd1179'
04:07:45.253 [Driver Command Executor] DEBUG org.asynchttpclient.netty.request.NettyRequestSender - Using open Channel [id: 0x318d29ac, L:/127.0.0.1:62429 - R:localhost/127.0.0.1:57724] for DELETE '/session/4e2f02ec7e6445d1af470bf4f2bd1179'
04:07:45.281 [AsyncHttpClient-1-7] DEBUG org.asynchttpclient.netty.handler.HttpHandler - Unexpected I/O exception on channel [id: 0x7878bf4b, L:/127.0.0.1:62436 - R:localhost/127.0.0.1:62430]
java.net.SocketException: Connection reset
	at java.base/sun.nio.ch.SocketChannelImpl.throwConnectionReset(SocketChannelImpl.java:345)
	at java.base/sun.nio.ch.SocketChannelImpl.read(SocketChannelImpl.java:376)
	at io.netty.buffer.PooledByteBuf.setBytes(PooledByteBuf.java:258)
	at io.netty.buffer.AbstractByteBuf.writeBytes(AbstractByteBuf.java:1132)
	at io.netty.channel.socket.nio.NioSocketChannel.doReadBytes(NioSocketChannel.java:350)
	at io.netty.channel.nio.AbstractNioByteChannel$NioByteUnsafe.read(AbstractNioByteChannel.java:151)
	at io.netty.channel.nio.NioEventLoop.processSelectedKey(NioEventLoop.java:722)
	at io.netty.channel.nio.NioEventLoop.processSelectedKeysOptimized(NioEventLoop.java:658)
	at io.netty.channel.nio.NioEventLoop.processSelectedKeys(NioEventLoop.java:584)
	at io.netty.channel.nio.NioEventLoop.run(NioEventLoop.java:496)
	at io.netty.util.concurrent.SingleThreadEventExecutor$4.run(SingleThreadEventExecutor.java:986)
	at io.netty.util.internal.ThreadExecutorMap$2.run(ThreadExecutorMap.java:74)
	at io.netty.util.concurrent.FastThreadLocalRunnable.run(FastThreadLocalRunnable.java:30)
	at java.base/java.lang.Thread.run(Thread.java:830)
04:07:45.281 [AsyncHttpClient-1-7] DEBUG org.asynchttpclient.netty.channel.ChannelManager - Closing Channel [id: 0x7878bf4b, L:/127.0.0.1:62436 - R:localhost/127.0.0.1:62430] 
04:07:45.281 [AsyncHttpClient-1-7] DEBUG org.asynchttpclient.netty.handler.HttpHandler - Channel Closed: [id: 0x7878bf4b, L:/127.0.0.1:62436 ! R:localhost/127.0.0.1:62430] with attribute DISCARD
04:07:45.299 [AsyncHttpClient-1-6] DEBUG org.asynchttpclient.netty.handler.HttpHandler - 

Request DefaultFullHttpRequest(decodeResult: success, version: HTTP/1.1, content: EmptyByteBufBE)
DELETE /session/4e2f02ec7e6445d1af470bf4f2bd1179 HTTP/1.1
User-Agent: selenium/4.1.2 (java windows)
Content-Type: application/json; charset=utf-8
host: localhost:57724
accept: */*

Response DefaultHttpResponse(decodeResult: success, version: HTTP/1.1)
HTTP/1.1 200 OK
Content-Type: application/json; charset=utf-8
cache-control: no-cache
content-length: 14

04:07:45.299 [AsyncHttpClient-1-6] DEBUG org.asynchttpclient.netty.channel.ChannelManager - Adding key: http://localhost:57724 for channel [id: 0x318d29ac, L:/127.0.0.1:62429 - R:localhost/127.0.0.1:57724]
04:07:45.319 [AsyncHttpClient-1-1] DEBUG org.asynchttpclient.netty.channel.DefaultChannelPool - Entry count for : http://localhost:62430 : 1
04:07:45.319 [AsyncHttpClient-1-1] DEBUG org.asynchttpclient.netty.channel.DefaultChannelPool - Entry count for : http://localhost:57724 : 1
04:07:45.319 [AsyncHttpClient-1-1] DEBUG org.asynchttpclient.netty.channel.DefaultChannelPool - Adding Candidate expired Channel [id: 0x7878bf4b, L:/127.0.0.1:62436 ! R:localhost/127.0.0.1:62430] isIdleTimeoutExpired=false isRemotelyClosed=true isTtlExpired=false
04:07:45.319 [AsyncHttpClient-1-1] DEBUG org.asynchttpclient.netty.channel.DefaultChannelPool - Closing Idle Channel [id: 0x7878bf4b, L:/127.0.0.1:62436 ! R:localhost/127.0.0.1:62430]
04:07:45.319 [AsyncHttpClient-1-1] DEBUG org.asynchttpclient.netty.channel.DefaultChannelPool - Closed 1 connections out of 2 in 0 ms
04:07:45.366 [AsyncHttpClient-1-6] DEBUG org.asynchttpclient.netty.handler.HttpHandler - Channel Closed: [id: 0x318d29ac, L:/127.0.0.1:62429 ! R:localhost/127.0.0.1:57724] with attribute DISCARD
]]></system-out>
    <system-err><![CDATA[Starting ChromeDriver 105.0.5195.52 (412c95e518836d8a7d97250d62b29c2ae6a26a85-refs/branch-heads/5195@{#853}) on port 57724
Only local connections are allowed.
Please see https://chromedriver.chromium.org/security-considerations for suggestions on keeping ChromeDriver safe.
ChromeDriver was started successfully.
[1666732057.845][WARNING]: This version of ChromeDriver has not been tested with Chrome version 106.
Okt 26, 2022 4:07:37 AM org.openqa.selenium.remote.ProtocolHandshake createSession
INFO: Detected dialect: W3C
Okt 26, 2022 4:07:37 AM org.openqa.selenium.devtools.CdpVersionFinder findNearestMatch
WARNING: Unable to find an exact match for CDP version 106, so returning the closest version found: a no-op implementation
Okt 26, 2022 4:07:37 AM org.openqa.selenium.devtools.CdpVersionFinder findNearestMatch
INFO: Unable to find CDP implementation matching 106.
Okt 26, 2022 4:07:37 AM org.openqa.selenium.chromium.ChromiumDriver lambda$new$3
WARNING: Unable to find version of CDP to use for . You may need to include a dependency on a specific version of the CDP using something similar to `org.seleniumhq.selenium:selenium-devtools-v86:4.1.2` where the version ("v86") matches the version of the chromium-based browser you're using and the version number of the artifact is the same as Selenium's.
]]></system-err>
  </testcase>
</testsuite>