<?xml version="1.0" encoding="UTF-8"?>
<testsuite xmlns:xsi="http://www.w3.org/2001/XMLSchema-instance" xsi:noNamespaceSchemaLocation="https://maven.apache.org/surefire/maven-failsafe-plugin/xsd/failsafe-test-report-3.0.xsd" version="3.0" name="CucumberTestSuite" time="102.329" tests="17" errors="0" skipped="0" failures="0">
  <properties>
    <property name="java.specification.version" value="13"/>
    <property name="webdriver.chrome.driver" value="C:\Users\alwi\IdeaProjects\AltaShop\src\test\resources\webdriver\chromedriver.exe"/>
    <property name="sun.cpu.isalist" value="amd64"/>
    <property name="sun.jnu.encoding" value="Cp1252"/>
    <property name="java.class.path" value="C:\Users\alwi\IdeaProjects\AltaShop\target\test-classes;C:\Users\alwi\.m2\repository\net\serenity-bdd\serenity-core\3.2.1\serenity-core-3.2.1.jar;C:\Users\alwi\.m2\repository\net\serenity-bdd\serenity-model\3.2.1\serenity-model-3.2.1.jar;C:\Users\alwi\.m2\repository\org\apache\commons\commons-text\1.9\commons-text-1.9.jar;C:\Users\alwi\.m2\repository\commons-net\commons-net\3.8.0\commons-net-3.8.0.jar;C:\Users\alwi\.m2\repository\com\google\guava\guava\31.1-jre\guava-31.1-jre.jar;C:\Users\alwi\.m2\repository\com\google\guava\failureaccess\1.0.1\failureaccess-1.0.1.jar;C:\Users\alwi\.m2\repository\com\google\guava\listenablefuture\9999.0-empty-to-avoid-conflict-with-guava\listenablefuture-9999.0-empty-to-avoid-conflict-with-guava.jar;C:\Users\alwi\.m2\repository\com\google\code\findbugs\jsr305\3.0.2\jsr305-3.0.2.jar;C:\Users\alwi\.m2\repository\org\checkerframework\checker-qual\3.12.0\checker-qual-3.12.0.jar;C:\Users\alwi\.m2\repository\com\google\errorprone\error_prone_annotations\2.11.0\error_prone_annotations-2.11.0.jar;C:\Users\alwi\.m2\repository\com\google\j2objc\j2objc-annotations\1.3\j2objc-annotations-1.3.jar;C:\Users\alwi\.m2\repository\com\google\inject\guice\5.1.0\guice-5.1.0.jar;C:\Users\alwi\.m2\repository\javax\inject\javax.inject\1\javax.inject-1.jar;C:\Users\alwi\.m2\repository\aopalliance\aopalliance\1.0\aopalliance-1.0.jar;C:\Users\alwi\.m2\repository\org\jsoup\jsoup\1.14.3\jsoup-1.14.3.jar;C:\Users\alwi\.m2\repository\com\thoughtworks\xstream\xstream\1.4.19\xstream-1.4.19.jar;C:\Users\alwi\.m2\repository\io\github\x-stream\mxparser\1.2.2\mxparser-1.2.2.jar;C:\Users\alwi\.m2\repository\xmlpull\xmlpull\1.1.3.1\xmlpull-1.1.3.1.jar;C:\Users\alwi\.m2\repository\io\cucumber\cucumber-java\7.2.3\cucumber-java-7.2.3.jar;C:\Users\alwi\.m2\repository\com\typesafe\config\1.4.2\config-1.4.2.jar;C:\Users\alwi\.m2\repository\org\imgscalr\imgscalr-lib\4.2\imgscalr-lib-4.2.jar;C:\Users\alwi\.m2\repository\org\awaitility\awaitility\4.2.0\awaitility-4.2.0.jar;C:\Users\alwi\.m2\repository\org\freemarker\freemarker\2.3.31\freemarker-2.3.31.jar;C:\Users\alwi\.m2\repository\io\github\classgraph\classgraph\4.8.138\classgraph-4.8.138.jar;C:\Users\alwi\.m2\repository\net\sourceforge\jexcelapi\jxl\2.6.12\jxl-2.6.12.jar;C:\Users\alwi\.m2\repository\net\bytebuddy\byte-buddy\1.12.8\byte-buddy-1.12.8.jar;C:\Users\alwi\.m2\repository\net\bytebuddy\byte-buddy-agent\1.12.8\byte-buddy-agent-1.12.8.jar;C:\Users\alwi\.m2\repository\org\objenesis\objenesis\3.1\objenesis-3.1.jar;C:\Users\alwi\.m2\repository\net\serenity-bdd\serenity-reports\3.2.1\serenity-reports-3.2.1.jar;C:\Users\alwi\.m2\repository\net\serenity-bdd\serenity-stats\3.2.1\serenity-stats-3.2.1.jar;C:\Users\alwi\.m2\repository\net\serenity-bdd\serenity-reports-configuration\3.2.1\serenity-reports-configuration-3.2.1.jar;C:\Users\alwi\.m2\repository\com\vladsch\flexmark\flexmark-all\0.34.30\flexmark-all-0.34.30.jar;C:\Users\alwi\.m2\repository\com\vladsch\flexmark\flexmark\0.34.30\flexmark-0.34.30.jar;C:\Users\alwi\.m2\repository\com\vladsch\flexmark\flexmark-ext-abbreviation\0.34.30\flexmark-ext-abbreviation-0.34.30.jar;C:\Users\alwi\.m2\repository\com\vladsch\flexmark\flexmark-ext-admonition\0.34.30\flexmark-ext-admonition-0.34.30.jar;C:\Users\alwi\.m2\repository\com\vladsch\flexmark\flexmark-ext-anchorlink\0.34.30\flexmark-ext-anchorlink-0.34.30.jar;C:\Users\alwi\.m2\repository\com\vladsch\flexmark\flexmark-ext-aside\0.34.30\flexmark-ext-aside-0.34.30.jar;C:\Users\alwi\.m2\repository\com\vladsch\flexmark\flexmark-ext-attributes\0.34.30\flexmark-ext-attributes-0.34.30.jar;C:\Users\alwi\.m2\repository\com\vladsch\flexmark\flexmark-ext-autolink\0.34.30\flexmark-ext-autolink-0.34.30.jar;C:\Users\alwi\.m2\repository\org\nibor\autolink\autolink\0.6.0\autolink-0.6.0.jar;C:\Users\alwi\.m2\repository\com\vladsch\flexmark\flexmark-ext-definition\0.34.30\flexmark-ext-definition-0.34.30.jar;C:\Users\alwi\.m2\repository\com\vladsch\flexmark\flexmark-ext-emoji\0.34.30\flexmark-ext-emoji-0.34.30.jar;C:\Users\alwi\.m2\repository\com\vladsch\flexmark\flexmark-ext-enumerated-reference\0.34.30\flexmark-ext-enumerated-reference-0.34.30.jar;C:\Users\alwi\.m2\repository\com\vladsch\flexmark\flexmark-ext-escaped-character\0.34.30\flexmark-ext-escaped-character-0.34.30.jar;C:\Users\alwi\.m2\repository\com\vladsch\flexmark\flexmark-ext-footnotes\0.34.30\flexmark-ext-footnotes-0.34.30.jar;C:\Users\alwi\.m2\repository\com\vladsch\flexmark\flexmark-ext-gfm-issues\0.34.30\flexmark-ext-gfm-issues-0.34.30.jar;C:\Users\alwi\.m2\repository\com\vladsch\flexmark\flexmark-ext-gfm-strikethrough\0.34.30\flexmark-ext-gfm-strikethrough-0.34.30.jar;C:\Users\alwi\.m2\repository\com\vladsch\flexmark\flexmark-ext-gfm-tables\0.34.30\flexmark-ext-gfm-tables-0.34.30.jar;C:\Users\alwi\.m2\repository\com\vladsch\flexmark\flexmark-ext-gfm-tasklist\0.34.30\flexmark-ext-gfm-tasklist-0.34.30.jar;C:\Users\alwi\.m2\repository\com\vladsch\flexmark\flexmark-ext-gfm-users\0.34.30\flexmark-ext-gfm-users-0.34.30.jar;C:\Users\alwi\.m2\repository\com\vladsch\flexmark\flexmark-ext-gitlab\0.34.30\flexmark-ext-gitlab-0.34.30.jar;C:\Users\alwi\.m2\repository\com\vladsch\flexmark\flexmark-ext-jekyll-front-matter\0.34.30\flexmark-ext-jekyll-front-matter-0.34.30.jar;C:\Users\alwi\.m2\repository\com\vladsch\flexmark\flexmark-ext-jekyll-tag\0.34.30\flexmark-ext-jekyll-tag-0.34.30.jar;C:\Users\alwi\.m2\repository\com\vladsch\flexmark\flexmark-ext-media-tags\0.34.30\flexmark-ext-media-tags-0.34.30.jar;C:\Users\alwi\.m2\repository\com\vladsch\flexmark\flexmark-test-util\0.34.30\flexmark-test-util-0.34.30.jar;C:\Users\alwi\.m2\repository\com\vladsch\flexmark\flexmark-ext-ins\0.34.30\flexmark-ext-ins-0.34.30.jar;C:\Users\alwi\.m2\repository\com\vladsch\flexmark\flexmark-ext-xwiki-macros\0.34.30\flexmark-ext-xwiki-macros-0.34.30.jar;C:\Users\alwi\.m2\repository\com\vladsch\flexmark\flexmark-ext-superscript\0.34.30\flexmark-ext-superscript-0.34.30.jar;C:\Users\alwi\.m2\repository\com\vladsch\flexmark\flexmark-ext-tables\0.34.30\flexmark-ext-tables-0.34.30.jar;C:\Users\alwi\.m2\repository\com\vladsch\flexmark\flexmark-ext-toc\0.34.30\flexmark-ext-toc-0.34.30.jar;C:\Users\alwi\.m2\repository\com\vladsch\flexmark\flexmark-ext-typographic\0.34.30\flexmark-ext-typographic-0.34.30.jar;C:\Users\alwi\.m2\repository\com\vladsch\flexmark\flexmark-ext-wikilink\0.34.30\flexmark-ext-wikilink-0.34.30.jar;C:\Users\alwi\.m2\repository\com\vladsch\flexmark\flexmark-ext-yaml-front-matter\0.34.30\flexmark-ext-yaml-front-matter-0.34.30.jar;C:\Users\alwi\.m2\repository\com\vladsch\flexmark\flexmark-ext-youtube-embedded\0.34.30\flexmark-ext-youtube-embedded-0.34.30.jar;C:\Users\alwi\.m2\repository\com\vladsch\flexmark\flexmark-formatter\0.34.30\flexmark-formatter-0.34.30.jar;C:\Users\alwi\.m2\repository\com\vladsch\flexmark\flexmark-html-parser\0.34.30\flexmark-html-parser-0.34.30.jar;C:\Users\alwi\.m2\repository\com\vladsch\flexmark\flexmark-jira-converter\0.34.30\flexmark-jira-converter-0.34.30.jar;C:\Users\alwi\.m2\repository\com\vladsch\flexmark\flexmark-pdf-converter\0.34.30\flexmark-pdf-converter-0.34.30.jar;C:\Users\alwi\.m2\repository\com\openhtmltopdf\openhtmltopdf-core\0.0.1-RC13\openhtmltopdf-core-0.0.1-RC13.jar;C:\Users\alwi\.m2\repository\com\openhtmltopdf\openhtmltopdf-pdfbox\0.0.1-RC13\openhtmltopdf-pdfbox-0.0.1-RC13.jar;C:\Users\alwi\.m2\repository\org\apache\pdfbox\pdfbox\2.0.8\pdfbox-2.0.8.jar;C:\Users\alwi\.m2\repository\org\apache\pdfbox\fontbox\2.0.8\fontbox-2.0.8.jar;C:\Users\alwi\.m2\repository\commons-logging\commons-logging\1.2\commons-logging-1.2.jar;C:\Users\alwi\.m2\repository\org\apache\pdfbox\xmpbox\2.0.8\xmpbox-2.0.8.jar;C:\Users\alwi\.m2\repository\de\rototor\pdfbox\graphics2d\0.12\graphics2d-0.12.jar;C:\Users\alwi\.m2\repository\com\openhtmltopdf\openhtmltopdf-rtl-support\0.0.1-RC13\openhtmltopdf-rtl-support-0.0.1-RC13.jar;C:\Users\alwi\.m2\repository\com\ibm\icu\icu4j\59.1\icu4j-59.1.jar;C:\Users\alwi\.m2\repository\com\openhtmltopdf\openhtmltopdf-jsoup-dom-converter\0.0.1-RC13\openhtmltopdf-jsoup-dom-converter-0.0.1-RC13.jar;C:\Users\alwi\.m2\repository\com\vladsch\flexmark\flexmark-profile-pegdown\0.34.30\flexmark-profile-pegdown-0.34.30.jar;C:\Users\alwi\.m2\repository\com\vladsch\flexmark\flexmark-util\0.34.30\flexmark-util-0.34.30.jar;C:\Users\alwi\.m2\repository\com\vladsch\flexmark\flexmark-youtrack-converter\0.34.30\flexmark-youtrack-converter-0.34.30.jar;C:\Users\alwi\.m2\repository\es\nitaur\markdown\txtmark\0.16\txtmark-0.16.jar;C:\Users\alwi\.m2\repository\net\serenity-bdd\serenity-report-resources\3.2.1\serenity-report-resources-3.2.1.jar;C:\Users\alwi\.m2\repository\com\google\code\gson\gson\2.9.0\gson-2.9.0.jar;C:\Users\alwi\.m2\repository\com\fasterxml\jackson\core\jackson-core\2.13.2\jackson-core-2.13.2.jar;C:\Users\alwi\.m2\repository\com\fasterxml\jackson\core\jackson-databind\2.13.2\jackson-databind-2.13.2.jar;C:\Users\alwi\.m2\repository\com\fasterxml\jackson\core\jackson-annotations\2.13.2\jackson-annotations-2.13.2.jar;C:\Users\alwi\.m2\repository\commons-codec\commons-codec\1.15\commons-codec-1.15.jar;C:\Users\alwi\.m2\repository\commons-io\commons-io\2.11.0\commons-io-2.11.0.jar;C:\Users\alwi\.m2\repository\org\seleniumhq\selenium\selenium-java\4.1.2\selenium-java-4.1.2.jar;C:\Users\alwi\.m2\repository\org\seleniumhq\selenium\selenium-devtools-v85\4.1.2\selenium-devtools-v85-4.1.2.jar;C:\Users\alwi\.m2\repository\org\seleniumhq\selenium\selenium-devtools-v95\4.1.2\selenium-devtools-v95-4.1.2.jar;C:\Users\alwi\.m2\repository\org\seleniumhq\selenium\selenium-devtools-v96\4.1.2\selenium-devtools-v96-4.1.2.jar;C:\Users\alwi\.m2\repository\org\seleniumhq\selenium\selenium-devtools-v97\4.1.2\selenium-devtools-v97-4.1.2.jar;C:\Users\alwi\.m2\repository\org\seleniumhq\selenium\selenium-firefox-xpi-driver\4.1.2\selenium-firefox-xpi-driver-4.1.2.jar;C:\Users\alwi\.m2\repository\org\seleniumhq\selenium\selenium-opera-driver\4.1.2\selenium-opera-driver-4.1.2.jar;C:\Users\alwi\.m2\repository\org\seleniumhq\selenium\selenium-remote-driver\4.1.2\selenium-remote-driver-4.1.2.jar;C:\Users\alwi\.m2\repository\com\beust\jcommander\1.82\jcommander-1.82.jar;C:\Users\alwi\.m2\repository\io\netty\netty-buffer\4.1.73.Final\netty-buffer-4.1.73.Final.jar;C:\Users\alwi\.m2\repository\io\netty\netty-codec-http\4.1.73.Final\netty-codec-http-4.1.73.Final.jar;C:\Users\alwi\.m2\repository\io\netty\netty-codec\4.1.73.Final\netty-codec-4.1.73.Final.jar;C:\Users\alwi\.m2\repository\io\netty\netty-handler\4.1.73.Final\netty-handler-4.1.73.Final.jar;C:\Users\alwi\.m2\repository\io\netty\netty-tcnative-classes\2.0.46.Final\netty-tcnative-classes-2.0.46.Final.jar;C:\Users\alwi\.m2\repository\io\netty\netty-common\4.1.73.Final\netty-common-4.1.73.Final.jar;C:\Users\alwi\.m2\repository\io\netty\netty-transport-classes-epoll\4.1.73.Final\netty-transport-classes-epoll-4.1.73.Final.jar;C:\Users\alwi\.m2\repository\io\netty\netty-transport-classes-kqueue\4.1.73.Final\netty-transport-classes-kqueue-4.1.73.Final.jar;C:\Users\alwi\.m2\repository\io\netty\netty-transport-native-epoll\4.1.73.Final\netty-transport-native-epoll-4.1.73.Final.jar;C:\Users\alwi\.m2\repository\io\netty\netty-transport-native-kqueue\4.1.73.Final\netty-transport-native-kqueue-4.1.73.Final.jar;C:\Users\alwi\.m2\repository\io\netty\netty-transport-native-unix-common\4.1.73.Final\netty-transport-native-unix-common-4.1.73.Final.jar;C:\Users\alwi\.m2\repository\io\netty\netty-transport\4.1.73.Final\netty-transport-4.1.73.Final.jar;C:\Users\alwi\.m2\repository\io\netty\netty-resolver\4.1.73.Final\netty-resolver-4.1.73.Final.jar;C:\Users\alwi\.m2\repository\io\opentelemetry\opentelemetry-api\1.10.1\opentelemetry-api-1.10.1.jar;C:\Users\alwi\.m2\repository\io\opentelemetry\opentelemetry-context\1.10.1\opentelemetry-context-1.10.1.jar;C:\Users\alwi\.m2\repository\io\opentelemetry\opentelemetry-exporter-logging\1.10.1\opentelemetry-exporter-logging-1.10.1.jar;C:\Users\alwi\.m2\repository\io\opentelemetry\opentelemetry-sdk-metrics\1.10.1-alpha\opentelemetry-sdk-metrics-1.10.1-alpha.jar;C:\Users\alwi\.m2\repository\io\opentelemetry\opentelemetry-sdk-logs\1.10.1-alpha\opentelemetry-sdk-logs-1.10.1-alpha.jar;C:\Users\alwi\.m2\repository\io\opentelemetry\opentelemetry-sdk-common\1.10.1\opentelemetry-sdk-common-1.10.1.jar;C:\Users\alwi\.m2\repository\io\opentelemetry\opentelemetry-sdk-extension-autoconfigure-spi\1.10.1\opentelemetry-sdk-extension-autoconfigure-spi-1.10.1.jar;C:\Users\alwi\.m2\repository\io\opentelemetry\opentelemetry-sdk-extension-autoconfigure\1.10.1-alpha\opentelemetry-sdk-extension-autoconfigure-1.10.1-alpha.jar;C:\Users\alwi\.m2\repository\io\opentelemetry\opentelemetry-sdk-trace\1.10.1\opentelemetry-sdk-trace-1.10.1.jar;C:\Users\alwi\.m2\repository\io\opentelemetry\opentelemetry-sdk\1.10.1\opentelemetry-sdk-1.10.1.jar;C:\Users\alwi\.m2\repository\io\opentelemetry\opentelemetry-semconv\1.10.1-alpha\opentelemetry-semconv-1.10.1-alpha.jar;C:\Users\alwi\.m2\repository\io\ous\jtoml\2.0.0\jtoml-2.0.0.jar;C:\Users\alwi\.m2\repository\org\apache\commons\commons-exec\1.3\commons-exec-1.3.jar;C:\Users\alwi\.m2\repository\org\asynchttpclient\async-http-client\2.12.3\async-http-client-2.12.3.jar;C:\Users\alwi\.m2\repository\org\asynchttpclient\async-http-client-netty-utils\2.12.3\async-http-client-netty-utils-2.12.3.jar;C:\Users\alwi\.m2\repository\io\netty\netty-codec-socks\4.1.60.Final\netty-codec-socks-4.1.60.Final.jar;C:\Users\alwi\.m2\repository\io\netty\netty-handler-proxy\4.1.60.Final\netty-handler-proxy-4.1.60.Final.jar;C:\Users\alwi\.m2\repository\io\netty\netty-transport-native-epoll\4.1.60.Final\netty-transport-native-epoll-4.1.60.Final-linux-x86_64.jar;C:\Users\alwi\.m2\repository\io\netty\netty-transport-native-kqueue\4.1.60.Final\netty-transport-native-kqueue-4.1.60.Final-osx-x86_64.jar;C:\Users\alwi\.m2\repository\org\reactivestreams\reactive-streams\1.0.3\reactive-streams-1.0.3.jar;C:\Users\alwi\.m2\repository\com\typesafe\netty\netty-reactive-streams\2.0.4\netty-reactive-streams-2.0.4.jar;C:\Users\alwi\.m2\repository\org\seleniumhq\selenium\selenium-http\4.1.2\selenium-http-4.1.2.jar;C:\Users\alwi\.m2\repository\net\jodah\failsafe\2.4.4\failsafe-2.4.4.jar;C:\Users\alwi\.m2\repository\org\seleniumhq\selenium\selenium-safari-driver\4.1.2\selenium-safari-driver-4.1.2.jar;C:\Users\alwi\.m2\repository\org\seleniumhq\selenium\selenium-api\4.1.2\selenium-api-4.1.2.jar;C:\Users\alwi\.m2\repository\org\seleniumhq\selenium\selenium-support\4.1.2\selenium-support-4.1.2.jar;C:\Users\alwi\.m2\repository\com\google\auto\service\auto-service-annotations\1.0.1\auto-service-annotations-1.0.1.jar;C:\Users\alwi\.m2\repository\com\google\auto\service\auto-service\1.0.1\auto-service-1.0.1.jar;C:\Users\alwi\.m2\repository\com\google\auto\auto-common\1.2\auto-common-1.2.jar;C:\Users\alwi\.m2\repository\org\seleniumhq\selenium\selenium-json\4.1.2\selenium-json-4.1.2.jar;C:\Users\alwi\.m2\repository\org\seleniumhq\selenium\selenium-chrome-driver\4.1.2\selenium-chrome-driver-4.1.2.jar;C:\Users\alwi\.m2\repository\org\seleniumhq\selenium\selenium-chromium-driver\4.1.2\selenium-chromium-driver-4.1.2.jar;C:\Users\alwi\.m2\repository\org\seleniumhq\selenium\selenium-firefox-driver\4.1.2\selenium-firefox-driver-4.1.2.jar;C:\Users\alwi\.m2\repository\org\seleniumhq\selenium\selenium-edge-driver\4.1.2\selenium-edge-driver-4.1.2.jar;C:\Users\alwi\.m2\repository\org\seleniumhq\selenium\selenium-ie-driver\4.1.2\selenium-ie-driver-4.1.2.jar;C:\Users\alwi\.m2\repository\org\projectlombok\lombok\1.18.20\lombok-1.18.20.jar;C:\Users\alwi\.m2\repository\io\appium\java-client\8.0.0\java-client-8.0.0.jar;C:\Users\alwi\.m2\repository\commons-validator\commons-validator\1.7\commons-validator-1.7.jar;C:\Users\alwi\.m2\repository\commons-digester\commons-digester\2.1\commons-digester-2.1.jar;C:\Users\alwi\.m2\repository\org\aspectj\aspectjweaver\1.9.8\aspectjweaver-1.9.8.jar;C:\Users\alwi\.m2\repository\org\codehaus\groovy\groovy\3.0.10\groovy-3.0.10.jar;C:\Users\alwi\.m2\repository\net\sf\opencsv\opencsv\2.0\opencsv-2.0.jar;C:\Users\alwi\.m2\repository\commons-beanutils\commons-beanutils\1.9.4\commons-beanutils-1.9.4.jar;C:\Users\alwi\.m2\repository\org\apache\commons\commons-lang3\3.12.0\commons-lang3-3.12.0.jar;C:\Users\alwi\.m2\repository\commons-collections\commons-collections\3.2.2\commons-collections-3.2.2.jar;C:\Users\alwi\.m2\repository\org\fluentlenium\fluentlenium-core\0.10.2\fluentlenium-core-0.10.2.jar;C:\Users\alwi\.m2\repository\io\github\bonigarcia\webdrivermanager\5.1.0\webdrivermanager-5.1.0.jar;C:\Users\alwi\.m2\repository\com\github\docker-java\docker-java\3.2.13\docker-java-3.2.13.jar;C:\Users\alwi\.m2\repository\com\github\docker-java\docker-java-core\3.2.13\docker-java-core-3.2.13.jar;C:\Users\alwi\.m2\repository\com\github\docker-java\docker-java-api\3.2.13\docker-java-api-3.2.13.jar;C:\Users\alwi\.m2\repository\org\apache\commons\commons-compress\1.21\commons-compress-1.21.jar;C:\Users\alwi\.m2\repository\org\bouncycastle\bcpkix-jdk15on\1.64\bcpkix-jdk15on-1.64.jar;C:\Users\alwi\.m2\repository\org\bouncycastle\bcprov-jdk15on\1.64\bcprov-jdk15on-1.64.jar;C:\Users\alwi\.m2\repository\org\slf4j\jcl-over-slf4j\1.7.30\jcl-over-slf4j-1.7.30.jar;C:\Users\alwi\.m2\repository\com\github\docker-java\docker-java-transport-httpclient5\3.2.13\docker-java-transport-httpclient5-3.2.13.jar;C:\Users\alwi\.m2\repository\com\github\docker-java\docker-java-transport\3.2.13\docker-java-transport-3.2.13.jar;C:\Users\alwi\.m2\repository\org\apache\httpcomponents\client5\httpclient5\5.0.3\httpclient5-5.0.3.jar;C:\Users\alwi\.m2\repository\org\apache\httpcomponents\core5\httpcore5\5.0.2\httpcore5-5.0.2.jar;C:\Users\alwi\.m2\repository\net\java\dev\jna\jna\5.8.0\jna-5.8.0.jar;C:\Users\alwi\.m2\repository\org\brotli\dec\0.1.2\dec-0.1.2.jar;C:\Users\alwi\.m2\repository\com\jhlabs\filters\2.0.235\filters-2.0.235.jar;C:\Users\alwi\.m2\repository\com\paulhammant\ngwebdriver\1.1.6\ngwebdriver-1.1.6.jar;C:\Users\alwi\.m2\repository\joda-time\joda-time\2.8.2\joda-time-2.8.2.jar;C:\Users\alwi\.m2\repository\org\hamcrest\hamcrest\2.2\hamcrest-2.2.jar;C:\Users\alwi\.m2\repository\com\google\jimfs\jimfs\1.2\jimfs-1.2.jar;C:\Users\alwi\.m2\repository\org\mockito\mockito-core\3.3.3\mockito-core-3.3.3.jar;C:\Users\alwi\.m2\repository\javax\xml\bind\jaxb-api\2.3.1\jaxb-api-2.3.1.jar;C:\Users\alwi\.m2\repository\javax\activation\javax.activation-api\1.2.0\javax.activation-api-1.2.0.jar;C:\Users\alwi\.m2\repository\com\sun\xml\bind\jaxb-core\2.3.0.1\jaxb-core-2.3.0.1.jar;C:\Users\alwi\.m2\repository\com\sun\xml\bind\jaxb-impl\2.3.3\jaxb-impl-2.3.3.jar;C:\Users\alwi\.m2\repository\jakarta\xml\bind\jakarta.xml.bind-api\2.3.3\jakarta.xml.bind-api-2.3.3.jar;C:\Users\alwi\.m2\repository\com\sun\activation\jakarta.activation\1.2.2\jakarta.activation-1.2.2.jar;C:\Users\alwi\.m2\repository\javax\activation\activation\1.1.1\activation-1.1.1.jar;C:\Users\alwi\.m2\repository\net\serenity-bdd\serenity-cucumber\3.2.1\serenity-cucumber-3.2.1.jar;C:\Users\alwi\.m2\repository\io\cucumber\cucumber-core\7.2.3\cucumber-core-7.2.3.jar;C:\Users\alwi\.m2\repository\io\cucumber\cucumber-gherkin\7.2.3\cucumber-gherkin-7.2.3.jar;C:\Users\alwi\.m2\repository\io\cucumber\cucumber-gherkin-messages\7.2.3\cucumber-gherkin-messages-7.2.3.jar;C:\Users\alwi\.m2\repository\io\cucumber\messages\17.1.1\messages-17.1.1.jar;C:\Users\alwi\.m2\repository\io\cucumber\tag-expressions\4.1.0\tag-expressions-4.1.0.jar;C:\Users\alwi\.m2\repository\io\cucumber\cucumber-expressions\15.0.1\cucumber-expressions-15.0.1.jar;C:\Users\alwi\.m2\repository\io\cucumber\datatable\7.2.3\datatable-7.2.3.jar;C:\Users\alwi\.m2\repository\io\cucumber\cucumber-plugin\7.2.3\cucumber-plugin-7.2.3.jar;C:\Users\alwi\.m2\repository\io\cucumber\docstring\7.2.3\docstring-7.2.3.jar;C:\Users\alwi\.m2\repository\io\cucumber\html-formatter\17.0.0\html-formatter-17.0.0.jar;C:\Users\alwi\.m2\repository\io\cucumber\ci-environment\8.1.0\ci-environment-8.1.0.jar;C:\Users\alwi\.m2\repository\io\cucumber\cucumber-junit\7.2.3\cucumber-junit-7.2.3.jar;C:\Users\alwi\.m2\repository\org\apache\commons\commons-csv\1.5\commons-csv-1.5.jar;C:\Users\alwi\.m2\repository\net\serenity-bdd\serenity-screenplay\3.2.1\serenity-screenplay-3.2.1.jar;C:\Users\alwi\.m2\repository\net\serenity-bdd\serenity-screenplay-webdriver\3.2.1\serenity-screenplay-webdriver-3.2.1.jar;C:\Users\alwi\.m2\repository\net\serenity-bdd\serenity-ensure\3.2.1\serenity-ensure-3.2.1.jar;C:\Users\alwi\.m2\repository\net\serenity-bdd\serenity-junit\3.2.1\serenity-junit-3.2.1.jar;C:\Users\alwi\.m2\repository\org\jetbrains\kotlin\kotlin-stdlib\1.6.0\kotlin-stdlib-1.6.0.jar;C:\Users\alwi\.m2\repository\org\jetbrains\annotations\13.0\annotations-13.0.jar;C:\Users\alwi\.m2\repository\org\jetbrains\kotlin\kotlin-stdlib-common\1.6.0\kotlin-stdlib-common-1.6.0.jar;C:\Users\alwi\.m2\repository\org\junit\platform\junit-platform-launcher\1.8.1\junit-platform-launcher-1.8.1.jar;C:\Users\alwi\.m2\repository\org\junit\platform\junit-platform-engine\1.8.1\junit-platform-engine-1.8.1.jar;C:\Users\alwi\.m2\repository\org\opentest4j\opentest4j\1.2.0\opentest4j-1.2.0.jar;C:\Users\alwi\.m2\repository\org\junit\platform\junit-platform-commons\1.8.1\junit-platform-commons-1.8.1.jar;C:\Users\alwi\.m2\repository\org\apiguardian\apiguardian-api\1.1.2\apiguardian-api-1.1.2.jar;C:\Users\alwi\.m2\repository\org\junit\jupiter\junit-jupiter-engine\5.8.2\junit-jupiter-engine-5.8.2.jar;C:\Users\alwi\.m2\repository\org\junit\jupiter\junit-jupiter-api\5.8.2\junit-jupiter-api-5.8.2.jar;C:\Users\alwi\.m2\repository\org\junit\vintage\junit-vintage-engine\5.8.2\junit-vintage-engine-5.8.2.jar;C:\Users\alwi\.m2\repository\junit\junit\4.13.2\junit-4.13.2.jar;C:\Users\alwi\.m2\repository\org\hamcrest\hamcrest-core\1.3\hamcrest-core-1.3.jar;C:\Users\alwi\.m2\repository\ch\qos\logback\logback-classic\1.2.10\logback-classic-1.2.10.jar;C:\Users\alwi\.m2\repository\ch\qos\logback\logback-core\1.2.10\logback-core-1.2.10.jar;C:\Users\alwi\.m2\repository\org\slf4j\slf4j-api\1.7.32\slf4j-api-1.7.32.jar;C:\Users\alwi\.m2\repository\org\assertj\assertj-core\3.6.2\assertj-core-3.6.2.jar;"/>
    <property name="java.vm.vendor" value="Oracle Corporation"/>
    <property name="sun.arch.data.model" value="64"/>
    <property name="user.variant" value=""/>
    <property name="java.vendor.url" value="https://java.oracle.com/"/>
    <property name="user.timezone" value="Asia/Jakarta"/>
    <property name="log4j2.formatMsgNoLookups" value="true"/>
    <property name="user.country.format" value="ID"/>
    <property name="os.name" value="Windows 10"/>
    <property name="java.vm.specification.version" value="13"/>
    <property name="sun.java.launcher" value="SUN_STANDARD"/>
    <property name="user.country" value="US"/>
    <property name="sun.boot.library.path" value="C:\Program Files\Java\jdk-13.0.2\bin"/>
    <property name="sun.java.command" value="org.apache.maven.surefire.booter.ForkedBooter C:\Users\alwi\AppData\Local\Temp\surefire13854202959215638704 2022-10-29T18-11-53_391-jvmRun1 surefire8791977158353487032tmp surefire_0590915955130060079tmp"/>
    <property name="jdk.debug" value="release"/>
    <property name="surefire.test.class.path" value="C:\Users\alwi\IdeaProjects\AltaShop\target\test-classes;C:\Users\alwi\.m2\repository\net\serenity-bdd\serenity-core\3.2.1\serenity-core-3.2.1.jar;C:\Users\alwi\.m2\repository\net\serenity-bdd\serenity-model\3.2.1\serenity-model-3.2.1.jar;C:\Users\alwi\.m2\repository\org\apache\commons\commons-text\1.9\commons-text-1.9.jar;C:\Users\alwi\.m2\repository\commons-net\commons-net\3.8.0\commons-net-3.8.0.jar;C:\Users\alwi\.m2\repository\com\google\guava\guava\31.1-jre\guava-31.1-jre.jar;C:\Users\alwi\.m2\repository\com\google\guava\failureaccess\1.0.1\failureaccess-1.0.1.jar;C:\Users\alwi\.m2\repository\com\google\guava\listenablefuture\9999.0-empty-to-avoid-conflict-with-guava\listenablefuture-9999.0-empty-to-avoid-conflict-with-guava.jar;C:\Users\alwi\.m2\repository\com\google\code\findbugs\jsr305\3.0.2\jsr305-3.0.2.jar;C:\Users\alwi\.m2\repository\org\checkerframework\checker-qual\3.12.0\checker-qual-3.12.0.jar;C:\Users\alwi\.m2\repository\com\google\errorprone\error_prone_annotations\2.11.0\error_prone_annotations-2.11.0.jar;C:\Users\alwi\.m2\repository\com\google\j2objc\j2objc-annotations\1.3\j2objc-annotations-1.3.jar;C:\Users\alwi\.m2\repository\com\google\inject\guice\5.1.0\guice-5.1.0.jar;C:\Users\alwi\.m2\repository\javax\inject\javax.inject\1\javax.inject-1.jar;C:\Users\alwi\.m2\repository\aopalliance\aopalliance\1.0\aopalliance-1.0.jar;C:\Users\alwi\.m2\repository\org\jsoup\jsoup\1.14.3\jsoup-1.14.3.jar;C:\Users\alwi\.m2\repository\com\thoughtworks\xstream\xstream\1.4.19\xstream-1.4.19.jar;C:\Users\alwi\.m2\repository\io\github\x-stream\mxparser\1.2.2\mxparser-1.2.2.jar;C:\Users\alwi\.m2\repository\xmlpull\xmlpull\1.1.3.1\xmlpull-1.1.3.1.jar;C:\Users\alwi\.m2\repository\io\cucumber\cucumber-java\7.2.3\cucumber-java-7.2.3.jar;C:\Users\alwi\.m2\repository\com\typesafe\config\1.4.2\config-1.4.2.jar;C:\Users\alwi\.m2\repository\org\imgscalr\imgscalr-lib\4.2\imgscalr-lib-4.2.jar;C:\Users\alwi\.m2\repository\org\awaitility\awaitility\4.2.0\awaitility-4.2.0.jar;C:\Users\alwi\.m2\repository\org\freemarker\freemarker\2.3.31\freemarker-2.3.31.jar;C:\Users\alwi\.m2\repository\io\github\classgraph\classgraph\4.8.138\classgraph-4.8.138.jar;C:\Users\alwi\.m2\repository\net\sourceforge\jexcelapi\jxl\2.6.12\jxl-2.6.12.jar;C:\Users\alwi\.m2\repository\net\bytebuddy\byte-buddy\1.12.8\byte-buddy-1.12.8.jar;C:\Users\alwi\.m2\repository\net\bytebuddy\byte-buddy-agent\1.12.8\byte-buddy-agent-1.12.8.jar;C:\Users\alwi\.m2\repository\org\objenesis\objenesis\3.1\objenesis-3.1.jar;C:\Users\alwi\.m2\repository\net\serenity-bdd\serenity-reports\3.2.1\serenity-reports-3.2.1.jar;C:\Users\alwi\.m2\repository\net\serenity-bdd\serenity-stats\3.2.1\serenity-stats-3.2.1.jar;C:\Users\alwi\.m2\repository\net\serenity-bdd\serenity-reports-configuration\3.2.1\serenity-reports-configuration-3.2.1.jar;C:\Users\alwi\.m2\repository\com\vladsch\flexmark\flexmark-all\0.34.30\flexmark-all-0.34.30.jar;C:\Users\alwi\.m2\repository\com\vladsch\flexmark\flexmark\0.34.30\flexmark-0.34.30.jar;C:\Users\alwi\.m2\repository\com\vladsch\flexmark\flexmark-ext-abbreviation\0.34.30\flexmark-ext-abbreviation-0.34.30.jar;C:\Users\alwi\.m2\repository\com\vladsch\flexmark\flexmark-ext-admonition\0.34.30\flexmark-ext-admonition-0.34.30.jar;C:\Users\alwi\.m2\repository\com\vladsch\flexmark\flexmark-ext-anchorlink\0.34.30\flexmark-ext-anchorlink-0.34.30.jar;C:\Users\alwi\.m2\repository\com\vladsch\flexmark\flexmark-ext-aside\0.34.30\flexmark-ext-aside-0.34.30.jar;C:\Users\alwi\.m2\repository\com\vladsch\flexmark\flexmark-ext-attributes\0.34.30\flexmark-ext-attributes-0.34.30.jar;C:\Users\alwi\.m2\repository\com\vladsch\flexmark\flexmark-ext-autolink\0.34.30\flexmark-ext-autolink-0.34.30.jar;C:\Users\alwi\.m2\repository\org\nibor\autolink\autolink\0.6.0\autolink-0.6.0.jar;C:\Users\alwi\.m2\repository\com\vladsch\flexmark\flexmark-ext-definition\0.34.30\flexmark-ext-definition-0.34.30.jar;C:\Users\alwi\.m2\repository\com\vladsch\flexmark\flexmark-ext-emoji\0.34.30\flexmark-ext-emoji-0.34.30.jar;C:\Users\alwi\.m2\repository\com\vladsch\flexmark\flexmark-ext-enumerated-reference\0.34.30\flexmark-ext-enumerated-reference-0.34.30.jar;C:\Users\alwi\.m2\repository\com\vladsch\flexmark\flexmark-ext-escaped-character\0.34.30\flexmark-ext-escaped-character-0.34.30.jar;C:\Users\alwi\.m2\repository\com\vladsch\flexmark\flexmark-ext-footnotes\0.34.30\flexmark-ext-footnotes-0.34.30.jar;C:\Users\alwi\.m2\repository\com\vladsch\flexmark\flexmark-ext-gfm-issues\0.34.30\flexmark-ext-gfm-issues-0.34.30.jar;C:\Users\alwi\.m2\repository\com\vladsch\flexmark\flexmark-ext-gfm-strikethrough\0.34.30\flexmark-ext-gfm-strikethrough-0.34.30.jar;C:\Users\alwi\.m2\repository\com\vladsch\flexmark\flexmark-ext-gfm-tables\0.34.30\flexmark-ext-gfm-tables-0.34.30.jar;C:\Users\alwi\.m2\repository\com\vladsch\flexmark\flexmark-ext-gfm-tasklist\0.34.30\flexmark-ext-gfm-tasklist-0.34.30.jar;C:\Users\alwi\.m2\repository\com\vladsch\flexmark\flexmark-ext-gfm-users\0.34.30\flexmark-ext-gfm-users-0.34.30.jar;C:\Users\alwi\.m2\repository\com\vladsch\flexmark\flexmark-ext-gitlab\0.34.30\flexmark-ext-gitlab-0.34.30.jar;C:\Users\alwi\.m2\repository\com\vladsch\flexmark\flexmark-ext-jekyll-front-matter\0.34.30\flexmark-ext-jekyll-front-matter-0.34.30.jar;C:\Users\alwi\.m2\repository\com\vladsch\flexmark\flexmark-ext-jekyll-tag\0.34.30\flexmark-ext-jekyll-tag-0.34.30.jar;C:\Users\alwi\.m2\repository\com\vladsch\flexmark\flexmark-ext-media-tags\0.34.30\flexmark-ext-media-tags-0.34.30.jar;C:\Users\alwi\.m2\repository\com\vladsch\flexmark\flexmark-test-util\0.34.30\flexmark-test-util-0.34.30.jar;C:\Users\alwi\.m2\repository\com\vladsch\flexmark\flexmark-ext-ins\0.34.30\flexmark-ext-ins-0.34.30.jar;C:\Users\alwi\.m2\repository\com\vladsch\flexmark\flexmark-ext-xwiki-macros\0.34.30\flexmark-ext-xwiki-macros-0.34.30.jar;C:\Users\alwi\.m2\repository\com\vladsch\flexmark\flexmark-ext-superscript\0.34.30\flexmark-ext-superscript-0.34.30.jar;C:\Users\alwi\.m2\repository\com\vladsch\flexmark\flexmark-ext-tables\0.34.30\flexmark-ext-tables-0.34.30.jar;C:\Users\alwi\.m2\repository\com\vladsch\flexmark\flexmark-ext-toc\0.34.30\flexmark-ext-toc-0.34.30.jar;C:\Users\alwi\.m2\repository\com\vladsch\flexmark\flexmark-ext-typographic\0.34.30\flexmark-ext-typographic-0.34.30.jar;C:\Users\alwi\.m2\repository\com\vladsch\flexmark\flexmark-ext-wikilink\0.34.30\flexmark-ext-wikilink-0.34.30.jar;C:\Users\alwi\.m2\repository\com\vladsch\flexmark\flexmark-ext-yaml-front-matter\0.34.30\flexmark-ext-yaml-front-matter-0.34.30.jar;C:\Users\alwi\.m2\repository\com\vladsch\flexmark\flexmark-ext-youtube-embedded\0.34.30\flexmark-ext-youtube-embedded-0.34.30.jar;C:\Users\alwi\.m2\repository\com\vladsch\flexmark\flexmark-formatter\0.34.30\flexmark-formatter-0.34.30.jar;C:\Users\alwi\.m2\repository\com\vladsch\flexmark\flexmark-html-parser\0.34.30\flexmark-html-parser-0.34.30.jar;C:\Users\alwi\.m2\repository\com\vladsch\flexmark\flexmark-jira-converter\0.34.30\flexmark-jira-converter-0.34.30.jar;C:\Users\alwi\.m2\repository\com\vladsch\flexmark\flexmark-pdf-converter\0.34.30\flexmark-pdf-converter-0.34.30.jar;C:\Users\alwi\.m2\repository\com\openhtmltopdf\openhtmltopdf-core\0.0.1-RC13\openhtmltopdf-core-0.0.1-RC13.jar;C:\Users\alwi\.m2\repository\com\openhtmltopdf\openhtmltopdf-pdfbox\0.0.1-RC13\openhtmltopdf-pdfbox-0.0.1-RC13.jar;C:\Users\alwi\.m2\repository\org\apache\pdfbox\pdfbox\2.0.8\pdfbox-2.0.8.jar;C:\Users\alwi\.m2\repository\org\apache\pdfbox\fontbox\2.0.8\fontbox-2.0.8.jar;C:\Users\alwi\.m2\repository\commons-logging\commons-logging\1.2\commons-logging-1.2.jar;C:\Users\alwi\.m2\repository\org\apache\pdfbox\xmpbox\2.0.8\xmpbox-2.0.8.jar;C:\Users\alwi\.m2\repository\de\rototor\pdfbox\graphics2d\0.12\graphics2d-0.12.jar;C:\Users\alwi\.m2\repository\com\openhtmltopdf\openhtmltopdf-rtl-support\0.0.1-RC13\openhtmltopdf-rtl-support-0.0.1-RC13.jar;C:\Users\alwi\.m2\repository\com\ibm\icu\icu4j\59.1\icu4j-59.1.jar;C:\Users\alwi\.m2\repository\com\openhtmltopdf\openhtmltopdf-jsoup-dom-converter\0.0.1-RC13\openhtmltopdf-jsoup-dom-converter-0.0.1-RC13.jar;C:\Users\alwi\.m2\repository\com\vladsch\flexmark\flexmark-profile-pegdown\0.34.30\flexmark-profile-pegdown-0.34.30.jar;C:\Users\alwi\.m2\repository\com\vladsch\flexmark\flexmark-util\0.34.30\flexmark-util-0.34.30.jar;C:\Users\alwi\.m2\repository\com\vladsch\flexmark\flexmark-youtrack-converter\0.34.30\flexmark-youtrack-converter-0.34.30.jar;C:\Users\alwi\.m2\repository\es\nitaur\markdown\txtmark\0.16\txtmark-0.16.jar;C:\Users\alwi\.m2\repository\net\serenity-bdd\serenity-report-resources\3.2.1\serenity-report-resources-3.2.1.jar;C:\Users\alwi\.m2\repository\com\google\code\gson\gson\2.9.0\gson-2.9.0.jar;C:\Users\alwi\.m2\repository\com\fasterxml\jackson\core\jackson-core\2.13.2\jackson-core-2.13.2.jar;C:\Users\alwi\.m2\repository\com\fasterxml\jackson\core\jackson-databind\2.13.2\jackson-databind-2.13.2.jar;C:\Users\alwi\.m2\repository\com\fasterxml\jackson\core\jackson-annotations\2.13.2\jackson-annotations-2.13.2.jar;C:\Users\alwi\.m2\repository\commons-codec\commons-codec\1.15\commons-codec-1.15.jar;C:\Users\alwi\.m2\repository\commons-io\commons-io\2.11.0\commons-io-2.11.0.jar;C:\Users\alwi\.m2\repository\org\seleniumhq\selenium\selenium-java\4.1.2\selenium-java-4.1.2.jar;C:\Users\alwi\.m2\repository\org\seleniumhq\selenium\selenium-devtools-v85\4.1.2\selenium-devtools-v85-4.1.2.jar;C:\Users\alwi\.m2\repository\org\seleniumhq\selenium\selenium-devtools-v95\4.1.2\selenium-devtools-v95-4.1.2.jar;C:\Users\alwi\.m2\repository\org\seleniumhq\selenium\selenium-devtools-v96\4.1.2\selenium-devtools-v96-4.1.2.jar;C:\Users\alwi\.m2\repository\org\seleniumhq\selenium\selenium-devtools-v97\4.1.2\selenium-devtools-v97-4.1.2.jar;C:\Users\alwi\.m2\repository\org\seleniumhq\selenium\selenium-firefox-xpi-driver\4.1.2\selenium-firefox-xpi-driver-4.1.2.jar;C:\Users\alwi\.m2\repository\org\seleniumhq\selenium\selenium-opera-driver\4.1.2\selenium-opera-driver-4.1.2.jar;C:\Users\alwi\.m2\repository\org\seleniumhq\selenium\selenium-remote-driver\4.1.2\selenium-remote-driver-4.1.2.jar;C:\Users\alwi\.m2\repository\com\beust\jcommander\1.82\jcommander-1.82.jar;C:\Users\alwi\.m2\repository\io\netty\netty-buffer\4.1.73.Final\netty-buffer-4.1.73.Final.jar;C:\Users\alwi\.m2\repository\io\netty\netty-codec-http\4.1.73.Final\netty-codec-http-4.1.73.Final.jar;C:\Users\alwi\.m2\repository\io\netty\netty-codec\4.1.73.Final\netty-codec-4.1.73.Final.jar;C:\Users\alwi\.m2\repository\io\netty\netty-handler\4.1.73.Final\netty-handler-4.1.73.Final.jar;C:\Users\alwi\.m2\repository\io\netty\netty-tcnative-classes\2.0.46.Final\netty-tcnative-classes-2.0.46.Final.jar;C:\Users\alwi\.m2\repository\io\netty\netty-common\4.1.73.Final\netty-common-4.1.73.Final.jar;C:\Users\alwi\.m2\repository\io\netty\netty-transport-classes-epoll\4.1.73.Final\netty-transport-classes-epoll-4.1.73.Final.jar;C:\Users\alwi\.m2\repository\io\netty\netty-transport-classes-kqueue\4.1.73.Final\netty-transport-classes-kqueue-4.1.73.Final.jar;C:\Users\alwi\.m2\repository\io\netty\netty-transport-native-epoll\4.1.73.Final\netty-transport-native-epoll-4.1.73.Final.jar;C:\Users\alwi\.m2\repository\io\netty\netty-transport-native-kqueue\4.1.73.Final\netty-transport-native-kqueue-4.1.73.Final.jar;C:\Users\alwi\.m2\repository\io\netty\netty-transport-native-unix-common\4.1.73.Final\netty-transport-native-unix-common-4.1.73.Final.jar;C:\Users\alwi\.m2\repository\io\netty\netty-transport\4.1.73.Final\netty-transport-4.1.73.Final.jar;C:\Users\alwi\.m2\repository\io\netty\netty-resolver\4.1.73.Final\netty-resolver-4.1.73.Final.jar;C:\Users\alwi\.m2\repository\io\opentelemetry\opentelemetry-api\1.10.1\opentelemetry-api-1.10.1.jar;C:\Users\alwi\.m2\repository\io\opentelemetry\opentelemetry-context\1.10.1\opentelemetry-context-1.10.1.jar;C:\Users\alwi\.m2\repository\io\opentelemetry\opentelemetry-exporter-logging\1.10.1\opentelemetry-exporter-logging-1.10.1.jar;C:\Users\alwi\.m2\repository\io\opentelemetry\opentelemetry-sdk-metrics\1.10.1-alpha\opentelemetry-sdk-metrics-1.10.1-alpha.jar;C:\Users\alwi\.m2\repository\io\opentelemetry\opentelemetry-sdk-logs\1.10.1-alpha\opentelemetry-sdk-logs-1.10.1-alpha.jar;C:\Users\alwi\.m2\repository\io\opentelemetry\opentelemetry-sdk-common\1.10.1\opentelemetry-sdk-common-1.10.1.jar;C:\Users\alwi\.m2\repository\io\opentelemetry\opentelemetry-sdk-extension-autoconfigure-spi\1.10.1\opentelemetry-sdk-extension-autoconfigure-spi-1.10.1.jar;C:\Users\alwi\.m2\repository\io\opentelemetry\opentelemetry-sdk-extension-autoconfigure\1.10.1-alpha\opentelemetry-sdk-extension-autoconfigure-1.10.1-alpha.jar;C:\Users\alwi\.m2\repository\io\opentelemetry\opentelemetry-sdk-trace\1.10.1\opentelemetry-sdk-trace-1.10.1.jar;C:\Users\alwi\.m2\repository\io\opentelemetry\opentelemetry-sdk\1.10.1\opentelemetry-sdk-1.10.1.jar;C:\Users\alwi\.m2\repository\io\opentelemetry\opentelemetry-semconv\1.10.1-alpha\opentelemetry-semconv-1.10.1-alpha.jar;C:\Users\alwi\.m2\repository\io\ous\jtoml\2.0.0\jtoml-2.0.0.jar;C:\Users\alwi\.m2\repository\org\apache\commons\commons-exec\1.3\commons-exec-1.3.jar;C:\Users\alwi\.m2\repository\org\asynchttpclient\async-http-client\2.12.3\async-http-client-2.12.3.jar;C:\Users\alwi\.m2\repository\org\asynchttpclient\async-http-client-netty-utils\2.12.3\async-http-client-netty-utils-2.12.3.jar;C:\Users\alwi\.m2\repository\io\netty\netty-codec-socks\4.1.60.Final\netty-codec-socks-4.1.60.Final.jar;C:\Users\alwi\.m2\repository\io\netty\netty-handler-proxy\4.1.60.Final\netty-handler-proxy-4.1.60.Final.jar;C:\Users\alwi\.m2\repository\io\netty\netty-transport-native-epoll\4.1.60.Final\netty-transport-native-epoll-4.1.60.Final-linux-x86_64.jar;C:\Users\alwi\.m2\repository\io\netty\netty-transport-native-kqueue\4.1.60.Final\netty-transport-native-kqueue-4.1.60.Final-osx-x86_64.jar;C:\Users\alwi\.m2\repository\org\reactivestreams\reactive-streams\1.0.3\reactive-streams-1.0.3.jar;C:\Users\alwi\.m2\repository\com\typesafe\netty\netty-reactive-streams\2.0.4\netty-reactive-streams-2.0.4.jar;C:\Users\alwi\.m2\repository\org\seleniumhq\selenium\selenium-http\4.1.2\selenium-http-4.1.2.jar;C:\Users\alwi\.m2\repository\net\jodah\failsafe\2.4.4\failsafe-2.4.4.jar;C:\Users\alwi\.m2\repository\org\seleniumhq\selenium\selenium-safari-driver\4.1.2\selenium-safari-driver-4.1.2.jar;C:\Users\alwi\.m2\repository\org\seleniumhq\selenium\selenium-api\4.1.2\selenium-api-4.1.2.jar;C:\Users\alwi\.m2\repository\org\seleniumhq\selenium\selenium-support\4.1.2\selenium-support-4.1.2.jar;C:\Users\alwi\.m2\repository\com\google\auto\service\auto-service-annotations\1.0.1\auto-service-annotations-1.0.1.jar;C:\Users\alwi\.m2\repository\com\google\auto\service\auto-service\1.0.1\auto-service-1.0.1.jar;C:\Users\alwi\.m2\repository\com\google\auto\auto-common\1.2\auto-common-1.2.jar;C:\Users\alwi\.m2\repository\org\seleniumhq\selenium\selenium-json\4.1.2\selenium-json-4.1.2.jar;C:\Users\alwi\.m2\repository\org\seleniumhq\selenium\selenium-chrome-driver\4.1.2\selenium-chrome-driver-4.1.2.jar;C:\Users\alwi\.m2\repository\org\seleniumhq\selenium\selenium-chromium-driver\4.1.2\selenium-chromium-driver-4.1.2.jar;C:\Users\alwi\.m2\repository\org\seleniumhq\selenium\selenium-firefox-driver\4.1.2\selenium-firefox-driver-4.1.2.jar;C:\Users\alwi\.m2\repository\org\seleniumhq\selenium\selenium-edge-driver\4.1.2\selenium-edge-driver-4.1.2.jar;C:\Users\alwi\.m2\repository\org\seleniumhq\selenium\selenium-ie-driver\4.1.2\selenium-ie-driver-4.1.2.jar;C:\Users\alwi\.m2\repository\org\projectlombok\lombok\1.18.20\lombok-1.18.20.jar;C:\Users\alwi\.m2\repository\io\appium\java-client\8.0.0\java-client-8.0.0.jar;C:\Users\alwi\.m2\repository\commons-validator\commons-validator\1.7\commons-validator-1.7.jar;C:\Users\alwi\.m2\repository\commons-digester\commons-digester\2.1\commons-digester-2.1.jar;C:\Users\alwi\.m2\repository\org\aspectj\aspectjweaver\1.9.8\aspectjweaver-1.9.8.jar;C:\Users\alwi\.m2\repository\org\codehaus\groovy\groovy\3.0.10\groovy-3.0.10.jar;C:\Users\alwi\.m2\repository\net\sf\opencsv\opencsv\2.0\opencsv-2.0.jar;C:\Users\alwi\.m2\repository\commons-beanutils\commons-beanutils\1.9.4\commons-beanutils-1.9.4.jar;C:\Users\alwi\.m2\repository\org\apache\commons\commons-lang3\3.12.0\commons-lang3-3.12.0.jar;C:\Users\alwi\.m2\repository\commons-collections\commons-collections\3.2.2\commons-collections-3.2.2.jar;C:\Users\alwi\.m2\repository\org\fluentlenium\fluentlenium-core\0.10.2\fluentlenium-core-0.10.2.jar;C:\Users\alwi\.m2\repository\io\github\bonigarcia\webdrivermanager\5.1.0\webdrivermanager-5.1.0.jar;C:\Users\alwi\.m2\repository\com\github\docker-java\docker-java\3.2.13\docker-java-3.2.13.jar;C:\Users\alwi\.m2\repository\com\github\docker-java\docker-java-core\3.2.13\docker-java-core-3.2.13.jar;C:\Users\alwi\.m2\repository\com\github\docker-java\docker-java-api\3.2.13\docker-java-api-3.2.13.jar;C:\Users\alwi\.m2\repository\org\apache\commons\commons-compress\1.21\commons-compress-1.21.jar;C:\Users\alwi\.m2\repository\org\bouncycastle\bcpkix-jdk15on\1.64\bcpkix-jdk15on-1.64.jar;C:\Users\alwi\.m2\repository\org\bouncycastle\bcprov-jdk15on\1.64\bcprov-jdk15on-1.64.jar;C:\Users\alwi\.m2\repository\org\slf4j\jcl-over-slf4j\1.7.30\jcl-over-slf4j-1.7.30.jar;C:\Users\alwi\.m2\repository\com\github\docker-java\docker-java-transport-httpclient5\3.2.13\docker-java-transport-httpclient5-3.2.13.jar;C:\Users\alwi\.m2\repository\com\github\docker-java\docker-java-transport\3.2.13\docker-java-transport-3.2.13.jar;C:\Users\alwi\.m2\repository\org\apache\httpcomponents\client5\httpclient5\5.0.3\httpclient5-5.0.3.jar;C:\Users\alwi\.m2\repository\org\apache\httpcomponents\core5\httpcore5\5.0.2\httpcore5-5.0.2.jar;C:\Users\alwi\.m2\repository\net\java\dev\jna\jna\5.8.0\jna-5.8.0.jar;C:\Users\alwi\.m2\repository\org\brotli\dec\0.1.2\dec-0.1.2.jar;C:\Users\alwi\.m2\repository\com\jhlabs\filters\2.0.235\filters-2.0.235.jar;C:\Users\alwi\.m2\repository\com\paulhammant\ngwebdriver\1.1.6\ngwebdriver-1.1.6.jar;C:\Users\alwi\.m2\repository\joda-time\joda-time\2.8.2\joda-time-2.8.2.jar;C:\Users\alwi\.m2\repository\org\hamcrest\hamcrest\2.2\hamcrest-2.2.jar;C:\Users\alwi\.m2\repository\com\google\jimfs\jimfs\1.2\jimfs-1.2.jar;C:\Users\alwi\.m2\repository\org\mockito\mockito-core\3.3.3\mockito-core-3.3.3.jar;C:\Users\alwi\.m2\repository\javax\xml\bind\jaxb-api\2.3.1\jaxb-api-2.3.1.jar;C:\Users\alwi\.m2\repository\javax\activation\javax.activation-api\1.2.0\javax.activation-api-1.2.0.jar;C:\Users\alwi\.m2\repository\com\sun\xml\bind\jaxb-core\2.3.0.1\jaxb-core-2.3.0.1.jar;C:\Users\alwi\.m2\repository\com\sun\xml\bind\jaxb-impl\2.3.3\jaxb-impl-2.3.3.jar;C:\Users\alwi\.m2\repository\jakarta\xml\bind\jakarta.xml.bind-api\2.3.3\jakarta.xml.bind-api-2.3.3.jar;C:\Users\alwi\.m2\repository\com\sun\activation\jakarta.activation\1.2.2\jakarta.activation-1.2.2.jar;C:\Users\alwi\.m2\repository\javax\activation\activation\1.1.1\activation-1.1.1.jar;C:\Users\alwi\.m2\repository\net\serenity-bdd\serenity-cucumber\3.2.1\serenity-cucumber-3.2.1.jar;C:\Users\alwi\.m2\repository\io\cucumber\cucumber-core\7.2.3\cucumber-core-7.2.3.jar;C:\Users\alwi\.m2\repository\io\cucumber\cucumber-gherkin\7.2.3\cucumber-gherkin-7.2.3.jar;C:\Users\alwi\.m2\repository\io\cucumber\cucumber-gherkin-messages\7.2.3\cucumber-gherkin-messages-7.2.3.jar;C:\Users\alwi\.m2\repository\io\cucumber\messages\17.1.1\messages-17.1.1.jar;C:\Users\alwi\.m2\repository\io\cucumber\tag-expressions\4.1.0\tag-expressions-4.1.0.jar;C:\Users\alwi\.m2\repository\io\cucumber\cucumber-expressions\15.0.1\cucumber-expressions-15.0.1.jar;C:\Users\alwi\.m2\repository\io\cucumber\datatable\7.2.3\datatable-7.2.3.jar;C:\Users\alwi\.m2\repository\io\cucumber\cucumber-plugin\7.2.3\cucumber-plugin-7.2.3.jar;C:\Users\alwi\.m2\repository\io\cucumber\docstring\7.2.3\docstring-7.2.3.jar;C:\Users\alwi\.m2\repository\io\cucumber\html-formatter\17.0.0\html-formatter-17.0.0.jar;C:\Users\alwi\.m2\repository\io\cucumber\ci-environment\8.1.0\ci-environment-8.1.0.jar;C:\Users\alwi\.m2\repository\io\cucumber\cucumber-junit\7.2.3\cucumber-junit-7.2.3.jar;C:\Users\alwi\.m2\repository\org\apache\commons\commons-csv\1.5\commons-csv-1.5.jar;C:\Users\alwi\.m2\repository\net\serenity-bdd\serenity-screenplay\3.2.1\serenity-screenplay-3.2.1.jar;C:\Users\alwi\.m2\repository\net\serenity-bdd\serenity-screenplay-webdriver\3.2.1\serenity-screenplay-webdriver-3.2.1.jar;C:\Users\alwi\.m2\repository\net\serenity-bdd\serenity-ensure\3.2.1\serenity-ensure-3.2.1.jar;C:\Users\alwi\.m2\repository\net\serenity-bdd\serenity-junit\3.2.1\serenity-junit-3.2.1.jar;C:\Users\alwi\.m2\repository\org\jetbrains\kotlin\kotlin-stdlib\1.6.0\kotlin-stdlib-1.6.0.jar;C:\Users\alwi\.m2\repository\org\jetbrains\annotations\13.0\annotations-13.0.jar;C:\Users\alwi\.m2\repository\org\jetbrains\kotlin\kotlin-stdlib-common\1.6.0\kotlin-stdlib-common-1.6.0.jar;C:\Users\alwi\.m2\repository\org\junit\platform\junit-platform-launcher\1.8.1\junit-platform-launcher-1.8.1.jar;C:\Users\alwi\.m2\repository\org\junit\platform\junit-platform-engine\1.8.1\junit-platform-engine-1.8.1.jar;C:\Users\alwi\.m2\repository\org\opentest4j\opentest4j\1.2.0\opentest4j-1.2.0.jar;C:\Users\alwi\.m2\repository\org\junit\platform\junit-platform-commons\1.8.1\junit-platform-commons-1.8.1.jar;C:\Users\alwi\.m2\repository\org\apiguardian\apiguardian-api\1.1.2\apiguardian-api-1.1.2.jar;C:\Users\alwi\.m2\repository\org\junit\jupiter\junit-jupiter-engine\5.8.2\junit-jupiter-engine-5.8.2.jar;C:\Users\alwi\.m2\repository\org\junit\jupiter\junit-jupiter-api\5.8.2\junit-jupiter-api-5.8.2.jar;C:\Users\alwi\.m2\repository\org\junit\vintage\junit-vintage-engine\5.8.2\junit-vintage-engine-5.8.2.jar;C:\Users\alwi\.m2\repository\junit\junit\4.13.2\junit-4.13.2.jar;C:\Users\alwi\.m2\repository\org\hamcrest\hamcrest-core\1.3\hamcrest-core-1.3.jar;C:\Users\alwi\.m2\repository\ch\qos\logback\logback-classic\1.2.10\logback-classic-1.2.10.jar;C:\Users\alwi\.m2\repository\ch\qos\logback\logback-core\1.2.10\logback-core-1.2.10.jar;C:\Users\alwi\.m2\repository\org\slf4j\slf4j-api\1.7.32\slf4j-api-1.7.32.jar;C:\Users\alwi\.m2\repository\org\assertj\assertj-core\3.6.2\assertj-core-3.6.2.jar;"/>
    <property name="sun.cpu.endian" value="little"/>
    <property name="user.home" value="C:\Users\alwi"/>
    <property name="user.language" value="en"/>
    <property name="java.specification.vendor" value="Oracle Corporation"/>
    <property name="jdk.module.path" value="C:\Users\alwi\IdeaProjects\AltaShop\target\AltaShop-1.0-SNAPSHOT.jar"/>
    <property name="java.version.date" value="2020-01-14"/>
    <property name="java.home" value="C:\Program Files\Java\jdk-13.0.2"/>
    <property name="file.separator" value="\"/>
    <property name="basedir" value="C:\Users\alwi\IdeaProjects\AltaShop"/>
    <property name="java.vm.compressedOopsMode" value="32-bit"/>
    <property name="line.separator" value="&#10;"/>
    <property name="java.vm.specification.vendor" value="Oracle Corporation"/>
    <property name="java.specification.name" value="Java Platform API Specification"/>
    <property name="surefire.real.class.path" value="C:\Users\alwi\.m2\repository\org\apache\maven\surefire\surefire-booter\3.0.0-M5\surefire-booter-3.0.0-M5.jar;C:\Users\alwi\.m2\repository\org\apache\maven\surefire\surefire-api\3.0.0-M5\surefire-api-3.0.0-M5.jar;C:\Users\alwi\.m2\repository\org\apache\maven\surefire\surefire-logger-api\3.0.0-M5\surefire-logger-api-3.0.0-M5.jar;C:\Users\alwi\.m2\repository\org\apache\maven\surefire\surefire-shared-utils\3.0.0-M4\surefire-shared-utils-3.0.0-M4.jar;C:\Users\alwi\.m2\repository\org\apache\maven\surefire\surefire-extensions-spi\3.0.0-M5\surefire-extensions-spi-3.0.0-M5.jar;C:\Users\alwi\IdeaProjects\AltaShop\target\test-classes;C:\Users\alwi\.m2\repository\net\serenity-bdd\serenity-core\3.2.1\serenity-core-3.2.1.jar;C:\Users\alwi\.m2\repository\net\serenity-bdd\serenity-model\3.2.1\serenity-model-3.2.1.jar;C:\Users\alwi\.m2\repository\org\apache\commons\commons-text\1.9\commons-text-1.9.jar;C:\Users\alwi\.m2\repository\commons-net\commons-net\3.8.0\commons-net-3.8.0.jar;C:\Users\alwi\.m2\repository\com\google\guava\guava\31.1-jre\guava-31.1-jre.jar;C:\Users\alwi\.m2\repository\com\google\guava\failureaccess\1.0.1\failureaccess-1.0.1.jar;C:\Users\alwi\.m2\repository\com\google\guava\listenablefuture\9999.0-empty-to-avoid-conflict-with-guava\listenablefuture-9999.0-empty-to-avoid-conflict-with-guava.jar;C:\Users\alwi\.m2\repository\com\google\code\findbugs\jsr305\3.0.2\jsr305-3.0.2.jar;C:\Users\alwi\.m2\repository\org\checkerframework\checker-qual\3.12.0\checker-qual-3.12.0.jar;C:\Users\alwi\.m2\repository\com\google\errorprone\error_prone_annotations\2.11.0\error_prone_annotations-2.11.0.jar;C:\Users\alwi\.m2\repository\com\google\j2objc\j2objc-annotations\1.3\j2objc-annotations-1.3.jar;C:\Users\alwi\.m2\repository\com\google\inject\guice\5.1.0\guice-5.1.0.jar;C:\Users\alwi\.m2\repository\javax\inject\javax.inject\1\javax.inject-1.jar;C:\Users\alwi\.m2\repository\aopalliance\aopalliance\1.0\aopalliance-1.0.jar;C:\Users\alwi\.m2\repository\org\jsoup\jsoup\1.14.3\jsoup-1.14.3.jar;C:\Users\alwi\.m2\repository\com\thoughtworks\xstream\xstream\1.4.19\xstream-1.4.19.jar;C:\Users\alwi\.m2\repository\io\github\x-stream\mxparser\1.2.2\mxparser-1.2.2.jar;C:\Users\alwi\.m2\repository\xmlpull\xmlpull\1.1.3.1\xmlpull-1.1.3.1.jar;C:\Users\alwi\.m2\repository\io\cucumber\cucumber-java\7.2.3\cucumber-java-7.2.3.jar;C:\Users\alwi\.m2\repository\com\typesafe\config\1.4.2\config-1.4.2.jar;C:\Users\alwi\.m2\repository\org\imgscalr\imgscalr-lib\4.2\imgscalr-lib-4.2.jar;C:\Users\alwi\.m2\repository\org\awaitility\awaitility\4.2.0\awaitility-4.2.0.jar;C:\Users\alwi\.m2\repository\org\freemarker\freemarker\2.3.31\freemarker-2.3.31.jar;C:\Users\alwi\.m2\repository\io\github\classgraph\classgraph\4.8.138\classgraph-4.8.138.jar;C:\Users\alwi\.m2\repository\net\sourceforge\jexcelapi\jxl\2.6.12\jxl-2.6.12.jar;C:\Users\alwi\.m2\repository\net\bytebuddy\byte-buddy\1.12.8\byte-buddy-1.12.8.jar;C:\Users\alwi\.m2\repository\net\bytebuddy\byte-buddy-agent\1.12.8\byte-buddy-agent-1.12.8.jar;C:\Users\alwi\.m2\repository\org\objenesis\objenesis\3.1\objenesis-3.1.jar;C:\Users\alwi\.m2\repository\net\serenity-bdd\serenity-reports\3.2.1\serenity-reports-3.2.1.jar;C:\Users\alwi\.m2\repository\net\serenity-bdd\serenity-stats\3.2.1\serenity-stats-3.2.1.jar;C:\Users\alwi\.m2\repository\net\serenity-bdd\serenity-reports-configuration\3.2.1\serenity-reports-configuration-3.2.1.jar;C:\Users\alwi\.m2\repository\com\vladsch\flexmark\flexmark-all\0.34.30\flexmark-all-0.34.30.jar;C:\Users\alwi\.m2\repository\com\vladsch\flexmark\flexmark\0.34.30\flexmark-0.34.30.jar;C:\Users\alwi\.m2\repository\com\vladsch\flexmark\flexmark-ext-abbreviation\0.34.30\flexmark-ext-abbreviation-0.34.30.jar;C:\Users\alwi\.m2\repository\com\vladsch\flexmark\flexmark-ext-admonition\0.34.30\flexmark-ext-admonition-0.34.30.jar;C:\Users\alwi\.m2\repository\com\vladsch\flexmark\flexmark-ext-anchorlink\0.34.30\flexmark-ext-anchorlink-0.34.30.jar;C:\Users\alwi\.m2\repository\com\vladsch\flexmark\flexmark-ext-aside\0.34.30\flexmark-ext-aside-0.34.30.jar;C:\Users\alwi\.m2\repository\com\vladsch\flexmark\flexmark-ext-attributes\0.34.30\flexmark-ext-attributes-0.34.30.jar;C:\Users\alwi\.m2\repository\com\vladsch\flexmark\flexmark-ext-autolink\0.34.30\flexmark-ext-autolink-0.34.30.jar;C:\Users\alwi\.m2\repository\org\nibor\autolink\autolink\0.6.0\autolink-0.6.0.jar;C:\Users\alwi\.m2\repository\com\vladsch\flexmark\flexmark-ext-definition\0.34.30\flexmark-ext-definition-0.34.30.jar;C:\Users\alwi\.m2\repository\com\vladsch\flexmark\flexmark-ext-emoji\0.34.30\flexmark-ext-emoji-0.34.30.jar;C:\Users\alwi\.m2\repository\com\vladsch\flexmark\flexmark-ext-enumerated-reference\0.34.30\flexmark-ext-enumerated-reference-0.34.30.jar;C:\Users\alwi\.m2\repository\com\vladsch\flexmark\flexmark-ext-escaped-character\0.34.30\flexmark-ext-escaped-character-0.34.30.jar;C:\Users\alwi\.m2\repository\com\vladsch\flexmark\flexmark-ext-footnotes\0.34.30\flexmark-ext-footnotes-0.34.30.jar;C:\Users\alwi\.m2\repository\com\vladsch\flexmark\flexmark-ext-gfm-issues\0.34.30\flexmark-ext-gfm-issues-0.34.30.jar;C:\Users\alwi\.m2\repository\com\vladsch\flexmark\flexmark-ext-gfm-strikethrough\0.34.30\flexmark-ext-gfm-strikethrough-0.34.30.jar;C:\Users\alwi\.m2\repository\com\vladsch\flexmark\flexmark-ext-gfm-tables\0.34.30\flexmark-ext-gfm-tables-0.34.30.jar;C:\Users\alwi\.m2\repository\com\vladsch\flexmark\flexmark-ext-gfm-tasklist\0.34.30\flexmark-ext-gfm-tasklist-0.34.30.jar;C:\Users\alwi\.m2\repository\com\vladsch\flexmark\flexmark-ext-gfm-users\0.34.30\flexmark-ext-gfm-users-0.34.30.jar;C:\Users\alwi\.m2\repository\com\vladsch\flexmark\flexmark-ext-gitlab\0.34.30\flexmark-ext-gitlab-0.34.30.jar;C:\Users\alwi\.m2\repository\com\vladsch\flexmark\flexmark-ext-jekyll-front-matter\0.34.30\flexmark-ext-jekyll-front-matter-0.34.30.jar;C:\Users\alwi\.m2\repository\com\vladsch\flexmark\flexmark-ext-jekyll-tag\0.34.30\flexmark-ext-jekyll-tag-0.34.30.jar;C:\Users\alwi\.m2\repository\com\vladsch\flexmark\flexmark-ext-media-tags\0.34.30\flexmark-ext-media-tags-0.34.30.jar;C:\Users\alwi\.m2\repository\com\vladsch\flexmark\flexmark-test-util\0.34.30\flexmark-test-util-0.34.30.jar;C:\Users\alwi\.m2\repository\com\vladsch\flexmark\flexmark-ext-ins\0.34.30\flexmark-ext-ins-0.34.30.jar;C:\Users\alwi\.m2\repository\com\vladsch\flexmark\flexmark-ext-xwiki-macros\0.34.30\flexmark-ext-xwiki-macros-0.34.30.jar;C:\Users\alwi\.m2\repository\com\vladsch\flexmark\flexmark-ext-superscript\0.34.30\flexmark-ext-superscript-0.34.30.jar;C:\Users\alwi\.m2\repository\com\vladsch\flexmark\flexmark-ext-tables\0.34.30\flexmark-ext-tables-0.34.30.jar;C:\Users\alwi\.m2\repository\com\vladsch\flexmark\flexmark-ext-toc\0.34.30\flexmark-ext-toc-0.34.30.jar;C:\Users\alwi\.m2\repository\com\vladsch\flexmark\flexmark-ext-typographic\0.34.30\flexmark-ext-typographic-0.34.30.jar;C:\Users\alwi\.m2\repository\com\vladsch\flexmark\flexmark-ext-wikilink\0.34.30\flexmark-ext-wikilink-0.34.30.jar;C:\Users\alwi\.m2\repository\com\vladsch\flexmark\flexmark-ext-yaml-front-matter\0.34.30\flexmark-ext-yaml-front-matter-0.34.30.jar;C:\Users\alwi\.m2\repository\com\vladsch\flexmark\flexmark-ext-youtube-embedded\0.34.30\flexmark-ext-youtube-embedded-0.34.30.jar;C:\Users\alwi\.m2\repository\com\vladsch\flexmark\flexmark-formatter\0.34.30\flexmark-formatter-0.34.30.jar;C:\Users\alwi\.m2\repository\com\vladsch\flexmark\flexmark-html-parser\0.34.30\flexmark-html-parser-0.34.30.jar;C:\Users\alwi\.m2\repository\com\vladsch\flexmark\flexmark-jira-converter\0.34.30\flexmark-jira-converter-0.34.30.jar;C:\Users\alwi\.m2\repository\com\vladsch\flexmark\flexmark-pdf-converter\0.34.30\flexmark-pdf-converter-0.34.30.jar;C:\Users\alwi\.m2\repository\com\openhtmltopdf\openhtmltopdf-core\0.0.1-RC13\openhtmltopdf-core-0.0.1-RC13.jar;C:\Users\alwi\.m2\repository\com\openhtmltopdf\openhtmltopdf-pdfbox\0.0.1-RC13\openhtmltopdf-pdfbox-0.0.1-RC13.jar;C:\Users\alwi\.m2\repository\org\apache\pdfbox\pdfbox\2.0.8\pdfbox-2.0.8.jar;C:\Users\alwi\.m2\repository\org\apache\pdfbox\fontbox\2.0.8\fontbox-2.0.8.jar;C:\Users\alwi\.m2\repository\commons-logging\commons-logging\1.2\commons-logging-1.2.jar;C:\Users\alwi\.m2\repository\org\apache\pdfbox\xmpbox\2.0.8\xmpbox-2.0.8.jar;C:\Users\alwi\.m2\repository\de\rototor\pdfbox\graphics2d\0.12\graphics2d-0.12.jar;C:\Users\alwi\.m2\repository\com\openhtmltopdf\openhtmltopdf-rtl-support\0.0.1-RC13\openhtmltopdf-rtl-support-0.0.1-RC13.jar;C:\Users\alwi\.m2\repository\com\ibm\icu\icu4j\59.1\icu4j-59.1.jar;C:\Users\alwi\.m2\repository\com\openhtmltopdf\openhtmltopdf-jsoup-dom-converter\0.0.1-RC13\openhtmltopdf-jsoup-dom-converter-0.0.1-RC13.jar;C:\Users\alwi\.m2\repository\com\vladsch\flexmark\flexmark-profile-pegdown\0.34.30\flexmark-profile-pegdown-0.34.30.jar;C:\Users\alwi\.m2\repository\com\vladsch\flexmark\flexmark-util\0.34.30\flexmark-util-0.34.30.jar;C:\Users\alwi\.m2\repository\com\vladsch\flexmark\flexmark-youtrack-converter\0.34.30\flexmark-youtrack-converter-0.34.30.jar;C:\Users\alwi\.m2\repository\es\nitaur\markdown\txtmark\0.16\txtmark-0.16.jar;C:\Users\alwi\.m2\repository\net\serenity-bdd\serenity-report-resources\3.2.1\serenity-report-resources-3.2.1.jar;C:\Users\alwi\.m2\repository\com\google\code\gson\gson\2.9.0\gson-2.9.0.jar;C:\Users\alwi\.m2\repository\com\fasterxml\jackson\core\jackson-core\2.13.2\jackson-core-2.13.2.jar;C:\Users\alwi\.m2\repository\com\fasterxml\jackson\core\jackson-databind\2.13.2\jackson-databind-2.13.2.jar;C:\Users\alwi\.m2\repository\com\fasterxml\jackson\core\jackson-annotations\2.13.2\jackson-annotations-2.13.2.jar;C:\Users\alwi\.m2\repository\commons-codec\commons-codec\1.15\commons-codec-1.15.jar;C:\Users\alwi\.m2\repository\commons-io\commons-io\2.11.0\commons-io-2.11.0.jar;C:\Users\alwi\.m2\repository\org\seleniumhq\selenium\selenium-java\4.1.2\selenium-java-4.1.2.jar;C:\Users\alwi\.m2\repository\org\seleniumhq\selenium\selenium-devtools-v85\4.1.2\selenium-devtools-v85-4.1.2.jar;C:\Users\alwi\.m2\repository\org\seleniumhq\selenium\selenium-devtools-v95\4.1.2\selenium-devtools-v95-4.1.2.jar;C:\Users\alwi\.m2\repository\org\seleniumhq\selenium\selenium-devtools-v96\4.1.2\selenium-devtools-v96-4.1.2.jar;C:\Users\alwi\.m2\repository\org\seleniumhq\selenium\selenium-devtools-v97\4.1.2\selenium-devtools-v97-4.1.2.jar;C:\Users\alwi\.m2\repository\org\seleniumhq\selenium\selenium-firefox-xpi-driver\4.1.2\selenium-firefox-xpi-driver-4.1.2.jar;C:\Users\alwi\.m2\repository\org\seleniumhq\selenium\selenium-opera-driver\4.1.2\selenium-opera-driver-4.1.2.jar;C:\Users\alwi\.m2\repository\org\seleniumhq\selenium\selenium-remote-driver\4.1.2\selenium-remote-driver-4.1.2.jar;C:\Users\alwi\.m2\repository\com\beust\jcommander\1.82\jcommander-1.82.jar;C:\Users\alwi\.m2\repository\io\netty\netty-buffer\4.1.73.Final\netty-buffer-4.1.73.Final.jar;C:\Users\alwi\.m2\repository\io\netty\netty-codec-http\4.1.73.Final\netty-codec-http-4.1.73.Final.jar;C:\Users\alwi\.m2\repository\io\netty\netty-codec\4.1.73.Final\netty-codec-4.1.73.Final.jar;C:\Users\alwi\.m2\repository\io\netty\netty-handler\4.1.73.Final\netty-handler-4.1.73.Final.jar;C:\Users\alwi\.m2\repository\io\netty\netty-tcnative-classes\2.0.46.Final\netty-tcnative-classes-2.0.46.Final.jar;C:\Users\alwi\.m2\repository\io\netty\netty-common\4.1.73.Final\netty-common-4.1.73.Final.jar;C:\Users\alwi\.m2\repository\io\netty\netty-transport-classes-epoll\4.1.73.Final\netty-transport-classes-epoll-4.1.73.Final.jar;C:\Users\alwi\.m2\repository\io\netty\netty-transport-classes-kqueue\4.1.73.Final\netty-transport-classes-kqueue-4.1.73.Final.jar;C:\Users\alwi\.m2\repository\io\netty\netty-transport-native-epoll\4.1.73.Final\netty-transport-native-epoll-4.1.73.Final.jar;C:\Users\alwi\.m2\repository\io\netty\netty-transport-native-kqueue\4.1.73.Final\netty-transport-native-kqueue-4.1.73.Final.jar;C:\Users\alwi\.m2\repository\io\netty\netty-transport-native-unix-common\4.1.73.Final\netty-transport-native-unix-common-4.1.73.Final.jar;C:\Users\alwi\.m2\repository\io\netty\netty-transport\4.1.73.Final\netty-transport-4.1.73.Final.jar;C:\Users\alwi\.m2\repository\io\netty\netty-resolver\4.1.73.Final\netty-resolver-4.1.73.Final.jar;C:\Users\alwi\.m2\repository\io\opentelemetry\opentelemetry-api\1.10.1\opentelemetry-api-1.10.1.jar;C:\Users\alwi\.m2\repository\io\opentelemetry\opentelemetry-context\1.10.1\opentelemetry-context-1.10.1.jar;C:\Users\alwi\.m2\repository\io\opentelemetry\opentelemetry-exporter-logging\1.10.1\opentelemetry-exporter-logging-1.10.1.jar;C:\Users\alwi\.m2\repository\io\opentelemetry\opentelemetry-sdk-metrics\1.10.1-alpha\opentelemetry-sdk-metrics-1.10.1-alpha.jar;C:\Users\alwi\.m2\repository\io\opentelemetry\opentelemetry-sdk-logs\1.10.1-alpha\opentelemetry-sdk-logs-1.10.1-alpha.jar;C:\Users\alwi\.m2\repository\io\opentelemetry\opentelemetry-sdk-common\1.10.1\opentelemetry-sdk-common-1.10.1.jar;C:\Users\alwi\.m2\repository\io\opentelemetry\opentelemetry-sdk-extension-autoconfigure-spi\1.10.1\opentelemetry-sdk-extension-autoconfigure-spi-1.10.1.jar;C:\Users\alwi\.m2\repository\io\opentelemetry\opentelemetry-sdk-extension-autoconfigure\1.10.1-alpha\opentelemetry-sdk-extension-autoconfigure-1.10.1-alpha.jar;C:\Users\alwi\.m2\repository\io\opentelemetry\opentelemetry-sdk-trace\1.10.1\opentelemetry-sdk-trace-1.10.1.jar;C:\Users\alwi\.m2\repository\io\opentelemetry\opentelemetry-sdk\1.10.1\opentelemetry-sdk-1.10.1.jar;C:\Users\alwi\.m2\repository\io\opentelemetry\opentelemetry-semconv\1.10.1-alpha\opentelemetry-semconv-1.10.1-alpha.jar;C:\Users\alwi\.m2\repository\io\ous\jtoml\2.0.0\jtoml-2.0.0.jar;C:\Users\alwi\.m2\repository\org\apache\commons\commons-exec\1.3\commons-exec-1.3.jar;C:\Users\alwi\.m2\repository\org\asynchttpclient\async-http-client\2.12.3\async-http-client-2.12.3.jar;C:\Users\alwi\.m2\repository\org\asynchttpclient\async-http-client-netty-utils\2.12.3\async-http-client-netty-utils-2.12.3.jar;C:\Users\alwi\.m2\repository\io\netty\netty-codec-socks\4.1.60.Final\netty-codec-socks-4.1.60.Final.jar;C:\Users\alwi\.m2\repository\io\netty\netty-handler-proxy\4.1.60.Final\netty-handler-proxy-4.1.60.Final.jar;C:\Users\alwi\.m2\repository\io\netty\netty-transport-native-epoll\4.1.60.Final\netty-transport-native-epoll-4.1.60.Final-linux-x86_64.jar;C:\Users\alwi\.m2\repository\io\netty\netty-transport-native-kqueue\4.1.60.Final\netty-transport-native-kqueue-4.1.60.Final-osx-x86_64.jar;C:\Users\alwi\.m2\repository\org\reactivestreams\reactive-streams\1.0.3\reactive-streams-1.0.3.jar;C:\Users\alwi\.m2\repository\com\typesafe\netty\netty-reactive-streams\2.0.4\netty-reactive-streams-2.0.4.jar;C:\Users\alwi\.m2\repository\org\seleniumhq\selenium\selenium-http\4.1.2\selenium-http-4.1.2.jar;C:\Users\alwi\.m2\repository\net\jodah\failsafe\2.4.4\failsafe-2.4.4.jar;C:\Users\alwi\.m2\repository\org\seleniumhq\selenium\selenium-safari-driver\4.1.2\selenium-safari-driver-4.1.2.jar;C:\Users\alwi\.m2\repository\org\seleniumhq\selenium\selenium-api\4.1.2\selenium-api-4.1.2.jar;C:\Users\alwi\.m2\repository\org\seleniumhq\selenium\selenium-support\4.1.2\selenium-support-4.1.2.jar;C:\Users\alwi\.m2\repository\com\google\auto\service\auto-service-annotations\1.0.1\auto-service-annotations-1.0.1.jar;C:\Users\alwi\.m2\repository\com\google\auto\service\auto-service\1.0.1\auto-service-1.0.1.jar;C:\Users\alwi\.m2\repository\com\google\auto\auto-common\1.2\auto-common-1.2.jar;C:\Users\alwi\.m2\repository\org\seleniumhq\selenium\selenium-json\4.1.2\selenium-json-4.1.2.jar;C:\Users\alwi\.m2\repository\org\seleniumhq\selenium\selenium-chrome-driver\4.1.2\selenium-chrome-driver-4.1.2.jar;C:\Users\alwi\.m2\repository\org\seleniumhq\selenium\selenium-chromium-driver\4.1.2\selenium-chromium-driver-4.1.2.jar;C:\Users\alwi\.m2\repository\org\seleniumhq\selenium\selenium-firefox-driver\4.1.2\selenium-firefox-driver-4.1.2.jar;C:\Users\alwi\.m2\repository\org\seleniumhq\selenium\selenium-edge-driver\4.1.2\selenium-edge-driver-4.1.2.jar;C:\Users\alwi\.m2\repository\org\seleniumhq\selenium\selenium-ie-driver\4.1.2\selenium-ie-driver-4.1.2.jar;C:\Users\alwi\.m2\repository\org\projectlombok\lombok\1.18.20\lombok-1.18.20.jar;C:\Users\alwi\.m2\repository\io\appium\java-client\8.0.0\java-client-8.0.0.jar;C:\Users\alwi\.m2\repository\commons-validator\commons-validator\1.7\commons-validator-1.7.jar;C:\Users\alwi\.m2\repository\commons-digester\commons-digester\2.1\commons-digester-2.1.jar;C:\Users\alwi\.m2\repository\org\aspectj\aspectjweaver\1.9.8\aspectjweaver-1.9.8.jar;C:\Users\alwi\.m2\repository\org\codehaus\groovy\groovy\3.0.10\groovy-3.0.10.jar;C:\Users\alwi\.m2\repository\net\sf\opencsv\opencsv\2.0\opencsv-2.0.jar;C:\Users\alwi\.m2\repository\commons-beanutils\commons-beanutils\1.9.4\commons-beanutils-1.9.4.jar;C:\Users\alwi\.m2\repository\org\apache\commons\commons-lang3\3.12.0\commons-lang3-3.12.0.jar;C:\Users\alwi\.m2\repository\commons-collections\commons-collections\3.2.2\commons-collections-3.2.2.jar;C:\Users\alwi\.m2\repository\org\fluentlenium\fluentlenium-core\0.10.2\fluentlenium-core-0.10.2.jar;C:\Users\alwi\.m2\repository\io\github\bonigarcia\webdrivermanager\5.1.0\webdrivermanager-5.1.0.jar;C:\Users\alwi\.m2\repository\com\github\docker-java\docker-java\3.2.13\docker-java-3.2.13.jar;C:\Users\alwi\.m2\repository\com\github\docker-java\docker-java-core\3.2.13\docker-java-core-3.2.13.jar;C:\Users\alwi\.m2\repository\com\github\docker-java\docker-java-api\3.2.13\docker-java-api-3.2.13.jar;C:\Users\alwi\.m2\repository\org\apache\commons\commons-compress\1.21\commons-compress-1.21.jar;C:\Users\alwi\.m2\repository\org\bouncycastle\bcpkix-jdk15on\1.64\bcpkix-jdk15on-1.64.jar;C:\Users\alwi\.m2\repository\org\bouncycastle\bcprov-jdk15on\1.64\bcprov-jdk15on-1.64.jar;C:\Users\alwi\.m2\repository\org\slf4j\jcl-over-slf4j\1.7.30\jcl-over-slf4j-1.7.30.jar;C:\Users\alwi\.m2\repository\com\github\docker-java\docker-java-transport-httpclient5\3.2.13\docker-java-transport-httpclient5-3.2.13.jar;C:\Users\alwi\.m2\repository\com\github\docker-java\docker-java-transport\3.2.13\docker-java-transport-3.2.13.jar;C:\Users\alwi\.m2\repository\org\apache\httpcomponents\client5\httpclient5\5.0.3\httpclient5-5.0.3.jar;C:\Users\alwi\.m2\repository\org\apache\httpcomponents\core5\httpcore5\5.0.2\httpcore5-5.0.2.jar;C:\Users\alwi\.m2\repository\net\java\dev\jna\jna\5.8.0\jna-5.8.0.jar;C:\Users\alwi\.m2\repository\org\brotli\dec\0.1.2\dec-0.1.2.jar;C:\Users\alwi\.m2\repository\com\jhlabs\filters\2.0.235\filters-2.0.235.jar;C:\Users\alwi\.m2\repository\com\paulhammant\ngwebdriver\1.1.6\ngwebdriver-1.1.6.jar;C:\Users\alwi\.m2\repository\joda-time\joda-time\2.8.2\joda-time-2.8.2.jar;C:\Users\alwi\.m2\repository\org\hamcrest\hamcrest\2.2\hamcrest-2.2.jar;C:\Users\alwi\.m2\repository\com\google\jimfs\jimfs\1.2\jimfs-1.2.jar;C:\Users\alwi\.m2\repository\org\mockito\mockito-core\3.3.3\mockito-core-3.3.3.jar;C:\Users\alwi\.m2\repository\javax\xml\bind\jaxb-api\2.3.1\jaxb-api-2.3.1.jar;C:\Users\alwi\.m2\repository\javax\activation\javax.activation-api\1.2.0\javax.activation-api-1.2.0.jar;C:\Users\alwi\.m2\repository\com\sun\xml\bind\jaxb-core\2.3.0.1\jaxb-core-2.3.0.1.jar;C:\Users\alwi\.m2\repository\com\sun\xml\bind\jaxb-impl\2.3.3\jaxb-impl-2.3.3.jar;C:\Users\alwi\.m2\repository\jakarta\xml\bind\jakarta.xml.bind-api\2.3.3\jakarta.xml.bind-api-2.3.3.jar;C:\Users\alwi\.m2\repository\com\sun\activation\jakarta.activation\1.2.2\jakarta.activation-1.2.2.jar;C:\Users\alwi\.m2\repository\javax\activation\activation\1.1.1\activation-1.1.1.jar;C:\Users\alwi\.m2\repository\net\serenity-bdd\serenity-cucumber\3.2.1\serenity-cucumber-3.2.1.jar;C:\Users\alwi\.m2\repository\io\cucumber\cucumber-core\7.2.3\cucumber-core-7.2.3.jar;C:\Users\alwi\.m2\repository\io\cucumber\cucumber-gherkin\7.2.3\cucumber-gherkin-7.2.3.jar;C:\Users\alwi\.m2\repository\io\cucumber\cucumber-gherkin-messages\7.2.3\cucumber-gherkin-messages-7.2.3.jar;C:\Users\alwi\.m2\repository\io\cucumber\messages\17.1.1\messages-17.1.1.jar;C:\Users\alwi\.m2\repository\io\cucumber\tag-expressions\4.1.0\tag-expressions-4.1.0.jar;C:\Users\alwi\.m2\repository\io\cucumber\cucumber-expressions\15.0.1\cucumber-expressions-15.0.1.jar;C:\Users\alwi\.m2\repository\io\cucumber\datatable\7.2.3\datatable-7.2.3.jar;C:\Users\alwi\.m2\repository\io\cucumber\cucumber-plugin\7.2.3\cucumber-plugin-7.2.3.jar;C:\Users\alwi\.m2\repository\io\cucumber\docstring\7.2.3\docstring-7.2.3.jar;C:\Users\alwi\.m2\repository\io\cucumber\html-formatter\17.0.0\html-formatter-17.0.0.jar;C:\Users\alwi\.m2\repository\io\cucumber\ci-environment\8.1.0\ci-environment-8.1.0.jar;C:\Users\alwi\.m2\repository\io\cucumber\cucumber-junit\7.2.3\cucumber-junit-7.2.3.jar;C:\Users\alwi\.m2\repository\org\apache\commons\commons-csv\1.5\commons-csv-1.5.jar;C:\Users\alwi\.m2\repository\net\serenity-bdd\serenity-screenplay\3.2.1\serenity-screenplay-3.2.1.jar;C:\Users\alwi\.m2\repository\net\serenity-bdd\serenity-screenplay-webdriver\3.2.1\serenity-screenplay-webdriver-3.2.1.jar;C:\Users\alwi\.m2\repository\net\serenity-bdd\serenity-ensure\3.2.1\serenity-ensure-3.2.1.jar;C:\Users\alwi\.m2\repository\net\serenity-bdd\serenity-junit\3.2.1\serenity-junit-3.2.1.jar;C:\Users\alwi\.m2\repository\org\jetbrains\kotlin\kotlin-stdlib\1.6.0\kotlin-stdlib-1.6.0.jar;C:\Users\alwi\.m2\repository\org\jetbrains\annotations\13.0\annotations-13.0.jar;C:\Users\alwi\.m2\repository\org\jetbrains\kotlin\kotlin-stdlib-common\1.6.0\kotlin-stdlib-common-1.6.0.jar;C:\Users\alwi\.m2\repository\org\junit\platform\junit-platform-launcher\1.8.1\junit-platform-launcher-1.8.1.jar;C:\Users\alwi\.m2\repository\org\junit\platform\junit-platform-engine\1.8.1\junit-platform-engine-1.8.1.jar;C:\Users\alwi\.m2\repository\org\opentest4j\opentest4j\1.2.0\opentest4j-1.2.0.jar;C:\Users\alwi\.m2\repository\org\junit\platform\junit-platform-commons\1.8.1\junit-platform-commons-1.8.1.jar;C:\Users\alwi\.m2\repository\org\apiguardian\apiguardian-api\1.1.2\apiguardian-api-1.1.2.jar;C:\Users\alwi\.m2\repository\org\junit\jupiter\junit-jupiter-engine\5.8.2\junit-jupiter-engine-5.8.2.jar;C:\Users\alwi\.m2\repository\org\junit\jupiter\junit-jupiter-api\5.8.2\junit-jupiter-api-5.8.2.jar;C:\Users\alwi\.m2\repository\org\junit\vintage\junit-vintage-engine\5.8.2\junit-vintage-engine-5.8.2.jar;C:\Users\alwi\.m2\repository\junit\junit\4.13.2\junit-4.13.2.jar;C:\Users\alwi\.m2\repository\org\hamcrest\hamcrest-core\1.3\hamcrest-core-1.3.jar;C:\Users\alwi\.m2\repository\ch\qos\logback\logback-classic\1.2.10\logback-classic-1.2.10.jar;C:\Users\alwi\.m2\repository\ch\qos\logback\logback-core\1.2.10\logback-core-1.2.10.jar;C:\Users\alwi\.m2\repository\org\slf4j\slf4j-api\1.7.32\slf4j-api-1.7.32.jar;C:\Users\alwi\.m2\repository\org\assertj\assertj-core\3.6.2\assertj-core-3.6.2.jar;C:\Users\alwi\.m2\repository\org\apache\maven\surefire\surefire-junit-platform\3.0.0-M5\surefire-junit-platform-3.0.0-M5.jar;C:\Users\alwi\.m2\repository\org\apache\maven\surefire\common-java5\3.0.0-M5\common-java5-3.0.0-M5.jar"/>
    <property name="user.script" value=""/>
    <property name="java.protocol.handler.pkgs" value="com.google.common"/>
    <property name="sun.management.compiler" value="HotSpot 64-Bit Tiered Compilers"/>
    <property name="java.runtime.version" value="13.0.2+8"/>
    <property name="user.name" value="alwi"/>
    <property name="path.separator" value=";"/>
    <property name="os.version" value="10.0"/>
    <property name="java.runtime.name" value="Java(TM) SE Runtime Environment"/>
    <property name="file.encoding" value="Cp1252"/>
    <property name="webdriver.base.url" value=""/>
    <property name="java.vm.name" value="Java HotSpot(TM) 64-Bit Server VM"/>
    <property name="localRepository" value="C:\Users\alwi\.m2\repository"/>
    <property name="java.vendor.url.bug" value="https://bugreport.java.com/bugreport/"/>
    <property name="java.io.tmpdir" value="C:\Users\alwi\AppData\Local\Temp\"/>
    <property name="java.version" value="13.0.2"/>
    <property name="user.dir" value="C:\Users\alwi\IdeaProjects\AltaShop"/>
    <property name="os.arch" value="amd64"/>
    <property name="java.vm.specification.name" value="Java Virtual Machine Specification"/>
    <property name="user.language.format" value="id"/>
    <property name="sun.os.patch.level" value=""/>
    <property name="java.library.path" value="C:\Program Files\Java\jdk-13.0.2\bin;C:\WINDOWS\Sun\Java\bin;C:\WINDOWS\system32;C:\WINDOWS;C:\Program Files (x86)\Common Files\Oracle\Java\javapath;C:\WINDOWS\system32;C:\WINDOWS;C:\WINDOWS\System32\Wbem;C:\WINDOWS\System32\WindowsPowerShell\v1.0\;C:\Program Files\Java\jdk-13.0.2\bin\;C:\Program Files\Go\bin;C:\WINDOWS\System32\OpenSSH\;C:\Program Files\Git\cmd;C:\Program Files\nodejs\;%ANDROID_HOME%\platform-tools;%ANDROID_HOME%\tools;C:\Users\alwi\AppData\Local\Microsoft\WindowsApps;C:\Users\alwi\AppData\Local\Programs\Microsoft VS Code\bin;C:\Users\alwi\go\bin;C:\Users\alwi\AppData\Local\GitHubDesktop\bin;C:\Program Files (x86)\apache-maven-3.8.6\bin;C:\Users\alwi\AppData\Roaming\npm;."/>
    <property name="java.vm.info" value="mixed mode"/>
    <property name="java.vendor" value="Oracle Corporation"/>
    <property name="java.vm.version" value="13.0.2+8"/>
    <property name="sun.io.unicode.encoding" value="UnicodeLittle"/>
    <property name="java.class.version" value="57.0"/>
  </properties>
  <testcase name="Category list" classname="Category" time="13.378">
    <system-out><![CDATA[18:11:56.958 [main] INFO io.cucumber.core.plugin.SerenityReporter - Running feature from file:///C:/Users/alwi/IdeaProjects/AltaShop/src/test/resources/features/Category.feature
18:11:57.116 [main] INFO  - 

-------------------------------------------------------------------------------------
     _______. _______ .______       _______ .__   __.  __  .___________.____    ____ 
    /       ||   ____||   _  \     |   ____||  \ |  | |  | |           |\   \  /   / 
   |   (----`|  |__   |  |_)  |    |  |__   |   \|  | |  | `---|  |----` \   \/   /  
    \   \    |   __|  |      /     |   __|  |  . `  | |  |     |  |       \_    _/   
.----)   |   |  |____ |  |\  \----.|  |____ |  |\   | |  |     |  |         |  |     
|_______/    |_______|| _| `._____||_______||__| \__| |__|     |__|         |__|    
                                                                                     
 News and tutorials at http://www.serenity-bdd.info                                  
 Documentation at https://wakaleo.gitbooks.io/the-serenity-book/content/             
 Join the Serenity Community on Gitter: https://gitter.im/serenity-bdd/serenity-core 
 Serenity BDD Support and Training at http://serenity-bdd.info/#/trainingandsupport  
-------------------------------------------------------------------------------------

18:11:57.118 [main] DEBUG net.thucydides.core.steps.StepEventBus - Test suite started for story net.thucydides.core.model.Story@d99e90e8
18:11:57.123 [main] INFO  - Test Suite Started: Category
18:11:57.136 [main] INFO io.cucumber.core.plugin.SerenityReporter - Running feature from file:///C:/Users/alwi/IdeaProjects/AltaShop/src/test/resources/features/Home.feature
18:11:57.143 [main] DEBUG net.thucydides.core.steps.StepEventBus - Test suite started for story net.thucydides.core.model.Story@b16b2c08
18:11:57.144 [main] INFO  - Test Suite Started: Home
18:11:57.144 [main] INFO io.cucumber.core.plugin.SerenityReporter - Running feature from file:///C:/Users/alwi/IdeaProjects/AltaShop/src/test/resources/features/Login.feature
18:11:57.151 [main] DEBUG net.thucydides.core.steps.StepEventBus - Test suite started for story net.thucydides.core.model.Story@23282f08
18:11:57.152 [main] INFO  - Test Suite Started: Login
18:11:57.152 [main] INFO io.cucumber.core.plugin.SerenityReporter - Running feature from file:///C:/Users/alwi/IdeaProjects/AltaShop/src/test/resources/features/Logout.feature
18:11:57.157 [main] DEBUG net.thucydides.core.steps.StepEventBus - Test suite started for story net.thucydides.core.model.Story@7960de68
18:11:57.157 [main] INFO  - Test Suite Started: Logout
18:11:57.157 [main] INFO io.cucumber.core.plugin.SerenityReporter - Running feature from file:///C:/Users/alwi/IdeaProjects/AltaShop/src/test/resources/features/Order.feature
18:11:57.163 [main] DEBUG net.thucydides.core.steps.StepEventBus - Test suite started for story net.thucydides.core.model.Story@cc4b76a8
18:11:57.164 [main] INFO  - Test Suite Started: Order
18:11:57.164 [main] INFO io.cucumber.core.plugin.SerenityReporter - Running feature from file:///C:/Users/alwi/IdeaProjects/AltaShop/src/test/resources/features/Register.feature
18:11:57.169 [main] DEBUG net.thucydides.core.steps.StepEventBus - Test suite started for story net.thucydides.core.model.Story@30e75088
18:11:57.170 [main] INFO  - Test Suite Started: Register
18:11:57.171 [main] INFO io.cucumber.core.plugin.SerenityReporter - Running feature from file:///C:/Users/alwi/IdeaProjects/AltaShop/src/test/resources/features/Category.feature
18:11:57.173 [main] DEBUG net.thucydides.core.steps.StepEventBus - Test suite started for story net.thucydides.core.model.Story@d99e90e8
18:11:57.174 [main] INFO  - Test Suite Started: Category

Scenario: Category list            &amp#27;[90m# src/test/resources/features/Category.feature:6&amp#27;[0m
18:11:57.263 [main] INFO io.cucumber.core.plugin.SerenityReporter - Running feature from file:///C:/Users/alwi/IdeaProjects/AltaShop/src/test/resources/features/Category.feature
18:11:57.354 [main] INFO  - 
  _____   ___   ___   _____     ___   _____     _     ___   _____   ___   ___  
 |_   _| | __| / __| |_   _|   / __| |_   _|   /_\   | _ \ |_   _| | __| |   \ 
   | |   | _|  \__ \   | |     \__ \   | |    / _ \  |   /   | |   | _|  | |) |
   |_|   |___| |___/   |_|     |___/   |_|   /_/ \_\ |_|_\   |_|   |___| |___/ 

Category list(category;category-list)
--------------------------------------------------------------------------------
18:11:58.185 [main] INFO net.serenitybdd.core.webdriver.driverproviders.ChromeDriverProvider - Using automatically driver download
18:11:58.826 [main] DEBUG io.github.bonigarcia.wdm.cache.ResolutionCache - Resolution chrome=106 in cache (valid until 18:14:56 29/10/2022 WIB)
18:11:58.833 [main] DEBUG io.github.bonigarcia.wdm.cache.ResolutionCache - Resolution chrome106=106.0.5249.61 in cache (valid until 19:30:28 29/10/2022 WIB)
18:11:58.836 [main] INFO io.github.bonigarcia.wdm.WebDriverManager - Using chromedriver 106.0.5249.61 (resolved driver for Chrome 106)
18:11:58.854 [main] DEBUG io.github.bonigarcia.wdm.WebDriverManager - Driver chromedriver 106.0.5249.61 found in cache
18:11:58.855 [main] INFO io.github.bonigarcia.wdm.WebDriverManager - Exporting webdriver.chrome.driver as C:\Users\alwi\.cache\selenium\chromedriver\win32\106.0.5249.61\chromedriver.exe
18:11:59.467 [main] DEBUG net.thucydides.core.reflection.ClassFinder - Could not load class .CucumberTestSuite
18:11:59.467 [main] DEBUG net.thucydides.core.reflection.ClassFinder - Could not load class .starter.pages.CategoryPage
18:11:59.467 [main] DEBUG net.thucydides.core.reflection.ClassFinder - Could not load class .starter.pages.HomePage
18:11:59.467 [main] DEBUG net.thucydides.core.reflection.ClassFinder - Could not load class .starter.pages.LoginPage
18:11:59.467 [main] DEBUG net.thucydides.core.reflection.ClassFinder - Could not load class .starter.pages.LogoutPage
18:11:59.467 [main] DEBUG net.thucydides.core.reflection.ClassFinder - Could not load class .starter.pages.OrderPage
18:11:59.468 [main] DEBUG net.thucydides.core.reflection.ClassFinder - Could not load class .starter.pages.RegisterPage
18:11:59.468 [main] DEBUG net.thucydides.core.reflection.ClassFinder - Could not load class .starter.stepdefinitions.CategoryStep
18:11:59.468 [main] DEBUG net.thucydides.core.reflection.ClassFinder - Could not load class .starter.stepdefinitions.HomeStep
18:11:59.468 [main] DEBUG net.thucydides.core.reflection.ClassFinder - Could not load class .starter.stepdefinitions.LoginStep
18:11:59.468 [main] DEBUG net.thucydides.core.reflection.ClassFinder - Could not load class .starter.stepdefinitions.LogoutStep
18:11:59.468 [main] DEBUG net.thucydides.core.reflection.ClassFinder - Could not load class .starter.stepdefinitions.OrderStep
18:11:59.468 [main] DEBUG net.thucydides.core.reflection.ClassFinder - Could not load class .starter.stepdefinitions.RegisterStep
18:11:59.468 [main] DEBUG net.thucydides.core.reflection.ClassFinder - Could not load class .starter.utils.GeneratedString
18:11:59.469 [main] DEBUG net.thucydides.core.reflection.ClassFinder - Could not load class META-INF.versions.9.com.sun.istack.logging.StackHelper
18:11:59.469 [main] DEBUG net.thucydides.core.reflection.ClassFinder - Could not load class META-INF.versions.9.com.sun.xml.bind.v2.runtime.reflect.opt.AccessorInjector
18:11:59.469 [main] DEBUG net.thucydides.core.reflection.ClassFinder - Could not load class META-INF.versions.9.com.sun.xml.bind.v2.runtime.reflect.opt.Injector
18:11:59.470 [main] DEBUG net.thucydides.core.reflection.ClassFinder - Could not load class META-INF.versions.9.com.sun.xml.bind.v2.runtime.reflect.opt.OptimizedAccessorFactory
18:11:59.470 [main] DEBUG net.thucydides.core.reflection.ClassFinder - Could not load class META-INF.versions.9.com.sun.xml.bind.v2.runtime.reflect.opt.OptimizedTransducedAccessorFactory
18:11:59.470 [main] DEBUG net.thucydides.core.reflection.ClassFinder - Could not load class META-INF.versions.9.io.opentelemetry.sdk.internal.CurrentJavaVersionSpecific
18:11:59.471 [main] DEBUG net.thucydides.core.reflection.ClassFinder - Could not load class META-INF.versions.9.io.opentelemetry.sdk.internal.Java9VersionSpecific
18:11:59.471 [main] DEBUG net.thucydides.core.reflection.ClassFinder - Could not load class META-INF.versions.9.javax.xml.bind.ModuleUtil
18:11:59.471 [main] DEBUG net.thucydides.core.reflection.ClassFinder - Could not load class META-INF.versions.9.module-info
18:11:59.472 [main] DEBUG net.thucydides.core.reflection.ClassFinder - Could not load class META-INF.versions.9.org.junit.platform.commons.util.ModuleUtils
18:11:59.769 [main] DEBUG net.thucydides.core.reflection.ClassFinder - Could not load class com.google.gson.internal.
18:11:59.935 [main] DEBUG net.thucydides.core.reflection.ClassFinder - Could not load class com.sun.xml.bind.v2.runtime.output.FastInfosetStreamWriterOutput
18:12:00.339 [main] DEBUG net.thucydides.core.reflection.ClassFinder - Could not load class module-info
18:12:03.229 [main] DEBUG io.netty.util.internal.logging.InternalLoggerFactory - Using SLF4J as the default logging framework
18:12:03.232 [main] DEBUG io.netty.util.ResourceLeakDetector - -Dio.netty.leakDetection.level: simple
18:12:03.233 [main] DEBUG io.netty.util.ResourceLeakDetector - -Dio.netty.leakDetection.targetRecords: 4
18:12:03.235 [main] DEBUG io.netty.util.ResourceLeakDetectorFactory - Loaded default ResourceLeakDetector: io.netty.util.ResourceLeakDetector@3fdb9c55
18:12:03.253 [main] DEBUG io.netty.util.internal.PlatformDependent0 - -Dio.netty.noUnsafe: false
18:12:03.253 [main] DEBUG io.netty.util.internal.PlatformDependent0 - Java version: 13
18:12:03.254 [main] DEBUG io.netty.util.internal.PlatformDependent0 - sun.misc.Unsafe.theUnsafe: available
18:12:03.255 [main] DEBUG io.netty.util.internal.PlatformDependent0 - sun.misc.Unsafe.copyMemory: available
18:12:03.255 [main] DEBUG io.netty.util.internal.PlatformDependent0 - java.nio.Buffer.address: available
18:12:03.255 [main] DEBUG io.netty.util.internal.PlatformDependent0 - direct buffer constructor: unavailable: Reflective setAccessible(true) disabled
18:12:03.256 [main] DEBUG io.netty.util.internal.PlatformDependent0 - java.nio.Bits.unaligned: available, true
18:12:03.257 [main] DEBUG io.netty.util.internal.PlatformDependent0 - jdk.internal.misc.Unsafe.allocateUninitializedArray(int): unavailable: class io.netty.util.internal.PlatformDependent0$6 cannot access class jdk.internal.misc.Unsafe (in module java.base) because module java.base does not export jdk.internal.misc to unnamed module @596df867
18:12:03.258 [main] DEBUG io.netty.util.internal.PlatformDependent0 - java.nio.DirectByteBuffer.<init>(long, int): unavailable
18:12:03.258 [main] DEBUG io.netty.util.internal.PlatformDependent - sun.misc.Unsafe: available
18:12:03.260 [main] DEBUG io.netty.util.internal.PlatformDependent - maxDirectMemory: 2141192192 bytes (maybe)
18:12:03.260 [main] DEBUG io.netty.util.internal.PlatformDependent - -Dio.netty.tmpdir: C:\Users\alwi\AppData\Local\Temp (java.io.tmpdir)
18:12:03.260 [main] DEBUG io.netty.util.internal.PlatformDependent - -Dio.netty.bitMode: 64 (sun.arch.data.model)
18:12:03.260 [main] DEBUG io.netty.util.internal.PlatformDependent - Platform: Windows
18:12:03.261 [main] DEBUG io.netty.util.internal.PlatformDependent - -Dio.netty.maxDirectMemory: -1 bytes
18:12:03.261 [main] DEBUG io.netty.util.internal.PlatformDependent - -Dio.netty.uninitializedArrayAllocationThreshold: -1
18:12:03.262 [main] DEBUG io.netty.util.internal.CleanerJava9 - java.nio.ByteBuffer.cleaner(): available
18:12:03.262 [main] DEBUG io.netty.util.internal.PlatformDependent - -Dio.netty.noPreferDirect: false
18:12:03.270 [main] DEBUG io.netty.util.internal.PlatformDependent - org.jctools-core.MpscChunkedArrayQueue: available
18:12:03.288 [main] DEBUG io.netty.util.internal.InternalThreadLocalMap - -Dio.netty.threadLocalMap.stringBuilder.initialSize: 1024
18:12:03.288 [main] DEBUG io.netty.util.internal.InternalThreadLocalMap - -Dio.netty.threadLocalMap.stringBuilder.maxSize: 4096
18:12:03.331 [main] DEBUG io.netty.handler.ssl.JdkSslContext - Default protocols (JDK): [TLSv1.3, TLSv1.2, TLSv1.1, TLSv1] 
18:12:03.331 [main] DEBUG io.netty.handler.ssl.JdkSslContext - Default cipher suites (JDK): [TLS_ECDHE_ECDSA_WITH_AES_256_GCM_SHA384, TLS_ECDHE_ECDSA_WITH_AES_128_GCM_SHA256, TLS_ECDHE_RSA_WITH_AES_128_GCM_SHA256, TLS_ECDHE_RSA_WITH_AES_256_GCM_SHA384, TLS_ECDHE_RSA_WITH_AES_128_CBC_SHA, TLS_ECDHE_RSA_WITH_AES_256_CBC_SHA, TLS_RSA_WITH_AES_128_GCM_SHA256, TLS_RSA_WITH_AES_128_CBC_SHA, TLS_RSA_WITH_AES_256_CBC_SHA, TLS_AES_128_GCM_SHA256, TLS_AES_256_GCM_SHA384]
18:12:03.357 [main] DEBUG io.netty.channel.MultithreadEventLoopGroup - -Dio.netty.eventLoopThreads: 16
18:12:03.366 [main] DEBUG io.netty.channel.nio.NioEventLoop - -Dio.netty.noKeySetOptimization: false
18:12:03.367 [main] DEBUG io.netty.channel.nio.NioEventLoop - -Dio.netty.selectorAutoRebuildThreshold: 512
18:12:03.606 [main] DEBUG io.netty.buffer.PooledByteBufAllocator - -Dio.netty.allocator.numHeapArenas: 16
18:12:03.606 [main] DEBUG io.netty.buffer.PooledByteBufAllocator - -Dio.netty.allocator.numDirectArenas: 16
18:12:03.606 [main] DEBUG io.netty.buffer.PooledByteBufAllocator - -Dio.netty.allocator.pageSize: 8192
18:12:03.606 [main] DEBUG io.netty.buffer.PooledByteBufAllocator - -Dio.netty.allocator.maxOrder: 11
18:12:03.607 [main] DEBUG io.netty.buffer.PooledByteBufAllocator - -Dio.netty.allocator.chunkSize: 16777216
18:12:03.607 [main] DEBUG io.netty.buffer.PooledByteBufAllocator - -Dio.netty.allocator.smallCacheSize: 256
18:12:03.607 [main] DEBUG io.netty.buffer.PooledByteBufAllocator - -Dio.netty.allocator.normalCacheSize: 64
18:12:03.607 [main] DEBUG io.netty.buffer.PooledByteBufAllocator - -Dio.netty.allocator.maxCachedBufferCapacity: 32768
18:12:03.607 [main] DEBUG io.netty.buffer.PooledByteBufAllocator - -Dio.netty.allocator.cacheTrimInterval: 8192
18:12:03.607 [main] DEBUG io.netty.buffer.PooledByteBufAllocator - -Dio.netty.allocator.cacheTrimIntervalMillis: 0
18:12:03.607 [main] DEBUG io.netty.buffer.PooledByteBufAllocator - -Dio.netty.allocator.useCacheForAllThreads: true
18:12:03.607 [main] DEBUG io.netty.buffer.PooledByteBufAllocator - -Dio.netty.allocator.maxCachedByteBuffersPerChunk: 1023
18:12:03.616 [main] DEBUG io.netty.buffer.ByteBufUtil - -Dio.netty.allocator.type: pooled
18:12:03.616 [main] DEBUG io.netty.buffer.ByteBufUtil - -Dio.netty.threadLocalDirectBufferSize: 0
18:12:03.616 [main] DEBUG io.netty.buffer.ByteBufUtil - -Dio.netty.maxThreadLocalCharBufferSize: 16384
18:12:03.820 [main] DEBUG net.serenitybdd.core.webdriver.driverproviders.ProvideNewDriver - Instantiating driver
18:12:03.820 [main] DEBUG net.serenitybdd.core.webdriver.driverproviders.ProvideNewDriver - Driver capabilities: Capabilities {acceptInsecureCerts: false, base.url: https://alta-shop.vercel.app, browserName: chrome, chrome.driver: src/test/resources/webdrive..., driver: chrome, goog:chromeOptions: {args: [], extensions: []}, wait.for.timeout: 6000}
18:12:04.518 [Forwarding newSession on session null to remote] DEBUG io.netty.channel.DefaultChannelId - -Dio.netty.processId: 22792 (auto-detected)
18:12:04.520 [Forwarding newSession on session null to remote] DEBUG io.netty.util.NetUtil - -Djava.net.preferIPv4Stack: false
18:12:04.520 [Forwarding newSession on session null to remote] DEBUG io.netty.util.NetUtil - -Djava.net.preferIPv6Addresses: false
18:12:04.711 [Forwarding newSession on session null to remote] DEBUG io.netty.util.NetUtilInitializations - Loopback interface: lo (Software Loopback Interface 1, 127.0.0.1)
18:12:04.711 [Forwarding newSession on session null to remote] DEBUG io.netty.util.NetUtil - Failed to get SOMAXCONN from sysctl and file \proc\sys\net\core\somaxconn. Default: 200
18:12:04.903 [Forwarding newSession on session null to remote] DEBUG io.netty.channel.DefaultChannelId - -Dio.netty.machineId: 50:3e:aa:ff:fe:ef:df:ab (auto-detected)
18:12:04.948 [AsyncHttpClient-1-2] DEBUG io.netty.buffer.AbstractByteBuf - -Dio.netty.buffer.checkAccessible: true
18:12:04.949 [AsyncHttpClient-1-2] DEBUG io.netty.buffer.AbstractByteBuf - -Dio.netty.buffer.checkBounds: true
18:12:04.949 [AsyncHttpClient-1-2] DEBUG io.netty.util.ResourceLeakDetectorFactory - Loaded default ResourceLeakDetector: io.netty.util.ResourceLeakDetector@35965eaf
18:12:04.962 [AsyncHttpClient-1-2] DEBUG org.asynchttpclient.netty.channel.NettyConnectListener - Using new Channel '[id: 0xf016697e, L:/127.0.0.1:51586 - R:localhost/127.0.0.1:61731]' for 'POST' to '/session'
18:12:04.980 [AsyncHttpClient-1-2] DEBUG io.netty.util.Recycler - -Dio.netty.recycler.maxCapacityPerThread: 4096
18:12:04.980 [AsyncHttpClient-1-2] DEBUG io.netty.util.Recycler - -Dio.netty.recycler.ratio: 8
18:12:04.980 [AsyncHttpClient-1-2] DEBUG io.netty.util.Recycler - -Dio.netty.recycler.chunkSize: 32
18:12:04.980 [AsyncHttpClient-1-2] DEBUG io.netty.util.Recycler - -Dio.netty.recycler.blocking: false
18:12:05.618 [AsyncHttpClient-1-2] DEBUG io.netty.handler.codec.compression.Brotli - brotli4j not in the classpath; Brotli support will be unavailable.
18:12:05.618 [AsyncHttpClient-1-2] DEBUG org.asynchttpclient.netty.handler.HttpHandler - 

Request DefaultHttpRequest(decodeResult: success, version: HTTP/1.1)
POST /session HTTP/1.1
User-Agent: selenium/4.1.2 (java windows)
Content-Length: 639
Content-Type: application/json; charset=utf-8
host: localhost:61731
accept: */*

Response DefaultHttpResponse(decodeResult: success, version: HTTP/1.1)
HTTP/1.1 200 OK
Content-Type: application/json; charset=utf-8
cache-control: no-cache
content-length: 790

18:12:05.627 [AsyncHttpClient-1-2] DEBUG org.asynchttpclient.netty.channel.ChannelManager - Adding key: http://localhost:61731 for channel [id: 0xf016697e, L:/127.0.0.1:51586 - R:localhost/127.0.0.1:61731]
18:12:05.704 [AsyncHttpClient-1-3] DEBUG org.asynchttpclient.netty.channel.NettyConnectListener - Using new Channel '[id: 0x6aa6d38e, L:/127.0.0.1:51593 - R:localhost/127.0.0.1:51587]' for 'GET' to '/json/version'
18:12:05.711 [AsyncHttpClient-1-3] DEBUG org.asynchttpclient.netty.handler.HttpHandler - 

Request DefaultFullHttpRequest(decodeResult: success, version: HTTP/1.1, content: EmptyByteBufBE)
GET /json/version HTTP/1.1
User-Agent: selenium/4.1.2 (java windows)
host: localhost:51587
accept: */*

Response DefaultHttpResponse(decodeResult: success, version: HTTP/1.1)
HTTP/1.1 200 OK
Content-Type: application/json; charset=UTF-8
content-length: 424

18:12:05.712 [AsyncHttpClient-1-3] DEBUG org.asynchttpclient.netty.channel.ChannelManager - Adding key: http://localhost:51587 for channel [id: 0x6aa6d38e, L:/127.0.0.1:51593 - R:localhost/127.0.0.1:51587]
18:12:05.720 [main] DEBUG io.netty.util.internal.ThreadLocalRandom - -Dio.netty.initialSeedUniquifier: 0xae68bf198879d769
18:12:05.727 [AsyncHttpClient-1-4] DEBUG org.asynchttpclient.netty.channel.NettyConnectListener - Using new Channel '[id: 0x033e4245, L:/127.0.0.1:51595 - R:localhost/127.0.0.1:51587]' for 'GET' to '/devtools/browser/56f4aa35-f108-46c9-a1b0-a5f9ef2f50fb'
18:12:05.733 [AsyncHttpClient-1-4] DEBUG org.asynchttpclient.netty.handler.WebSocketHandler - 

Request DefaultFullHttpRequest(decodeResult: success, version: HTTP/1.1, content: EmptyByteBufBE)
GET /devtools/browser/56f4aa35-f108-46c9-a1b0-a5f9ef2f50fb HTTP/1.1
upgrade: websocket
connection: upgrade
sec-websocket-key: J0oqXDJbrXzHAQojsUa2cg==
sec-websocket-version: 13
origin: http://localhost:51587
host: localhost:51587
accept: */*
user-agent: AHC/2.1

Response DefaultHttpResponse(decodeResult: success, version: HTTP/1.1)
HTTP/1.1 101 WebSocket Protocol Handshake
Upgrade: WebSocket
Connection: Upgrade
Sec-WebSocket-Accept: Kezm0euKNRGT/qk2LCk/gM+Mw50=

18:12:06.581 [AsyncHttpClient-1-1] DEBUG org.asynchttpclient.netty.channel.DefaultChannelPool - Entry count for : http://localhost:61731 : 1
18:12:06.581 [AsyncHttpClient-1-1] DEBUG org.asynchttpclient.netty.channel.DefaultChannelPool - Entry count for : http://localhost:51587 : 1
18:12:06.647 [main] DEBUG net.thucydides.core.reflection.ClassFinder - Could not load class .CucumberTestSuite
18:12:06.647 [main] DEBUG net.thucydides.core.reflection.ClassFinder - Could not load class .starter.pages.CategoryPage
18:12:06.647 [main] DEBUG net.thucydides.core.reflection.ClassFinder - Could not load class .starter.pages.HomePage
18:12:06.647 [main] DEBUG net.thucydides.core.reflection.ClassFinder - Could not load class .starter.pages.LoginPage
18:12:06.647 [main] DEBUG net.thucydides.core.reflection.ClassFinder - Could not load class .starter.pages.LogoutPage
18:12:06.647 [main] DEBUG net.thucydides.core.reflection.ClassFinder - Could not load class .starter.pages.OrderPage
18:12:06.647 [main] DEBUG net.thucydides.core.reflection.ClassFinder - Could not load class .starter.pages.RegisterPage
18:12:06.647 [main] DEBUG net.thucydides.core.reflection.ClassFinder - Could not load class .starter.stepdefinitions.CategoryStep
18:12:06.648 [main] DEBUG net.thucydides.core.reflection.ClassFinder - Could not load class .starter.stepdefinitions.HomeStep
18:12:06.648 [main] DEBUG net.thucydides.core.reflection.ClassFinder - Could not load class .starter.stepdefinitions.LoginStep
18:12:06.648 [main] DEBUG net.thucydides.core.reflection.ClassFinder - Could not load class .starter.stepdefinitions.LogoutStep
18:12:06.648 [main] DEBUG net.thucydides.core.reflection.ClassFinder - Could not load class .starter.stepdefinitions.OrderStep
18:12:06.648 [main] DEBUG net.thucydides.core.reflection.ClassFinder - Could not load class .starter.stepdefinitions.RegisterStep
18:12:06.648 [main] DEBUG net.thucydides.core.reflection.ClassFinder - Could not load class .starter.utils.GeneratedString
18:12:06.649 [main] DEBUG net.thucydides.core.reflection.ClassFinder - Could not load class META-INF.versions.9.com.sun.istack.logging.StackHelper
18:12:06.651 [main] DEBUG net.thucydides.core.reflection.ClassFinder - Could not load class META-INF.versions.9.com.sun.xml.bind.v2.runtime.reflect.opt.AccessorInjector
18:12:06.651 [main] DEBUG net.thucydides.core.reflection.ClassFinder - Could not load class META-INF.versions.9.com.sun.xml.bind.v2.runtime.reflect.opt.Injector
18:12:06.652 [main] DEBUG net.thucydides.core.reflection.ClassFinder - Could not load class META-INF.versions.9.com.sun.xml.bind.v2.runtime.reflect.opt.OptimizedAccessorFactory
18:12:06.652 [main] DEBUG net.thucydides.core.reflection.ClassFinder - Could not load class META-INF.versions.9.com.sun.xml.bind.v2.runtime.reflect.opt.OptimizedTransducedAccessorFactory
18:12:06.652 [main] DEBUG net.thucydides.core.reflection.ClassFinder - Could not load class META-INF.versions.9.io.opentelemetry.sdk.internal.CurrentJavaVersionSpecific
18:12:06.653 [main] DEBUG net.thucydides.core.reflection.ClassFinder - Could not load class META-INF.versions.9.io.opentelemetry.sdk.internal.Java9VersionSpecific
18:12:06.653 [main] DEBUG net.thucydides.core.reflection.ClassFinder - Could not load class META-INF.versions.9.javax.xml.bind.ModuleUtil
18:12:06.654 [main] DEBUG net.thucydides.core.reflection.ClassFinder - Could not load class META-INF.versions.9.module-info
18:12:06.655 [main] DEBUG net.thucydides.core.reflection.ClassFinder - Could not load class META-INF.versions.9.org.junit.platform.commons.util.ModuleUtils
18:12:06.657 [main] DEBUG net.thucydides.core.reflection.ClassFinder - Could not load class com.google.gson.internal.
18:12:06.658 [main] DEBUG net.thucydides.core.reflection.ClassFinder - Could not load class com.sun.xml.bind.v2.runtime.output.FastInfosetStreamWriterOutput
18:12:06.661 [main] DEBUG net.thucydides.core.reflection.ClassFinder - Could not load class module-info
18:12:06.693 [Forwarding get on session 46418c1e6fdda1f2075ba9b67e8b7df0 to remote] DEBUG org.asynchttpclient.netty.request.NettyRequestSender - Using pooled Channel '[id: 0xf016697e, L:/127.0.0.1:51586 - R:localhost/127.0.0.1:61731]' for 'POST' to 'http://localhost:61731/session/46418c1e6fdda1f2075ba9b67e8b7df0/url'
18:12:06.694 [Forwarding get on session 46418c1e6fdda1f2075ba9b67e8b7df0 to remote] DEBUG org.asynchttpclient.netty.request.NettyRequestSender - Using open Channel [id: 0xf016697e, L:/127.0.0.1:51586 - R:localhost/127.0.0.1:61731] for POST '/session/46418c1e6fdda1f2075ba9b67e8b7df0/url'
18:12:07.566 [AsyncHttpClient-1-2] DEBUG org.asynchttpclient.netty.handler.HttpHandler - 

Request DefaultHttpRequest(decodeResult: success, version: HTTP/1.1)
POST /session/46418c1e6fdda1f2075ba9b67e8b7df0/url HTTP/1.1
User-Agent: selenium/4.1.2 (java windows)
Content-Length: 59
Content-Type: application/json; charset=utf-8
host: localhost:61731
accept: */*

Response DefaultHttpResponse(decodeResult: success, version: HTTP/1.1)
HTTP/1.1 200 OK
Content-Type: application/json; charset=utf-8
cache-control: no-cache
content-length: 14

18:12:07.567 [AsyncHttpClient-1-2] DEBUG org.asynchttpclient.netty.channel.ChannelManager - Adding key: http://localhost:61731 for channel [id: 0xf016697e, L:/127.0.0.1:51586 - R:localhost/127.0.0.1:61731]
18:12:07.573 [Forwarding setTimeout on session 46418c1e6fdda1f2075ba9b67e8b7df0 to remote] DEBUG org.asynchttpclient.netty.request.NettyRequestSender - Using pooled Channel '[id: 0xf016697e, L:/127.0.0.1:51586 - R:localhost/127.0.0.1:61731]' for 'POST' to 'http://localhost:61731/session/46418c1e6fdda1f2075ba9b67e8b7df0/timeouts'
18:12:07.574 [Forwarding setTimeout on session 46418c1e6fdda1f2075ba9b67e8b7df0 to remote] DEBUG org.asynchttpclient.netty.request.NettyRequestSender - Using open Channel [id: 0xf016697e, L:/127.0.0.1:51586 - R:localhost/127.0.0.1:61731] for POST '/session/46418c1e6fdda1f2075ba9b67e8b7df0/timeouts'
18:12:07.575 [AsyncHttpClient-1-2] DEBUG org.asynchttpclient.netty.handler.HttpHandler - 

Request DefaultHttpRequest(decodeResult: success, version: HTTP/1.1)
POST /session/46418c1e6fdda1f2075ba9b67e8b7df0/timeouts HTTP/1.1
User-Agent: selenium/4.1.2 (java windows)
Content-Length: 22
Content-Type: application/json; charset=utf-8
host: localhost:61731
accept: */*

Response DefaultHttpResponse(decodeResult: success, version: HTTP/1.1)
HTTP/1.1 200 OK
Content-Type: application/json; charset=utf-8
cache-control: no-cache
content-length: 14

18:12:07.576 [AsyncHttpClient-1-2] DEBUG org.asynchttpclient.netty.channel.ChannelManager - Adding key: http://localhost:61731 for channel [id: 0xf016697e, L:/127.0.0.1:51586 - R:localhost/127.0.0.1:61731]
18:12:07.581 [Forwarding getCurrentUrl on session 46418c1e6fdda1f2075ba9b67e8b7df0 to remote] DEBUG org.asynchttpclient.netty.request.NettyRequestSender - Using pooled Channel '[id: 0xf016697e, L:/127.0.0.1:51586 - R:localhost/127.0.0.1:61731]' for 'GET' to 'http://localhost:61731/session/46418c1e6fdda1f2075ba9b67e8b7df0/url'
18:12:07.582 [Forwarding getCurrentUrl on session 46418c1e6fdda1f2075ba9b67e8b7df0 to remote] DEBUG org.asynchttpclient.netty.request.NettyRequestSender - Using open Channel [id: 0xf016697e, L:/127.0.0.1:51586 - R:localhost/127.0.0.1:61731] for GET '/session/46418c1e6fdda1f2075ba9b67e8b7df0/url'
18:12:07.588 [AsyncHttpClient-1-2] DEBUG org.asynchttpclient.netty.handler.HttpHandler - 

Request DefaultFullHttpRequest(decodeResult: success, version: HTTP/1.1, content: EmptyByteBufBE)
GET /session/46418c1e6fdda1f2075ba9b67e8b7df0/url HTTP/1.1
User-Agent: selenium/4.1.2 (java windows)
Cache-Control: no-cache
Content-Type: application/json; charset=utf-8
host: localhost:61731
accept: */*

Response DefaultHttpResponse(decodeResult: success, version: HTTP/1.1)
HTTP/1.1 200 OK
Content-Type: application/json; charset=utf-8
cache-control: no-cache
content-length: 41

18:12:07.588 [AsyncHttpClient-1-2] DEBUG org.asynchttpclient.netty.channel.ChannelManager - Adding key: http://localhost:61731 for channel [id: 0xf016697e, L:/127.0.0.1:51586 - R:localhost/127.0.0.1:61731]
  &amp#27;[32mGiven &amp#27;[0m&amp#27;[32mI am on the home page&amp#27;[0m      &amp#27;[90m# starter.stepdefinitions.HomeStep.iAmOnTheHomePage()&amp#27;[0m
18:12:07.634 [main] DEBUG net.serenitybdd.core.photography.Darkroom - Opening darkroom
18:12:07.634 [Darkroom Processing Line] DEBUG net.serenitybdd.core.photography.DarkroomProcessingLine - Darkroom processing line starting up
18:12:07.636 [Forwarding screenshot on session 46418c1e6fdda1f2075ba9b67e8b7df0 to remote] DEBUG org.asynchttpclient.netty.request.NettyRequestSender - Using pooled Channel '[id: 0xf016697e, L:/127.0.0.1:51586 - R:localhost/127.0.0.1:61731]' for 'GET' to 'http://localhost:61731/session/46418c1e6fdda1f2075ba9b67e8b7df0/screenshot'
18:12:07.636 [Forwarding screenshot on session 46418c1e6fdda1f2075ba9b67e8b7df0 to remote] DEBUG org.asynchttpclient.netty.request.NettyRequestSender - Using open Channel [id: 0xf016697e, L:/127.0.0.1:51586 - R:localhost/127.0.0.1:61731] for GET '/session/46418c1e6fdda1f2075ba9b67e8b7df0/screenshot'
18:12:07.676 [AsyncHttpClient-1-1] DEBUG org.asynchttpclient.netty.channel.DefaultChannelPool - Entry count for : http://localhost:51587 : 1
18:12:07.788 [AsyncHttpClient-1-2] DEBUG org.asynchttpclient.netty.handler.HttpHandler - 

Request DefaultFullHttpRequest(decodeResult: success, version: HTTP/1.1, content: EmptyByteBufBE)
GET /session/46418c1e6fdda1f2075ba9b67e8b7df0/screenshot HTTP/1.1
User-Agent: selenium/4.1.2 (java windows)
Cache-Control: no-cache
Content-Type: application/json; charset=utf-8
host: localhost:61731
accept: */*

Response DefaultHttpResponse(decodeResult: success, version: HTTP/1.1)
HTTP/1.1 200 OK
Content-Type: application/json; charset=utf-8
cache-control: no-cache
content-length: 34444

18:12:07.789 [AsyncHttpClient-1-2] DEBUG org.asynchttpclient.netty.channel.ChannelManager - Adding key: http://localhost:61731 for channel [id: 0xf016697e, L:/127.0.0.1:51586 - R:localhost/127.0.0.1:61731]
18:12:07.845 [main] DEBUG net.serenitybdd.core.photography.Darkroom - Send negative for processing for target\site\serenity\4c54ab7c717fbde7d51fba794a78bbab5c593a770cf1dd6431ac52d62ae79184.png
18:12:07.845 [Darkroom Processing Line] DEBUG net.serenitybdd.core.photography.DarkroomProcessingLine - Processing screenshot image in /var/screenshots/screenshot-6593873516916950842
18:12:07.845 [Darkroom Processing Line] DEBUG net.serenitybdd.core.photography.DarkroomProcessingLine - Saving screenshot to target\site\serenity\4c54ab7c717fbde7d51fba794a78bbab5c593a770cf1dd6431ac52d62ae79184.png
18:12:07.955 [Forwarding findElement on session 46418c1e6fdda1f2075ba9b67e8b7df0 to remote] DEBUG org.asynchttpclient.netty.request.NettyRequestSender - Using pooled Channel '[id: 0xf016697e, L:/127.0.0.1:51586 - R:localhost/127.0.0.1:61731]' for 'POST' to 'http://localhost:61731/session/46418c1e6fdda1f2075ba9b67e8b7df0/element'
18:12:07.955 [Forwarding findElement on session 46418c1e6fdda1f2075ba9b67e8b7df0 to remote] DEBUG org.asynchttpclient.netty.request.NettyRequestSender - Using open Channel [id: 0xf016697e, L:/127.0.0.1:51586 - R:localhost/127.0.0.1:61731] for POST '/session/46418c1e6fdda1f2075ba9b67e8b7df0/element'
18:12:08.786 [AsyncHttpClient-1-1] DEBUG org.asynchttpclient.netty.channel.DefaultChannelPool - Entry count for : http://localhost:51587 : 1
18:12:09.053 [AsyncHttpClient-1-2] DEBUG org.asynchttpclient.netty.handler.HttpHandler - 

Request DefaultHttpRequest(decodeResult: success, version: HTTP/1.1)
POST /session/46418c1e6fdda1f2075ba9b67e8b7df0/element HTTP/1.1
User-Agent: selenium/4.1.2 (java windows)
Content-Length: 176
Content-Type: application/json; charset=utf-8
host: localhost:61731
accept: */*

Response DefaultHttpResponse(decodeResult: success, version: HTTP/1.1)
HTTP/1.1 200 OK
Content-Type: application/json; charset=utf-8
cache-control: no-cache
content-length: 88

18:12:09.054 [AsyncHttpClient-1-2] DEBUG org.asynchttpclient.netty.channel.ChannelManager - Adding key: http://localhost:61731 for channel [id: 0xf016697e, L:/127.0.0.1:51586 - R:localhost/127.0.0.1:61731]
18:12:09.058 [Forwarding getElementTagName on session 46418c1e6fdda1f2075ba9b67e8b7df0 to remote] DEBUG org.asynchttpclient.netty.request.NettyRequestSender - Using pooled Channel '[id: 0xf016697e, L:/127.0.0.1:51586 - R:localhost/127.0.0.1:61731]' for 'GET' to 'http://localhost:61731/session/46418c1e6fdda1f2075ba9b67e8b7df0/element/49df420a-ca99-4f28-9cb3-52018601e854/name'
18:12:09.058 [Forwarding getElementTagName on session 46418c1e6fdda1f2075ba9b67e8b7df0 to remote] DEBUG org.asynchttpclient.netty.request.NettyRequestSender - Using open Channel [id: 0xf016697e, L:/127.0.0.1:51586 - R:localhost/127.0.0.1:61731] for GET '/session/46418c1e6fdda1f2075ba9b67e8b7df0/element/49df420a-ca99-4f28-9cb3-52018601e854/name'
18:12:09.064 [AsyncHttpClient-1-2] DEBUG org.asynchttpclient.netty.handler.HttpHandler - 

Request DefaultFullHttpRequest(decodeResult: success, version: HTTP/1.1, content: EmptyByteBufBE)
GET /session/46418c1e6fdda1f2075ba9b67e8b7df0/element/49df420a-ca99-4f28-9cb3-52018601e854/name HTTP/1.1
User-Agent: selenium/4.1.2 (java windows)
Cache-Control: no-cache
Content-Type: application/json; charset=utf-8
host: localhost:61731
accept: */*

Response DefaultHttpResponse(decodeResult: success, version: HTTP/1.1)
HTTP/1.1 200 OK
Content-Type: application/json; charset=utf-8
cache-control: no-cache
content-length: 13

18:12:09.064 [AsyncHttpClient-1-2] DEBUG org.asynchttpclient.netty.channel.ChannelManager - Adding key: http://localhost:61731 for channel [id: 0xf016697e, L:/127.0.0.1:51586 - R:localhost/127.0.0.1:61731]
18:12:09.066 [Forwarding getElementTagName on session 46418c1e6fdda1f2075ba9b67e8b7df0 to remote] DEBUG org.asynchttpclient.netty.request.NettyRequestSender - Using pooled Channel '[id: 0xf016697e, L:/127.0.0.1:51586 - R:localhost/127.0.0.1:61731]' for 'GET' to 'http://localhost:61731/session/46418c1e6fdda1f2075ba9b67e8b7df0/element/49df420a-ca99-4f28-9cb3-52018601e854/name'
18:12:09.066 [Forwarding getElementTagName on session 46418c1e6fdda1f2075ba9b67e8b7df0 to remote] DEBUG org.asynchttpclient.netty.request.NettyRequestSender - Using open Channel [id: 0xf016697e, L:/127.0.0.1:51586 - R:localhost/127.0.0.1:61731] for GET '/session/46418c1e6fdda1f2075ba9b67e8b7df0/element/49df420a-ca99-4f28-9cb3-52018601e854/name'
18:12:09.070 [AsyncHttpClient-1-2] DEBUG org.asynchttpclient.netty.handler.HttpHandler - 

Request DefaultFullHttpRequest(decodeResult: success, version: HTTP/1.1, content: EmptyByteBufBE)
GET /session/46418c1e6fdda1f2075ba9b67e8b7df0/element/49df420a-ca99-4f28-9cb3-52018601e854/name HTTP/1.1
User-Agent: selenium/4.1.2 (java windows)
Cache-Control: no-cache
Content-Type: application/json; charset=utf-8
host: localhost:61731
accept: */*

Response DefaultHttpResponse(decodeResult: success, version: HTTP/1.1)
HTTP/1.1 200 OK
Content-Type: application/json; charset=utf-8
cache-control: no-cache
content-length: 13

18:12:09.070 [AsyncHttpClient-1-2] DEBUG org.asynchttpclient.netty.channel.ChannelManager - Adding key: http://localhost:61731 for channel [id: 0xf016697e, L:/127.0.0.1:51586 - R:localhost/127.0.0.1:61731]
18:12:09.072 [Forwarding findElement on session 46418c1e6fdda1f2075ba9b67e8b7df0 to remote] DEBUG org.asynchttpclient.netty.request.NettyRequestSender - Using pooled Channel '[id: 0xf016697e, L:/127.0.0.1:51586 - R:localhost/127.0.0.1:61731]' for 'POST' to 'http://localhost:61731/session/46418c1e6fdda1f2075ba9b67e8b7df0/element'
18:12:09.072 [Forwarding findElement on session 46418c1e6fdda1f2075ba9b67e8b7df0 to remote] DEBUG org.asynchttpclient.netty.request.NettyRequestSender - Using open Channel [id: 0xf016697e, L:/127.0.0.1:51586 - R:localhost/127.0.0.1:61731] for POST '/session/46418c1e6fdda1f2075ba9b67e8b7df0/element'
18:12:09.080 [AsyncHttpClient-1-2] DEBUG org.asynchttpclient.netty.handler.HttpHandler - 

Request DefaultHttpRequest(decodeResult: success, version: HTTP/1.1)
POST /session/46418c1e6fdda1f2075ba9b67e8b7df0/element HTTP/1.1
User-Agent: selenium/4.1.2 (java windows)
Content-Length: 176
Content-Type: application/json; charset=utf-8
host: localhost:61731
accept: */*

Response DefaultHttpResponse(decodeResult: success, version: HTTP/1.1)
HTTP/1.1 200 OK
Content-Type: application/json; charset=utf-8
cache-control: no-cache
content-length: 88

18:12:09.081 [AsyncHttpClient-1-2] DEBUG org.asynchttpclient.netty.channel.ChannelManager - Adding key: http://localhost:61731 for channel [id: 0xf016697e, L:/127.0.0.1:51586 - R:localhost/127.0.0.1:61731]
18:12:09.083 [Forwarding clickElement on session 46418c1e6fdda1f2075ba9b67e8b7df0 to remote] DEBUG org.asynchttpclient.netty.request.NettyRequestSender - Using pooled Channel '[id: 0xf016697e, L:/127.0.0.1:51586 - R:localhost/127.0.0.1:61731]' for 'POST' to 'http://localhost:61731/session/46418c1e6fdda1f2075ba9b67e8b7df0/element/49df420a-ca99-4f28-9cb3-52018601e854/click'
18:12:09.083 [Forwarding clickElement on session 46418c1e6fdda1f2075ba9b67e8b7df0 to remote] DEBUG org.asynchttpclient.netty.request.NettyRequestSender - Using open Channel [id: 0xf016697e, L:/127.0.0.1:51586 - R:localhost/127.0.0.1:61731] for POST '/session/46418c1e6fdda1f2075ba9b67e8b7df0/element/49df420a-ca99-4f28-9cb3-52018601e854/click'
18:12:09.136 [AsyncHttpClient-1-2] DEBUG org.asynchttpclient.netty.handler.HttpHandler - 

Request DefaultHttpRequest(decodeResult: success, version: HTTP/1.1)
POST /session/46418c1e6fdda1f2075ba9b67e8b7df0/element/49df420a-ca99-4f28-9cb3-52018601e854/click HTTP/1.1
User-Agent: selenium/4.1.2 (java windows)
Content-Length: 50
Content-Type: application/json; charset=utf-8
host: localhost:61731
accept: */*

Response DefaultHttpResponse(decodeResult: success, version: HTTP/1.1)
HTTP/1.1 200 OK
Content-Type: application/json; charset=utf-8
cache-control: no-cache
content-length: 14

18:12:09.137 [AsyncHttpClient-1-2] DEBUG org.asynchttpclient.netty.channel.ChannelManager - Adding key: http://localhost:61731 for channel [id: 0xf016697e, L:/127.0.0.1:51586 - R:localhost/127.0.0.1:61731]
  &amp#27;[32mWhen &amp#27;[0m&amp#27;[32mI click category button&amp#27;[0m     &amp#27;[90m# starter.stepdefinitions.CategoryStep.iClickCategoryButton()&amp#27;[0m
18:12:09.150 [Forwarding screenshot on session 46418c1e6fdda1f2075ba9b67e8b7df0 to remote] DEBUG org.asynchttpclient.netty.request.NettyRequestSender - Using pooled Channel '[id: 0xf016697e, L:/127.0.0.1:51586 - R:localhost/127.0.0.1:61731]' for 'GET' to 'http://localhost:61731/session/46418c1e6fdda1f2075ba9b67e8b7df0/screenshot'
18:12:09.150 [Forwarding screenshot on session 46418c1e6fdda1f2075ba9b67e8b7df0 to remote] DEBUG org.asynchttpclient.netty.request.NettyRequestSender - Using open Channel [id: 0xf016697e, L:/127.0.0.1:51586 - R:localhost/127.0.0.1:61731] for GET '/session/46418c1e6fdda1f2075ba9b67e8b7df0/screenshot'
18:12:09.269 [AsyncHttpClient-1-2] DEBUG org.asynchttpclient.netty.handler.HttpHandler - 

Request DefaultFullHttpRequest(decodeResult: success, version: HTTP/1.1, content: EmptyByteBufBE)
GET /session/46418c1e6fdda1f2075ba9b67e8b7df0/screenshot HTTP/1.1
User-Agent: selenium/4.1.2 (java windows)
Cache-Control: no-cache
Content-Type: application/json; charset=utf-8
host: localhost:61731
accept: */*

Response DefaultHttpResponse(decodeResult: success, version: HTTP/1.1)
HTTP/1.1 200 OK
Content-Type: application/json; charset=utf-8
cache-control: no-cache
content-length: 74096

18:12:09.270 [AsyncHttpClient-1-2] DEBUG org.asynchttpclient.netty.channel.ChannelManager - Adding key: http://localhost:61731 for channel [id: 0xf016697e, L:/127.0.0.1:51586 - R:localhost/127.0.0.1:61731]
18:12:09.275 [main] DEBUG net.serenitybdd.core.photography.Darkroom - Send negative for processing for target\site\serenity\3707581fdebb043b60a743b3d7f35fba4cb21706111507aa9e34d5fd704fd8e7.png
18:12:09.276 [Darkroom Processing Line] DEBUG net.serenitybdd.core.photography.DarkroomProcessingLine - Processing screenshot image in /var/screenshots/screenshot-13050644389936117821
18:12:09.276 [Darkroom Processing Line] DEBUG net.serenitybdd.core.photography.DarkroomProcessingLine - Saving screenshot to target\site\serenity\3707581fdebb043b60a743b3d7f35fba4cb21706111507aa9e34d5fd704fd8e7.png
18:12:09.285 [Forwarding findElement on session 46418c1e6fdda1f2075ba9b67e8b7df0 to remote] DEBUG org.asynchttpclient.netty.request.NettyRequestSender - Using pooled Channel '[id: 0xf016697e, L:/127.0.0.1:51586 - R:localhost/127.0.0.1:61731]' for 'POST' to 'http://localhost:61731/session/46418c1e6fdda1f2075ba9b67e8b7df0/element'
18:12:09.285 [Forwarding findElement on session 46418c1e6fdda1f2075ba9b67e8b7df0 to remote] DEBUG org.asynchttpclient.netty.request.NettyRequestSender - Using open Channel [id: 0xf016697e, L:/127.0.0.1:51586 - R:localhost/127.0.0.1:61731] for POST '/session/46418c1e6fdda1f2075ba9b67e8b7df0/element'
18:12:09.297 [AsyncHttpClient-1-2] DEBUG org.asynchttpclient.netty.handler.HttpHandler - 

Request DefaultHttpRequest(decodeResult: success, version: HTTP/1.1)
POST /session/46418c1e6fdda1f2075ba9b67e8b7df0/element HTTP/1.1
User-Agent: selenium/4.1.2 (java windows)
Content-Length: 70
Content-Type: application/json; charset=utf-8
host: localhost:61731
accept: */*

Response DefaultHttpResponse(decodeResult: success, version: HTTP/1.1)
HTTP/1.1 200 OK
Content-Type: application/json; charset=utf-8
cache-control: no-cache
content-length: 88

18:12:09.298 [AsyncHttpClient-1-2] DEBUG org.asynchttpclient.netty.channel.ChannelManager - Adding key: http://localhost:61731 for channel [id: 0xf016697e, L:/127.0.0.1:51586 - R:localhost/127.0.0.1:61731]
18:12:09.299 [Forwarding getElementTagName on session 46418c1e6fdda1f2075ba9b67e8b7df0 to remote] DEBUG org.asynchttpclient.netty.request.NettyRequestSender - Using pooled Channel '[id: 0xf016697e, L:/127.0.0.1:51586 - R:localhost/127.0.0.1:61731]' for 'GET' to 'http://localhost:61731/session/46418c1e6fdda1f2075ba9b67e8b7df0/element/4ba12d7c-414c-48d8-a7dc-ccaf486d350a/name'
18:12:09.300 [Forwarding getElementTagName on session 46418c1e6fdda1f2075ba9b67e8b7df0 to remote] DEBUG org.asynchttpclient.netty.request.NettyRequestSender - Using open Channel [id: 0xf016697e, L:/127.0.0.1:51586 - R:localhost/127.0.0.1:61731] for GET '/session/46418c1e6fdda1f2075ba9b67e8b7df0/element/4ba12d7c-414c-48d8-a7dc-ccaf486d350a/name'
18:12:09.304 [AsyncHttpClient-1-2] DEBUG org.asynchttpclient.netty.handler.HttpHandler - 

Request DefaultFullHttpRequest(decodeResult: success, version: HTTP/1.1, content: EmptyByteBufBE)
GET /session/46418c1e6fdda1f2075ba9b67e8b7df0/element/4ba12d7c-414c-48d8-a7dc-ccaf486d350a/name HTTP/1.1
User-Agent: selenium/4.1.2 (java windows)
Cache-Control: no-cache
Content-Type: application/json; charset=utf-8
host: localhost:61731
accept: */*

Response DefaultHttpResponse(decodeResult: success, version: HTTP/1.1)
HTTP/1.1 200 OK
Content-Type: application/json; charset=utf-8
cache-control: no-cache
content-length: 15

18:12:09.304 [AsyncHttpClient-1-2] DEBUG org.asynchttpclient.netty.channel.ChannelManager - Adding key: http://localhost:61731 for channel [id: 0xf016697e, L:/127.0.0.1:51586 - R:localhost/127.0.0.1:61731]
18:12:09.306 [Forwarding getElementTagName on session 46418c1e6fdda1f2075ba9b67e8b7df0 to remote] DEBUG org.asynchttpclient.netty.request.NettyRequestSender - Using pooled Channel '[id: 0xf016697e, L:/127.0.0.1:51586 - R:localhost/127.0.0.1:61731]' for 'GET' to 'http://localhost:61731/session/46418c1e6fdda1f2075ba9b67e8b7df0/element/4ba12d7c-414c-48d8-a7dc-ccaf486d350a/name'
18:12:09.306 [Forwarding getElementTagName on session 46418c1e6fdda1f2075ba9b67e8b7df0 to remote] DEBUG org.asynchttpclient.netty.request.NettyRequestSender - Using open Channel [id: 0xf016697e, L:/127.0.0.1:51586 - R:localhost/127.0.0.1:61731] for GET '/session/46418c1e6fdda1f2075ba9b67e8b7df0/element/4ba12d7c-414c-48d8-a7dc-ccaf486d350a/name'
18:12:09.309 [AsyncHttpClient-1-2] DEBUG org.asynchttpclient.netty.handler.HttpHandler - 

Request DefaultFullHttpRequest(decodeResult: success, version: HTTP/1.1, content: EmptyByteBufBE)
GET /session/46418c1e6fdda1f2075ba9b67e8b7df0/element/4ba12d7c-414c-48d8-a7dc-ccaf486d350a/name HTTP/1.1
User-Agent: selenium/4.1.2 (java windows)
Cache-Control: no-cache
Content-Type: application/json; charset=utf-8
host: localhost:61731
accept: */*

Response DefaultHttpResponse(decodeResult: success, version: HTTP/1.1)
HTTP/1.1 200 OK
Content-Type: application/json; charset=utf-8
cache-control: no-cache
content-length: 15

18:12:09.310 [AsyncHttpClient-1-2] DEBUG org.asynchttpclient.netty.channel.ChannelManager - Adding key: http://localhost:61731 for channel [id: 0xf016697e, L:/127.0.0.1:51586 - R:localhost/127.0.0.1:61731]
18:12:09.312 [Forwarding findElement on session 46418c1e6fdda1f2075ba9b67e8b7df0 to remote] DEBUG org.asynchttpclient.netty.request.NettyRequestSender - Using pooled Channel '[id: 0xf016697e, L:/127.0.0.1:51586 - R:localhost/127.0.0.1:61731]' for 'POST' to 'http://localhost:61731/session/46418c1e6fdda1f2075ba9b67e8b7df0/element'
18:12:09.313 [Forwarding findElement on session 46418c1e6fdda1f2075ba9b67e8b7df0 to remote] DEBUG org.asynchttpclient.netty.request.NettyRequestSender - Using open Channel [id: 0xf016697e, L:/127.0.0.1:51586 - R:localhost/127.0.0.1:61731] for POST '/session/46418c1e6fdda1f2075ba9b67e8b7df0/element'
18:12:09.319 [AsyncHttpClient-1-2] DEBUG org.asynchttpclient.netty.handler.HttpHandler - 

Request DefaultHttpRequest(decodeResult: success, version: HTTP/1.1)
POST /session/46418c1e6fdda1f2075ba9b67e8b7df0/element HTTP/1.1
User-Agent: selenium/4.1.2 (java windows)
Content-Length: 70
Content-Type: application/json; charset=utf-8
host: localhost:61731
accept: */*

Response DefaultHttpResponse(decodeResult: success, version: HTTP/1.1)
HTTP/1.1 200 OK
Content-Type: application/json; charset=utf-8
cache-control: no-cache
content-length: 88

18:12:09.319 [AsyncHttpClient-1-2] DEBUG org.asynchttpclient.netty.channel.ChannelManager - Adding key: http://localhost:61731 for channel [id: 0xf016697e, L:/127.0.0.1:51586 - R:localhost/127.0.0.1:61731]
18:12:09.321 [Forwarding clickElement on session 46418c1e6fdda1f2075ba9b67e8b7df0 to remote] DEBUG org.asynchttpclient.netty.request.NettyRequestSender - Using pooled Channel '[id: 0xf016697e, L:/127.0.0.1:51586 - R:localhost/127.0.0.1:61731]' for 'POST' to 'http://localhost:61731/session/46418c1e6fdda1f2075ba9b67e8b7df0/element/4ba12d7c-414c-48d8-a7dc-ccaf486d350a/click'
18:12:09.321 [Forwarding clickElement on session 46418c1e6fdda1f2075ba9b67e8b7df0 to remote] DEBUG org.asynchttpclient.netty.request.NettyRequestSender - Using open Channel [id: 0xf016697e, L:/127.0.0.1:51586 - R:localhost/127.0.0.1:61731] for POST '/session/46418c1e6fdda1f2075ba9b67e8b7df0/element/4ba12d7c-414c-48d8-a7dc-ccaf486d350a/click'
18:12:09.415 [AsyncHttpClient-1-2] DEBUG org.asynchttpclient.netty.handler.HttpHandler - 

Request DefaultHttpRequest(decodeResult: success, version: HTTP/1.1)
POST /session/46418c1e6fdda1f2075ba9b67e8b7df0/element/4ba12d7c-414c-48d8-a7dc-ccaf486d350a/click HTTP/1.1
User-Agent: selenium/4.1.2 (java windows)
Content-Length: 50
Content-Type: application/json; charset=utf-8
host: localhost:61731
accept: */*

Response DefaultHttpResponse(decodeResult: success, version: HTTP/1.1)
HTTP/1.1 200 OK
Content-Type: application/json; charset=utf-8
cache-control: no-cache
content-length: 14

18:12:09.416 [AsyncHttpClient-1-2] DEBUG org.asynchttpclient.netty.channel.ChannelManager - Adding key: http://localhost:61731 for channel [id: 0xf016697e, L:/127.0.0.1:51586 - R:localhost/127.0.0.1:61731]
  &amp#27;[32mAnd &amp#27;[0m&amp#27;[32mI click item category button&amp#27;[0m &amp#27;[90m# starter.stepdefinitions.CategoryStep.iClickItemCategoryButton()&amp#27;[0m
18:12:09.423 [Forwarding screenshot on session 46418c1e6fdda1f2075ba9b67e8b7df0 to remote] DEBUG org.asynchttpclient.netty.request.NettyRequestSender - Using pooled Channel '[id: 0xf016697e, L:/127.0.0.1:51586 - R:localhost/127.0.0.1:61731]' for 'GET' to 'http://localhost:61731/session/46418c1e6fdda1f2075ba9b67e8b7df0/screenshot'
18:12:09.423 [Forwarding screenshot on session 46418c1e6fdda1f2075ba9b67e8b7df0 to remote] DEBUG org.asynchttpclient.netty.request.NettyRequestSender - Using open Channel [id: 0xf016697e, L:/127.0.0.1:51586 - R:localhost/127.0.0.1:61731] for GET '/session/46418c1e6fdda1f2075ba9b67e8b7df0/screenshot'
18:12:09.573 [AsyncHttpClient-1-2] DEBUG org.asynchttpclient.netty.handler.HttpHandler - 

Request DefaultFullHttpRequest(decodeResult: success, version: HTTP/1.1, content: EmptyByteBufBE)
GET /session/46418c1e6fdda1f2075ba9b67e8b7df0/screenshot HTTP/1.1
User-Agent: selenium/4.1.2 (java windows)
Cache-Control: no-cache
Content-Type: application/json; charset=utf-8
host: localhost:61731
accept: */*

Response DefaultHttpResponse(decodeResult: success, version: HTTP/1.1)
HTTP/1.1 200 OK
Content-Type: application/json; charset=utf-8
cache-control: no-cache
content-length: 31868

18:12:09.574 [AsyncHttpClient-1-2] DEBUG org.asynchttpclient.netty.channel.ChannelManager - Adding key: http://localhost:61731 for channel [id: 0xf016697e, L:/127.0.0.1:51586 - R:localhost/127.0.0.1:61731]
18:12:09.578 [main] DEBUG net.serenitybdd.core.photography.Darkroom - Send negative for processing for target\site\serenity\c1f87e8bcbbc4f5b1c86a70e000d1ea0cd0533215102c09478e8c486a8421f4d.png
18:12:09.578 [Darkroom Processing Line] DEBUG net.serenitybdd.core.photography.DarkroomProcessingLine - Processing screenshot image in /var/screenshots/screenshot-4115183316747879313
18:12:09.579 [Darkroom Processing Line] DEBUG net.serenitybdd.core.photography.DarkroomProcessingLine - Saving screenshot to target\site\serenity\c1f87e8bcbbc4f5b1c86a70e000d1ea0cd0533215102c09478e8c486a8421f4d.png
18:12:09.590 [Forwarding findElement on session 46418c1e6fdda1f2075ba9b67e8b7df0 to remote] DEBUG org.asynchttpclient.netty.request.NettyRequestSender - Using pooled Channel '[id: 0xf016697e, L:/127.0.0.1:51586 - R:localhost/127.0.0.1:61731]' for 'POST' to 'http://localhost:61731/session/46418c1e6fdda1f2075ba9b67e8b7df0/element'
18:12:09.590 [Forwarding findElement on session 46418c1e6fdda1f2075ba9b67e8b7df0 to remote] DEBUG org.asynchttpclient.netty.request.NettyRequestSender - Using open Channel [id: 0xf016697e, L:/127.0.0.1:51586 - R:localhost/127.0.0.1:61731] for POST '/session/46418c1e6fdda1f2075ba9b67e8b7df0/element'
18:12:09.605 [AsyncHttpClient-1-2] DEBUG org.asynchttpclient.netty.handler.HttpHandler - 

Request DefaultHttpRequest(decodeResult: success, version: HTTP/1.1)
POST /session/46418c1e6fdda1f2075ba9b67e8b7df0/element HTTP/1.1
User-Agent: selenium/4.1.2 (java windows)
Content-Length: 115
Content-Type: application/json; charset=utf-8
host: localhost:61731
accept: */*

Response DefaultHttpResponse(decodeResult: success, version: HTTP/1.1)
HTTP/1.1 200 OK
Content-Type: application/json; charset=utf-8
cache-control: no-cache
content-length: 88

18:12:09.605 [AsyncHttpClient-1-2] DEBUG org.asynchttpclient.netty.channel.ChannelManager - Adding key: http://localhost:61731 for channel [id: 0xf016697e, L:/127.0.0.1:51586 - R:localhost/127.0.0.1:61731]
18:12:09.614 [Forwarding isElementDisplayed on session 46418c1e6fdda1f2075ba9b67e8b7df0 to remote] DEBUG org.asynchttpclient.netty.request.NettyRequestSender - Using pooled Channel '[id: 0xf016697e, L:/127.0.0.1:51586 - R:localhost/127.0.0.1:61731]' for 'POST' to 'http://localhost:61731/session/46418c1e6fdda1f2075ba9b67e8b7df0/execute/sync'
18:12:09.615 [Forwarding isElementDisplayed on session 46418c1e6fdda1f2075ba9b67e8b7df0 to remote] DEBUG org.asynchttpclient.netty.request.NettyRequestSender - Using open Channel [id: 0xf016697e, L:/127.0.0.1:51586 - R:localhost/127.0.0.1:61731] for POST '/session/46418c1e6fdda1f2075ba9b67e8b7df0/execute/sync'
18:12:09.633 [AsyncHttpClient-1-2] DEBUG org.asynchttpclient.netty.handler.HttpHandler - 

Request DefaultHttpRequest(decodeResult: success, version: HTTP/1.1)
POST /session/46418c1e6fdda1f2075ba9b67e8b7df0/execute/sync HTTP/1.1
User-Agent: selenium/4.1.2 (java windows)
Content-Length: 48780
Content-Type: application/json; charset=utf-8
host: localhost:61731
accept: */*

Response DefaultHttpResponse(decodeResult: success, version: HTTP/1.1)
HTTP/1.1 200 OK
Content-Type: application/json; charset=utf-8
cache-control: no-cache
content-length: 14

18:12:09.633 [AsyncHttpClient-1-2] DEBUG org.asynchttpclient.netty.channel.ChannelManager - Adding key: http://localhost:61731 for channel [id: 0xf016697e, L:/127.0.0.1:51586 - R:localhost/127.0.0.1:61731]
  &amp#27;[32mThen &amp#27;[0m&amp#27;[32mI will get the category&amp#27;[0m     &amp#27;[90m# starter.stepdefinitions.CategoryStep.iWillGetTheCategory()&amp#27;[0m
18:12:09.638 [Forwarding screenshot on session 46418c1e6fdda1f2075ba9b67e8b7df0 to remote] DEBUG org.asynchttpclient.netty.request.NettyRequestSender - Using pooled Channel '[id: 0xf016697e, L:/127.0.0.1:51586 - R:localhost/127.0.0.1:61731]' for 'GET' to 'http://localhost:61731/session/46418c1e6fdda1f2075ba9b67e8b7df0/screenshot'
18:12:09.638 [Forwarding screenshot on session 46418c1e6fdda1f2075ba9b67e8b7df0 to remote] DEBUG org.asynchttpclient.netty.request.NettyRequestSender - Using open Channel [id: 0xf016697e, L:/127.0.0.1:51586 - R:localhost/127.0.0.1:61731] for GET '/session/46418c1e6fdda1f2075ba9b67e8b7df0/screenshot'
18:12:09.781 [AsyncHttpClient-1-2] DEBUG org.asynchttpclient.netty.handler.HttpHandler - 

Request DefaultFullHttpRequest(decodeResult: success, version: HTTP/1.1, content: EmptyByteBufBE)
GET /session/46418c1e6fdda1f2075ba9b67e8b7df0/screenshot HTTP/1.1
User-Agent: selenium/4.1.2 (java windows)
Cache-Control: no-cache
Content-Type: application/json; charset=utf-8
host: localhost:61731
accept: */*

Response DefaultHttpResponse(decodeResult: success, version: HTTP/1.1)
HTTP/1.1 200 OK
Content-Type: application/json; charset=utf-8
cache-control: no-cache
content-length: 32216

18:12:09.782 [AsyncHttpClient-1-2] DEBUG org.asynchttpclient.netty.channel.ChannelManager - Adding key: http://localhost:61731 for channel [id: 0xf016697e, L:/127.0.0.1:51586 - R:localhost/127.0.0.1:61731]
18:12:09.784 [main] DEBUG net.serenitybdd.core.photography.Darkroom - Send negative for processing for target\site\serenity\379aa797cc09e7156e6eea2d3cb864a7811e213d2c30044b858ae0b8a3ea55a1.png
18:12:09.784 [Darkroom Processing Line] DEBUG net.serenitybdd.core.photography.DarkroomProcessingLine - Processing screenshot image in /var/screenshots/screenshot-4752793539092784759
18:12:09.784 [Darkroom Processing Line] DEBUG net.serenitybdd.core.photography.DarkroomProcessingLine - Saving screenshot to target\site\serenity\379aa797cc09e7156e6eea2d3cb864a7811e213d2c30044b858ae0b8a3ea55a1.png
18:12:09.788 [main] INFO  - 
  _____   ___   ___   _____     ___     _     ___   ___   ___   ___  
 |_   _| | __| / __| |_   _|   | _ \   /_\   / __| / __| | __| |   \ 
   | |   | _|  \__ \   | |     |  _/  / _ \  \__ \ \__ \ | _|  | |) |
   |_|   |___| |___/   |_|     |_|   /_/ \_\ |___/ |___/ |___| |___/ 

Category list
----------------------------------------------------------------------
18:12:09.876 [AsyncHttpClient-1-1] DEBUG org.asynchttpclient.netty.channel.DefaultChannelPool - Entry count for : http://localhost:61731 : 1
18:12:09.876 [AsyncHttpClient-1-1] DEBUG org.asynchttpclient.netty.channel.DefaultChannelPool - Entry count for : http://localhost:51587 : 1
18:12:09.899 [Driver Command Executor] DEBUG org.asynchttpclient.netty.request.NettyRequestSender - Using pooled Channel '[id: 0xf016697e, L:/127.0.0.1:51586 - R:localhost/127.0.0.1:61731]' for 'DELETE' to 'http://localhost:61731/session/46418c1e6fdda1f2075ba9b67e8b7df0'
18:12:09.899 [Driver Command Executor] DEBUG org.asynchttpclient.netty.request.NettyRequestSender - Using open Channel [id: 0xf016697e, L:/127.0.0.1:51586 - R:localhost/127.0.0.1:61731] for DELETE '/session/46418c1e6fdda1f2075ba9b67e8b7df0'
18:12:09.900 [AsyncHttpClient-1-4] DEBUG org.asynchttpclient.netty.handler.WebSocketHandler - Channel Closed: [id: 0x033e4245, L:/127.0.0.1:51595 ! R:localhost/127.0.0.1:51587] with attribute NettyResponseFuture{currentRetry=5,
	isDone=1,
	isCancelled=0,
	asyncHandler=org.asynchttpclient.ws.WebSocketUpgradeHandler@20a4425d,
	nettyRequest=org.asynchttpclient.netty.request.NettyRequest@40eb42d4,
	future=java.util.concurrent.CompletableFuture@4fea03f5[Completed normally],
	uri=ws://localhost:51587/devtools/browser/56f4aa35-f108-46c9-a1b0-a5f9ef2f50fb,
	keepAlive=true,
	redirectCount=0,
	timeoutsHolder=null,
	inAuth=0,
	touch=1667041925747}
18:12:09.901 [AsyncHttpClient-1-4] DEBUG org.asynchttpclient.netty.channel.ChannelManager - Closing Channel [id: 0x033e4245, L:/127.0.0.1:51595 ! R:localhost/127.0.0.1:51587] 
18:12:09.964 [AsyncHttpClient-1-3] DEBUG org.asynchttpclient.netty.handler.HttpHandler - Unexpected I/O exception on channel [id: 0x6aa6d38e, L:/127.0.0.1:51593 - R:localhost/127.0.0.1:51587]
java.net.SocketException: Connection reset
	at java.base/sun.nio.ch.SocketChannelImpl.throwConnectionReset(SocketChannelImpl.java:345)
	at java.base/sun.nio.ch.SocketChannelImpl.read(SocketChannelImpl.java:376)
	at io.netty.buffer.PooledByteBuf.setBytes(PooledByteBuf.java:258)
	at io.netty.buffer.AbstractByteBuf.writeBytes(AbstractByteBuf.java:1132)
	at io.netty.channel.socket.nio.NioSocketChannel.doReadBytes(NioSocketChannel.java:350)
	at io.netty.channel.nio.AbstractNioByteChannel$NioByteUnsafe.read(AbstractNioByteChannel.java:151)
	at io.netty.channel.nio.NioEventLoop.processSelectedKey(NioEventLoop.java:722)
	at io.netty.channel.nio.NioEventLoop.processSelectedKeysOptimized(NioEventLoop.java:658)
	at io.netty.channel.nio.NioEventLoop.processSelectedKeys(NioEventLoop.java:584)
	at io.netty.channel.nio.NioEventLoop.run(NioEventLoop.java:496)
	at io.netty.util.concurrent.SingleThreadEventExecutor$4.run(SingleThreadEventExecutor.java:986)
	at io.netty.util.internal.ThreadExecutorMap$2.run(ThreadExecutorMap.java:74)
	at io.netty.util.concurrent.FastThreadLocalRunnable.run(FastThreadLocalRunnable.java:30)
	at java.base/java.lang.Thread.run(Thread.java:830)
18:12:09.964 [AsyncHttpClient-1-3] DEBUG org.asynchttpclient.netty.channel.ChannelManager - Closing Channel [id: 0x6aa6d38e, L:/127.0.0.1:51593 - R:localhost/127.0.0.1:51587] 
18:12:09.966 [AsyncHttpClient-1-3] DEBUG org.asynchttpclient.netty.handler.HttpHandler - Channel Closed: [id: 0x6aa6d38e, L:/127.0.0.1:51593 ! R:localhost/127.0.0.1:51587] with attribute DISCARD
18:12:09.984 [AsyncHttpClient-1-2] DEBUG org.asynchttpclient.netty.handler.HttpHandler - 

Request DefaultFullHttpRequest(decodeResult: success, version: HTTP/1.1, content: EmptyByteBufBE)
DELETE /session/46418c1e6fdda1f2075ba9b67e8b7df0 HTTP/1.1
User-Agent: selenium/4.1.2 (java windows)
Content-Type: application/json; charset=utf-8
host: localhost:61731
accept: */*

Response DefaultHttpResponse(decodeResult: success, version: HTTP/1.1)
HTTP/1.1 200 OK
Content-Type: application/json; charset=utf-8
cache-control: no-cache
content-length: 14

18:12:09.984 [AsyncHttpClient-1-2] DEBUG org.asynchttpclient.netty.channel.ChannelManager - Adding key: http://localhost:61731 for channel [id: 0xf016697e, L:/127.0.0.1:51586 - R:localhost/127.0.0.1:61731]
18:12:10.030 [AsyncHttpClient-1-2] DEBUG org.asynchttpclient.netty.handler.HttpHandler - Channel Closed: [id: 0xf016697e, L:/127.0.0.1:51586 ! R:localhost/127.0.0.1:61731] with attribute DISCARD
]]></system-out>
    <system-err><![CDATA[Starting ChromeDriver 105.0.5195.52 (412c95e518836d8a7d97250d62b29c2ae6a26a85-refs/branch-heads/5195@{#853}) on port 61731
Only local connections are allowed.
Please see https://chromedriver.chromium.org/security-considerations for suggestions on keeping ChromeDriver safe.
ChromeDriver was started successfully.
[1667041925.597][WARNING]: This version of ChromeDriver has not been tested with Chrome version 106.
Okt 29, 2022 6:12:05 PM org.openqa.selenium.remote.ProtocolHandshake createSession
INFO: Detected dialect: W3C
Okt 29, 2022 6:12:05 PM org.openqa.selenium.devtools.CdpVersionFinder findNearestMatch
WARNING: Unable to find an exact match for CDP version 106, so returning the closest version found: a no-op implementation
Okt 29, 2022 6:12:05 PM org.openqa.selenium.devtools.CdpVersionFinder findNearestMatch
INFO: Unable to find CDP implementation matching 106.
Okt 29, 2022 6:12:05 PM org.openqa.selenium.chromium.ChromiumDriver lambda$new$3
WARNING: Unable to find version of CDP to use for . You may need to include a dependency on a specific version of the CDP using something similar to `org.seleniumhq.selenium:selenium-devtools-v86:4.1.2` where the version ("v86") matches the version of the chromium-based browser you're using and the version number of the artifact is the same as Selenium's.
]]></system-err>
  </testcase>
  <testcase name="Home detail product" classname="Home" time="6.237">
    <system-out><![CDATA[18:12:10.557 [main] INFO io.cucumber.core.plugin.SerenityReporter - Running feature from file:///C:/Users/alwi/IdeaProjects/AltaShop/src/test/resources/features/Home.feature
18:12:10.560 [main] DEBUG net.thucydides.core.steps.StepEventBus - Test suite started for story net.thucydides.core.model.Story@b16b2c08
18:12:10.560 [main] INFO  - Test Suite Started: Home

Scenario: Home detail product &amp#27;[90m# src/test/resources/features/Home.feature:6&amp#27;[0m
18:12:10.585 [main] INFO io.cucumber.core.plugin.SerenityReporter - Running feature from file:///C:/Users/alwi/IdeaProjects/AltaShop/src/test/resources/features/Home.feature
18:12:10.587 [main] INFO  - 
  _____   ___   ___   _____     ___   _____     _     ___   _____   ___   ___  
 |_   _| | __| / __| |_   _|   / __| |_   _|   /_\   | _ \ |_   _| | __| |   \ 
   | |   | _|  \__ \   | |     \__ \   | |    / _ \  |   /   | |   | _|  | |) |
   |_|   |___| |___/   |_|     |___/   |_|   /_/ \_\ |_|_\   |_|   |___| |___/ 

Home detail product(home;home-detail-product)
--------------------------------------------------------------------------------
18:12:10.647 [main] INFO net.serenitybdd.core.webdriver.driverproviders.ChromeDriverProvider - Using automatically driver download
18:12:10.894 [main] DEBUG io.github.bonigarcia.wdm.cache.ResolutionCache - Resolution chrome=106 in cache (valid until 18:14:56 29/10/2022 WIB)
18:12:10.906 [main] DEBUG io.github.bonigarcia.wdm.cache.ResolutionCache - Resolution chrome106=106.0.5249.61 in cache (valid until 19:30:28 29/10/2022 WIB)
18:12:10.910 [main] INFO io.github.bonigarcia.wdm.WebDriverManager - Using chromedriver 106.0.5249.61 (resolved driver for Chrome 106)
18:12:10.941 [main] DEBUG io.github.bonigarcia.wdm.WebDriverManager - Driver chromedriver 106.0.5249.61 found in cache
18:12:10.942 [main] INFO io.github.bonigarcia.wdm.WebDriverManager - Exporting webdriver.chrome.driver as C:\Users\alwi\.cache\selenium\chromedriver\win32\106.0.5249.61\chromedriver.exe
18:12:10.980 [AsyncHttpClient-1-1] DEBUG org.asynchttpclient.netty.channel.DefaultChannelPool - Entry count for : http://localhost:61731 : 1
18:12:10.980 [AsyncHttpClient-1-1] DEBUG org.asynchttpclient.netty.channel.DefaultChannelPool - Entry count for : http://localhost:51587 : 1
18:12:10.980 [AsyncHttpClient-1-1] DEBUG org.asynchttpclient.netty.channel.DefaultChannelPool - Adding Candidate expired Channel [id: 0xf016697e, L:/127.0.0.1:51586 ! R:localhost/127.0.0.1:61731] isIdleTimeoutExpired=false isRemotelyClosed=true isTtlExpired=false
18:12:10.980 [AsyncHttpClient-1-1] DEBUG org.asynchttpclient.netty.channel.DefaultChannelPool - Closing Idle Channel [id: 0xf016697e, L:/127.0.0.1:51586 ! R:localhost/127.0.0.1:61731]
18:12:10.980 [AsyncHttpClient-1-1] DEBUG org.asynchttpclient.netty.channel.DefaultChannelPool - Adding Candidate expired Channel [id: 0x6aa6d38e, L:/127.0.0.1:51593 ! R:localhost/127.0.0.1:51587] isIdleTimeoutExpired=false isRemotelyClosed=true isTtlExpired=false
18:12:10.980 [AsyncHttpClient-1-1] DEBUG org.asynchttpclient.netty.channel.DefaultChannelPool - Closing Idle Channel [id: 0x6aa6d38e, L:/127.0.0.1:51593 ! R:localhost/127.0.0.1:51587]
18:12:10.981 [AsyncHttpClient-1-1] DEBUG org.asynchttpclient.netty.channel.DefaultChannelPool - Closed 2 connections out of 2 in 0 ms
18:12:11.053 [main] DEBUG net.serenitybdd.core.webdriver.driverproviders.ProvideNewDriver - Instantiating driver
18:12:11.053 [main] DEBUG net.serenitybdd.core.webdriver.driverproviders.ProvideNewDriver - Driver capabilities: Capabilities {acceptInsecureCerts: false, base.url: https://alta-shop.vercel.app, browserName: chrome, chrome.driver: src/test/resources/webdrive..., driver: chrome, goog:chromeOptions: {args: [], extensions: []}, wait.for.timeout: 6000}
18:12:11.590 [AsyncHttpClient-1-5] DEBUG org.asynchttpclient.netty.channel.NettyConnectListener - Using new Channel '[id: 0xd5aa693a, L:/127.0.0.1:51619 - R:localhost/127.0.0.1:54486]' for 'POST' to '/session'
18:12:12.542 [AsyncHttpClient-1-5] DEBUG org.asynchttpclient.netty.handler.HttpHandler - 

Request DefaultHttpRequest(decodeResult: success, version: HTTP/1.1)
POST /session HTTP/1.1
User-Agent: selenium/4.1.2 (java windows)
Content-Length: 639
Content-Type: application/json; charset=utf-8
host: localhost:54486
accept: */*

Response DefaultHttpResponse(decodeResult: success, version: HTTP/1.1)
HTTP/1.1 200 OK
Content-Type: application/json; charset=utf-8
cache-control: no-cache
content-length: 790

18:12:12.543 [AsyncHttpClient-1-5] DEBUG org.asynchttpclient.netty.channel.ChannelManager - Adding key: http://localhost:54486 for channel [id: 0xd5aa693a, L:/127.0.0.1:51619 - R:localhost/127.0.0.1:54486]
18:12:12.555 [AsyncHttpClient-1-6] DEBUG org.asynchttpclient.netty.channel.NettyConnectListener - Using new Channel '[id: 0xb0f19946, L:/127.0.0.1:51626 - R:localhost/127.0.0.1:51620]' for 'GET' to '/json/version'
18:12:12.560 [AsyncHttpClient-1-6] DEBUG org.asynchttpclient.netty.handler.HttpHandler - 

Request DefaultFullHttpRequest(decodeResult: success, version: HTTP/1.1, content: EmptyByteBufBE)
GET /json/version HTTP/1.1
User-Agent: selenium/4.1.2 (java windows)
host: localhost:51620
accept: */*

Response DefaultHttpResponse(decodeResult: success, version: HTTP/1.1)
HTTP/1.1 200 OK
Content-Type: application/json; charset=UTF-8
content-length: 424

18:12:12.560 [AsyncHttpClient-1-6] DEBUG org.asynchttpclient.netty.channel.ChannelManager - Adding key: http://localhost:51620 for channel [id: 0xb0f19946, L:/127.0.0.1:51626 - R:localhost/127.0.0.1:51620]
18:12:12.563 [AsyncHttpClient-1-7] DEBUG org.asynchttpclient.netty.channel.NettyConnectListener - Using new Channel '[id: 0xa7de2006, L:/127.0.0.1:51627 - R:localhost/127.0.0.1:51620]' for 'GET' to '/devtools/browser/b6082863-0d4b-4d21-a964-de6fdfe4c2a2'
18:12:12.568 [AsyncHttpClient-1-7] DEBUG org.asynchttpclient.netty.handler.WebSocketHandler - 

Request DefaultFullHttpRequest(decodeResult: success, version: HTTP/1.1, content: EmptyByteBufBE)
GET /devtools/browser/b6082863-0d4b-4d21-a964-de6fdfe4c2a2 HTTP/1.1
upgrade: websocket
connection: upgrade
sec-websocket-key: O0A0O6RPLyopdbA9LJhxNQ==
sec-websocket-version: 13
origin: http://localhost:51620
host: localhost:51620
accept: */*
user-agent: AHC/2.1

Response DefaultHttpResponse(decodeResult: success, version: HTTP/1.1)
HTTP/1.1 101 WebSocket Protocol Handshake
Upgrade: WebSocket
Connection: Upgrade
Sec-WebSocket-Accept: 1E1OUj69Oc/Ci2hatKeOVwvfzI0=

18:12:12.574 [Forwarding get on session 2fe59093f6b26a860c34f445a5ebd31e to remote] DEBUG org.asynchttpclient.netty.request.NettyRequestSender - Using pooled Channel '[id: 0xd5aa693a, L:/127.0.0.1:51619 - R:localhost/127.0.0.1:54486]' for 'POST' to 'http://localhost:54486/session/2fe59093f6b26a860c34f445a5ebd31e/url'
18:12:12.574 [Forwarding get on session 2fe59093f6b26a860c34f445a5ebd31e to remote] DEBUG org.asynchttpclient.netty.request.NettyRequestSender - Using open Channel [id: 0xd5aa693a, L:/127.0.0.1:51619 - R:localhost/127.0.0.1:54486] for POST '/session/2fe59093f6b26a860c34f445a5ebd31e/url'
18:12:13.179 [AsyncHttpClient-1-1] DEBUG org.asynchttpclient.netty.channel.DefaultChannelPool - Entry count for : http://localhost:51620 : 1
18:12:13.459 [AsyncHttpClient-1-5] DEBUG org.asynchttpclient.netty.handler.HttpHandler - 

Request DefaultHttpRequest(decodeResult: success, version: HTTP/1.1)
POST /session/2fe59093f6b26a860c34f445a5ebd31e/url HTTP/1.1
User-Agent: selenium/4.1.2 (java windows)
Content-Length: 59
Content-Type: application/json; charset=utf-8
host: localhost:54486
accept: */*

Response DefaultHttpResponse(decodeResult: success, version: HTTP/1.1)
HTTP/1.1 200 OK
Content-Type: application/json; charset=utf-8
cache-control: no-cache
content-length: 14

18:12:13.460 [AsyncHttpClient-1-5] DEBUG org.asynchttpclient.netty.channel.ChannelManager - Adding key: http://localhost:54486 for channel [id: 0xd5aa693a, L:/127.0.0.1:51619 - R:localhost/127.0.0.1:54486]
18:12:13.462 [Forwarding setTimeout on session 2fe59093f6b26a860c34f445a5ebd31e to remote] DEBUG org.asynchttpclient.netty.request.NettyRequestSender - Using pooled Channel '[id: 0xd5aa693a, L:/127.0.0.1:51619 - R:localhost/127.0.0.1:54486]' for 'POST' to 'http://localhost:54486/session/2fe59093f6b26a860c34f445a5ebd31e/timeouts'
18:12:13.462 [Forwarding setTimeout on session 2fe59093f6b26a860c34f445a5ebd31e to remote] DEBUG org.asynchttpclient.netty.request.NettyRequestSender - Using open Channel [id: 0xd5aa693a, L:/127.0.0.1:51619 - R:localhost/127.0.0.1:54486] for POST '/session/2fe59093f6b26a860c34f445a5ebd31e/timeouts'
18:12:13.465 [AsyncHttpClient-1-5] DEBUG org.asynchttpclient.netty.handler.HttpHandler - 

Request DefaultHttpRequest(decodeResult: success, version: HTTP/1.1)
POST /session/2fe59093f6b26a860c34f445a5ebd31e/timeouts HTTP/1.1
User-Agent: selenium/4.1.2 (java windows)
Content-Length: 22
Content-Type: application/json; charset=utf-8
host: localhost:54486
accept: */*

Response DefaultHttpResponse(decodeResult: success, version: HTTP/1.1)
HTTP/1.1 200 OK
Content-Type: application/json; charset=utf-8
cache-control: no-cache
content-length: 14

18:12:13.465 [AsyncHttpClient-1-5] DEBUG org.asynchttpclient.netty.channel.ChannelManager - Adding key: http://localhost:54486 for channel [id: 0xd5aa693a, L:/127.0.0.1:51619 - R:localhost/127.0.0.1:54486]
18:12:13.470 [Forwarding getCurrentUrl on session 2fe59093f6b26a860c34f445a5ebd31e to remote] DEBUG org.asynchttpclient.netty.request.NettyRequestSender - Using pooled Channel '[id: 0xd5aa693a, L:/127.0.0.1:51619 - R:localhost/127.0.0.1:54486]' for 'GET' to 'http://localhost:54486/session/2fe59093f6b26a860c34f445a5ebd31e/url'
18:12:13.471 [Forwarding getCurrentUrl on session 2fe59093f6b26a860c34f445a5ebd31e to remote] DEBUG org.asynchttpclient.netty.request.NettyRequestSender - Using open Channel [id: 0xd5aa693a, L:/127.0.0.1:51619 - R:localhost/127.0.0.1:54486] for GET '/session/2fe59093f6b26a860c34f445a5ebd31e/url'
18:12:13.475 [AsyncHttpClient-1-5] DEBUG org.asynchttpclient.netty.handler.HttpHandler - 

Request DefaultFullHttpRequest(decodeResult: success, version: HTTP/1.1, content: EmptyByteBufBE)
GET /session/2fe59093f6b26a860c34f445a5ebd31e/url HTTP/1.1
User-Agent: selenium/4.1.2 (java windows)
Cache-Control: no-cache
Content-Type: application/json; charset=utf-8
host: localhost:54486
accept: */*

Response DefaultHttpResponse(decodeResult: success, version: HTTP/1.1)
HTTP/1.1 200 OK
Content-Type: application/json; charset=utf-8
cache-control: no-cache
content-length: 41

18:12:13.475 [AsyncHttpClient-1-5] DEBUG org.asynchttpclient.netty.channel.ChannelManager - Adding key: http://localhost:54486 for channel [id: 0xd5aa693a, L:/127.0.0.1:51619 - R:localhost/127.0.0.1:54486]
  &amp#27;[32mGiven &amp#27;[0m&amp#27;[32mI am on the home page&amp#27;[0m &amp#27;[90m# starter.stepdefinitions.HomeStep.iAmOnTheHomePage()&amp#27;[0m
18:12:13.486 [main] DEBUG net.serenitybdd.core.photography.Darkroom - Opening darkroom
18:12:13.486 [Darkroom Processing Line] DEBUG net.serenitybdd.core.photography.DarkroomProcessingLine - Darkroom processing line starting up
18:12:13.487 [Forwarding screenshot on session 2fe59093f6b26a860c34f445a5ebd31e to remote] DEBUG org.asynchttpclient.netty.request.NettyRequestSender - Using pooled Channel '[id: 0xd5aa693a, L:/127.0.0.1:51619 - R:localhost/127.0.0.1:54486]' for 'GET' to 'http://localhost:54486/session/2fe59093f6b26a860c34f445a5ebd31e/screenshot'
18:12:13.487 [Forwarding screenshot on session 2fe59093f6b26a860c34f445a5ebd31e to remote] DEBUG org.asynchttpclient.netty.request.NettyRequestSender - Using open Channel [id: 0xd5aa693a, L:/127.0.0.1:51619 - R:localhost/127.0.0.1:54486] for GET '/session/2fe59093f6b26a860c34f445a5ebd31e/screenshot'
18:12:13.625 [AsyncHttpClient-1-5] DEBUG org.asynchttpclient.netty.handler.HttpHandler - 

Request DefaultFullHttpRequest(decodeResult: success, version: HTTP/1.1, content: EmptyByteBufBE)
GET /session/2fe59093f6b26a860c34f445a5ebd31e/screenshot HTTP/1.1
User-Agent: selenium/4.1.2 (java windows)
Cache-Control: no-cache
Content-Type: application/json; charset=utf-8
host: localhost:54486
accept: */*

Response DefaultHttpResponse(decodeResult: success, version: HTTP/1.1)
HTTP/1.1 200 OK
Content-Type: application/json; charset=utf-8
cache-control: no-cache
content-length: 29288

18:12:13.626 [AsyncHttpClient-1-5] DEBUG org.asynchttpclient.netty.channel.ChannelManager - Adding key: http://localhost:54486 for channel [id: 0xd5aa693a, L:/127.0.0.1:51619 - R:localhost/127.0.0.1:54486]
18:12:13.628 [main] DEBUG net.serenitybdd.core.photography.Darkroom - Send negative for processing for target\site\serenity\2399b250ddd018b5d220f5a449ec7376d6c0c03c9f8066047adf471ccadd6a29.png
18:12:13.629 [Darkroom Processing Line] DEBUG net.serenitybdd.core.photography.DarkroomProcessingLine - Processing screenshot image in /var/screenshots/screenshot-625855263243549828
18:12:13.629 [Darkroom Processing Line] DEBUG net.serenitybdd.core.photography.DarkroomProcessingLine - Saving screenshot to target\site\serenity\2399b250ddd018b5d220f5a449ec7376d6c0c03c9f8066047adf471ccadd6a29.png
18:12:13.640 [Forwarding findElement on session 2fe59093f6b26a860c34f445a5ebd31e to remote] DEBUG org.asynchttpclient.netty.request.NettyRequestSender - Using pooled Channel '[id: 0xd5aa693a, L:/127.0.0.1:51619 - R:localhost/127.0.0.1:54486]' for 'POST' to 'http://localhost:54486/session/2fe59093f6b26a860c34f445a5ebd31e/element'
18:12:13.640 [Forwarding findElement on session 2fe59093f6b26a860c34f445a5ebd31e to remote] DEBUG org.asynchttpclient.netty.request.NettyRequestSender - Using open Channel [id: 0xd5aa693a, L:/127.0.0.1:51619 - R:localhost/127.0.0.1:54486] for POST '/session/2fe59093f6b26a860c34f445a5ebd31e/element'
18:12:14.276 [AsyncHttpClient-1-1] DEBUG org.asynchttpclient.netty.channel.DefaultChannelPool - Entry count for : http://localhost:51620 : 1
18:12:15.376 [AsyncHttpClient-1-1] DEBUG org.asynchttpclient.netty.channel.DefaultChannelPool - Entry count for : http://localhost:51620 : 1
18:12:15.419 [AsyncHttpClient-1-5] DEBUG org.asynchttpclient.netty.handler.HttpHandler - 

Request DefaultHttpRequest(decodeResult: success, version: HTTP/1.1)
POST /session/2fe59093f6b26a860c34f445a5ebd31e/element HTTP/1.1
User-Agent: selenium/4.1.2 (java windows)
Content-Length: 71
Content-Type: application/json; charset=utf-8
host: localhost:54486
accept: */*

Response DefaultHttpResponse(decodeResult: success, version: HTTP/1.1)
HTTP/1.1 200 OK
Content-Type: application/json; charset=utf-8
cache-control: no-cache
content-length: 88

18:12:15.420 [AsyncHttpClient-1-5] DEBUG org.asynchttpclient.netty.channel.ChannelManager - Adding key: http://localhost:54486 for channel [id: 0xd5aa693a, L:/127.0.0.1:51619 - R:localhost/127.0.0.1:54486]
18:12:15.424 [Forwarding getElementTagName on session 2fe59093f6b26a860c34f445a5ebd31e to remote] DEBUG org.asynchttpclient.netty.request.NettyRequestSender - Using pooled Channel '[id: 0xd5aa693a, L:/127.0.0.1:51619 - R:localhost/127.0.0.1:54486]' for 'GET' to 'http://localhost:54486/session/2fe59093f6b26a860c34f445a5ebd31e/element/a17234cc-5867-4352-9c65-5927b3fe96e9/name'
18:12:15.424 [Forwarding getElementTagName on session 2fe59093f6b26a860c34f445a5ebd31e to remote] DEBUG org.asynchttpclient.netty.request.NettyRequestSender - Using open Channel [id: 0xd5aa693a, L:/127.0.0.1:51619 - R:localhost/127.0.0.1:54486] for GET '/session/2fe59093f6b26a860c34f445a5ebd31e/element/a17234cc-5867-4352-9c65-5927b3fe96e9/name'
18:12:15.429 [AsyncHttpClient-1-5] DEBUG org.asynchttpclient.netty.handler.HttpHandler - 

Request DefaultFullHttpRequest(decodeResult: success, version: HTTP/1.1, content: EmptyByteBufBE)
GET /session/2fe59093f6b26a860c34f445a5ebd31e/element/a17234cc-5867-4352-9c65-5927b3fe96e9/name HTTP/1.1
User-Agent: selenium/4.1.2 (java windows)
Cache-Control: no-cache
Content-Type: application/json; charset=utf-8
host: localhost:54486
accept: */*

Response DefaultHttpResponse(decodeResult: success, version: HTTP/1.1)
HTTP/1.1 200 OK
Content-Type: application/json; charset=utf-8
cache-control: no-cache
content-length: 16

18:12:15.429 [AsyncHttpClient-1-5] DEBUG org.asynchttpclient.netty.channel.ChannelManager - Adding key: http://localhost:54486 for channel [id: 0xd5aa693a, L:/127.0.0.1:51619 - R:localhost/127.0.0.1:54486]
18:12:15.431 [Forwarding getElementTagName on session 2fe59093f6b26a860c34f445a5ebd31e to remote] DEBUG org.asynchttpclient.netty.request.NettyRequestSender - Using pooled Channel '[id: 0xd5aa693a, L:/127.0.0.1:51619 - R:localhost/127.0.0.1:54486]' for 'GET' to 'http://localhost:54486/session/2fe59093f6b26a860c34f445a5ebd31e/element/a17234cc-5867-4352-9c65-5927b3fe96e9/name'
18:12:15.431 [Forwarding getElementTagName on session 2fe59093f6b26a860c34f445a5ebd31e to remote] DEBUG org.asynchttpclient.netty.request.NettyRequestSender - Using open Channel [id: 0xd5aa693a, L:/127.0.0.1:51619 - R:localhost/127.0.0.1:54486] for GET '/session/2fe59093f6b26a860c34f445a5ebd31e/element/a17234cc-5867-4352-9c65-5927b3fe96e9/name'
18:12:15.445 [AsyncHttpClient-1-5] DEBUG org.asynchttpclient.netty.handler.HttpHandler - 

Request DefaultFullHttpRequest(decodeResult: success, version: HTTP/1.1, content: EmptyByteBufBE)
GET /session/2fe59093f6b26a860c34f445a5ebd31e/element/a17234cc-5867-4352-9c65-5927b3fe96e9/name HTTP/1.1
User-Agent: selenium/4.1.2 (java windows)
Cache-Control: no-cache
Content-Type: application/json; charset=utf-8
host: localhost:54486
accept: */*

Response DefaultHttpResponse(decodeResult: success, version: HTTP/1.1)
HTTP/1.1 200 OK
Content-Type: application/json; charset=utf-8
cache-control: no-cache
content-length: 16

18:12:15.445 [AsyncHttpClient-1-5] DEBUG org.asynchttpclient.netty.channel.ChannelManager - Adding key: http://localhost:54486 for channel [id: 0xd5aa693a, L:/127.0.0.1:51619 - R:localhost/127.0.0.1:54486]
18:12:15.448 [Forwarding findElement on session 2fe59093f6b26a860c34f445a5ebd31e to remote] DEBUG org.asynchttpclient.netty.request.NettyRequestSender - Using pooled Channel '[id: 0xd5aa693a, L:/127.0.0.1:51619 - R:localhost/127.0.0.1:54486]' for 'POST' to 'http://localhost:54486/session/2fe59093f6b26a860c34f445a5ebd31e/element'
18:12:15.448 [Forwarding findElement on session 2fe59093f6b26a860c34f445a5ebd31e to remote] DEBUG org.asynchttpclient.netty.request.NettyRequestSender - Using open Channel [id: 0xd5aa693a, L:/127.0.0.1:51619 - R:localhost/127.0.0.1:54486] for POST '/session/2fe59093f6b26a860c34f445a5ebd31e/element'
18:12:15.456 [AsyncHttpClient-1-5] DEBUG org.asynchttpclient.netty.handler.HttpHandler - 

Request DefaultHttpRequest(decodeResult: success, version: HTTP/1.1)
POST /session/2fe59093f6b26a860c34f445a5ebd31e/element HTTP/1.1
User-Agent: selenium/4.1.2 (java windows)
Content-Length: 71
Content-Type: application/json; charset=utf-8
host: localhost:54486
accept: */*

Response DefaultHttpResponse(decodeResult: success, version: HTTP/1.1)
HTTP/1.1 200 OK
Content-Type: application/json; charset=utf-8
cache-control: no-cache
content-length: 88

18:12:15.456 [AsyncHttpClient-1-5] DEBUG org.asynchttpclient.netty.channel.ChannelManager - Adding key: http://localhost:54486 for channel [id: 0xd5aa693a, L:/127.0.0.1:51619 - R:localhost/127.0.0.1:54486]
18:12:15.459 [Forwarding clickElement on session 2fe59093f6b26a860c34f445a5ebd31e to remote] DEBUG org.asynchttpclient.netty.request.NettyRequestSender - Using pooled Channel '[id: 0xd5aa693a, L:/127.0.0.1:51619 - R:localhost/127.0.0.1:54486]' for 'POST' to 'http://localhost:54486/session/2fe59093f6b26a860c34f445a5ebd31e/element/a17234cc-5867-4352-9c65-5927b3fe96e9/click'
18:12:15.459 [Forwarding clickElement on session 2fe59093f6b26a860c34f445a5ebd31e to remote] DEBUG org.asynchttpclient.netty.request.NettyRequestSender - Using open Channel [id: 0xd5aa693a, L:/127.0.0.1:51619 - R:localhost/127.0.0.1:54486] for POST '/session/2fe59093f6b26a860c34f445a5ebd31e/element/a17234cc-5867-4352-9c65-5927b3fe96e9/click'
18:12:15.501 [AsyncHttpClient-1-5] DEBUG org.asynchttpclient.netty.handler.HttpHandler - 

Request DefaultHttpRequest(decodeResult: success, version: HTTP/1.1)
POST /session/2fe59093f6b26a860c34f445a5ebd31e/element/a17234cc-5867-4352-9c65-5927b3fe96e9/click HTTP/1.1
User-Agent: selenium/4.1.2 (java windows)
Content-Length: 50
Content-Type: application/json; charset=utf-8
host: localhost:54486
accept: */*

Response DefaultHttpResponse(decodeResult: success, version: HTTP/1.1)
HTTP/1.1 200 OK
Content-Type: application/json; charset=utf-8
cache-control: no-cache
content-length: 14

18:12:15.501 [AsyncHttpClient-1-5] DEBUG org.asynchttpclient.netty.channel.ChannelManager - Adding key: http://localhost:54486 for channel [id: 0xd5aa693a, L:/127.0.0.1:51619 - R:localhost/127.0.0.1:54486]
  &amp#27;[32mWhen &amp#27;[0m&amp#27;[32mI click button detail&amp#27;[0m  &amp#27;[90m# starter.stepdefinitions.HomeStep.iClickButtonDetail()&amp#27;[0m
18:12:15.511 [Forwarding screenshot on session 2fe59093f6b26a860c34f445a5ebd31e to remote] DEBUG org.asynchttpclient.netty.request.NettyRequestSender - Using pooled Channel '[id: 0xd5aa693a, L:/127.0.0.1:51619 - R:localhost/127.0.0.1:54486]' for 'GET' to 'http://localhost:54486/session/2fe59093f6b26a860c34f445a5ebd31e/screenshot'
18:12:15.511 [Forwarding screenshot on session 2fe59093f6b26a860c34f445a5ebd31e to remote] DEBUG org.asynchttpclient.netty.request.NettyRequestSender - Using open Channel [id: 0xd5aa693a, L:/127.0.0.1:51619 - R:localhost/127.0.0.1:54486] for GET '/session/2fe59093f6b26a860c34f445a5ebd31e/screenshot'
18:12:15.671 [AsyncHttpClient-1-5] DEBUG org.asynchttpclient.netty.handler.HttpHandler - 

Request DefaultFullHttpRequest(decodeResult: success, version: HTTP/1.1, content: EmptyByteBufBE)
GET /session/2fe59093f6b26a860c34f445a5ebd31e/screenshot HTTP/1.1
User-Agent: selenium/4.1.2 (java windows)
Cache-Control: no-cache
Content-Type: application/json; charset=utf-8
host: localhost:54486
accept: */*

Response DefaultHttpResponse(decodeResult: success, version: HTTP/1.1)
HTTP/1.1 200 OK
Content-Type: application/json; charset=utf-8
cache-control: no-cache
content-length: 14968

18:12:15.671 [AsyncHttpClient-1-5] DEBUG org.asynchttpclient.netty.channel.ChannelManager - Adding key: http://localhost:54486 for channel [id: 0xd5aa693a, L:/127.0.0.1:51619 - R:localhost/127.0.0.1:54486]
18:12:15.674 [main] DEBUG net.serenitybdd.core.photography.Darkroom - Send negative for processing for target\site\serenity\ff68a2541b4c5c26fab5b117faf56ea5a13ea32e44cafd7ef8ce7cec4972820d.png
18:12:15.674 [Darkroom Processing Line] DEBUG net.serenitybdd.core.photography.DarkroomProcessingLine - Processing screenshot image in /var/screenshots/screenshot-17867079172507934674
18:12:15.674 [Darkroom Processing Line] DEBUG net.serenitybdd.core.photography.DarkroomProcessingLine - Saving screenshot to target\site\serenity\ff68a2541b4c5c26fab5b117faf56ea5a13ea32e44cafd7ef8ce7cec4972820d.png
18:12:15.681 [Forwarding get on session 2fe59093f6b26a860c34f445a5ebd31e to remote] DEBUG org.asynchttpclient.netty.request.NettyRequestSender - Using pooled Channel '[id: 0xd5aa693a, L:/127.0.0.1:51619 - R:localhost/127.0.0.1:54486]' for 'POST' to 'http://localhost:54486/session/2fe59093f6b26a860c34f445a5ebd31e/url'
18:12:15.682 [Forwarding get on session 2fe59093f6b26a860c34f445a5ebd31e to remote] DEBUG org.asynchttpclient.netty.request.NettyRequestSender - Using open Channel [id: 0xd5aa693a, L:/127.0.0.1:51619 - R:localhost/127.0.0.1:54486] for POST '/session/2fe59093f6b26a860c34f445a5ebd31e/url'
18:12:15.993 [AsyncHttpClient-1-5] DEBUG org.asynchttpclient.netty.handler.HttpHandler - 

Request DefaultHttpRequest(decodeResult: success, version: HTTP/1.1)
POST /session/2fe59093f6b26a860c34f445a5ebd31e/url HTTP/1.1
User-Agent: selenium/4.1.2 (java windows)
Content-Length: 74
Content-Type: application/json; charset=utf-8
host: localhost:54486
accept: */*

Response DefaultHttpResponse(decodeResult: success, version: HTTP/1.1)
HTTP/1.1 200 OK
Content-Type: application/json; charset=utf-8
cache-control: no-cache
content-length: 14

18:12:15.993 [AsyncHttpClient-1-5] DEBUG org.asynchttpclient.netty.channel.ChannelManager - Adding key: http://localhost:54486 for channel [id: 0xd5aa693a, L:/127.0.0.1:51619 - R:localhost/127.0.0.1:54486]
18:12:15.999 [Forwarding getCurrentUrl on session 2fe59093f6b26a860c34f445a5ebd31e to remote] DEBUG org.asynchttpclient.netty.request.NettyRequestSender - Using pooled Channel '[id: 0xd5aa693a, L:/127.0.0.1:51619 - R:localhost/127.0.0.1:54486]' for 'GET' to 'http://localhost:54486/session/2fe59093f6b26a860c34f445a5ebd31e/url'
18:12:16.000 [Forwarding getCurrentUrl on session 2fe59093f6b26a860c34f445a5ebd31e to remote] DEBUG org.asynchttpclient.netty.request.NettyRequestSender - Using open Channel [id: 0xd5aa693a, L:/127.0.0.1:51619 - R:localhost/127.0.0.1:54486] for GET '/session/2fe59093f6b26a860c34f445a5ebd31e/url'
18:12:16.004 [AsyncHttpClient-1-5] DEBUG org.asynchttpclient.netty.handler.HttpHandler - 

Request DefaultFullHttpRequest(decodeResult: success, version: HTTP/1.1, content: EmptyByteBufBE)
GET /session/2fe59093f6b26a860c34f445a5ebd31e/url HTTP/1.1
User-Agent: selenium/4.1.2 (java windows)
Cache-Control: no-cache
Content-Type: application/json; charset=utf-8
host: localhost:54486
accept: */*

Response DefaultHttpResponse(decodeResult: success, version: HTTP/1.1)
HTTP/1.1 200 OK
Content-Type: application/json; charset=utf-8
cache-control: no-cache
content-length: 51

18:12:16.004 [AsyncHttpClient-1-5] DEBUG org.asynchttpclient.netty.channel.ChannelManager - Adding key: http://localhost:54486 for channel [id: 0xd5aa693a, L:/127.0.0.1:51619 - R:localhost/127.0.0.1:54486]
  &amp#27;[32mThen &amp#27;[0m&amp#27;[32mI will get the detail&amp#27;[0m  &amp#27;[90m# starter.stepdefinitions.HomeStep.iWillGetTheDetail()&amp#27;[0m
18:12:16.014 [Forwarding screenshot on session 2fe59093f6b26a860c34f445a5ebd31e to remote] DEBUG org.asynchttpclient.netty.request.NettyRequestSender - Using pooled Channel '[id: 0xd5aa693a, L:/127.0.0.1:51619 - R:localhost/127.0.0.1:54486]' for 'GET' to 'http://localhost:54486/session/2fe59093f6b26a860c34f445a5ebd31e/screenshot'
18:12:16.014 [Forwarding screenshot on session 2fe59093f6b26a860c34f445a5ebd31e to remote] DEBUG org.asynchttpclient.netty.request.NettyRequestSender - Using open Channel [id: 0xd5aa693a, L:/127.0.0.1:51619 - R:localhost/127.0.0.1:54486] for GET '/session/2fe59093f6b26a860c34f445a5ebd31e/screenshot'
18:12:16.114 [AsyncHttpClient-1-5] DEBUG org.asynchttpclient.netty.handler.HttpHandler - 

Request DefaultFullHttpRequest(decodeResult: success, version: HTTP/1.1, content: EmptyByteBufBE)
GET /session/2fe59093f6b26a860c34f445a5ebd31e/screenshot HTTP/1.1
User-Agent: selenium/4.1.2 (java windows)
Cache-Control: no-cache
Content-Type: application/json; charset=utf-8
host: localhost:54486
accept: */*

Response DefaultHttpResponse(decodeResult: success, version: HTTP/1.1)
HTTP/1.1 200 OK
Content-Type: application/json; charset=utf-8
cache-control: no-cache
content-length: 14968

18:12:16.114 [AsyncHttpClient-1-5] DEBUG org.asynchttpclient.netty.channel.ChannelManager - Adding key: http://localhost:54486 for channel [id: 0xd5aa693a, L:/127.0.0.1:51619 - R:localhost/127.0.0.1:54486]
18:12:16.116 [main] DEBUG net.serenitybdd.core.photography.Darkroom - Send negative for processing for target\site\serenity\ff68a2541b4c5c26fab5b117faf56ea5a13ea32e44cafd7ef8ce7cec4972820d.png
18:12:16.118 [main] INFO  - 
  _____   ___   ___   _____     ___     _     ___   ___   ___   ___  
 |_   _| | __| / __| |_   _|   | _ \   /_\   / __| / __| | __| |   \ 
   | |   | _|  \__ \   | |     |  _/  / _ \  \__ \ \__ \ | _|  | |) |
   |_|   |___| |___/   |_|     |_|   /_/ \_\ |___/ |___/ |___| |___/ 

Home detail product
----------------------------------------------------------------------
18:12:16.119 [AsyncHttpClient-1-7] DEBUG org.asynchttpclient.netty.handler.WebSocketHandler - Channel Closed: [id: 0xa7de2006, L:/127.0.0.1:51627 ! R:localhost/127.0.0.1:51620] with attribute NettyResponseFuture{currentRetry=5,
	isDone=1,
	isCancelled=0,
	asyncHandler=org.asynchttpclient.ws.WebSocketUpgradeHandler@5161e825,
	nettyRequest=org.asynchttpclient.netty.request.NettyRequest@14636c6d,
	future=java.util.concurrent.CompletableFuture@3f7c69f[Completed normally],
	uri=ws://localhost:51620/devtools/browser/b6082863-0d4b-4d21-a964-de6fdfe4c2a2,
	keepAlive=true,
	redirectCount=0,
	timeoutsHolder=null,
	inAuth=0,
	touch=1667041932569}
18:12:16.119 [AsyncHttpClient-1-7] DEBUG org.asynchttpclient.netty.channel.ChannelManager - Closing Channel [id: 0xa7de2006, L:/127.0.0.1:51627 ! R:localhost/127.0.0.1:51620] 
18:12:16.120 [Driver Command Executor] DEBUG org.asynchttpclient.netty.request.NettyRequestSender - Using pooled Channel '[id: 0xd5aa693a, L:/127.0.0.1:51619 - R:localhost/127.0.0.1:54486]' for 'DELETE' to 'http://localhost:54486/session/2fe59093f6b26a860c34f445a5ebd31e'
18:12:16.120 [Driver Command Executor] DEBUG org.asynchttpclient.netty.request.NettyRequestSender - Using open Channel [id: 0xd5aa693a, L:/127.0.0.1:51619 - R:localhost/127.0.0.1:54486] for DELETE '/session/2fe59093f6b26a860c34f445a5ebd31e'
18:12:16.143 [AsyncHttpClient-1-6] DEBUG org.asynchttpclient.netty.handler.HttpHandler - Unexpected I/O exception on channel [id: 0xb0f19946, L:/127.0.0.1:51626 - R:localhost/127.0.0.1:51620]
java.net.SocketException: Connection reset
	at java.base/sun.nio.ch.SocketChannelImpl.throwConnectionReset(SocketChannelImpl.java:345)
	at java.base/sun.nio.ch.SocketChannelImpl.read(SocketChannelImpl.java:376)
	at io.netty.buffer.PooledByteBuf.setBytes(PooledByteBuf.java:258)
	at io.netty.buffer.AbstractByteBuf.writeBytes(AbstractByteBuf.java:1132)
	at io.netty.channel.socket.nio.NioSocketChannel.doReadBytes(NioSocketChannel.java:350)
	at io.netty.channel.nio.AbstractNioByteChannel$NioByteUnsafe.read(AbstractNioByteChannel.java:151)
	at io.netty.channel.nio.NioEventLoop.processSelectedKey(NioEventLoop.java:722)
	at io.netty.channel.nio.NioEventLoop.processSelectedKeysOptimized(NioEventLoop.java:658)
	at io.netty.channel.nio.NioEventLoop.processSelectedKeys(NioEventLoop.java:584)
	at io.netty.channel.nio.NioEventLoop.run(NioEventLoop.java:496)
	at io.netty.util.concurrent.SingleThreadEventExecutor$4.run(SingleThreadEventExecutor.java:986)
	at io.netty.util.internal.ThreadExecutorMap$2.run(ThreadExecutorMap.java:74)
	at io.netty.util.concurrent.FastThreadLocalRunnable.run(FastThreadLocalRunnable.java:30)
	at java.base/java.lang.Thread.run(Thread.java:830)
18:12:16.144 [AsyncHttpClient-1-6] DEBUG org.asynchttpclient.netty.channel.ChannelManager - Closing Channel [id: 0xb0f19946, L:/127.0.0.1:51626 - R:localhost/127.0.0.1:51620] 
18:12:16.144 [AsyncHttpClient-1-6] DEBUG org.asynchttpclient.netty.handler.HttpHandler - Channel Closed: [id: 0xb0f19946, L:/127.0.0.1:51626 ! R:localhost/127.0.0.1:51620] with attribute DISCARD
18:12:16.168 [AsyncHttpClient-1-5] DEBUG org.asynchttpclient.netty.handler.HttpHandler - 

Request DefaultFullHttpRequest(decodeResult: success, version: HTTP/1.1, content: EmptyByteBufBE)
DELETE /session/2fe59093f6b26a860c34f445a5ebd31e HTTP/1.1
User-Agent: selenium/4.1.2 (java windows)
Content-Type: application/json; charset=utf-8
host: localhost:54486
accept: */*

Response DefaultHttpResponse(decodeResult: success, version: HTTP/1.1)
HTTP/1.1 200 OK
Content-Type: application/json; charset=utf-8
cache-control: no-cache
content-length: 14

18:12:16.168 [AsyncHttpClient-1-5] DEBUG org.asynchttpclient.netty.channel.ChannelManager - Adding key: http://localhost:54486 for channel [id: 0xd5aa693a, L:/127.0.0.1:51619 - R:localhost/127.0.0.1:54486]
18:12:16.265 [AsyncHttpClient-1-5] DEBUG org.asynchttpclient.netty.handler.HttpHandler - Channel Closed: [id: 0xd5aa693a, L:/127.0.0.1:51619 ! R:localhost/127.0.0.1:54486] with attribute DISCARD
18:12:16.481 [AsyncHttpClient-1-1] DEBUG org.asynchttpclient.netty.channel.DefaultChannelPool - Entry count for : http://localhost:54486 : 1
18:12:16.481 [AsyncHttpClient-1-1] DEBUG org.asynchttpclient.netty.channel.DefaultChannelPool - Entry count for : http://localhost:51620 : 1
18:12:16.481 [AsyncHttpClient-1-1] DEBUG org.asynchttpclient.netty.channel.DefaultChannelPool - Adding Candidate expired Channel [id: 0xd5aa693a, L:/127.0.0.1:51619 ! R:localhost/127.0.0.1:54486] isIdleTimeoutExpired=false isRemotelyClosed=true isTtlExpired=false
18:12:16.481 [AsyncHttpClient-1-1] DEBUG org.asynchttpclient.netty.channel.DefaultChannelPool - Closing Idle Channel [id: 0xd5aa693a, L:/127.0.0.1:51619 ! R:localhost/127.0.0.1:54486]
18:12:16.481 [AsyncHttpClient-1-1] DEBUG org.asynchttpclient.netty.channel.DefaultChannelPool - Adding Candidate expired Channel [id: 0xb0f19946, L:/127.0.0.1:51626 ! R:localhost/127.0.0.1:51620] isIdleTimeoutExpired=false isRemotelyClosed=true isTtlExpired=false
18:12:16.481 [AsyncHttpClient-1-1] DEBUG org.asynchttpclient.netty.channel.DefaultChannelPool - Closing Idle Channel [id: 0xb0f19946, L:/127.0.0.1:51626 ! R:localhost/127.0.0.1:51620]
18:12:16.481 [AsyncHttpClient-1-1] DEBUG org.asynchttpclient.netty.channel.DefaultChannelPool - Closed 2 connections out of 2 in 0 ms
]]></system-out>
    <system-err><![CDATA[Starting ChromeDriver 105.0.5195.52 (412c95e518836d8a7d97250d62b29c2ae6a26a85-refs/branch-heads/5195@{#853}) on port 54486
Only local connections are allowed.
Please see https://chromedriver.chromium.org/security-considerations for suggestions on keeping ChromeDriver safe.
ChromeDriver was started successfully.
[1667041932.517][WARNING]: This version of ChromeDriver has not been tested with Chrome version 106.
Okt 29, 2022 6:12:12 PM org.openqa.selenium.remote.ProtocolHandshake createSession
INFO: Detected dialect: W3C
Okt 29, 2022 6:12:12 PM org.openqa.selenium.devtools.CdpVersionFinder findNearestMatch
WARNING: Unable to find an exact match for CDP version 106, so returning the closest version found: a no-op implementation
Okt 29, 2022 6:12:12 PM org.openqa.selenium.devtools.CdpVersionFinder findNearestMatch
INFO: Unable to find CDP implementation matching 106.
Okt 29, 2022 6:12:12 PM org.openqa.selenium.chromium.ChromiumDriver lambda$new$3
WARNING: Unable to find version of CDP to use for . You may need to include a dependency on a specific version of the CDP using something similar to `org.seleniumhq.selenium:selenium-devtools-v86:4.1.2` where the version ("v86") matches the version of the chromium-based browser you're using and the version number of the artifact is the same as Selenium's.
]]></system-err>
  </testcase>
  <testcase name="Home product to buy" classname="Home" time="5.191">
    <system-out><![CDATA[
Scenario: Home product to buy          &amp#27;[90m# src/test/resources/features/Home.feature:11&amp#27;[0m
18:12:16.828 [main] INFO io.cucumber.core.plugin.SerenityReporter - Running feature from file:///C:/Users/alwi/IdeaProjects/AltaShop/src/test/resources/features/Home.feature
18:12:16.831 [main] INFO  - 
  _____   ___   ___   _____     ___   _____     _     ___   _____   ___   ___  
 |_   _| | __| / __| |_   _|   / __| |_   _|   /_\   | _ \ |_   _| | __| |   \ 
   | |   | _|  \__ \   | |     \__ \   | |    / _ \  |   /   | |   | _|  | |) |
   |_|   |___| |___/   |_|     |___/   |_|   /_/ \_\ |_|_\   |_|   |___| |___/ 

Home product to buy(home;home-product-to-buy)
--------------------------------------------------------------------------------
18:12:16.872 [main] INFO net.serenitybdd.core.webdriver.driverproviders.ChromeDriverProvider - Using automatically driver download
18:12:17.008 [main] DEBUG io.github.bonigarcia.wdm.cache.ResolutionCache - Resolution chrome=106 in cache (valid until 18:14:56 29/10/2022 WIB)
18:12:17.020 [main] DEBUG io.github.bonigarcia.wdm.cache.ResolutionCache - Resolution chrome106=106.0.5249.61 in cache (valid until 19:30:28 29/10/2022 WIB)
18:12:17.023 [main] INFO io.github.bonigarcia.wdm.WebDriverManager - Using chromedriver 106.0.5249.61 (resolved driver for Chrome 106)
18:12:17.052 [main] DEBUG io.github.bonigarcia.wdm.WebDriverManager - Driver chromedriver 106.0.5249.61 found in cache
18:12:17.054 [main] INFO io.github.bonigarcia.wdm.WebDriverManager - Exporting webdriver.chrome.driver as C:\Users\alwi\.cache\selenium\chromedriver\win32\106.0.5249.61\chromedriver.exe
18:12:17.224 [main] DEBUG net.serenitybdd.core.webdriver.driverproviders.ProvideNewDriver - Instantiating driver
18:12:17.224 [main] DEBUG net.serenitybdd.core.webdriver.driverproviders.ProvideNewDriver - Driver capabilities: Capabilities {acceptInsecureCerts: false, base.url: https://alta-shop.vercel.app, browserName: chrome, chrome.driver: src/test/resources/webdrive..., driver: chrome, goog:chromeOptions: {args: [], extensions: []}, wait.for.timeout: 6000}
18:12:17.779 [AsyncHttpClient-1-8] DEBUG org.asynchttpclient.netty.channel.NettyConnectListener - Using new Channel '[id: 0xb1077b07, L:/127.0.0.1:51652 - R:localhost/127.0.0.1:51454]' for 'POST' to '/session'
18:12:18.440 [AsyncHttpClient-1-8] DEBUG org.asynchttpclient.netty.handler.HttpHandler - 

Request DefaultHttpRequest(decodeResult: success, version: HTTP/1.1)
POST /session HTTP/1.1
User-Agent: selenium/4.1.2 (java windows)
Content-Length: 639
Content-Type: application/json; charset=utf-8
host: localhost:51454
accept: */*

Response DefaultHttpResponse(decodeResult: success, version: HTTP/1.1)
HTTP/1.1 200 OK
Content-Type: application/json; charset=utf-8
cache-control: no-cache
content-length: 790

18:12:18.441 [AsyncHttpClient-1-8] DEBUG org.asynchttpclient.netty.channel.ChannelManager - Adding key: http://localhost:51454 for channel [id: 0xb1077b07, L:/127.0.0.1:51652 - R:localhost/127.0.0.1:51454]
18:12:18.449 [AsyncHttpClient-1-9] DEBUG org.asynchttpclient.netty.channel.NettyConnectListener - Using new Channel '[id: 0x7d10258f, L:/127.0.0.1:51659 - R:localhost/127.0.0.1:51653]' for 'GET' to '/json/version'
18:12:18.453 [AsyncHttpClient-1-9] DEBUG org.asynchttpclient.netty.handler.HttpHandler - 

Request DefaultFullHttpRequest(decodeResult: success, version: HTTP/1.1, content: EmptyByteBufBE)
GET /json/version HTTP/1.1
User-Agent: selenium/4.1.2 (java windows)
host: localhost:51653
accept: */*

Response DefaultHttpResponse(decodeResult: success, version: HTTP/1.1)
HTTP/1.1 200 OK
Content-Type: application/json; charset=UTF-8
content-length: 424

18:12:18.453 [AsyncHttpClient-1-9] DEBUG org.asynchttpclient.netty.channel.ChannelManager - Adding key: http://localhost:51653 for channel [id: 0x7d10258f, L:/127.0.0.1:51659 - R:localhost/127.0.0.1:51653]
18:12:18.457 [AsyncHttpClient-1-10] DEBUG org.asynchttpclient.netty.channel.NettyConnectListener - Using new Channel '[id: 0x3d6bb69b, L:/127.0.0.1:51660 - R:localhost/127.0.0.1:51653]' for 'GET' to '/devtools/browser/7d577081-80fe-4d58-922a-898bdcf364be'
18:12:18.461 [AsyncHttpClient-1-10] DEBUG org.asynchttpclient.netty.handler.WebSocketHandler - 

Request DefaultFullHttpRequest(decodeResult: success, version: HTTP/1.1, content: EmptyByteBufBE)
GET /devtools/browser/7d577081-80fe-4d58-922a-898bdcf364be HTTP/1.1
upgrade: websocket
connection: upgrade
sec-websocket-key: T6rN1iuW9RiGiI6Jczjq8w==
sec-websocket-version: 13
origin: http://localhost:51653
host: localhost:51653
accept: */*
user-agent: AHC/2.1

Response DefaultHttpResponse(decodeResult: success, version: HTTP/1.1)
HTTP/1.1 101 WebSocket Protocol Handshake
Upgrade: WebSocket
Connection: Upgrade
Sec-WebSocket-Accept: 7Jd+u6RqJ3TPa7+3cq4ctVy6pBU=

18:12:18.465 [Forwarding get on session 34bb1f9b8c60ffe824bd11a9ed057ee5 to remote] DEBUG org.asynchttpclient.netty.request.NettyRequestSender - Using pooled Channel '[id: 0xb1077b07, L:/127.0.0.1:51652 - R:localhost/127.0.0.1:51454]' for 'POST' to 'http://localhost:51454/session/34bb1f9b8c60ffe824bd11a9ed057ee5/url'
18:12:18.466 [Forwarding get on session 34bb1f9b8c60ffe824bd11a9ed057ee5 to remote] DEBUG org.asynchttpclient.netty.request.NettyRequestSender - Using open Channel [id: 0xb1077b07, L:/127.0.0.1:51652 - R:localhost/127.0.0.1:51454] for POST '/session/34bb1f9b8c60ffe824bd11a9ed057ee5/url'
18:12:18.675 [AsyncHttpClient-1-1] DEBUG org.asynchttpclient.netty.channel.DefaultChannelPool - Entry count for : http://localhost:51653 : 1
18:12:19.166 [AsyncHttpClient-1-8] DEBUG org.asynchttpclient.netty.handler.HttpHandler - 

Request DefaultHttpRequest(decodeResult: success, version: HTTP/1.1)
POST /session/34bb1f9b8c60ffe824bd11a9ed057ee5/url HTTP/1.1
User-Agent: selenium/4.1.2 (java windows)
Content-Length: 59
Content-Type: application/json; charset=utf-8
host: localhost:51454
accept: */*

Response DefaultHttpResponse(decodeResult: success, version: HTTP/1.1)
HTTP/1.1 200 OK
Content-Type: application/json; charset=utf-8
cache-control: no-cache
content-length: 14

18:12:19.167 [AsyncHttpClient-1-8] DEBUG org.asynchttpclient.netty.channel.ChannelManager - Adding key: http://localhost:51454 for channel [id: 0xb1077b07, L:/127.0.0.1:51652 - R:localhost/127.0.0.1:51454]
18:12:19.169 [Forwarding setTimeout on session 34bb1f9b8c60ffe824bd11a9ed057ee5 to remote] DEBUG org.asynchttpclient.netty.request.NettyRequestSender - Using pooled Channel '[id: 0xb1077b07, L:/127.0.0.1:51652 - R:localhost/127.0.0.1:51454]' for 'POST' to 'http://localhost:51454/session/34bb1f9b8c60ffe824bd11a9ed057ee5/timeouts'
18:12:19.169 [Forwarding setTimeout on session 34bb1f9b8c60ffe824bd11a9ed057ee5 to remote] DEBUG org.asynchttpclient.netty.request.NettyRequestSender - Using open Channel [id: 0xb1077b07, L:/127.0.0.1:51652 - R:localhost/127.0.0.1:51454] for POST '/session/34bb1f9b8c60ffe824bd11a9ed057ee5/timeouts'
18:12:19.171 [AsyncHttpClient-1-8] DEBUG org.asynchttpclient.netty.handler.HttpHandler - 

Request DefaultHttpRequest(decodeResult: success, version: HTTP/1.1)
POST /session/34bb1f9b8c60ffe824bd11a9ed057ee5/timeouts HTTP/1.1
User-Agent: selenium/4.1.2 (java windows)
Content-Length: 22
Content-Type: application/json; charset=utf-8
host: localhost:51454
accept: */*

Response DefaultHttpResponse(decodeResult: success, version: HTTP/1.1)
HTTP/1.1 200 OK
Content-Type: application/json; charset=utf-8
cache-control: no-cache
content-length: 14

18:12:19.171 [AsyncHttpClient-1-8] DEBUG org.asynchttpclient.netty.channel.ChannelManager - Adding key: http://localhost:51454 for channel [id: 0xb1077b07, L:/127.0.0.1:51652 - R:localhost/127.0.0.1:51454]
18:12:19.176 [Forwarding getCurrentUrl on session 34bb1f9b8c60ffe824bd11a9ed057ee5 to remote] DEBUG org.asynchttpclient.netty.request.NettyRequestSender - Using pooled Channel '[id: 0xb1077b07, L:/127.0.0.1:51652 - R:localhost/127.0.0.1:51454]' for 'GET' to 'http://localhost:51454/session/34bb1f9b8c60ffe824bd11a9ed057ee5/url'
18:12:19.177 [Forwarding getCurrentUrl on session 34bb1f9b8c60ffe824bd11a9ed057ee5 to remote] DEBUG org.asynchttpclient.netty.request.NettyRequestSender - Using open Channel [id: 0xb1077b07, L:/127.0.0.1:51652 - R:localhost/127.0.0.1:51454] for GET '/session/34bb1f9b8c60ffe824bd11a9ed057ee5/url'
18:12:19.191 [AsyncHttpClient-1-8] DEBUG org.asynchttpclient.netty.handler.HttpHandler - 

Request DefaultFullHttpRequest(decodeResult: success, version: HTTP/1.1, content: EmptyByteBufBE)
GET /session/34bb1f9b8c60ffe824bd11a9ed057ee5/url HTTP/1.1
User-Agent: selenium/4.1.2 (java windows)
Cache-Control: no-cache
Content-Type: application/json; charset=utf-8
host: localhost:51454
accept: */*

Response DefaultHttpResponse(decodeResult: success, version: HTTP/1.1)
HTTP/1.1 200 OK
Content-Type: application/json; charset=utf-8
cache-control: no-cache
content-length: 41

18:12:19.192 [AsyncHttpClient-1-8] DEBUG org.asynchttpclient.netty.channel.ChannelManager - Adding key: http://localhost:51454 for channel [id: 0xb1077b07, L:/127.0.0.1:51652 - R:localhost/127.0.0.1:51454]
  &amp#27;[32mGiven &amp#27;[0m&amp#27;[32mI am on the home page&amp#27;[0m          &amp#27;[90m# starter.stepdefinitions.HomeStep.iAmOnTheHomePage()&amp#27;[0m
18:12:19.203 [Forwarding screenshot on session 34bb1f9b8c60ffe824bd11a9ed057ee5 to remote] DEBUG org.asynchttpclient.netty.request.NettyRequestSender - Using pooled Channel '[id: 0xb1077b07, L:/127.0.0.1:51652 - R:localhost/127.0.0.1:51454]' for 'GET' to 'http://localhost:51454/session/34bb1f9b8c60ffe824bd11a9ed057ee5/screenshot'
18:12:19.203 [Forwarding screenshot on session 34bb1f9b8c60ffe824bd11a9ed057ee5 to remote] DEBUG org.asynchttpclient.netty.request.NettyRequestSender - Using open Channel [id: 0xb1077b07, L:/127.0.0.1:51652 - R:localhost/127.0.0.1:51454] for GET '/session/34bb1f9b8c60ffe824bd11a9ed057ee5/screenshot'
18:12:19.348 [AsyncHttpClient-1-8] DEBUG org.asynchttpclient.netty.handler.HttpHandler - 

Request DefaultFullHttpRequest(decodeResult: success, version: HTTP/1.1, content: EmptyByteBufBE)
GET /session/34bb1f9b8c60ffe824bd11a9ed057ee5/screenshot HTTP/1.1
User-Agent: selenium/4.1.2 (java windows)
Cache-Control: no-cache
Content-Type: application/json; charset=utf-8
host: localhost:51454
accept: */*

Response DefaultHttpResponse(decodeResult: success, version: HTTP/1.1)
HTTP/1.1 200 OK
Content-Type: application/json; charset=utf-8
cache-control: no-cache
content-length: 27620

18:12:19.349 [AsyncHttpClient-1-8] DEBUG org.asynchttpclient.netty.channel.ChannelManager - Adding key: http://localhost:51454 for channel [id: 0xb1077b07, L:/127.0.0.1:51652 - R:localhost/127.0.0.1:51454]
18:12:19.351 [main] DEBUG net.serenitybdd.core.photography.Darkroom - Send negative for processing for target\site\serenity\b944b326a7791573a7a73245d47675c01ca81fffe16ed3b2d0b015d439310aa0.png
18:12:19.351 [Darkroom Processing Line] DEBUG net.serenitybdd.core.photography.DarkroomProcessingLine - Processing screenshot image in /var/screenshots/screenshot-13633672771551633987
18:12:19.351 [Darkroom Processing Line] DEBUG net.serenitybdd.core.photography.DarkroomProcessingLine - Saving screenshot to target\site\serenity\b944b326a7791573a7a73245d47675c01ca81fffe16ed3b2d0b015d439310aa0.png
18:12:19.358 [Forwarding findElement on session 34bb1f9b8c60ffe824bd11a9ed057ee5 to remote] DEBUG org.asynchttpclient.netty.request.NettyRequestSender - Using pooled Channel '[id: 0xb1077b07, L:/127.0.0.1:51652 - R:localhost/127.0.0.1:51454]' for 'POST' to 'http://localhost:51454/session/34bb1f9b8c60ffe824bd11a9ed057ee5/element'
18:12:19.358 [Forwarding findElement on session 34bb1f9b8c60ffe824bd11a9ed057ee5 to remote] DEBUG org.asynchttpclient.netty.request.NettyRequestSender - Using open Channel [id: 0xb1077b07, L:/127.0.0.1:51652 - R:localhost/127.0.0.1:51454] for POST '/session/34bb1f9b8c60ffe824bd11a9ed057ee5/element'
18:12:19.780 [AsyncHttpClient-1-1] DEBUG org.asynchttpclient.netty.channel.DefaultChannelPool - Entry count for : http://localhost:51653 : 1
18:12:20.839 [AsyncHttpClient-1-8] DEBUG org.asynchttpclient.netty.handler.HttpHandler - 

Request DefaultHttpRequest(decodeResult: success, version: HTTP/1.1)
POST /session/34bb1f9b8c60ffe824bd11a9ed057ee5/element HTTP/1.1
User-Agent: selenium/4.1.2 (java windows)
Content-Length: 145
Content-Type: application/json; charset=utf-8
host: localhost:51454
accept: */*

Response DefaultHttpResponse(decodeResult: success, version: HTTP/1.1)
HTTP/1.1 200 OK
Content-Type: application/json; charset=utf-8
cache-control: no-cache
content-length: 88

18:12:20.840 [AsyncHttpClient-1-8] DEBUG org.asynchttpclient.netty.channel.ChannelManager - Adding key: http://localhost:51454 for channel [id: 0xb1077b07, L:/127.0.0.1:51652 - R:localhost/127.0.0.1:51454]
18:12:20.842 [Forwarding getElementTagName on session 34bb1f9b8c60ffe824bd11a9ed057ee5 to remote] DEBUG org.asynchttpclient.netty.request.NettyRequestSender - Using pooled Channel '[id: 0xb1077b07, L:/127.0.0.1:51652 - R:localhost/127.0.0.1:51454]' for 'GET' to 'http://localhost:51454/session/34bb1f9b8c60ffe824bd11a9ed057ee5/element/a7b81872-a053-4919-a12c-b8cd321863d8/name'
18:12:20.843 [Forwarding getElementTagName on session 34bb1f9b8c60ffe824bd11a9ed057ee5 to remote] DEBUG org.asynchttpclient.netty.request.NettyRequestSender - Using open Channel [id: 0xb1077b07, L:/127.0.0.1:51652 - R:localhost/127.0.0.1:51454] for GET '/session/34bb1f9b8c60ffe824bd11a9ed057ee5/element/a7b81872-a053-4919-a12c-b8cd321863d8/name'
18:12:20.847 [AsyncHttpClient-1-8] DEBUG org.asynchttpclient.netty.handler.HttpHandler - 

Request DefaultFullHttpRequest(decodeResult: success, version: HTTP/1.1, content: EmptyByteBufBE)
GET /session/34bb1f9b8c60ffe824bd11a9ed057ee5/element/a7b81872-a053-4919-a12c-b8cd321863d8/name HTTP/1.1
User-Agent: selenium/4.1.2 (java windows)
Cache-Control: no-cache
Content-Type: application/json; charset=utf-8
host: localhost:51454
accept: */*

Response DefaultHttpResponse(decodeResult: success, version: HTTP/1.1)
HTTP/1.1 200 OK
Content-Type: application/json; charset=utf-8
cache-control: no-cache
content-length: 18

18:12:20.848 [AsyncHttpClient-1-8] DEBUG org.asynchttpclient.netty.channel.ChannelManager - Adding key: http://localhost:51454 for channel [id: 0xb1077b07, L:/127.0.0.1:51652 - R:localhost/127.0.0.1:51454]
18:12:20.850 [Forwarding getElementTagName on session 34bb1f9b8c60ffe824bd11a9ed057ee5 to remote] DEBUG org.asynchttpclient.netty.request.NettyRequestSender - Using pooled Channel '[id: 0xb1077b07, L:/127.0.0.1:51652 - R:localhost/127.0.0.1:51454]' for 'GET' to 'http://localhost:51454/session/34bb1f9b8c60ffe824bd11a9ed057ee5/element/a7b81872-a053-4919-a12c-b8cd321863d8/name'
18:12:20.850 [Forwarding getElementTagName on session 34bb1f9b8c60ffe824bd11a9ed057ee5 to remote] DEBUG org.asynchttpclient.netty.request.NettyRequestSender - Using open Channel [id: 0xb1077b07, L:/127.0.0.1:51652 - R:localhost/127.0.0.1:51454] for GET '/session/34bb1f9b8c60ffe824bd11a9ed057ee5/element/a7b81872-a053-4919-a12c-b8cd321863d8/name'
18:12:20.854 [AsyncHttpClient-1-8] DEBUG org.asynchttpclient.netty.handler.HttpHandler - 

Request DefaultFullHttpRequest(decodeResult: success, version: HTTP/1.1, content: EmptyByteBufBE)
GET /session/34bb1f9b8c60ffe824bd11a9ed057ee5/element/a7b81872-a053-4919-a12c-b8cd321863d8/name HTTP/1.1
User-Agent: selenium/4.1.2 (java windows)
Cache-Control: no-cache
Content-Type: application/json; charset=utf-8
host: localhost:51454
accept: */*

Response DefaultHttpResponse(decodeResult: success, version: HTTP/1.1)
HTTP/1.1 200 OK
Content-Type: application/json; charset=utf-8
cache-control: no-cache
content-length: 18

18:12:20.854 [AsyncHttpClient-1-8] DEBUG org.asynchttpclient.netty.channel.ChannelManager - Adding key: http://localhost:51454 for channel [id: 0xb1077b07, L:/127.0.0.1:51652 - R:localhost/127.0.0.1:51454]
18:12:20.858 [Forwarding isElementEnabled on session 34bb1f9b8c60ffe824bd11a9ed057ee5 to remote] DEBUG org.asynchttpclient.netty.request.NettyRequestSender - Using pooled Channel '[id: 0xb1077b07, L:/127.0.0.1:51652 - R:localhost/127.0.0.1:51454]' for 'GET' to 'http://localhost:51454/session/34bb1f9b8c60ffe824bd11a9ed057ee5/element/a7b81872-a053-4919-a12c-b8cd321863d8/enabled'
18:12:20.858 [Forwarding isElementEnabled on session 34bb1f9b8c60ffe824bd11a9ed057ee5 to remote] DEBUG org.asynchttpclient.netty.request.NettyRequestSender - Using open Channel [id: 0xb1077b07, L:/127.0.0.1:51652 - R:localhost/127.0.0.1:51454] for GET '/session/34bb1f9b8c60ffe824bd11a9ed057ee5/element/a7b81872-a053-4919-a12c-b8cd321863d8/enabled'
18:12:20.867 [AsyncHttpClient-1-8] DEBUG org.asynchttpclient.netty.handler.HttpHandler - 

Request DefaultFullHttpRequest(decodeResult: success, version: HTTP/1.1, content: EmptyByteBufBE)
GET /session/34bb1f9b8c60ffe824bd11a9ed057ee5/element/a7b81872-a053-4919-a12c-b8cd321863d8/enabled HTTP/1.1
User-Agent: selenium/4.1.2 (java windows)
Cache-Control: no-cache
Content-Type: application/json; charset=utf-8
host: localhost:51454
accept: */*

Response DefaultHttpResponse(decodeResult: success, version: HTTP/1.1)
HTTP/1.1 200 OK
Content-Type: application/json; charset=utf-8
cache-control: no-cache
content-length: 14

18:12:20.867 [AsyncHttpClient-1-8] DEBUG org.asynchttpclient.netty.channel.ChannelManager - Adding key: http://localhost:51454 for channel [id: 0xb1077b07, L:/127.0.0.1:51652 - R:localhost/127.0.0.1:51454]
18:12:20.868 [Forwarding isElementEnabled on session 34bb1f9b8c60ffe824bd11a9ed057ee5 to remote] DEBUG org.asynchttpclient.netty.request.NettyRequestSender - Using pooled Channel '[id: 0xb1077b07, L:/127.0.0.1:51652 - R:localhost/127.0.0.1:51454]' for 'GET' to 'http://localhost:51454/session/34bb1f9b8c60ffe824bd11a9ed057ee5/element/a7b81872-a053-4919-a12c-b8cd321863d8/enabled'
18:12:20.869 [Forwarding isElementEnabled on session 34bb1f9b8c60ffe824bd11a9ed057ee5 to remote] DEBUG org.asynchttpclient.netty.request.NettyRequestSender - Using open Channel [id: 0xb1077b07, L:/127.0.0.1:51652 - R:localhost/127.0.0.1:51454] for GET '/session/34bb1f9b8c60ffe824bd11a9ed057ee5/element/a7b81872-a053-4919-a12c-b8cd321863d8/enabled'
18:12:20.874 [AsyncHttpClient-1-8] DEBUG org.asynchttpclient.netty.handler.HttpHandler - 

Request DefaultFullHttpRequest(decodeResult: success, version: HTTP/1.1, content: EmptyByteBufBE)
GET /session/34bb1f9b8c60ffe824bd11a9ed057ee5/element/a7b81872-a053-4919-a12c-b8cd321863d8/enabled HTTP/1.1
User-Agent: selenium/4.1.2 (java windows)
Cache-Control: no-cache
Content-Type: application/json; charset=utf-8
host: localhost:51454
accept: */*

Response DefaultHttpResponse(decodeResult: success, version: HTTP/1.1)
HTTP/1.1 200 OK
Content-Type: application/json; charset=utf-8
cache-control: no-cache
content-length: 14

18:12:20.874 [AsyncHttpClient-1-8] DEBUG org.asynchttpclient.netty.channel.ChannelManager - Adding key: http://localhost:51454 for channel [id: 0xb1077b07, L:/127.0.0.1:51652 - R:localhost/127.0.0.1:51454]
18:12:20.875 [AsyncHttpClient-1-1] DEBUG org.asynchttpclient.netty.channel.DefaultChannelPool - Entry count for : http://localhost:51454 : 1
18:12:20.875 [AsyncHttpClient-1-1] DEBUG org.asynchttpclient.netty.channel.DefaultChannelPool - Entry count for : http://localhost:51653 : 1
18:12:20.876 [Forwarding findElement on session 34bb1f9b8c60ffe824bd11a9ed057ee5 to remote] DEBUG org.asynchttpclient.netty.request.NettyRequestSender - Using pooled Channel '[id: 0xb1077b07, L:/127.0.0.1:51652 - R:localhost/127.0.0.1:51454]' for 'POST' to 'http://localhost:51454/session/34bb1f9b8c60ffe824bd11a9ed057ee5/element'
18:12:20.876 [Forwarding findElement on session 34bb1f9b8c60ffe824bd11a9ed057ee5 to remote] DEBUG org.asynchttpclient.netty.request.NettyRequestSender - Using open Channel [id: 0xb1077b07, L:/127.0.0.1:51652 - R:localhost/127.0.0.1:51454] for POST '/session/34bb1f9b8c60ffe824bd11a9ed057ee5/element'
18:12:20.884 [AsyncHttpClient-1-8] DEBUG org.asynchttpclient.netty.handler.HttpHandler - 

Request DefaultHttpRequest(decodeResult: success, version: HTTP/1.1)
POST /session/34bb1f9b8c60ffe824bd11a9ed057ee5/element HTTP/1.1
User-Agent: selenium/4.1.2 (java windows)
Content-Length: 145
Content-Type: application/json; charset=utf-8
host: localhost:51454
accept: */*

Response DefaultHttpResponse(decodeResult: success, version: HTTP/1.1)
HTTP/1.1 200 OK
Content-Type: application/json; charset=utf-8
cache-control: no-cache
content-length: 88

18:12:20.884 [AsyncHttpClient-1-8] DEBUG org.asynchttpclient.netty.channel.ChannelManager - Adding key: http://localhost:51454 for channel [id: 0xb1077b07, L:/127.0.0.1:51652 - R:localhost/127.0.0.1:51454]
18:12:20.886 [Forwarding clickElement on session 34bb1f9b8c60ffe824bd11a9ed057ee5 to remote] DEBUG org.asynchttpclient.netty.request.NettyRequestSender - Using pooled Channel '[id: 0xb1077b07, L:/127.0.0.1:51652 - R:localhost/127.0.0.1:51454]' for 'POST' to 'http://localhost:51454/session/34bb1f9b8c60ffe824bd11a9ed057ee5/element/a7b81872-a053-4919-a12c-b8cd321863d8/click'
18:12:20.886 [Forwarding clickElement on session 34bb1f9b8c60ffe824bd11a9ed057ee5 to remote] DEBUG org.asynchttpclient.netty.request.NettyRequestSender - Using open Channel [id: 0xb1077b07, L:/127.0.0.1:51652 - R:localhost/127.0.0.1:51454] for POST '/session/34bb1f9b8c60ffe824bd11a9ed057ee5/element/a7b81872-a053-4919-a12c-b8cd321863d8/click'
18:12:20.927 [AsyncHttpClient-1-8] DEBUG org.asynchttpclient.netty.handler.HttpHandler - 

Request DefaultHttpRequest(decodeResult: success, version: HTTP/1.1)
POST /session/34bb1f9b8c60ffe824bd11a9ed057ee5/element/a7b81872-a053-4919-a12c-b8cd321863d8/click HTTP/1.1
User-Agent: selenium/4.1.2 (java windows)
Content-Length: 50
Content-Type: application/json; charset=utf-8
host: localhost:51454
accept: */*

Response DefaultHttpResponse(decodeResult: success, version: HTTP/1.1)
HTTP/1.1 200 OK
Content-Type: application/json; charset=utf-8
cache-control: no-cache
content-length: 14

18:12:20.928 [AsyncHttpClient-1-8] DEBUG org.asynchttpclient.netty.channel.ChannelManager - Adding key: http://localhost:51454 for channel [id: 0xb1077b07, L:/127.0.0.1:51652 - R:localhost/127.0.0.1:51454]
  &amp#27;[32mWhen &amp#27;[0m&amp#27;[32mI click button buy&amp#27;[0m              &amp#27;[90m# starter.stepdefinitions.HomeStep.iClickButtonBuy()&amp#27;[0m
18:12:20.935 [Forwarding screenshot on session 34bb1f9b8c60ffe824bd11a9ed057ee5 to remote] DEBUG org.asynchttpclient.netty.request.NettyRequestSender - Using pooled Channel '[id: 0xb1077b07, L:/127.0.0.1:51652 - R:localhost/127.0.0.1:51454]' for 'GET' to 'http://localhost:51454/session/34bb1f9b8c60ffe824bd11a9ed057ee5/screenshot'
18:12:20.935 [Forwarding screenshot on session 34bb1f9b8c60ffe824bd11a9ed057ee5 to remote] DEBUG org.asynchttpclient.netty.request.NettyRequestSender - Using open Channel [id: 0xb1077b07, L:/127.0.0.1:51652 - R:localhost/127.0.0.1:51454] for GET '/session/34bb1f9b8c60ffe824bd11a9ed057ee5/screenshot'
18:12:21.050 [AsyncHttpClient-1-8] DEBUG org.asynchttpclient.netty.handler.HttpHandler - 

Request DefaultFullHttpRequest(decodeResult: success, version: HTTP/1.1, content: EmptyByteBufBE)
GET /session/34bb1f9b8c60ffe824bd11a9ed057ee5/screenshot HTTP/1.1
User-Agent: selenium/4.1.2 (java windows)
Cache-Control: no-cache
Content-Type: application/json; charset=utf-8
host: localhost:51454
accept: */*

Response DefaultHttpResponse(decodeResult: success, version: HTTP/1.1)
HTTP/1.1 200 OK
Content-Type: application/json; charset=utf-8
cache-control: no-cache
content-length: 69916

18:12:21.050 [AsyncHttpClient-1-8] DEBUG org.asynchttpclient.netty.channel.ChannelManager - Adding key: http://localhost:51454 for channel [id: 0xb1077b07, L:/127.0.0.1:51652 - R:localhost/127.0.0.1:51454]
18:12:21.053 [main] DEBUG net.serenitybdd.core.photography.Darkroom - Send negative for processing for target\site\serenity\3c82d1975e5d3efcc626a1cea668f2e7bb632cfd6152a0ab7a15d782c7c19896.png
18:12:21.054 [Darkroom Processing Line] DEBUG net.serenitybdd.core.photography.DarkroomProcessingLine - Processing screenshot image in /var/screenshots/screenshot-18410791607316509845
18:12:21.054 [Darkroom Processing Line] DEBUG net.serenitybdd.core.photography.DarkroomProcessingLine - Saving screenshot to target\site\serenity\3c82d1975e5d3efcc626a1cea668f2e7bb632cfd6152a0ab7a15d782c7c19896.png
18:12:21.060 [Forwarding findElement on session 34bb1f9b8c60ffe824bd11a9ed057ee5 to remote] DEBUG org.asynchttpclient.netty.request.NettyRequestSender - Using pooled Channel '[id: 0xb1077b07, L:/127.0.0.1:51652 - R:localhost/127.0.0.1:51454]' for 'POST' to 'http://localhost:51454/session/34bb1f9b8c60ffe824bd11a9ed057ee5/element'
18:12:21.060 [Forwarding findElement on session 34bb1f9b8c60ffe824bd11a9ed057ee5 to remote] DEBUG org.asynchttpclient.netty.request.NettyRequestSender - Using open Channel [id: 0xb1077b07, L:/127.0.0.1:51652 - R:localhost/127.0.0.1:51454] for POST '/session/34bb1f9b8c60ffe824bd11a9ed057ee5/element'
18:12:21.256 [AsyncHttpClient-1-8] DEBUG org.asynchttpclient.netty.handler.HttpHandler - 

Request DefaultHttpRequest(decodeResult: success, version: HTTP/1.1)
POST /session/34bb1f9b8c60ffe824bd11a9ed057ee5/element HTTP/1.1
User-Agent: selenium/4.1.2 (java windows)
Content-Length: 86
Content-Type: application/json; charset=utf-8
host: localhost:51454
accept: */*

Response DefaultHttpResponse(decodeResult: success, version: HTTP/1.1)
HTTP/1.1 200 OK
Content-Type: application/json; charset=utf-8
cache-control: no-cache
content-length: 88

18:12:21.256 [AsyncHttpClient-1-8] DEBUG org.asynchttpclient.netty.channel.ChannelManager - Adding key: http://localhost:51454 for channel [id: 0xb1077b07, L:/127.0.0.1:51652 - R:localhost/127.0.0.1:51454]
18:12:21.261 [Forwarding isElementDisplayed on session 34bb1f9b8c60ffe824bd11a9ed057ee5 to remote] DEBUG org.asynchttpclient.netty.request.NettyRequestSender - Using pooled Channel '[id: 0xb1077b07, L:/127.0.0.1:51652 - R:localhost/127.0.0.1:51454]' for 'POST' to 'http://localhost:51454/session/34bb1f9b8c60ffe824bd11a9ed057ee5/execute/sync'
18:12:21.261 [Forwarding isElementDisplayed on session 34bb1f9b8c60ffe824bd11a9ed057ee5 to remote] DEBUG org.asynchttpclient.netty.request.NettyRequestSender - Using open Channel [id: 0xb1077b07, L:/127.0.0.1:51652 - R:localhost/127.0.0.1:51454] for POST '/session/34bb1f9b8c60ffe824bd11a9ed057ee5/execute/sync'
18:12:21.274 [AsyncHttpClient-1-8] DEBUG org.asynchttpclient.netty.handler.HttpHandler - 

Request DefaultHttpRequest(decodeResult: success, version: HTTP/1.1)
POST /session/34bb1f9b8c60ffe824bd11a9ed057ee5/execute/sync HTTP/1.1
User-Agent: selenium/4.1.2 (java windows)
Content-Length: 48780
Content-Type: application/json; charset=utf-8
host: localhost:51454
accept: */*

Response DefaultHttpResponse(decodeResult: success, version: HTTP/1.1)
HTTP/1.1 200 OK
Content-Type: application/json; charset=utf-8
cache-control: no-cache
content-length: 14

18:12:21.274 [AsyncHttpClient-1-8] DEBUG org.asynchttpclient.netty.channel.ChannelManager - Adding key: http://localhost:51454 for channel [id: 0xb1077b07, L:/127.0.0.1:51652 - R:localhost/127.0.0.1:51454]
  &amp#27;[32mThen &amp#27;[0m&amp#27;[32mI will get the product to order&amp#27;[0m &amp#27;[90m# starter.stepdefinitions.HomeStep.iWillGetTheProductToOrder()&amp#27;[0m
18:12:21.279 [Forwarding screenshot on session 34bb1f9b8c60ffe824bd11a9ed057ee5 to remote] DEBUG org.asynchttpclient.netty.request.NettyRequestSender - Using pooled Channel '[id: 0xb1077b07, L:/127.0.0.1:51652 - R:localhost/127.0.0.1:51454]' for 'GET' to 'http://localhost:51454/session/34bb1f9b8c60ffe824bd11a9ed057ee5/screenshot'
18:12:21.279 [Forwarding screenshot on session 34bb1f9b8c60ffe824bd11a9ed057ee5 to remote] DEBUG org.asynchttpclient.netty.request.NettyRequestSender - Using open Channel [id: 0xb1077b07, L:/127.0.0.1:51652 - R:localhost/127.0.0.1:51454] for GET '/session/34bb1f9b8c60ffe824bd11a9ed057ee5/screenshot'
18:12:21.367 [AsyncHttpClient-1-8] DEBUG org.asynchttpclient.netty.handler.HttpHandler - 

Request DefaultFullHttpRequest(decodeResult: success, version: HTTP/1.1, content: EmptyByteBufBE)
GET /session/34bb1f9b8c60ffe824bd11a9ed057ee5/screenshot HTTP/1.1
User-Agent: selenium/4.1.2 (java windows)
Cache-Control: no-cache
Content-Type: application/json; charset=utf-8
host: localhost:51454
accept: */*

Response DefaultHttpResponse(decodeResult: success, version: HTTP/1.1)
HTTP/1.1 200 OK
Content-Type: application/json; charset=utf-8
cache-control: no-cache
content-length: 68540

18:12:21.367 [AsyncHttpClient-1-8] DEBUG org.asynchttpclient.netty.channel.ChannelManager - Adding key: http://localhost:51454 for channel [id: 0xb1077b07, L:/127.0.0.1:51652 - R:localhost/127.0.0.1:51454]
18:12:21.370 [main] DEBUG net.serenitybdd.core.photography.Darkroom - Send negative for processing for target\site\serenity\c9cee4c65e85e33e8c55452ea7fd2a068a3313e0e3bc3a2b6b4ebbda89eb261f.png
18:12:21.370 [Darkroom Processing Line] DEBUG net.serenitybdd.core.photography.DarkroomProcessingLine - Processing screenshot image in /var/screenshots/screenshot-13603711075095892053
18:12:21.370 [Darkroom Processing Line] DEBUG net.serenitybdd.core.photography.DarkroomProcessingLine - Saving screenshot to target\site\serenity\c9cee4c65e85e33e8c55452ea7fd2a068a3313e0e3bc3a2b6b4ebbda89eb261f.png
18:12:21.371 [main] INFO  - 
  _____   ___   ___   _____     ___     _     ___   ___   ___   ___  
 |_   _| | __| / __| |_   _|   | _ \   /_\   / __| / __| | __| |   \ 
   | |   | _|  \__ \   | |     |  _/  / _ \  \__ \ \__ \ | _|  | |) |
   |_|   |___| |___/   |_|     |_|   /_/ \_\ |___/ |___/ |___| |___/ 

Home product to buy
----------------------------------------------------------------------
18:12:21.373 [AsyncHttpClient-1-10] DEBUG org.asynchttpclient.netty.handler.WebSocketHandler - Channel Closed: [id: 0x3d6bb69b, L:/127.0.0.1:51660 ! R:localhost/127.0.0.1:51653] with attribute NettyResponseFuture{currentRetry=5,
	isDone=1,
	isCancelled=0,
	asyncHandler=org.asynchttpclient.ws.WebSocketUpgradeHandler@4da96129,
	nettyRequest=org.asynchttpclient.netty.request.NettyRequest@8abf6f8,
	future=java.util.concurrent.CompletableFuture@47672676[Completed normally],
	uri=ws://localhost:51653/devtools/browser/7d577081-80fe-4d58-922a-898bdcf364be,
	keepAlive=true,
	redirectCount=0,
	timeoutsHolder=null,
	inAuth=0,
	touch=1667041938461}
18:12:21.373 [AsyncHttpClient-1-10] DEBUG org.asynchttpclient.netty.channel.ChannelManager - Closing Channel [id: 0x3d6bb69b, L:/127.0.0.1:51660 ! R:localhost/127.0.0.1:51653] 
18:12:21.373 [Driver Command Executor] DEBUG org.asynchttpclient.netty.request.NettyRequestSender - Using pooled Channel '[id: 0xb1077b07, L:/127.0.0.1:51652 - R:localhost/127.0.0.1:51454]' for 'DELETE' to 'http://localhost:51454/session/34bb1f9b8c60ffe824bd11a9ed057ee5'
18:12:21.373 [Driver Command Executor] DEBUG org.asynchttpclient.netty.request.NettyRequestSender - Using open Channel [id: 0xb1077b07, L:/127.0.0.1:51652 - R:localhost/127.0.0.1:51454] for DELETE '/session/34bb1f9b8c60ffe824bd11a9ed057ee5'
18:12:21.392 [AsyncHttpClient-1-9] DEBUG org.asynchttpclient.netty.handler.HttpHandler - Unexpected I/O exception on channel [id: 0x7d10258f, L:/127.0.0.1:51659 - R:localhost/127.0.0.1:51653]
java.net.SocketException: Connection reset
	at java.base/sun.nio.ch.SocketChannelImpl.throwConnectionReset(SocketChannelImpl.java:345)
	at java.base/sun.nio.ch.SocketChannelImpl.read(SocketChannelImpl.java:376)
	at io.netty.buffer.PooledByteBuf.setBytes(PooledByteBuf.java:258)
	at io.netty.buffer.AbstractByteBuf.writeBytes(AbstractByteBuf.java:1132)
	at io.netty.channel.socket.nio.NioSocketChannel.doReadBytes(NioSocketChannel.java:350)
	at io.netty.channel.nio.AbstractNioByteChannel$NioByteUnsafe.read(AbstractNioByteChannel.java:151)
	at io.netty.channel.nio.NioEventLoop.processSelectedKey(NioEventLoop.java:722)
	at io.netty.channel.nio.NioEventLoop.processSelectedKeysOptimized(NioEventLoop.java:658)
	at io.netty.channel.nio.NioEventLoop.processSelectedKeys(NioEventLoop.java:584)
	at io.netty.channel.nio.NioEventLoop.run(NioEventLoop.java:496)
	at io.netty.util.concurrent.SingleThreadEventExecutor$4.run(SingleThreadEventExecutor.java:986)
	at io.netty.util.internal.ThreadExecutorMap$2.run(ThreadExecutorMap.java:74)
	at io.netty.util.concurrent.FastThreadLocalRunnable.run(FastThreadLocalRunnable.java:30)
	at java.base/java.lang.Thread.run(Thread.java:830)
18:12:21.392 [AsyncHttpClient-1-9] DEBUG org.asynchttpclient.netty.channel.ChannelManager - Closing Channel [id: 0x7d10258f, L:/127.0.0.1:51659 - R:localhost/127.0.0.1:51653] 
18:12:21.393 [AsyncHttpClient-1-9] DEBUG org.asynchttpclient.netty.handler.HttpHandler - Channel Closed: [id: 0x7d10258f, L:/127.0.0.1:51659 ! R:localhost/127.0.0.1:51653] with attribute DISCARD
18:12:21.411 [AsyncHttpClient-1-8] DEBUG org.asynchttpclient.netty.handler.HttpHandler - 

Request DefaultFullHttpRequest(decodeResult: success, version: HTTP/1.1, content: EmptyByteBufBE)
DELETE /session/34bb1f9b8c60ffe824bd11a9ed057ee5 HTTP/1.1
User-Agent: selenium/4.1.2 (java windows)
Content-Type: application/json; charset=utf-8
host: localhost:51454
accept: */*

Response DefaultHttpResponse(decodeResult: success, version: HTTP/1.1)
HTTP/1.1 200 OK
Content-Type: application/json; charset=utf-8
cache-control: no-cache
content-length: 14

18:12:21.411 [AsyncHttpClient-1-8] DEBUG org.asynchttpclient.netty.channel.ChannelManager - Adding key: http://localhost:51454 for channel [id: 0xb1077b07, L:/127.0.0.1:51652 - R:localhost/127.0.0.1:51454]
18:12:21.471 [AsyncHttpClient-1-8] DEBUG org.asynchttpclient.netty.handler.HttpHandler - Channel Closed: [id: 0xb1077b07, L:/127.0.0.1:51652 ! R:localhost/127.0.0.1:51454] with attribute DISCARD
18:12:21.975 [AsyncHttpClient-1-1] DEBUG org.asynchttpclient.netty.channel.DefaultChannelPool - Entry count for : http://localhost:51454 : 1
18:12:21.975 [AsyncHttpClient-1-1] DEBUG org.asynchttpclient.netty.channel.DefaultChannelPool - Entry count for : http://localhost:51653 : 1
18:12:21.975 [AsyncHttpClient-1-1] DEBUG org.asynchttpclient.netty.channel.DefaultChannelPool - Adding Candidate expired Channel [id: 0xb1077b07, L:/127.0.0.1:51652 ! R:localhost/127.0.0.1:51454] isIdleTimeoutExpired=false isRemotelyClosed=true isTtlExpired=false
18:12:21.975 [AsyncHttpClient-1-1] DEBUG org.asynchttpclient.netty.channel.DefaultChannelPool - Closing Idle Channel [id: 0xb1077b07, L:/127.0.0.1:51652 ! R:localhost/127.0.0.1:51454]
18:12:21.975 [AsyncHttpClient-1-1] DEBUG org.asynchttpclient.netty.channel.DefaultChannelPool - Adding Candidate expired Channel [id: 0x7d10258f, L:/127.0.0.1:51659 ! R:localhost/127.0.0.1:51653] isIdleTimeoutExpired=false isRemotelyClosed=true isTtlExpired=false
18:12:21.975 [AsyncHttpClient-1-1] DEBUG org.asynchttpclient.netty.channel.DefaultChannelPool - Closing Idle Channel [id: 0x7d10258f, L:/127.0.0.1:51659 ! R:localhost/127.0.0.1:51653]
18:12:21.975 [AsyncHttpClient-1-1] DEBUG org.asynchttpclient.netty.channel.DefaultChannelPool - Closed 2 connections out of 2 in 0 ms
]]></system-out>
    <system-err><![CDATA[Starting ChromeDriver 105.0.5195.52 (412c95e518836d8a7d97250d62b29c2ae6a26a85-refs/branch-heads/5195@{#853}) on port 51454
Only local connections are allowed.
Please see https://chromedriver.chromium.org/security-considerations for suggestions on keeping ChromeDriver safe.
ChromeDriver was started successfully.
[1667041938.424][WARNING]: This version of ChromeDriver has not been tested with Chrome version 106.
Okt 29, 2022 6:12:18 PM org.openqa.selenium.remote.ProtocolHandshake createSession
INFO: Detected dialect: W3C
Okt 29, 2022 6:12:18 PM org.openqa.selenium.devtools.CdpVersionFinder findNearestMatch
WARNING: Unable to find an exact match for CDP version 106, so returning the closest version found: a no-op implementation
Okt 29, 2022 6:12:18 PM org.openqa.selenium.devtools.CdpVersionFinder findNearestMatch
INFO: Unable to find CDP implementation matching 106.
Okt 29, 2022 6:12:18 PM org.openqa.selenium.chromium.ChromiumDriver lambda$new$3
WARNING: Unable to find version of CDP to use for . You may need to include a dependency on a specific version of the CDP using something similar to `org.seleniumhq.selenium:selenium-devtools-v86:4.1.2` where the version ("v86") matches the version of the chromium-based browser you're using and the version number of the artifact is the same as Selenium's.
]]></system-err>
  </testcase>
  <testcase name="Transaction list" classname="Home" time="4.694">
    <system-out><![CDATA[
Scenario: Transaction list         &amp#27;[90m# src/test/resources/features/Home.feature:16&amp#27;[0m
18:12:22.006 [main] INFO io.cucumber.core.plugin.SerenityReporter - Running feature from file:///C:/Users/alwi/IdeaProjects/AltaShop/src/test/resources/features/Home.feature
18:12:22.010 [main] INFO  - 
  _____   ___   ___   _____     ___   _____     _     ___   _____   ___   ___  
 |_   _| | __| / __| |_   _|   / __| |_   _|   /_\   | _ \ |_   _| | __| |   \ 
   | |   | _|  \__ \   | |     \__ \   | |    / _ \  |   /   | |   | _|  | |) |
   |_|   |___| |___/   |_|     |___/   |_|   /_/ \_\ |_|_\   |_|   |___| |___/ 

Transaction list(home;transaction-list)
--------------------------------------------------------------------------------
18:12:22.024 [main] INFO net.serenitybdd.core.webdriver.driverproviders.ChromeDriverProvider - Using automatically driver download
18:12:22.167 [main] DEBUG io.github.bonigarcia.wdm.cache.ResolutionCache - Resolution chrome=106 in cache (valid until 18:14:56 29/10/2022 WIB)
18:12:22.171 [main] DEBUG io.github.bonigarcia.wdm.cache.ResolutionCache - Resolution chrome106=106.0.5249.61 in cache (valid until 19:30:28 29/10/2022 WIB)
18:12:22.174 [main] INFO io.github.bonigarcia.wdm.WebDriverManager - Using chromedriver 106.0.5249.61 (resolved driver for Chrome 106)
18:12:22.199 [main] DEBUG io.github.bonigarcia.wdm.WebDriverManager - Driver chromedriver 106.0.5249.61 found in cache
18:12:22.200 [main] INFO io.github.bonigarcia.wdm.WebDriverManager - Exporting webdriver.chrome.driver as C:\Users\alwi\.cache\selenium\chromedriver\win32\106.0.5249.61\chromedriver.exe
18:12:22.366 [main] DEBUG net.serenitybdd.core.webdriver.driverproviders.ProvideNewDriver - Instantiating driver
18:12:22.367 [main] DEBUG net.serenitybdd.core.webdriver.driverproviders.ProvideNewDriver - Driver capabilities: Capabilities {acceptInsecureCerts: false, base.url: https://alta-shop.vercel.app, browserName: chrome, chrome.driver: src/test/resources/webdrive..., driver: chrome, goog:chromeOptions: {args: [], extensions: []}, wait.for.timeout: 6000}
18:12:22.916 [AsyncHttpClient-1-11] DEBUG org.asynchttpclient.netty.channel.NettyConnectListener - Using new Channel '[id: 0xe9da8be4, L:/127.0.0.1:51679 - R:localhost/127.0.0.1:54530]' for 'POST' to '/session'
18:12:23.576 [AsyncHttpClient-1-11] DEBUG org.asynchttpclient.netty.handler.HttpHandler - 

Request DefaultHttpRequest(decodeResult: success, version: HTTP/1.1)
POST /session HTTP/1.1
User-Agent: selenium/4.1.2 (java windows)
Content-Length: 639
Content-Type: application/json; charset=utf-8
host: localhost:54530
accept: */*

Response DefaultHttpResponse(decodeResult: success, version: HTTP/1.1)
HTTP/1.1 200 OK
Content-Type: application/json; charset=utf-8
cache-control: no-cache
content-length: 790

18:12:23.576 [AsyncHttpClient-1-11] DEBUG org.asynchttpclient.netty.channel.ChannelManager - Adding key: http://localhost:54530 for channel [id: 0xe9da8be4, L:/127.0.0.1:51679 - R:localhost/127.0.0.1:54530]
18:12:23.583 [AsyncHttpClient-1-12] DEBUG org.asynchttpclient.netty.channel.NettyConnectListener - Using new Channel '[id: 0x547ef0c8, L:/127.0.0.1:51685 - R:localhost/127.0.0.1:51680]' for 'GET' to '/json/version'
18:12:23.588 [AsyncHttpClient-1-12] DEBUG org.asynchttpclient.netty.handler.HttpHandler - 

Request DefaultFullHttpRequest(decodeResult: success, version: HTTP/1.1, content: EmptyByteBufBE)
GET /json/version HTTP/1.1
User-Agent: selenium/4.1.2 (java windows)
host: localhost:51680
accept: */*

Response DefaultHttpResponse(decodeResult: success, version: HTTP/1.1)
HTTP/1.1 200 OK
Content-Type: application/json; charset=UTF-8
content-length: 424

18:12:23.588 [AsyncHttpClient-1-12] DEBUG org.asynchttpclient.netty.channel.ChannelManager - Adding key: http://localhost:51680 for channel [id: 0x547ef0c8, L:/127.0.0.1:51685 - R:localhost/127.0.0.1:51680]
18:12:23.591 [AsyncHttpClient-1-13] DEBUG org.asynchttpclient.netty.channel.NettyConnectListener - Using new Channel '[id: 0x0b0211f4, L:/127.0.0.1:51686 - R:localhost/127.0.0.1:51680]' for 'GET' to '/devtools/browser/b4cdeed5-3bf5-4b4f-8815-e72ad744c2fc'
18:12:23.596 [AsyncHttpClient-1-13] DEBUG org.asynchttpclient.netty.handler.WebSocketHandler - 

Request DefaultFullHttpRequest(decodeResult: success, version: HTTP/1.1, content: EmptyByteBufBE)
GET /devtools/browser/b4cdeed5-3bf5-4b4f-8815-e72ad744c2fc HTTP/1.1
upgrade: websocket
connection: upgrade
sec-websocket-key: rmOxpup+fatsXH4cp0W9Vg==
sec-websocket-version: 13
origin: http://localhost:51680
host: localhost:51680
accept: */*
user-agent: AHC/2.1

Response DefaultHttpResponse(decodeResult: success, version: HTTP/1.1)
HTTP/1.1 101 WebSocket Protocol Handshake
Upgrade: WebSocket
Connection: Upgrade
Sec-WebSocket-Accept: SjX/+QqN1ex04r18MSjxI2yU+qI=

18:12:23.600 [Forwarding get on session 024938921a8027820480e872864ddb11 to remote] DEBUG org.asynchttpclient.netty.request.NettyRequestSender - Using pooled Channel '[id: 0xe9da8be4, L:/127.0.0.1:51679 - R:localhost/127.0.0.1:54530]' for 'POST' to 'http://localhost:54530/session/024938921a8027820480e872864ddb11/url'
18:12:23.600 [Forwarding get on session 024938921a8027820480e872864ddb11 to remote] DEBUG org.asynchttpclient.netty.request.NettyRequestSender - Using open Channel [id: 0xe9da8be4, L:/127.0.0.1:51679 - R:localhost/127.0.0.1:54530] for POST '/session/024938921a8027820480e872864ddb11/url'
18:12:24.099 [AsyncHttpClient-1-11] DEBUG org.asynchttpclient.netty.handler.HttpHandler - 

Request DefaultHttpRequest(decodeResult: success, version: HTTP/1.1)
POST /session/024938921a8027820480e872864ddb11/url HTTP/1.1
User-Agent: selenium/4.1.2 (java windows)
Content-Length: 74
Content-Type: application/json; charset=utf-8
host: localhost:54530
accept: */*

Response DefaultHttpResponse(decodeResult: success, version: HTTP/1.1)
HTTP/1.1 200 OK
Content-Type: application/json; charset=utf-8
cache-control: no-cache
content-length: 14

18:12:24.099 [AsyncHttpClient-1-11] DEBUG org.asynchttpclient.netty.channel.ChannelManager - Adding key: http://localhost:54530 for channel [id: 0xe9da8be4, L:/127.0.0.1:51679 - R:localhost/127.0.0.1:54530]
18:12:24.101 [Forwarding setTimeout on session 024938921a8027820480e872864ddb11 to remote] DEBUG org.asynchttpclient.netty.request.NettyRequestSender - Using pooled Channel '[id: 0xe9da8be4, L:/127.0.0.1:51679 - R:localhost/127.0.0.1:54530]' for 'POST' to 'http://localhost:54530/session/024938921a8027820480e872864ddb11/timeouts'
18:12:24.101 [Forwarding setTimeout on session 024938921a8027820480e872864ddb11 to remote] DEBUG org.asynchttpclient.netty.request.NettyRequestSender - Using open Channel [id: 0xe9da8be4, L:/127.0.0.1:51679 - R:localhost/127.0.0.1:54530] for POST '/session/024938921a8027820480e872864ddb11/timeouts'
18:12:24.101 [AsyncHttpClient-1-11] DEBUG org.asynchttpclient.netty.handler.HttpHandler - 

Request DefaultHttpRequest(decodeResult: success, version: HTTP/1.1)
POST /session/024938921a8027820480e872864ddb11/timeouts HTTP/1.1
User-Agent: selenium/4.1.2 (java windows)
Content-Length: 22
Content-Type: application/json; charset=utf-8
host: localhost:54530
accept: */*

Response DefaultHttpResponse(decodeResult: success, version: HTTP/1.1)
HTTP/1.1 200 OK
Content-Type: application/json; charset=utf-8
cache-control: no-cache
content-length: 14

18:12:24.102 [AsyncHttpClient-1-11] DEBUG org.asynchttpclient.netty.channel.ChannelManager - Adding key: http://localhost:54530 for channel [id: 0xe9da8be4, L:/127.0.0.1:51679 - R:localhost/127.0.0.1:54530]
18:12:24.104 [Forwarding getCurrentUrl on session 024938921a8027820480e872864ddb11 to remote] DEBUG org.asynchttpclient.netty.request.NettyRequestSender - Using pooled Channel '[id: 0xe9da8be4, L:/127.0.0.1:51679 - R:localhost/127.0.0.1:54530]' for 'GET' to 'http://localhost:54530/session/024938921a8027820480e872864ddb11/url'
18:12:24.104 [Forwarding getCurrentUrl on session 024938921a8027820480e872864ddb11 to remote] DEBUG org.asynchttpclient.netty.request.NettyRequestSender - Using open Channel [id: 0xe9da8be4, L:/127.0.0.1:51679 - R:localhost/127.0.0.1:54530] for GET '/session/024938921a8027820480e872864ddb11/url'
18:12:24.110 [AsyncHttpClient-1-11] DEBUG org.asynchttpclient.netty.handler.HttpHandler - 

Request DefaultFullHttpRequest(decodeResult: success, version: HTTP/1.1, content: EmptyByteBufBE)
GET /session/024938921a8027820480e872864ddb11/url HTTP/1.1
User-Agent: selenium/4.1.2 (java windows)
Cache-Control: no-cache
Content-Type: application/json; charset=utf-8
host: localhost:54530
accept: */*

Response DefaultHttpResponse(decodeResult: success, version: HTTP/1.1)
HTTP/1.1 200 OK
Content-Type: application/json; charset=utf-8
cache-control: no-cache
content-length: 51

18:12:24.110 [AsyncHttpClient-1-11] DEBUG org.asynchttpclient.netty.channel.ChannelManager - Adding key: http://localhost:54530 for channel [id: 0xe9da8be4, L:/127.0.0.1:51679 - R:localhost/127.0.0.1:54530]
  &amp#27;[32mGiven &amp#27;[0m&amp#27;[32mI am on the login page&amp#27;[0m     &amp#27;[90m# starter.stepdefinitions.LoginStep.iAmOnTheLoginPage()&amp#27;[0m
18:12:24.115 [Forwarding screenshot on session 024938921a8027820480e872864ddb11 to remote] DEBUG org.asynchttpclient.netty.request.NettyRequestSender - Using pooled Channel '[id: 0xe9da8be4, L:/127.0.0.1:51679 - R:localhost/127.0.0.1:54530]' for 'GET' to 'http://localhost:54530/session/024938921a8027820480e872864ddb11/screenshot'
18:12:24.115 [Forwarding screenshot on session 024938921a8027820480e872864ddb11 to remote] DEBUG org.asynchttpclient.netty.request.NettyRequestSender - Using open Channel [id: 0xe9da8be4, L:/127.0.0.1:51679 - R:localhost/127.0.0.1:54530] for GET '/session/024938921a8027820480e872864ddb11/screenshot'
18:12:24.174 [AsyncHttpClient-1-1] DEBUG org.asynchttpclient.netty.channel.DefaultChannelPool - Entry count for : http://localhost:51680 : 1
18:12:24.200 [AsyncHttpClient-1-11] DEBUG org.asynchttpclient.netty.handler.HttpHandler - 

Request DefaultFullHttpRequest(decodeResult: success, version: HTTP/1.1, content: EmptyByteBufBE)
GET /session/024938921a8027820480e872864ddb11/screenshot HTTP/1.1
User-Agent: selenium/4.1.2 (java windows)
Cache-Control: no-cache
Content-Type: application/json; charset=utf-8
host: localhost:54530
accept: */*

Response DefaultHttpResponse(decodeResult: success, version: HTTP/1.1)
HTTP/1.1 200 OK
Content-Type: application/json; charset=utf-8
cache-control: no-cache
content-length: 24528

18:12:24.200 [AsyncHttpClient-1-11] DEBUG org.asynchttpclient.netty.channel.ChannelManager - Adding key: http://localhost:54530 for channel [id: 0xe9da8be4, L:/127.0.0.1:51679 - R:localhost/127.0.0.1:54530]
18:12:24.201 [main] DEBUG net.serenitybdd.core.photography.Darkroom - Send negative for processing for target\site\serenity\4a081d05db2e6be9b3256b332b844d9c53d5aa88207142e6b6c18ed6759b787c.png
18:12:24.202 [Darkroom Processing Line] DEBUG net.serenitybdd.core.photography.DarkroomProcessingLine - Processing screenshot image in /var/screenshots/screenshot-14163715700746749969
18:12:24.202 [Darkroom Processing Line] DEBUG net.serenitybdd.core.photography.DarkroomProcessingLine - Saving screenshot to target\site\serenity\4a081d05db2e6be9b3256b332b844d9c53d5aa88207142e6b6c18ed6759b787c.png
18:12:24.228 [main] DEBUG net.thucydides.core.steps.StepInterceptor - STARTING STEP: HomeStep.iAmLogin - iWillLogin
18:12:24.231 [Forwarding get on session 024938921a8027820480e872864ddb11 to remote] DEBUG org.asynchttpclient.netty.request.NettyRequestSender - Using pooled Channel '[id: 0xe9da8be4, L:/127.0.0.1:51679 - R:localhost/127.0.0.1:54530]' for 'POST' to 'http://localhost:54530/session/024938921a8027820480e872864ddb11/url'
18:12:24.231 [Forwarding get on session 024938921a8027820480e872864ddb11 to remote] DEBUG org.asynchttpclient.netty.request.NettyRequestSender - Using open Channel [id: 0xe9da8be4, L:/127.0.0.1:51679 - R:localhost/127.0.0.1:54530] for POST '/session/024938921a8027820480e872864ddb11/url'
18:12:24.479 [AsyncHttpClient-1-11] DEBUG org.asynchttpclient.netty.handler.HttpHandler - 

Request DefaultHttpRequest(decodeResult: success, version: HTTP/1.1)
POST /session/024938921a8027820480e872864ddb11/url HTTP/1.1
User-Agent: selenium/4.1.2 (java windows)
Content-Length: 74
Content-Type: application/json; charset=utf-8
host: localhost:54530
accept: */*

Response DefaultHttpResponse(decodeResult: success, version: HTTP/1.1)
HTTP/1.1 200 OK
Content-Type: application/json; charset=utf-8
cache-control: no-cache
content-length: 14

18:12:24.479 [AsyncHttpClient-1-11] DEBUG org.asynchttpclient.netty.channel.ChannelManager - Adding key: http://localhost:54530 for channel [id: 0xe9da8be4, L:/127.0.0.1:51679 - R:localhost/127.0.0.1:54530]
18:12:24.482 [Forwarding getCurrentUrl on session 024938921a8027820480e872864ddb11 to remote] DEBUG org.asynchttpclient.netty.request.NettyRequestSender - Using pooled Channel '[id: 0xe9da8be4, L:/127.0.0.1:51679 - R:localhost/127.0.0.1:54530]' for 'GET' to 'http://localhost:54530/session/024938921a8027820480e872864ddb11/url'
18:12:24.482 [Forwarding getCurrentUrl on session 024938921a8027820480e872864ddb11 to remote] DEBUG org.asynchttpclient.netty.request.NettyRequestSender - Using open Channel [id: 0xe9da8be4, L:/127.0.0.1:51679 - R:localhost/127.0.0.1:54530] for GET '/session/024938921a8027820480e872864ddb11/url'
18:12:24.486 [AsyncHttpClient-1-11] DEBUG org.asynchttpclient.netty.handler.HttpHandler - 

Request DefaultFullHttpRequest(decodeResult: success, version: HTTP/1.1, content: EmptyByteBufBE)
GET /session/024938921a8027820480e872864ddb11/url HTTP/1.1
User-Agent: selenium/4.1.2 (java windows)
Cache-Control: no-cache
Content-Type: application/json; charset=utf-8
host: localhost:54530
accept: */*

Response DefaultHttpResponse(decodeResult: success, version: HTTP/1.1)
HTTP/1.1 200 OK
Content-Type: application/json; charset=utf-8
cache-control: no-cache
content-length: 51

18:12:24.486 [AsyncHttpClient-1-11] DEBUG org.asynchttpclient.netty.channel.ChannelManager - Adding key: http://localhost:54530 for channel [id: 0xe9da8be4, L:/127.0.0.1:51679 - R:localhost/127.0.0.1:54530]
18:12:24.490 [Forwarding findElement on session 024938921a8027820480e872864ddb11 to remote] DEBUG org.asynchttpclient.netty.request.NettyRequestSender - Using pooled Channel '[id: 0xe9da8be4, L:/127.0.0.1:51679 - R:localhost/127.0.0.1:54530]' for 'POST' to 'http://localhost:54530/session/024938921a8027820480e872864ddb11/element'
18:12:24.490 [Forwarding findElement on session 024938921a8027820480e872864ddb11 to remote] DEBUG org.asynchttpclient.netty.request.NettyRequestSender - Using open Channel [id: 0xe9da8be4, L:/127.0.0.1:51679 - R:localhost/127.0.0.1:54530] for POST '/session/024938921a8027820480e872864ddb11/element'
18:12:24.502 [AsyncHttpClient-1-11] DEBUG org.asynchttpclient.netty.handler.HttpHandler - 

Request DefaultHttpRequest(decodeResult: success, version: HTTP/1.1)
POST /session/024938921a8027820480e872864ddb11/element HTTP/1.1
User-Agent: selenium/4.1.2 (java windows)
Content-Length: 55
Content-Type: application/json; charset=utf-8
host: localhost:54530
accept: */*

Response DefaultHttpResponse(decodeResult: success, version: HTTP/1.1)
HTTP/1.1 200 OK
Content-Type: application/json; charset=utf-8
cache-control: no-cache
content-length: 88

18:12:24.502 [AsyncHttpClient-1-11] DEBUG org.asynchttpclient.netty.channel.ChannelManager - Adding key: http://localhost:54530 for channel [id: 0xe9da8be4, L:/127.0.0.1:51679 - R:localhost/127.0.0.1:54530]
18:12:24.503 [Forwarding clearElement on session 024938921a8027820480e872864ddb11 to remote] DEBUG org.asynchttpclient.netty.request.NettyRequestSender - Using pooled Channel '[id: 0xe9da8be4, L:/127.0.0.1:51679 - R:localhost/127.0.0.1:54530]' for 'POST' to 'http://localhost:54530/session/024938921a8027820480e872864ddb11/element/85671815-04e9-4549-aeae-1885615c450b/clear'
18:12:24.504 [Forwarding clearElement on session 024938921a8027820480e872864ddb11 to remote] DEBUG org.asynchttpclient.netty.request.NettyRequestSender - Using open Channel [id: 0xe9da8be4, L:/127.0.0.1:51679 - R:localhost/127.0.0.1:54530] for POST '/session/024938921a8027820480e872864ddb11/element/85671815-04e9-4549-aeae-1885615c450b/clear'
18:12:24.531 [AsyncHttpClient-1-11] DEBUG org.asynchttpclient.netty.handler.HttpHandler - 

Request DefaultHttpRequest(decodeResult: success, version: HTTP/1.1)
POST /session/024938921a8027820480e872864ddb11/element/85671815-04e9-4549-aeae-1885615c450b/clear HTTP/1.1
User-Agent: selenium/4.1.2 (java windows)
Content-Length: 50
Content-Type: application/json; charset=utf-8
host: localhost:54530
accept: */*

Response DefaultHttpResponse(decodeResult: success, version: HTTP/1.1)
HTTP/1.1 200 OK
Content-Type: application/json; charset=utf-8
cache-control: no-cache
content-length: 14

18:12:24.531 [AsyncHttpClient-1-11] DEBUG org.asynchttpclient.netty.channel.ChannelManager - Adding key: http://localhost:54530 for channel [id: 0xe9da8be4, L:/127.0.0.1:51679 - R:localhost/127.0.0.1:54530]
18:12:24.534 [Forwarding sendKeysToElement on session 024938921a8027820480e872864ddb11 to remote] DEBUG org.asynchttpclient.netty.request.NettyRequestSender - Using pooled Channel '[id: 0xe9da8be4, L:/127.0.0.1:51679 - R:localhost/127.0.0.1:54530]' for 'POST' to 'http://localhost:54530/session/024938921a8027820480e872864ddb11/element/85671815-04e9-4549-aeae-1885615c450b/value'
18:12:24.534 [Forwarding sendKeysToElement on session 024938921a8027820480e872864ddb11 to remote] DEBUG org.asynchttpclient.netty.request.NettyRequestSender - Using open Channel [id: 0xe9da8be4, L:/127.0.0.1:51679 - R:localhost/127.0.0.1:54530] for POST '/session/024938921a8027820480e872864ddb11/element/85671815-04e9-4549-aeae-1885615c450b/value'
18:12:24.637 [AsyncHttpClient-1-11] DEBUG org.asynchttpclient.netty.handler.HttpHandler - 

Request DefaultHttpRequest(decodeResult: success, version: HTTP/1.1)
POST /session/024938921a8027820480e872864ddb11/element/85671815-04e9-4549-aeae-1885615c450b/value HTTP/1.1
User-Agent: selenium/4.1.2 (java windows)
Content-Length: 241
Content-Type: application/json; charset=utf-8
host: localhost:54530
accept: */*

Response DefaultHttpResponse(decodeResult: success, version: HTTP/1.1)
HTTP/1.1 200 OK
Content-Type: application/json; charset=utf-8
cache-control: no-cache
content-length: 14

18:12:24.637 [AsyncHttpClient-1-11] DEBUG org.asynchttpclient.netty.channel.ChannelManager - Adding key: http://localhost:54530 for channel [id: 0xe9da8be4, L:/127.0.0.1:51679 - R:localhost/127.0.0.1:54530]
18:12:24.642 [Forwarding findElement on session 024938921a8027820480e872864ddb11 to remote] DEBUG org.asynchttpclient.netty.request.NettyRequestSender - Using pooled Channel '[id: 0xe9da8be4, L:/127.0.0.1:51679 - R:localhost/127.0.0.1:54530]' for 'POST' to 'http://localhost:54530/session/024938921a8027820480e872864ddb11/element'
18:12:24.643 [Forwarding findElement on session 024938921a8027820480e872864ddb11 to remote] DEBUG org.asynchttpclient.netty.request.NettyRequestSender - Using open Channel [id: 0xe9da8be4, L:/127.0.0.1:51679 - R:localhost/127.0.0.1:54530] for POST '/session/024938921a8027820480e872864ddb11/element'
18:12:24.652 [AsyncHttpClient-1-11] DEBUG org.asynchttpclient.netty.handler.HttpHandler - 

Request DefaultHttpRequest(decodeResult: success, version: HTTP/1.1)
POST /session/024938921a8027820480e872864ddb11/element HTTP/1.1
User-Agent: selenium/4.1.2 (java windows)
Content-Length: 55
Content-Type: application/json; charset=utf-8
host: localhost:54530
accept: */*

Response DefaultHttpResponse(decodeResult: success, version: HTTP/1.1)
HTTP/1.1 200 OK
Content-Type: application/json; charset=utf-8
cache-control: no-cache
content-length: 88

18:12:24.653 [AsyncHttpClient-1-11] DEBUG org.asynchttpclient.netty.channel.ChannelManager - Adding key: http://localhost:54530 for channel [id: 0xe9da8be4, L:/127.0.0.1:51679 - R:localhost/127.0.0.1:54530]
18:12:24.654 [Forwarding clearElement on session 024938921a8027820480e872864ddb11 to remote] DEBUG org.asynchttpclient.netty.request.NettyRequestSender - Using pooled Channel '[id: 0xe9da8be4, L:/127.0.0.1:51679 - R:localhost/127.0.0.1:54530]' for 'POST' to 'http://localhost:54530/session/024938921a8027820480e872864ddb11/element/327ecdd1-4de4-4317-b2b2-ddbb9830cb38/clear'
18:12:24.654 [Forwarding clearElement on session 024938921a8027820480e872864ddb11 to remote] DEBUG org.asynchttpclient.netty.request.NettyRequestSender - Using open Channel [id: 0xe9da8be4, L:/127.0.0.1:51679 - R:localhost/127.0.0.1:54530] for POST '/session/024938921a8027820480e872864ddb11/element/327ecdd1-4de4-4317-b2b2-ddbb9830cb38/clear'
18:12:24.685 [AsyncHttpClient-1-11] DEBUG org.asynchttpclient.netty.handler.HttpHandler - 

Request DefaultHttpRequest(decodeResult: success, version: HTTP/1.1)
POST /session/024938921a8027820480e872864ddb11/element/327ecdd1-4de4-4317-b2b2-ddbb9830cb38/clear HTTP/1.1
User-Agent: selenium/4.1.2 (java windows)
Content-Length: 50
Content-Type: application/json; charset=utf-8
host: localhost:54530
accept: */*

Response DefaultHttpResponse(decodeResult: success, version: HTTP/1.1)
HTTP/1.1 200 OK
Content-Type: application/json; charset=utf-8
cache-control: no-cache
content-length: 14

18:12:24.685 [AsyncHttpClient-1-11] DEBUG org.asynchttpclient.netty.channel.ChannelManager - Adding key: http://localhost:54530 for channel [id: 0xe9da8be4, L:/127.0.0.1:51679 - R:localhost/127.0.0.1:54530]
18:12:24.687 [Forwarding sendKeysToElement on session 024938921a8027820480e872864ddb11 to remote] DEBUG org.asynchttpclient.netty.request.NettyRequestSender - Using pooled Channel '[id: 0xe9da8be4, L:/127.0.0.1:51679 - R:localhost/127.0.0.1:54530]' for 'POST' to 'http://localhost:54530/session/024938921a8027820480e872864ddb11/element/327ecdd1-4de4-4317-b2b2-ddbb9830cb38/value'
18:12:24.687 [Forwarding sendKeysToElement on session 024938921a8027820480e872864ddb11 to remote] DEBUG org.asynchttpclient.netty.request.NettyRequestSender - Using open Channel [id: 0xe9da8be4, L:/127.0.0.1:51679 - R:localhost/127.0.0.1:54530] for POST '/session/024938921a8027820480e872864ddb11/element/327ecdd1-4de4-4317-b2b2-ddbb9830cb38/value'
18:12:24.743 [AsyncHttpClient-1-11] DEBUG org.asynchttpclient.netty.handler.HttpHandler - 

Request DefaultHttpRequest(decodeResult: success, version: HTTP/1.1)
POST /session/024938921a8027820480e872864ddb11/element/327ecdd1-4de4-4317-b2b2-ddbb9830cb38/value HTTP/1.1
User-Agent: selenium/4.1.2 (java windows)
Content-Length: 141
Content-Type: application/json; charset=utf-8
host: localhost:54530
accept: */*

Response DefaultHttpResponse(decodeResult: success, version: HTTP/1.1)
HTTP/1.1 200 OK
Content-Type: application/json; charset=utf-8
cache-control: no-cache
content-length: 14

18:12:24.743 [AsyncHttpClient-1-11] DEBUG org.asynchttpclient.netty.channel.ChannelManager - Adding key: http://localhost:54530 for channel [id: 0xe9da8be4, L:/127.0.0.1:51679 - R:localhost/127.0.0.1:54530]
18:12:24.750 [Forwarding findElement on session 024938921a8027820480e872864ddb11 to remote] DEBUG org.asynchttpclient.netty.request.NettyRequestSender - Using pooled Channel '[id: 0xe9da8be4, L:/127.0.0.1:51679 - R:localhost/127.0.0.1:54530]' for 'POST' to 'http://localhost:54530/session/024938921a8027820480e872864ddb11/element'
18:12:24.750 [Forwarding findElement on session 024938921a8027820480e872864ddb11 to remote] DEBUG org.asynchttpclient.netty.request.NettyRequestSender - Using open Channel [id: 0xe9da8be4, L:/127.0.0.1:51679 - R:localhost/127.0.0.1:54530] for POST '/session/024938921a8027820480e872864ddb11/element'
18:12:24.763 [AsyncHttpClient-1-11] DEBUG org.asynchttpclient.netty.handler.HttpHandler - 

Request DefaultHttpRequest(decodeResult: success, version: HTTP/1.1)
POST /session/024938921a8027820480e872864ddb11/element HTTP/1.1
User-Agent: selenium/4.1.2 (java windows)
Content-Length: 143
Content-Type: application/json; charset=utf-8
host: localhost:54530
accept: */*

Response DefaultHttpResponse(decodeResult: success, version: HTTP/1.1)
HTTP/1.1 200 OK
Content-Type: application/json; charset=utf-8
cache-control: no-cache
content-length: 88

18:12:24.763 [AsyncHttpClient-1-11] DEBUG org.asynchttpclient.netty.channel.ChannelManager - Adding key: http://localhost:54530 for channel [id: 0xe9da8be4, L:/127.0.0.1:51679 - R:localhost/127.0.0.1:54530]
18:12:24.765 [Forwarding getElementTagName on session 024938921a8027820480e872864ddb11 to remote] DEBUG org.asynchttpclient.netty.request.NettyRequestSender - Using pooled Channel '[id: 0xe9da8be4, L:/127.0.0.1:51679 - R:localhost/127.0.0.1:54530]' for 'GET' to 'http://localhost:54530/session/024938921a8027820480e872864ddb11/element/adec9019-5f87-442f-81e5-69d3e4d5bcf5/name'
18:12:24.765 [Forwarding getElementTagName on session 024938921a8027820480e872864ddb11 to remote] DEBUG org.asynchttpclient.netty.request.NettyRequestSender - Using open Channel [id: 0xe9da8be4, L:/127.0.0.1:51679 - R:localhost/127.0.0.1:54530] for GET '/session/024938921a8027820480e872864ddb11/element/adec9019-5f87-442f-81e5-69d3e4d5bcf5/name'
18:12:24.769 [AsyncHttpClient-1-11] DEBUG org.asynchttpclient.netty.handler.HttpHandler - 

Request DefaultFullHttpRequest(decodeResult: success, version: HTTP/1.1, content: EmptyByteBufBE)
GET /session/024938921a8027820480e872864ddb11/element/adec9019-5f87-442f-81e5-69d3e4d5bcf5/name HTTP/1.1
User-Agent: selenium/4.1.2 (java windows)
Cache-Control: no-cache
Content-Type: application/json; charset=utf-8
host: localhost:54530
accept: */*

Response DefaultHttpResponse(decodeResult: success, version: HTTP/1.1)
HTTP/1.1 200 OK
Content-Type: application/json; charset=utf-8
cache-control: no-cache
content-length: 18

18:12:24.769 [AsyncHttpClient-1-11] DEBUG org.asynchttpclient.netty.channel.ChannelManager - Adding key: http://localhost:54530 for channel [id: 0xe9da8be4, L:/127.0.0.1:51679 - R:localhost/127.0.0.1:54530]
18:12:24.771 [Forwarding getElementTagName on session 024938921a8027820480e872864ddb11 to remote] DEBUG org.asynchttpclient.netty.request.NettyRequestSender - Using pooled Channel '[id: 0xe9da8be4, L:/127.0.0.1:51679 - R:localhost/127.0.0.1:54530]' for 'GET' to 'http://localhost:54530/session/024938921a8027820480e872864ddb11/element/adec9019-5f87-442f-81e5-69d3e4d5bcf5/name'
18:12:24.771 [Forwarding getElementTagName on session 024938921a8027820480e872864ddb11 to remote] DEBUG org.asynchttpclient.netty.request.NettyRequestSender - Using open Channel [id: 0xe9da8be4, L:/127.0.0.1:51679 - R:localhost/127.0.0.1:54530] for GET '/session/024938921a8027820480e872864ddb11/element/adec9019-5f87-442f-81e5-69d3e4d5bcf5/name'
18:12:24.777 [AsyncHttpClient-1-11] DEBUG org.asynchttpclient.netty.handler.HttpHandler - 

Request DefaultFullHttpRequest(decodeResult: success, version: HTTP/1.1, content: EmptyByteBufBE)
GET /session/024938921a8027820480e872864ddb11/element/adec9019-5f87-442f-81e5-69d3e4d5bcf5/name HTTP/1.1
User-Agent: selenium/4.1.2 (java windows)
Cache-Control: no-cache
Content-Type: application/json; charset=utf-8
host: localhost:54530
accept: */*

Response DefaultHttpResponse(decodeResult: success, version: HTTP/1.1)
HTTP/1.1 200 OK
Content-Type: application/json; charset=utf-8
cache-control: no-cache
content-length: 18

18:12:24.777 [AsyncHttpClient-1-11] DEBUG org.asynchttpclient.netty.channel.ChannelManager - Adding key: http://localhost:54530 for channel [id: 0xe9da8be4, L:/127.0.0.1:51679 - R:localhost/127.0.0.1:54530]
18:12:24.779 [Forwarding isElementEnabled on session 024938921a8027820480e872864ddb11 to remote] DEBUG org.asynchttpclient.netty.request.NettyRequestSender - Using pooled Channel '[id: 0xe9da8be4, L:/127.0.0.1:51679 - R:localhost/127.0.0.1:54530]' for 'GET' to 'http://localhost:54530/session/024938921a8027820480e872864ddb11/element/adec9019-5f87-442f-81e5-69d3e4d5bcf5/enabled'
18:12:24.779 [Forwarding isElementEnabled on session 024938921a8027820480e872864ddb11 to remote] DEBUG org.asynchttpclient.netty.request.NettyRequestSender - Using open Channel [id: 0xe9da8be4, L:/127.0.0.1:51679 - R:localhost/127.0.0.1:54530] for GET '/session/024938921a8027820480e872864ddb11/element/adec9019-5f87-442f-81e5-69d3e4d5bcf5/enabled'
18:12:24.786 [AsyncHttpClient-1-11] DEBUG org.asynchttpclient.netty.handler.HttpHandler - 

Request DefaultFullHttpRequest(decodeResult: success, version: HTTP/1.1, content: EmptyByteBufBE)
GET /session/024938921a8027820480e872864ddb11/element/adec9019-5f87-442f-81e5-69d3e4d5bcf5/enabled HTTP/1.1
User-Agent: selenium/4.1.2 (java windows)
Cache-Control: no-cache
Content-Type: application/json; charset=utf-8
host: localhost:54530
accept: */*

Response DefaultHttpResponse(decodeResult: success, version: HTTP/1.1)
HTTP/1.1 200 OK
Content-Type: application/json; charset=utf-8
cache-control: no-cache
content-length: 14

18:12:24.786 [AsyncHttpClient-1-11] DEBUG org.asynchttpclient.netty.channel.ChannelManager - Adding key: http://localhost:54530 for channel [id: 0xe9da8be4, L:/127.0.0.1:51679 - R:localhost/127.0.0.1:54530]
18:12:24.788 [Forwarding isElementEnabled on session 024938921a8027820480e872864ddb11 to remote] DEBUG org.asynchttpclient.netty.request.NettyRequestSender - Using pooled Channel '[id: 0xe9da8be4, L:/127.0.0.1:51679 - R:localhost/127.0.0.1:54530]' for 'GET' to 'http://localhost:54530/session/024938921a8027820480e872864ddb11/element/adec9019-5f87-442f-81e5-69d3e4d5bcf5/enabled'
18:12:24.788 [Forwarding isElementEnabled on session 024938921a8027820480e872864ddb11 to remote] DEBUG org.asynchttpclient.netty.request.NettyRequestSender - Using open Channel [id: 0xe9da8be4, L:/127.0.0.1:51679 - R:localhost/127.0.0.1:54530] for GET '/session/024938921a8027820480e872864ddb11/element/adec9019-5f87-442f-81e5-69d3e4d5bcf5/enabled'
18:12:24.796 [AsyncHttpClient-1-11] DEBUG org.asynchttpclient.netty.handler.HttpHandler - 

Request DefaultFullHttpRequest(decodeResult: success, version: HTTP/1.1, content: EmptyByteBufBE)
GET /session/024938921a8027820480e872864ddb11/element/adec9019-5f87-442f-81e5-69d3e4d5bcf5/enabled HTTP/1.1
User-Agent: selenium/4.1.2 (java windows)
Cache-Control: no-cache
Content-Type: application/json; charset=utf-8
host: localhost:54530
accept: */*

Response DefaultHttpResponse(decodeResult: success, version: HTTP/1.1)
HTTP/1.1 200 OK
Content-Type: application/json; charset=utf-8
cache-control: no-cache
content-length: 14

18:12:24.797 [AsyncHttpClient-1-11] DEBUG org.asynchttpclient.netty.channel.ChannelManager - Adding key: http://localhost:54530 for channel [id: 0xe9da8be4, L:/127.0.0.1:51679 - R:localhost/127.0.0.1:54530]
18:12:24.799 [Forwarding findElement on session 024938921a8027820480e872864ddb11 to remote] DEBUG org.asynchttpclient.netty.request.NettyRequestSender - Using pooled Channel '[id: 0xe9da8be4, L:/127.0.0.1:51679 - R:localhost/127.0.0.1:54530]' for 'POST' to 'http://localhost:54530/session/024938921a8027820480e872864ddb11/element'
18:12:24.799 [Forwarding findElement on session 024938921a8027820480e872864ddb11 to remote] DEBUG org.asynchttpclient.netty.request.NettyRequestSender - Using open Channel [id: 0xe9da8be4, L:/127.0.0.1:51679 - R:localhost/127.0.0.1:54530] for POST '/session/024938921a8027820480e872864ddb11/element'
18:12:24.805 [AsyncHttpClient-1-11] DEBUG org.asynchttpclient.netty.handler.HttpHandler - 

Request DefaultHttpRequest(decodeResult: success, version: HTTP/1.1)
POST /session/024938921a8027820480e872864ddb11/element HTTP/1.1
User-Agent: selenium/4.1.2 (java windows)
Content-Length: 143
Content-Type: application/json; charset=utf-8
host: localhost:54530
accept: */*

Response DefaultHttpResponse(decodeResult: success, version: HTTP/1.1)
HTTP/1.1 200 OK
Content-Type: application/json; charset=utf-8
cache-control: no-cache
content-length: 88

18:12:24.805 [AsyncHttpClient-1-11] DEBUG org.asynchttpclient.netty.channel.ChannelManager - Adding key: http://localhost:54530 for channel [id: 0xe9da8be4, L:/127.0.0.1:51679 - R:localhost/127.0.0.1:54530]
18:12:24.808 [Forwarding clickElement on session 024938921a8027820480e872864ddb11 to remote] DEBUG org.asynchttpclient.netty.request.NettyRequestSender - Using pooled Channel '[id: 0xe9da8be4, L:/127.0.0.1:51679 - R:localhost/127.0.0.1:54530]' for 'POST' to 'http://localhost:54530/session/024938921a8027820480e872864ddb11/element/adec9019-5f87-442f-81e5-69d3e4d5bcf5/click'
18:12:24.808 [Forwarding clickElement on session 024938921a8027820480e872864ddb11 to remote] DEBUG org.asynchttpclient.netty.request.NettyRequestSender - Using open Channel [id: 0xe9da8be4, L:/127.0.0.1:51679 - R:localhost/127.0.0.1:54530] for POST '/session/024938921a8027820480e872864ddb11/element/adec9019-5f87-442f-81e5-69d3e4d5bcf5/click'
18:12:24.868 [AsyncHttpClient-1-11] DEBUG org.asynchttpclient.netty.handler.HttpHandler - 

Request DefaultHttpRequest(decodeResult: success, version: HTTP/1.1)
POST /session/024938921a8027820480e872864ddb11/element/adec9019-5f87-442f-81e5-69d3e4d5bcf5/click HTTP/1.1
User-Agent: selenium/4.1.2 (java windows)
Content-Length: 50
Content-Type: application/json; charset=utf-8
host: localhost:54530
accept: */*

Response DefaultHttpResponse(decodeResult: success, version: HTTP/1.1)
HTTP/1.1 200 OK
Content-Type: application/json; charset=utf-8
cache-control: no-cache
content-length: 14

18:12:24.869 [AsyncHttpClient-1-11] DEBUG org.asynchttpclient.netty.channel.ChannelManager - Adding key: http://localhost:54530 for channel [id: 0xe9da8be4, L:/127.0.0.1:51679 - R:localhost/127.0.0.1:54530]
18:12:24.876 [Forwarding screenshot on session 024938921a8027820480e872864ddb11 to remote] DEBUG org.asynchttpclient.netty.request.NettyRequestSender - Using pooled Channel '[id: 0xe9da8be4, L:/127.0.0.1:51679 - R:localhost/127.0.0.1:54530]' for 'GET' to 'http://localhost:54530/session/024938921a8027820480e872864ddb11/screenshot'
18:12:24.876 [Forwarding screenshot on session 024938921a8027820480e872864ddb11 to remote] DEBUG org.asynchttpclient.netty.request.NettyRequestSender - Using open Channel [id: 0xe9da8be4, L:/127.0.0.1:51679 - R:localhost/127.0.0.1:54530] for GET '/session/024938921a8027820480e872864ddb11/screenshot'
18:12:25.019 [AsyncHttpClient-1-11] DEBUG org.asynchttpclient.netty.handler.HttpHandler - 

Request DefaultFullHttpRequest(decodeResult: success, version: HTTP/1.1, content: EmptyByteBufBE)
GET /session/024938921a8027820480e872864ddb11/screenshot HTTP/1.1
User-Agent: selenium/4.1.2 (java windows)
Cache-Control: no-cache
Content-Type: application/json; charset=utf-8
host: localhost:54530
accept: */*

Response DefaultHttpResponse(decodeResult: success, version: HTTP/1.1)
HTTP/1.1 200 OK
Content-Type: application/json; charset=utf-8
cache-control: no-cache
content-length: 29752

18:12:25.019 [AsyncHttpClient-1-11] DEBUG org.asynchttpclient.netty.channel.ChannelManager - Adding key: http://localhost:54530 for channel [id: 0xe9da8be4, L:/127.0.0.1:51679 - R:localhost/127.0.0.1:54530]
18:12:25.021 [main] DEBUG net.serenitybdd.core.photography.Darkroom - Send negative for processing for target\site\serenity\3c2f87c25eb9ab3f900f4b922e6e616bdc97b380f96f647a93d914efdd307d54.png
18:12:25.021 [main] DEBUG net.thucydides.core.steps.StepInterceptor - STEP DONE: iWillLogin
18:12:25.021 [Darkroom Processing Line] DEBUG net.serenitybdd.core.photography.DarkroomProcessingLine - Processing screenshot image in /var/screenshots/screenshot-10876794456943668567
18:12:25.021 [Darkroom Processing Line] DEBUG net.serenitybdd.core.photography.DarkroomProcessingLine - Saving screenshot to target\site\serenity\3c2f87c25eb9ab3f900f4b922e6e616bdc97b380f96f647a93d914efdd307d54.png
  &amp#27;[32mWhen &amp#27;[0m&amp#27;[32mI am login&amp#27;[0m                  &amp#27;[90m# starter.stepdefinitions.HomeStep.iAmLogin()&amp#27;[0m
18:12:25.136 [Forwarding findElement on session 024938921a8027820480e872864ddb11 to remote] DEBUG org.asynchttpclient.netty.request.NettyRequestSender - Using pooled Channel '[id: 0xe9da8be4, L:/127.0.0.1:51679 - R:localhost/127.0.0.1:54530]' for 'POST' to 'http://localhost:54530/session/024938921a8027820480e872864ddb11/element'
18:12:25.136 [Forwarding findElement on session 024938921a8027820480e872864ddb11 to remote] DEBUG org.asynchttpclient.netty.request.NettyRequestSender - Using open Channel [id: 0xe9da8be4, L:/127.0.0.1:51679 - R:localhost/127.0.0.1:54530] for POST '/session/024938921a8027820480e872864ddb11/element'
18:12:25.146 [AsyncHttpClient-1-11] DEBUG org.asynchttpclient.netty.handler.HttpHandler - 

Request DefaultHttpRequest(decodeResult: success, version: HTTP/1.1)
POST /session/024938921a8027820480e872864ddb11/element HTTP/1.1
User-Agent: selenium/4.1.2 (java windows)
Content-Length: 128
Content-Type: application/json; charset=utf-8
host: localhost:54530
accept: */*

Response DefaultHttpResponse(decodeResult: success, version: HTTP/1.1)
HTTP/1.1 200 OK
Content-Type: application/json; charset=utf-8
cache-control: no-cache
content-length: 88

18:12:25.146 [AsyncHttpClient-1-11] DEBUG org.asynchttpclient.netty.channel.ChannelManager - Adding key: http://localhost:54530 for channel [id: 0xe9da8be4, L:/127.0.0.1:51679 - R:localhost/127.0.0.1:54530]
18:12:25.148 [Forwarding getElementTagName on session 024938921a8027820480e872864ddb11 to remote] DEBUG org.asynchttpclient.netty.request.NettyRequestSender - Using pooled Channel '[id: 0xe9da8be4, L:/127.0.0.1:51679 - R:localhost/127.0.0.1:54530]' for 'GET' to 'http://localhost:54530/session/024938921a8027820480e872864ddb11/element/6354adfa-e7af-483e-af77-c38cca5eeb50/name'
18:12:25.148 [Forwarding getElementTagName on session 024938921a8027820480e872864ddb11 to remote] DEBUG org.asynchttpclient.netty.request.NettyRequestSender - Using open Channel [id: 0xe9da8be4, L:/127.0.0.1:51679 - R:localhost/127.0.0.1:54530] for GET '/session/024938921a8027820480e872864ddb11/element/6354adfa-e7af-483e-af77-c38cca5eeb50/name'
18:12:25.151 [AsyncHttpClient-1-11] DEBUG org.asynchttpclient.netty.handler.HttpHandler - 

Request DefaultFullHttpRequest(decodeResult: success, version: HTTP/1.1, content: EmptyByteBufBE)
GET /session/024938921a8027820480e872864ddb11/element/6354adfa-e7af-483e-af77-c38cca5eeb50/name HTTP/1.1
User-Agent: selenium/4.1.2 (java windows)
Cache-Control: no-cache
Content-Type: application/json; charset=utf-8
host: localhost:54530
accept: */*

Response DefaultHttpResponse(decodeResult: success, version: HTTP/1.1)
HTTP/1.1 200 OK
Content-Type: application/json; charset=utf-8
cache-control: no-cache
content-length: 13

18:12:25.151 [AsyncHttpClient-1-11] DEBUG org.asynchttpclient.netty.channel.ChannelManager - Adding key: http://localhost:54530 for channel [id: 0xe9da8be4, L:/127.0.0.1:51679 - R:localhost/127.0.0.1:54530]
18:12:25.153 [Forwarding getElementTagName on session 024938921a8027820480e872864ddb11 to remote] DEBUG org.asynchttpclient.netty.request.NettyRequestSender - Using pooled Channel '[id: 0xe9da8be4, L:/127.0.0.1:51679 - R:localhost/127.0.0.1:54530]' for 'GET' to 'http://localhost:54530/session/024938921a8027820480e872864ddb11/element/6354adfa-e7af-483e-af77-c38cca5eeb50/name'
18:12:25.153 [Forwarding getElementTagName on session 024938921a8027820480e872864ddb11 to remote] DEBUG org.asynchttpclient.netty.request.NettyRequestSender - Using open Channel [id: 0xe9da8be4, L:/127.0.0.1:51679 - R:localhost/127.0.0.1:54530] for GET '/session/024938921a8027820480e872864ddb11/element/6354adfa-e7af-483e-af77-c38cca5eeb50/name'
18:12:25.156 [AsyncHttpClient-1-11] DEBUG org.asynchttpclient.netty.handler.HttpHandler - 

Request DefaultFullHttpRequest(decodeResult: success, version: HTTP/1.1, content: EmptyByteBufBE)
GET /session/024938921a8027820480e872864ddb11/element/6354adfa-e7af-483e-af77-c38cca5eeb50/name HTTP/1.1
User-Agent: selenium/4.1.2 (java windows)
Cache-Control: no-cache
Content-Type: application/json; charset=utf-8
host: localhost:54530
accept: */*

Response DefaultHttpResponse(decodeResult: success, version: HTTP/1.1)
HTTP/1.1 200 OK
Content-Type: application/json; charset=utf-8
cache-control: no-cache
content-length: 13

18:12:25.156 [AsyncHttpClient-1-11] DEBUG org.asynchttpclient.netty.channel.ChannelManager - Adding key: http://localhost:54530 for channel [id: 0xe9da8be4, L:/127.0.0.1:51679 - R:localhost/127.0.0.1:54530]
18:12:25.158 [Forwarding findElement on session 024938921a8027820480e872864ddb11 to remote] DEBUG org.asynchttpclient.netty.request.NettyRequestSender - Using pooled Channel '[id: 0xe9da8be4, L:/127.0.0.1:51679 - R:localhost/127.0.0.1:54530]' for 'POST' to 'http://localhost:54530/session/024938921a8027820480e872864ddb11/element'
18:12:25.158 [Forwarding findElement on session 024938921a8027820480e872864ddb11 to remote] DEBUG org.asynchttpclient.netty.request.NettyRequestSender - Using open Channel [id: 0xe9da8be4, L:/127.0.0.1:51679 - R:localhost/127.0.0.1:54530] for POST '/session/024938921a8027820480e872864ddb11/element'
18:12:25.164 [AsyncHttpClient-1-11] DEBUG org.asynchttpclient.netty.handler.HttpHandler - 

Request DefaultHttpRequest(decodeResult: success, version: HTTP/1.1)
POST /session/024938921a8027820480e872864ddb11/element HTTP/1.1
User-Agent: selenium/4.1.2 (java windows)
Content-Length: 128
Content-Type: application/json; charset=utf-8
host: localhost:54530
accept: */*

Response DefaultHttpResponse(decodeResult: success, version: HTTP/1.1)
HTTP/1.1 200 OK
Content-Type: application/json; charset=utf-8
cache-control: no-cache
content-length: 88

18:12:25.164 [AsyncHttpClient-1-11] DEBUG org.asynchttpclient.netty.channel.ChannelManager - Adding key: http://localhost:54530 for channel [id: 0xe9da8be4, L:/127.0.0.1:51679 - R:localhost/127.0.0.1:54530]
18:12:25.165 [Forwarding clickElement on session 024938921a8027820480e872864ddb11 to remote] DEBUG org.asynchttpclient.netty.request.NettyRequestSender - Using pooled Channel '[id: 0xe9da8be4, L:/127.0.0.1:51679 - R:localhost/127.0.0.1:54530]' for 'POST' to 'http://localhost:54530/session/024938921a8027820480e872864ddb11/element/6354adfa-e7af-483e-af77-c38cca5eeb50/click'
18:12:25.165 [Forwarding clickElement on session 024938921a8027820480e872864ddb11 to remote] DEBUG org.asynchttpclient.netty.request.NettyRequestSender - Using open Channel [id: 0xe9da8be4, L:/127.0.0.1:51679 - R:localhost/127.0.0.1:54530] for POST '/session/024938921a8027820480e872864ddb11/element/6354adfa-e7af-483e-af77-c38cca5eeb50/click'
18:12:25.195 [AsyncHttpClient-1-11] DEBUG org.asynchttpclient.netty.handler.HttpHandler - 

Request DefaultHttpRequest(decodeResult: success, version: HTTP/1.1)
POST /session/024938921a8027820480e872864ddb11/element/6354adfa-e7af-483e-af77-c38cca5eeb50/click HTTP/1.1
User-Agent: selenium/4.1.2 (java windows)
Content-Length: 50
Content-Type: application/json; charset=utf-8
host: localhost:54530
accept: */*

Response DefaultHttpResponse(decodeResult: success, version: HTTP/1.1)
HTTP/1.1 200 OK
Content-Type: application/json; charset=utf-8
cache-control: no-cache
content-length: 14

18:12:25.195 [AsyncHttpClient-1-11] DEBUG org.asynchttpclient.netty.channel.ChannelManager - Adding key: http://localhost:54530 for channel [id: 0xe9da8be4, L:/127.0.0.1:51679 - R:localhost/127.0.0.1:54530]
  &amp#27;[32mAnd &amp#27;[0m&amp#27;[32mI click button&amp#27;[0m               &amp#27;[90m# starter.stepdefinitions.LogoutStep.iClickButton()&amp#27;[0m
18:12:25.200 [Forwarding screenshot on session 024938921a8027820480e872864ddb11 to remote] DEBUG org.asynchttpclient.netty.request.NettyRequestSender - Using pooled Channel '[id: 0xe9da8be4, L:/127.0.0.1:51679 - R:localhost/127.0.0.1:54530]' for 'GET' to 'http://localhost:54530/session/024938921a8027820480e872864ddb11/screenshot'
18:12:25.200 [Forwarding screenshot on session 024938921a8027820480e872864ddb11 to remote] DEBUG org.asynchttpclient.netty.request.NettyRequestSender - Using open Channel [id: 0xe9da8be4, L:/127.0.0.1:51679 - R:localhost/127.0.0.1:54530] for GET '/session/024938921a8027820480e872864ddb11/screenshot'
18:12:25.276 [AsyncHttpClient-1-1] DEBUG org.asynchttpclient.netty.channel.DefaultChannelPool - Entry count for : http://localhost:51680 : 1
18:12:25.321 [AsyncHttpClient-1-11] DEBUG org.asynchttpclient.netty.handler.HttpHandler - 

Request DefaultFullHttpRequest(decodeResult: success, version: HTTP/1.1, content: EmptyByteBufBE)
GET /session/024938921a8027820480e872864ddb11/screenshot HTTP/1.1
User-Agent: selenium/4.1.2 (java windows)
Cache-Control: no-cache
Content-Type: application/json; charset=utf-8
host: localhost:54530
accept: */*

Response DefaultHttpResponse(decodeResult: success, version: HTTP/1.1)
HTTP/1.1 200 OK
Content-Type: application/json; charset=utf-8
cache-control: no-cache
content-length: 29404

18:12:25.322 [AsyncHttpClient-1-11] DEBUG org.asynchttpclient.netty.channel.ChannelManager - Adding key: http://localhost:54530 for channel [id: 0xe9da8be4, L:/127.0.0.1:51679 - R:localhost/127.0.0.1:54530]
18:12:25.324 [main] DEBUG net.serenitybdd.core.photography.Darkroom - Send negative for processing for target\site\serenity\06ddca6185d4f58f4656ecd80042bd23d3d41c6273299d628081c1304b196159.png
18:12:25.325 [Darkroom Processing Line] DEBUG net.serenitybdd.core.photography.DarkroomProcessingLine - Processing screenshot image in /var/screenshots/screenshot-2249354377788695647
18:12:25.325 [Darkroom Processing Line] DEBUG net.serenitybdd.core.photography.DarkroomProcessingLine - Saving screenshot to target\site\serenity\06ddca6185d4f58f4656ecd80042bd23d3d41c6273299d628081c1304b196159.png
18:12:25.330 [Forwarding get on session 024938921a8027820480e872864ddb11 to remote] DEBUG org.asynchttpclient.netty.request.NettyRequestSender - Using pooled Channel '[id: 0xe9da8be4, L:/127.0.0.1:51679 - R:localhost/127.0.0.1:54530]' for 'POST' to 'http://localhost:54530/session/024938921a8027820480e872864ddb11/url'
18:12:25.330 [Forwarding get on session 024938921a8027820480e872864ddb11 to remote] DEBUG org.asynchttpclient.netty.request.NettyRequestSender - Using open Channel [id: 0xe9da8be4, L:/127.0.0.1:51679 - R:localhost/127.0.0.1:54530] for POST '/session/024938921a8027820480e872864ddb11/url'
18:12:25.946 [AsyncHttpClient-1-11] DEBUG org.asynchttpclient.netty.handler.HttpHandler - 

Request DefaultHttpRequest(decodeResult: success, version: HTTP/1.1)
POST /session/024938921a8027820480e872864ddb11/url HTTP/1.1
User-Agent: selenium/4.1.2 (java windows)
Content-Length: 70
Content-Type: application/json; charset=utf-8
host: localhost:54530
accept: */*

Response DefaultHttpResponse(decodeResult: success, version: HTTP/1.1)
HTTP/1.1 200 OK
Content-Type: application/json; charset=utf-8
cache-control: no-cache
content-length: 14

18:12:25.946 [AsyncHttpClient-1-11] DEBUG org.asynchttpclient.netty.channel.ChannelManager - Adding key: http://localhost:54530 for channel [id: 0xe9da8be4, L:/127.0.0.1:51679 - R:localhost/127.0.0.1:54530]
18:12:25.949 [Forwarding getCurrentUrl on session 024938921a8027820480e872864ddb11 to remote] DEBUG org.asynchttpclient.netty.request.NettyRequestSender - Using pooled Channel '[id: 0xe9da8be4, L:/127.0.0.1:51679 - R:localhost/127.0.0.1:54530]' for 'GET' to 'http://localhost:54530/session/024938921a8027820480e872864ddb11/url'
18:12:25.949 [Forwarding getCurrentUrl on session 024938921a8027820480e872864ddb11 to remote] DEBUG org.asynchttpclient.netty.request.NettyRequestSender - Using open Channel [id: 0xe9da8be4, L:/127.0.0.1:51679 - R:localhost/127.0.0.1:54530] for GET '/session/024938921a8027820480e872864ddb11/url'
18:12:25.952 [AsyncHttpClient-1-11] DEBUG org.asynchttpclient.netty.handler.HttpHandler - 

Request DefaultFullHttpRequest(decodeResult: success, version: HTTP/1.1, content: EmptyByteBufBE)
GET /session/024938921a8027820480e872864ddb11/url HTTP/1.1
User-Agent: selenium/4.1.2 (java windows)
Cache-Control: no-cache
Content-Type: application/json; charset=utf-8
host: localhost:54530
accept: */*

Response DefaultHttpResponse(decodeResult: success, version: HTTP/1.1)
HTTP/1.1 200 OK
Content-Type: application/json; charset=utf-8
cache-control: no-cache
content-length: 52

18:12:25.952 [AsyncHttpClient-1-11] DEBUG org.asynchttpclient.netty.channel.ChannelManager - Adding key: http://localhost:54530 for channel [id: 0xe9da8be4, L:/127.0.0.1:51679 - R:localhost/127.0.0.1:54530]
  &amp#27;[32mThen &amp#27;[0m&amp#27;[32mI will get transaction page&amp#27;[0m &amp#27;[90m# starter.stepdefinitions.HomeStep.iWillGetTransactionPage()&amp#27;[0m
18:12:25.957 [Forwarding screenshot on session 024938921a8027820480e872864ddb11 to remote] DEBUG org.asynchttpclient.netty.request.NettyRequestSender - Using pooled Channel '[id: 0xe9da8be4, L:/127.0.0.1:51679 - R:localhost/127.0.0.1:54530]' for 'GET' to 'http://localhost:54530/session/024938921a8027820480e872864ddb11/screenshot'
18:12:25.957 [Forwarding screenshot on session 024938921a8027820480e872864ddb11 to remote] DEBUG org.asynchttpclient.netty.request.NettyRequestSender - Using open Channel [id: 0xe9da8be4, L:/127.0.0.1:51679 - R:localhost/127.0.0.1:54530] for GET '/session/024938921a8027820480e872864ddb11/screenshot'
18:12:26.059 [AsyncHttpClient-1-11] DEBUG org.asynchttpclient.netty.handler.HttpHandler - 

Request DefaultFullHttpRequest(decodeResult: success, version: HTTP/1.1, content: EmptyByteBufBE)
GET /session/024938921a8027820480e872864ddb11/screenshot HTTP/1.1
User-Agent: selenium/4.1.2 (java windows)
Cache-Control: no-cache
Content-Type: application/json; charset=utf-8
host: localhost:54530
accept: */*

Response DefaultHttpResponse(decodeResult: success, version: HTTP/1.1)
HTTP/1.1 200 OK
Content-Type: application/json; charset=utf-8
cache-control: no-cache
content-length: 29728

18:12:26.059 [AsyncHttpClient-1-11] DEBUG org.asynchttpclient.netty.channel.ChannelManager - Adding key: http://localhost:54530 for channel [id: 0xe9da8be4, L:/127.0.0.1:51679 - R:localhost/127.0.0.1:54530]
18:12:26.061 [main] DEBUG net.serenitybdd.core.photography.Darkroom - Send negative for processing for target\site\serenity\7b7bdfc1263c024e6eafd1501bba8b6f8c68e7b69a9c65a60a82e8e2b03d9f9d.png
18:12:26.061 [Darkroom Processing Line] DEBUG net.serenitybdd.core.photography.DarkroomProcessingLine - Processing screenshot image in /var/screenshots/screenshot-10718602005996601774
18:12:26.061 [Darkroom Processing Line] DEBUG net.serenitybdd.core.photography.DarkroomProcessingLine - Saving screenshot to target\site\serenity\7b7bdfc1263c024e6eafd1501bba8b6f8c68e7b69a9c65a60a82e8e2b03d9f9d.png
18:12:26.063 [main] INFO  - 
  _____   ___   ___   _____     ___     _     ___   ___   ___   ___  
 |_   _| | __| / __| |_   _|   | _ \   /_\   / __| / __| | __| |   \ 
   | |   | _|  \__ \   | |     |  _/  / _ \  \__ \ \__ \ | _|  | |) |
   |_|   |___| |___/   |_|     |_|   /_/ \_\ |___/ |___/ |___| |___/ 

Transaction list
----------------------------------------------------------------------
18:12:26.064 [AsyncHttpClient-1-13] DEBUG org.asynchttpclient.netty.handler.WebSocketHandler - Channel Closed: [id: 0x0b0211f4, L:/127.0.0.1:51686 ! R:localhost/127.0.0.1:51680] with attribute NettyResponseFuture{currentRetry=5,
	isDone=1,
	isCancelled=0,
	asyncHandler=org.asynchttpclient.ws.WebSocketUpgradeHandler@125196d6,
	nettyRequest=org.asynchttpclient.netty.request.NettyRequest@57530af8,
	future=java.util.concurrent.CompletableFuture@409979[Completed normally],
	uri=ws://localhost:51680/devtools/browser/b4cdeed5-3bf5-4b4f-8815-e72ad744c2fc,
	keepAlive=true,
	redirectCount=0,
	timeoutsHolder=null,
	inAuth=0,
	touch=1667041943596}
18:12:26.064 [AsyncHttpClient-1-13] DEBUG org.asynchttpclient.netty.channel.ChannelManager - Closing Channel [id: 0x0b0211f4, L:/127.0.0.1:51686 ! R:localhost/127.0.0.1:51680] 
18:12:26.064 [Driver Command Executor] DEBUG org.asynchttpclient.netty.request.NettyRequestSender - Using pooled Channel '[id: 0xe9da8be4, L:/127.0.0.1:51679 - R:localhost/127.0.0.1:54530]' for 'DELETE' to 'http://localhost:54530/session/024938921a8027820480e872864ddb11'
18:12:26.064 [Driver Command Executor] DEBUG org.asynchttpclient.netty.request.NettyRequestSender - Using open Channel [id: 0xe9da8be4, L:/127.0.0.1:51679 - R:localhost/127.0.0.1:54530] for DELETE '/session/024938921a8027820480e872864ddb11'
18:12:26.092 [AsyncHttpClient-1-12] DEBUG org.asynchttpclient.netty.handler.HttpHandler - Unexpected I/O exception on channel [id: 0x547ef0c8, L:/127.0.0.1:51685 - R:localhost/127.0.0.1:51680]
java.net.SocketException: Connection reset
	at java.base/sun.nio.ch.SocketChannelImpl.throwConnectionReset(SocketChannelImpl.java:345)
	at java.base/sun.nio.ch.SocketChannelImpl.read(SocketChannelImpl.java:376)
	at io.netty.buffer.PooledByteBuf.setBytes(PooledByteBuf.java:258)
	at io.netty.buffer.AbstractByteBuf.writeBytes(AbstractByteBuf.java:1132)
	at io.netty.channel.socket.nio.NioSocketChannel.doReadBytes(NioSocketChannel.java:350)
	at io.netty.channel.nio.AbstractNioByteChannel$NioByteUnsafe.read(AbstractNioByteChannel.java:151)
	at io.netty.channel.nio.NioEventLoop.processSelectedKey(NioEventLoop.java:722)
	at io.netty.channel.nio.NioEventLoop.processSelectedKeysOptimized(NioEventLoop.java:658)
	at io.netty.channel.nio.NioEventLoop.processSelectedKeys(NioEventLoop.java:584)
	at io.netty.channel.nio.NioEventLoop.run(NioEventLoop.java:496)
	at io.netty.util.concurrent.SingleThreadEventExecutor$4.run(SingleThreadEventExecutor.java:986)
	at io.netty.util.internal.ThreadExecutorMap$2.run(ThreadExecutorMap.java:74)
	at io.netty.util.concurrent.FastThreadLocalRunnable.run(FastThreadLocalRunnable.java:30)
	at java.base/java.lang.Thread.run(Thread.java:830)
18:12:26.093 [AsyncHttpClient-1-12] DEBUG org.asynchttpclient.netty.channel.ChannelManager - Closing Channel [id: 0x547ef0c8, L:/127.0.0.1:51685 - R:localhost/127.0.0.1:51680] 
18:12:26.093 [AsyncHttpClient-1-12] DEBUG org.asynchttpclient.netty.handler.HttpHandler - Channel Closed: [id: 0x547ef0c8, L:/127.0.0.1:51685 ! R:localhost/127.0.0.1:51680] with attribute DISCARD
18:12:26.106 [AsyncHttpClient-1-11] DEBUG org.asynchttpclient.netty.handler.HttpHandler - 

Request DefaultFullHttpRequest(decodeResult: success, version: HTTP/1.1, content: EmptyByteBufBE)
DELETE /session/024938921a8027820480e872864ddb11 HTTP/1.1
User-Agent: selenium/4.1.2 (java windows)
Content-Type: application/json; charset=utf-8
host: localhost:54530
accept: */*

Response DefaultHttpResponse(decodeResult: success, version: HTTP/1.1)
HTTP/1.1 200 OK
Content-Type: application/json; charset=utf-8
cache-control: no-cache
content-length: 14

18:12:26.106 [AsyncHttpClient-1-11] DEBUG org.asynchttpclient.netty.channel.ChannelManager - Adding key: http://localhost:54530 for channel [id: 0xe9da8be4, L:/127.0.0.1:51679 - R:localhost/127.0.0.1:54530]
18:12:26.173 [AsyncHttpClient-1-11] DEBUG org.asynchttpclient.netty.handler.HttpHandler - Channel Closed: [id: 0xe9da8be4, L:/127.0.0.1:51679 ! R:localhost/127.0.0.1:54530] with attribute DISCARD
18:12:26.374 [AsyncHttpClient-1-1] DEBUG org.asynchttpclient.netty.channel.DefaultChannelPool - Entry count for : http://localhost:51680 : 1
18:12:26.374 [AsyncHttpClient-1-1] DEBUG org.asynchttpclient.netty.channel.DefaultChannelPool - Entry count for : http://localhost:54530 : 1
18:12:26.374 [AsyncHttpClient-1-1] DEBUG org.asynchttpclient.netty.channel.DefaultChannelPool - Adding Candidate expired Channel [id: 0x547ef0c8, L:/127.0.0.1:51685 ! R:localhost/127.0.0.1:51680] isIdleTimeoutExpired=false isRemotelyClosed=true isTtlExpired=false
18:12:26.374 [AsyncHttpClient-1-1] DEBUG org.asynchttpclient.netty.channel.DefaultChannelPool - Closing Idle Channel [id: 0x547ef0c8, L:/127.0.0.1:51685 ! R:localhost/127.0.0.1:51680]
18:12:26.374 [AsyncHttpClient-1-1] DEBUG org.asynchttpclient.netty.channel.DefaultChannelPool - Adding Candidate expired Channel [id: 0xe9da8be4, L:/127.0.0.1:51679 ! R:localhost/127.0.0.1:54530] isIdleTimeoutExpired=false isRemotelyClosed=true isTtlExpired=false
18:12:26.374 [AsyncHttpClient-1-1] DEBUG org.asynchttpclient.netty.channel.DefaultChannelPool - Closing Idle Channel [id: 0xe9da8be4, L:/127.0.0.1:51679 ! R:localhost/127.0.0.1:54530]
18:12:26.374 [AsyncHttpClient-1-1] DEBUG org.asynchttpclient.netty.channel.DefaultChannelPool - Closed 2 connections out of 2 in 0 ms
]]></system-out>
    <system-err><![CDATA[Starting ChromeDriver 105.0.5195.52 (412c95e518836d8a7d97250d62b29c2ae6a26a85-refs/branch-heads/5195@{#853}) on port 54530
Only local connections are allowed.
Please see https://chromedriver.chromium.org/security-considerations for suggestions on keeping ChromeDriver safe.
ChromeDriver was started successfully.
[1667041943.560][WARNING]: This version of ChromeDriver has not been tested with Chrome version 106.
Okt 29, 2022 6:12:23 PM org.openqa.selenium.remote.ProtocolHandshake createSession
INFO: Detected dialect: W3C
Okt 29, 2022 6:12:23 PM org.openqa.selenium.devtools.CdpVersionFinder findNearestMatch
WARNING: Unable to find an exact match for CDP version 106, so returning the closest version found: a no-op implementation
Okt 29, 2022 6:12:23 PM org.openqa.selenium.devtools.CdpVersionFinder findNearestMatch
INFO: Unable to find CDP implementation matching 106.
Okt 29, 2022 6:12:23 PM org.openqa.selenium.chromium.ChromiumDriver lambda$new$3
WARNING: Unable to find version of CDP to use for . You may need to include a dependency on a specific version of the CDP using something similar to `org.seleniumhq.selenium:selenium-devtools-v86:4.1.2` where the version ("v86") matches the version of the chromium-based browser you're using and the version number of the artifact is the same as Selenium's.
]]></system-err>
  </testcase>
  <testcase name="Transaction list without login" classname="Home" time="3.333">
    <system-out><![CDATA[
Scenario: Transaction list without login &amp#27;[90m# src/test/resources/features/Home.feature:22&amp#27;[0m
18:12:26.706 [main] INFO io.cucumber.core.plugin.SerenityReporter - Running feature from file:///C:/Users/alwi/IdeaProjects/AltaShop/src/test/resources/features/Home.feature
18:12:26.709 [main] INFO  - 
  _____   ___   ___   _____     ___   _____     _     ___   _____   ___   ___  
 |_   _| | __| / __| |_   _|   / __| |_   _|   /_\   | _ \ |_   _| | __| |   \ 
   | |   | _|  \__ \   | |     \__ \   | |    / _ \  |   /   | |   | _|  | |) |
   |_|   |___| |___/   |_|     |___/   |_|   /_/ \_\ |_|_\   |_|   |___| |___/ 

Transaction list without login(home;transaction-list-without-login)
--------------------------------------------------------------------------------
18:12:26.738 [main] INFO net.serenitybdd.core.webdriver.driverproviders.ChromeDriverProvider - Using automatically driver download
18:12:26.863 [main] DEBUG io.github.bonigarcia.wdm.cache.ResolutionCache - Resolution chrome=106 in cache (valid until 18:14:56 29/10/2022 WIB)
18:12:26.867 [main] DEBUG io.github.bonigarcia.wdm.cache.ResolutionCache - Resolution chrome106=106.0.5249.61 in cache (valid until 19:30:28 29/10/2022 WIB)
18:12:26.869 [main] INFO io.github.bonigarcia.wdm.WebDriverManager - Using chromedriver 106.0.5249.61 (resolved driver for Chrome 106)
18:12:26.888 [main] DEBUG io.github.bonigarcia.wdm.WebDriverManager - Driver chromedriver 106.0.5249.61 found in cache
18:12:26.889 [main] INFO io.github.bonigarcia.wdm.WebDriverManager - Exporting webdriver.chrome.driver as C:\Users\alwi\.cache\selenium\chromedriver\win32\106.0.5249.61\chromedriver.exe
18:12:27.034 [main] DEBUG net.serenitybdd.core.webdriver.driverproviders.ProvideNewDriver - Instantiating driver
18:12:27.034 [main] DEBUG net.serenitybdd.core.webdriver.driverproviders.ProvideNewDriver - Driver capabilities: Capabilities {acceptInsecureCerts: false, base.url: https://alta-shop.vercel.app, browserName: chrome, chrome.driver: src/test/resources/webdrive..., driver: chrome, goog:chromeOptions: {args: [], extensions: []}, wait.for.timeout: 6000}
18:12:27.582 [AsyncHttpClient-1-14] DEBUG org.asynchttpclient.netty.channel.NettyConnectListener - Using new Channel '[id: 0xbbafa538, L:/127.0.0.1:51708 - R:localhost/127.0.0.1:59976]' for 'POST' to '/session'
18:12:28.238 [AsyncHttpClient-1-14] DEBUG org.asynchttpclient.netty.handler.HttpHandler - 

Request DefaultHttpRequest(decodeResult: success, version: HTTP/1.1)
POST /session HTTP/1.1
User-Agent: selenium/4.1.2 (java windows)
Content-Length: 639
Content-Type: application/json; charset=utf-8
host: localhost:59976
accept: */*

Response DefaultHttpResponse(decodeResult: success, version: HTTP/1.1)
HTTP/1.1 200 OK
Content-Type: application/json; charset=utf-8
cache-control: no-cache
content-length: 790

18:12:28.238 [AsyncHttpClient-1-14] DEBUG org.asynchttpclient.netty.channel.ChannelManager - Adding key: http://localhost:59976 for channel [id: 0xbbafa538, L:/127.0.0.1:51708 - R:localhost/127.0.0.1:59976]
18:12:28.245 [AsyncHttpClient-1-15] DEBUG org.asynchttpclient.netty.channel.NettyConnectListener - Using new Channel '[id: 0xee3f7afb, L:/127.0.0.1:51716 - R:localhost/127.0.0.1:51709]' for 'GET' to '/json/version'
18:12:28.250 [AsyncHttpClient-1-15] DEBUG org.asynchttpclient.netty.handler.HttpHandler - 

Request DefaultFullHttpRequest(decodeResult: success, version: HTTP/1.1, content: EmptyByteBufBE)
GET /json/version HTTP/1.1
User-Agent: selenium/4.1.2 (java windows)
host: localhost:51709
accept: */*

Response DefaultHttpResponse(decodeResult: success, version: HTTP/1.1)
HTTP/1.1 200 OK
Content-Type: application/json; charset=UTF-8
content-length: 424

18:12:28.250 [AsyncHttpClient-1-15] DEBUG org.asynchttpclient.netty.channel.ChannelManager - Adding key: http://localhost:51709 for channel [id: 0xee3f7afb, L:/127.0.0.1:51716 - R:localhost/127.0.0.1:51709]
18:12:28.254 [AsyncHttpClient-1-16] DEBUG org.asynchttpclient.netty.channel.NettyConnectListener - Using new Channel '[id: 0x76abcf57, L:/127.0.0.1:51717 - R:localhost/127.0.0.1:51709]' for 'GET' to '/devtools/browser/575d1fa7-9d3c-4ede-a5ed-c83999ce322c'
18:12:28.260 [AsyncHttpClient-1-16] DEBUG org.asynchttpclient.netty.handler.WebSocketHandler - 

Request DefaultFullHttpRequest(decodeResult: success, version: HTTP/1.1, content: EmptyByteBufBE)
GET /devtools/browser/575d1fa7-9d3c-4ede-a5ed-c83999ce322c HTTP/1.1
upgrade: websocket
connection: upgrade
sec-websocket-key: giW6Ht0lLGyRaZQzzTpPBA==
sec-websocket-version: 13
origin: http://localhost:51709
host: localhost:51709
accept: */*
user-agent: AHC/2.1

Response DefaultHttpResponse(decodeResult: success, version: HTTP/1.1)
HTTP/1.1 101 WebSocket Protocol Handshake
Upgrade: WebSocket
Connection: Upgrade
Sec-WebSocket-Accept: M034kSxBj3XFBqex7n2eCSRhEc0=

18:12:28.265 [Forwarding get on session e30b5e23244ad845bebaecc7584b3929 to remote] DEBUG org.asynchttpclient.netty.request.NettyRequestSender - Using pooled Channel '[id: 0xbbafa538, L:/127.0.0.1:51708 - R:localhost/127.0.0.1:59976]' for 'POST' to 'http://localhost:59976/session/e30b5e23244ad845bebaecc7584b3929/url'
18:12:28.265 [Forwarding get on session e30b5e23244ad845bebaecc7584b3929 to remote] DEBUG org.asynchttpclient.netty.request.NettyRequestSender - Using open Channel [id: 0xbbafa538, L:/127.0.0.1:51708 - R:localhost/127.0.0.1:59976] for POST '/session/e30b5e23244ad845bebaecc7584b3929/url'
18:12:28.580 [AsyncHttpClient-1-1] DEBUG org.asynchttpclient.netty.channel.DefaultChannelPool - Entry count for : http://localhost:51709 : 1
18:12:28.848 [AsyncHttpClient-1-14] DEBUG org.asynchttpclient.netty.handler.HttpHandler - 

Request DefaultHttpRequest(decodeResult: success, version: HTTP/1.1)
POST /session/e30b5e23244ad845bebaecc7584b3929/url HTTP/1.1
User-Agent: selenium/4.1.2 (java windows)
Content-Length: 59
Content-Type: application/json; charset=utf-8
host: localhost:59976
accept: */*

Response DefaultHttpResponse(decodeResult: success, version: HTTP/1.1)
HTTP/1.1 200 OK
Content-Type: application/json; charset=utf-8
cache-control: no-cache
content-length: 14

18:12:28.848 [AsyncHttpClient-1-14] DEBUG org.asynchttpclient.netty.channel.ChannelManager - Adding key: http://localhost:59976 for channel [id: 0xbbafa538, L:/127.0.0.1:51708 - R:localhost/127.0.0.1:59976]
18:12:28.850 [Forwarding setTimeout on session e30b5e23244ad845bebaecc7584b3929 to remote] DEBUG org.asynchttpclient.netty.request.NettyRequestSender - Using pooled Channel '[id: 0xbbafa538, L:/127.0.0.1:51708 - R:localhost/127.0.0.1:59976]' for 'POST' to 'http://localhost:59976/session/e30b5e23244ad845bebaecc7584b3929/timeouts'
18:12:28.850 [Forwarding setTimeout on session e30b5e23244ad845bebaecc7584b3929 to remote] DEBUG org.asynchttpclient.netty.request.NettyRequestSender - Using open Channel [id: 0xbbafa538, L:/127.0.0.1:51708 - R:localhost/127.0.0.1:59976] for POST '/session/e30b5e23244ad845bebaecc7584b3929/timeouts'
18:12:28.851 [AsyncHttpClient-1-14] DEBUG org.asynchttpclient.netty.handler.HttpHandler - 

Request DefaultHttpRequest(decodeResult: success, version: HTTP/1.1)
POST /session/e30b5e23244ad845bebaecc7584b3929/timeouts HTTP/1.1
User-Agent: selenium/4.1.2 (java windows)
Content-Length: 22
Content-Type: application/json; charset=utf-8
host: localhost:59976
accept: */*

Response DefaultHttpResponse(decodeResult: success, version: HTTP/1.1)
HTTP/1.1 200 OK
Content-Type: application/json; charset=utf-8
cache-control: no-cache
content-length: 14

18:12:28.852 [AsyncHttpClient-1-14] DEBUG org.asynchttpclient.netty.channel.ChannelManager - Adding key: http://localhost:59976 for channel [id: 0xbbafa538, L:/127.0.0.1:51708 - R:localhost/127.0.0.1:59976]
18:12:28.854 [Forwarding getCurrentUrl on session e30b5e23244ad845bebaecc7584b3929 to remote] DEBUG org.asynchttpclient.netty.request.NettyRequestSender - Using pooled Channel '[id: 0xbbafa538, L:/127.0.0.1:51708 - R:localhost/127.0.0.1:59976]' for 'GET' to 'http://localhost:59976/session/e30b5e23244ad845bebaecc7584b3929/url'
18:12:28.854 [Forwarding getCurrentUrl on session e30b5e23244ad845bebaecc7584b3929 to remote] DEBUG org.asynchttpclient.netty.request.NettyRequestSender - Using open Channel [id: 0xbbafa538, L:/127.0.0.1:51708 - R:localhost/127.0.0.1:59976] for GET '/session/e30b5e23244ad845bebaecc7584b3929/url'
18:12:28.865 [AsyncHttpClient-1-14] DEBUG org.asynchttpclient.netty.handler.HttpHandler - 

Request DefaultFullHttpRequest(decodeResult: success, version: HTTP/1.1, content: EmptyByteBufBE)
GET /session/e30b5e23244ad845bebaecc7584b3929/url HTTP/1.1
User-Agent: selenium/4.1.2 (java windows)
Cache-Control: no-cache
Content-Type: application/json; charset=utf-8
host: localhost:59976
accept: */*

Response DefaultHttpResponse(decodeResult: success, version: HTTP/1.1)
HTTP/1.1 200 OK
Content-Type: application/json; charset=utf-8
cache-control: no-cache
content-length: 41

18:12:28.865 [AsyncHttpClient-1-14] DEBUG org.asynchttpclient.netty.channel.ChannelManager - Adding key: http://localhost:59976 for channel [id: 0xbbafa538, L:/127.0.0.1:51708 - R:localhost/127.0.0.1:59976]
  &amp#27;[32mGiven &amp#27;[0m&amp#27;[32mI am on the home page&amp#27;[0m            &amp#27;[90m# starter.stepdefinitions.HomeStep.iAmOnTheHomePage()&amp#27;[0m
18:12:28.876 [Forwarding screenshot on session e30b5e23244ad845bebaecc7584b3929 to remote] DEBUG org.asynchttpclient.netty.request.NettyRequestSender - Using pooled Channel '[id: 0xbbafa538, L:/127.0.0.1:51708 - R:localhost/127.0.0.1:59976]' for 'GET' to 'http://localhost:59976/session/e30b5e23244ad845bebaecc7584b3929/screenshot'
18:12:28.876 [Forwarding screenshot on session e30b5e23244ad845bebaecc7584b3929 to remote] DEBUG org.asynchttpclient.netty.request.NettyRequestSender - Using open Channel [id: 0xbbafa538, L:/127.0.0.1:51708 - R:localhost/127.0.0.1:59976] for GET '/session/e30b5e23244ad845bebaecc7584b3929/screenshot'
18:12:28.997 [AsyncHttpClient-1-14] DEBUG org.asynchttpclient.netty.handler.HttpHandler - 

Request DefaultFullHttpRequest(decodeResult: success, version: HTTP/1.1, content: EmptyByteBufBE)
GET /session/e30b5e23244ad845bebaecc7584b3929/screenshot HTTP/1.1
User-Agent: selenium/4.1.2 (java windows)
Cache-Control: no-cache
Content-Type: application/json; charset=utf-8
host: localhost:59976
accept: */*

Response DefaultHttpResponse(decodeResult: success, version: HTTP/1.1)
HTTP/1.1 200 OK
Content-Type: application/json; charset=utf-8
cache-control: no-cache
content-length: 26820

18:12:28.997 [AsyncHttpClient-1-14] DEBUG org.asynchttpclient.netty.channel.ChannelManager - Adding key: http://localhost:59976 for channel [id: 0xbbafa538, L:/127.0.0.1:51708 - R:localhost/127.0.0.1:59976]
18:12:28.999 [main] DEBUG net.serenitybdd.core.photography.Darkroom - Send negative for processing for target\site\serenity\390d78bb12ce239ccd270400aeed635f358f90f75e7763040b627e3229516f56.png
18:12:29.000 [Darkroom Processing Line] DEBUG net.serenitybdd.core.photography.DarkroomProcessingLine - Processing screenshot image in /var/screenshots/screenshot-2471209314883071586
18:12:29.000 [Darkroom Processing Line] DEBUG net.serenitybdd.core.photography.DarkroomProcessingLine - Saving screenshot to target\site\serenity\390d78bb12ce239ccd270400aeed635f358f90f75e7763040b627e3229516f56.png
18:12:29.005 [Forwarding get on session e30b5e23244ad845bebaecc7584b3929 to remote] DEBUG org.asynchttpclient.netty.request.NettyRequestSender - Using pooled Channel '[id: 0xbbafa538, L:/127.0.0.1:51708 - R:localhost/127.0.0.1:59976]' for 'POST' to 'http://localhost:59976/session/e30b5e23244ad845bebaecc7584b3929/url'
18:12:29.005 [Forwarding get on session e30b5e23244ad845bebaecc7584b3929 to remote] DEBUG org.asynchttpclient.netty.request.NettyRequestSender - Using open Channel [id: 0xbbafa538, L:/127.0.0.1:51708 - R:localhost/127.0.0.1:59976] for POST '/session/e30b5e23244ad845bebaecc7584b3929/url'
18:12:29.284 [AsyncHttpClient-1-14] DEBUG org.asynchttpclient.netty.handler.HttpHandler - 

Request DefaultHttpRequest(decodeResult: success, version: HTTP/1.1)
POST /session/e30b5e23244ad845bebaecc7584b3929/url HTTP/1.1
User-Agent: selenium/4.1.2 (java windows)
Content-Length: 70
Content-Type: application/json; charset=utf-8
host: localhost:59976
accept: */*

Response DefaultHttpResponse(decodeResult: success, version: HTTP/1.1)
HTTP/1.1 200 OK
Content-Type: application/json; charset=utf-8
cache-control: no-cache
content-length: 14

18:12:29.284 [AsyncHttpClient-1-14] DEBUG org.asynchttpclient.netty.channel.ChannelManager - Adding key: http://localhost:59976 for channel [id: 0xbbafa538, L:/127.0.0.1:51708 - R:localhost/127.0.0.1:59976]
18:12:29.287 [Forwarding getCurrentUrl on session e30b5e23244ad845bebaecc7584b3929 to remote] DEBUG org.asynchttpclient.netty.request.NettyRequestSender - Using pooled Channel '[id: 0xbbafa538, L:/127.0.0.1:51708 - R:localhost/127.0.0.1:59976]' for 'GET' to 'http://localhost:59976/session/e30b5e23244ad845bebaecc7584b3929/url'
18:12:29.287 [Forwarding getCurrentUrl on session e30b5e23244ad845bebaecc7584b3929 to remote] DEBUG org.asynchttpclient.netty.request.NettyRequestSender - Using open Channel [id: 0xbbafa538, L:/127.0.0.1:51708 - R:localhost/127.0.0.1:59976] for GET '/session/e30b5e23244ad845bebaecc7584b3929/url'
18:12:29.290 [AsyncHttpClient-1-14] DEBUG org.asynchttpclient.netty.handler.HttpHandler - 

Request DefaultFullHttpRequest(decodeResult: success, version: HTTP/1.1, content: EmptyByteBufBE)
GET /session/e30b5e23244ad845bebaecc7584b3929/url HTTP/1.1
User-Agent: selenium/4.1.2 (java windows)
Cache-Control: no-cache
Content-Type: application/json; charset=utf-8
host: localhost:59976
accept: */*

Response DefaultHttpResponse(decodeResult: success, version: HTTP/1.1)
HTTP/1.1 200 OK
Content-Type: application/json; charset=utf-8
cache-control: no-cache
content-length: 52

18:12:29.291 [AsyncHttpClient-1-14] DEBUG org.asynchttpclient.netty.channel.ChannelManager - Adding key: http://localhost:59976 for channel [id: 0xbbafa538, L:/127.0.0.1:51708 - R:localhost/127.0.0.1:59976]
  &amp#27;[32mThen &amp#27;[0m&amp#27;[32mI am on the transaction page&amp#27;[0m      &amp#27;[90m# starter.stepdefinitions.HomeStep.iAmOnTheTransactionPage()&amp#27;[0m
18:12:29.296 [Forwarding screenshot on session e30b5e23244ad845bebaecc7584b3929 to remote] DEBUG org.asynchttpclient.netty.request.NettyRequestSender - Using pooled Channel '[id: 0xbbafa538, L:/127.0.0.1:51708 - R:localhost/127.0.0.1:59976]' for 'GET' to 'http://localhost:59976/session/e30b5e23244ad845bebaecc7584b3929/screenshot'
18:12:29.296 [Forwarding screenshot on session e30b5e23244ad845bebaecc7584b3929 to remote] DEBUG org.asynchttpclient.netty.request.NettyRequestSender - Using open Channel [id: 0xbbafa538, L:/127.0.0.1:51708 - R:localhost/127.0.0.1:59976] for GET '/session/e30b5e23244ad845bebaecc7584b3929/screenshot'
18:12:29.397 [AsyncHttpClient-1-14] DEBUG org.asynchttpclient.netty.handler.HttpHandler - 

Request DefaultFullHttpRequest(decodeResult: success, version: HTTP/1.1, content: EmptyByteBufBE)
GET /session/e30b5e23244ad845bebaecc7584b3929/screenshot HTTP/1.1
User-Agent: selenium/4.1.2 (java windows)
Cache-Control: no-cache
Content-Type: application/json; charset=utf-8
host: localhost:59976
accept: */*

Response DefaultHttpResponse(decodeResult: success, version: HTTP/1.1)
HTTP/1.1 200 OK
Content-Type: application/json; charset=utf-8
cache-control: no-cache
content-length: 29728

18:12:29.397 [AsyncHttpClient-1-14] DEBUG org.asynchttpclient.netty.channel.ChannelManager - Adding key: http://localhost:59976 for channel [id: 0xbbafa538, L:/127.0.0.1:51708 - R:localhost/127.0.0.1:59976]
18:12:29.399 [main] DEBUG net.serenitybdd.core.photography.Darkroom - Send negative for processing for target\site\serenity\7b7bdfc1263c024e6eafd1501bba8b6f8c68e7b69a9c65a60a82e8e2b03d9f9d.png
18:12:29.401 [main] INFO  - 
  _____   ___   ___   _____     ___     _     ___   ___   ___   ___  
 |_   _| | __| / __| |_   _|   | _ \   /_\   / __| / __| | __| |   \ 
   | |   | _|  \__ \   | |     |  _/  / _ \  \__ \ \__ \ | _|  | |) |
   |_|   |___| |___/   |_|     |_|   /_/ \_\ |___/ |___/ |___| |___/ 

Transaction list without login
----------------------------------------------------------------------
18:12:29.402 [AsyncHttpClient-1-16] DEBUG org.asynchttpclient.netty.handler.WebSocketHandler - Channel Closed: [id: 0x76abcf57, L:/127.0.0.1:51717 ! R:localhost/127.0.0.1:51709] with attribute NettyResponseFuture{currentRetry=5,
	isDone=1,
	isCancelled=0,
	asyncHandler=org.asynchttpclient.ws.WebSocketUpgradeHandler@3d98a1bd,
	nettyRequest=org.asynchttpclient.netty.request.NettyRequest@789a386a,
	future=java.util.concurrent.CompletableFuture@499db316[Completed normally],
	uri=ws://localhost:51709/devtools/browser/575d1fa7-9d3c-4ede-a5ed-c83999ce322c,
	keepAlive=true,
	redirectCount=0,
	timeoutsHolder=null,
	inAuth=0,
	touch=1667041948260}
18:12:29.402 [AsyncHttpClient-1-16] DEBUG org.asynchttpclient.netty.channel.ChannelManager - Closing Channel [id: 0x76abcf57, L:/127.0.0.1:51717 ! R:localhost/127.0.0.1:51709] 
18:12:29.402 [Driver Command Executor] DEBUG org.asynchttpclient.netty.request.NettyRequestSender - Using pooled Channel '[id: 0xbbafa538, L:/127.0.0.1:51708 - R:localhost/127.0.0.1:59976]' for 'DELETE' to 'http://localhost:59976/session/e30b5e23244ad845bebaecc7584b3929'
18:12:29.402 [Driver Command Executor] DEBUG org.asynchttpclient.netty.request.NettyRequestSender - Using open Channel [id: 0xbbafa538, L:/127.0.0.1:51708 - R:localhost/127.0.0.1:59976] for DELETE '/session/e30b5e23244ad845bebaecc7584b3929'
18:12:29.420 [AsyncHttpClient-1-15] DEBUG org.asynchttpclient.netty.handler.HttpHandler - Unexpected I/O exception on channel [id: 0xee3f7afb, L:/127.0.0.1:51716 - R:localhost/127.0.0.1:51709]
java.net.SocketException: Connection reset
	at java.base/sun.nio.ch.SocketChannelImpl.throwConnectionReset(SocketChannelImpl.java:345)
	at java.base/sun.nio.ch.SocketChannelImpl.read(SocketChannelImpl.java:376)
	at io.netty.buffer.PooledByteBuf.setBytes(PooledByteBuf.java:258)
	at io.netty.buffer.AbstractByteBuf.writeBytes(AbstractByteBuf.java:1132)
	at io.netty.channel.socket.nio.NioSocketChannel.doReadBytes(NioSocketChannel.java:350)
	at io.netty.channel.nio.AbstractNioByteChannel$NioByteUnsafe.read(AbstractNioByteChannel.java:151)
	at io.netty.channel.nio.NioEventLoop.processSelectedKey(NioEventLoop.java:722)
	at io.netty.channel.nio.NioEventLoop.processSelectedKeysOptimized(NioEventLoop.java:658)
	at io.netty.channel.nio.NioEventLoop.processSelectedKeys(NioEventLoop.java:584)
	at io.netty.channel.nio.NioEventLoop.run(NioEventLoop.java:496)
	at io.netty.util.concurrent.SingleThreadEventExecutor$4.run(SingleThreadEventExecutor.java:986)
	at io.netty.util.internal.ThreadExecutorMap$2.run(ThreadExecutorMap.java:74)
	at io.netty.util.concurrent.FastThreadLocalRunnable.run(FastThreadLocalRunnable.java:30)
	at java.base/java.lang.Thread.run(Thread.java:830)
18:12:29.420 [AsyncHttpClient-1-15] DEBUG org.asynchttpclient.netty.channel.ChannelManager - Closing Channel [id: 0xee3f7afb, L:/127.0.0.1:51716 - R:localhost/127.0.0.1:51709] 
18:12:29.420 [AsyncHttpClient-1-15] DEBUG org.asynchttpclient.netty.handler.HttpHandler - Channel Closed: [id: 0xee3f7afb, L:/127.0.0.1:51716 ! R:localhost/127.0.0.1:51709] with attribute DISCARD
18:12:29.434 [AsyncHttpClient-1-14] DEBUG org.asynchttpclient.netty.handler.HttpHandler - 

Request DefaultFullHttpRequest(decodeResult: success, version: HTTP/1.1, content: EmptyByteBufBE)
DELETE /session/e30b5e23244ad845bebaecc7584b3929 HTTP/1.1
User-Agent: selenium/4.1.2 (java windows)
Content-Type: application/json; charset=utf-8
host: localhost:59976
accept: */*

Response DefaultHttpResponse(decodeResult: success, version: HTTP/1.1)
HTTP/1.1 200 OK
Content-Type: application/json; charset=utf-8
cache-control: no-cache
content-length: 14

18:12:29.434 [AsyncHttpClient-1-14] DEBUG org.asynchttpclient.netty.channel.ChannelManager - Adding key: http://localhost:59976 for channel [id: 0xbbafa538, L:/127.0.0.1:51708 - R:localhost/127.0.0.1:59976]
18:12:29.502 [AsyncHttpClient-1-14] DEBUG org.asynchttpclient.netty.handler.HttpHandler - Channel Closed: [id: 0xbbafa538, L:/127.0.0.1:51708 ! R:localhost/127.0.0.1:59976] with attribute DISCARD
18:12:29.675 [AsyncHttpClient-1-1] DEBUG org.asynchttpclient.netty.channel.DefaultChannelPool - Entry count for : http://localhost:51709 : 1
18:12:29.675 [AsyncHttpClient-1-1] DEBUG org.asynchttpclient.netty.channel.DefaultChannelPool - Entry count for : http://localhost:59976 : 1
18:12:29.675 [AsyncHttpClient-1-1] DEBUG org.asynchttpclient.netty.channel.DefaultChannelPool - Adding Candidate expired Channel [id: 0xee3f7afb, L:/127.0.0.1:51716 ! R:localhost/127.0.0.1:51709] isIdleTimeoutExpired=false isRemotelyClosed=true isTtlExpired=false
18:12:29.675 [AsyncHttpClient-1-1] DEBUG org.asynchttpclient.netty.channel.DefaultChannelPool - Closing Idle Channel [id: 0xee3f7afb, L:/127.0.0.1:51716 ! R:localhost/127.0.0.1:51709]
18:12:29.675 [AsyncHttpClient-1-1] DEBUG org.asynchttpclient.netty.channel.DefaultChannelPool - Adding Candidate expired Channel [id: 0xbbafa538, L:/127.0.0.1:51708 ! R:localhost/127.0.0.1:59976] isIdleTimeoutExpired=false isRemotelyClosed=true isTtlExpired=false
18:12:29.675 [AsyncHttpClient-1-1] DEBUG org.asynchttpclient.netty.channel.DefaultChannelPool - Closing Idle Channel [id: 0xbbafa538, L:/127.0.0.1:51708 ! R:localhost/127.0.0.1:59976]
18:12:29.675 [AsyncHttpClient-1-1] DEBUG org.asynchttpclient.netty.channel.DefaultChannelPool - Closed 2 connections out of 2 in 0 ms
]]></system-out>
    <system-err><![CDATA[Starting ChromeDriver 105.0.5195.52 (412c95e518836d8a7d97250d62b29c2ae6a26a85-refs/branch-heads/5195@{#853}) on port 59976
Only local connections are allowed.
Please see https://chromedriver.chromium.org/security-considerations for suggestions on keeping ChromeDriver safe.
ChromeDriver was started successfully.
[1667041948.223][WARNING]: This version of ChromeDriver has not been tested with Chrome version 106.
Okt 29, 2022 6:12:28 PM org.openqa.selenium.remote.ProtocolHandshake createSession
INFO: Detected dialect: W3C
Okt 29, 2022 6:12:28 PM org.openqa.selenium.devtools.CdpVersionFinder findNearestMatch
WARNING: Unable to find an exact match for CDP version 106, so returning the closest version found: a no-op implementation
Okt 29, 2022 6:12:28 PM org.openqa.selenium.devtools.CdpVersionFinder findNearestMatch
INFO: Unable to find CDP implementation matching 106.
Okt 29, 2022 6:12:28 PM org.openqa.selenium.chromium.ChromiumDriver lambda$new$3
WARNING: Unable to find version of CDP to use for . You may need to include a dependency on a specific version of the CDP using something similar to `org.seleniumhq.selenium:selenium-devtools-v86:4.1.2` where the version ("v86") matches the version of the chromium-based browser you're using and the version number of the artifact is the same as Selenium's.
]]></system-err>
  </testcase>
  <testcase name="Login with email and password #1" classname="Login" time="3.829">
    <system-out><![CDATA[18:12:30.022 [main] INFO io.cucumber.core.plugin.SerenityReporter - Running feature from file:///C:/Users/alwi/IdeaProjects/AltaShop/src/test/resources/features/Login.feature
18:12:30.025 [main] DEBUG net.thucydides.core.steps.StepEventBus - Test suite started for story net.thucydides.core.model.Story@23282f08
18:12:30.025 [main] INFO  - Test Suite Started: Login

Scenario Outline: Login with email and password &amp#27;[90m# src/test/resources/features/Login.feature:15&amp#27;[0m
18:12:30.037 [main] INFO io.cucumber.core.plugin.SerenityReporter - Running feature from file:///C:/Users/alwi/IdeaProjects/AltaShop/src/test/resources/features/Login.feature
18:12:30.059 [main] INFO  - 
  _____   ___   ___   _____     ___   _____     _     ___   _____   ___   ___  
 |_   _| | __| / __| |_   _|   / __| |_   _|   /_\   | _ \ |_   _| | __| |   \ 
   | |   | _|  \__ \   | |     \__ \   | |    / _ \  |   /   | |   | _|  | |) |
   |_|   |___| |___/   |_|     |___/   |_|   /_/ \_\ |_|_\   |_|   |___| |___/ 

Login with email and password(login;login-with-email-and-password)
--------------------------------------------------------------------------------
18:12:30.080 [main] INFO net.serenitybdd.core.webdriver.driverproviders.ChromeDriverProvider - Using automatically driver download
18:12:30.215 [main] DEBUG io.github.bonigarcia.wdm.cache.ResolutionCache - Resolution chrome=106 in cache (valid until 18:14:56 29/10/2022 WIB)
18:12:30.221 [main] DEBUG io.github.bonigarcia.wdm.cache.ResolutionCache - Resolution chrome106=106.0.5249.61 in cache (valid until 19:30:28 29/10/2022 WIB)
18:12:30.223 [main] INFO io.github.bonigarcia.wdm.WebDriverManager - Using chromedriver 106.0.5249.61 (resolved driver for Chrome 106)
18:12:30.247 [main] DEBUG io.github.bonigarcia.wdm.WebDriverManager - Driver chromedriver 106.0.5249.61 found in cache
18:12:30.248 [main] INFO io.github.bonigarcia.wdm.WebDriverManager - Exporting webdriver.chrome.driver as C:\Users\alwi\.cache\selenium\chromedriver\win32\106.0.5249.61\chromedriver.exe
18:12:30.397 [main] DEBUG net.serenitybdd.core.webdriver.driverproviders.ProvideNewDriver - Instantiating driver
18:12:30.397 [main] DEBUG net.serenitybdd.core.webdriver.driverproviders.ProvideNewDriver - Driver capabilities: Capabilities {acceptInsecureCerts: false, base.url: https://alta-shop.vercel.app, browserName: chrome, chrome.driver: src/test/resources/webdrive..., driver: chrome, goog:chromeOptions: {args: [], extensions: []}, wait.for.timeout: 6000}
18:12:30.944 [AsyncHttpClient-1-17] DEBUG org.asynchttpclient.netty.channel.NettyConnectListener - Using new Channel '[id: 0x250e5f61, L:/127.0.0.1:51736 - R:localhost/127.0.0.1:60522]' for 'POST' to '/session'
18:12:31.708 [AsyncHttpClient-1-17] DEBUG org.asynchttpclient.netty.handler.HttpHandler - 

Request DefaultHttpRequest(decodeResult: success, version: HTTP/1.1)
POST /session HTTP/1.1
User-Agent: selenium/4.1.2 (java windows)
Content-Length: 639
Content-Type: application/json; charset=utf-8
host: localhost:60522
accept: */*

Response DefaultHttpResponse(decodeResult: success, version: HTTP/1.1)
HTTP/1.1 200 OK
Content-Type: application/json; charset=utf-8
cache-control: no-cache
content-length: 788

18:12:31.708 [AsyncHttpClient-1-17] DEBUG org.asynchttpclient.netty.channel.ChannelManager - Adding key: http://localhost:60522 for channel [id: 0x250e5f61, L:/127.0.0.1:51736 - R:localhost/127.0.0.1:60522]
18:12:31.714 [AsyncHttpClient-1-2] DEBUG org.asynchttpclient.netty.channel.NettyConnectListener - Using new Channel '[id: 0xa9b1dfca, L:/127.0.0.1:51744 - R:localhost/127.0.0.1:51737]' for 'GET' to '/json/version'
18:12:31.714 [AsyncHttpClient-1-2] DEBUG org.asynchttpclient.netty.handler.HttpHandler - 

Request DefaultFullHttpRequest(decodeResult: success, version: HTTP/1.1, content: EmptyByteBufBE)
GET /json/version HTTP/1.1
User-Agent: selenium/4.1.2 (java windows)
host: localhost:51737
accept: */*

Response DefaultHttpResponse(decodeResult: success, version: HTTP/1.1)
HTTP/1.1 200 OK
Content-Type: application/json; charset=UTF-8
content-length: 424

18:12:31.714 [AsyncHttpClient-1-2] DEBUG org.asynchttpclient.netty.channel.ChannelManager - Adding key: http://localhost:51737 for channel [id: 0xa9b1dfca, L:/127.0.0.1:51744 - R:localhost/127.0.0.1:51737]
18:12:31.716 [AsyncHttpClient-1-3] DEBUG org.asynchttpclient.netty.channel.NettyConnectListener - Using new Channel '[id: 0xa2b7b9d4, L:/127.0.0.1:51745 - R:localhost/127.0.0.1:51737]' for 'GET' to '/devtools/browser/8b71cdf6-cda0-46a3-9e12-76211a636343'
18:12:31.717 [AsyncHttpClient-1-3] DEBUG org.asynchttpclient.netty.handler.WebSocketHandler - 

Request DefaultFullHttpRequest(decodeResult: success, version: HTTP/1.1, content: EmptyByteBufBE)
GET /devtools/browser/8b71cdf6-cda0-46a3-9e12-76211a636343 HTTP/1.1
upgrade: websocket
connection: upgrade
sec-websocket-key: D11sOxMWa7vIkKQwdADKNw==
sec-websocket-version: 13
origin: http://localhost:51737
host: localhost:51737
accept: */*
user-agent: AHC/2.1

Response DefaultHttpResponse(decodeResult: success, version: HTTP/1.1)
HTTP/1.1 101 WebSocket Protocol Handshake
Upgrade: WebSocket
Connection: Upgrade
Sec-WebSocket-Accept: 4kXs5rj4QhnpdEOZOtlvJKxd5AA=

18:12:31.721 [Forwarding get on session 90ee9d5ce1ed98034a3004ed0c704902 to remote] DEBUG org.asynchttpclient.netty.request.NettyRequestSender - Using pooled Channel '[id: 0x250e5f61, L:/127.0.0.1:51736 - R:localhost/127.0.0.1:60522]' for 'POST' to 'http://localhost:60522/session/90ee9d5ce1ed98034a3004ed0c704902/url'
18:12:31.721 [Forwarding get on session 90ee9d5ce1ed98034a3004ed0c704902 to remote] DEBUG org.asynchttpclient.netty.request.NettyRequestSender - Using open Channel [id: 0x250e5f61, L:/127.0.0.1:51736 - R:localhost/127.0.0.1:60522] for POST '/session/90ee9d5ce1ed98034a3004ed0c704902/url'
18:12:31.877 [AsyncHttpClient-1-1] DEBUG org.asynchttpclient.netty.channel.DefaultChannelPool - Entry count for : http://localhost:51737 : 1
18:12:32.275 [AsyncHttpClient-1-17] DEBUG org.asynchttpclient.netty.handler.HttpHandler - 

Request DefaultHttpRequest(decodeResult: success, version: HTTP/1.1)
POST /session/90ee9d5ce1ed98034a3004ed0c704902/url HTTP/1.1
User-Agent: selenium/4.1.2 (java windows)
Content-Length: 74
Content-Type: application/json; charset=utf-8
host: localhost:60522
accept: */*

Response DefaultHttpResponse(decodeResult: success, version: HTTP/1.1)
HTTP/1.1 200 OK
Content-Type: application/json; charset=utf-8
cache-control: no-cache
content-length: 14

18:12:32.275 [AsyncHttpClient-1-17] DEBUG org.asynchttpclient.netty.channel.ChannelManager - Adding key: http://localhost:60522 for channel [id: 0x250e5f61, L:/127.0.0.1:51736 - R:localhost/127.0.0.1:60522]
18:12:32.277 [Forwarding setTimeout on session 90ee9d5ce1ed98034a3004ed0c704902 to remote] DEBUG org.asynchttpclient.netty.request.NettyRequestSender - Using pooled Channel '[id: 0x250e5f61, L:/127.0.0.1:51736 - R:localhost/127.0.0.1:60522]' for 'POST' to 'http://localhost:60522/session/90ee9d5ce1ed98034a3004ed0c704902/timeouts'
18:12:32.277 [Forwarding setTimeout on session 90ee9d5ce1ed98034a3004ed0c704902 to remote] DEBUG org.asynchttpclient.netty.request.NettyRequestSender - Using open Channel [id: 0x250e5f61, L:/127.0.0.1:51736 - R:localhost/127.0.0.1:60522] for POST '/session/90ee9d5ce1ed98034a3004ed0c704902/timeouts'
18:12:32.278 [AsyncHttpClient-1-17] DEBUG org.asynchttpclient.netty.handler.HttpHandler - 

Request DefaultHttpRequest(decodeResult: success, version: HTTP/1.1)
POST /session/90ee9d5ce1ed98034a3004ed0c704902/timeouts HTTP/1.1
User-Agent: selenium/4.1.2 (java windows)
Content-Length: 22
Content-Type: application/json; charset=utf-8
host: localhost:60522
accept: */*

Response DefaultHttpResponse(decodeResult: success, version: HTTP/1.1)
HTTP/1.1 200 OK
Content-Type: application/json; charset=utf-8
cache-control: no-cache
content-length: 14

18:12:32.279 [AsyncHttpClient-1-17] DEBUG org.asynchttpclient.netty.channel.ChannelManager - Adding key: http://localhost:60522 for channel [id: 0x250e5f61, L:/127.0.0.1:51736 - R:localhost/127.0.0.1:60522]
18:12:32.281 [Forwarding getCurrentUrl on session 90ee9d5ce1ed98034a3004ed0c704902 to remote] DEBUG org.asynchttpclient.netty.request.NettyRequestSender - Using pooled Channel '[id: 0x250e5f61, L:/127.0.0.1:51736 - R:localhost/127.0.0.1:60522]' for 'GET' to 'http://localhost:60522/session/90ee9d5ce1ed98034a3004ed0c704902/url'
18:12:32.282 [Forwarding getCurrentUrl on session 90ee9d5ce1ed98034a3004ed0c704902 to remote] DEBUG org.asynchttpclient.netty.request.NettyRequestSender - Using open Channel [id: 0x250e5f61, L:/127.0.0.1:51736 - R:localhost/127.0.0.1:60522] for GET '/session/90ee9d5ce1ed98034a3004ed0c704902/url'
18:12:32.286 [AsyncHttpClient-1-17] DEBUG org.asynchttpclient.netty.handler.HttpHandler - 

Request DefaultFullHttpRequest(decodeResult: success, version: HTTP/1.1, content: EmptyByteBufBE)
GET /session/90ee9d5ce1ed98034a3004ed0c704902/url HTTP/1.1
User-Agent: selenium/4.1.2 (java windows)
Cache-Control: no-cache
Content-Type: application/json; charset=utf-8
host: localhost:60522
accept: */*

Response DefaultHttpResponse(decodeResult: success, version: HTTP/1.1)
HTTP/1.1 200 OK
Content-Type: application/json; charset=utf-8
cache-control: no-cache
content-length: 51

18:12:32.286 [AsyncHttpClient-1-17] DEBUG org.asynchttpclient.netty.channel.ChannelManager - Adding key: http://localhost:60522 for channel [id: 0x250e5f61, L:/127.0.0.1:51736 - R:localhost/127.0.0.1:60522]
  &amp#27;[32mGiven &amp#27;[0m&amp#27;[32mI am on the login page&amp#27;[0m                  &amp#27;[90m# starter.stepdefinitions.LoginStep.iAmOnTheLoginPage()&amp#27;[0m
18:12:32.291 [main] DEBUG net.serenitybdd.core.photography.Darkroom - Opening darkroom
18:12:32.292 [Darkroom Processing Line] DEBUG net.serenitybdd.core.photography.DarkroomProcessingLine - Darkroom processing line starting up
18:12:32.292 [Forwarding screenshot on session 90ee9d5ce1ed98034a3004ed0c704902 to remote] DEBUG org.asynchttpclient.netty.request.NettyRequestSender - Using pooled Channel '[id: 0x250e5f61, L:/127.0.0.1:51736 - R:localhost/127.0.0.1:60522]' for 'GET' to 'http://localhost:60522/session/90ee9d5ce1ed98034a3004ed0c704902/screenshot'
18:12:32.292 [Forwarding screenshot on session 90ee9d5ce1ed98034a3004ed0c704902 to remote] DEBUG org.asynchttpclient.netty.request.NettyRequestSender - Using open Channel [id: 0x250e5f61, L:/127.0.0.1:51736 - R:localhost/127.0.0.1:60522] for GET '/session/90ee9d5ce1ed98034a3004ed0c704902/screenshot'
18:12:32.372 [AsyncHttpClient-1-17] DEBUG org.asynchttpclient.netty.handler.HttpHandler - 

Request DefaultFullHttpRequest(decodeResult: success, version: HTTP/1.1, content: EmptyByteBufBE)
GET /session/90ee9d5ce1ed98034a3004ed0c704902/screenshot HTTP/1.1
User-Agent: selenium/4.1.2 (java windows)
Cache-Control: no-cache
Content-Type: application/json; charset=utf-8
host: localhost:60522
accept: */*

Response DefaultHttpResponse(decodeResult: success, version: HTTP/1.1)
HTTP/1.1 200 OK
Content-Type: application/json; charset=utf-8
cache-control: no-cache
content-length: 24528

18:12:32.373 [AsyncHttpClient-1-17] DEBUG org.asynchttpclient.netty.channel.ChannelManager - Adding key: http://localhost:60522 for channel [id: 0x250e5f61, L:/127.0.0.1:51736 - R:localhost/127.0.0.1:60522]
18:12:32.374 [main] DEBUG net.serenitybdd.core.photography.Darkroom - Send negative for processing for target\site\serenity\4a081d05db2e6be9b3256b332b844d9c53d5aa88207142e6b6c18ed6759b787c.png
18:12:32.382 [Forwarding findElement on session 90ee9d5ce1ed98034a3004ed0c704902 to remote] DEBUG org.asynchttpclient.netty.request.NettyRequestSender - Using pooled Channel '[id: 0x250e5f61, L:/127.0.0.1:51736 - R:localhost/127.0.0.1:60522]' for 'POST' to 'http://localhost:60522/session/90ee9d5ce1ed98034a3004ed0c704902/element'
18:12:32.382 [Forwarding findElement on session 90ee9d5ce1ed98034a3004ed0c704902 to remote] DEBUG org.asynchttpclient.netty.request.NettyRequestSender - Using open Channel [id: 0x250e5f61, L:/127.0.0.1:51736 - R:localhost/127.0.0.1:60522] for POST '/session/90ee9d5ce1ed98034a3004ed0c704902/element'
18:12:32.393 [AsyncHttpClient-1-17] DEBUG org.asynchttpclient.netty.handler.HttpHandler - 

Request DefaultHttpRequest(decodeResult: success, version: HTTP/1.1)
POST /session/90ee9d5ce1ed98034a3004ed0c704902/element HTTP/1.1
User-Agent: selenium/4.1.2 (java windows)
Content-Length: 55
Content-Type: application/json; charset=utf-8
host: localhost:60522
accept: */*

Response DefaultHttpResponse(decodeResult: success, version: HTTP/1.1)
HTTP/1.1 200 OK
Content-Type: application/json; charset=utf-8
cache-control: no-cache
content-length: 88

18:12:32.393 [AsyncHttpClient-1-17] DEBUG org.asynchttpclient.netty.channel.ChannelManager - Adding key: http://localhost:60522 for channel [id: 0x250e5f61, L:/127.0.0.1:51736 - R:localhost/127.0.0.1:60522]
18:12:32.394 [Forwarding clearElement on session 90ee9d5ce1ed98034a3004ed0c704902 to remote] DEBUG org.asynchttpclient.netty.request.NettyRequestSender - Using pooled Channel '[id: 0x250e5f61, L:/127.0.0.1:51736 - R:localhost/127.0.0.1:60522]' for 'POST' to 'http://localhost:60522/session/90ee9d5ce1ed98034a3004ed0c704902/element/a5e4a5b8-c52d-42b4-ab5d-c57d7715e865/clear'
18:12:32.395 [Forwarding clearElement on session 90ee9d5ce1ed98034a3004ed0c704902 to remote] DEBUG org.asynchttpclient.netty.request.NettyRequestSender - Using open Channel [id: 0x250e5f61, L:/127.0.0.1:51736 - R:localhost/127.0.0.1:60522] for POST '/session/90ee9d5ce1ed98034a3004ed0c704902/element/a5e4a5b8-c52d-42b4-ab5d-c57d7715e865/clear'
18:12:32.422 [AsyncHttpClient-1-17] DEBUG org.asynchttpclient.netty.handler.HttpHandler - 

Request DefaultHttpRequest(decodeResult: success, version: HTTP/1.1)
POST /session/90ee9d5ce1ed98034a3004ed0c704902/element/a5e4a5b8-c52d-42b4-ab5d-c57d7715e865/clear HTTP/1.1
User-Agent: selenium/4.1.2 (java windows)
Content-Length: 50
Content-Type: application/json; charset=utf-8
host: localhost:60522
accept: */*

Response DefaultHttpResponse(decodeResult: success, version: HTTP/1.1)
HTTP/1.1 200 OK
Content-Type: application/json; charset=utf-8
cache-control: no-cache
content-length: 14

18:12:32.422 [AsyncHttpClient-1-17] DEBUG org.asynchttpclient.netty.channel.ChannelManager - Adding key: http://localhost:60522 for channel [id: 0x250e5f61, L:/127.0.0.1:51736 - R:localhost/127.0.0.1:60522]
18:12:32.424 [Forwarding sendKeysToElement on session 90ee9d5ce1ed98034a3004ed0c704902 to remote] DEBUG org.asynchttpclient.netty.request.NettyRequestSender - Using pooled Channel '[id: 0x250e5f61, L:/127.0.0.1:51736 - R:localhost/127.0.0.1:60522]' for 'POST' to 'http://localhost:60522/session/90ee9d5ce1ed98034a3004ed0c704902/element/a5e4a5b8-c52d-42b4-ab5d-c57d7715e865/value'
18:12:32.424 [Forwarding sendKeysToElement on session 90ee9d5ce1ed98034a3004ed0c704902 to remote] DEBUG org.asynchttpclient.netty.request.NettyRequestSender - Using open Channel [id: 0x250e5f61, L:/127.0.0.1:51736 - R:localhost/127.0.0.1:60522] for POST '/session/90ee9d5ce1ed98034a3004ed0c704902/element/a5e4a5b8-c52d-42b4-ab5d-c57d7715e865/value'
18:12:32.522 [AsyncHttpClient-1-17] DEBUG org.asynchttpclient.netty.handler.HttpHandler - 

Request DefaultHttpRequest(decodeResult: success, version: HTTP/1.1)
POST /session/90ee9d5ce1ed98034a3004ed0c704902/element/a5e4a5b8-c52d-42b4-ab5d-c57d7715e865/value HTTP/1.1
User-Agent: selenium/4.1.2 (java windows)
Content-Length: 241
Content-Type: application/json; charset=utf-8
host: localhost:60522
accept: */*

Response DefaultHttpResponse(decodeResult: success, version: HTTP/1.1)
HTTP/1.1 200 OK
Content-Type: application/json; charset=utf-8
cache-control: no-cache
content-length: 14

18:12:32.522 [AsyncHttpClient-1-17] DEBUG org.asynchttpclient.netty.channel.ChannelManager - Adding key: http://localhost:60522 for channel [id: 0x250e5f61, L:/127.0.0.1:51736 - R:localhost/127.0.0.1:60522]
  &amp#27;[32mWhen &amp#27;[0m&amp#27;[32mI input email &amp#27;[0m&amp#27;[32m&amp#27;[1m"naixxy1@mail.com"&amp#27;[0m         &amp#27;[90m# starter.stepdefinitions.LoginStep.iInputEmail(java.lang.String)&amp#27;[0m
18:12:32.529 [Forwarding screenshot on session 90ee9d5ce1ed98034a3004ed0c704902 to remote] DEBUG org.asynchttpclient.netty.request.NettyRequestSender - Using pooled Channel '[id: 0x250e5f61, L:/127.0.0.1:51736 - R:localhost/127.0.0.1:60522]' for 'GET' to 'http://localhost:60522/session/90ee9d5ce1ed98034a3004ed0c704902/screenshot'
18:12:32.529 [Forwarding screenshot on session 90ee9d5ce1ed98034a3004ed0c704902 to remote] DEBUG org.asynchttpclient.netty.request.NettyRequestSender - Using open Channel [id: 0x250e5f61, L:/127.0.0.1:51736 - R:localhost/127.0.0.1:60522] for GET '/session/90ee9d5ce1ed98034a3004ed0c704902/screenshot'
18:12:32.686 [AsyncHttpClient-1-17] DEBUG org.asynchttpclient.netty.handler.HttpHandler - 

Request DefaultFullHttpRequest(decodeResult: success, version: HTTP/1.1, content: EmptyByteBufBE)
GET /session/90ee9d5ce1ed98034a3004ed0c704902/screenshot HTTP/1.1
User-Agent: selenium/4.1.2 (java windows)
Cache-Control: no-cache
Content-Type: application/json; charset=utf-8
host: localhost:60522
accept: */*

Response DefaultHttpResponse(decodeResult: success, version: HTTP/1.1)
HTTP/1.1 200 OK
Content-Type: application/json; charset=utf-8
cache-control: no-cache
content-length: 28800

18:12:32.686 [AsyncHttpClient-1-17] DEBUG org.asynchttpclient.netty.channel.ChannelManager - Adding key: http://localhost:60522 for channel [id: 0x250e5f61, L:/127.0.0.1:51736 - R:localhost/127.0.0.1:60522]
18:12:32.688 [main] DEBUG net.serenitybdd.core.photography.Darkroom - Send negative for processing for target\site\serenity\2cc01057387b9caaf10b73a62e38e8254d5b8c09a9a65802aea61d6c74c2930f.png
18:12:32.689 [Darkroom Processing Line] DEBUG net.serenitybdd.core.photography.DarkroomProcessingLine - Processing screenshot image in /var/screenshots/screenshot-3870479331817593671
18:12:32.689 [Darkroom Processing Line] DEBUG net.serenitybdd.core.photography.DarkroomProcessingLine - Saving screenshot to target\site\serenity\2cc01057387b9caaf10b73a62e38e8254d5b8c09a9a65802aea61d6c74c2930f.png
18:12:32.697 [Forwarding findElement on session 90ee9d5ce1ed98034a3004ed0c704902 to remote] DEBUG org.asynchttpclient.netty.request.NettyRequestSender - Using pooled Channel '[id: 0x250e5f61, L:/127.0.0.1:51736 - R:localhost/127.0.0.1:60522]' for 'POST' to 'http://localhost:60522/session/90ee9d5ce1ed98034a3004ed0c704902/element'
18:12:32.697 [Forwarding findElement on session 90ee9d5ce1ed98034a3004ed0c704902 to remote] DEBUG org.asynchttpclient.netty.request.NettyRequestSender - Using open Channel [id: 0x250e5f61, L:/127.0.0.1:51736 - R:localhost/127.0.0.1:60522] for POST '/session/90ee9d5ce1ed98034a3004ed0c704902/element'
18:12:32.709 [AsyncHttpClient-1-17] DEBUG org.asynchttpclient.netty.handler.HttpHandler - 

Request DefaultHttpRequest(decodeResult: success, version: HTTP/1.1)
POST /session/90ee9d5ce1ed98034a3004ed0c704902/element HTTP/1.1
User-Agent: selenium/4.1.2 (java windows)
Content-Length: 55
Content-Type: application/json; charset=utf-8
host: localhost:60522
accept: */*

Response DefaultHttpResponse(decodeResult: success, version: HTTP/1.1)
HTTP/1.1 200 OK
Content-Type: application/json; charset=utf-8
cache-control: no-cache
content-length: 88

18:12:32.709 [AsyncHttpClient-1-17] DEBUG org.asynchttpclient.netty.channel.ChannelManager - Adding key: http://localhost:60522 for channel [id: 0x250e5f61, L:/127.0.0.1:51736 - R:localhost/127.0.0.1:60522]
18:12:32.710 [Forwarding clearElement on session 90ee9d5ce1ed98034a3004ed0c704902 to remote] DEBUG org.asynchttpclient.netty.request.NettyRequestSender - Using pooled Channel '[id: 0x250e5f61, L:/127.0.0.1:51736 - R:localhost/127.0.0.1:60522]' for 'POST' to 'http://localhost:60522/session/90ee9d5ce1ed98034a3004ed0c704902/element/06528e50-9f3a-4531-bd83-a4aeee299877/clear'
18:12:32.710 [Forwarding clearElement on session 90ee9d5ce1ed98034a3004ed0c704902 to remote] DEBUG org.asynchttpclient.netty.request.NettyRequestSender - Using open Channel [id: 0x250e5f61, L:/127.0.0.1:51736 - R:localhost/127.0.0.1:60522] for POST '/session/90ee9d5ce1ed98034a3004ed0c704902/element/06528e50-9f3a-4531-bd83-a4aeee299877/clear'
18:12:32.738 [AsyncHttpClient-1-17] DEBUG org.asynchttpclient.netty.handler.HttpHandler - 

Request DefaultHttpRequest(decodeResult: success, version: HTTP/1.1)
POST /session/90ee9d5ce1ed98034a3004ed0c704902/element/06528e50-9f3a-4531-bd83-a4aeee299877/clear HTTP/1.1
User-Agent: selenium/4.1.2 (java windows)
Content-Length: 50
Content-Type: application/json; charset=utf-8
host: localhost:60522
accept: */*

Response DefaultHttpResponse(decodeResult: success, version: HTTP/1.1)
HTTP/1.1 200 OK
Content-Type: application/json; charset=utf-8
cache-control: no-cache
content-length: 14

18:12:32.738 [AsyncHttpClient-1-17] DEBUG org.asynchttpclient.netty.channel.ChannelManager - Adding key: http://localhost:60522 for channel [id: 0x250e5f61, L:/127.0.0.1:51736 - R:localhost/127.0.0.1:60522]
18:12:32.741 [Forwarding sendKeysToElement on session 90ee9d5ce1ed98034a3004ed0c704902 to remote] DEBUG org.asynchttpclient.netty.request.NettyRequestSender - Using pooled Channel '[id: 0x250e5f61, L:/127.0.0.1:51736 - R:localhost/127.0.0.1:60522]' for 'POST' to 'http://localhost:60522/session/90ee9d5ce1ed98034a3004ed0c704902/element/06528e50-9f3a-4531-bd83-a4aeee299877/value'
18:12:32.741 [Forwarding sendKeysToElement on session 90ee9d5ce1ed98034a3004ed0c704902 to remote] DEBUG org.asynchttpclient.netty.request.NettyRequestSender - Using open Channel [id: 0x250e5f61, L:/127.0.0.1:51736 - R:localhost/127.0.0.1:60522] for POST '/session/90ee9d5ce1ed98034a3004ed0c704902/element/06528e50-9f3a-4531-bd83-a4aeee299877/value'
18:12:32.796 [AsyncHttpClient-1-17] DEBUG org.asynchttpclient.netty.handler.HttpHandler - 

Request DefaultHttpRequest(decodeResult: success, version: HTTP/1.1)
POST /session/90ee9d5ce1ed98034a3004ed0c704902/element/06528e50-9f3a-4531-bd83-a4aeee299877/value HTTP/1.1
User-Agent: selenium/4.1.2 (java windows)
Content-Length: 141
Content-Type: application/json; charset=utf-8
host: localhost:60522
accept: */*

Response DefaultHttpResponse(decodeResult: success, version: HTTP/1.1)
HTTP/1.1 200 OK
Content-Type: application/json; charset=utf-8
cache-control: no-cache
content-length: 14

18:12:32.797 [AsyncHttpClient-1-17] DEBUG org.asynchttpclient.netty.channel.ChannelManager - Adding key: http://localhost:60522 for channel [id: 0x250e5f61, L:/127.0.0.1:51736 - R:localhost/127.0.0.1:60522]
  &amp#27;[32mAnd &amp#27;[0m&amp#27;[32mI input password &amp#27;[0m&amp#27;[32m&amp#27;[1m"naixxy"&amp#27;[0m                 &amp#27;[90m# starter.stepdefinitions.LoginStep.iInputPassword(java.lang.String)&amp#27;[0m
18:12:32.802 [Forwarding screenshot on session 90ee9d5ce1ed98034a3004ed0c704902 to remote] DEBUG org.asynchttpclient.netty.request.NettyRequestSender - Using pooled Channel '[id: 0x250e5f61, L:/127.0.0.1:51736 - R:localhost/127.0.0.1:60522]' for 'GET' to 'http://localhost:60522/session/90ee9d5ce1ed98034a3004ed0c704902/screenshot'
18:12:32.803 [Forwarding screenshot on session 90ee9d5ce1ed98034a3004ed0c704902 to remote] DEBUG org.asynchttpclient.netty.request.NettyRequestSender - Using open Channel [id: 0x250e5f61, L:/127.0.0.1:51736 - R:localhost/127.0.0.1:60522] for GET '/session/90ee9d5ce1ed98034a3004ed0c704902/screenshot'
18:12:32.969 [AsyncHttpClient-1-17] DEBUG org.asynchttpclient.netty.handler.HttpHandler - 

Request DefaultFullHttpRequest(decodeResult: success, version: HTTP/1.1, content: EmptyByteBufBE)
GET /session/90ee9d5ce1ed98034a3004ed0c704902/screenshot HTTP/1.1
User-Agent: selenium/4.1.2 (java windows)
Cache-Control: no-cache
Content-Type: application/json; charset=utf-8
host: localhost:60522
accept: */*

Response DefaultHttpResponse(decodeResult: success, version: HTTP/1.1)
HTTP/1.1 200 OK
Content-Type: application/json; charset=utf-8
cache-control: no-cache
content-length: 30064

18:12:32.970 [AsyncHttpClient-1-17] DEBUG org.asynchttpclient.netty.channel.ChannelManager - Adding key: http://localhost:60522 for channel [id: 0x250e5f61, L:/127.0.0.1:51736 - R:localhost/127.0.0.1:60522]
18:12:32.971 [main] DEBUG net.serenitybdd.core.photography.Darkroom - Send negative for processing for target\site\serenity\74d59af6a6c8e648f9d05f55c8a6487ea40bacc0664d3293c2c134b365885ccb.png
18:12:32.972 [Darkroom Processing Line] DEBUG net.serenitybdd.core.photography.DarkroomProcessingLine - Processing screenshot image in /var/screenshots/screenshot-14503842978308876907
18:12:32.972 [Darkroom Processing Line] DEBUG net.serenitybdd.core.photography.DarkroomProcessingLine - Saving screenshot to target\site\serenity\74d59af6a6c8e648f9d05f55c8a6487ea40bacc0664d3293c2c134b365885ccb.png
18:12:32.975 [AsyncHttpClient-1-1] DEBUG org.asynchttpclient.netty.channel.DefaultChannelPool - Entry count for : http://localhost:51737 : 1
18:12:32.975 [AsyncHttpClient-1-1] DEBUG org.asynchttpclient.netty.channel.DefaultChannelPool - Entry count for : http://localhost:60522 : 1
18:12:32.980 [Forwarding findElement on session 90ee9d5ce1ed98034a3004ed0c704902 to remote] DEBUG org.asynchttpclient.netty.request.NettyRequestSender - Using pooled Channel '[id: 0x250e5f61, L:/127.0.0.1:51736 - R:localhost/127.0.0.1:60522]' for 'POST' to 'http://localhost:60522/session/90ee9d5ce1ed98034a3004ed0c704902/element'
18:12:32.980 [Forwarding findElement on session 90ee9d5ce1ed98034a3004ed0c704902 to remote] DEBUG org.asynchttpclient.netty.request.NettyRequestSender - Using open Channel [id: 0x250e5f61, L:/127.0.0.1:51736 - R:localhost/127.0.0.1:60522] for POST '/session/90ee9d5ce1ed98034a3004ed0c704902/element'
18:12:32.992 [AsyncHttpClient-1-17] DEBUG org.asynchttpclient.netty.handler.HttpHandler - 

Request DefaultHttpRequest(decodeResult: success, version: HTTP/1.1)
POST /session/90ee9d5ce1ed98034a3004ed0c704902/element HTTP/1.1
User-Agent: selenium/4.1.2 (java windows)
Content-Length: 143
Content-Type: application/json; charset=utf-8
host: localhost:60522
accept: */*

Response DefaultHttpResponse(decodeResult: success, version: HTTP/1.1)
HTTP/1.1 200 OK
Content-Type: application/json; charset=utf-8
cache-control: no-cache
content-length: 88

18:12:32.992 [AsyncHttpClient-1-17] DEBUG org.asynchttpclient.netty.channel.ChannelManager - Adding key: http://localhost:60522 for channel [id: 0x250e5f61, L:/127.0.0.1:51736 - R:localhost/127.0.0.1:60522]
18:12:32.995 [Forwarding getElementTagName on session 90ee9d5ce1ed98034a3004ed0c704902 to remote] DEBUG org.asynchttpclient.netty.request.NettyRequestSender - Using pooled Channel '[id: 0x250e5f61, L:/127.0.0.1:51736 - R:localhost/127.0.0.1:60522]' for 'GET' to 'http://localhost:60522/session/90ee9d5ce1ed98034a3004ed0c704902/element/7a5745c0-af86-43e7-9d88-cec42fdbbc26/name'
18:12:32.995 [Forwarding getElementTagName on session 90ee9d5ce1ed98034a3004ed0c704902 to remote] DEBUG org.asynchttpclient.netty.request.NettyRequestSender - Using open Channel [id: 0x250e5f61, L:/127.0.0.1:51736 - R:localhost/127.0.0.1:60522] for GET '/session/90ee9d5ce1ed98034a3004ed0c704902/element/7a5745c0-af86-43e7-9d88-cec42fdbbc26/name'
18:12:32.998 [AsyncHttpClient-1-17] DEBUG org.asynchttpclient.netty.handler.HttpHandler - 

Request DefaultFullHttpRequest(decodeResult: success, version: HTTP/1.1, content: EmptyByteBufBE)
GET /session/90ee9d5ce1ed98034a3004ed0c704902/element/7a5745c0-af86-43e7-9d88-cec42fdbbc26/name HTTP/1.1
User-Agent: selenium/4.1.2 (java windows)
Cache-Control: no-cache
Content-Type: application/json; charset=utf-8
host: localhost:60522
accept: */*

Response DefaultHttpResponse(decodeResult: success, version: HTTP/1.1)
HTTP/1.1 200 OK
Content-Type: application/json; charset=utf-8
cache-control: no-cache
content-length: 18

18:12:32.999 [AsyncHttpClient-1-17] DEBUG org.asynchttpclient.netty.channel.ChannelManager - Adding key: http://localhost:60522 for channel [id: 0x250e5f61, L:/127.0.0.1:51736 - R:localhost/127.0.0.1:60522]
18:12:33.000 [Forwarding getElementTagName on session 90ee9d5ce1ed98034a3004ed0c704902 to remote] DEBUG org.asynchttpclient.netty.request.NettyRequestSender - Using pooled Channel '[id: 0x250e5f61, L:/127.0.0.1:51736 - R:localhost/127.0.0.1:60522]' for 'GET' to 'http://localhost:60522/session/90ee9d5ce1ed98034a3004ed0c704902/element/7a5745c0-af86-43e7-9d88-cec42fdbbc26/name'
18:12:33.000 [Forwarding getElementTagName on session 90ee9d5ce1ed98034a3004ed0c704902 to remote] DEBUG org.asynchttpclient.netty.request.NettyRequestSender - Using open Channel [id: 0x250e5f61, L:/127.0.0.1:51736 - R:localhost/127.0.0.1:60522] for GET '/session/90ee9d5ce1ed98034a3004ed0c704902/element/7a5745c0-af86-43e7-9d88-cec42fdbbc26/name'
18:12:33.002 [AsyncHttpClient-1-17] DEBUG org.asynchttpclient.netty.handler.HttpHandler - 

Request DefaultFullHttpRequest(decodeResult: success, version: HTTP/1.1, content: EmptyByteBufBE)
GET /session/90ee9d5ce1ed98034a3004ed0c704902/element/7a5745c0-af86-43e7-9d88-cec42fdbbc26/name HTTP/1.1
User-Agent: selenium/4.1.2 (java windows)
Cache-Control: no-cache
Content-Type: application/json; charset=utf-8
host: localhost:60522
accept: */*

Response DefaultHttpResponse(decodeResult: success, version: HTTP/1.1)
HTTP/1.1 200 OK
Content-Type: application/json; charset=utf-8
cache-control: no-cache
content-length: 18

18:12:33.003 [AsyncHttpClient-1-17] DEBUG org.asynchttpclient.netty.channel.ChannelManager - Adding key: http://localhost:60522 for channel [id: 0x250e5f61, L:/127.0.0.1:51736 - R:localhost/127.0.0.1:60522]
18:12:33.005 [Forwarding isElementEnabled on session 90ee9d5ce1ed98034a3004ed0c704902 to remote] DEBUG org.asynchttpclient.netty.request.NettyRequestSender - Using pooled Channel '[id: 0x250e5f61, L:/127.0.0.1:51736 - R:localhost/127.0.0.1:60522]' for 'GET' to 'http://localhost:60522/session/90ee9d5ce1ed98034a3004ed0c704902/element/7a5745c0-af86-43e7-9d88-cec42fdbbc26/enabled'
18:12:33.005 [Forwarding isElementEnabled on session 90ee9d5ce1ed98034a3004ed0c704902 to remote] DEBUG org.asynchttpclient.netty.request.NettyRequestSender - Using open Channel [id: 0x250e5f61, L:/127.0.0.1:51736 - R:localhost/127.0.0.1:60522] for GET '/session/90ee9d5ce1ed98034a3004ed0c704902/element/7a5745c0-af86-43e7-9d88-cec42fdbbc26/enabled'
18:12:33.014 [AsyncHttpClient-1-17] DEBUG org.asynchttpclient.netty.handler.HttpHandler - 

Request DefaultFullHttpRequest(decodeResult: success, version: HTTP/1.1, content: EmptyByteBufBE)
GET /session/90ee9d5ce1ed98034a3004ed0c704902/element/7a5745c0-af86-43e7-9d88-cec42fdbbc26/enabled HTTP/1.1
User-Agent: selenium/4.1.2 (java windows)
Cache-Control: no-cache
Content-Type: application/json; charset=utf-8
host: localhost:60522
accept: */*

Response DefaultHttpResponse(decodeResult: success, version: HTTP/1.1)
HTTP/1.1 200 OK
Content-Type: application/json; charset=utf-8
cache-control: no-cache
content-length: 14

18:12:33.015 [AsyncHttpClient-1-17] DEBUG org.asynchttpclient.netty.channel.ChannelManager - Adding key: http://localhost:60522 for channel [id: 0x250e5f61, L:/127.0.0.1:51736 - R:localhost/127.0.0.1:60522]
18:12:33.016 [Forwarding isElementEnabled on session 90ee9d5ce1ed98034a3004ed0c704902 to remote] DEBUG org.asynchttpclient.netty.request.NettyRequestSender - Using pooled Channel '[id: 0x250e5f61, L:/127.0.0.1:51736 - R:localhost/127.0.0.1:60522]' for 'GET' to 'http://localhost:60522/session/90ee9d5ce1ed98034a3004ed0c704902/element/7a5745c0-af86-43e7-9d88-cec42fdbbc26/enabled'
18:12:33.016 [Forwarding isElementEnabled on session 90ee9d5ce1ed98034a3004ed0c704902 to remote] DEBUG org.asynchttpclient.netty.request.NettyRequestSender - Using open Channel [id: 0x250e5f61, L:/127.0.0.1:51736 - R:localhost/127.0.0.1:60522] for GET '/session/90ee9d5ce1ed98034a3004ed0c704902/element/7a5745c0-af86-43e7-9d88-cec42fdbbc26/enabled'
18:12:33.021 [AsyncHttpClient-1-17] DEBUG org.asynchttpclient.netty.handler.HttpHandler - 

Request DefaultFullHttpRequest(decodeResult: success, version: HTTP/1.1, content: EmptyByteBufBE)
GET /session/90ee9d5ce1ed98034a3004ed0c704902/element/7a5745c0-af86-43e7-9d88-cec42fdbbc26/enabled HTTP/1.1
User-Agent: selenium/4.1.2 (java windows)
Cache-Control: no-cache
Content-Type: application/json; charset=utf-8
host: localhost:60522
accept: */*

Response DefaultHttpResponse(decodeResult: success, version: HTTP/1.1)
HTTP/1.1 200 OK
Content-Type: application/json; charset=utf-8
cache-control: no-cache
content-length: 14

18:12:33.022 [AsyncHttpClient-1-17] DEBUG org.asynchttpclient.netty.channel.ChannelManager - Adding key: http://localhost:60522 for channel [id: 0x250e5f61, L:/127.0.0.1:51736 - R:localhost/127.0.0.1:60522]
18:12:33.025 [Forwarding findElement on session 90ee9d5ce1ed98034a3004ed0c704902 to remote] DEBUG org.asynchttpclient.netty.request.NettyRequestSender - Using pooled Channel '[id: 0x250e5f61, L:/127.0.0.1:51736 - R:localhost/127.0.0.1:60522]' for 'POST' to 'http://localhost:60522/session/90ee9d5ce1ed98034a3004ed0c704902/element'
18:12:33.025 [Forwarding findElement on session 90ee9d5ce1ed98034a3004ed0c704902 to remote] DEBUG org.asynchttpclient.netty.request.NettyRequestSender - Using open Channel [id: 0x250e5f61, L:/127.0.0.1:51736 - R:localhost/127.0.0.1:60522] for POST '/session/90ee9d5ce1ed98034a3004ed0c704902/element'
18:12:33.032 [AsyncHttpClient-1-17] DEBUG org.asynchttpclient.netty.handler.HttpHandler - 

Request DefaultHttpRequest(decodeResult: success, version: HTTP/1.1)
POST /session/90ee9d5ce1ed98034a3004ed0c704902/element HTTP/1.1
User-Agent: selenium/4.1.2 (java windows)
Content-Length: 143
Content-Type: application/json; charset=utf-8
host: localhost:60522
accept: */*

Response DefaultHttpResponse(decodeResult: success, version: HTTP/1.1)
HTTP/1.1 200 OK
Content-Type: application/json; charset=utf-8
cache-control: no-cache
content-length: 88

18:12:33.032 [AsyncHttpClient-1-17] DEBUG org.asynchttpclient.netty.channel.ChannelManager - Adding key: http://localhost:60522 for channel [id: 0x250e5f61, L:/127.0.0.1:51736 - R:localhost/127.0.0.1:60522]
18:12:33.033 [Forwarding clickElement on session 90ee9d5ce1ed98034a3004ed0c704902 to remote] DEBUG org.asynchttpclient.netty.request.NettyRequestSender - Using pooled Channel '[id: 0x250e5f61, L:/127.0.0.1:51736 - R:localhost/127.0.0.1:60522]' for 'POST' to 'http://localhost:60522/session/90ee9d5ce1ed98034a3004ed0c704902/element/7a5745c0-af86-43e7-9d88-cec42fdbbc26/click'
18:12:33.034 [Forwarding clickElement on session 90ee9d5ce1ed98034a3004ed0c704902 to remote] DEBUG org.asynchttpclient.netty.request.NettyRequestSender - Using open Channel [id: 0x250e5f61, L:/127.0.0.1:51736 - R:localhost/127.0.0.1:60522] for POST '/session/90ee9d5ce1ed98034a3004ed0c704902/element/7a5745c0-af86-43e7-9d88-cec42fdbbc26/click'
18:12:33.072 [AsyncHttpClient-1-17] DEBUG org.asynchttpclient.netty.handler.HttpHandler - 

Request DefaultHttpRequest(decodeResult: success, version: HTTP/1.1)
POST /session/90ee9d5ce1ed98034a3004ed0c704902/element/7a5745c0-af86-43e7-9d88-cec42fdbbc26/click HTTP/1.1
User-Agent: selenium/4.1.2 (java windows)
Content-Length: 50
Content-Type: application/json; charset=utf-8
host: localhost:60522
accept: */*

Response DefaultHttpResponse(decodeResult: success, version: HTTP/1.1)
HTTP/1.1 200 OK
Content-Type: application/json; charset=utf-8
cache-control: no-cache
content-length: 14

18:12:33.073 [AsyncHttpClient-1-17] DEBUG org.asynchttpclient.netty.channel.ChannelManager - Adding key: http://localhost:60522 for channel [id: 0x250e5f61, L:/127.0.0.1:51736 - R:localhost/127.0.0.1:60522]
  &amp#27;[32mAnd &amp#27;[0m&amp#27;[32mI click login button&amp#27;[0m                      &amp#27;[90m# starter.stepdefinitions.LoginStep.iClickLoginButton()&amp#27;[0m
18:12:33.079 [Forwarding screenshot on session 90ee9d5ce1ed98034a3004ed0c704902 to remote] DEBUG org.asynchttpclient.netty.request.NettyRequestSender - Using pooled Channel '[id: 0x250e5f61, L:/127.0.0.1:51736 - R:localhost/127.0.0.1:60522]' for 'GET' to 'http://localhost:60522/session/90ee9d5ce1ed98034a3004ed0c704902/screenshot'
18:12:33.079 [Forwarding screenshot on session 90ee9d5ce1ed98034a3004ed0c704902 to remote] DEBUG org.asynchttpclient.netty.request.NettyRequestSender - Using open Channel [id: 0x250e5f61, L:/127.0.0.1:51736 - R:localhost/127.0.0.1:60522] for GET '/session/90ee9d5ce1ed98034a3004ed0c704902/screenshot'
18:12:33.221 [AsyncHttpClient-1-17] DEBUG org.asynchttpclient.netty.handler.HttpHandler - 

Request DefaultFullHttpRequest(decodeResult: success, version: HTTP/1.1, content: EmptyByteBufBE)
GET /session/90ee9d5ce1ed98034a3004ed0c704902/screenshot HTTP/1.1
User-Agent: selenium/4.1.2 (java windows)
Cache-Control: no-cache
Content-Type: application/json; charset=utf-8
host: localhost:60522
accept: */*

Response DefaultHttpResponse(decodeResult: success, version: HTTP/1.1)
HTTP/1.1 200 OK
Content-Type: application/json; charset=utf-8
cache-control: no-cache
content-length: 29528

18:12:33.221 [AsyncHttpClient-1-17] DEBUG org.asynchttpclient.netty.channel.ChannelManager - Adding key: http://localhost:60522 for channel [id: 0x250e5f61, L:/127.0.0.1:51736 - R:localhost/127.0.0.1:60522]
18:12:33.224 [main] DEBUG net.serenitybdd.core.photography.Darkroom - Send negative for processing for target\site\serenity\832246f6882f177a247c1fcc8c4a8eca3aba219e8d98a4cd2f122d2fa1c8c2e9.png
18:12:33.224 [Darkroom Processing Line] DEBUG net.serenitybdd.core.photography.DarkroomProcessingLine - Processing screenshot image in /var/screenshots/screenshot-2063662378820501722
18:12:33.224 [Darkroom Processing Line] DEBUG net.serenitybdd.core.photography.DarkroomProcessingLine - Saving screenshot to target\site\serenity\832246f6882f177a247c1fcc8c4a8eca3aba219e8d98a4cd2f122d2fa1c8c2e9.png
  &amp#27;[32mThen &amp#27;[0m&amp#27;[32mI will get the result &amp#27;[0m&amp#27;[32m&amp#27;[1m"success"&amp#27;[0m          &amp#27;[90m# starter.stepdefinitions.LoginStep.iWillGetTheResult(java.lang.String)&amp#27;[0m
18:12:33.237 [AsyncHttpClient-1-3] DEBUG org.asynchttpclient.netty.handler.WebSocketHandler - Channel Closed: [id: 0xa2b7b9d4, L:/127.0.0.1:51745 ! R:localhost/127.0.0.1:51737] with attribute NettyResponseFuture{currentRetry=5,
	isDone=1,
	isCancelled=0,
	asyncHandler=org.asynchttpclient.ws.WebSocketUpgradeHandler@7eb215f,
	nettyRequest=org.asynchttpclient.netty.request.NettyRequest@1581af6b,
	future=java.util.concurrent.CompletableFuture@68b2a248[Completed normally],
	uri=ws://localhost:51737/devtools/browser/8b71cdf6-cda0-46a3-9e12-76211a636343,
	keepAlive=true,
	redirectCount=0,
	timeoutsHolder=null,
	inAuth=0,
	touch=1667041951717}
18:12:33.237 [AsyncHttpClient-1-3] DEBUG org.asynchttpclient.netty.channel.ChannelManager - Closing Channel [id: 0xa2b7b9d4, L:/127.0.0.1:51745 ! R:localhost/127.0.0.1:51737] 
18:12:33.237 [Driver Command Executor] DEBUG org.asynchttpclient.netty.request.NettyRequestSender - Using pooled Channel '[id: 0x250e5f61, L:/127.0.0.1:51736 - R:localhost/127.0.0.1:60522]' for 'DELETE' to 'http://localhost:60522/session/90ee9d5ce1ed98034a3004ed0c704902'
18:12:33.237 [Driver Command Executor] DEBUG org.asynchttpclient.netty.request.NettyRequestSender - Using open Channel [id: 0x250e5f61, L:/127.0.0.1:51736 - R:localhost/127.0.0.1:60522] for DELETE '/session/90ee9d5ce1ed98034a3004ed0c704902'
18:12:33.257 [AsyncHttpClient-1-2] DEBUG org.asynchttpclient.netty.handler.HttpHandler - Unexpected I/O exception on channel [id: 0xa9b1dfca, L:/127.0.0.1:51744 - R:localhost/127.0.0.1:51737]
java.net.SocketException: Connection reset
	at java.base/sun.nio.ch.SocketChannelImpl.throwConnectionReset(SocketChannelImpl.java:345)
	at java.base/sun.nio.ch.SocketChannelImpl.read(SocketChannelImpl.java:376)
	at io.netty.buffer.PooledByteBuf.setBytes(PooledByteBuf.java:258)
	at io.netty.buffer.AbstractByteBuf.writeBytes(AbstractByteBuf.java:1132)
	at io.netty.channel.socket.nio.NioSocketChannel.doReadBytes(NioSocketChannel.java:350)
	at io.netty.channel.nio.AbstractNioByteChannel$NioByteUnsafe.read(AbstractNioByteChannel.java:151)
	at io.netty.channel.nio.NioEventLoop.processSelectedKey(NioEventLoop.java:722)
	at io.netty.channel.nio.NioEventLoop.processSelectedKeysOptimized(NioEventLoop.java:658)
	at io.netty.channel.nio.NioEventLoop.processSelectedKeys(NioEventLoop.java:584)
	at io.netty.channel.nio.NioEventLoop.run(NioEventLoop.java:496)
	at io.netty.util.concurrent.SingleThreadEventExecutor$4.run(SingleThreadEventExecutor.java:986)
	at io.netty.util.internal.ThreadExecutorMap$2.run(ThreadExecutorMap.java:74)
	at io.netty.util.concurrent.FastThreadLocalRunnable.run(FastThreadLocalRunnable.java:30)
	at java.base/java.lang.Thread.run(Thread.java:830)
18:12:33.257 [AsyncHttpClient-1-2] DEBUG org.asynchttpclient.netty.channel.ChannelManager - Closing Channel [id: 0xa9b1dfca, L:/127.0.0.1:51744 - R:localhost/127.0.0.1:51737] 
18:12:33.257 [AsyncHttpClient-1-2] DEBUG org.asynchttpclient.netty.handler.HttpHandler - Channel Closed: [id: 0xa9b1dfca, L:/127.0.0.1:51744 ! R:localhost/127.0.0.1:51737] with attribute DISCARD
18:12:33.276 [AsyncHttpClient-1-17] DEBUG org.asynchttpclient.netty.handler.HttpHandler - 

Request DefaultFullHttpRequest(decodeResult: success, version: HTTP/1.1, content: EmptyByteBufBE)
DELETE /session/90ee9d5ce1ed98034a3004ed0c704902 HTTP/1.1
User-Agent: selenium/4.1.2 (java windows)
Content-Type: application/json; charset=utf-8
host: localhost:60522
accept: */*

Response DefaultHttpResponse(decodeResult: success, version: HTTP/1.1)
HTTP/1.1 200 OK
Content-Type: application/json; charset=utf-8
cache-control: no-cache
content-length: 14

18:12:33.277 [AsyncHttpClient-1-17] DEBUG org.asynchttpclient.netty.channel.ChannelManager - Adding key: http://localhost:60522 for channel [id: 0x250e5f61, L:/127.0.0.1:51736 - R:localhost/127.0.0.1:60522]
18:12:33.324 [AsyncHttpClient-1-17] DEBUG org.asynchttpclient.netty.handler.HttpHandler - Channel Closed: [id: 0x250e5f61, L:/127.0.0.1:51736 ! R:localhost/127.0.0.1:60522] with attribute DISCARD
18:12:33.853 [main] INFO  - 
  _____   ___   ___   _____     ___     _     ___   ___   ___   ___  
 |_   _| | __| / __| |_   _|   | _ \   /_\   / __| / __| | __| |   \ 
   | |   | _|  \__ \   | |     |  _/  / _ \  \__ \ \__ \ | _|  | |) |
   |_|   |___| |___/   |_|     |_|   /_/ \_\ |___/ |___/ |___| |___/ 

Login with email and password
----------------------------------------------------------------------
]]></system-out>
    <system-err><![CDATA[Starting ChromeDriver 105.0.5195.52 (412c95e518836d8a7d97250d62b29c2ae6a26a85-refs/branch-heads/5195@{#853}) on port 60522
Only local connections are allowed.
Please see https://chromedriver.chromium.org/security-considerations for suggestions on keeping ChromeDriver safe.
ChromeDriver was started successfully.
[1667041951.692][WARNING]: This version of ChromeDriver has not been tested with Chrome version 106.
Okt 29, 2022 6:12:31 PM org.openqa.selenium.remote.ProtocolHandshake createSession
INFO: Detected dialect: W3C
Okt 29, 2022 6:12:31 PM org.openqa.selenium.devtools.CdpVersionFinder findNearestMatch
WARNING: Unable to find an exact match for CDP version 106, so returning the closest version found: a no-op implementation
Okt 29, 2022 6:12:31 PM org.openqa.selenium.devtools.CdpVersionFinder findNearestMatch
INFO: Unable to find CDP implementation matching 106.
Okt 29, 2022 6:12:31 PM org.openqa.selenium.chromium.ChromiumDriver lambda$new$3
WARNING: Unable to find version of CDP to use for . You may need to include a dependency on a specific version of the CDP using something similar to `org.seleniumhq.selenium:selenium-devtools-v86:4.1.2` where the version ("v86") matches the version of the chromium-based browser you're using and the version number of the artifact is the same as Selenium's.
]]></system-err>
  </testcase>
  <testcase name="Login with email and password #2" classname="Login" time="5.136">
    <system-out><![CDATA[
Scenario Outline: Login with email and password &amp#27;[90m# src/test/resources/features/Login.feature:16&amp#27;[0m
18:12:33.869 [main] INFO io.cucumber.core.plugin.SerenityReporter - Running feature from file:///C:/Users/alwi/IdeaProjects/AltaShop/src/test/resources/features/Login.feature
18:12:33.893 [main] INFO net.serenitybdd.core.webdriver.driverproviders.ChromeDriverProvider - Using automatically driver download
18:12:34.030 [main] DEBUG io.github.bonigarcia.wdm.cache.ResolutionCache - Resolution chrome=106 in cache (valid until 18:14:56 29/10/2022 WIB)
18:12:34.034 [main] DEBUG io.github.bonigarcia.wdm.cache.ResolutionCache - Resolution chrome106=106.0.5249.61 in cache (valid until 19:30:28 29/10/2022 WIB)
18:12:34.036 [main] INFO io.github.bonigarcia.wdm.WebDriverManager - Using chromedriver 106.0.5249.61 (resolved driver for Chrome 106)
18:12:34.049 [main] DEBUG io.github.bonigarcia.wdm.WebDriverManager - Driver chromedriver 106.0.5249.61 found in cache
18:12:34.050 [main] INFO io.github.bonigarcia.wdm.WebDriverManager - Exporting webdriver.chrome.driver as C:\Users\alwi\.cache\selenium\chromedriver\win32\106.0.5249.61\chromedriver.exe
18:12:34.075 [AsyncHttpClient-1-1] DEBUG org.asynchttpclient.netty.channel.DefaultChannelPool - Entry count for : http://localhost:51737 : 1
18:12:34.075 [AsyncHttpClient-1-1] DEBUG org.asynchttpclient.netty.channel.DefaultChannelPool - Entry count for : http://localhost:60522 : 1
18:12:34.075 [AsyncHttpClient-1-1] DEBUG org.asynchttpclient.netty.channel.DefaultChannelPool - Adding Candidate expired Channel [id: 0xa9b1dfca, L:/127.0.0.1:51744 ! R:localhost/127.0.0.1:51737] isIdleTimeoutExpired=false isRemotelyClosed=true isTtlExpired=false
18:12:34.075 [AsyncHttpClient-1-1] DEBUG org.asynchttpclient.netty.channel.DefaultChannelPool - Closing Idle Channel [id: 0xa9b1dfca, L:/127.0.0.1:51744 ! R:localhost/127.0.0.1:51737]
18:12:34.075 [AsyncHttpClient-1-1] DEBUG org.asynchttpclient.netty.channel.DefaultChannelPool - Adding Candidate expired Channel [id: 0x250e5f61, L:/127.0.0.1:51736 ! R:localhost/127.0.0.1:60522] isIdleTimeoutExpired=false isRemotelyClosed=true isTtlExpired=false
18:12:34.075 [AsyncHttpClient-1-1] DEBUG org.asynchttpclient.netty.channel.DefaultChannelPool - Closing Idle Channel [id: 0x250e5f61, L:/127.0.0.1:51736 ! R:localhost/127.0.0.1:60522]
18:12:34.075 [AsyncHttpClient-1-1] DEBUG org.asynchttpclient.netty.channel.DefaultChannelPool - Closed 2 connections out of 2 in 0 ms
18:12:34.220 [main] DEBUG net.serenitybdd.core.webdriver.driverproviders.ProvideNewDriver - Instantiating driver
18:12:34.220 [main] DEBUG net.serenitybdd.core.webdriver.driverproviders.ProvideNewDriver - Driver capabilities: Capabilities {acceptInsecureCerts: false, base.url: https://alta-shop.vercel.app, browserName: chrome, chrome.driver: src/test/resources/webdrive..., driver: chrome, goog:chromeOptions: {args: [], extensions: []}, wait.for.timeout: 6000}
18:12:34.759 [AsyncHttpClient-1-4] DEBUG org.asynchttpclient.netty.channel.NettyConnectListener - Using new Channel '[id: 0x78178659, L:/127.0.0.1:51764 - R:localhost/127.0.0.1:50104]' for 'POST' to '/session'
18:12:35.420 [AsyncHttpClient-1-4] DEBUG org.asynchttpclient.netty.handler.HttpHandler - 

Request DefaultHttpRequest(decodeResult: success, version: HTTP/1.1)
POST /session HTTP/1.1
User-Agent: selenium/4.1.2 (java windows)
Content-Length: 639
Content-Type: application/json; charset=utf-8
host: localhost:50104
accept: */*

Response DefaultHttpResponse(decodeResult: success, version: HTTP/1.1)
HTTP/1.1 200 OK
Content-Type: application/json; charset=utf-8
cache-control: no-cache
content-length: 790

18:12:35.421 [AsyncHttpClient-1-4] DEBUG org.asynchttpclient.netty.channel.ChannelManager - Adding key: http://localhost:50104 for channel [id: 0x78178659, L:/127.0.0.1:51764 - R:localhost/127.0.0.1:50104]
18:12:35.427 [AsyncHttpClient-1-5] DEBUG org.asynchttpclient.netty.channel.NettyConnectListener - Using new Channel '[id: 0x658e7737, L:/127.0.0.1:51771 - R:localhost/127.0.0.1:51765]' for 'GET' to '/json/version'
18:12:35.427 [AsyncHttpClient-1-5] DEBUG org.asynchttpclient.netty.handler.HttpHandler - 

Request DefaultFullHttpRequest(decodeResult: success, version: HTTP/1.1, content: EmptyByteBufBE)
GET /json/version HTTP/1.1
User-Agent: selenium/4.1.2 (java windows)
host: localhost:51765
accept: */*

Response DefaultHttpResponse(decodeResult: success, version: HTTP/1.1)
HTTP/1.1 200 OK
Content-Type: application/json; charset=UTF-8
content-length: 424

18:12:35.427 [AsyncHttpClient-1-5] DEBUG org.asynchttpclient.netty.channel.ChannelManager - Adding key: http://localhost:51765 for channel [id: 0x658e7737, L:/127.0.0.1:51771 - R:localhost/127.0.0.1:51765]
18:12:35.430 [AsyncHttpClient-1-6] DEBUG org.asynchttpclient.netty.channel.NettyConnectListener - Using new Channel '[id: 0x2997d1e1, L:/127.0.0.1:51772 - R:localhost/127.0.0.1:51765]' for 'GET' to '/devtools/browser/ffdd3396-cd8b-434e-a73c-9f78f7070434'
18:12:35.430 [AsyncHttpClient-1-6] DEBUG org.asynchttpclient.netty.handler.WebSocketHandler - 

Request DefaultFullHttpRequest(decodeResult: success, version: HTTP/1.1, content: EmptyByteBufBE)
GET /devtools/browser/ffdd3396-cd8b-434e-a73c-9f78f7070434 HTTP/1.1
upgrade: websocket
connection: upgrade
sec-websocket-key: ZI51zJIhexlcoewjJDR1FA==
sec-websocket-version: 13
origin: http://localhost:51765
host: localhost:51765
accept: */*
user-agent: AHC/2.1

Response DefaultHttpResponse(decodeResult: success, version: HTTP/1.1)
HTTP/1.1 101 WebSocket Protocol Handshake
Upgrade: WebSocket
Connection: Upgrade
Sec-WebSocket-Accept: 7nRNbrjf/oJ4BQvTAA9O0n2s40s=

18:12:35.434 [Forwarding get on session 0d24c70563bfbaf4a268daa0db46383c to remote] DEBUG org.asynchttpclient.netty.request.NettyRequestSender - Using pooled Channel '[id: 0x78178659, L:/127.0.0.1:51764 - R:localhost/127.0.0.1:50104]' for 'POST' to 'http://localhost:50104/session/0d24c70563bfbaf4a268daa0db46383c/url'
18:12:35.434 [Forwarding get on session 0d24c70563bfbaf4a268daa0db46383c to remote] DEBUG org.asynchttpclient.netty.request.NettyRequestSender - Using open Channel [id: 0x78178659, L:/127.0.0.1:51764 - R:localhost/127.0.0.1:50104] for POST '/session/0d24c70563bfbaf4a268daa0db46383c/url'
18:12:35.976 [AsyncHttpClient-1-4] DEBUG org.asynchttpclient.netty.handler.HttpHandler - 

Request DefaultHttpRequest(decodeResult: success, version: HTTP/1.1)
POST /session/0d24c70563bfbaf4a268daa0db46383c/url HTTP/1.1
User-Agent: selenium/4.1.2 (java windows)
Content-Length: 74
Content-Type: application/json; charset=utf-8
host: localhost:50104
accept: */*

Response DefaultHttpResponse(decodeResult: success, version: HTTP/1.1)
HTTP/1.1 200 OK
Content-Type: application/json; charset=utf-8
cache-control: no-cache
content-length: 14

18:12:35.976 [AsyncHttpClient-1-4] DEBUG org.asynchttpclient.netty.channel.ChannelManager - Adding key: http://localhost:50104 for channel [id: 0x78178659, L:/127.0.0.1:51764 - R:localhost/127.0.0.1:50104]
18:12:35.977 [Forwarding setTimeout on session 0d24c70563bfbaf4a268daa0db46383c to remote] DEBUG org.asynchttpclient.netty.request.NettyRequestSender - Using pooled Channel '[id: 0x78178659, L:/127.0.0.1:51764 - R:localhost/127.0.0.1:50104]' for 'POST' to 'http://localhost:50104/session/0d24c70563bfbaf4a268daa0db46383c/timeouts'
18:12:35.977 [Forwarding setTimeout on session 0d24c70563bfbaf4a268daa0db46383c to remote] DEBUG org.asynchttpclient.netty.request.NettyRequestSender - Using open Channel [id: 0x78178659, L:/127.0.0.1:51764 - R:localhost/127.0.0.1:50104] for POST '/session/0d24c70563bfbaf4a268daa0db46383c/timeouts'
18:12:35.978 [AsyncHttpClient-1-4] DEBUG org.asynchttpclient.netty.handler.HttpHandler - 

Request DefaultHttpRequest(decodeResult: success, version: HTTP/1.1)
POST /session/0d24c70563bfbaf4a268daa0db46383c/timeouts HTTP/1.1
User-Agent: selenium/4.1.2 (java windows)
Content-Length: 22
Content-Type: application/json; charset=utf-8
host: localhost:50104
accept: */*

Response DefaultHttpResponse(decodeResult: success, version: HTTP/1.1)
HTTP/1.1 200 OK
Content-Type: application/json; charset=utf-8
cache-control: no-cache
content-length: 14

18:12:35.979 [AsyncHttpClient-1-4] DEBUG org.asynchttpclient.netty.channel.ChannelManager - Adding key: http://localhost:50104 for channel [id: 0x78178659, L:/127.0.0.1:51764 - R:localhost/127.0.0.1:50104]
18:12:35.983 [Forwarding getCurrentUrl on session 0d24c70563bfbaf4a268daa0db46383c to remote] DEBUG org.asynchttpclient.netty.request.NettyRequestSender - Using pooled Channel '[id: 0x78178659, L:/127.0.0.1:51764 - R:localhost/127.0.0.1:50104]' for 'GET' to 'http://localhost:50104/session/0d24c70563bfbaf4a268daa0db46383c/url'
18:12:35.983 [Forwarding getCurrentUrl on session 0d24c70563bfbaf4a268daa0db46383c to remote] DEBUG org.asynchttpclient.netty.request.NettyRequestSender - Using open Channel [id: 0x78178659, L:/127.0.0.1:51764 - R:localhost/127.0.0.1:50104] for GET '/session/0d24c70563bfbaf4a268daa0db46383c/url'
18:12:35.987 [AsyncHttpClient-1-4] DEBUG org.asynchttpclient.netty.handler.HttpHandler - 

Request DefaultFullHttpRequest(decodeResult: success, version: HTTP/1.1, content: EmptyByteBufBE)
GET /session/0d24c70563bfbaf4a268daa0db46383c/url HTTP/1.1
User-Agent: selenium/4.1.2 (java windows)
Cache-Control: no-cache
Content-Type: application/json; charset=utf-8
host: localhost:50104
accept: */*

Response DefaultHttpResponse(decodeResult: success, version: HTTP/1.1)
HTTP/1.1 200 OK
Content-Type: application/json; charset=utf-8
cache-control: no-cache
content-length: 51

18:12:35.987 [AsyncHttpClient-1-4] DEBUG org.asynchttpclient.netty.channel.ChannelManager - Adding key: http://localhost:50104 for channel [id: 0x78178659, L:/127.0.0.1:51764 - R:localhost/127.0.0.1:50104]
  &amp#27;[32mGiven &amp#27;[0m&amp#27;[32mI am on the login page&amp#27;[0m                  &amp#27;[90m# starter.stepdefinitions.LoginStep.iAmOnTheLoginPage()&amp#27;[0m
18:12:35.993 [Forwarding screenshot on session 0d24c70563bfbaf4a268daa0db46383c to remote] DEBUG org.asynchttpclient.netty.request.NettyRequestSender - Using pooled Channel '[id: 0x78178659, L:/127.0.0.1:51764 - R:localhost/127.0.0.1:50104]' for 'GET' to 'http://localhost:50104/session/0d24c70563bfbaf4a268daa0db46383c/screenshot'
18:12:35.993 [Forwarding screenshot on session 0d24c70563bfbaf4a268daa0db46383c to remote] DEBUG org.asynchttpclient.netty.request.NettyRequestSender - Using open Channel [id: 0x78178659, L:/127.0.0.1:51764 - R:localhost/127.0.0.1:50104] for GET '/session/0d24c70563bfbaf4a268daa0db46383c/screenshot'
18:12:36.091 [AsyncHttpClient-1-4] DEBUG org.asynchttpclient.netty.handler.HttpHandler - 

Request DefaultFullHttpRequest(decodeResult: success, version: HTTP/1.1, content: EmptyByteBufBE)
GET /session/0d24c70563bfbaf4a268daa0db46383c/screenshot HTTP/1.1
User-Agent: selenium/4.1.2 (java windows)
Cache-Control: no-cache
Content-Type: application/json; charset=utf-8
host: localhost:50104
accept: */*

Response DefaultHttpResponse(decodeResult: success, version: HTTP/1.1)
HTTP/1.1 200 OK
Content-Type: application/json; charset=utf-8
cache-control: no-cache
content-length: 24528

18:12:36.092 [AsyncHttpClient-1-4] DEBUG org.asynchttpclient.netty.channel.ChannelManager - Adding key: http://localhost:50104 for channel [id: 0x78178659, L:/127.0.0.1:51764 - R:localhost/127.0.0.1:50104]
18:12:36.094 [main] DEBUG net.serenitybdd.core.photography.Darkroom - Send negative for processing for target\site\serenity\4a081d05db2e6be9b3256b332b844d9c53d5aa88207142e6b6c18ed6759b787c.png
18:12:36.101 [Forwarding findElement on session 0d24c70563bfbaf4a268daa0db46383c to remote] DEBUG org.asynchttpclient.netty.request.NettyRequestSender - Using pooled Channel '[id: 0x78178659, L:/127.0.0.1:51764 - R:localhost/127.0.0.1:50104]' for 'POST' to 'http://localhost:50104/session/0d24c70563bfbaf4a268daa0db46383c/element'
18:12:36.101 [Forwarding findElement on session 0d24c70563bfbaf4a268daa0db46383c to remote] DEBUG org.asynchttpclient.netty.request.NettyRequestSender - Using open Channel [id: 0x78178659, L:/127.0.0.1:51764 - R:localhost/127.0.0.1:50104] for POST '/session/0d24c70563bfbaf4a268daa0db46383c/element'
18:12:36.111 [AsyncHttpClient-1-4] DEBUG org.asynchttpclient.netty.handler.HttpHandler - 

Request DefaultHttpRequest(decodeResult: success, version: HTTP/1.1)
POST /session/0d24c70563bfbaf4a268daa0db46383c/element HTTP/1.1
User-Agent: selenium/4.1.2 (java windows)
Content-Length: 55
Content-Type: application/json; charset=utf-8
host: localhost:50104
accept: */*

Response DefaultHttpResponse(decodeResult: success, version: HTTP/1.1)
HTTP/1.1 200 OK
Content-Type: application/json; charset=utf-8
cache-control: no-cache
content-length: 88

18:12:36.112 [AsyncHttpClient-1-4] DEBUG org.asynchttpclient.netty.channel.ChannelManager - Adding key: http://localhost:50104 for channel [id: 0x78178659, L:/127.0.0.1:51764 - R:localhost/127.0.0.1:50104]
18:12:36.113 [Forwarding clearElement on session 0d24c70563bfbaf4a268daa0db46383c to remote] DEBUG org.asynchttpclient.netty.request.NettyRequestSender - Using pooled Channel '[id: 0x78178659, L:/127.0.0.1:51764 - R:localhost/127.0.0.1:50104]' for 'POST' to 'http://localhost:50104/session/0d24c70563bfbaf4a268daa0db46383c/element/2ec79646-16f1-454e-a165-8c855054ed21/clear'
18:12:36.113 [Forwarding clearElement on session 0d24c70563bfbaf4a268daa0db46383c to remote] DEBUG org.asynchttpclient.netty.request.NettyRequestSender - Using open Channel [id: 0x78178659, L:/127.0.0.1:51764 - R:localhost/127.0.0.1:50104] for POST '/session/0d24c70563bfbaf4a268daa0db46383c/element/2ec79646-16f1-454e-a165-8c855054ed21/clear'
18:12:36.140 [AsyncHttpClient-1-4] DEBUG org.asynchttpclient.netty.handler.HttpHandler - 

Request DefaultHttpRequest(decodeResult: success, version: HTTP/1.1)
POST /session/0d24c70563bfbaf4a268daa0db46383c/element/2ec79646-16f1-454e-a165-8c855054ed21/clear HTTP/1.1
User-Agent: selenium/4.1.2 (java windows)
Content-Length: 50
Content-Type: application/json; charset=utf-8
host: localhost:50104
accept: */*

Response DefaultHttpResponse(decodeResult: success, version: HTTP/1.1)
HTTP/1.1 200 OK
Content-Type: application/json; charset=utf-8
cache-control: no-cache
content-length: 14

18:12:36.140 [AsyncHttpClient-1-4] DEBUG org.asynchttpclient.netty.channel.ChannelManager - Adding key: http://localhost:50104 for channel [id: 0x78178659, L:/127.0.0.1:51764 - R:localhost/127.0.0.1:50104]
18:12:36.142 [Forwarding sendKeysToElement on session 0d24c70563bfbaf4a268daa0db46383c to remote] DEBUG org.asynchttpclient.netty.request.NettyRequestSender - Using pooled Channel '[id: 0x78178659, L:/127.0.0.1:51764 - R:localhost/127.0.0.1:50104]' for 'POST' to 'http://localhost:50104/session/0d24c70563bfbaf4a268daa0db46383c/element/2ec79646-16f1-454e-a165-8c855054ed21/value'
18:12:36.142 [Forwarding sendKeysToElement on session 0d24c70563bfbaf4a268daa0db46383c to remote] DEBUG org.asynchttpclient.netty.request.NettyRequestSender - Using open Channel [id: 0x78178659, L:/127.0.0.1:51764 - R:localhost/127.0.0.1:50104] for POST '/session/0d24c70563bfbaf4a268daa0db46383c/element/2ec79646-16f1-454e-a165-8c855054ed21/value'
18:12:36.266 [AsyncHttpClient-1-4] DEBUG org.asynchttpclient.netty.handler.HttpHandler - 

Request DefaultHttpRequest(decodeResult: success, version: HTTP/1.1)
POST /session/0d24c70563bfbaf4a268daa0db46383c/element/2ec79646-16f1-454e-a165-8c855054ed21/value HTTP/1.1
User-Agent: selenium/4.1.2 (java windows)
Content-Length: 241
Content-Type: application/json; charset=utf-8
host: localhost:50104
accept: */*

Response DefaultHttpResponse(decodeResult: success, version: HTTP/1.1)
HTTP/1.1 200 OK
Content-Type: application/json; charset=utf-8
cache-control: no-cache
content-length: 14

18:12:36.267 [AsyncHttpClient-1-4] DEBUG org.asynchttpclient.netty.channel.ChannelManager - Adding key: http://localhost:50104 for channel [id: 0x78178659, L:/127.0.0.1:51764 - R:localhost/127.0.0.1:50104]
  &amp#27;[32mWhen &amp#27;[0m&amp#27;[32mI input email &amp#27;[0m&amp#27;[32m&amp#27;[1m"naixxy1@mail.com"&amp#27;[0m         &amp#27;[90m# starter.stepdefinitions.LoginStep.iInputEmail(java.lang.String)&amp#27;[0m
18:12:36.272 [Forwarding screenshot on session 0d24c70563bfbaf4a268daa0db46383c to remote] DEBUG org.asynchttpclient.netty.request.NettyRequestSender - Using pooled Channel '[id: 0x78178659, L:/127.0.0.1:51764 - R:localhost/127.0.0.1:50104]' for 'GET' to 'http://localhost:50104/session/0d24c70563bfbaf4a268daa0db46383c/screenshot'
18:12:36.272 [Forwarding screenshot on session 0d24c70563bfbaf4a268daa0db46383c to remote] DEBUG org.asynchttpclient.netty.request.NettyRequestSender - Using open Channel [id: 0x78178659, L:/127.0.0.1:51764 - R:localhost/127.0.0.1:50104] for GET '/session/0d24c70563bfbaf4a268daa0db46383c/screenshot'
18:12:36.274 [AsyncHttpClient-1-1] DEBUG org.asynchttpclient.netty.channel.DefaultChannelPool - Entry count for : http://localhost:51765 : 1
18:12:36.409 [AsyncHttpClient-1-4] DEBUG org.asynchttpclient.netty.handler.HttpHandler - 

Request DefaultFullHttpRequest(decodeResult: success, version: HTTP/1.1, content: EmptyByteBufBE)
GET /session/0d24c70563bfbaf4a268daa0db46383c/screenshot HTTP/1.1
User-Agent: selenium/4.1.2 (java windows)
Cache-Control: no-cache
Content-Type: application/json; charset=utf-8
host: localhost:50104
accept: */*

Response DefaultHttpResponse(decodeResult: success, version: HTTP/1.1)
HTTP/1.1 200 OK
Content-Type: application/json; charset=utf-8
cache-control: no-cache
content-length: 28896

18:12:36.409 [AsyncHttpClient-1-4] DEBUG org.asynchttpclient.netty.channel.ChannelManager - Adding key: http://localhost:50104 for channel [id: 0x78178659, L:/127.0.0.1:51764 - R:localhost/127.0.0.1:50104]
18:12:36.411 [main] DEBUG net.serenitybdd.core.photography.Darkroom - Send negative for processing for target\site\serenity\6df2b3b308205356c6b38ebfdac24192246d244fa63dcfdc9b4db05322e61c43.png
18:12:36.412 [Darkroom Processing Line] DEBUG net.serenitybdd.core.photography.DarkroomProcessingLine - Processing screenshot image in /var/screenshots/screenshot-15603304315197925766
18:12:36.412 [Darkroom Processing Line] DEBUG net.serenitybdd.core.photography.DarkroomProcessingLine - Saving screenshot to target\site\serenity\6df2b3b308205356c6b38ebfdac24192246d244fa63dcfdc9b4db05322e61c43.png
18:12:36.419 [Forwarding findElement on session 0d24c70563bfbaf4a268daa0db46383c to remote] DEBUG org.asynchttpclient.netty.request.NettyRequestSender - Using pooled Channel '[id: 0x78178659, L:/127.0.0.1:51764 - R:localhost/127.0.0.1:50104]' for 'POST' to 'http://localhost:50104/session/0d24c70563bfbaf4a268daa0db46383c/element'
18:12:36.419 [Forwarding findElement on session 0d24c70563bfbaf4a268daa0db46383c to remote] DEBUG org.asynchttpclient.netty.request.NettyRequestSender - Using open Channel [id: 0x78178659, L:/127.0.0.1:51764 - R:localhost/127.0.0.1:50104] for POST '/session/0d24c70563bfbaf4a268daa0db46383c/element'
18:12:36.429 [AsyncHttpClient-1-4] DEBUG org.asynchttpclient.netty.handler.HttpHandler - 

Request DefaultHttpRequest(decodeResult: success, version: HTTP/1.1)
POST /session/0d24c70563bfbaf4a268daa0db46383c/element HTTP/1.1
User-Agent: selenium/4.1.2 (java windows)
Content-Length: 55
Content-Type: application/json; charset=utf-8
host: localhost:50104
accept: */*

Response DefaultHttpResponse(decodeResult: success, version: HTTP/1.1)
HTTP/1.1 200 OK
Content-Type: application/json; charset=utf-8
cache-control: no-cache
content-length: 88

18:12:36.429 [AsyncHttpClient-1-4] DEBUG org.asynchttpclient.netty.channel.ChannelManager - Adding key: http://localhost:50104 for channel [id: 0x78178659, L:/127.0.0.1:51764 - R:localhost/127.0.0.1:50104]
18:12:36.430 [Forwarding clearElement on session 0d24c70563bfbaf4a268daa0db46383c to remote] DEBUG org.asynchttpclient.netty.request.NettyRequestSender - Using pooled Channel '[id: 0x78178659, L:/127.0.0.1:51764 - R:localhost/127.0.0.1:50104]' for 'POST' to 'http://localhost:50104/session/0d24c70563bfbaf4a268daa0db46383c/element/eb3946b3-dcd4-422c-bf5f-01dbcb14110f/clear'
18:12:36.431 [Forwarding clearElement on session 0d24c70563bfbaf4a268daa0db46383c to remote] DEBUG org.asynchttpclient.netty.request.NettyRequestSender - Using open Channel [id: 0x78178659, L:/127.0.0.1:51764 - R:localhost/127.0.0.1:50104] for POST '/session/0d24c70563bfbaf4a268daa0db46383c/element/eb3946b3-dcd4-422c-bf5f-01dbcb14110f/clear'
18:12:36.459 [AsyncHttpClient-1-4] DEBUG org.asynchttpclient.netty.handler.HttpHandler - 

Request DefaultHttpRequest(decodeResult: success, version: HTTP/1.1)
POST /session/0d24c70563bfbaf4a268daa0db46383c/element/eb3946b3-dcd4-422c-bf5f-01dbcb14110f/clear HTTP/1.1
User-Agent: selenium/4.1.2 (java windows)
Content-Length: 50
Content-Type: application/json; charset=utf-8
host: localhost:50104
accept: */*

Response DefaultHttpResponse(decodeResult: success, version: HTTP/1.1)
HTTP/1.1 200 OK
Content-Type: application/json; charset=utf-8
cache-control: no-cache
content-length: 14

18:12:36.459 [AsyncHttpClient-1-4] DEBUG org.asynchttpclient.netty.channel.ChannelManager - Adding key: http://localhost:50104 for channel [id: 0x78178659, L:/127.0.0.1:51764 - R:localhost/127.0.0.1:50104]
18:12:36.461 [Forwarding sendKeysToElement on session 0d24c70563bfbaf4a268daa0db46383c to remote] DEBUG org.asynchttpclient.netty.request.NettyRequestSender - Using pooled Channel '[id: 0x78178659, L:/127.0.0.1:51764 - R:localhost/127.0.0.1:50104]' for 'POST' to 'http://localhost:50104/session/0d24c70563bfbaf4a268daa0db46383c/element/eb3946b3-dcd4-422c-bf5f-01dbcb14110f/value'
18:12:36.461 [Forwarding sendKeysToElement on session 0d24c70563bfbaf4a268daa0db46383c to remote] DEBUG org.asynchttpclient.netty.request.NettyRequestSender - Using open Channel [id: 0x78178659, L:/127.0.0.1:51764 - R:localhost/127.0.0.1:50104] for POST '/session/0d24c70563bfbaf4a268daa0db46383c/element/eb3946b3-dcd4-422c-bf5f-01dbcb14110f/value'
18:12:36.510 [AsyncHttpClient-1-4] DEBUG org.asynchttpclient.netty.handler.HttpHandler - 

Request DefaultHttpRequest(decodeResult: success, version: HTTP/1.1)
POST /session/0d24c70563bfbaf4a268daa0db46383c/element/eb3946b3-dcd4-422c-bf5f-01dbcb14110f/value HTTP/1.1
User-Agent: selenium/4.1.2 (java windows)
Content-Length: 121
Content-Type: application/json; charset=utf-8
host: localhost:50104
accept: */*

Response DefaultHttpResponse(decodeResult: success, version: HTTP/1.1)
HTTP/1.1 200 OK
Content-Type: application/json; charset=utf-8
cache-control: no-cache
content-length: 14

18:12:36.510 [AsyncHttpClient-1-4] DEBUG org.asynchttpclient.netty.channel.ChannelManager - Adding key: http://localhost:50104 for channel [id: 0x78178659, L:/127.0.0.1:51764 - R:localhost/127.0.0.1:50104]
  &amp#27;[32mAnd &amp#27;[0m&amp#27;[32mI input password &amp#27;[0m&amp#27;[32m&amp#27;[1m"hihi"&amp#27;[0m                   &amp#27;[90m# starter.stepdefinitions.LoginStep.iInputPassword(java.lang.String)&amp#27;[0m
18:12:36.520 [Forwarding screenshot on session 0d24c70563bfbaf4a268daa0db46383c to remote] DEBUG org.asynchttpclient.netty.request.NettyRequestSender - Using pooled Channel '[id: 0x78178659, L:/127.0.0.1:51764 - R:localhost/127.0.0.1:50104]' for 'GET' to 'http://localhost:50104/session/0d24c70563bfbaf4a268daa0db46383c/screenshot'
18:12:36.520 [Forwarding screenshot on session 0d24c70563bfbaf4a268daa0db46383c to remote] DEBUG org.asynchttpclient.netty.request.NettyRequestSender - Using open Channel [id: 0x78178659, L:/127.0.0.1:51764 - R:localhost/127.0.0.1:50104] for GET '/session/0d24c70563bfbaf4a268daa0db46383c/screenshot'
18:12:36.660 [AsyncHttpClient-1-4] DEBUG org.asynchttpclient.netty.handler.HttpHandler - 

Request DefaultFullHttpRequest(decodeResult: success, version: HTTP/1.1, content: EmptyByteBufBE)
GET /session/0d24c70563bfbaf4a268daa0db46383c/screenshot HTTP/1.1
User-Agent: selenium/4.1.2 (java windows)
Cache-Control: no-cache
Content-Type: application/json; charset=utf-8
host: localhost:50104
accept: */*

Response DefaultHttpResponse(decodeResult: success, version: HTTP/1.1)
HTTP/1.1 200 OK
Content-Type: application/json; charset=utf-8
cache-control: no-cache
content-length: 28912

18:12:36.660 [AsyncHttpClient-1-4] DEBUG org.asynchttpclient.netty.channel.ChannelManager - Adding key: http://localhost:50104 for channel [id: 0x78178659, L:/127.0.0.1:51764 - R:localhost/127.0.0.1:50104]
18:12:36.662 [main] DEBUG net.serenitybdd.core.photography.Darkroom - Send negative for processing for target\site\serenity\6bcebef75b07881e1d1e9ff9349b40f521e1df428486e72f04c45450d042c01d.png
18:12:36.662 [Darkroom Processing Line] DEBUG net.serenitybdd.core.photography.DarkroomProcessingLine - Processing screenshot image in /var/screenshots/screenshot-2904919321598827516
18:12:36.662 [Darkroom Processing Line] DEBUG net.serenitybdd.core.photography.DarkroomProcessingLine - Saving screenshot to target\site\serenity\6bcebef75b07881e1d1e9ff9349b40f521e1df428486e72f04c45450d042c01d.png
18:12:36.670 [Forwarding findElement on session 0d24c70563bfbaf4a268daa0db46383c to remote] DEBUG org.asynchttpclient.netty.request.NettyRequestSender - Using pooled Channel '[id: 0x78178659, L:/127.0.0.1:51764 - R:localhost/127.0.0.1:50104]' for 'POST' to 'http://localhost:50104/session/0d24c70563bfbaf4a268daa0db46383c/element'
18:12:36.670 [Forwarding findElement on session 0d24c70563bfbaf4a268daa0db46383c to remote] DEBUG org.asynchttpclient.netty.request.NettyRequestSender - Using open Channel [id: 0x78178659, L:/127.0.0.1:51764 - R:localhost/127.0.0.1:50104] for POST '/session/0d24c70563bfbaf4a268daa0db46383c/element'
18:12:36.683 [AsyncHttpClient-1-4] DEBUG org.asynchttpclient.netty.handler.HttpHandler - 

Request DefaultHttpRequest(decodeResult: success, version: HTTP/1.1)
POST /session/0d24c70563bfbaf4a268daa0db46383c/element HTTP/1.1
User-Agent: selenium/4.1.2 (java windows)
Content-Length: 143
Content-Type: application/json; charset=utf-8
host: localhost:50104
accept: */*

Response DefaultHttpResponse(decodeResult: success, version: HTTP/1.1)
HTTP/1.1 200 OK
Content-Type: application/json; charset=utf-8
cache-control: no-cache
content-length: 88

18:12:36.683 [AsyncHttpClient-1-4] DEBUG org.asynchttpclient.netty.channel.ChannelManager - Adding key: http://localhost:50104 for channel [id: 0x78178659, L:/127.0.0.1:51764 - R:localhost/127.0.0.1:50104]
18:12:36.684 [Forwarding getElementTagName on session 0d24c70563bfbaf4a268daa0db46383c to remote] DEBUG org.asynchttpclient.netty.request.NettyRequestSender - Using pooled Channel '[id: 0x78178659, L:/127.0.0.1:51764 - R:localhost/127.0.0.1:50104]' for 'GET' to 'http://localhost:50104/session/0d24c70563bfbaf4a268daa0db46383c/element/48670231-8e46-4c8c-9d03-71b403deaa4f/name'
18:12:36.685 [Forwarding getElementTagName on session 0d24c70563bfbaf4a268daa0db46383c to remote] DEBUG org.asynchttpclient.netty.request.NettyRequestSender - Using open Channel [id: 0x78178659, L:/127.0.0.1:51764 - R:localhost/127.0.0.1:50104] for GET '/session/0d24c70563bfbaf4a268daa0db46383c/element/48670231-8e46-4c8c-9d03-71b403deaa4f/name'
18:12:36.688 [AsyncHttpClient-1-4] DEBUG org.asynchttpclient.netty.handler.HttpHandler - 

Request DefaultFullHttpRequest(decodeResult: success, version: HTTP/1.1, content: EmptyByteBufBE)
GET /session/0d24c70563bfbaf4a268daa0db46383c/element/48670231-8e46-4c8c-9d03-71b403deaa4f/name HTTP/1.1
User-Agent: selenium/4.1.2 (java windows)
Cache-Control: no-cache
Content-Type: application/json; charset=utf-8
host: localhost:50104
accept: */*

Response DefaultHttpResponse(decodeResult: success, version: HTTP/1.1)
HTTP/1.1 200 OK
Content-Type: application/json; charset=utf-8
cache-control: no-cache
content-length: 18

18:12:36.688 [AsyncHttpClient-1-4] DEBUG org.asynchttpclient.netty.channel.ChannelManager - Adding key: http://localhost:50104 for channel [id: 0x78178659, L:/127.0.0.1:51764 - R:localhost/127.0.0.1:50104]
18:12:36.690 [Forwarding getElementTagName on session 0d24c70563bfbaf4a268daa0db46383c to remote] DEBUG org.asynchttpclient.netty.request.NettyRequestSender - Using pooled Channel '[id: 0x78178659, L:/127.0.0.1:51764 - R:localhost/127.0.0.1:50104]' for 'GET' to 'http://localhost:50104/session/0d24c70563bfbaf4a268daa0db46383c/element/48670231-8e46-4c8c-9d03-71b403deaa4f/name'
18:12:36.690 [Forwarding getElementTagName on session 0d24c70563bfbaf4a268daa0db46383c to remote] DEBUG org.asynchttpclient.netty.request.NettyRequestSender - Using open Channel [id: 0x78178659, L:/127.0.0.1:51764 - R:localhost/127.0.0.1:50104] for GET '/session/0d24c70563bfbaf4a268daa0db46383c/element/48670231-8e46-4c8c-9d03-71b403deaa4f/name'
18:12:36.692 [AsyncHttpClient-1-4] DEBUG org.asynchttpclient.netty.handler.HttpHandler - 

Request DefaultFullHttpRequest(decodeResult: success, version: HTTP/1.1, content: EmptyByteBufBE)
GET /session/0d24c70563bfbaf4a268daa0db46383c/element/48670231-8e46-4c8c-9d03-71b403deaa4f/name HTTP/1.1
User-Agent: selenium/4.1.2 (java windows)
Cache-Control: no-cache
Content-Type: application/json; charset=utf-8
host: localhost:50104
accept: */*

Response DefaultHttpResponse(decodeResult: success, version: HTTP/1.1)
HTTP/1.1 200 OK
Content-Type: application/json; charset=utf-8
cache-control: no-cache
content-length: 18

18:12:36.692 [AsyncHttpClient-1-4] DEBUG org.asynchttpclient.netty.channel.ChannelManager - Adding key: http://localhost:50104 for channel [id: 0x78178659, L:/127.0.0.1:51764 - R:localhost/127.0.0.1:50104]
18:12:36.695 [Forwarding isElementEnabled on session 0d24c70563bfbaf4a268daa0db46383c to remote] DEBUG org.asynchttpclient.netty.request.NettyRequestSender - Using pooled Channel '[id: 0x78178659, L:/127.0.0.1:51764 - R:localhost/127.0.0.1:50104]' for 'GET' to 'http://localhost:50104/session/0d24c70563bfbaf4a268daa0db46383c/element/48670231-8e46-4c8c-9d03-71b403deaa4f/enabled'
18:12:36.695 [Forwarding isElementEnabled on session 0d24c70563bfbaf4a268daa0db46383c to remote] DEBUG org.asynchttpclient.netty.request.NettyRequestSender - Using open Channel [id: 0x78178659, L:/127.0.0.1:51764 - R:localhost/127.0.0.1:50104] for GET '/session/0d24c70563bfbaf4a268daa0db46383c/element/48670231-8e46-4c8c-9d03-71b403deaa4f/enabled'
18:12:36.706 [AsyncHttpClient-1-4] DEBUG org.asynchttpclient.netty.handler.HttpHandler - 

Request DefaultFullHttpRequest(decodeResult: success, version: HTTP/1.1, content: EmptyByteBufBE)
GET /session/0d24c70563bfbaf4a268daa0db46383c/element/48670231-8e46-4c8c-9d03-71b403deaa4f/enabled HTTP/1.1
User-Agent: selenium/4.1.2 (java windows)
Cache-Control: no-cache
Content-Type: application/json; charset=utf-8
host: localhost:50104
accept: */*

Response DefaultHttpResponse(decodeResult: success, version: HTTP/1.1)
HTTP/1.1 200 OK
Content-Type: application/json; charset=utf-8
cache-control: no-cache
content-length: 14

18:12:36.706 [AsyncHttpClient-1-4] DEBUG org.asynchttpclient.netty.channel.ChannelManager - Adding key: http://localhost:50104 for channel [id: 0x78178659, L:/127.0.0.1:51764 - R:localhost/127.0.0.1:50104]
18:12:36.707 [Forwarding isElementEnabled on session 0d24c70563bfbaf4a268daa0db46383c to remote] DEBUG org.asynchttpclient.netty.request.NettyRequestSender - Using pooled Channel '[id: 0x78178659, L:/127.0.0.1:51764 - R:localhost/127.0.0.1:50104]' for 'GET' to 'http://localhost:50104/session/0d24c70563bfbaf4a268daa0db46383c/element/48670231-8e46-4c8c-9d03-71b403deaa4f/enabled'
18:12:36.707 [Forwarding isElementEnabled on session 0d24c70563bfbaf4a268daa0db46383c to remote] DEBUG org.asynchttpclient.netty.request.NettyRequestSender - Using open Channel [id: 0x78178659, L:/127.0.0.1:51764 - R:localhost/127.0.0.1:50104] for GET '/session/0d24c70563bfbaf4a268daa0db46383c/element/48670231-8e46-4c8c-9d03-71b403deaa4f/enabled'
18:12:36.713 [AsyncHttpClient-1-4] DEBUG org.asynchttpclient.netty.handler.HttpHandler - 

Request DefaultFullHttpRequest(decodeResult: success, version: HTTP/1.1, content: EmptyByteBufBE)
GET /session/0d24c70563bfbaf4a268daa0db46383c/element/48670231-8e46-4c8c-9d03-71b403deaa4f/enabled HTTP/1.1
User-Agent: selenium/4.1.2 (java windows)
Cache-Control: no-cache
Content-Type: application/json; charset=utf-8
host: localhost:50104
accept: */*

Response DefaultHttpResponse(decodeResult: success, version: HTTP/1.1)
HTTP/1.1 200 OK
Content-Type: application/json; charset=utf-8
cache-control: no-cache
content-length: 14

18:12:36.713 [AsyncHttpClient-1-4] DEBUG org.asynchttpclient.netty.channel.ChannelManager - Adding key: http://localhost:50104 for channel [id: 0x78178659, L:/127.0.0.1:51764 - R:localhost/127.0.0.1:50104]
18:12:36.715 [Forwarding findElement on session 0d24c70563bfbaf4a268daa0db46383c to remote] DEBUG org.asynchttpclient.netty.request.NettyRequestSender - Using pooled Channel '[id: 0x78178659, L:/127.0.0.1:51764 - R:localhost/127.0.0.1:50104]' for 'POST' to 'http://localhost:50104/session/0d24c70563bfbaf4a268daa0db46383c/element'
18:12:36.715 [Forwarding findElement on session 0d24c70563bfbaf4a268daa0db46383c to remote] DEBUG org.asynchttpclient.netty.request.NettyRequestSender - Using open Channel [id: 0x78178659, L:/127.0.0.1:51764 - R:localhost/127.0.0.1:50104] for POST '/session/0d24c70563bfbaf4a268daa0db46383c/element'
18:12:36.722 [AsyncHttpClient-1-4] DEBUG org.asynchttpclient.netty.handler.HttpHandler - 

Request DefaultHttpRequest(decodeResult: success, version: HTTP/1.1)
POST /session/0d24c70563bfbaf4a268daa0db46383c/element HTTP/1.1
User-Agent: selenium/4.1.2 (java windows)
Content-Length: 143
Content-Type: application/json; charset=utf-8
host: localhost:50104
accept: */*

Response DefaultHttpResponse(decodeResult: success, version: HTTP/1.1)
HTTP/1.1 200 OK
Content-Type: application/json; charset=utf-8
cache-control: no-cache
content-length: 88

18:12:36.723 [AsyncHttpClient-1-4] DEBUG org.asynchttpclient.netty.channel.ChannelManager - Adding key: http://localhost:50104 for channel [id: 0x78178659, L:/127.0.0.1:51764 - R:localhost/127.0.0.1:50104]
18:12:36.724 [Forwarding clickElement on session 0d24c70563bfbaf4a268daa0db46383c to remote] DEBUG org.asynchttpclient.netty.request.NettyRequestSender - Using pooled Channel '[id: 0x78178659, L:/127.0.0.1:51764 - R:localhost/127.0.0.1:50104]' for 'POST' to 'http://localhost:50104/session/0d24c70563bfbaf4a268daa0db46383c/element/48670231-8e46-4c8c-9d03-71b403deaa4f/click'
18:12:36.724 [Forwarding clickElement on session 0d24c70563bfbaf4a268daa0db46383c to remote] DEBUG org.asynchttpclient.netty.request.NettyRequestSender - Using open Channel [id: 0x78178659, L:/127.0.0.1:51764 - R:localhost/127.0.0.1:50104] for POST '/session/0d24c70563bfbaf4a268daa0db46383c/element/48670231-8e46-4c8c-9d03-71b403deaa4f/click'
18:12:36.763 [AsyncHttpClient-1-4] DEBUG org.asynchttpclient.netty.handler.HttpHandler - 

Request DefaultHttpRequest(decodeResult: success, version: HTTP/1.1)
POST /session/0d24c70563bfbaf4a268daa0db46383c/element/48670231-8e46-4c8c-9d03-71b403deaa4f/click HTTP/1.1
User-Agent: selenium/4.1.2 (java windows)
Content-Length: 50
Content-Type: application/json; charset=utf-8
host: localhost:50104
accept: */*

Response DefaultHttpResponse(decodeResult: success, version: HTTP/1.1)
HTTP/1.1 200 OK
Content-Type: application/json; charset=utf-8
cache-control: no-cache
content-length: 14

18:12:36.763 [AsyncHttpClient-1-4] DEBUG org.asynchttpclient.netty.channel.ChannelManager - Adding key: http://localhost:50104 for channel [id: 0x78178659, L:/127.0.0.1:51764 - R:localhost/127.0.0.1:50104]
  &amp#27;[32mAnd &amp#27;[0m&amp#27;[32mI click login button&amp#27;[0m                      &amp#27;[90m# starter.stepdefinitions.LoginStep.iClickLoginButton()&amp#27;[0m
18:12:36.769 [Forwarding screenshot on session 0d24c70563bfbaf4a268daa0db46383c to remote] DEBUG org.asynchttpclient.netty.request.NettyRequestSender - Using pooled Channel '[id: 0x78178659, L:/127.0.0.1:51764 - R:localhost/127.0.0.1:50104]' for 'GET' to 'http://localhost:50104/session/0d24c70563bfbaf4a268daa0db46383c/screenshot'
18:12:36.769 [Forwarding screenshot on session 0d24c70563bfbaf4a268daa0db46383c to remote] DEBUG org.asynchttpclient.netty.request.NettyRequestSender - Using open Channel [id: 0x78178659, L:/127.0.0.1:51764 - R:localhost/127.0.0.1:50104] for GET '/session/0d24c70563bfbaf4a268daa0db46383c/screenshot'
18:12:36.910 [AsyncHttpClient-1-4] DEBUG org.asynchttpclient.netty.handler.HttpHandler - 

Request DefaultFullHttpRequest(decodeResult: success, version: HTTP/1.1, content: EmptyByteBufBE)
GET /session/0d24c70563bfbaf4a268daa0db46383c/screenshot HTTP/1.1
User-Agent: selenium/4.1.2 (java windows)
Cache-Control: no-cache
Content-Type: application/json; charset=utf-8
host: localhost:50104
accept: */*

Response DefaultHttpResponse(decodeResult: success, version: HTTP/1.1)
HTTP/1.1 200 OK
Content-Type: application/json; charset=utf-8
cache-control: no-cache
content-length: 28336

18:12:36.910 [AsyncHttpClient-1-4] DEBUG org.asynchttpclient.netty.channel.ChannelManager - Adding key: http://localhost:50104 for channel [id: 0x78178659, L:/127.0.0.1:51764 - R:localhost/127.0.0.1:50104]
18:12:36.912 [main] DEBUG net.serenitybdd.core.photography.Darkroom - Send negative for processing for target\site\serenity\b7c099761c40659aced6c3e6824a521fa8b6ad4b8cdfc0fa4fadcf42cf7df419.png
18:12:36.913 [Darkroom Processing Line] DEBUG net.serenitybdd.core.photography.DarkroomProcessingLine - Processing screenshot image in /var/screenshots/screenshot-13394911061786051256
18:12:36.913 [Darkroom Processing Line] DEBUG net.serenitybdd.core.photography.DarkroomProcessingLine - Saving screenshot to target\site\serenity\b7c099761c40659aced6c3e6824a521fa8b6ad4b8cdfc0fa4fadcf42cf7df419.png
18:12:36.920 [Forwarding findElement on session 0d24c70563bfbaf4a268daa0db46383c to remote] DEBUG org.asynchttpclient.netty.request.NettyRequestSender - Using pooled Channel '[id: 0x78178659, L:/127.0.0.1:51764 - R:localhost/127.0.0.1:50104]' for 'POST' to 'http://localhost:50104/session/0d24c70563bfbaf4a268daa0db46383c/element'
18:12:36.920 [Forwarding findElement on session 0d24c70563bfbaf4a268daa0db46383c to remote] DEBUG org.asynchttpclient.netty.request.NettyRequestSender - Using open Channel [id: 0x78178659, L:/127.0.0.1:51764 - R:localhost/127.0.0.1:50104] for POST '/session/0d24c70563bfbaf4a268daa0db46383c/element'
18:12:37.380 [AsyncHttpClient-1-1] DEBUG org.asynchttpclient.netty.channel.DefaultChannelPool - Entry count for : http://localhost:51765 : 1
18:12:38.185 [AsyncHttpClient-1-4] DEBUG org.asynchttpclient.netty.handler.HttpHandler - 

Request DefaultHttpRequest(decodeResult: success, version: HTTP/1.1)
POST /session/0d24c70563bfbaf4a268daa0db46383c/element HTTP/1.1
User-Agent: selenium/4.1.2 (java windows)
Content-Length: 69
Content-Type: application/json; charset=utf-8
host: localhost:50104
accept: */*

Response DefaultHttpResponse(decodeResult: success, version: HTTP/1.1)
HTTP/1.1 200 OK
Content-Type: application/json; charset=utf-8
cache-control: no-cache
content-length: 88

18:12:38.186 [AsyncHttpClient-1-4] DEBUG org.asynchttpclient.netty.channel.ChannelManager - Adding key: http://localhost:50104 for channel [id: 0x78178659, L:/127.0.0.1:51764 - R:localhost/127.0.0.1:50104]
18:12:38.193 [Forwarding isElementDisplayed on session 0d24c70563bfbaf4a268daa0db46383c to remote] DEBUG org.asynchttpclient.netty.request.NettyRequestSender - Using pooled Channel '[id: 0x78178659, L:/127.0.0.1:51764 - R:localhost/127.0.0.1:50104]' for 'POST' to 'http://localhost:50104/session/0d24c70563bfbaf4a268daa0db46383c/execute/sync'
18:12:38.193 [Forwarding isElementDisplayed on session 0d24c70563bfbaf4a268daa0db46383c to remote] DEBUG org.asynchttpclient.netty.request.NettyRequestSender - Using open Channel [id: 0x78178659, L:/127.0.0.1:51764 - R:localhost/127.0.0.1:50104] for POST '/session/0d24c70563bfbaf4a268daa0db46383c/execute/sync'
18:12:38.220 [AsyncHttpClient-1-4] DEBUG org.asynchttpclient.netty.handler.HttpHandler - 

Request DefaultHttpRequest(decodeResult: success, version: HTTP/1.1)
POST /session/0d24c70563bfbaf4a268daa0db46383c/execute/sync HTTP/1.1
User-Agent: selenium/4.1.2 (java windows)
Content-Length: 48780
Content-Type: application/json; charset=utf-8
host: localhost:50104
accept: */*

Response DefaultHttpResponse(decodeResult: success, version: HTTP/1.1)
HTTP/1.1 200 OK
Content-Type: application/json; charset=utf-8
cache-control: no-cache
content-length: 14

18:12:38.221 [AsyncHttpClient-1-4] DEBUG org.asynchttpclient.netty.channel.ChannelManager - Adding key: http://localhost:50104 for channel [id: 0x78178659, L:/127.0.0.1:51764 - R:localhost/127.0.0.1:50104]
  &amp#27;[32mThen &amp#27;[0m&amp#27;[32mI will get the result &amp#27;[0m&amp#27;[32m&amp#27;[1m"failed"&amp#27;[0m           &amp#27;[90m# starter.stepdefinitions.LoginStep.iWillGetTheResult(java.lang.String)&amp#27;[0m
18:12:38.230 [Forwarding screenshot on session 0d24c70563bfbaf4a268daa0db46383c to remote] DEBUG org.asynchttpclient.netty.request.NettyRequestSender - Using pooled Channel '[id: 0x78178659, L:/127.0.0.1:51764 - R:localhost/127.0.0.1:50104]' for 'GET' to 'http://localhost:50104/session/0d24c70563bfbaf4a268daa0db46383c/screenshot'
18:12:38.230 [Forwarding screenshot on session 0d24c70563bfbaf4a268daa0db46383c to remote] DEBUG org.asynchttpclient.netty.request.NettyRequestSender - Using open Channel [id: 0x78178659, L:/127.0.0.1:51764 - R:localhost/127.0.0.1:50104] for GET '/session/0d24c70563bfbaf4a268daa0db46383c/screenshot'
18:12:38.368 [AsyncHttpClient-1-4] DEBUG org.asynchttpclient.netty.handler.HttpHandler - 

Request DefaultFullHttpRequest(decodeResult: success, version: HTTP/1.1, content: EmptyByteBufBE)
GET /session/0d24c70563bfbaf4a268daa0db46383c/screenshot HTTP/1.1
User-Agent: selenium/4.1.2 (java windows)
Cache-Control: no-cache
Content-Type: application/json; charset=utf-8
host: localhost:50104
accept: */*

Response DefaultHttpResponse(decodeResult: success, version: HTTP/1.1)
HTTP/1.1 200 OK
Content-Type: application/json; charset=utf-8
cache-control: no-cache
content-length: 34768

18:12:38.368 [AsyncHttpClient-1-4] DEBUG org.asynchttpclient.netty.channel.ChannelManager - Adding key: http://localhost:50104 for channel [id: 0x78178659, L:/127.0.0.1:51764 - R:localhost/127.0.0.1:50104]
18:12:38.370 [main] DEBUG net.serenitybdd.core.photography.Darkroom - Send negative for processing for target\site\serenity\d75e187a9ed5436e75ea5838ed2b41b8f356a41643ecb5175a229e195b54baba.png
18:12:38.371 [Darkroom Processing Line] DEBUG net.serenitybdd.core.photography.DarkroomProcessingLine - Processing screenshot image in /var/screenshots/screenshot-3950465896968248178
18:12:38.371 [Darkroom Processing Line] DEBUG net.serenitybdd.core.photography.DarkroomProcessingLine - Saving screenshot to target\site\serenity\d75e187a9ed5436e75ea5838ed2b41b8f356a41643ecb5175a229e195b54baba.png
18:12:38.376 [AsyncHttpClient-1-6] DEBUG org.asynchttpclient.netty.handler.WebSocketHandler - Channel Closed: [id: 0x2997d1e1, L:/127.0.0.1:51772 ! R:localhost/127.0.0.1:51765] with attribute NettyResponseFuture{currentRetry=5,
	isDone=1,
	isCancelled=0,
	asyncHandler=org.asynchttpclient.ws.WebSocketUpgradeHandler@3ae32c12,
	nettyRequest=org.asynchttpclient.netty.request.NettyRequest@5fc516a1,
	future=java.util.concurrent.CompletableFuture@51452923[Completed normally],
	uri=ws://localhost:51765/devtools/browser/ffdd3396-cd8b-434e-a73c-9f78f7070434,
	keepAlive=true,
	redirectCount=0,
	timeoutsHolder=null,
	inAuth=0,
	touch=1667041955431}
18:12:38.376 [AsyncHttpClient-1-6] DEBUG org.asynchttpclient.netty.channel.ChannelManager - Closing Channel [id: 0x2997d1e1, L:/127.0.0.1:51772 ! R:localhost/127.0.0.1:51765] 
18:12:38.376 [Driver Command Executor] DEBUG org.asynchttpclient.netty.request.NettyRequestSender - Using pooled Channel '[id: 0x78178659, L:/127.0.0.1:51764 - R:localhost/127.0.0.1:50104]' for 'DELETE' to 'http://localhost:50104/session/0d24c70563bfbaf4a268daa0db46383c'
18:12:38.376 [Driver Command Executor] DEBUG org.asynchttpclient.netty.request.NettyRequestSender - Using open Channel [id: 0x78178659, L:/127.0.0.1:51764 - R:localhost/127.0.0.1:50104] for DELETE '/session/0d24c70563bfbaf4a268daa0db46383c'
18:12:38.398 [AsyncHttpClient-1-5] DEBUG org.asynchttpclient.netty.handler.HttpHandler - Unexpected I/O exception on channel [id: 0x658e7737, L:/127.0.0.1:51771 - R:localhost/127.0.0.1:51765]
java.net.SocketException: Connection reset
	at java.base/sun.nio.ch.SocketChannelImpl.throwConnectionReset(SocketChannelImpl.java:345)
	at java.base/sun.nio.ch.SocketChannelImpl.read(SocketChannelImpl.java:376)
	at io.netty.buffer.PooledByteBuf.setBytes(PooledByteBuf.java:258)
	at io.netty.buffer.AbstractByteBuf.writeBytes(AbstractByteBuf.java:1132)
	at io.netty.channel.socket.nio.NioSocketChannel.doReadBytes(NioSocketChannel.java:350)
	at io.netty.channel.nio.AbstractNioByteChannel$NioByteUnsafe.read(AbstractNioByteChannel.java:151)
	at io.netty.channel.nio.NioEventLoop.processSelectedKey(NioEventLoop.java:722)
	at io.netty.channel.nio.NioEventLoop.processSelectedKeysOptimized(NioEventLoop.java:658)
	at io.netty.channel.nio.NioEventLoop.processSelectedKeys(NioEventLoop.java:584)
	at io.netty.channel.nio.NioEventLoop.run(NioEventLoop.java:496)
	at io.netty.util.concurrent.SingleThreadEventExecutor$4.run(SingleThreadEventExecutor.java:986)
	at io.netty.util.internal.ThreadExecutorMap$2.run(ThreadExecutorMap.java:74)
	at io.netty.util.concurrent.FastThreadLocalRunnable.run(FastThreadLocalRunnable.java:30)
	at java.base/java.lang.Thread.run(Thread.java:830)
18:12:38.398 [AsyncHttpClient-1-5] DEBUG org.asynchttpclient.netty.channel.ChannelManager - Closing Channel [id: 0x658e7737, L:/127.0.0.1:51771 - R:localhost/127.0.0.1:51765] 
18:12:38.398 [AsyncHttpClient-1-5] DEBUG org.asynchttpclient.netty.handler.HttpHandler - Channel Closed: [id: 0x658e7737, L:/127.0.0.1:51771 ! R:localhost/127.0.0.1:51765] with attribute DISCARD
18:12:38.409 [AsyncHttpClient-1-4] DEBUG org.asynchttpclient.netty.handler.HttpHandler - 

Request DefaultFullHttpRequest(decodeResult: success, version: HTTP/1.1, content: EmptyByteBufBE)
DELETE /session/0d24c70563bfbaf4a268daa0db46383c HTTP/1.1
User-Agent: selenium/4.1.2 (java windows)
Content-Type: application/json; charset=utf-8
host: localhost:50104
accept: */*

Response DefaultHttpResponse(decodeResult: success, version: HTTP/1.1)
HTTP/1.1 200 OK
Content-Type: application/json; charset=utf-8
cache-control: no-cache
content-length: 14

18:12:38.409 [AsyncHttpClient-1-4] DEBUG org.asynchttpclient.netty.channel.ChannelManager - Adding key: http://localhost:50104 for channel [id: 0x78178659, L:/127.0.0.1:51764 - R:localhost/127.0.0.1:50104]
18:12:38.463 [AsyncHttpClient-1-4] DEBUG org.asynchttpclient.netty.handler.HttpHandler - Channel Closed: [id: 0x78178659, L:/127.0.0.1:51764 ! R:localhost/127.0.0.1:50104] with attribute DISCARD
18:12:38.476 [AsyncHttpClient-1-1] DEBUG org.asynchttpclient.netty.channel.DefaultChannelPool - Entry count for : http://localhost:50104 : 1
18:12:38.476 [AsyncHttpClient-1-1] DEBUG org.asynchttpclient.netty.channel.DefaultChannelPool - Entry count for : http://localhost:51765 : 1
18:12:38.476 [AsyncHttpClient-1-1] DEBUG org.asynchttpclient.netty.channel.DefaultChannelPool - Adding Candidate expired Channel [id: 0x78178659, L:/127.0.0.1:51764 ! R:localhost/127.0.0.1:50104] isIdleTimeoutExpired=false isRemotelyClosed=true isTtlExpired=false
18:12:38.476 [AsyncHttpClient-1-1] DEBUG org.asynchttpclient.netty.channel.DefaultChannelPool - Closing Idle Channel [id: 0x78178659, L:/127.0.0.1:51764 ! R:localhost/127.0.0.1:50104]
18:12:38.476 [AsyncHttpClient-1-1] DEBUG org.asynchttpclient.netty.channel.DefaultChannelPool - Adding Candidate expired Channel [id: 0x658e7737, L:/127.0.0.1:51771 ! R:localhost/127.0.0.1:51765] isIdleTimeoutExpired=false isRemotelyClosed=true isTtlExpired=false
18:12:38.476 [AsyncHttpClient-1-1] DEBUG org.asynchttpclient.netty.channel.DefaultChannelPool - Closing Idle Channel [id: 0x658e7737, L:/127.0.0.1:51771 ! R:localhost/127.0.0.1:51765]
18:12:38.476 [AsyncHttpClient-1-1] DEBUG org.asynchttpclient.netty.channel.DefaultChannelPool - Closed 2 connections out of 2 in 0 ms
18:12:38.990 [main] INFO  - 
  _____   ___   ___   _____     ___     _     ___   ___   ___   ___  
 |_   _| | __| / __| |_   _|   | _ \   /_\   / __| / __| | __| |   \ 
   | |   | _|  \__ \   | |     |  _/  / _ \  \__ \ \__ \ | _|  | |) |
   |_|   |___| |___/   |_|     |_|   /_/ \_\ |___/ |___/ |___| |___/ 

Login with email and password
----------------------------------------------------------------------
]]></system-out>
    <system-err><![CDATA[Starting ChromeDriver 105.0.5195.52 (412c95e518836d8a7d97250d62b29c2ae6a26a85-refs/branch-heads/5195@{#853}) on port 50104
Only local connections are allowed.
Please see https://chromedriver.chromium.org/security-considerations for suggestions on keeping ChromeDriver safe.
ChromeDriver was started successfully.
[1667041955.407][WARNING]: This version of ChromeDriver has not been tested with Chrome version 106.
Okt 29, 2022 6:12:35 PM org.openqa.selenium.remote.ProtocolHandshake createSession
INFO: Detected dialect: W3C
Okt 29, 2022 6:12:35 PM org.openqa.selenium.devtools.CdpVersionFinder findNearestMatch
WARNING: Unable to find an exact match for CDP version 106, so returning the closest version found: a no-op implementation
Okt 29, 2022 6:12:35 PM org.openqa.selenium.devtools.CdpVersionFinder findNearestMatch
INFO: Unable to find CDP implementation matching 106.
Okt 29, 2022 6:12:35 PM org.openqa.selenium.chromium.ChromiumDriver lambda$new$3
WARNING: Unable to find version of CDP to use for . You may need to include a dependency on a specific version of the CDP using something similar to `org.seleniumhq.selenium:selenium-devtools-v86:4.1.2` where the version ("v86") matches the version of the chromium-based browser you're using and the version number of the artifact is the same as Selenium's.
]]></system-err>
  </testcase>
  <testcase name="Login with email and password #3" classname="Login" time="5.101">
    <system-out><![CDATA[
Scenario Outline: Login with email and password &amp#27;[90m# src/test/resources/features/Login.feature:17&amp#27;[0m
18:12:39.006 [main] INFO io.cucumber.core.plugin.SerenityReporter - Running feature from file:///C:/Users/alwi/IdeaProjects/AltaShop/src/test/resources/features/Login.feature
18:12:39.027 [main] INFO net.serenitybdd.core.webdriver.driverproviders.ChromeDriverProvider - Using automatically driver download
18:12:39.137 [main] DEBUG io.github.bonigarcia.wdm.cache.ResolutionCache - Resolution chrome=106 in cache (valid until 18:14:56 29/10/2022 WIB)
18:12:39.140 [main] DEBUG io.github.bonigarcia.wdm.cache.ResolutionCache - Resolution chrome106=106.0.5249.61 in cache (valid until 19:30:28 29/10/2022 WIB)
18:12:39.142 [main] INFO io.github.bonigarcia.wdm.WebDriverManager - Using chromedriver 106.0.5249.61 (resolved driver for Chrome 106)
18:12:39.151 [main] DEBUG io.github.bonigarcia.wdm.WebDriverManager - Driver chromedriver 106.0.5249.61 found in cache
18:12:39.151 [main] INFO io.github.bonigarcia.wdm.WebDriverManager - Exporting webdriver.chrome.driver as C:\Users\alwi\.cache\selenium\chromedriver\win32\106.0.5249.61\chromedriver.exe
18:12:39.282 [main] DEBUG net.serenitybdd.core.webdriver.driverproviders.ProvideNewDriver - Instantiating driver
18:12:39.282 [main] DEBUG net.serenitybdd.core.webdriver.driverproviders.ProvideNewDriver - Driver capabilities: Capabilities {acceptInsecureCerts: false, base.url: https://alta-shop.vercel.app, browserName: chrome, chrome.driver: src/test/resources/webdrive..., driver: chrome, goog:chromeOptions: {args: [], extensions: []}, wait.for.timeout: 6000}
18:12:39.818 [AsyncHttpClient-1-7] DEBUG org.asynchttpclient.netty.channel.NettyConnectListener - Using new Channel '[id: 0x62813ded, L:/127.0.0.1:51792 - R:localhost/127.0.0.1:56152]' for 'POST' to '/session'
18:12:40.508 [AsyncHttpClient-1-7] DEBUG org.asynchttpclient.netty.handler.HttpHandler - 

Request DefaultHttpRequest(decodeResult: success, version: HTTP/1.1)
POST /session HTTP/1.1
User-Agent: selenium/4.1.2 (java windows)
Content-Length: 639
Content-Type: application/json; charset=utf-8
host: localhost:56152
accept: */*

Response DefaultHttpResponse(decodeResult: success, version: HTTP/1.1)
HTTP/1.1 200 OK
Content-Type: application/json; charset=utf-8
cache-control: no-cache
content-length: 788

18:12:40.508 [AsyncHttpClient-1-7] DEBUG org.asynchttpclient.netty.channel.ChannelManager - Adding key: http://localhost:56152 for channel [id: 0x62813ded, L:/127.0.0.1:51792 - R:localhost/127.0.0.1:56152]
18:12:40.515 [AsyncHttpClient-1-8] DEBUG org.asynchttpclient.netty.channel.NettyConnectListener - Using new Channel '[id: 0x34914b0c, L:/127.0.0.1:51800 - R:localhost/127.0.0.1:51794]' for 'GET' to '/json/version'
18:12:40.517 [AsyncHttpClient-1-8] DEBUG org.asynchttpclient.netty.handler.HttpHandler - 

Request DefaultFullHttpRequest(decodeResult: success, version: HTTP/1.1, content: EmptyByteBufBE)
GET /json/version HTTP/1.1
User-Agent: selenium/4.1.2 (java windows)
host: localhost:51794
accept: */*

Response DefaultHttpResponse(decodeResult: success, version: HTTP/1.1)
HTTP/1.1 200 OK
Content-Type: application/json; charset=UTF-8
content-length: 424

18:12:40.517 [AsyncHttpClient-1-8] DEBUG org.asynchttpclient.netty.channel.ChannelManager - Adding key: http://localhost:51794 for channel [id: 0x34914b0c, L:/127.0.0.1:51800 - R:localhost/127.0.0.1:51794]
18:12:40.521 [AsyncHttpClient-1-9] DEBUG org.asynchttpclient.netty.channel.NettyConnectListener - Using new Channel '[id: 0xdf38f08c, L:/127.0.0.1:51801 - R:localhost/127.0.0.1:51794]' for 'GET' to '/devtools/browser/25069500-f293-4bad-aa78-0cdb6dfe63a7'
18:12:40.523 [AsyncHttpClient-1-9] DEBUG org.asynchttpclient.netty.handler.WebSocketHandler - 

Request DefaultFullHttpRequest(decodeResult: success, version: HTTP/1.1, content: EmptyByteBufBE)
GET /devtools/browser/25069500-f293-4bad-aa78-0cdb6dfe63a7 HTTP/1.1
upgrade: websocket
connection: upgrade
sec-websocket-key: NYjRK/LklF4ZpiuhKwh+Eg==
sec-websocket-version: 13
origin: http://localhost:51794
host: localhost:51794
accept: */*
user-agent: AHC/2.1

Response DefaultHttpResponse(decodeResult: success, version: HTTP/1.1)
HTTP/1.1 101 WebSocket Protocol Handshake
Upgrade: WebSocket
Connection: Upgrade
Sec-WebSocket-Accept: OX6WdBEAHhoZzygTFauZ2l3uubM=

18:12:40.528 [Forwarding get on session 88226a973c952f5876dd93c906db8aed to remote] DEBUG org.asynchttpclient.netty.request.NettyRequestSender - Using pooled Channel '[id: 0x62813ded, L:/127.0.0.1:51792 - R:localhost/127.0.0.1:56152]' for 'POST' to 'http://localhost:56152/session/88226a973c952f5876dd93c906db8aed/url'
18:12:40.528 [Forwarding get on session 88226a973c952f5876dd93c906db8aed to remote] DEBUG org.asynchttpclient.netty.request.NettyRequestSender - Using open Channel [id: 0x62813ded, L:/127.0.0.1:51792 - R:localhost/127.0.0.1:56152] for POST '/session/88226a973c952f5876dd93c906db8aed/url'
18:12:40.674 [AsyncHttpClient-1-1] DEBUG org.asynchttpclient.netty.channel.DefaultChannelPool - Entry count for : http://localhost:51794 : 1
18:12:41.020 [AsyncHttpClient-1-7] DEBUG org.asynchttpclient.netty.handler.HttpHandler - 

Request DefaultHttpRequest(decodeResult: success, version: HTTP/1.1)
POST /session/88226a973c952f5876dd93c906db8aed/url HTTP/1.1
User-Agent: selenium/4.1.2 (java windows)
Content-Length: 74
Content-Type: application/json; charset=utf-8
host: localhost:56152
accept: */*

Response DefaultHttpResponse(decodeResult: success, version: HTTP/1.1)
HTTP/1.1 200 OK
Content-Type: application/json; charset=utf-8
cache-control: no-cache
content-length: 14

18:12:41.020 [AsyncHttpClient-1-7] DEBUG org.asynchttpclient.netty.channel.ChannelManager - Adding key: http://localhost:56152 for channel [id: 0x62813ded, L:/127.0.0.1:51792 - R:localhost/127.0.0.1:56152]
18:12:41.022 [Forwarding setTimeout on session 88226a973c952f5876dd93c906db8aed to remote] DEBUG org.asynchttpclient.netty.request.NettyRequestSender - Using pooled Channel '[id: 0x62813ded, L:/127.0.0.1:51792 - R:localhost/127.0.0.1:56152]' for 'POST' to 'http://localhost:56152/session/88226a973c952f5876dd93c906db8aed/timeouts'
18:12:41.022 [Forwarding setTimeout on session 88226a973c952f5876dd93c906db8aed to remote] DEBUG org.asynchttpclient.netty.request.NettyRequestSender - Using open Channel [id: 0x62813ded, L:/127.0.0.1:51792 - R:localhost/127.0.0.1:56152] for POST '/session/88226a973c952f5876dd93c906db8aed/timeouts'
18:12:41.023 [AsyncHttpClient-1-7] DEBUG org.asynchttpclient.netty.handler.HttpHandler - 

Request DefaultHttpRequest(decodeResult: success, version: HTTP/1.1)
POST /session/88226a973c952f5876dd93c906db8aed/timeouts HTTP/1.1
User-Agent: selenium/4.1.2 (java windows)
Content-Length: 22
Content-Type: application/json; charset=utf-8
host: localhost:56152
accept: */*

Response DefaultHttpResponse(decodeResult: success, version: HTTP/1.1)
HTTP/1.1 200 OK
Content-Type: application/json; charset=utf-8
cache-control: no-cache
content-length: 14

18:12:41.023 [AsyncHttpClient-1-7] DEBUG org.asynchttpclient.netty.channel.ChannelManager - Adding key: http://localhost:56152 for channel [id: 0x62813ded, L:/127.0.0.1:51792 - R:localhost/127.0.0.1:56152]
18:12:41.026 [Forwarding getCurrentUrl on session 88226a973c952f5876dd93c906db8aed to remote] DEBUG org.asynchttpclient.netty.request.NettyRequestSender - Using pooled Channel '[id: 0x62813ded, L:/127.0.0.1:51792 - R:localhost/127.0.0.1:56152]' for 'GET' to 'http://localhost:56152/session/88226a973c952f5876dd93c906db8aed/url'
18:12:41.026 [Forwarding getCurrentUrl on session 88226a973c952f5876dd93c906db8aed to remote] DEBUG org.asynchttpclient.netty.request.NettyRequestSender - Using open Channel [id: 0x62813ded, L:/127.0.0.1:51792 - R:localhost/127.0.0.1:56152] for GET '/session/88226a973c952f5876dd93c906db8aed/url'
18:12:41.029 [AsyncHttpClient-1-7] DEBUG org.asynchttpclient.netty.handler.HttpHandler - 

Request DefaultFullHttpRequest(decodeResult: success, version: HTTP/1.1, content: EmptyByteBufBE)
GET /session/88226a973c952f5876dd93c906db8aed/url HTTP/1.1
User-Agent: selenium/4.1.2 (java windows)
Cache-Control: no-cache
Content-Type: application/json; charset=utf-8
host: localhost:56152
accept: */*

Response DefaultHttpResponse(decodeResult: success, version: HTTP/1.1)
HTTP/1.1 200 OK
Content-Type: application/json; charset=utf-8
cache-control: no-cache
content-length: 51

18:12:41.029 [AsyncHttpClient-1-7] DEBUG org.asynchttpclient.netty.channel.ChannelManager - Adding key: http://localhost:56152 for channel [id: 0x62813ded, L:/127.0.0.1:51792 - R:localhost/127.0.0.1:56152]
  &amp#27;[32mGiven &amp#27;[0m&amp#27;[32mI am on the login page&amp#27;[0m                  &amp#27;[90m# starter.stepdefinitions.LoginStep.iAmOnTheLoginPage()&amp#27;[0m
18:12:41.034 [Forwarding screenshot on session 88226a973c952f5876dd93c906db8aed to remote] DEBUG org.asynchttpclient.netty.request.NettyRequestSender - Using pooled Channel '[id: 0x62813ded, L:/127.0.0.1:51792 - R:localhost/127.0.0.1:56152]' for 'GET' to 'http://localhost:56152/session/88226a973c952f5876dd93c906db8aed/screenshot'
18:12:41.034 [Forwarding screenshot on session 88226a973c952f5876dd93c906db8aed to remote] DEBUG org.asynchttpclient.netty.request.NettyRequestSender - Using open Channel [id: 0x62813ded, L:/127.0.0.1:51792 - R:localhost/127.0.0.1:56152] for GET '/session/88226a973c952f5876dd93c906db8aed/screenshot'
18:12:41.118 [AsyncHttpClient-1-7] DEBUG org.asynchttpclient.netty.handler.HttpHandler - 

Request DefaultFullHttpRequest(decodeResult: success, version: HTTP/1.1, content: EmptyByteBufBE)
GET /session/88226a973c952f5876dd93c906db8aed/screenshot HTTP/1.1
User-Agent: selenium/4.1.2 (java windows)
Cache-Control: no-cache
Content-Type: application/json; charset=utf-8
host: localhost:56152
accept: */*

Response DefaultHttpResponse(decodeResult: success, version: HTTP/1.1)
HTTP/1.1 200 OK
Content-Type: application/json; charset=utf-8
cache-control: no-cache
content-length: 24528

18:12:41.118 [AsyncHttpClient-1-7] DEBUG org.asynchttpclient.netty.channel.ChannelManager - Adding key: http://localhost:56152 for channel [id: 0x62813ded, L:/127.0.0.1:51792 - R:localhost/127.0.0.1:56152]
18:12:41.120 [main] DEBUG net.serenitybdd.core.photography.Darkroom - Send negative for processing for target\site\serenity\4a081d05db2e6be9b3256b332b844d9c53d5aa88207142e6b6c18ed6759b787c.png
18:12:41.127 [Forwarding findElement on session 88226a973c952f5876dd93c906db8aed to remote] DEBUG org.asynchttpclient.netty.request.NettyRequestSender - Using pooled Channel '[id: 0x62813ded, L:/127.0.0.1:51792 - R:localhost/127.0.0.1:56152]' for 'POST' to 'http://localhost:56152/session/88226a973c952f5876dd93c906db8aed/element'
18:12:41.127 [Forwarding findElement on session 88226a973c952f5876dd93c906db8aed to remote] DEBUG org.asynchttpclient.netty.request.NettyRequestSender - Using open Channel [id: 0x62813ded, L:/127.0.0.1:51792 - R:localhost/127.0.0.1:56152] for POST '/session/88226a973c952f5876dd93c906db8aed/element'
18:12:41.137 [AsyncHttpClient-1-7] DEBUG org.asynchttpclient.netty.handler.HttpHandler - 

Request DefaultHttpRequest(decodeResult: success, version: HTTP/1.1)
POST /session/88226a973c952f5876dd93c906db8aed/element HTTP/1.1
User-Agent: selenium/4.1.2 (java windows)
Content-Length: 55
Content-Type: application/json; charset=utf-8
host: localhost:56152
accept: */*

Response DefaultHttpResponse(decodeResult: success, version: HTTP/1.1)
HTTP/1.1 200 OK
Content-Type: application/json; charset=utf-8
cache-control: no-cache
content-length: 88

18:12:41.137 [AsyncHttpClient-1-7] DEBUG org.asynchttpclient.netty.channel.ChannelManager - Adding key: http://localhost:56152 for channel [id: 0x62813ded, L:/127.0.0.1:51792 - R:localhost/127.0.0.1:56152]
18:12:41.138 [Forwarding clearElement on session 88226a973c952f5876dd93c906db8aed to remote] DEBUG org.asynchttpclient.netty.request.NettyRequestSender - Using pooled Channel '[id: 0x62813ded, L:/127.0.0.1:51792 - R:localhost/127.0.0.1:56152]' for 'POST' to 'http://localhost:56152/session/88226a973c952f5876dd93c906db8aed/element/6a27b590-d4f8-4d09-b0ca-7d5f65f5542e/clear'
18:12:41.138 [Forwarding clearElement on session 88226a973c952f5876dd93c906db8aed to remote] DEBUG org.asynchttpclient.netty.request.NettyRequestSender - Using open Channel [id: 0x62813ded, L:/127.0.0.1:51792 - R:localhost/127.0.0.1:56152] for POST '/session/88226a973c952f5876dd93c906db8aed/element/6a27b590-d4f8-4d09-b0ca-7d5f65f5542e/clear'
18:12:41.164 [AsyncHttpClient-1-7] DEBUG org.asynchttpclient.netty.handler.HttpHandler - 

Request DefaultHttpRequest(decodeResult: success, version: HTTP/1.1)
POST /session/88226a973c952f5876dd93c906db8aed/element/6a27b590-d4f8-4d09-b0ca-7d5f65f5542e/clear HTTP/1.1
User-Agent: selenium/4.1.2 (java windows)
Content-Length: 50
Content-Type: application/json; charset=utf-8
host: localhost:56152
accept: */*

Response DefaultHttpResponse(decodeResult: success, version: HTTP/1.1)
HTTP/1.1 200 OK
Content-Type: application/json; charset=utf-8
cache-control: no-cache
content-length: 14

18:12:41.164 [AsyncHttpClient-1-7] DEBUG org.asynchttpclient.netty.channel.ChannelManager - Adding key: http://localhost:56152 for channel [id: 0x62813ded, L:/127.0.0.1:51792 - R:localhost/127.0.0.1:56152]
18:12:41.166 [Forwarding sendKeysToElement on session 88226a973c952f5876dd93c906db8aed to remote] DEBUG org.asynchttpclient.netty.request.NettyRequestSender - Using pooled Channel '[id: 0x62813ded, L:/127.0.0.1:51792 - R:localhost/127.0.0.1:56152]' for 'POST' to 'http://localhost:56152/session/88226a973c952f5876dd93c906db8aed/element/6a27b590-d4f8-4d09-b0ca-7d5f65f5542e/value'
18:12:41.166 [Forwarding sendKeysToElement on session 88226a973c952f5876dd93c906db8aed to remote] DEBUG org.asynchttpclient.netty.request.NettyRequestSender - Using open Channel [id: 0x62813ded, L:/127.0.0.1:51792 - R:localhost/127.0.0.1:56152] for POST '/session/88226a973c952f5876dd93c906db8aed/element/6a27b590-d4f8-4d09-b0ca-7d5f65f5542e/value'
18:12:41.260 [AsyncHttpClient-1-7] DEBUG org.asynchttpclient.netty.handler.HttpHandler - 

Request DefaultHttpRequest(decodeResult: success, version: HTTP/1.1)
POST /session/88226a973c952f5876dd93c906db8aed/element/6a27b590-d4f8-4d09-b0ca-7d5f65f5542e/value HTTP/1.1
User-Agent: selenium/4.1.2 (java windows)
Content-Length: 241
Content-Type: application/json; charset=utf-8
host: localhost:56152
accept: */*

Response DefaultHttpResponse(decodeResult: success, version: HTTP/1.1)
HTTP/1.1 200 OK
Content-Type: application/json; charset=utf-8
cache-control: no-cache
content-length: 14

18:12:41.261 [AsyncHttpClient-1-7] DEBUG org.asynchttpclient.netty.channel.ChannelManager - Adding key: http://localhost:56152 for channel [id: 0x62813ded, L:/127.0.0.1:51792 - R:localhost/127.0.0.1:56152]
  &amp#27;[32mWhen &amp#27;[0m&amp#27;[32mI input email &amp#27;[0m&amp#27;[32m&amp#27;[1m"naixxy1@mail.com"&amp#27;[0m         &amp#27;[90m# starter.stepdefinitions.LoginStep.iInputEmail(java.lang.String)&amp#27;[0m
18:12:41.266 [Forwarding screenshot on session 88226a973c952f5876dd93c906db8aed to remote] DEBUG org.asynchttpclient.netty.request.NettyRequestSender - Using pooled Channel '[id: 0x62813ded, L:/127.0.0.1:51792 - R:localhost/127.0.0.1:56152]' for 'GET' to 'http://localhost:56152/session/88226a973c952f5876dd93c906db8aed/screenshot'
18:12:41.266 [Forwarding screenshot on session 88226a973c952f5876dd93c906db8aed to remote] DEBUG org.asynchttpclient.netty.request.NettyRequestSender - Using open Channel [id: 0x62813ded, L:/127.0.0.1:51792 - R:localhost/127.0.0.1:56152] for GET '/session/88226a973c952f5876dd93c906db8aed/screenshot'
18:12:41.400 [AsyncHttpClient-1-7] DEBUG org.asynchttpclient.netty.handler.HttpHandler - 

Request DefaultFullHttpRequest(decodeResult: success, version: HTTP/1.1, content: EmptyByteBufBE)
GET /session/88226a973c952f5876dd93c906db8aed/screenshot HTTP/1.1
User-Agent: selenium/4.1.2 (java windows)
Cache-Control: no-cache
Content-Type: application/json; charset=utf-8
host: localhost:56152
accept: */*

Response DefaultHttpResponse(decodeResult: success, version: HTTP/1.1)
HTTP/1.1 200 OK
Content-Type: application/json; charset=utf-8
cache-control: no-cache
content-length: 28780

18:12:41.401 [AsyncHttpClient-1-7] DEBUG org.asynchttpclient.netty.channel.ChannelManager - Adding key: http://localhost:56152 for channel [id: 0x62813ded, L:/127.0.0.1:51792 - R:localhost/127.0.0.1:56152]
18:12:41.403 [main] DEBUG net.serenitybdd.core.photography.Darkroom - Send negative for processing for target\site\serenity\61d895932efbc582135c2dbd5a83c019851a27c2aa33c00a78c04c97f503c67c.png
18:12:41.403 [Darkroom Processing Line] DEBUG net.serenitybdd.core.photography.DarkroomProcessingLine - Processing screenshot image in /var/screenshots/screenshot-16552891551448371835
18:12:41.403 [Darkroom Processing Line] DEBUG net.serenitybdd.core.photography.DarkroomProcessingLine - Saving screenshot to target\site\serenity\61d895932efbc582135c2dbd5a83c019851a27c2aa33c00a78c04c97f503c67c.png
18:12:41.410 [Forwarding findElement on session 88226a973c952f5876dd93c906db8aed to remote] DEBUG org.asynchttpclient.netty.request.NettyRequestSender - Using pooled Channel '[id: 0x62813ded, L:/127.0.0.1:51792 - R:localhost/127.0.0.1:56152]' for 'POST' to 'http://localhost:56152/session/88226a973c952f5876dd93c906db8aed/element'
18:12:41.410 [Forwarding findElement on session 88226a973c952f5876dd93c906db8aed to remote] DEBUG org.asynchttpclient.netty.request.NettyRequestSender - Using open Channel [id: 0x62813ded, L:/127.0.0.1:51792 - R:localhost/127.0.0.1:56152] for POST '/session/88226a973c952f5876dd93c906db8aed/element'
18:12:41.420 [AsyncHttpClient-1-7] DEBUG org.asynchttpclient.netty.handler.HttpHandler - 

Request DefaultHttpRequest(decodeResult: success, version: HTTP/1.1)
POST /session/88226a973c952f5876dd93c906db8aed/element HTTP/1.1
User-Agent: selenium/4.1.2 (java windows)
Content-Length: 55
Content-Type: application/json; charset=utf-8
host: localhost:56152
accept: */*

Response DefaultHttpResponse(decodeResult: success, version: HTTP/1.1)
HTTP/1.1 200 OK
Content-Type: application/json; charset=utf-8
cache-control: no-cache
content-length: 88

18:12:41.420 [AsyncHttpClient-1-7] DEBUG org.asynchttpclient.netty.channel.ChannelManager - Adding key: http://localhost:56152 for channel [id: 0x62813ded, L:/127.0.0.1:51792 - R:localhost/127.0.0.1:56152]
18:12:41.422 [Forwarding clearElement on session 88226a973c952f5876dd93c906db8aed to remote] DEBUG org.asynchttpclient.netty.request.NettyRequestSender - Using pooled Channel '[id: 0x62813ded, L:/127.0.0.1:51792 - R:localhost/127.0.0.1:56152]' for 'POST' to 'http://localhost:56152/session/88226a973c952f5876dd93c906db8aed/element/fb2bf84f-3691-4267-ad86-0d16d9d92f62/clear'
18:12:41.422 [Forwarding clearElement on session 88226a973c952f5876dd93c906db8aed to remote] DEBUG org.asynchttpclient.netty.request.NettyRequestSender - Using open Channel [id: 0x62813ded, L:/127.0.0.1:51792 - R:localhost/127.0.0.1:56152] for POST '/session/88226a973c952f5876dd93c906db8aed/element/fb2bf84f-3691-4267-ad86-0d16d9d92f62/clear'
18:12:41.450 [AsyncHttpClient-1-7] DEBUG org.asynchttpclient.netty.handler.HttpHandler - 

Request DefaultHttpRequest(decodeResult: success, version: HTTP/1.1)
POST /session/88226a973c952f5876dd93c906db8aed/element/fb2bf84f-3691-4267-ad86-0d16d9d92f62/clear HTTP/1.1
User-Agent: selenium/4.1.2 (java windows)
Content-Length: 50
Content-Type: application/json; charset=utf-8
host: localhost:56152
accept: */*

Response DefaultHttpResponse(decodeResult: success, version: HTTP/1.1)
HTTP/1.1 200 OK
Content-Type: application/json; charset=utf-8
cache-control: no-cache
content-length: 14

18:12:41.450 [AsyncHttpClient-1-7] DEBUG org.asynchttpclient.netty.channel.ChannelManager - Adding key: http://localhost:56152 for channel [id: 0x62813ded, L:/127.0.0.1:51792 - R:localhost/127.0.0.1:56152]
18:12:41.452 [Forwarding sendKeysToElement on session 88226a973c952f5876dd93c906db8aed to remote] DEBUG org.asynchttpclient.netty.request.NettyRequestSender - Using pooled Channel '[id: 0x62813ded, L:/127.0.0.1:51792 - R:localhost/127.0.0.1:56152]' for 'POST' to 'http://localhost:56152/session/88226a973c952f5876dd93c906db8aed/element/fb2bf84f-3691-4267-ad86-0d16d9d92f62/value'
18:12:41.452 [Forwarding sendKeysToElement on session 88226a973c952f5876dd93c906db8aed to remote] DEBUG org.asynchttpclient.netty.request.NettyRequestSender - Using open Channel [id: 0x62813ded, L:/127.0.0.1:51792 - R:localhost/127.0.0.1:56152] for POST '/session/88226a973c952f5876dd93c906db8aed/element/fb2bf84f-3691-4267-ad86-0d16d9d92f62/value'
18:12:41.486 [AsyncHttpClient-1-7] DEBUG org.asynchttpclient.netty.handler.HttpHandler - 

Request DefaultHttpRequest(decodeResult: success, version: HTTP/1.1)
POST /session/88226a973c952f5876dd93c906db8aed/element/fb2bf84f-3691-4267-ad86-0d16d9d92f62/value HTTP/1.1
User-Agent: selenium/4.1.2 (java windows)
Content-Length: 82
Content-Type: application/json; charset=utf-8
host: localhost:56152
accept: */*

Response DefaultHttpResponse(decodeResult: success, version: HTTP/1.1)
HTTP/1.1 200 OK
Content-Type: application/json; charset=utf-8
cache-control: no-cache
content-length: 14

18:12:41.486 [AsyncHttpClient-1-7] DEBUG org.asynchttpclient.netty.channel.ChannelManager - Adding key: http://localhost:56152 for channel [id: 0x62813ded, L:/127.0.0.1:51792 - R:localhost/127.0.0.1:56152]
  &amp#27;[32mAnd &amp#27;[0m&amp#27;[32mI input password &amp#27;[0m&amp#27;[32m&amp#27;[1m""&amp#27;[0m                       &amp#27;[90m# starter.stepdefinitions.LoginStep.iInputPassword(java.lang.String)&amp#27;[0m
18:12:41.493 [Forwarding screenshot on session 88226a973c952f5876dd93c906db8aed to remote] DEBUG org.asynchttpclient.netty.request.NettyRequestSender - Using pooled Channel '[id: 0x62813ded, L:/127.0.0.1:51792 - R:localhost/127.0.0.1:56152]' for 'GET' to 'http://localhost:56152/session/88226a973c952f5876dd93c906db8aed/screenshot'
18:12:41.493 [Forwarding screenshot on session 88226a973c952f5876dd93c906db8aed to remote] DEBUG org.asynchttpclient.netty.request.NettyRequestSender - Using open Channel [id: 0x62813ded, L:/127.0.0.1:51792 - R:localhost/127.0.0.1:56152] for GET '/session/88226a973c952f5876dd93c906db8aed/screenshot'
18:12:41.635 [AsyncHttpClient-1-7] DEBUG org.asynchttpclient.netty.handler.HttpHandler - 

Request DefaultFullHttpRequest(decodeResult: success, version: HTTP/1.1, content: EmptyByteBufBE)
GET /session/88226a973c952f5876dd93c906db8aed/screenshot HTTP/1.1
User-Agent: selenium/4.1.2 (java windows)
Cache-Control: no-cache
Content-Type: application/json; charset=utf-8
host: localhost:56152
accept: */*

Response DefaultHttpResponse(decodeResult: success, version: HTTP/1.1)
HTTP/1.1 200 OK
Content-Type: application/json; charset=utf-8
cache-control: no-cache
content-length: 28496

18:12:41.635 [AsyncHttpClient-1-7] DEBUG org.asynchttpclient.netty.channel.ChannelManager - Adding key: http://localhost:56152 for channel [id: 0x62813ded, L:/127.0.0.1:51792 - R:localhost/127.0.0.1:56152]
18:12:41.637 [main] DEBUG net.serenitybdd.core.photography.Darkroom - Send negative for processing for target\site\serenity\abf4b61253d2a3803b794a92706c44086b85e7512a1e704457e2e4fe9c3ceb26.png
18:12:41.637 [Darkroom Processing Line] DEBUG net.serenitybdd.core.photography.DarkroomProcessingLine - Processing screenshot image in /var/screenshots/screenshot-3728435021077550807
18:12:41.637 [Darkroom Processing Line] DEBUG net.serenitybdd.core.photography.DarkroomProcessingLine - Saving screenshot to target\site\serenity\abf4b61253d2a3803b794a92706c44086b85e7512a1e704457e2e4fe9c3ceb26.png
18:12:41.645 [Forwarding findElement on session 88226a973c952f5876dd93c906db8aed to remote] DEBUG org.asynchttpclient.netty.request.NettyRequestSender - Using pooled Channel '[id: 0x62813ded, L:/127.0.0.1:51792 - R:localhost/127.0.0.1:56152]' for 'POST' to 'http://localhost:56152/session/88226a973c952f5876dd93c906db8aed/element'
18:12:41.645 [Forwarding findElement on session 88226a973c952f5876dd93c906db8aed to remote] DEBUG org.asynchttpclient.netty.request.NettyRequestSender - Using open Channel [id: 0x62813ded, L:/127.0.0.1:51792 - R:localhost/127.0.0.1:56152] for POST '/session/88226a973c952f5876dd93c906db8aed/element'
18:12:41.655 [AsyncHttpClient-1-7] DEBUG org.asynchttpclient.netty.handler.HttpHandler - 

Request DefaultHttpRequest(decodeResult: success, version: HTTP/1.1)
POST /session/88226a973c952f5876dd93c906db8aed/element HTTP/1.1
User-Agent: selenium/4.1.2 (java windows)
Content-Length: 143
Content-Type: application/json; charset=utf-8
host: localhost:56152
accept: */*

Response DefaultHttpResponse(decodeResult: success, version: HTTP/1.1)
HTTP/1.1 200 OK
Content-Type: application/json; charset=utf-8
cache-control: no-cache
content-length: 88

18:12:41.656 [AsyncHttpClient-1-7] DEBUG org.asynchttpclient.netty.channel.ChannelManager - Adding key: http://localhost:56152 for channel [id: 0x62813ded, L:/127.0.0.1:51792 - R:localhost/127.0.0.1:56152]
18:12:41.657 [Forwarding getElementTagName on session 88226a973c952f5876dd93c906db8aed to remote] DEBUG org.asynchttpclient.netty.request.NettyRequestSender - Using pooled Channel '[id: 0x62813ded, L:/127.0.0.1:51792 - R:localhost/127.0.0.1:56152]' for 'GET' to 'http://localhost:56152/session/88226a973c952f5876dd93c906db8aed/element/130b1e29-ac14-47b7-9b83-421fe0eece67/name'
18:12:41.657 [Forwarding getElementTagName on session 88226a973c952f5876dd93c906db8aed to remote] DEBUG org.asynchttpclient.netty.request.NettyRequestSender - Using open Channel [id: 0x62813ded, L:/127.0.0.1:51792 - R:localhost/127.0.0.1:56152] for GET '/session/88226a973c952f5876dd93c906db8aed/element/130b1e29-ac14-47b7-9b83-421fe0eece67/name'
18:12:41.661 [AsyncHttpClient-1-7] DEBUG org.asynchttpclient.netty.handler.HttpHandler - 

Request DefaultFullHttpRequest(decodeResult: success, version: HTTP/1.1, content: EmptyByteBufBE)
GET /session/88226a973c952f5876dd93c906db8aed/element/130b1e29-ac14-47b7-9b83-421fe0eece67/name HTTP/1.1
User-Agent: selenium/4.1.2 (java windows)
Cache-Control: no-cache
Content-Type: application/json; charset=utf-8
host: localhost:56152
accept: */*

Response DefaultHttpResponse(decodeResult: success, version: HTTP/1.1)
HTTP/1.1 200 OK
Content-Type: application/json; charset=utf-8
cache-control: no-cache
content-length: 18

18:12:41.662 [AsyncHttpClient-1-7] DEBUG org.asynchttpclient.netty.channel.ChannelManager - Adding key: http://localhost:56152 for channel [id: 0x62813ded, L:/127.0.0.1:51792 - R:localhost/127.0.0.1:56152]
18:12:41.663 [Forwarding getElementTagName on session 88226a973c952f5876dd93c906db8aed to remote] DEBUG org.asynchttpclient.netty.request.NettyRequestSender - Using pooled Channel '[id: 0x62813ded, L:/127.0.0.1:51792 - R:localhost/127.0.0.1:56152]' for 'GET' to 'http://localhost:56152/session/88226a973c952f5876dd93c906db8aed/element/130b1e29-ac14-47b7-9b83-421fe0eece67/name'
18:12:41.663 [Forwarding getElementTagName on session 88226a973c952f5876dd93c906db8aed to remote] DEBUG org.asynchttpclient.netty.request.NettyRequestSender - Using open Channel [id: 0x62813ded, L:/127.0.0.1:51792 - R:localhost/127.0.0.1:56152] for GET '/session/88226a973c952f5876dd93c906db8aed/element/130b1e29-ac14-47b7-9b83-421fe0eece67/name'
18:12:41.666 [AsyncHttpClient-1-7] DEBUG org.asynchttpclient.netty.handler.HttpHandler - 

Request DefaultFullHttpRequest(decodeResult: success, version: HTTP/1.1, content: EmptyByteBufBE)
GET /session/88226a973c952f5876dd93c906db8aed/element/130b1e29-ac14-47b7-9b83-421fe0eece67/name HTTP/1.1
User-Agent: selenium/4.1.2 (java windows)
Cache-Control: no-cache
Content-Type: application/json; charset=utf-8
host: localhost:56152
accept: */*

Response DefaultHttpResponse(decodeResult: success, version: HTTP/1.1)
HTTP/1.1 200 OK
Content-Type: application/json; charset=utf-8
cache-control: no-cache
content-length: 18

18:12:41.666 [AsyncHttpClient-1-7] DEBUG org.asynchttpclient.netty.channel.ChannelManager - Adding key: http://localhost:56152 for channel [id: 0x62813ded, L:/127.0.0.1:51792 - R:localhost/127.0.0.1:56152]
18:12:41.669 [Forwarding isElementEnabled on session 88226a973c952f5876dd93c906db8aed to remote] DEBUG org.asynchttpclient.netty.request.NettyRequestSender - Using pooled Channel '[id: 0x62813ded, L:/127.0.0.1:51792 - R:localhost/127.0.0.1:56152]' for 'GET' to 'http://localhost:56152/session/88226a973c952f5876dd93c906db8aed/element/130b1e29-ac14-47b7-9b83-421fe0eece67/enabled'
18:12:41.669 [Forwarding isElementEnabled on session 88226a973c952f5876dd93c906db8aed to remote] DEBUG org.asynchttpclient.netty.request.NettyRequestSender - Using open Channel [id: 0x62813ded, L:/127.0.0.1:51792 - R:localhost/127.0.0.1:56152] for GET '/session/88226a973c952f5876dd93c906db8aed/element/130b1e29-ac14-47b7-9b83-421fe0eece67/enabled'
18:12:41.677 [AsyncHttpClient-1-7] DEBUG org.asynchttpclient.netty.handler.HttpHandler - 

Request DefaultFullHttpRequest(decodeResult: success, version: HTTP/1.1, content: EmptyByteBufBE)
GET /session/88226a973c952f5876dd93c906db8aed/element/130b1e29-ac14-47b7-9b83-421fe0eece67/enabled HTTP/1.1
User-Agent: selenium/4.1.2 (java windows)
Cache-Control: no-cache
Content-Type: application/json; charset=utf-8
host: localhost:56152
accept: */*

Response DefaultHttpResponse(decodeResult: success, version: HTTP/1.1)
HTTP/1.1 200 OK
Content-Type: application/json; charset=utf-8
cache-control: no-cache
content-length: 14

18:12:41.678 [AsyncHttpClient-1-7] DEBUG org.asynchttpclient.netty.channel.ChannelManager - Adding key: http://localhost:56152 for channel [id: 0x62813ded, L:/127.0.0.1:51792 - R:localhost/127.0.0.1:56152]
18:12:41.679 [Forwarding isElementEnabled on session 88226a973c952f5876dd93c906db8aed to remote] DEBUG org.asynchttpclient.netty.request.NettyRequestSender - Using pooled Channel '[id: 0x62813ded, L:/127.0.0.1:51792 - R:localhost/127.0.0.1:56152]' for 'GET' to 'http://localhost:56152/session/88226a973c952f5876dd93c906db8aed/element/130b1e29-ac14-47b7-9b83-421fe0eece67/enabled'
18:12:41.680 [Forwarding isElementEnabled on session 88226a973c952f5876dd93c906db8aed to remote] DEBUG org.asynchttpclient.netty.request.NettyRequestSender - Using open Channel [id: 0x62813ded, L:/127.0.0.1:51792 - R:localhost/127.0.0.1:56152] for GET '/session/88226a973c952f5876dd93c906db8aed/element/130b1e29-ac14-47b7-9b83-421fe0eece67/enabled'
18:12:41.685 [AsyncHttpClient-1-7] DEBUG org.asynchttpclient.netty.handler.HttpHandler - 

Request DefaultFullHttpRequest(decodeResult: success, version: HTTP/1.1, content: EmptyByteBufBE)
GET /session/88226a973c952f5876dd93c906db8aed/element/130b1e29-ac14-47b7-9b83-421fe0eece67/enabled HTTP/1.1
User-Agent: selenium/4.1.2 (java windows)
Cache-Control: no-cache
Content-Type: application/json; charset=utf-8
host: localhost:56152
accept: */*

Response DefaultHttpResponse(decodeResult: success, version: HTTP/1.1)
HTTP/1.1 200 OK
Content-Type: application/json; charset=utf-8
cache-control: no-cache
content-length: 14

18:12:41.686 [AsyncHttpClient-1-7] DEBUG org.asynchttpclient.netty.channel.ChannelManager - Adding key: http://localhost:56152 for channel [id: 0x62813ded, L:/127.0.0.1:51792 - R:localhost/127.0.0.1:56152]
18:12:41.688 [Forwarding findElement on session 88226a973c952f5876dd93c906db8aed to remote] DEBUG org.asynchttpclient.netty.request.NettyRequestSender - Using pooled Channel '[id: 0x62813ded, L:/127.0.0.1:51792 - R:localhost/127.0.0.1:56152]' for 'POST' to 'http://localhost:56152/session/88226a973c952f5876dd93c906db8aed/element'
18:12:41.688 [Forwarding findElement on session 88226a973c952f5876dd93c906db8aed to remote] DEBUG org.asynchttpclient.netty.request.NettyRequestSender - Using open Channel [id: 0x62813ded, L:/127.0.0.1:51792 - R:localhost/127.0.0.1:56152] for POST '/session/88226a973c952f5876dd93c906db8aed/element'
18:12:41.698 [AsyncHttpClient-1-7] DEBUG org.asynchttpclient.netty.handler.HttpHandler - 

Request DefaultHttpRequest(decodeResult: success, version: HTTP/1.1)
POST /session/88226a973c952f5876dd93c906db8aed/element HTTP/1.1
User-Agent: selenium/4.1.2 (java windows)
Content-Length: 143
Content-Type: application/json; charset=utf-8
host: localhost:56152
accept: */*

Response DefaultHttpResponse(decodeResult: success, version: HTTP/1.1)
HTTP/1.1 200 OK
Content-Type: application/json; charset=utf-8
cache-control: no-cache
content-length: 88

18:12:41.698 [AsyncHttpClient-1-7] DEBUG org.asynchttpclient.netty.channel.ChannelManager - Adding key: http://localhost:56152 for channel [id: 0x62813ded, L:/127.0.0.1:51792 - R:localhost/127.0.0.1:56152]
18:12:41.699 [Forwarding clickElement on session 88226a973c952f5876dd93c906db8aed to remote] DEBUG org.asynchttpclient.netty.request.NettyRequestSender - Using pooled Channel '[id: 0x62813ded, L:/127.0.0.1:51792 - R:localhost/127.0.0.1:56152]' for 'POST' to 'http://localhost:56152/session/88226a973c952f5876dd93c906db8aed/element/130b1e29-ac14-47b7-9b83-421fe0eece67/click'
18:12:41.699 [Forwarding clickElement on session 88226a973c952f5876dd93c906db8aed to remote] DEBUG org.asynchttpclient.netty.request.NettyRequestSender - Using open Channel [id: 0x62813ded, L:/127.0.0.1:51792 - R:localhost/127.0.0.1:56152] for POST '/session/88226a973c952f5876dd93c906db8aed/element/130b1e29-ac14-47b7-9b83-421fe0eece67/click'
18:12:41.739 [AsyncHttpClient-1-7] DEBUG org.asynchttpclient.netty.handler.HttpHandler - 

Request DefaultHttpRequest(decodeResult: success, version: HTTP/1.1)
POST /session/88226a973c952f5876dd93c906db8aed/element/130b1e29-ac14-47b7-9b83-421fe0eece67/click HTTP/1.1
User-Agent: selenium/4.1.2 (java windows)
Content-Length: 50
Content-Type: application/json; charset=utf-8
host: localhost:56152
accept: */*

Response DefaultHttpResponse(decodeResult: success, version: HTTP/1.1)
HTTP/1.1 200 OK
Content-Type: application/json; charset=utf-8
cache-control: no-cache
content-length: 14

18:12:41.739 [AsyncHttpClient-1-7] DEBUG org.asynchttpclient.netty.channel.ChannelManager - Adding key: http://localhost:56152 for channel [id: 0x62813ded, L:/127.0.0.1:51792 - R:localhost/127.0.0.1:56152]
  &amp#27;[32mAnd &amp#27;[0m&amp#27;[32mI click login button&amp#27;[0m                      &amp#27;[90m# starter.stepdefinitions.LoginStep.iClickLoginButton()&amp#27;[0m
18:12:41.745 [Forwarding screenshot on session 88226a973c952f5876dd93c906db8aed to remote] DEBUG org.asynchttpclient.netty.request.NettyRequestSender - Using pooled Channel '[id: 0x62813ded, L:/127.0.0.1:51792 - R:localhost/127.0.0.1:56152]' for 'GET' to 'http://localhost:56152/session/88226a973c952f5876dd93c906db8aed/screenshot'
18:12:41.745 [Forwarding screenshot on session 88226a973c952f5876dd93c906db8aed to remote] DEBUG org.asynchttpclient.netty.request.NettyRequestSender - Using open Channel [id: 0x62813ded, L:/127.0.0.1:51792 - R:localhost/127.0.0.1:56152] for GET '/session/88226a973c952f5876dd93c906db8aed/screenshot'
18:12:41.783 [AsyncHttpClient-1-1] DEBUG org.asynchttpclient.netty.channel.DefaultChannelPool - Entry count for : http://localhost:51794 : 1
18:12:41.884 [AsyncHttpClient-1-7] DEBUG org.asynchttpclient.netty.handler.HttpHandler - 

Request DefaultFullHttpRequest(decodeResult: success, version: HTTP/1.1, content: EmptyByteBufBE)
GET /session/88226a973c952f5876dd93c906db8aed/screenshot HTTP/1.1
User-Agent: selenium/4.1.2 (java windows)
Cache-Control: no-cache
Content-Type: application/json; charset=utf-8
host: localhost:56152
accept: */*

Response DefaultHttpResponse(decodeResult: success, version: HTTP/1.1)
HTTP/1.1 200 OK
Content-Type: application/json; charset=utf-8
cache-control: no-cache
content-length: 29144

18:12:41.885 [AsyncHttpClient-1-7] DEBUG org.asynchttpclient.netty.channel.ChannelManager - Adding key: http://localhost:56152 for channel [id: 0x62813ded, L:/127.0.0.1:51792 - R:localhost/127.0.0.1:56152]
18:12:41.887 [main] DEBUG net.serenitybdd.core.photography.Darkroom - Send negative for processing for target\site\serenity\440b4cbe3f663af7a0c01aa41f6151451481a89c510693b5086dcb3c02f72a79.png
18:12:41.887 [Darkroom Processing Line] DEBUG net.serenitybdd.core.photography.DarkroomProcessingLine - Processing screenshot image in /var/screenshots/screenshot-529290271396443391
18:12:41.887 [Darkroom Processing Line] DEBUG net.serenitybdd.core.photography.DarkroomProcessingLine - Saving screenshot to target\site\serenity\440b4cbe3f663af7a0c01aa41f6151451481a89c510693b5086dcb3c02f72a79.png
18:12:41.894 [Forwarding findElement on session 88226a973c952f5876dd93c906db8aed to remote] DEBUG org.asynchttpclient.netty.request.NettyRequestSender - Using pooled Channel '[id: 0x62813ded, L:/127.0.0.1:51792 - R:localhost/127.0.0.1:56152]' for 'POST' to 'http://localhost:56152/session/88226a973c952f5876dd93c906db8aed/element'
18:12:41.894 [Forwarding findElement on session 88226a973c952f5876dd93c906db8aed to remote] DEBUG org.asynchttpclient.netty.request.NettyRequestSender - Using open Channel [id: 0x62813ded, L:/127.0.0.1:51792 - R:localhost/127.0.0.1:56152] for POST '/session/88226a973c952f5876dd93c906db8aed/element'
18:12:42.876 [AsyncHttpClient-1-1] DEBUG org.asynchttpclient.netty.channel.DefaultChannelPool - Entry count for : http://localhost:51794 : 1
18:12:43.269 [AsyncHttpClient-1-7] DEBUG org.asynchttpclient.netty.handler.HttpHandler - 

Request DefaultHttpRequest(decodeResult: success, version: HTTP/1.1)
POST /session/88226a973c952f5876dd93c906db8aed/element HTTP/1.1
User-Agent: selenium/4.1.2 (java windows)
Content-Length: 69
Content-Type: application/json; charset=utf-8
host: localhost:56152
accept: */*

Response DefaultHttpResponse(decodeResult: success, version: HTTP/1.1)
HTTP/1.1 200 OK
Content-Type: application/json; charset=utf-8
cache-control: no-cache
content-length: 88

18:12:43.269 [AsyncHttpClient-1-7] DEBUG org.asynchttpclient.netty.channel.ChannelManager - Adding key: http://localhost:56152 for channel [id: 0x62813ded, L:/127.0.0.1:51792 - R:localhost/127.0.0.1:56152]
18:12:43.274 [Forwarding isElementDisplayed on session 88226a973c952f5876dd93c906db8aed to remote] DEBUG org.asynchttpclient.netty.request.NettyRequestSender - Using pooled Channel '[id: 0x62813ded, L:/127.0.0.1:51792 - R:localhost/127.0.0.1:56152]' for 'POST' to 'http://localhost:56152/session/88226a973c952f5876dd93c906db8aed/execute/sync'
18:12:43.274 [Forwarding isElementDisplayed on session 88226a973c952f5876dd93c906db8aed to remote] DEBUG org.asynchttpclient.netty.request.NettyRequestSender - Using open Channel [id: 0x62813ded, L:/127.0.0.1:51792 - R:localhost/127.0.0.1:56152] for POST '/session/88226a973c952f5876dd93c906db8aed/execute/sync'
18:12:43.290 [AsyncHttpClient-1-7] DEBUG org.asynchttpclient.netty.handler.HttpHandler - 

Request DefaultHttpRequest(decodeResult: success, version: HTTP/1.1)
POST /session/88226a973c952f5876dd93c906db8aed/execute/sync HTTP/1.1
User-Agent: selenium/4.1.2 (java windows)
Content-Length: 48780
Content-Type: application/json; charset=utf-8
host: localhost:56152
accept: */*

Response DefaultHttpResponse(decodeResult: success, version: HTTP/1.1)
HTTP/1.1 200 OK
Content-Type: application/json; charset=utf-8
cache-control: no-cache
content-length: 14

18:12:43.290 [AsyncHttpClient-1-7] DEBUG org.asynchttpclient.netty.channel.ChannelManager - Adding key: http://localhost:56152 for channel [id: 0x62813ded, L:/127.0.0.1:51792 - R:localhost/127.0.0.1:56152]
  &amp#27;[32mThen &amp#27;[0m&amp#27;[32mI will get the result &amp#27;[0m&amp#27;[32m&amp#27;[1m"failed"&amp#27;[0m           &amp#27;[90m# starter.stepdefinitions.LoginStep.iWillGetTheResult(java.lang.String)&amp#27;[0m
18:12:43.297 [Forwarding screenshot on session 88226a973c952f5876dd93c906db8aed to remote] DEBUG org.asynchttpclient.netty.request.NettyRequestSender - Using pooled Channel '[id: 0x62813ded, L:/127.0.0.1:51792 - R:localhost/127.0.0.1:56152]' for 'GET' to 'http://localhost:56152/session/88226a973c952f5876dd93c906db8aed/screenshot'
18:12:43.297 [Forwarding screenshot on session 88226a973c952f5876dd93c906db8aed to remote] DEBUG org.asynchttpclient.netty.request.NettyRequestSender - Using open Channel [id: 0x62813ded, L:/127.0.0.1:51792 - R:localhost/127.0.0.1:56152] for GET '/session/88226a973c952f5876dd93c906db8aed/screenshot'
18:12:43.430 [AsyncHttpClient-1-7] DEBUG org.asynchttpclient.netty.handler.HttpHandler - 

Request DefaultFullHttpRequest(decodeResult: success, version: HTTP/1.1, content: EmptyByteBufBE)
GET /session/88226a973c952f5876dd93c906db8aed/screenshot HTTP/1.1
User-Agent: selenium/4.1.2 (java windows)
Cache-Control: no-cache
Content-Type: application/json; charset=utf-8
host: localhost:56152
accept: */*

Response DefaultHttpResponse(decodeResult: success, version: HTTP/1.1)
HTTP/1.1 200 OK
Content-Type: application/json; charset=utf-8
cache-control: no-cache
content-length: 34100

18:12:43.431 [AsyncHttpClient-1-7] DEBUG org.asynchttpclient.netty.channel.ChannelManager - Adding key: http://localhost:56152 for channel [id: 0x62813ded, L:/127.0.0.1:51792 - R:localhost/127.0.0.1:56152]
18:12:43.434 [main] DEBUG net.serenitybdd.core.photography.Darkroom - Send negative for processing for target\site\serenity\2bc669cd17d80a3b55662ecdac971ef2470cfbd9b7cebeda1c4143e9bdcea5b6.png
18:12:43.435 [Darkroom Processing Line] DEBUG net.serenitybdd.core.photography.DarkroomProcessingLine - Processing screenshot image in /var/screenshots/screenshot-3987495052072080023
18:12:43.435 [Darkroom Processing Line] DEBUG net.serenitybdd.core.photography.DarkroomProcessingLine - Saving screenshot to target\site\serenity\2bc669cd17d80a3b55662ecdac971ef2470cfbd9b7cebeda1c4143e9bdcea5b6.png
18:12:43.441 [AsyncHttpClient-1-9] DEBUG org.asynchttpclient.netty.handler.WebSocketHandler - Channel Closed: [id: 0xdf38f08c, L:/127.0.0.1:51801 ! R:localhost/127.0.0.1:51794] with attribute NettyResponseFuture{currentRetry=5,
	isDone=1,
	isCancelled=0,
	asyncHandler=org.asynchttpclient.ws.WebSocketUpgradeHandler@7834a1b2,
	nettyRequest=org.asynchttpclient.netty.request.NettyRequest@75320cca,
	future=java.util.concurrent.CompletableFuture@50f8ae[Completed normally],
	uri=ws://localhost:51794/devtools/browser/25069500-f293-4bad-aa78-0cdb6dfe63a7,
	keepAlive=true,
	redirectCount=0,
	timeoutsHolder=null,
	inAuth=0,
	touch=1667041960523}
18:12:43.441 [AsyncHttpClient-1-9] DEBUG org.asynchttpclient.netty.channel.ChannelManager - Closing Channel [id: 0xdf38f08c, L:/127.0.0.1:51801 ! R:localhost/127.0.0.1:51794] 
18:12:43.441 [Driver Command Executor] DEBUG org.asynchttpclient.netty.request.NettyRequestSender - Using pooled Channel '[id: 0x62813ded, L:/127.0.0.1:51792 - R:localhost/127.0.0.1:56152]' for 'DELETE' to 'http://localhost:56152/session/88226a973c952f5876dd93c906db8aed'
18:12:43.442 [Driver Command Executor] DEBUG org.asynchttpclient.netty.request.NettyRequestSender - Using open Channel [id: 0x62813ded, L:/127.0.0.1:51792 - R:localhost/127.0.0.1:56152] for DELETE '/session/88226a973c952f5876dd93c906db8aed'
18:12:43.487 [AsyncHttpClient-1-8] DEBUG org.asynchttpclient.netty.handler.HttpHandler - Unexpected I/O exception on channel [id: 0x34914b0c, L:/127.0.0.1:51800 - R:localhost/127.0.0.1:51794]
java.net.SocketException: Connection reset
	at java.base/sun.nio.ch.SocketChannelImpl.throwConnectionReset(SocketChannelImpl.java:345)
	at java.base/sun.nio.ch.SocketChannelImpl.read(SocketChannelImpl.java:376)
	at io.netty.buffer.PooledByteBuf.setBytes(PooledByteBuf.java:258)
	at io.netty.buffer.AbstractByteBuf.writeBytes(AbstractByteBuf.java:1132)
	at io.netty.channel.socket.nio.NioSocketChannel.doReadBytes(NioSocketChannel.java:350)
	at io.netty.channel.nio.AbstractNioByteChannel$NioByteUnsafe.read(AbstractNioByteChannel.java:151)
	at io.netty.channel.nio.NioEventLoop.processSelectedKey(NioEventLoop.java:722)
	at io.netty.channel.nio.NioEventLoop.processSelectedKeysOptimized(NioEventLoop.java:658)
	at io.netty.channel.nio.NioEventLoop.processSelectedKeys(NioEventLoop.java:584)
	at io.netty.channel.nio.NioEventLoop.run(NioEventLoop.java:496)
	at io.netty.util.concurrent.SingleThreadEventExecutor$4.run(SingleThreadEventExecutor.java:986)
	at io.netty.util.internal.ThreadExecutorMap$2.run(ThreadExecutorMap.java:74)
	at io.netty.util.concurrent.FastThreadLocalRunnable.run(FastThreadLocalRunnable.java:30)
	at java.base/java.lang.Thread.run(Thread.java:830)
18:12:43.487 [AsyncHttpClient-1-8] DEBUG org.asynchttpclient.netty.channel.ChannelManager - Closing Channel [id: 0x34914b0c, L:/127.0.0.1:51800 - R:localhost/127.0.0.1:51794] 
18:12:43.487 [AsyncHttpClient-1-8] DEBUG org.asynchttpclient.netty.handler.HttpHandler - Channel Closed: [id: 0x34914b0c, L:/127.0.0.1:51800 ! R:localhost/127.0.0.1:51794] with attribute DISCARD
18:12:43.502 [AsyncHttpClient-1-7] DEBUG org.asynchttpclient.netty.handler.HttpHandler - 

Request DefaultFullHttpRequest(decodeResult: success, version: HTTP/1.1, content: EmptyByteBufBE)
DELETE /session/88226a973c952f5876dd93c906db8aed HTTP/1.1
User-Agent: selenium/4.1.2 (java windows)
Content-Type: application/json; charset=utf-8
host: localhost:56152
accept: */*

Response DefaultHttpResponse(decodeResult: success, version: HTTP/1.1)
HTTP/1.1 200 OK
Content-Type: application/json; charset=utf-8
cache-control: no-cache
content-length: 14

18:12:43.503 [AsyncHttpClient-1-7] DEBUG org.asynchttpclient.netty.channel.ChannelManager - Adding key: http://localhost:56152 for channel [id: 0x62813ded, L:/127.0.0.1:51792 - R:localhost/127.0.0.1:56152]
18:12:43.560 [AsyncHttpClient-1-7] DEBUG org.asynchttpclient.netty.handler.HttpHandler - Channel Closed: [id: 0x62813ded, L:/127.0.0.1:51792 ! R:localhost/127.0.0.1:56152] with attribute DISCARD
18:12:43.975 [AsyncHttpClient-1-1] DEBUG org.asynchttpclient.netty.channel.DefaultChannelPool - Entry count for : http://localhost:56152 : 1
18:12:43.975 [AsyncHttpClient-1-1] DEBUG org.asynchttpclient.netty.channel.DefaultChannelPool - Entry count for : http://localhost:51794 : 1
18:12:43.975 [AsyncHttpClient-1-1] DEBUG org.asynchttpclient.netty.channel.DefaultChannelPool - Adding Candidate expired Channel [id: 0x62813ded, L:/127.0.0.1:51792 ! R:localhost/127.0.0.1:56152] isIdleTimeoutExpired=false isRemotelyClosed=true isTtlExpired=false
18:12:43.975 [AsyncHttpClient-1-1] DEBUG org.asynchttpclient.netty.channel.DefaultChannelPool - Closing Idle Channel [id: 0x62813ded, L:/127.0.0.1:51792 ! R:localhost/127.0.0.1:56152]
18:12:43.975 [AsyncHttpClient-1-1] DEBUG org.asynchttpclient.netty.channel.DefaultChannelPool - Adding Candidate expired Channel [id: 0x34914b0c, L:/127.0.0.1:51800 ! R:localhost/127.0.0.1:51794] isIdleTimeoutExpired=false isRemotelyClosed=true isTtlExpired=false
18:12:43.975 [AsyncHttpClient-1-1] DEBUG org.asynchttpclient.netty.channel.DefaultChannelPool - Closing Idle Channel [id: 0x34914b0c, L:/127.0.0.1:51800 ! R:localhost/127.0.0.1:51794]
18:12:43.975 [AsyncHttpClient-1-1] DEBUG org.asynchttpclient.netty.channel.DefaultChannelPool - Closed 2 connections out of 2 in 0 ms
]]></system-out>
    <system-err><![CDATA[Starting ChromeDriver 105.0.5195.52 (412c95e518836d8a7d97250d62b29c2ae6a26a85-refs/branch-heads/5195@{#853}) on port 56152
Only local connections are allowed.
Please see https://chromedriver.chromium.org/security-considerations for suggestions on keeping ChromeDriver safe.
ChromeDriver was started successfully.
[1667041960.490][WARNING]: This version of ChromeDriver has not been tested with Chrome version 106.
Okt 29, 2022 6:12:40 PM org.openqa.selenium.remote.ProtocolHandshake createSession
INFO: Detected dialect: W3C
Okt 29, 2022 6:12:40 PM org.openqa.selenium.devtools.CdpVersionFinder findNearestMatch
WARNING: Unable to find an exact match for CDP version 106, so returning the closest version found: a no-op implementation
Okt 29, 2022 6:12:40 PM org.openqa.selenium.devtools.CdpVersionFinder findNearestMatch
INFO: Unable to find CDP implementation matching 106.
Okt 29, 2022 6:12:40 PM org.openqa.selenium.chromium.ChromiumDriver lambda$new$3
WARNING: Unable to find version of CDP to use for . You may need to include a dependency on a specific version of the CDP using something similar to `org.seleniumhq.selenium:selenium-devtools-v86:4.1.2` where the version ("v86") matches the version of the chromium-based browser you're using and the version number of the artifact is the same as Selenium's.
]]></system-err>
  </testcase>
  <testcase name="Login with email and password #4" classname="Login" time="5.143">
    <system-out><![CDATA[
Scenario Outline: Login with email and password &amp#27;[90m# src/test/resources/features/Login.feature:18&amp#27;[0m
18:12:44.107 [main] INFO io.cucumber.core.plugin.SerenityReporter - Running feature from file:///C:/Users/alwi/IdeaProjects/AltaShop/src/test/resources/features/Login.feature
18:12:44.127 [main] INFO net.serenitybdd.core.webdriver.driverproviders.ChromeDriverProvider - Using automatically driver download
18:12:44.281 [main] DEBUG io.github.bonigarcia.wdm.cache.ResolutionCache - Resolution chrome=106 in cache (valid until 18:14:56 29/10/2022 WIB)
18:12:44.287 [main] DEBUG io.github.bonigarcia.wdm.cache.ResolutionCache - Resolution chrome106=106.0.5249.61 in cache (valid until 19:30:28 29/10/2022 WIB)
18:12:44.289 [main] INFO io.github.bonigarcia.wdm.WebDriverManager - Using chromedriver 106.0.5249.61 (resolved driver for Chrome 106)
18:12:44.299 [main] DEBUG io.github.bonigarcia.wdm.WebDriverManager - Driver chromedriver 106.0.5249.61 found in cache
18:12:44.299 [main] INFO io.github.bonigarcia.wdm.WebDriverManager - Exporting webdriver.chrome.driver as C:\Users\alwi\.cache\selenium\chromedriver\win32\106.0.5249.61\chromedriver.exe
18:12:44.465 [main] DEBUG net.serenitybdd.core.webdriver.driverproviders.ProvideNewDriver - Instantiating driver
18:12:44.465 [main] DEBUG net.serenitybdd.core.webdriver.driverproviders.ProvideNewDriver - Driver capabilities: Capabilities {acceptInsecureCerts: false, base.url: https://alta-shop.vercel.app, browserName: chrome, chrome.driver: src/test/resources/webdrive..., driver: chrome, goog:chromeOptions: {args: [], extensions: []}, wait.for.timeout: 6000}
18:12:44.999 [AsyncHttpClient-1-10] DEBUG org.asynchttpclient.netty.channel.NettyConnectListener - Using new Channel '[id: 0x8c5d418b, L:/127.0.0.1:51816 - R:localhost/127.0.0.1:52056]' for 'POST' to '/session'
18:12:45.689 [AsyncHttpClient-1-10] DEBUG org.asynchttpclient.netty.handler.HttpHandler - 

Request DefaultHttpRequest(decodeResult: success, version: HTTP/1.1)
POST /session HTTP/1.1
User-Agent: selenium/4.1.2 (java windows)
Content-Length: 639
Content-Type: application/json; charset=utf-8
host: localhost:52056
accept: */*

Response DefaultHttpResponse(decodeResult: success, version: HTTP/1.1)
HTTP/1.1 200 OK
Content-Type: application/json; charset=utf-8
cache-control: no-cache
content-length: 790

18:12:45.690 [AsyncHttpClient-1-10] DEBUG org.asynchttpclient.netty.channel.ChannelManager - Adding key: http://localhost:52056 for channel [id: 0x8c5d418b, L:/127.0.0.1:51816 - R:localhost/127.0.0.1:52056]
18:12:45.695 [AsyncHttpClient-1-11] DEBUG org.asynchttpclient.netty.channel.NettyConnectListener - Using new Channel '[id: 0x97225986, L:/127.0.0.1:51824 - R:localhost/127.0.0.1:51818]' for 'GET' to '/json/version'
18:12:45.696 [AsyncHttpClient-1-11] DEBUG org.asynchttpclient.netty.handler.HttpHandler - 

Request DefaultFullHttpRequest(decodeResult: success, version: HTTP/1.1, content: EmptyByteBufBE)
GET /json/version HTTP/1.1
User-Agent: selenium/4.1.2 (java windows)
host: localhost:51818
accept: */*

Response DefaultHttpResponse(decodeResult: success, version: HTTP/1.1)
HTTP/1.1 200 OK
Content-Type: application/json; charset=UTF-8
content-length: 424

18:12:45.696 [AsyncHttpClient-1-11] DEBUG org.asynchttpclient.netty.channel.ChannelManager - Adding key: http://localhost:51818 for channel [id: 0x97225986, L:/127.0.0.1:51824 - R:localhost/127.0.0.1:51818]
18:12:45.699 [AsyncHttpClient-1-12] DEBUG org.asynchttpclient.netty.channel.NettyConnectListener - Using new Channel '[id: 0x877b4fe7, L:/127.0.0.1:51825 - R:localhost/127.0.0.1:51818]' for 'GET' to '/devtools/browser/f1c946e9-d074-48ce-bd43-1cd61f2ebf09'
18:12:45.700 [AsyncHttpClient-1-12] DEBUG org.asynchttpclient.netty.handler.WebSocketHandler - 

Request DefaultFullHttpRequest(decodeResult: success, version: HTTP/1.1, content: EmptyByteBufBE)
GET /devtools/browser/f1c946e9-d074-48ce-bd43-1cd61f2ebf09 HTTP/1.1
upgrade: websocket
connection: upgrade
sec-websocket-key: sPV+O9R3/DaCnroBlnKjAg==
sec-websocket-version: 13
origin: http://localhost:51818
host: localhost:51818
accept: */*
user-agent: AHC/2.1

Response DefaultHttpResponse(decodeResult: success, version: HTTP/1.1)
HTTP/1.1 101 WebSocket Protocol Handshake
Upgrade: WebSocket
Connection: Upgrade
Sec-WebSocket-Accept: ERKcp7PuZmUqSgTP9cVtx6vRXs8=

18:12:45.704 [Forwarding get on session b72082afb069e55d5e5eca40abcabbd9 to remote] DEBUG org.asynchttpclient.netty.request.NettyRequestSender - Using pooled Channel '[id: 0x8c5d418b, L:/127.0.0.1:51816 - R:localhost/127.0.0.1:52056]' for 'POST' to 'http://localhost:52056/session/b72082afb069e55d5e5eca40abcabbd9/url'
18:12:45.704 [Forwarding get on session b72082afb069e55d5e5eca40abcabbd9 to remote] DEBUG org.asynchttpclient.netty.request.NettyRequestSender - Using open Channel [id: 0x8c5d418b, L:/127.0.0.1:51816 - R:localhost/127.0.0.1:52056] for POST '/session/b72082afb069e55d5e5eca40abcabbd9/url'
18:12:46.174 [AsyncHttpClient-1-1] DEBUG org.asynchttpclient.netty.channel.DefaultChannelPool - Entry count for : http://localhost:51818 : 1
18:12:46.233 [AsyncHttpClient-1-10] DEBUG org.asynchttpclient.netty.handler.HttpHandler - 

Request DefaultHttpRequest(decodeResult: success, version: HTTP/1.1)
POST /session/b72082afb069e55d5e5eca40abcabbd9/url HTTP/1.1
User-Agent: selenium/4.1.2 (java windows)
Content-Length: 74
Content-Type: application/json; charset=utf-8
host: localhost:52056
accept: */*

Response DefaultHttpResponse(decodeResult: success, version: HTTP/1.1)
HTTP/1.1 200 OK
Content-Type: application/json; charset=utf-8
cache-control: no-cache
content-length: 14

18:12:46.233 [AsyncHttpClient-1-10] DEBUG org.asynchttpclient.netty.channel.ChannelManager - Adding key: http://localhost:52056 for channel [id: 0x8c5d418b, L:/127.0.0.1:51816 - R:localhost/127.0.0.1:52056]
18:12:46.234 [Forwarding setTimeout on session b72082afb069e55d5e5eca40abcabbd9 to remote] DEBUG org.asynchttpclient.netty.request.NettyRequestSender - Using pooled Channel '[id: 0x8c5d418b, L:/127.0.0.1:51816 - R:localhost/127.0.0.1:52056]' for 'POST' to 'http://localhost:52056/session/b72082afb069e55d5e5eca40abcabbd9/timeouts'
18:12:46.235 [Forwarding setTimeout on session b72082afb069e55d5e5eca40abcabbd9 to remote] DEBUG org.asynchttpclient.netty.request.NettyRequestSender - Using open Channel [id: 0x8c5d418b, L:/127.0.0.1:51816 - R:localhost/127.0.0.1:52056] for POST '/session/b72082afb069e55d5e5eca40abcabbd9/timeouts'
18:12:46.236 [AsyncHttpClient-1-10] DEBUG org.asynchttpclient.netty.handler.HttpHandler - 

Request DefaultHttpRequest(decodeResult: success, version: HTTP/1.1)
POST /session/b72082afb069e55d5e5eca40abcabbd9/timeouts HTTP/1.1
User-Agent: selenium/4.1.2 (java windows)
Content-Length: 22
Content-Type: application/json; charset=utf-8
host: localhost:52056
accept: */*

Response DefaultHttpResponse(decodeResult: success, version: HTTP/1.1)
HTTP/1.1 200 OK
Content-Type: application/json; charset=utf-8
cache-control: no-cache
content-length: 14

18:12:46.236 [AsyncHttpClient-1-10] DEBUG org.asynchttpclient.netty.channel.ChannelManager - Adding key: http://localhost:52056 for channel [id: 0x8c5d418b, L:/127.0.0.1:51816 - R:localhost/127.0.0.1:52056]
18:12:46.239 [Forwarding getCurrentUrl on session b72082afb069e55d5e5eca40abcabbd9 to remote] DEBUG org.asynchttpclient.netty.request.NettyRequestSender - Using pooled Channel '[id: 0x8c5d418b, L:/127.0.0.1:51816 - R:localhost/127.0.0.1:52056]' for 'GET' to 'http://localhost:52056/session/b72082afb069e55d5e5eca40abcabbd9/url'
18:12:46.239 [Forwarding getCurrentUrl on session b72082afb069e55d5e5eca40abcabbd9 to remote] DEBUG org.asynchttpclient.netty.request.NettyRequestSender - Using open Channel [id: 0x8c5d418b, L:/127.0.0.1:51816 - R:localhost/127.0.0.1:52056] for GET '/session/b72082afb069e55d5e5eca40abcabbd9/url'
18:12:46.243 [AsyncHttpClient-1-10] DEBUG org.asynchttpclient.netty.handler.HttpHandler - 

Request DefaultFullHttpRequest(decodeResult: success, version: HTTP/1.1, content: EmptyByteBufBE)
GET /session/b72082afb069e55d5e5eca40abcabbd9/url HTTP/1.1
User-Agent: selenium/4.1.2 (java windows)
Cache-Control: no-cache
Content-Type: application/json; charset=utf-8
host: localhost:52056
accept: */*

Response DefaultHttpResponse(decodeResult: success, version: HTTP/1.1)
HTTP/1.1 200 OK
Content-Type: application/json; charset=utf-8
cache-control: no-cache
content-length: 51

18:12:46.243 [AsyncHttpClient-1-10] DEBUG org.asynchttpclient.netty.channel.ChannelManager - Adding key: http://localhost:52056 for channel [id: 0x8c5d418b, L:/127.0.0.1:51816 - R:localhost/127.0.0.1:52056]
  &amp#27;[32mGiven &amp#27;[0m&amp#27;[32mI am on the login page&amp#27;[0m                  &amp#27;[90m# starter.stepdefinitions.LoginStep.iAmOnTheLoginPage()&amp#27;[0m
18:12:46.249 [Forwarding screenshot on session b72082afb069e55d5e5eca40abcabbd9 to remote] DEBUG org.asynchttpclient.netty.request.NettyRequestSender - Using pooled Channel '[id: 0x8c5d418b, L:/127.0.0.1:51816 - R:localhost/127.0.0.1:52056]' for 'GET' to 'http://localhost:52056/session/b72082afb069e55d5e5eca40abcabbd9/screenshot'
18:12:46.249 [Forwarding screenshot on session b72082afb069e55d5e5eca40abcabbd9 to remote] DEBUG org.asynchttpclient.netty.request.NettyRequestSender - Using open Channel [id: 0x8c5d418b, L:/127.0.0.1:51816 - R:localhost/127.0.0.1:52056] for GET '/session/b72082afb069e55d5e5eca40abcabbd9/screenshot'
18:12:46.344 [AsyncHttpClient-1-10] DEBUG org.asynchttpclient.netty.handler.HttpHandler - 

Request DefaultFullHttpRequest(decodeResult: success, version: HTTP/1.1, content: EmptyByteBufBE)
GET /session/b72082afb069e55d5e5eca40abcabbd9/screenshot HTTP/1.1
User-Agent: selenium/4.1.2 (java windows)
Cache-Control: no-cache
Content-Type: application/json; charset=utf-8
host: localhost:52056
accept: */*

Response DefaultHttpResponse(decodeResult: success, version: HTTP/1.1)
HTTP/1.1 200 OK
Content-Type: application/json; charset=utf-8
cache-control: no-cache
content-length: 24528

18:12:46.345 [AsyncHttpClient-1-10] DEBUG org.asynchttpclient.netty.channel.ChannelManager - Adding key: http://localhost:52056 for channel [id: 0x8c5d418b, L:/127.0.0.1:51816 - R:localhost/127.0.0.1:52056]
18:12:46.347 [main] DEBUG net.serenitybdd.core.photography.Darkroom - Send negative for processing for target\site\serenity\4a081d05db2e6be9b3256b332b844d9c53d5aa88207142e6b6c18ed6759b787c.png
18:12:46.355 [Forwarding findElement on session b72082afb069e55d5e5eca40abcabbd9 to remote] DEBUG org.asynchttpclient.netty.request.NettyRequestSender - Using pooled Channel '[id: 0x8c5d418b, L:/127.0.0.1:51816 - R:localhost/127.0.0.1:52056]' for 'POST' to 'http://localhost:52056/session/b72082afb069e55d5e5eca40abcabbd9/element'
18:12:46.355 [Forwarding findElement on session b72082afb069e55d5e5eca40abcabbd9 to remote] DEBUG org.asynchttpclient.netty.request.NettyRequestSender - Using open Channel [id: 0x8c5d418b, L:/127.0.0.1:51816 - R:localhost/127.0.0.1:52056] for POST '/session/b72082afb069e55d5e5eca40abcabbd9/element'
18:12:46.365 [AsyncHttpClient-1-10] DEBUG org.asynchttpclient.netty.handler.HttpHandler - 

Request DefaultHttpRequest(decodeResult: success, version: HTTP/1.1)
POST /session/b72082afb069e55d5e5eca40abcabbd9/element HTTP/1.1
User-Agent: selenium/4.1.2 (java windows)
Content-Length: 55
Content-Type: application/json; charset=utf-8
host: localhost:52056
accept: */*

Response DefaultHttpResponse(decodeResult: success, version: HTTP/1.1)
HTTP/1.1 200 OK
Content-Type: application/json; charset=utf-8
cache-control: no-cache
content-length: 88

18:12:46.366 [AsyncHttpClient-1-10] DEBUG org.asynchttpclient.netty.channel.ChannelManager - Adding key: http://localhost:52056 for channel [id: 0x8c5d418b, L:/127.0.0.1:51816 - R:localhost/127.0.0.1:52056]
18:12:46.367 [Forwarding clearElement on session b72082afb069e55d5e5eca40abcabbd9 to remote] DEBUG org.asynchttpclient.netty.request.NettyRequestSender - Using pooled Channel '[id: 0x8c5d418b, L:/127.0.0.1:51816 - R:localhost/127.0.0.1:52056]' for 'POST' to 'http://localhost:52056/session/b72082afb069e55d5e5eca40abcabbd9/element/40ff34f9-a4a8-4317-b44a-6c9fcf6749ee/clear'
18:12:46.367 [Forwarding clearElement on session b72082afb069e55d5e5eca40abcabbd9 to remote] DEBUG org.asynchttpclient.netty.request.NettyRequestSender - Using open Channel [id: 0x8c5d418b, L:/127.0.0.1:51816 - R:localhost/127.0.0.1:52056] for POST '/session/b72082afb069e55d5e5eca40abcabbd9/element/40ff34f9-a4a8-4317-b44a-6c9fcf6749ee/clear'
18:12:46.395 [AsyncHttpClient-1-10] DEBUG org.asynchttpclient.netty.handler.HttpHandler - 

Request DefaultHttpRequest(decodeResult: success, version: HTTP/1.1)
POST /session/b72082afb069e55d5e5eca40abcabbd9/element/40ff34f9-a4a8-4317-b44a-6c9fcf6749ee/clear HTTP/1.1
User-Agent: selenium/4.1.2 (java windows)
Content-Length: 50
Content-Type: application/json; charset=utf-8
host: localhost:52056
accept: */*

Response DefaultHttpResponse(decodeResult: success, version: HTTP/1.1)
HTTP/1.1 200 OK
Content-Type: application/json; charset=utf-8
cache-control: no-cache
content-length: 14

18:12:46.395 [AsyncHttpClient-1-10] DEBUG org.asynchttpclient.netty.channel.ChannelManager - Adding key: http://localhost:52056 for channel [id: 0x8c5d418b, L:/127.0.0.1:51816 - R:localhost/127.0.0.1:52056]
18:12:46.397 [Forwarding sendKeysToElement on session b72082afb069e55d5e5eca40abcabbd9 to remote] DEBUG org.asynchttpclient.netty.request.NettyRequestSender - Using pooled Channel '[id: 0x8c5d418b, L:/127.0.0.1:51816 - R:localhost/127.0.0.1:52056]' for 'POST' to 'http://localhost:52056/session/b72082afb069e55d5e5eca40abcabbd9/element/40ff34f9-a4a8-4317-b44a-6c9fcf6749ee/value'
18:12:46.397 [Forwarding sendKeysToElement on session b72082afb069e55d5e5eca40abcabbd9 to remote] DEBUG org.asynchttpclient.netty.request.NettyRequestSender - Using open Channel [id: 0x8c5d418b, L:/127.0.0.1:51816 - R:localhost/127.0.0.1:52056] for POST '/session/b72082afb069e55d5e5eca40abcabbd9/element/40ff34f9-a4a8-4317-b44a-6c9fcf6749ee/value'
18:12:46.429 [AsyncHttpClient-1-10] DEBUG org.asynchttpclient.netty.handler.HttpHandler - 

Request DefaultHttpRequest(decodeResult: success, version: HTTP/1.1)
POST /session/b72082afb069e55d5e5eca40abcabbd9/element/40ff34f9-a4a8-4317-b44a-6c9fcf6749ee/value HTTP/1.1
User-Agent: selenium/4.1.2 (java windows)
Content-Length: 82
Content-Type: application/json; charset=utf-8
host: localhost:52056
accept: */*

Response DefaultHttpResponse(decodeResult: success, version: HTTP/1.1)
HTTP/1.1 200 OK
Content-Type: application/json; charset=utf-8
cache-control: no-cache
content-length: 14

18:12:46.430 [AsyncHttpClient-1-10] DEBUG org.asynchttpclient.netty.channel.ChannelManager - Adding key: http://localhost:52056 for channel [id: 0x8c5d418b, L:/127.0.0.1:51816 - R:localhost/127.0.0.1:52056]
  &amp#27;[32mWhen &amp#27;[0m&amp#27;[32mI input email &amp#27;[0m&amp#27;[32m&amp#27;[1m""&amp#27;[0m                         &amp#27;[90m# starter.stepdefinitions.LoginStep.iInputEmail(java.lang.String)&amp#27;[0m
18:12:46.438 [Forwarding screenshot on session b72082afb069e55d5e5eca40abcabbd9 to remote] DEBUG org.asynchttpclient.netty.request.NettyRequestSender - Using pooled Channel '[id: 0x8c5d418b, L:/127.0.0.1:51816 - R:localhost/127.0.0.1:52056]' for 'GET' to 'http://localhost:52056/session/b72082afb069e55d5e5eca40abcabbd9/screenshot'
18:12:46.438 [Forwarding screenshot on session b72082afb069e55d5e5eca40abcabbd9 to remote] DEBUG org.asynchttpclient.netty.request.NettyRequestSender - Using open Channel [id: 0x8c5d418b, L:/127.0.0.1:51816 - R:localhost/127.0.0.1:52056] for GET '/session/b72082afb069e55d5e5eca40abcabbd9/screenshot'
18:12:46.534 [AsyncHttpClient-1-10] DEBUG org.asynchttpclient.netty.handler.HttpHandler - 

Request DefaultFullHttpRequest(decodeResult: success, version: HTTP/1.1, content: EmptyByteBufBE)
GET /session/b72082afb069e55d5e5eca40abcabbd9/screenshot HTTP/1.1
User-Agent: selenium/4.1.2 (java windows)
Cache-Control: no-cache
Content-Type: application/json; charset=utf-8
host: localhost:52056
accept: */*

Response DefaultHttpResponse(decodeResult: success, version: HTTP/1.1)
HTTP/1.1 200 OK
Content-Type: application/json; charset=utf-8
cache-control: no-cache
content-length: 24728

18:12:46.535 [AsyncHttpClient-1-10] DEBUG org.asynchttpclient.netty.channel.ChannelManager - Adding key: http://localhost:52056 for channel [id: 0x8c5d418b, L:/127.0.0.1:51816 - R:localhost/127.0.0.1:52056]
18:12:46.536 [main] DEBUG net.serenitybdd.core.photography.Darkroom - Send negative for processing for target\site\serenity\5d5bdf66afab721b6c4499130760bffa6792b3ebf76fa145bde7f6733dd8bfbb.png
18:12:46.537 [Darkroom Processing Line] DEBUG net.serenitybdd.core.photography.DarkroomProcessingLine - Processing screenshot image in /var/screenshots/screenshot-2920453510613979142
18:12:46.537 [Darkroom Processing Line] DEBUG net.serenitybdd.core.photography.DarkroomProcessingLine - Saving screenshot to target\site\serenity\5d5bdf66afab721b6c4499130760bffa6792b3ebf76fa145bde7f6733dd8bfbb.png
18:12:46.544 [Forwarding findElement on session b72082afb069e55d5e5eca40abcabbd9 to remote] DEBUG org.asynchttpclient.netty.request.NettyRequestSender - Using pooled Channel '[id: 0x8c5d418b, L:/127.0.0.1:51816 - R:localhost/127.0.0.1:52056]' for 'POST' to 'http://localhost:52056/session/b72082afb069e55d5e5eca40abcabbd9/element'
18:12:46.544 [Forwarding findElement on session b72082afb069e55d5e5eca40abcabbd9 to remote] DEBUG org.asynchttpclient.netty.request.NettyRequestSender - Using open Channel [id: 0x8c5d418b, L:/127.0.0.1:51816 - R:localhost/127.0.0.1:52056] for POST '/session/b72082afb069e55d5e5eca40abcabbd9/element'
18:12:46.555 [AsyncHttpClient-1-10] DEBUG org.asynchttpclient.netty.handler.HttpHandler - 

Request DefaultHttpRequest(decodeResult: success, version: HTTP/1.1)
POST /session/b72082afb069e55d5e5eca40abcabbd9/element HTTP/1.1
User-Agent: selenium/4.1.2 (java windows)
Content-Length: 55
Content-Type: application/json; charset=utf-8
host: localhost:52056
accept: */*

Response DefaultHttpResponse(decodeResult: success, version: HTTP/1.1)
HTTP/1.1 200 OK
Content-Type: application/json; charset=utf-8
cache-control: no-cache
content-length: 88

18:12:46.555 [AsyncHttpClient-1-10] DEBUG org.asynchttpclient.netty.channel.ChannelManager - Adding key: http://localhost:52056 for channel [id: 0x8c5d418b, L:/127.0.0.1:51816 - R:localhost/127.0.0.1:52056]
18:12:46.557 [Forwarding clearElement on session b72082afb069e55d5e5eca40abcabbd9 to remote] DEBUG org.asynchttpclient.netty.request.NettyRequestSender - Using pooled Channel '[id: 0x8c5d418b, L:/127.0.0.1:51816 - R:localhost/127.0.0.1:52056]' for 'POST' to 'http://localhost:52056/session/b72082afb069e55d5e5eca40abcabbd9/element/09cb77b1-00aa-497c-befc-f15226a6eb1b/clear'
18:12:46.557 [Forwarding clearElement on session b72082afb069e55d5e5eca40abcabbd9 to remote] DEBUG org.asynchttpclient.netty.request.NettyRequestSender - Using open Channel [id: 0x8c5d418b, L:/127.0.0.1:51816 - R:localhost/127.0.0.1:52056] for POST '/session/b72082afb069e55d5e5eca40abcabbd9/element/09cb77b1-00aa-497c-befc-f15226a6eb1b/clear'
18:12:46.588 [AsyncHttpClient-1-10] DEBUG org.asynchttpclient.netty.handler.HttpHandler - 

Request DefaultHttpRequest(decodeResult: success, version: HTTP/1.1)
POST /session/b72082afb069e55d5e5eca40abcabbd9/element/09cb77b1-00aa-497c-befc-f15226a6eb1b/clear HTTP/1.1
User-Agent: selenium/4.1.2 (java windows)
Content-Length: 50
Content-Type: application/json; charset=utf-8
host: localhost:52056
accept: */*

Response DefaultHttpResponse(decodeResult: success, version: HTTP/1.1)
HTTP/1.1 200 OK
Content-Type: application/json; charset=utf-8
cache-control: no-cache
content-length: 14

18:12:46.588 [AsyncHttpClient-1-10] DEBUG org.asynchttpclient.netty.channel.ChannelManager - Adding key: http://localhost:52056 for channel [id: 0x8c5d418b, L:/127.0.0.1:51816 - R:localhost/127.0.0.1:52056]
18:12:46.590 [Forwarding sendKeysToElement on session b72082afb069e55d5e5eca40abcabbd9 to remote] DEBUG org.asynchttpclient.netty.request.NettyRequestSender - Using pooled Channel '[id: 0x8c5d418b, L:/127.0.0.1:51816 - R:localhost/127.0.0.1:52056]' for 'POST' to 'http://localhost:52056/session/b72082afb069e55d5e5eca40abcabbd9/element/09cb77b1-00aa-497c-befc-f15226a6eb1b/value'
18:12:46.590 [Forwarding sendKeysToElement on session b72082afb069e55d5e5eca40abcabbd9 to remote] DEBUG org.asynchttpclient.netty.request.NettyRequestSender - Using open Channel [id: 0x8c5d418b, L:/127.0.0.1:51816 - R:localhost/127.0.0.1:52056] for POST '/session/b72082afb069e55d5e5eca40abcabbd9/element/09cb77b1-00aa-497c-befc-f15226a6eb1b/value'
18:12:46.633 [AsyncHttpClient-1-10] DEBUG org.asynchttpclient.netty.handler.HttpHandler - 

Request DefaultHttpRequest(decodeResult: success, version: HTTP/1.1)
POST /session/b72082afb069e55d5e5eca40abcabbd9/element/09cb77b1-00aa-497c-befc-f15226a6eb1b/value HTTP/1.1
User-Agent: selenium/4.1.2 (java windows)
Content-Length: 91
Content-Type: application/json; charset=utf-8
host: localhost:52056
accept: */*

Response DefaultHttpResponse(decodeResult: success, version: HTTP/1.1)
HTTP/1.1 200 OK
Content-Type: application/json; charset=utf-8
cache-control: no-cache
content-length: 14

18:12:46.633 [AsyncHttpClient-1-10] DEBUG org.asynchttpclient.netty.channel.ChannelManager - Adding key: http://localhost:52056 for channel [id: 0x8c5d418b, L:/127.0.0.1:51816 - R:localhost/127.0.0.1:52056]
  &amp#27;[32mAnd &amp#27;[0m&amp#27;[32mI input password &amp#27;[0m&amp#27;[32m&amp#27;[1m"a"&amp#27;[0m                      &amp#27;[90m# starter.stepdefinitions.LoginStep.iInputPassword(java.lang.String)&amp#27;[0m
18:12:46.639 [Forwarding screenshot on session b72082afb069e55d5e5eca40abcabbd9 to remote] DEBUG org.asynchttpclient.netty.request.NettyRequestSender - Using pooled Channel '[id: 0x8c5d418b, L:/127.0.0.1:51816 - R:localhost/127.0.0.1:52056]' for 'GET' to 'http://localhost:52056/session/b72082afb069e55d5e5eca40abcabbd9/screenshot'
18:12:46.639 [Forwarding screenshot on session b72082afb069e55d5e5eca40abcabbd9 to remote] DEBUG org.asynchttpclient.netty.request.NettyRequestSender - Using open Channel [id: 0x8c5d418b, L:/127.0.0.1:51816 - R:localhost/127.0.0.1:52056] for GET '/session/b72082afb069e55d5e5eca40abcabbd9/screenshot'
18:12:46.731 [AsyncHttpClient-1-10] DEBUG org.asynchttpclient.netty.handler.HttpHandler - 

Request DefaultFullHttpRequest(decodeResult: success, version: HTTP/1.1, content: EmptyByteBufBE)
GET /session/b72082afb069e55d5e5eca40abcabbd9/screenshot HTTP/1.1
User-Agent: selenium/4.1.2 (java windows)
Cache-Control: no-cache
Content-Type: application/json; charset=utf-8
host: localhost:52056
accept: */*

Response DefaultHttpResponse(decodeResult: success, version: HTTP/1.1)
HTTP/1.1 200 OK
Content-Type: application/json; charset=utf-8
cache-control: no-cache
content-length: 25500

18:12:46.731 [AsyncHttpClient-1-10] DEBUG org.asynchttpclient.netty.channel.ChannelManager - Adding key: http://localhost:52056 for channel [id: 0x8c5d418b, L:/127.0.0.1:51816 - R:localhost/127.0.0.1:52056]
18:12:46.733 [main] DEBUG net.serenitybdd.core.photography.Darkroom - Send negative for processing for target\site\serenity\e94e85ad8e2bfe92ae971a26ceb1cfe27729cfc2b6a7f129e184cb497216f025.png
18:12:46.734 [Darkroom Processing Line] DEBUG net.serenitybdd.core.photography.DarkroomProcessingLine - Processing screenshot image in /var/screenshots/screenshot-1417662978599715362
18:12:46.734 [Darkroom Processing Line] DEBUG net.serenitybdd.core.photography.DarkroomProcessingLine - Saving screenshot to target\site\serenity\e94e85ad8e2bfe92ae971a26ceb1cfe27729cfc2b6a7f129e184cb497216f025.png
18:12:46.742 [Forwarding findElement on session b72082afb069e55d5e5eca40abcabbd9 to remote] DEBUG org.asynchttpclient.netty.request.NettyRequestSender - Using pooled Channel '[id: 0x8c5d418b, L:/127.0.0.1:51816 - R:localhost/127.0.0.1:52056]' for 'POST' to 'http://localhost:52056/session/b72082afb069e55d5e5eca40abcabbd9/element'
18:12:46.742 [Forwarding findElement on session b72082afb069e55d5e5eca40abcabbd9 to remote] DEBUG org.asynchttpclient.netty.request.NettyRequestSender - Using open Channel [id: 0x8c5d418b, L:/127.0.0.1:51816 - R:localhost/127.0.0.1:52056] for POST '/session/b72082afb069e55d5e5eca40abcabbd9/element'
18:12:46.754 [AsyncHttpClient-1-10] DEBUG org.asynchttpclient.netty.handler.HttpHandler - 

Request DefaultHttpRequest(decodeResult: success, version: HTTP/1.1)
POST /session/b72082afb069e55d5e5eca40abcabbd9/element HTTP/1.1
User-Agent: selenium/4.1.2 (java windows)
Content-Length: 143
Content-Type: application/json; charset=utf-8
host: localhost:52056
accept: */*

Response DefaultHttpResponse(decodeResult: success, version: HTTP/1.1)
HTTP/1.1 200 OK
Content-Type: application/json; charset=utf-8
cache-control: no-cache
content-length: 88

18:12:46.754 [AsyncHttpClient-1-10] DEBUG org.asynchttpclient.netty.channel.ChannelManager - Adding key: http://localhost:52056 for channel [id: 0x8c5d418b, L:/127.0.0.1:51816 - R:localhost/127.0.0.1:52056]
18:12:46.756 [Forwarding getElementTagName on session b72082afb069e55d5e5eca40abcabbd9 to remote] DEBUG org.asynchttpclient.netty.request.NettyRequestSender - Using pooled Channel '[id: 0x8c5d418b, L:/127.0.0.1:51816 - R:localhost/127.0.0.1:52056]' for 'GET' to 'http://localhost:52056/session/b72082afb069e55d5e5eca40abcabbd9/element/37dbb9c3-8727-4d66-9c90-82b76aacb3a1/name'
18:12:46.756 [Forwarding getElementTagName on session b72082afb069e55d5e5eca40abcabbd9 to remote] DEBUG org.asynchttpclient.netty.request.NettyRequestSender - Using open Channel [id: 0x8c5d418b, L:/127.0.0.1:51816 - R:localhost/127.0.0.1:52056] for GET '/session/b72082afb069e55d5e5eca40abcabbd9/element/37dbb9c3-8727-4d66-9c90-82b76aacb3a1/name'
18:12:46.760 [AsyncHttpClient-1-10] DEBUG org.asynchttpclient.netty.handler.HttpHandler - 

Request DefaultFullHttpRequest(decodeResult: success, version: HTTP/1.1, content: EmptyByteBufBE)
GET /session/b72082afb069e55d5e5eca40abcabbd9/element/37dbb9c3-8727-4d66-9c90-82b76aacb3a1/name HTTP/1.1
User-Agent: selenium/4.1.2 (java windows)
Cache-Control: no-cache
Content-Type: application/json; charset=utf-8
host: localhost:52056
accept: */*

Response DefaultHttpResponse(decodeResult: success, version: HTTP/1.1)
HTTP/1.1 200 OK
Content-Type: application/json; charset=utf-8
cache-control: no-cache
content-length: 18

18:12:46.760 [AsyncHttpClient-1-10] DEBUG org.asynchttpclient.netty.channel.ChannelManager - Adding key: http://localhost:52056 for channel [id: 0x8c5d418b, L:/127.0.0.1:51816 - R:localhost/127.0.0.1:52056]
18:12:46.762 [Forwarding getElementTagName on session b72082afb069e55d5e5eca40abcabbd9 to remote] DEBUG org.asynchttpclient.netty.request.NettyRequestSender - Using pooled Channel '[id: 0x8c5d418b, L:/127.0.0.1:51816 - R:localhost/127.0.0.1:52056]' for 'GET' to 'http://localhost:52056/session/b72082afb069e55d5e5eca40abcabbd9/element/37dbb9c3-8727-4d66-9c90-82b76aacb3a1/name'
18:12:46.762 [Forwarding getElementTagName on session b72082afb069e55d5e5eca40abcabbd9 to remote] DEBUG org.asynchttpclient.netty.request.NettyRequestSender - Using open Channel [id: 0x8c5d418b, L:/127.0.0.1:51816 - R:localhost/127.0.0.1:52056] for GET '/session/b72082afb069e55d5e5eca40abcabbd9/element/37dbb9c3-8727-4d66-9c90-82b76aacb3a1/name'
18:12:46.764 [AsyncHttpClient-1-10] DEBUG org.asynchttpclient.netty.handler.HttpHandler - 

Request DefaultFullHttpRequest(decodeResult: success, version: HTTP/1.1, content: EmptyByteBufBE)
GET /session/b72082afb069e55d5e5eca40abcabbd9/element/37dbb9c3-8727-4d66-9c90-82b76aacb3a1/name HTTP/1.1
User-Agent: selenium/4.1.2 (java windows)
Cache-Control: no-cache
Content-Type: application/json; charset=utf-8
host: localhost:52056
accept: */*

Response DefaultHttpResponse(decodeResult: success, version: HTTP/1.1)
HTTP/1.1 200 OK
Content-Type: application/json; charset=utf-8
cache-control: no-cache
content-length: 18

18:12:46.764 [AsyncHttpClient-1-10] DEBUG org.asynchttpclient.netty.channel.ChannelManager - Adding key: http://localhost:52056 for channel [id: 0x8c5d418b, L:/127.0.0.1:51816 - R:localhost/127.0.0.1:52056]
18:12:46.767 [Forwarding isElementEnabled on session b72082afb069e55d5e5eca40abcabbd9 to remote] DEBUG org.asynchttpclient.netty.request.NettyRequestSender - Using pooled Channel '[id: 0x8c5d418b, L:/127.0.0.1:51816 - R:localhost/127.0.0.1:52056]' for 'GET' to 'http://localhost:52056/session/b72082afb069e55d5e5eca40abcabbd9/element/37dbb9c3-8727-4d66-9c90-82b76aacb3a1/enabled'
18:12:46.767 [Forwarding isElementEnabled on session b72082afb069e55d5e5eca40abcabbd9 to remote] DEBUG org.asynchttpclient.netty.request.NettyRequestSender - Using open Channel [id: 0x8c5d418b, L:/127.0.0.1:51816 - R:localhost/127.0.0.1:52056] for GET '/session/b72082afb069e55d5e5eca40abcabbd9/element/37dbb9c3-8727-4d66-9c90-82b76aacb3a1/enabled'
18:12:46.774 [AsyncHttpClient-1-10] DEBUG org.asynchttpclient.netty.handler.HttpHandler - 

Request DefaultFullHttpRequest(decodeResult: success, version: HTTP/1.1, content: EmptyByteBufBE)
GET /session/b72082afb069e55d5e5eca40abcabbd9/element/37dbb9c3-8727-4d66-9c90-82b76aacb3a1/enabled HTTP/1.1
User-Agent: selenium/4.1.2 (java windows)
Cache-Control: no-cache
Content-Type: application/json; charset=utf-8
host: localhost:52056
accept: */*

Response DefaultHttpResponse(decodeResult: success, version: HTTP/1.1)
HTTP/1.1 200 OK
Content-Type: application/json; charset=utf-8
cache-control: no-cache
content-length: 14

18:12:46.774 [AsyncHttpClient-1-10] DEBUG org.asynchttpclient.netty.channel.ChannelManager - Adding key: http://localhost:52056 for channel [id: 0x8c5d418b, L:/127.0.0.1:51816 - R:localhost/127.0.0.1:52056]
18:12:46.776 [Forwarding isElementEnabled on session b72082afb069e55d5e5eca40abcabbd9 to remote] DEBUG org.asynchttpclient.netty.request.NettyRequestSender - Using pooled Channel '[id: 0x8c5d418b, L:/127.0.0.1:51816 - R:localhost/127.0.0.1:52056]' for 'GET' to 'http://localhost:52056/session/b72082afb069e55d5e5eca40abcabbd9/element/37dbb9c3-8727-4d66-9c90-82b76aacb3a1/enabled'
18:12:46.776 [Forwarding isElementEnabled on session b72082afb069e55d5e5eca40abcabbd9 to remote] DEBUG org.asynchttpclient.netty.request.NettyRequestSender - Using open Channel [id: 0x8c5d418b, L:/127.0.0.1:51816 - R:localhost/127.0.0.1:52056] for GET '/session/b72082afb069e55d5e5eca40abcabbd9/element/37dbb9c3-8727-4d66-9c90-82b76aacb3a1/enabled'
18:12:46.780 [AsyncHttpClient-1-10] DEBUG org.asynchttpclient.netty.handler.HttpHandler - 

Request DefaultFullHttpRequest(decodeResult: success, version: HTTP/1.1, content: EmptyByteBufBE)
GET /session/b72082afb069e55d5e5eca40abcabbd9/element/37dbb9c3-8727-4d66-9c90-82b76aacb3a1/enabled HTTP/1.1
User-Agent: selenium/4.1.2 (java windows)
Cache-Control: no-cache
Content-Type: application/json; charset=utf-8
host: localhost:52056
accept: */*

Response DefaultHttpResponse(decodeResult: success, version: HTTP/1.1)
HTTP/1.1 200 OK
Content-Type: application/json; charset=utf-8
cache-control: no-cache
content-length: 14

18:12:46.780 [AsyncHttpClient-1-10] DEBUG org.asynchttpclient.netty.channel.ChannelManager - Adding key: http://localhost:52056 for channel [id: 0x8c5d418b, L:/127.0.0.1:51816 - R:localhost/127.0.0.1:52056]
18:12:46.783 [Forwarding findElement on session b72082afb069e55d5e5eca40abcabbd9 to remote] DEBUG org.asynchttpclient.netty.request.NettyRequestSender - Using pooled Channel '[id: 0x8c5d418b, L:/127.0.0.1:51816 - R:localhost/127.0.0.1:52056]' for 'POST' to 'http://localhost:52056/session/b72082afb069e55d5e5eca40abcabbd9/element'
18:12:46.783 [Forwarding findElement on session b72082afb069e55d5e5eca40abcabbd9 to remote] DEBUG org.asynchttpclient.netty.request.NettyRequestSender - Using open Channel [id: 0x8c5d418b, L:/127.0.0.1:51816 - R:localhost/127.0.0.1:52056] for POST '/session/b72082afb069e55d5e5eca40abcabbd9/element'
18:12:46.791 [AsyncHttpClient-1-10] DEBUG org.asynchttpclient.netty.handler.HttpHandler - 

Request DefaultHttpRequest(decodeResult: success, version: HTTP/1.1)
POST /session/b72082afb069e55d5e5eca40abcabbd9/element HTTP/1.1
User-Agent: selenium/4.1.2 (java windows)
Content-Length: 143
Content-Type: application/json; charset=utf-8
host: localhost:52056
accept: */*

Response DefaultHttpResponse(decodeResult: success, version: HTTP/1.1)
HTTP/1.1 200 OK
Content-Type: application/json; charset=utf-8
cache-control: no-cache
content-length: 88

18:12:46.792 [AsyncHttpClient-1-10] DEBUG org.asynchttpclient.netty.channel.ChannelManager - Adding key: http://localhost:52056 for channel [id: 0x8c5d418b, L:/127.0.0.1:51816 - R:localhost/127.0.0.1:52056]
18:12:46.793 [Forwarding clickElement on session b72082afb069e55d5e5eca40abcabbd9 to remote] DEBUG org.asynchttpclient.netty.request.NettyRequestSender - Using pooled Channel '[id: 0x8c5d418b, L:/127.0.0.1:51816 - R:localhost/127.0.0.1:52056]' for 'POST' to 'http://localhost:52056/session/b72082afb069e55d5e5eca40abcabbd9/element/37dbb9c3-8727-4d66-9c90-82b76aacb3a1/click'
18:12:46.793 [Forwarding clickElement on session b72082afb069e55d5e5eca40abcabbd9 to remote] DEBUG org.asynchttpclient.netty.request.NettyRequestSender - Using open Channel [id: 0x8c5d418b, L:/127.0.0.1:51816 - R:localhost/127.0.0.1:52056] for POST '/session/b72082afb069e55d5e5eca40abcabbd9/element/37dbb9c3-8727-4d66-9c90-82b76aacb3a1/click'
18:12:46.836 [AsyncHttpClient-1-10] DEBUG org.asynchttpclient.netty.handler.HttpHandler - 

Request DefaultHttpRequest(decodeResult: success, version: HTTP/1.1)
POST /session/b72082afb069e55d5e5eca40abcabbd9/element/37dbb9c3-8727-4d66-9c90-82b76aacb3a1/click HTTP/1.1
User-Agent: selenium/4.1.2 (java windows)
Content-Length: 50
Content-Type: application/json; charset=utf-8
host: localhost:52056
accept: */*

Response DefaultHttpResponse(decodeResult: success, version: HTTP/1.1)
HTTP/1.1 200 OK
Content-Type: application/json; charset=utf-8
cache-control: no-cache
content-length: 14

18:12:46.837 [AsyncHttpClient-1-10] DEBUG org.asynchttpclient.netty.channel.ChannelManager - Adding key: http://localhost:52056 for channel [id: 0x8c5d418b, L:/127.0.0.1:51816 - R:localhost/127.0.0.1:52056]
  &amp#27;[32mAnd &amp#27;[0m&amp#27;[32mI click login button&amp#27;[0m                      &amp#27;[90m# starter.stepdefinitions.LoginStep.iClickLoginButton()&amp#27;[0m
18:12:46.842 [Forwarding screenshot on session b72082afb069e55d5e5eca40abcabbd9 to remote] DEBUG org.asynchttpclient.netty.request.NettyRequestSender - Using pooled Channel '[id: 0x8c5d418b, L:/127.0.0.1:51816 - R:localhost/127.0.0.1:52056]' for 'GET' to 'http://localhost:52056/session/b72082afb069e55d5e5eca40abcabbd9/screenshot'
18:12:46.842 [Forwarding screenshot on session b72082afb069e55d5e5eca40abcabbd9 to remote] DEBUG org.asynchttpclient.netty.request.NettyRequestSender - Using open Channel [id: 0x8c5d418b, L:/127.0.0.1:51816 - R:localhost/127.0.0.1:52056] for GET '/session/b72082afb069e55d5e5eca40abcabbd9/screenshot'
18:12:46.937 [AsyncHttpClient-1-10] DEBUG org.asynchttpclient.netty.handler.HttpHandler - 

Request DefaultFullHttpRequest(decodeResult: success, version: HTTP/1.1, content: EmptyByteBufBE)
GET /session/b72082afb069e55d5e5eca40abcabbd9/screenshot HTTP/1.1
User-Agent: selenium/4.1.2 (java windows)
Cache-Control: no-cache
Content-Type: application/json; charset=utf-8
host: localhost:52056
accept: */*

Response DefaultHttpResponse(decodeResult: success, version: HTTP/1.1)
HTTP/1.1 200 OK
Content-Type: application/json; charset=utf-8
cache-control: no-cache
content-length: 24900

18:12:46.938 [AsyncHttpClient-1-10] DEBUG org.asynchttpclient.netty.channel.ChannelManager - Adding key: http://localhost:52056 for channel [id: 0x8c5d418b, L:/127.0.0.1:51816 - R:localhost/127.0.0.1:52056]
18:12:46.939 [main] DEBUG net.serenitybdd.core.photography.Darkroom - Send negative for processing for target\site\serenity\c8fdbc64c7b40478693171611a2c9cccef6877c466142285442bd8eb29bd9dd3.png
18:12:46.939 [Darkroom Processing Line] DEBUG net.serenitybdd.core.photography.DarkroomProcessingLine - Processing screenshot image in /var/screenshots/screenshot-8890871247683168092
18:12:46.939 [Darkroom Processing Line] DEBUG net.serenitybdd.core.photography.DarkroomProcessingLine - Saving screenshot to target\site\serenity\c8fdbc64c7b40478693171611a2c9cccef6877c466142285442bd8eb29bd9dd3.png
18:12:46.946 [Forwarding findElement on session b72082afb069e55d5e5eca40abcabbd9 to remote] DEBUG org.asynchttpclient.netty.request.NettyRequestSender - Using pooled Channel '[id: 0x8c5d418b, L:/127.0.0.1:51816 - R:localhost/127.0.0.1:52056]' for 'POST' to 'http://localhost:52056/session/b72082afb069e55d5e5eca40abcabbd9/element'
18:12:46.946 [Forwarding findElement on session b72082afb069e55d5e5eca40abcabbd9 to remote] DEBUG org.asynchttpclient.netty.request.NettyRequestSender - Using open Channel [id: 0x8c5d418b, L:/127.0.0.1:51816 - R:localhost/127.0.0.1:52056] for POST '/session/b72082afb069e55d5e5eca40abcabbd9/element'
18:12:47.275 [AsyncHttpClient-1-1] DEBUG org.asynchttpclient.netty.channel.DefaultChannelPool - Entry count for : http://localhost:51818 : 1
18:12:48.377 [AsyncHttpClient-1-1] DEBUG org.asynchttpclient.netty.channel.DefaultChannelPool - Entry count for : http://localhost:51818 : 1
18:12:48.416 [AsyncHttpClient-1-10] DEBUG org.asynchttpclient.netty.handler.HttpHandler - 

Request DefaultHttpRequest(decodeResult: success, version: HTTP/1.1)
POST /session/b72082afb069e55d5e5eca40abcabbd9/element HTTP/1.1
User-Agent: selenium/4.1.2 (java windows)
Content-Length: 69
Content-Type: application/json; charset=utf-8
host: localhost:52056
accept: */*

Response DefaultHttpResponse(decodeResult: success, version: HTTP/1.1)
HTTP/1.1 200 OK
Content-Type: application/json; charset=utf-8
cache-control: no-cache
content-length: 88

18:12:48.416 [AsyncHttpClient-1-10] DEBUG org.asynchttpclient.netty.channel.ChannelManager - Adding key: http://localhost:52056 for channel [id: 0x8c5d418b, L:/127.0.0.1:51816 - R:localhost/127.0.0.1:52056]
18:12:48.421 [Forwarding isElementDisplayed on session b72082afb069e55d5e5eca40abcabbd9 to remote] DEBUG org.asynchttpclient.netty.request.NettyRequestSender - Using pooled Channel '[id: 0x8c5d418b, L:/127.0.0.1:51816 - R:localhost/127.0.0.1:52056]' for 'POST' to 'http://localhost:52056/session/b72082afb069e55d5e5eca40abcabbd9/execute/sync'
18:12:48.422 [Forwarding isElementDisplayed on session b72082afb069e55d5e5eca40abcabbd9 to remote] DEBUG org.asynchttpclient.netty.request.NettyRequestSender - Using open Channel [id: 0x8c5d418b, L:/127.0.0.1:51816 - R:localhost/127.0.0.1:52056] for POST '/session/b72082afb069e55d5e5eca40abcabbd9/execute/sync'
18:12:48.436 [AsyncHttpClient-1-10] DEBUG org.asynchttpclient.netty.handler.HttpHandler - 

Request DefaultHttpRequest(decodeResult: success, version: HTTP/1.1)
POST /session/b72082afb069e55d5e5eca40abcabbd9/execute/sync HTTP/1.1
User-Agent: selenium/4.1.2 (java windows)
Content-Length: 48780
Content-Type: application/json; charset=utf-8
host: localhost:52056
accept: */*

Response DefaultHttpResponse(decodeResult: success, version: HTTP/1.1)
HTTP/1.1 200 OK
Content-Type: application/json; charset=utf-8
cache-control: no-cache
content-length: 14

18:12:48.437 [AsyncHttpClient-1-10] DEBUG org.asynchttpclient.netty.channel.ChannelManager - Adding key: http://localhost:52056 for channel [id: 0x8c5d418b, L:/127.0.0.1:51816 - R:localhost/127.0.0.1:52056]
  &amp#27;[32mThen &amp#27;[0m&amp#27;[32mI will get the result &amp#27;[0m&amp#27;[32m&amp#27;[1m"failed"&amp#27;[0m           &amp#27;[90m# starter.stepdefinitions.LoginStep.iWillGetTheResult(java.lang.String)&amp#27;[0m
18:12:48.441 [Forwarding screenshot on session b72082afb069e55d5e5eca40abcabbd9 to remote] DEBUG org.asynchttpclient.netty.request.NettyRequestSender - Using pooled Channel '[id: 0x8c5d418b, L:/127.0.0.1:51816 - R:localhost/127.0.0.1:52056]' for 'GET' to 'http://localhost:52056/session/b72082afb069e55d5e5eca40abcabbd9/screenshot'
18:12:48.441 [Forwarding screenshot on session b72082afb069e55d5e5eca40abcabbd9 to remote] DEBUG org.asynchttpclient.netty.request.NettyRequestSender - Using open Channel [id: 0x8c5d418b, L:/127.0.0.1:51816 - R:localhost/127.0.0.1:52056] for GET '/session/b72082afb069e55d5e5eca40abcabbd9/screenshot'
18:12:48.592 [AsyncHttpClient-1-10] DEBUG org.asynchttpclient.netty.handler.HttpHandler - 

Request DefaultFullHttpRequest(decodeResult: success, version: HTTP/1.1, content: EmptyByteBufBE)
GET /session/b72082afb069e55d5e5eca40abcabbd9/screenshot HTTP/1.1
User-Agent: selenium/4.1.2 (java windows)
Cache-Control: no-cache
Content-Type: application/json; charset=utf-8
host: localhost:52056
accept: */*

Response DefaultHttpResponse(decodeResult: success, version: HTTP/1.1)
HTTP/1.1 200 OK
Content-Type: application/json; charset=utf-8
cache-control: no-cache
content-length: 28804

18:12:48.593 [AsyncHttpClient-1-10] DEBUG org.asynchttpclient.netty.channel.ChannelManager - Adding key: http://localhost:52056 for channel [id: 0x8c5d418b, L:/127.0.0.1:51816 - R:localhost/127.0.0.1:52056]
18:12:48.595 [main] DEBUG net.serenitybdd.core.photography.Darkroom - Send negative for processing for target\site\serenity\10cde2063952d1296f1ecbd47b14737c1812cf92636a8c653b166ba3fd8d8c41.png
18:12:48.596 [Darkroom Processing Line] DEBUG net.serenitybdd.core.photography.DarkroomProcessingLine - Processing screenshot image in /var/screenshots/screenshot-350289531823153661
18:12:48.596 [Darkroom Processing Line] DEBUG net.serenitybdd.core.photography.DarkroomProcessingLine - Saving screenshot to target\site\serenity\10cde2063952d1296f1ecbd47b14737c1812cf92636a8c653b166ba3fd8d8c41.png
18:12:48.603 [AsyncHttpClient-1-12] DEBUG org.asynchttpclient.netty.handler.WebSocketHandler - Channel Closed: [id: 0x877b4fe7, L:/127.0.0.1:51825 ! R:localhost/127.0.0.1:51818] with attribute NettyResponseFuture{currentRetry=5,
	isDone=1,
	isCancelled=0,
	asyncHandler=org.asynchttpclient.ws.WebSocketUpgradeHandler@337b408f,
	nettyRequest=org.asynchttpclient.netty.request.NettyRequest@190751f7,
	future=java.util.concurrent.CompletableFuture@4bf33422[Completed normally],
	uri=ws://localhost:51818/devtools/browser/f1c946e9-d074-48ce-bd43-1cd61f2ebf09,
	keepAlive=true,
	redirectCount=0,
	timeoutsHolder=null,
	inAuth=0,
	touch=1667041965700}
18:12:48.603 [AsyncHttpClient-1-12] DEBUG org.asynchttpclient.netty.channel.ChannelManager - Closing Channel [id: 0x877b4fe7, L:/127.0.0.1:51825 ! R:localhost/127.0.0.1:51818] 
18:12:48.604 [Driver Command Executor] DEBUG org.asynchttpclient.netty.request.NettyRequestSender - Using pooled Channel '[id: 0x8c5d418b, L:/127.0.0.1:51816 - R:localhost/127.0.0.1:52056]' for 'DELETE' to 'http://localhost:52056/session/b72082afb069e55d5e5eca40abcabbd9'
18:12:48.604 [Driver Command Executor] DEBUG org.asynchttpclient.netty.request.NettyRequestSender - Using open Channel [id: 0x8c5d418b, L:/127.0.0.1:51816 - R:localhost/127.0.0.1:52056] for DELETE '/session/b72082afb069e55d5e5eca40abcabbd9'
18:12:48.628 [AsyncHttpClient-1-11] DEBUG org.asynchttpclient.netty.handler.HttpHandler - Unexpected I/O exception on channel [id: 0x97225986, L:/127.0.0.1:51824 - R:localhost/127.0.0.1:51818]
java.net.SocketException: Connection reset
	at java.base/sun.nio.ch.SocketChannelImpl.throwConnectionReset(SocketChannelImpl.java:345)
	at java.base/sun.nio.ch.SocketChannelImpl.read(SocketChannelImpl.java:376)
	at io.netty.buffer.PooledByteBuf.setBytes(PooledByteBuf.java:258)
	at io.netty.buffer.AbstractByteBuf.writeBytes(AbstractByteBuf.java:1132)
	at io.netty.channel.socket.nio.NioSocketChannel.doReadBytes(NioSocketChannel.java:350)
	at io.netty.channel.nio.AbstractNioByteChannel$NioByteUnsafe.read(AbstractNioByteChannel.java:151)
	at io.netty.channel.nio.NioEventLoop.processSelectedKey(NioEventLoop.java:722)
	at io.netty.channel.nio.NioEventLoop.processSelectedKeysOptimized(NioEventLoop.java:658)
	at io.netty.channel.nio.NioEventLoop.processSelectedKeys(NioEventLoop.java:584)
	at io.netty.channel.nio.NioEventLoop.run(NioEventLoop.java:496)
	at io.netty.util.concurrent.SingleThreadEventExecutor$4.run(SingleThreadEventExecutor.java:986)
	at io.netty.util.internal.ThreadExecutorMap$2.run(ThreadExecutorMap.java:74)
	at io.netty.util.concurrent.FastThreadLocalRunnable.run(FastThreadLocalRunnable.java:30)
	at java.base/java.lang.Thread.run(Thread.java:830)
18:12:48.628 [AsyncHttpClient-1-11] DEBUG org.asynchttpclient.netty.channel.ChannelManager - Closing Channel [id: 0x97225986, L:/127.0.0.1:51824 - R:localhost/127.0.0.1:51818] 
18:12:48.628 [AsyncHttpClient-1-11] DEBUG org.asynchttpclient.netty.handler.HttpHandler - Channel Closed: [id: 0x97225986, L:/127.0.0.1:51824 ! R:localhost/127.0.0.1:51818] with attribute DISCARD
18:12:48.648 [AsyncHttpClient-1-10] DEBUG org.asynchttpclient.netty.handler.HttpHandler - 

Request DefaultFullHttpRequest(decodeResult: success, version: HTTP/1.1, content: EmptyByteBufBE)
DELETE /session/b72082afb069e55d5e5eca40abcabbd9 HTTP/1.1
User-Agent: selenium/4.1.2 (java windows)
Content-Type: application/json; charset=utf-8
host: localhost:52056
accept: */*

Response DefaultHttpResponse(decodeResult: success, version: HTTP/1.1)
HTTP/1.1 200 OK
Content-Type: application/json; charset=utf-8
cache-control: no-cache
content-length: 14

18:12:48.649 [AsyncHttpClient-1-10] DEBUG org.asynchttpclient.netty.channel.ChannelManager - Adding key: http://localhost:52056 for channel [id: 0x8c5d418b, L:/127.0.0.1:51816 - R:localhost/127.0.0.1:52056]
18:12:48.706 [AsyncHttpClient-1-10] DEBUG org.asynchttpclient.netty.handler.HttpHandler - Channel Closed: [id: 0x8c5d418b, L:/127.0.0.1:51816 ! R:localhost/127.0.0.1:52056] with attribute DISCARD
]]></system-out>
    <system-err><![CDATA[Starting ChromeDriver 105.0.5195.52 (412c95e518836d8a7d97250d62b29c2ae6a26a85-refs/branch-heads/5195@{#853}) on port 52056
Only local connections are allowed.
Please see https://chromedriver.chromium.org/security-considerations for suggestions on keeping ChromeDriver safe.
ChromeDriver was started successfully.
[1667041965.674][WARNING]: This version of ChromeDriver has not been tested with Chrome version 106.
Okt 29, 2022 6:12:45 PM org.openqa.selenium.remote.ProtocolHandshake createSession
INFO: Detected dialect: W3C
Okt 29, 2022 6:12:45 PM org.openqa.selenium.devtools.CdpVersionFinder findNearestMatch
WARNING: Unable to find an exact match for CDP version 106, so returning the closest version found: a no-op implementation
Okt 29, 2022 6:12:45 PM org.openqa.selenium.devtools.CdpVersionFinder findNearestMatch
INFO: Unable to find CDP implementation matching 106.
Okt 29, 2022 6:12:45 PM org.openqa.selenium.chromium.ChromiumDriver lambda$new$3
WARNING: Unable to find version of CDP to use for . You may need to include a dependency on a specific version of the CDP using something similar to `org.seleniumhq.selenium:selenium-devtools-v86:4.1.2` where the version ("v86") matches the version of the chromium-based browser you're using and the version number of the artifact is the same as Selenium's.
]]></system-err>
  </testcase>
  <testcase name="Login with email and password #5" classname="Login" time="5.049">
    <system-out><![CDATA[
Scenario Outline: Login with email and password &amp#27;[90m# src/test/resources/features/Login.feature:19&amp#27;[0m
18:12:49.249 [main] INFO io.cucumber.core.plugin.SerenityReporter - Running feature from file:///C:/Users/alwi/IdeaProjects/AltaShop/src/test/resources/features/Login.feature
18:12:49.265 [main] INFO net.serenitybdd.core.webdriver.driverproviders.ChromeDriverProvider - Using automatically driver download
18:12:49.402 [main] DEBUG io.github.bonigarcia.wdm.cache.ResolutionCache - Resolution chrome=106 in cache (valid until 18:14:56 29/10/2022 WIB)
18:12:49.406 [main] DEBUG io.github.bonigarcia.wdm.cache.ResolutionCache - Resolution chrome106=106.0.5249.61 in cache (valid until 19:30:28 29/10/2022 WIB)
18:12:49.408 [main] INFO io.github.bonigarcia.wdm.WebDriverManager - Using chromedriver 106.0.5249.61 (resolved driver for Chrome 106)
18:12:49.417 [main] DEBUG io.github.bonigarcia.wdm.WebDriverManager - Driver chromedriver 106.0.5249.61 found in cache
18:12:49.418 [main] INFO io.github.bonigarcia.wdm.WebDriverManager - Exporting webdriver.chrome.driver as C:\Users\alwi\.cache\selenium\chromedriver\win32\106.0.5249.61\chromedriver.exe
18:12:49.475 [AsyncHttpClient-1-1] DEBUG org.asynchttpclient.netty.channel.DefaultChannelPool - Entry count for : http://localhost:52056 : 1
18:12:49.475 [AsyncHttpClient-1-1] DEBUG org.asynchttpclient.netty.channel.DefaultChannelPool - Entry count for : http://localhost:51818 : 1
18:12:49.475 [AsyncHttpClient-1-1] DEBUG org.asynchttpclient.netty.channel.DefaultChannelPool - Adding Candidate expired Channel [id: 0x8c5d418b, L:/127.0.0.1:51816 ! R:localhost/127.0.0.1:52056] isIdleTimeoutExpired=false isRemotelyClosed=true isTtlExpired=false
18:12:49.475 [AsyncHttpClient-1-1] DEBUG org.asynchttpclient.netty.channel.DefaultChannelPool - Closing Idle Channel [id: 0x8c5d418b, L:/127.0.0.1:51816 ! R:localhost/127.0.0.1:52056]
18:12:49.475 [AsyncHttpClient-1-1] DEBUG org.asynchttpclient.netty.channel.DefaultChannelPool - Adding Candidate expired Channel [id: 0x97225986, L:/127.0.0.1:51824 ! R:localhost/127.0.0.1:51818] isIdleTimeoutExpired=false isRemotelyClosed=true isTtlExpired=false
18:12:49.475 [AsyncHttpClient-1-1] DEBUG org.asynchttpclient.netty.channel.DefaultChannelPool - Closing Idle Channel [id: 0x97225986, L:/127.0.0.1:51824 ! R:localhost/127.0.0.1:51818]
18:12:49.475 [AsyncHttpClient-1-1] DEBUG org.asynchttpclient.netty.channel.DefaultChannelPool - Closed 2 connections out of 2 in 0 ms
18:12:49.575 [main] DEBUG net.serenitybdd.core.webdriver.driverproviders.ProvideNewDriver - Instantiating driver
18:12:49.575 [main] DEBUG net.serenitybdd.core.webdriver.driverproviders.ProvideNewDriver - Driver capabilities: Capabilities {acceptInsecureCerts: false, base.url: https://alta-shop.vercel.app, browserName: chrome, chrome.driver: src/test/resources/webdrive..., driver: chrome, goog:chromeOptions: {args: [], extensions: []}, wait.for.timeout: 6000}
18:12:50.122 [AsyncHttpClient-1-13] DEBUG org.asynchttpclient.netty.channel.NettyConnectListener - Using new Channel '[id: 0x809cd579, L:/127.0.0.1:51848 - R:localhost/127.0.0.1:58566]' for 'POST' to '/session'
18:12:50.965 [AsyncHttpClient-1-13] DEBUG org.asynchttpclient.netty.handler.HttpHandler - 

Request DefaultHttpRequest(decodeResult: success, version: HTTP/1.1)
POST /session HTTP/1.1
User-Agent: selenium/4.1.2 (java windows)
Content-Length: 639
Content-Type: application/json; charset=utf-8
host: localhost:58566
accept: */*

Response DefaultHttpResponse(decodeResult: success, version: HTTP/1.1)
HTTP/1.1 200 OK
Content-Type: application/json; charset=utf-8
cache-control: no-cache
content-length: 790

18:12:50.965 [AsyncHttpClient-1-13] DEBUG org.asynchttpclient.netty.channel.ChannelManager - Adding key: http://localhost:58566 for channel [id: 0x809cd579, L:/127.0.0.1:51848 - R:localhost/127.0.0.1:58566]
18:12:50.973 [AsyncHttpClient-1-14] DEBUG org.asynchttpclient.netty.channel.NettyConnectListener - Using new Channel '[id: 0x60173416, L:/127.0.0.1:51855 - R:localhost/127.0.0.1:51849]' for 'GET' to '/json/version'
18:12:50.975 [AsyncHttpClient-1-14] DEBUG org.asynchttpclient.netty.handler.HttpHandler - 

Request DefaultFullHttpRequest(decodeResult: success, version: HTTP/1.1, content: EmptyByteBufBE)
GET /json/version HTTP/1.1
User-Agent: selenium/4.1.2 (java windows)
host: localhost:51849
accept: */*

Response DefaultHttpResponse(decodeResult: success, version: HTTP/1.1)
HTTP/1.1 200 OK
Content-Type: application/json; charset=UTF-8
content-length: 424

18:12:50.975 [AsyncHttpClient-1-14] DEBUG org.asynchttpclient.netty.channel.ChannelManager - Adding key: http://localhost:51849 for channel [id: 0x60173416, L:/127.0.0.1:51855 - R:localhost/127.0.0.1:51849]
18:12:50.978 [AsyncHttpClient-1-15] DEBUG org.asynchttpclient.netty.channel.NettyConnectListener - Using new Channel '[id: 0xf486c980, L:/127.0.0.1:51856 - R:localhost/127.0.0.1:51849]' for 'GET' to '/devtools/browser/46a49b15-f9ee-4288-a702-733ddb377184'
18:12:50.979 [AsyncHttpClient-1-15] DEBUG org.asynchttpclient.netty.handler.WebSocketHandler - 

Request DefaultFullHttpRequest(decodeResult: success, version: HTTP/1.1, content: EmptyByteBufBE)
GET /devtools/browser/46a49b15-f9ee-4288-a702-733ddb377184 HTTP/1.1
upgrade: websocket
connection: upgrade
sec-websocket-key: hPvr66gWGrL4g3Qye50/pQ==
sec-websocket-version: 13
origin: http://localhost:51849
host: localhost:51849
accept: */*
user-agent: AHC/2.1

Response DefaultHttpResponse(decodeResult: success, version: HTTP/1.1)
HTTP/1.1 101 WebSocket Protocol Handshake
Upgrade: WebSocket
Connection: Upgrade
Sec-WebSocket-Accept: OxIBFWa6cc5BEdEFZ9777DKTPiU=

18:12:50.987 [Forwarding get on session a1601f6841aea0905443d7b7f413f3a5 to remote] DEBUG org.asynchttpclient.netty.request.NettyRequestSender - Using pooled Channel '[id: 0x809cd579, L:/127.0.0.1:51848 - R:localhost/127.0.0.1:58566]' for 'POST' to 'http://localhost:58566/session/a1601f6841aea0905443d7b7f413f3a5/url'
18:12:50.987 [Forwarding get on session a1601f6841aea0905443d7b7f413f3a5 to remote] DEBUG org.asynchttpclient.netty.request.NettyRequestSender - Using open Channel [id: 0x809cd579, L:/127.0.0.1:51848 - R:localhost/127.0.0.1:58566] for POST '/session/a1601f6841aea0905443d7b7f413f3a5/url'
18:12:51.531 [AsyncHttpClient-1-13] DEBUG org.asynchttpclient.netty.handler.HttpHandler - 

Request DefaultHttpRequest(decodeResult: success, version: HTTP/1.1)
POST /session/a1601f6841aea0905443d7b7f413f3a5/url HTTP/1.1
User-Agent: selenium/4.1.2 (java windows)
Content-Length: 74
Content-Type: application/json; charset=utf-8
host: localhost:58566
accept: */*

Response DefaultHttpResponse(decodeResult: success, version: HTTP/1.1)
HTTP/1.1 200 OK
Content-Type: application/json; charset=utf-8
cache-control: no-cache
content-length: 14

18:12:51.531 [AsyncHttpClient-1-13] DEBUG org.asynchttpclient.netty.channel.ChannelManager - Adding key: http://localhost:58566 for channel [id: 0x809cd579, L:/127.0.0.1:51848 - R:localhost/127.0.0.1:58566]
18:12:51.533 [Forwarding setTimeout on session a1601f6841aea0905443d7b7f413f3a5 to remote] DEBUG org.asynchttpclient.netty.request.NettyRequestSender - Using pooled Channel '[id: 0x809cd579, L:/127.0.0.1:51848 - R:localhost/127.0.0.1:58566]' for 'POST' to 'http://localhost:58566/session/a1601f6841aea0905443d7b7f413f3a5/timeouts'
18:12:51.533 [Forwarding setTimeout on session a1601f6841aea0905443d7b7f413f3a5 to remote] DEBUG org.asynchttpclient.netty.request.NettyRequestSender - Using open Channel [id: 0x809cd579, L:/127.0.0.1:51848 - R:localhost/127.0.0.1:58566] for POST '/session/a1601f6841aea0905443d7b7f413f3a5/timeouts'
18:12:51.534 [AsyncHttpClient-1-13] DEBUG org.asynchttpclient.netty.handler.HttpHandler - 

Request DefaultHttpRequest(decodeResult: success, version: HTTP/1.1)
POST /session/a1601f6841aea0905443d7b7f413f3a5/timeouts HTTP/1.1
User-Agent: selenium/4.1.2 (java windows)
Content-Length: 22
Content-Type: application/json; charset=utf-8
host: localhost:58566
accept: */*

Response DefaultHttpResponse(decodeResult: success, version: HTTP/1.1)
HTTP/1.1 200 OK
Content-Type: application/json; charset=utf-8
cache-control: no-cache
content-length: 14

18:12:51.534 [AsyncHttpClient-1-13] DEBUG org.asynchttpclient.netty.channel.ChannelManager - Adding key: http://localhost:58566 for channel [id: 0x809cd579, L:/127.0.0.1:51848 - R:localhost/127.0.0.1:58566]
18:12:51.536 [Forwarding getCurrentUrl on session a1601f6841aea0905443d7b7f413f3a5 to remote] DEBUG org.asynchttpclient.netty.request.NettyRequestSender - Using pooled Channel '[id: 0x809cd579, L:/127.0.0.1:51848 - R:localhost/127.0.0.1:58566]' for 'GET' to 'http://localhost:58566/session/a1601f6841aea0905443d7b7f413f3a5/url'
18:12:51.536 [Forwarding getCurrentUrl on session a1601f6841aea0905443d7b7f413f3a5 to remote] DEBUG org.asynchttpclient.netty.request.NettyRequestSender - Using open Channel [id: 0x809cd579, L:/127.0.0.1:51848 - R:localhost/127.0.0.1:58566] for GET '/session/a1601f6841aea0905443d7b7f413f3a5/url'
18:12:51.540 [AsyncHttpClient-1-13] DEBUG org.asynchttpclient.netty.handler.HttpHandler - 

Request DefaultFullHttpRequest(decodeResult: success, version: HTTP/1.1, content: EmptyByteBufBE)
GET /session/a1601f6841aea0905443d7b7f413f3a5/url HTTP/1.1
User-Agent: selenium/4.1.2 (java windows)
Cache-Control: no-cache
Content-Type: application/json; charset=utf-8
host: localhost:58566
accept: */*

Response DefaultHttpResponse(decodeResult: success, version: HTTP/1.1)
HTTP/1.1 200 OK
Content-Type: application/json; charset=utf-8
cache-control: no-cache
content-length: 51

18:12:51.540 [AsyncHttpClient-1-13] DEBUG org.asynchttpclient.netty.channel.ChannelManager - Adding key: http://localhost:58566 for channel [id: 0x809cd579, L:/127.0.0.1:51848 - R:localhost/127.0.0.1:58566]
  &amp#27;[32mGiven &amp#27;[0m&amp#27;[32mI am on the login page&amp#27;[0m                  &amp#27;[90m# starter.stepdefinitions.LoginStep.iAmOnTheLoginPage()&amp#27;[0m
18:12:51.546 [Forwarding screenshot on session a1601f6841aea0905443d7b7f413f3a5 to remote] DEBUG org.asynchttpclient.netty.request.NettyRequestSender - Using pooled Channel '[id: 0x809cd579, L:/127.0.0.1:51848 - R:localhost/127.0.0.1:58566]' for 'GET' to 'http://localhost:58566/session/a1601f6841aea0905443d7b7f413f3a5/screenshot'
18:12:51.546 [Forwarding screenshot on session a1601f6841aea0905443d7b7f413f3a5 to remote] DEBUG org.asynchttpclient.netty.request.NettyRequestSender - Using open Channel [id: 0x809cd579, L:/127.0.0.1:51848 - R:localhost/127.0.0.1:58566] for GET '/session/a1601f6841aea0905443d7b7f413f3a5/screenshot'
18:12:51.647 [AsyncHttpClient-1-13] DEBUG org.asynchttpclient.netty.handler.HttpHandler - 

Request DefaultFullHttpRequest(decodeResult: success, version: HTTP/1.1, content: EmptyByteBufBE)
GET /session/a1601f6841aea0905443d7b7f413f3a5/screenshot HTTP/1.1
User-Agent: selenium/4.1.2 (java windows)
Cache-Control: no-cache
Content-Type: application/json; charset=utf-8
host: localhost:58566
accept: */*

Response DefaultHttpResponse(decodeResult: success, version: HTTP/1.1)
HTTP/1.1 200 OK
Content-Type: application/json; charset=utf-8
cache-control: no-cache
content-length: 24528

18:12:51.648 [AsyncHttpClient-1-13] DEBUG org.asynchttpclient.netty.channel.ChannelManager - Adding key: http://localhost:58566 for channel [id: 0x809cd579, L:/127.0.0.1:51848 - R:localhost/127.0.0.1:58566]
18:12:51.649 [main] DEBUG net.serenitybdd.core.photography.Darkroom - Send negative for processing for target\site\serenity\4a081d05db2e6be9b3256b332b844d9c53d5aa88207142e6b6c18ed6759b787c.png
18:12:51.655 [Forwarding findElement on session a1601f6841aea0905443d7b7f413f3a5 to remote] DEBUG org.asynchttpclient.netty.request.NettyRequestSender - Using pooled Channel '[id: 0x809cd579, L:/127.0.0.1:51848 - R:localhost/127.0.0.1:58566]' for 'POST' to 'http://localhost:58566/session/a1601f6841aea0905443d7b7f413f3a5/element'
18:12:51.655 [Forwarding findElement on session a1601f6841aea0905443d7b7f413f3a5 to remote] DEBUG org.asynchttpclient.netty.request.NettyRequestSender - Using open Channel [id: 0x809cd579, L:/127.0.0.1:51848 - R:localhost/127.0.0.1:58566] for POST '/session/a1601f6841aea0905443d7b7f413f3a5/element'
18:12:51.665 [AsyncHttpClient-1-13] DEBUG org.asynchttpclient.netty.handler.HttpHandler - 

Request DefaultHttpRequest(decodeResult: success, version: HTTP/1.1)
POST /session/a1601f6841aea0905443d7b7f413f3a5/element HTTP/1.1
User-Agent: selenium/4.1.2 (java windows)
Content-Length: 55
Content-Type: application/json; charset=utf-8
host: localhost:58566
accept: */*

Response DefaultHttpResponse(decodeResult: success, version: HTTP/1.1)
HTTP/1.1 200 OK
Content-Type: application/json; charset=utf-8
cache-control: no-cache
content-length: 88

18:12:51.665 [AsyncHttpClient-1-13] DEBUG org.asynchttpclient.netty.channel.ChannelManager - Adding key: http://localhost:58566 for channel [id: 0x809cd579, L:/127.0.0.1:51848 - R:localhost/127.0.0.1:58566]
18:12:51.666 [Forwarding clearElement on session a1601f6841aea0905443d7b7f413f3a5 to remote] DEBUG org.asynchttpclient.netty.request.NettyRequestSender - Using pooled Channel '[id: 0x809cd579, L:/127.0.0.1:51848 - R:localhost/127.0.0.1:58566]' for 'POST' to 'http://localhost:58566/session/a1601f6841aea0905443d7b7f413f3a5/element/2eb393c8-ae9c-4641-9c96-d39e76142c52/clear'
18:12:51.666 [Forwarding clearElement on session a1601f6841aea0905443d7b7f413f3a5 to remote] DEBUG org.asynchttpclient.netty.request.NettyRequestSender - Using open Channel [id: 0x809cd579, L:/127.0.0.1:51848 - R:localhost/127.0.0.1:58566] for POST '/session/a1601f6841aea0905443d7b7f413f3a5/element/2eb393c8-ae9c-4641-9c96-d39e76142c52/clear'
18:12:51.675 [AsyncHttpClient-1-1] DEBUG org.asynchttpclient.netty.channel.DefaultChannelPool - Entry count for : http://localhost:51849 : 1
18:12:51.696 [AsyncHttpClient-1-13] DEBUG org.asynchttpclient.netty.handler.HttpHandler - 

Request DefaultHttpRequest(decodeResult: success, version: HTTP/1.1)
POST /session/a1601f6841aea0905443d7b7f413f3a5/element/2eb393c8-ae9c-4641-9c96-d39e76142c52/clear HTTP/1.1
User-Agent: selenium/4.1.2 (java windows)
Content-Length: 50
Content-Type: application/json; charset=utf-8
host: localhost:58566
accept: */*

Response DefaultHttpResponse(decodeResult: success, version: HTTP/1.1)
HTTP/1.1 200 OK
Content-Type: application/json; charset=utf-8
cache-control: no-cache
content-length: 14

18:12:51.697 [AsyncHttpClient-1-13] DEBUG org.asynchttpclient.netty.channel.ChannelManager - Adding key: http://localhost:58566 for channel [id: 0x809cd579, L:/127.0.0.1:51848 - R:localhost/127.0.0.1:58566]
18:12:51.699 [Forwarding sendKeysToElement on session a1601f6841aea0905443d7b7f413f3a5 to remote] DEBUG org.asynchttpclient.netty.request.NettyRequestSender - Using pooled Channel '[id: 0x809cd579, L:/127.0.0.1:51848 - R:localhost/127.0.0.1:58566]' for 'POST' to 'http://localhost:58566/session/a1601f6841aea0905443d7b7f413f3a5/element/2eb393c8-ae9c-4641-9c96-d39e76142c52/value'
18:12:51.700 [Forwarding sendKeysToElement on session a1601f6841aea0905443d7b7f413f3a5 to remote] DEBUG org.asynchttpclient.netty.request.NettyRequestSender - Using open Channel [id: 0x809cd579, L:/127.0.0.1:51848 - R:localhost/127.0.0.1:58566] for POST '/session/a1601f6841aea0905443d7b7f413f3a5/element/2eb393c8-ae9c-4641-9c96-d39e76142c52/value'
18:12:51.751 [AsyncHttpClient-1-13] DEBUG org.asynchttpclient.netty.handler.HttpHandler - 

Request DefaultHttpRequest(decodeResult: success, version: HTTP/1.1)
POST /session/a1601f6841aea0905443d7b7f413f3a5/element/2eb393c8-ae9c-4641-9c96-d39e76142c52/value HTTP/1.1
User-Agent: selenium/4.1.2 (java windows)
Content-Length: 82
Content-Type: application/json; charset=utf-8
host: localhost:58566
accept: */*

Response DefaultHttpResponse(decodeResult: success, version: HTTP/1.1)
HTTP/1.1 200 OK
Content-Type: application/json; charset=utf-8
cache-control: no-cache
content-length: 14

18:12:51.751 [AsyncHttpClient-1-13] DEBUG org.asynchttpclient.netty.channel.ChannelManager - Adding key: http://localhost:58566 for channel [id: 0x809cd579, L:/127.0.0.1:51848 - R:localhost/127.0.0.1:58566]
  &amp#27;[32mWhen &amp#27;[0m&amp#27;[32mI input email &amp#27;[0m&amp#27;[32m&amp#27;[1m""&amp#27;[0m                         &amp#27;[90m# starter.stepdefinitions.LoginStep.iInputEmail(java.lang.String)&amp#27;[0m
18:12:51.764 [Forwarding screenshot on session a1601f6841aea0905443d7b7f413f3a5 to remote] DEBUG org.asynchttpclient.netty.request.NettyRequestSender - Using pooled Channel '[id: 0x809cd579, L:/127.0.0.1:51848 - R:localhost/127.0.0.1:58566]' for 'GET' to 'http://localhost:58566/session/a1601f6841aea0905443d7b7f413f3a5/screenshot'
18:12:51.764 [Forwarding screenshot on session a1601f6841aea0905443d7b7f413f3a5 to remote] DEBUG org.asynchttpclient.netty.request.NettyRequestSender - Using open Channel [id: 0x809cd579, L:/127.0.0.1:51848 - R:localhost/127.0.0.1:58566] for GET '/session/a1601f6841aea0905443d7b7f413f3a5/screenshot'
18:12:51.857 [AsyncHttpClient-1-13] DEBUG org.asynchttpclient.netty.handler.HttpHandler - 

Request DefaultFullHttpRequest(decodeResult: success, version: HTTP/1.1, content: EmptyByteBufBE)
GET /session/a1601f6841aea0905443d7b7f413f3a5/screenshot HTTP/1.1
User-Agent: selenium/4.1.2 (java windows)
Cache-Control: no-cache
Content-Type: application/json; charset=utf-8
host: localhost:58566
accept: */*

Response DefaultHttpResponse(decodeResult: success, version: HTTP/1.1)
HTTP/1.1 200 OK
Content-Type: application/json; charset=utf-8
cache-control: no-cache
content-length: 24744

18:12:51.857 [AsyncHttpClient-1-13] DEBUG org.asynchttpclient.netty.channel.ChannelManager - Adding key: http://localhost:58566 for channel [id: 0x809cd579, L:/127.0.0.1:51848 - R:localhost/127.0.0.1:58566]
18:12:51.859 [main] DEBUG net.serenitybdd.core.photography.Darkroom - Send negative for processing for target\site\serenity\4eec43b3b96d64d332a18043c3b83b038c21a543fa4bbf483160a6fb31ab7aa6.png
18:12:51.859 [Darkroom Processing Line] DEBUG net.serenitybdd.core.photography.DarkroomProcessingLine - Processing screenshot image in /var/screenshots/screenshot-1864918990270752143
18:12:51.859 [Darkroom Processing Line] DEBUG net.serenitybdd.core.photography.DarkroomProcessingLine - Saving screenshot to target\site\serenity\4eec43b3b96d64d332a18043c3b83b038c21a543fa4bbf483160a6fb31ab7aa6.png
18:12:51.867 [Forwarding findElement on session a1601f6841aea0905443d7b7f413f3a5 to remote] DEBUG org.asynchttpclient.netty.request.NettyRequestSender - Using pooled Channel '[id: 0x809cd579, L:/127.0.0.1:51848 - R:localhost/127.0.0.1:58566]' for 'POST' to 'http://localhost:58566/session/a1601f6841aea0905443d7b7f413f3a5/element'
18:12:51.867 [Forwarding findElement on session a1601f6841aea0905443d7b7f413f3a5 to remote] DEBUG org.asynchttpclient.netty.request.NettyRequestSender - Using open Channel [id: 0x809cd579, L:/127.0.0.1:51848 - R:localhost/127.0.0.1:58566] for POST '/session/a1601f6841aea0905443d7b7f413f3a5/element'
18:12:51.878 [AsyncHttpClient-1-13] DEBUG org.asynchttpclient.netty.handler.HttpHandler - 

Request DefaultHttpRequest(decodeResult: success, version: HTTP/1.1)
POST /session/a1601f6841aea0905443d7b7f413f3a5/element HTTP/1.1
User-Agent: selenium/4.1.2 (java windows)
Content-Length: 55
Content-Type: application/json; charset=utf-8
host: localhost:58566
accept: */*

Response DefaultHttpResponse(decodeResult: success, version: HTTP/1.1)
HTTP/1.1 200 OK
Content-Type: application/json; charset=utf-8
cache-control: no-cache
content-length: 88

18:12:51.879 [AsyncHttpClient-1-13] DEBUG org.asynchttpclient.netty.channel.ChannelManager - Adding key: http://localhost:58566 for channel [id: 0x809cd579, L:/127.0.0.1:51848 - R:localhost/127.0.0.1:58566]
18:12:51.880 [Forwarding clearElement on session a1601f6841aea0905443d7b7f413f3a5 to remote] DEBUG org.asynchttpclient.netty.request.NettyRequestSender - Using pooled Channel '[id: 0x809cd579, L:/127.0.0.1:51848 - R:localhost/127.0.0.1:58566]' for 'POST' to 'http://localhost:58566/session/a1601f6841aea0905443d7b7f413f3a5/element/a8ab2bb4-bd3a-45ed-97d3-3e1521ec92ac/clear'
18:12:51.880 [Forwarding clearElement on session a1601f6841aea0905443d7b7f413f3a5 to remote] DEBUG org.asynchttpclient.netty.request.NettyRequestSender - Using open Channel [id: 0x809cd579, L:/127.0.0.1:51848 - R:localhost/127.0.0.1:58566] for POST '/session/a1601f6841aea0905443d7b7f413f3a5/element/a8ab2bb4-bd3a-45ed-97d3-3e1521ec92ac/clear'
18:12:51.908 [AsyncHttpClient-1-13] DEBUG org.asynchttpclient.netty.handler.HttpHandler - 

Request DefaultHttpRequest(decodeResult: success, version: HTTP/1.1)
POST /session/a1601f6841aea0905443d7b7f413f3a5/element/a8ab2bb4-bd3a-45ed-97d3-3e1521ec92ac/clear HTTP/1.1
User-Agent: selenium/4.1.2 (java windows)
Content-Length: 50
Content-Type: application/json; charset=utf-8
host: localhost:58566
accept: */*

Response DefaultHttpResponse(decodeResult: success, version: HTTP/1.1)
HTTP/1.1 200 OK
Content-Type: application/json; charset=utf-8
cache-control: no-cache
content-length: 14

18:12:51.908 [AsyncHttpClient-1-13] DEBUG org.asynchttpclient.netty.channel.ChannelManager - Adding key: http://localhost:58566 for channel [id: 0x809cd579, L:/127.0.0.1:51848 - R:localhost/127.0.0.1:58566]
18:12:51.910 [Forwarding sendKeysToElement on session a1601f6841aea0905443d7b7f413f3a5 to remote] DEBUG org.asynchttpclient.netty.request.NettyRequestSender - Using pooled Channel '[id: 0x809cd579, L:/127.0.0.1:51848 - R:localhost/127.0.0.1:58566]' for 'POST' to 'http://localhost:58566/session/a1601f6841aea0905443d7b7f413f3a5/element/a8ab2bb4-bd3a-45ed-97d3-3e1521ec92ac/value'
18:12:51.910 [Forwarding sendKeysToElement on session a1601f6841aea0905443d7b7f413f3a5 to remote] DEBUG org.asynchttpclient.netty.request.NettyRequestSender - Using open Channel [id: 0x809cd579, L:/127.0.0.1:51848 - R:localhost/127.0.0.1:58566] for POST '/session/a1601f6841aea0905443d7b7f413f3a5/element/a8ab2bb4-bd3a-45ed-97d3-3e1521ec92ac/value'
18:12:51.946 [AsyncHttpClient-1-13] DEBUG org.asynchttpclient.netty.handler.HttpHandler - 

Request DefaultHttpRequest(decodeResult: success, version: HTTP/1.1)
POST /session/a1601f6841aea0905443d7b7f413f3a5/element/a8ab2bb4-bd3a-45ed-97d3-3e1521ec92ac/value HTTP/1.1
User-Agent: selenium/4.1.2 (java windows)
Content-Length: 82
Content-Type: application/json; charset=utf-8
host: localhost:58566
accept: */*

Response DefaultHttpResponse(decodeResult: success, version: HTTP/1.1)
HTTP/1.1 200 OK
Content-Type: application/json; charset=utf-8
cache-control: no-cache
content-length: 14

18:12:51.946 [AsyncHttpClient-1-13] DEBUG org.asynchttpclient.netty.channel.ChannelManager - Adding key: http://localhost:58566 for channel [id: 0x809cd579, L:/127.0.0.1:51848 - R:localhost/127.0.0.1:58566]
  &amp#27;[32mAnd &amp#27;[0m&amp#27;[32mI input password &amp#27;[0m&amp#27;[32m&amp#27;[1m""&amp#27;[0m                       &amp#27;[90m# starter.stepdefinitions.LoginStep.iInputPassword(java.lang.String)&amp#27;[0m
18:12:51.951 [Forwarding screenshot on session a1601f6841aea0905443d7b7f413f3a5 to remote] DEBUG org.asynchttpclient.netty.request.NettyRequestSender - Using pooled Channel '[id: 0x809cd579, L:/127.0.0.1:51848 - R:localhost/127.0.0.1:58566]' for 'GET' to 'http://localhost:58566/session/a1601f6841aea0905443d7b7f413f3a5/screenshot'
18:12:51.952 [Forwarding screenshot on session a1601f6841aea0905443d7b7f413f3a5 to remote] DEBUG org.asynchttpclient.netty.request.NettyRequestSender - Using open Channel [id: 0x809cd579, L:/127.0.0.1:51848 - R:localhost/127.0.0.1:58566] for GET '/session/a1601f6841aea0905443d7b7f413f3a5/screenshot'
18:12:52.043 [AsyncHttpClient-1-13] DEBUG org.asynchttpclient.netty.handler.HttpHandler - 

Request DefaultFullHttpRequest(decodeResult: success, version: HTTP/1.1, content: EmptyByteBufBE)
GET /session/a1601f6841aea0905443d7b7f413f3a5/screenshot HTTP/1.1
User-Agent: selenium/4.1.2 (java windows)
Cache-Control: no-cache
Content-Type: application/json; charset=utf-8
host: localhost:58566
accept: */*

Response DefaultHttpResponse(decodeResult: success, version: HTTP/1.1)
HTTP/1.1 200 OK
Content-Type: application/json; charset=utf-8
cache-control: no-cache
content-length: 24988

18:12:52.043 [AsyncHttpClient-1-13] DEBUG org.asynchttpclient.netty.channel.ChannelManager - Adding key: http://localhost:58566 for channel [id: 0x809cd579, L:/127.0.0.1:51848 - R:localhost/127.0.0.1:58566]
18:12:52.044 [main] DEBUG net.serenitybdd.core.photography.Darkroom - Send negative for processing for target\site\serenity\483db6300469377a3a6c8cf02c4ff53902527d421d08b307d4d96c9fd2950bae.png
18:12:52.045 [Darkroom Processing Line] DEBUG net.serenitybdd.core.photography.DarkroomProcessingLine - Processing screenshot image in /var/screenshots/screenshot-1555167058768115146
18:12:52.045 [Darkroom Processing Line] DEBUG net.serenitybdd.core.photography.DarkroomProcessingLine - Saving screenshot to target\site\serenity\483db6300469377a3a6c8cf02c4ff53902527d421d08b307d4d96c9fd2950bae.png
18:12:52.053 [Forwarding findElement on session a1601f6841aea0905443d7b7f413f3a5 to remote] DEBUG org.asynchttpclient.netty.request.NettyRequestSender - Using pooled Channel '[id: 0x809cd579, L:/127.0.0.1:51848 - R:localhost/127.0.0.1:58566]' for 'POST' to 'http://localhost:58566/session/a1601f6841aea0905443d7b7f413f3a5/element'
18:12:52.053 [Forwarding findElement on session a1601f6841aea0905443d7b7f413f3a5 to remote] DEBUG org.asynchttpclient.netty.request.NettyRequestSender - Using open Channel [id: 0x809cd579, L:/127.0.0.1:51848 - R:localhost/127.0.0.1:58566] for POST '/session/a1601f6841aea0905443d7b7f413f3a5/element'
18:12:52.065 [AsyncHttpClient-1-13] DEBUG org.asynchttpclient.netty.handler.HttpHandler - 

Request DefaultHttpRequest(decodeResult: success, version: HTTP/1.1)
POST /session/a1601f6841aea0905443d7b7f413f3a5/element HTTP/1.1
User-Agent: selenium/4.1.2 (java windows)
Content-Length: 143
Content-Type: application/json; charset=utf-8
host: localhost:58566
accept: */*

Response DefaultHttpResponse(decodeResult: success, version: HTTP/1.1)
HTTP/1.1 200 OK
Content-Type: application/json; charset=utf-8
cache-control: no-cache
content-length: 88

18:12:52.066 [AsyncHttpClient-1-13] DEBUG org.asynchttpclient.netty.channel.ChannelManager - Adding key: http://localhost:58566 for channel [id: 0x809cd579, L:/127.0.0.1:51848 - R:localhost/127.0.0.1:58566]
18:12:52.068 [Forwarding getElementTagName on session a1601f6841aea0905443d7b7f413f3a5 to remote] DEBUG org.asynchttpclient.netty.request.NettyRequestSender - Using pooled Channel '[id: 0x809cd579, L:/127.0.0.1:51848 - R:localhost/127.0.0.1:58566]' for 'GET' to 'http://localhost:58566/session/a1601f6841aea0905443d7b7f413f3a5/element/d0fcac24-d9b4-4ec6-b0cf-e1d294b34169/name'
18:12:52.068 [Forwarding getElementTagName on session a1601f6841aea0905443d7b7f413f3a5 to remote] DEBUG org.asynchttpclient.netty.request.NettyRequestSender - Using open Channel [id: 0x809cd579, L:/127.0.0.1:51848 - R:localhost/127.0.0.1:58566] for GET '/session/a1601f6841aea0905443d7b7f413f3a5/element/d0fcac24-d9b4-4ec6-b0cf-e1d294b34169/name'
18:12:52.072 [AsyncHttpClient-1-13] DEBUG org.asynchttpclient.netty.handler.HttpHandler - 

Request DefaultFullHttpRequest(decodeResult: success, version: HTTP/1.1, content: EmptyByteBufBE)
GET /session/a1601f6841aea0905443d7b7f413f3a5/element/d0fcac24-d9b4-4ec6-b0cf-e1d294b34169/name HTTP/1.1
User-Agent: selenium/4.1.2 (java windows)
Cache-Control: no-cache
Content-Type: application/json; charset=utf-8
host: localhost:58566
accept: */*

Response DefaultHttpResponse(decodeResult: success, version: HTTP/1.1)
HTTP/1.1 200 OK
Content-Type: application/json; charset=utf-8
cache-control: no-cache
content-length: 18

18:12:52.072 [AsyncHttpClient-1-13] DEBUG org.asynchttpclient.netty.channel.ChannelManager - Adding key: http://localhost:58566 for channel [id: 0x809cd579, L:/127.0.0.1:51848 - R:localhost/127.0.0.1:58566]
18:12:52.073 [Forwarding getElementTagName on session a1601f6841aea0905443d7b7f413f3a5 to remote] DEBUG org.asynchttpclient.netty.request.NettyRequestSender - Using pooled Channel '[id: 0x809cd579, L:/127.0.0.1:51848 - R:localhost/127.0.0.1:58566]' for 'GET' to 'http://localhost:58566/session/a1601f6841aea0905443d7b7f413f3a5/element/d0fcac24-d9b4-4ec6-b0cf-e1d294b34169/name'
18:12:52.073 [Forwarding getElementTagName on session a1601f6841aea0905443d7b7f413f3a5 to remote] DEBUG org.asynchttpclient.netty.request.NettyRequestSender - Using open Channel [id: 0x809cd579, L:/127.0.0.1:51848 - R:localhost/127.0.0.1:58566] for GET '/session/a1601f6841aea0905443d7b7f413f3a5/element/d0fcac24-d9b4-4ec6-b0cf-e1d294b34169/name'
18:12:52.076 [AsyncHttpClient-1-13] DEBUG org.asynchttpclient.netty.handler.HttpHandler - 

Request DefaultFullHttpRequest(decodeResult: success, version: HTTP/1.1, content: EmptyByteBufBE)
GET /session/a1601f6841aea0905443d7b7f413f3a5/element/d0fcac24-d9b4-4ec6-b0cf-e1d294b34169/name HTTP/1.1
User-Agent: selenium/4.1.2 (java windows)
Cache-Control: no-cache
Content-Type: application/json; charset=utf-8
host: localhost:58566
accept: */*

Response DefaultHttpResponse(decodeResult: success, version: HTTP/1.1)
HTTP/1.1 200 OK
Content-Type: application/json; charset=utf-8
cache-control: no-cache
content-length: 18

18:12:52.076 [AsyncHttpClient-1-13] DEBUG org.asynchttpclient.netty.channel.ChannelManager - Adding key: http://localhost:58566 for channel [id: 0x809cd579, L:/127.0.0.1:51848 - R:localhost/127.0.0.1:58566]
18:12:52.079 [Forwarding isElementEnabled on session a1601f6841aea0905443d7b7f413f3a5 to remote] DEBUG org.asynchttpclient.netty.request.NettyRequestSender - Using pooled Channel '[id: 0x809cd579, L:/127.0.0.1:51848 - R:localhost/127.0.0.1:58566]' for 'GET' to 'http://localhost:58566/session/a1601f6841aea0905443d7b7f413f3a5/element/d0fcac24-d9b4-4ec6-b0cf-e1d294b34169/enabled'
18:12:52.079 [Forwarding isElementEnabled on session a1601f6841aea0905443d7b7f413f3a5 to remote] DEBUG org.asynchttpclient.netty.request.NettyRequestSender - Using open Channel [id: 0x809cd579, L:/127.0.0.1:51848 - R:localhost/127.0.0.1:58566] for GET '/session/a1601f6841aea0905443d7b7f413f3a5/element/d0fcac24-d9b4-4ec6-b0cf-e1d294b34169/enabled'
18:12:52.088 [AsyncHttpClient-1-13] DEBUG org.asynchttpclient.netty.handler.HttpHandler - 

Request DefaultFullHttpRequest(decodeResult: success, version: HTTP/1.1, content: EmptyByteBufBE)
GET /session/a1601f6841aea0905443d7b7f413f3a5/element/d0fcac24-d9b4-4ec6-b0cf-e1d294b34169/enabled HTTP/1.1
User-Agent: selenium/4.1.2 (java windows)
Cache-Control: no-cache
Content-Type: application/json; charset=utf-8
host: localhost:58566
accept: */*

Response DefaultHttpResponse(decodeResult: success, version: HTTP/1.1)
HTTP/1.1 200 OK
Content-Type: application/json; charset=utf-8
cache-control: no-cache
content-length: 14

18:12:52.088 [AsyncHttpClient-1-13] DEBUG org.asynchttpclient.netty.channel.ChannelManager - Adding key: http://localhost:58566 for channel [id: 0x809cd579, L:/127.0.0.1:51848 - R:localhost/127.0.0.1:58566]
18:12:52.090 [Forwarding isElementEnabled on session a1601f6841aea0905443d7b7f413f3a5 to remote] DEBUG org.asynchttpclient.netty.request.NettyRequestSender - Using pooled Channel '[id: 0x809cd579, L:/127.0.0.1:51848 - R:localhost/127.0.0.1:58566]' for 'GET' to 'http://localhost:58566/session/a1601f6841aea0905443d7b7f413f3a5/element/d0fcac24-d9b4-4ec6-b0cf-e1d294b34169/enabled'
18:12:52.090 [Forwarding isElementEnabled on session a1601f6841aea0905443d7b7f413f3a5 to remote] DEBUG org.asynchttpclient.netty.request.NettyRequestSender - Using open Channel [id: 0x809cd579, L:/127.0.0.1:51848 - R:localhost/127.0.0.1:58566] for GET '/session/a1601f6841aea0905443d7b7f413f3a5/element/d0fcac24-d9b4-4ec6-b0cf-e1d294b34169/enabled'
18:12:52.097 [AsyncHttpClient-1-13] DEBUG org.asynchttpclient.netty.handler.HttpHandler - 

Request DefaultFullHttpRequest(decodeResult: success, version: HTTP/1.1, content: EmptyByteBufBE)
GET /session/a1601f6841aea0905443d7b7f413f3a5/element/d0fcac24-d9b4-4ec6-b0cf-e1d294b34169/enabled HTTP/1.1
User-Agent: selenium/4.1.2 (java windows)
Cache-Control: no-cache
Content-Type: application/json; charset=utf-8
host: localhost:58566
accept: */*

Response DefaultHttpResponse(decodeResult: success, version: HTTP/1.1)
HTTP/1.1 200 OK
Content-Type: application/json; charset=utf-8
cache-control: no-cache
content-length: 14

18:12:52.097 [AsyncHttpClient-1-13] DEBUG org.asynchttpclient.netty.channel.ChannelManager - Adding key: http://localhost:58566 for channel [id: 0x809cd579, L:/127.0.0.1:51848 - R:localhost/127.0.0.1:58566]
18:12:52.099 [Forwarding findElement on session a1601f6841aea0905443d7b7f413f3a5 to remote] DEBUG org.asynchttpclient.netty.request.NettyRequestSender - Using pooled Channel '[id: 0x809cd579, L:/127.0.0.1:51848 - R:localhost/127.0.0.1:58566]' for 'POST' to 'http://localhost:58566/session/a1601f6841aea0905443d7b7f413f3a5/element'
18:12:52.099 [Forwarding findElement on session a1601f6841aea0905443d7b7f413f3a5 to remote] DEBUG org.asynchttpclient.netty.request.NettyRequestSender - Using open Channel [id: 0x809cd579, L:/127.0.0.1:51848 - R:localhost/127.0.0.1:58566] for POST '/session/a1601f6841aea0905443d7b7f413f3a5/element'
18:12:52.105 [AsyncHttpClient-1-13] DEBUG org.asynchttpclient.netty.handler.HttpHandler - 

Request DefaultHttpRequest(decodeResult: success, version: HTTP/1.1)
POST /session/a1601f6841aea0905443d7b7f413f3a5/element HTTP/1.1
User-Agent: selenium/4.1.2 (java windows)
Content-Length: 143
Content-Type: application/json; charset=utf-8
host: localhost:58566
accept: */*

Response DefaultHttpResponse(decodeResult: success, version: HTTP/1.1)
HTTP/1.1 200 OK
Content-Type: application/json; charset=utf-8
cache-control: no-cache
content-length: 88

18:12:52.105 [AsyncHttpClient-1-13] DEBUG org.asynchttpclient.netty.channel.ChannelManager - Adding key: http://localhost:58566 for channel [id: 0x809cd579, L:/127.0.0.1:51848 - R:localhost/127.0.0.1:58566]
18:12:52.106 [Forwarding clickElement on session a1601f6841aea0905443d7b7f413f3a5 to remote] DEBUG org.asynchttpclient.netty.request.NettyRequestSender - Using pooled Channel '[id: 0x809cd579, L:/127.0.0.1:51848 - R:localhost/127.0.0.1:58566]' for 'POST' to 'http://localhost:58566/session/a1601f6841aea0905443d7b7f413f3a5/element/d0fcac24-d9b4-4ec6-b0cf-e1d294b34169/click'
18:12:52.107 [Forwarding clickElement on session a1601f6841aea0905443d7b7f413f3a5 to remote] DEBUG org.asynchttpclient.netty.request.NettyRequestSender - Using open Channel [id: 0x809cd579, L:/127.0.0.1:51848 - R:localhost/127.0.0.1:58566] for POST '/session/a1601f6841aea0905443d7b7f413f3a5/element/d0fcac24-d9b4-4ec6-b0cf-e1d294b34169/click'
18:12:52.149 [AsyncHttpClient-1-13] DEBUG org.asynchttpclient.netty.handler.HttpHandler - 

Request DefaultHttpRequest(decodeResult: success, version: HTTP/1.1)
POST /session/a1601f6841aea0905443d7b7f413f3a5/element/d0fcac24-d9b4-4ec6-b0cf-e1d294b34169/click HTTP/1.1
User-Agent: selenium/4.1.2 (java windows)
Content-Length: 50
Content-Type: application/json; charset=utf-8
host: localhost:58566
accept: */*

Response DefaultHttpResponse(decodeResult: success, version: HTTP/1.1)
HTTP/1.1 200 OK
Content-Type: application/json; charset=utf-8
cache-control: no-cache
content-length: 14

18:12:52.149 [AsyncHttpClient-1-13] DEBUG org.asynchttpclient.netty.channel.ChannelManager - Adding key: http://localhost:58566 for channel [id: 0x809cd579, L:/127.0.0.1:51848 - R:localhost/127.0.0.1:58566]
  &amp#27;[32mAnd &amp#27;[0m&amp#27;[32mI click login button&amp#27;[0m                      &amp#27;[90m# starter.stepdefinitions.LoginStep.iClickLoginButton()&amp#27;[0m
18:12:52.154 [Forwarding screenshot on session a1601f6841aea0905443d7b7f413f3a5 to remote] DEBUG org.asynchttpclient.netty.request.NettyRequestSender - Using pooled Channel '[id: 0x809cd579, L:/127.0.0.1:51848 - R:localhost/127.0.0.1:58566]' for 'GET' to 'http://localhost:58566/session/a1601f6841aea0905443d7b7f413f3a5/screenshot'
18:12:52.155 [Forwarding screenshot on session a1601f6841aea0905443d7b7f413f3a5 to remote] DEBUG org.asynchttpclient.netty.request.NettyRequestSender - Using open Channel [id: 0x809cd579, L:/127.0.0.1:51848 - R:localhost/127.0.0.1:58566] for GET '/session/a1601f6841aea0905443d7b7f413f3a5/screenshot'
18:12:52.243 [AsyncHttpClient-1-13] DEBUG org.asynchttpclient.netty.handler.HttpHandler - 

Request DefaultFullHttpRequest(decodeResult: success, version: HTTP/1.1, content: EmptyByteBufBE)
GET /session/a1601f6841aea0905443d7b7f413f3a5/screenshot HTTP/1.1
User-Agent: selenium/4.1.2 (java windows)
Cache-Control: no-cache
Content-Type: application/json; charset=utf-8
host: localhost:58566
accept: */*

Response DefaultHttpResponse(decodeResult: success, version: HTTP/1.1)
HTTP/1.1 200 OK
Content-Type: application/json; charset=utf-8
cache-control: no-cache
content-length: 25176

18:12:52.243 [AsyncHttpClient-1-13] DEBUG org.asynchttpclient.netty.channel.ChannelManager - Adding key: http://localhost:58566 for channel [id: 0x809cd579, L:/127.0.0.1:51848 - R:localhost/127.0.0.1:58566]
18:12:52.244 [main] DEBUG net.serenitybdd.core.photography.Darkroom - Send negative for processing for target\site\serenity\b09e465f7eac5be52b3e6297dfa1964c1cfff926ce6eec7da90175e67e9a18a9.png
18:12:52.245 [Darkroom Processing Line] DEBUG net.serenitybdd.core.photography.DarkroomProcessingLine - Processing screenshot image in /var/screenshots/screenshot-7449787423792438665
18:12:52.245 [Darkroom Processing Line] DEBUG net.serenitybdd.core.photography.DarkroomProcessingLine - Saving screenshot to target\site\serenity\b09e465f7eac5be52b3e6297dfa1964c1cfff926ce6eec7da90175e67e9a18a9.png
18:12:52.252 [Forwarding findElement on session a1601f6841aea0905443d7b7f413f3a5 to remote] DEBUG org.asynchttpclient.netty.request.NettyRequestSender - Using pooled Channel '[id: 0x809cd579, L:/127.0.0.1:51848 - R:localhost/127.0.0.1:58566]' for 'POST' to 'http://localhost:58566/session/a1601f6841aea0905443d7b7f413f3a5/element'
18:12:52.252 [Forwarding findElement on session a1601f6841aea0905443d7b7f413f3a5 to remote] DEBUG org.asynchttpclient.netty.request.NettyRequestSender - Using open Channel [id: 0x809cd579, L:/127.0.0.1:51848 - R:localhost/127.0.0.1:58566] for POST '/session/a1601f6841aea0905443d7b7f413f3a5/element'
18:12:52.775 [AsyncHttpClient-1-1] DEBUG org.asynchttpclient.netty.channel.DefaultChannelPool - Entry count for : http://localhost:51849 : 1
18:12:53.521 [AsyncHttpClient-1-13] DEBUG org.asynchttpclient.netty.handler.HttpHandler - 

Request DefaultHttpRequest(decodeResult: success, version: HTTP/1.1)
POST /session/a1601f6841aea0905443d7b7f413f3a5/element HTTP/1.1
User-Agent: selenium/4.1.2 (java windows)
Content-Length: 69
Content-Type: application/json; charset=utf-8
host: localhost:58566
accept: */*

Response DefaultHttpResponse(decodeResult: success, version: HTTP/1.1)
HTTP/1.1 200 OK
Content-Type: application/json; charset=utf-8
cache-control: no-cache
content-length: 88

18:12:53.522 [AsyncHttpClient-1-13] DEBUG org.asynchttpclient.netty.channel.ChannelManager - Adding key: http://localhost:58566 for channel [id: 0x809cd579, L:/127.0.0.1:51848 - R:localhost/127.0.0.1:58566]
18:12:53.526 [Forwarding isElementDisplayed on session a1601f6841aea0905443d7b7f413f3a5 to remote] DEBUG org.asynchttpclient.netty.request.NettyRequestSender - Using pooled Channel '[id: 0x809cd579, L:/127.0.0.1:51848 - R:localhost/127.0.0.1:58566]' for 'POST' to 'http://localhost:58566/session/a1601f6841aea0905443d7b7f413f3a5/execute/sync'
18:12:53.526 [Forwarding isElementDisplayed on session a1601f6841aea0905443d7b7f413f3a5 to remote] DEBUG org.asynchttpclient.netty.request.NettyRequestSender - Using open Channel [id: 0x809cd579, L:/127.0.0.1:51848 - R:localhost/127.0.0.1:58566] for POST '/session/a1601f6841aea0905443d7b7f413f3a5/execute/sync'
18:12:53.542 [AsyncHttpClient-1-13] DEBUG org.asynchttpclient.netty.handler.HttpHandler - 

Request DefaultHttpRequest(decodeResult: success, version: HTTP/1.1)
POST /session/a1601f6841aea0905443d7b7f413f3a5/execute/sync HTTP/1.1
User-Agent: selenium/4.1.2 (java windows)
Content-Length: 48780
Content-Type: application/json; charset=utf-8
host: localhost:58566
accept: */*

Response DefaultHttpResponse(decodeResult: success, version: HTTP/1.1)
HTTP/1.1 200 OK
Content-Type: application/json; charset=utf-8
cache-control: no-cache
content-length: 14

18:12:53.542 [AsyncHttpClient-1-13] DEBUG org.asynchttpclient.netty.channel.ChannelManager - Adding key: http://localhost:58566 for channel [id: 0x809cd579, L:/127.0.0.1:51848 - R:localhost/127.0.0.1:58566]
  &amp#27;[32mThen &amp#27;[0m&amp#27;[32mI will get the result &amp#27;[0m&amp#27;[32m&amp#27;[1m"failed"&amp#27;[0m           &amp#27;[90m# starter.stepdefinitions.LoginStep.iWillGetTheResult(java.lang.String)&amp#27;[0m
18:12:53.547 [Forwarding screenshot on session a1601f6841aea0905443d7b7f413f3a5 to remote] DEBUG org.asynchttpclient.netty.request.NettyRequestSender - Using pooled Channel '[id: 0x809cd579, L:/127.0.0.1:51848 - R:localhost/127.0.0.1:58566]' for 'GET' to 'http://localhost:58566/session/a1601f6841aea0905443d7b7f413f3a5/screenshot'
18:12:53.548 [Forwarding screenshot on session a1601f6841aea0905443d7b7f413f3a5 to remote] DEBUG org.asynchttpclient.netty.request.NettyRequestSender - Using open Channel [id: 0x809cd579, L:/127.0.0.1:51848 - R:localhost/127.0.0.1:58566] for GET '/session/a1601f6841aea0905443d7b7f413f3a5/screenshot'
18:12:53.660 [AsyncHttpClient-1-13] DEBUG org.asynchttpclient.netty.handler.HttpHandler - 

Request DefaultFullHttpRequest(decodeResult: success, version: HTTP/1.1, content: EmptyByteBufBE)
GET /session/a1601f6841aea0905443d7b7f413f3a5/screenshot HTTP/1.1
User-Agent: selenium/4.1.2 (java windows)
Cache-Control: no-cache
Content-Type: application/json; charset=utf-8
host: localhost:58566
accept: */*

Response DefaultHttpResponse(decodeResult: success, version: HTTP/1.1)
HTTP/1.1 200 OK
Content-Type: application/json; charset=utf-8
cache-control: no-cache
content-length: 29092

18:12:53.660 [AsyncHttpClient-1-13] DEBUG org.asynchttpclient.netty.channel.ChannelManager - Adding key: http://localhost:58566 for channel [id: 0x809cd579, L:/127.0.0.1:51848 - R:localhost/127.0.0.1:58566]
18:12:53.662 [main] DEBUG net.serenitybdd.core.photography.Darkroom - Send negative for processing for target\site\serenity\90ac09ab2a2680f14c32eaa22a452c4163c971b56e3b07ae1c32aba5b571113f.png
18:12:53.662 [Darkroom Processing Line] DEBUG net.serenitybdd.core.photography.DarkroomProcessingLine - Processing screenshot image in /var/screenshots/screenshot-14345201397710559540
18:12:53.662 [Darkroom Processing Line] DEBUG net.serenitybdd.core.photography.DarkroomProcessingLine - Saving screenshot to target\site\serenity\90ac09ab2a2680f14c32eaa22a452c4163c971b56e3b07ae1c32aba5b571113f.png
18:12:53.668 [AsyncHttpClient-1-15] DEBUG org.asynchttpclient.netty.handler.WebSocketHandler - Channel Closed: [id: 0xf486c980, L:/127.0.0.1:51856 ! R:localhost/127.0.0.1:51849] with attribute NettyResponseFuture{currentRetry=5,
	isDone=1,
	isCancelled=0,
	asyncHandler=org.asynchttpclient.ws.WebSocketUpgradeHandler@76d55630,
	nettyRequest=org.asynchttpclient.netty.request.NettyRequest@cfa19d5,
	future=java.util.concurrent.CompletableFuture@e48d7c0[Completed normally],
	uri=ws://localhost:51849/devtools/browser/46a49b15-f9ee-4288-a702-733ddb377184,
	keepAlive=true,
	redirectCount=0,
	timeoutsHolder=null,
	inAuth=0,
	touch=1667041970980}
18:12:53.668 [Driver Command Executor] DEBUG org.asynchttpclient.netty.request.NettyRequestSender - Using pooled Channel '[id: 0x809cd579, L:/127.0.0.1:51848 - R:localhost/127.0.0.1:58566]' for 'DELETE' to 'http://localhost:58566/session/a1601f6841aea0905443d7b7f413f3a5'
18:12:53.668 [Driver Command Executor] DEBUG org.asynchttpclient.netty.request.NettyRequestSender - Using open Channel [id: 0x809cd579, L:/127.0.0.1:51848 - R:localhost/127.0.0.1:58566] for DELETE '/session/a1601f6841aea0905443d7b7f413f3a5'
18:12:53.668 [AsyncHttpClient-1-15] DEBUG org.asynchttpclient.netty.channel.ChannelManager - Closing Channel [id: 0xf486c980, L:/127.0.0.1:51856 ! R:localhost/127.0.0.1:51849] 
18:12:53.695 [AsyncHttpClient-1-14] DEBUG org.asynchttpclient.netty.handler.HttpHandler - Unexpected I/O exception on channel [id: 0x60173416, L:/127.0.0.1:51855 - R:localhost/127.0.0.1:51849]
java.net.SocketException: Connection reset
	at java.base/sun.nio.ch.SocketChannelImpl.throwConnectionReset(SocketChannelImpl.java:345)
	at java.base/sun.nio.ch.SocketChannelImpl.read(SocketChannelImpl.java:376)
	at io.netty.buffer.PooledByteBuf.setBytes(PooledByteBuf.java:258)
	at io.netty.buffer.AbstractByteBuf.writeBytes(AbstractByteBuf.java:1132)
	at io.netty.channel.socket.nio.NioSocketChannel.doReadBytes(NioSocketChannel.java:350)
	at io.netty.channel.nio.AbstractNioByteChannel$NioByteUnsafe.read(AbstractNioByteChannel.java:151)
	at io.netty.channel.nio.NioEventLoop.processSelectedKey(NioEventLoop.java:722)
	at io.netty.channel.nio.NioEventLoop.processSelectedKeysOptimized(NioEventLoop.java:658)
	at io.netty.channel.nio.NioEventLoop.processSelectedKeys(NioEventLoop.java:584)
	at io.netty.channel.nio.NioEventLoop.run(NioEventLoop.java:496)
	at io.netty.util.concurrent.SingleThreadEventExecutor$4.run(SingleThreadEventExecutor.java:986)
	at io.netty.util.internal.ThreadExecutorMap$2.run(ThreadExecutorMap.java:74)
	at io.netty.util.concurrent.FastThreadLocalRunnable.run(FastThreadLocalRunnable.java:30)
	at java.base/java.lang.Thread.run(Thread.java:830)
18:12:53.696 [AsyncHttpClient-1-14] DEBUG org.asynchttpclient.netty.channel.ChannelManager - Closing Channel [id: 0x60173416, L:/127.0.0.1:51855 - R:localhost/127.0.0.1:51849] 
18:12:53.696 [AsyncHttpClient-1-14] DEBUG org.asynchttpclient.netty.handler.HttpHandler - Channel Closed: [id: 0x60173416, L:/127.0.0.1:51855 ! R:localhost/127.0.0.1:51849] with attribute DISCARD
18:12:53.710 [AsyncHttpClient-1-13] DEBUG org.asynchttpclient.netty.handler.HttpHandler - 

Request DefaultFullHttpRequest(decodeResult: success, version: HTTP/1.1, content: EmptyByteBufBE)
DELETE /session/a1601f6841aea0905443d7b7f413f3a5 HTTP/1.1
User-Agent: selenium/4.1.2 (java windows)
Content-Type: application/json; charset=utf-8
host: localhost:58566
accept: */*

Response DefaultHttpResponse(decodeResult: success, version: HTTP/1.1)
HTTP/1.1 200 OK
Content-Type: application/json; charset=utf-8
cache-control: no-cache
content-length: 14

18:12:53.710 [AsyncHttpClient-1-13] DEBUG org.asynchttpclient.netty.channel.ChannelManager - Adding key: http://localhost:58566 for channel [id: 0x809cd579, L:/127.0.0.1:51848 - R:localhost/127.0.0.1:58566]
18:12:53.768 [AsyncHttpClient-1-13] DEBUG org.asynchttpclient.netty.handler.HttpHandler - Channel Closed: [id: 0x809cd579, L:/127.0.0.1:51848 ! R:localhost/127.0.0.1:58566] with attribute DISCARD
18:12:53.877 [AsyncHttpClient-1-1] DEBUG org.asynchttpclient.netty.channel.DefaultChannelPool - Entry count for : http://localhost:58566 : 1
18:12:53.877 [AsyncHttpClient-1-1] DEBUG org.asynchttpclient.netty.channel.DefaultChannelPool - Entry count for : http://localhost:51849 : 1
18:12:53.877 [AsyncHttpClient-1-1] DEBUG org.asynchttpclient.netty.channel.DefaultChannelPool - Adding Candidate expired Channel [id: 0x809cd579, L:/127.0.0.1:51848 ! R:localhost/127.0.0.1:58566] isIdleTimeoutExpired=false isRemotelyClosed=true isTtlExpired=false
18:12:53.877 [AsyncHttpClient-1-1] DEBUG org.asynchttpclient.netty.channel.DefaultChannelPool - Closing Idle Channel [id: 0x809cd579, L:/127.0.0.1:51848 ! R:localhost/127.0.0.1:58566]
18:12:53.877 [AsyncHttpClient-1-1] DEBUG org.asynchttpclient.netty.channel.DefaultChannelPool - Adding Candidate expired Channel [id: 0x60173416, L:/127.0.0.1:51855 ! R:localhost/127.0.0.1:51849] isIdleTimeoutExpired=false isRemotelyClosed=true isTtlExpired=false
18:12:53.877 [AsyncHttpClient-1-1] DEBUG org.asynchttpclient.netty.channel.DefaultChannelPool - Closing Idle Channel [id: 0x60173416, L:/127.0.0.1:51855 ! R:localhost/127.0.0.1:51849]
18:12:53.877 [AsyncHttpClient-1-1] DEBUG org.asynchttpclient.netty.channel.DefaultChannelPool - Closed 2 connections out of 2 in 0 ms
]]></system-out>
    <system-err><![CDATA[Starting ChromeDriver 105.0.5195.52 (412c95e518836d8a7d97250d62b29c2ae6a26a85-refs/branch-heads/5195@{#853}) on port 58566
Only local connections are allowed.
Please see https://chromedriver.chromium.org/security-considerations for suggestions on keeping ChromeDriver safe.
ChromeDriver was started successfully.
[1667041970.945][WARNING]: This version of ChromeDriver has not been tested with Chrome version 106.
Okt 29, 2022 6:12:50 PM org.openqa.selenium.remote.ProtocolHandshake createSession
INFO: Detected dialect: W3C
Okt 29, 2022 6:12:50 PM org.openqa.selenium.devtools.CdpVersionFinder findNearestMatch
WARNING: Unable to find an exact match for CDP version 106, so returning the closest version found: a no-op implementation
Okt 29, 2022 6:12:50 PM org.openqa.selenium.devtools.CdpVersionFinder findNearestMatch
INFO: Unable to find CDP implementation matching 106.
Okt 29, 2022 6:12:50 PM org.openqa.selenium.chromium.ChromiumDriver lambda$new$3
WARNING: Unable to find version of CDP to use for . You may need to include a dependency on a specific version of the CDP using something similar to `org.seleniumhq.selenium:selenium-devtools-v86:4.1.2` where the version ("v86") matches the version of the chromium-based browser you're using and the version number of the artifact is the same as Selenium's.
]]></system-err>
  </testcase>
  <testcase name="Logout" classname="Logout" time="4.646">
    <system-out><![CDATA[18:12:54.288 [main] INFO io.cucumber.core.plugin.SerenityReporter - Running feature from file:///C:/Users/alwi/IdeaProjects/AltaShop/src/test/resources/features/Logout.feature
18:12:54.291 [main] DEBUG net.thucydides.core.steps.StepEventBus - Test suite started for story net.thucydides.core.model.Story@7960de68
18:12:54.291 [main] INFO  - Test Suite Started: Logout

Scenario: Logout                    &amp#27;[90m# src/test/resources/features/Logout.feature:6&amp#27;[0m
18:12:54.305 [main] INFO io.cucumber.core.plugin.SerenityReporter - Running feature from file:///C:/Users/alwi/IdeaProjects/AltaShop/src/test/resources/features/Logout.feature
18:12:54.307 [main] INFO  - 
  _____   ___   ___   _____     ___   _____     _     ___   _____   ___   ___  
 |_   _| | __| / __| |_   _|   / __| |_   _|   /_\   | _ \ |_   _| | __| |   \ 
   | |   | _|  \__ \   | |     \__ \   | |    / _ \  |   /   | |   | _|  | |) |
   |_|   |___| |___/   |_|     |___/   |_|   /_/ \_\ |_|_\   |_|   |___| |___/ 

Logout(logout;logout)
--------------------------------------------------------------------------------
18:12:54.329 [main] INFO net.serenitybdd.core.webdriver.driverproviders.ChromeDriverProvider - Using automatically driver download
18:12:54.437 [main] DEBUG io.github.bonigarcia.wdm.cache.ResolutionCache - Resolution chrome=106 in cache (valid until 18:14:56 29/10/2022 WIB)
18:12:54.440 [main] DEBUG io.github.bonigarcia.wdm.cache.ResolutionCache - Resolution chrome106=106.0.5249.61 in cache (valid until 19:30:28 29/10/2022 WIB)
18:12:54.442 [main] INFO io.github.bonigarcia.wdm.WebDriverManager - Using chromedriver 106.0.5249.61 (resolved driver for Chrome 106)
18:12:54.450 [main] DEBUG io.github.bonigarcia.wdm.WebDriverManager - Driver chromedriver 106.0.5249.61 found in cache
18:12:54.451 [main] INFO io.github.bonigarcia.wdm.WebDriverManager - Exporting webdriver.chrome.driver as C:\Users\alwi\.cache\selenium\chromedriver\win32\106.0.5249.61\chromedriver.exe
18:12:54.611 [main] DEBUG net.serenitybdd.core.webdriver.driverproviders.ProvideNewDriver - Instantiating driver
18:12:54.611 [main] DEBUG net.serenitybdd.core.webdriver.driverproviders.ProvideNewDriver - Driver capabilities: Capabilities {acceptInsecureCerts: false, base.url: https://alta-shop.vercel.app, browserName: chrome, chrome.driver: src/test/resources/webdrive..., driver: chrome, goog:chromeOptions: {args: [], extensions: []}, wait.for.timeout: 6000}
18:12:55.138 [AsyncHttpClient-1-16] DEBUG org.asynchttpclient.netty.channel.NettyConnectListener - Using new Channel '[id: 0xdb3a4efd, L:/127.0.0.1:51877 - R:localhost/127.0.0.1:52252]' for 'POST' to '/session'
18:12:55.827 [AsyncHttpClient-1-16] DEBUG org.asynchttpclient.netty.handler.HttpHandler - 

Request DefaultHttpRequest(decodeResult: success, version: HTTP/1.1)
POST /session HTTP/1.1
User-Agent: selenium/4.1.2 (java windows)
Content-Length: 639
Content-Type: application/json; charset=utf-8
host: localhost:52252
accept: */*

Response DefaultHttpResponse(decodeResult: success, version: HTTP/1.1)
HTTP/1.1 200 OK
Content-Type: application/json; charset=utf-8
cache-control: no-cache
content-length: 788

18:12:55.828 [AsyncHttpClient-1-16] DEBUG org.asynchttpclient.netty.channel.ChannelManager - Adding key: http://localhost:52252 for channel [id: 0xdb3a4efd, L:/127.0.0.1:51877 - R:localhost/127.0.0.1:52252]
18:12:55.833 [AsyncHttpClient-1-17] DEBUG org.asynchttpclient.netty.channel.NettyConnectListener - Using new Channel '[id: 0x643dd3de, L:/127.0.0.1:51884 - R:localhost/127.0.0.1:51878]' for 'GET' to '/json/version'
18:12:55.835 [AsyncHttpClient-1-17] DEBUG org.asynchttpclient.netty.handler.HttpHandler - 

Request DefaultFullHttpRequest(decodeResult: success, version: HTTP/1.1, content: EmptyByteBufBE)
GET /json/version HTTP/1.1
User-Agent: selenium/4.1.2 (java windows)
host: localhost:51878
accept: */*

Response DefaultHttpResponse(decodeResult: success, version: HTTP/1.1)
HTTP/1.1 200 OK
Content-Type: application/json; charset=UTF-8
content-length: 424

18:12:55.835 [AsyncHttpClient-1-17] DEBUG org.asynchttpclient.netty.channel.ChannelManager - Adding key: http://localhost:51878 for channel [id: 0x643dd3de, L:/127.0.0.1:51884 - R:localhost/127.0.0.1:51878]
18:12:55.838 [AsyncHttpClient-1-2] DEBUG org.asynchttpclient.netty.channel.NettyConnectListener - Using new Channel '[id: 0x5dd7e358, L:/127.0.0.1:51885 - R:localhost/127.0.0.1:51878]' for 'GET' to '/devtools/browser/aa38fdf5-d9db-4fe8-9090-8a18121da846'
18:12:55.839 [AsyncHttpClient-1-2] DEBUG org.asynchttpclient.netty.handler.WebSocketHandler - 

Request DefaultFullHttpRequest(decodeResult: success, version: HTTP/1.1, content: EmptyByteBufBE)
GET /devtools/browser/aa38fdf5-d9db-4fe8-9090-8a18121da846 HTTP/1.1
upgrade: websocket
connection: upgrade
sec-websocket-key: dO2VlIjhwd3hwG7Q3cSq0w==
sec-websocket-version: 13
origin: http://localhost:51878
host: localhost:51878
accept: */*
user-agent: AHC/2.1

Response DefaultHttpResponse(decodeResult: success, version: HTTP/1.1)
HTTP/1.1 101 WebSocket Protocol Handshake
Upgrade: WebSocket
Connection: Upgrade
Sec-WebSocket-Accept: rm0yk7seV6JnvsGbRA77NVVtdEk=

18:12:55.843 [Forwarding get on session b12a9d12f053de4c37836735c8ff35e0 to remote] DEBUG org.asynchttpclient.netty.request.NettyRequestSender - Using pooled Channel '[id: 0xdb3a4efd, L:/127.0.0.1:51877 - R:localhost/127.0.0.1:52252]' for 'POST' to 'http://localhost:52252/session/b12a9d12f053de4c37836735c8ff35e0/url'
18:12:55.843 [Forwarding get on session b12a9d12f053de4c37836735c8ff35e0 to remote] DEBUG org.asynchttpclient.netty.request.NettyRequestSender - Using open Channel [id: 0xdb3a4efd, L:/127.0.0.1:51877 - R:localhost/127.0.0.1:52252] for POST '/session/b12a9d12f053de4c37836735c8ff35e0/url'
18:12:56.080 [AsyncHttpClient-1-1] DEBUG org.asynchttpclient.netty.channel.DefaultChannelPool - Entry count for : http://localhost:51878 : 1
18:12:56.407 [AsyncHttpClient-1-16] DEBUG org.asynchttpclient.netty.handler.HttpHandler - 

Request DefaultHttpRequest(decodeResult: success, version: HTTP/1.1)
POST /session/b12a9d12f053de4c37836735c8ff35e0/url HTTP/1.1
User-Agent: selenium/4.1.2 (java windows)
Content-Length: 74
Content-Type: application/json; charset=utf-8
host: localhost:52252
accept: */*

Response DefaultHttpResponse(decodeResult: success, version: HTTP/1.1)
HTTP/1.1 200 OK
Content-Type: application/json; charset=utf-8
cache-control: no-cache
content-length: 14

18:12:56.407 [AsyncHttpClient-1-16] DEBUG org.asynchttpclient.netty.channel.ChannelManager - Adding key: http://localhost:52252 for channel [id: 0xdb3a4efd, L:/127.0.0.1:51877 - R:localhost/127.0.0.1:52252]
18:12:56.409 [Forwarding setTimeout on session b12a9d12f053de4c37836735c8ff35e0 to remote] DEBUG org.asynchttpclient.netty.request.NettyRequestSender - Using pooled Channel '[id: 0xdb3a4efd, L:/127.0.0.1:51877 - R:localhost/127.0.0.1:52252]' for 'POST' to 'http://localhost:52252/session/b12a9d12f053de4c37836735c8ff35e0/timeouts'
18:12:56.409 [Forwarding setTimeout on session b12a9d12f053de4c37836735c8ff35e0 to remote] DEBUG org.asynchttpclient.netty.request.NettyRequestSender - Using open Channel [id: 0xdb3a4efd, L:/127.0.0.1:51877 - R:localhost/127.0.0.1:52252] for POST '/session/b12a9d12f053de4c37836735c8ff35e0/timeouts'
18:12:56.409 [AsyncHttpClient-1-16] DEBUG org.asynchttpclient.netty.handler.HttpHandler - 

Request DefaultHttpRequest(decodeResult: success, version: HTTP/1.1)
POST /session/b12a9d12f053de4c37836735c8ff35e0/timeouts HTTP/1.1
User-Agent: selenium/4.1.2 (java windows)
Content-Length: 22
Content-Type: application/json; charset=utf-8
host: localhost:52252
accept: */*

Response DefaultHttpResponse(decodeResult: success, version: HTTP/1.1)
HTTP/1.1 200 OK
Content-Type: application/json; charset=utf-8
cache-control: no-cache
content-length: 14

18:12:56.409 [AsyncHttpClient-1-16] DEBUG org.asynchttpclient.netty.channel.ChannelManager - Adding key: http://localhost:52252 for channel [id: 0xdb3a4efd, L:/127.0.0.1:51877 - R:localhost/127.0.0.1:52252]
18:12:56.411 [Forwarding getCurrentUrl on session b12a9d12f053de4c37836735c8ff35e0 to remote] DEBUG org.asynchttpclient.netty.request.NettyRequestSender - Using pooled Channel '[id: 0xdb3a4efd, L:/127.0.0.1:51877 - R:localhost/127.0.0.1:52252]' for 'GET' to 'http://localhost:52252/session/b12a9d12f053de4c37836735c8ff35e0/url'
18:12:56.411 [Forwarding getCurrentUrl on session b12a9d12f053de4c37836735c8ff35e0 to remote] DEBUG org.asynchttpclient.netty.request.NettyRequestSender - Using open Channel [id: 0xdb3a4efd, L:/127.0.0.1:51877 - R:localhost/127.0.0.1:52252] for GET '/session/b12a9d12f053de4c37836735c8ff35e0/url'
18:12:56.415 [AsyncHttpClient-1-16] DEBUG org.asynchttpclient.netty.handler.HttpHandler - 

Request DefaultFullHttpRequest(decodeResult: success, version: HTTP/1.1, content: EmptyByteBufBE)
GET /session/b12a9d12f053de4c37836735c8ff35e0/url HTTP/1.1
User-Agent: selenium/4.1.2 (java windows)
Cache-Control: no-cache
Content-Type: application/json; charset=utf-8
host: localhost:52252
accept: */*

Response DefaultHttpResponse(decodeResult: success, version: HTTP/1.1)
HTTP/1.1 200 OK
Content-Type: application/json; charset=utf-8
cache-control: no-cache
content-length: 51

18:12:56.415 [AsyncHttpClient-1-16] DEBUG org.asynchttpclient.netty.channel.ChannelManager - Adding key: http://localhost:52252 for channel [id: 0xdb3a4efd, L:/127.0.0.1:51877 - R:localhost/127.0.0.1:52252]
  &amp#27;[32mGiven &amp#27;[0m&amp#27;[32mI am on the login page&amp#27;[0m      &amp#27;[90m# starter.stepdefinitions.LoginStep.iAmOnTheLoginPage()&amp#27;[0m
18:12:56.420 [main] DEBUG net.serenitybdd.core.photography.Darkroom - Opening darkroom
18:12:56.420 [Darkroom Processing Line] DEBUG net.serenitybdd.core.photography.DarkroomProcessingLine - Darkroom processing line starting up
18:12:56.420 [Forwarding screenshot on session b12a9d12f053de4c37836735c8ff35e0 to remote] DEBUG org.asynchttpclient.netty.request.NettyRequestSender - Using pooled Channel '[id: 0xdb3a4efd, L:/127.0.0.1:51877 - R:localhost/127.0.0.1:52252]' for 'GET' to 'http://localhost:52252/session/b12a9d12f053de4c37836735c8ff35e0/screenshot'
18:12:56.420 [Forwarding screenshot on session b12a9d12f053de4c37836735c8ff35e0 to remote] DEBUG org.asynchttpclient.netty.request.NettyRequestSender - Using open Channel [id: 0xdb3a4efd, L:/127.0.0.1:51877 - R:localhost/127.0.0.1:52252] for GET '/session/b12a9d12f053de4c37836735c8ff35e0/screenshot'
18:12:56.514 [AsyncHttpClient-1-16] DEBUG org.asynchttpclient.netty.handler.HttpHandler - 

Request DefaultFullHttpRequest(decodeResult: success, version: HTTP/1.1, content: EmptyByteBufBE)
GET /session/b12a9d12f053de4c37836735c8ff35e0/screenshot HTTP/1.1
User-Agent: selenium/4.1.2 (java windows)
Cache-Control: no-cache
Content-Type: application/json; charset=utf-8
host: localhost:52252
accept: */*

Response DefaultHttpResponse(decodeResult: success, version: HTTP/1.1)
HTTP/1.1 200 OK
Content-Type: application/json; charset=utf-8
cache-control: no-cache
content-length: 24528

18:12:56.514 [AsyncHttpClient-1-16] DEBUG org.asynchttpclient.netty.channel.ChannelManager - Adding key: http://localhost:52252 for channel [id: 0xdb3a4efd, L:/127.0.0.1:51877 - R:localhost/127.0.0.1:52252]
18:12:56.516 [main] DEBUG net.serenitybdd.core.photography.Darkroom - Send negative for processing for target\site\serenity\4a081d05db2e6be9b3256b332b844d9c53d5aa88207142e6b6c18ed6759b787c.png
18:12:56.541 [main] DEBUG net.thucydides.core.steps.StepInterceptor - STARTING STEP: LogoutStep.iLogin - iAmOnTheLoginPage
18:12:56.543 [Forwarding get on session b12a9d12f053de4c37836735c8ff35e0 to remote] DEBUG org.asynchttpclient.netty.request.NettyRequestSender - Using pooled Channel '[id: 0xdb3a4efd, L:/127.0.0.1:51877 - R:localhost/127.0.0.1:52252]' for 'POST' to 'http://localhost:52252/session/b12a9d12f053de4c37836735c8ff35e0/url'
18:12:56.543 [Forwarding get on session b12a9d12f053de4c37836735c8ff35e0 to remote] DEBUG org.asynchttpclient.netty.request.NettyRequestSender - Using open Channel [id: 0xdb3a4efd, L:/127.0.0.1:51877 - R:localhost/127.0.0.1:52252] for POST '/session/b12a9d12f053de4c37836735c8ff35e0/url'
18:12:56.681 [AsyncHttpClient-1-16] DEBUG org.asynchttpclient.netty.handler.HttpHandler - 

Request DefaultHttpRequest(decodeResult: success, version: HTTP/1.1)
POST /session/b12a9d12f053de4c37836735c8ff35e0/url HTTP/1.1
User-Agent: selenium/4.1.2 (java windows)
Content-Length: 74
Content-Type: application/json; charset=utf-8
host: localhost:52252
accept: */*

Response DefaultHttpResponse(decodeResult: success, version: HTTP/1.1)
HTTP/1.1 200 OK
Content-Type: application/json; charset=utf-8
cache-control: no-cache
content-length: 14

18:12:56.681 [AsyncHttpClient-1-16] DEBUG org.asynchttpclient.netty.channel.ChannelManager - Adding key: http://localhost:52252 for channel [id: 0xdb3a4efd, L:/127.0.0.1:51877 - R:localhost/127.0.0.1:52252]
18:12:56.683 [Forwarding getCurrentUrl on session b12a9d12f053de4c37836735c8ff35e0 to remote] DEBUG org.asynchttpclient.netty.request.NettyRequestSender - Using pooled Channel '[id: 0xdb3a4efd, L:/127.0.0.1:51877 - R:localhost/127.0.0.1:52252]' for 'GET' to 'http://localhost:52252/session/b12a9d12f053de4c37836735c8ff35e0/url'
18:12:56.683 [Forwarding getCurrentUrl on session b12a9d12f053de4c37836735c8ff35e0 to remote] DEBUG org.asynchttpclient.netty.request.NettyRequestSender - Using open Channel [id: 0xdb3a4efd, L:/127.0.0.1:51877 - R:localhost/127.0.0.1:52252] for GET '/session/b12a9d12f053de4c37836735c8ff35e0/url'
18:12:56.688 [AsyncHttpClient-1-16] DEBUG org.asynchttpclient.netty.handler.HttpHandler - 

Request DefaultFullHttpRequest(decodeResult: success, version: HTTP/1.1, content: EmptyByteBufBE)
GET /session/b12a9d12f053de4c37836735c8ff35e0/url HTTP/1.1
User-Agent: selenium/4.1.2 (java windows)
Cache-Control: no-cache
Content-Type: application/json; charset=utf-8
host: localhost:52252
accept: */*

Response DefaultHttpResponse(decodeResult: success, version: HTTP/1.1)
HTTP/1.1 200 OK
Content-Type: application/json; charset=utf-8
cache-control: no-cache
content-length: 51

18:12:56.688 [AsyncHttpClient-1-16] DEBUG org.asynchttpclient.netty.channel.ChannelManager - Adding key: http://localhost:52252 for channel [id: 0xdb3a4efd, L:/127.0.0.1:51877 - R:localhost/127.0.0.1:52252]
18:12:56.692 [Forwarding screenshot on session b12a9d12f053de4c37836735c8ff35e0 to remote] DEBUG org.asynchttpclient.netty.request.NettyRequestSender - Using pooled Channel '[id: 0xdb3a4efd, L:/127.0.0.1:51877 - R:localhost/127.0.0.1:52252]' for 'GET' to 'http://localhost:52252/session/b12a9d12f053de4c37836735c8ff35e0/screenshot'
18:12:56.692 [Forwarding screenshot on session b12a9d12f053de4c37836735c8ff35e0 to remote] DEBUG org.asynchttpclient.netty.request.NettyRequestSender - Using open Channel [id: 0xdb3a4efd, L:/127.0.0.1:51877 - R:localhost/127.0.0.1:52252] for GET '/session/b12a9d12f053de4c37836735c8ff35e0/screenshot'
18:12:56.797 [AsyncHttpClient-1-16] DEBUG org.asynchttpclient.netty.handler.HttpHandler - 

Request DefaultFullHttpRequest(decodeResult: success, version: HTTP/1.1, content: EmptyByteBufBE)
GET /session/b12a9d12f053de4c37836735c8ff35e0/screenshot HTTP/1.1
User-Agent: selenium/4.1.2 (java windows)
Cache-Control: no-cache
Content-Type: application/json; charset=utf-8
host: localhost:52252
accept: */*

Response DefaultHttpResponse(decodeResult: success, version: HTTP/1.1)
HTTP/1.1 200 OK
Content-Type: application/json; charset=utf-8
cache-control: no-cache
content-length: 24528

18:12:56.797 [AsyncHttpClient-1-16] DEBUG org.asynchttpclient.netty.channel.ChannelManager - Adding key: http://localhost:52252 for channel [id: 0xdb3a4efd, L:/127.0.0.1:51877 - R:localhost/127.0.0.1:52252]
18:12:56.799 [main] DEBUG net.serenitybdd.core.photography.Darkroom - Send negative for processing for target\site\serenity\4a081d05db2e6be9b3256b332b844d9c53d5aa88207142e6b6c18ed6759b787c.png
18:12:56.799 [main] DEBUG net.thucydides.core.steps.StepInterceptor - STEP DONE: iAmOnTheLoginPage
18:12:56.803 [main] DEBUG net.thucydides.core.steps.StepInterceptor - STARTING STEP: LogoutStep.iLogin - iWillLogin
18:12:56.804 [Forwarding get on session b12a9d12f053de4c37836735c8ff35e0 to remote] DEBUG org.asynchttpclient.netty.request.NettyRequestSender - Using pooled Channel '[id: 0xdb3a4efd, L:/127.0.0.1:51877 - R:localhost/127.0.0.1:52252]' for 'POST' to 'http://localhost:52252/session/b12a9d12f053de4c37836735c8ff35e0/url'
18:12:56.804 [Forwarding get on session b12a9d12f053de4c37836735c8ff35e0 to remote] DEBUG org.asynchttpclient.netty.request.NettyRequestSender - Using open Channel [id: 0xdb3a4efd, L:/127.0.0.1:51877 - R:localhost/127.0.0.1:52252] for POST '/session/b12a9d12f053de4c37836735c8ff35e0/url'
18:12:56.923 [AsyncHttpClient-1-16] DEBUG org.asynchttpclient.netty.handler.HttpHandler - 

Request DefaultHttpRequest(decodeResult: success, version: HTTP/1.1)
POST /session/b12a9d12f053de4c37836735c8ff35e0/url HTTP/1.1
User-Agent: selenium/4.1.2 (java windows)
Content-Length: 74
Content-Type: application/json; charset=utf-8
host: localhost:52252
accept: */*

Response DefaultHttpResponse(decodeResult: success, version: HTTP/1.1)
HTTP/1.1 200 OK
Content-Type: application/json; charset=utf-8
cache-control: no-cache
content-length: 14

18:12:56.924 [AsyncHttpClient-1-16] DEBUG org.asynchttpclient.netty.channel.ChannelManager - Adding key: http://localhost:52252 for channel [id: 0xdb3a4efd, L:/127.0.0.1:51877 - R:localhost/127.0.0.1:52252]
18:12:56.926 [Forwarding getCurrentUrl on session b12a9d12f053de4c37836735c8ff35e0 to remote] DEBUG org.asynchttpclient.netty.request.NettyRequestSender - Using pooled Channel '[id: 0xdb3a4efd, L:/127.0.0.1:51877 - R:localhost/127.0.0.1:52252]' for 'GET' to 'http://localhost:52252/session/b12a9d12f053de4c37836735c8ff35e0/url'
18:12:56.926 [Forwarding getCurrentUrl on session b12a9d12f053de4c37836735c8ff35e0 to remote] DEBUG org.asynchttpclient.netty.request.NettyRequestSender - Using open Channel [id: 0xdb3a4efd, L:/127.0.0.1:51877 - R:localhost/127.0.0.1:52252] for GET '/session/b12a9d12f053de4c37836735c8ff35e0/url'
18:12:56.930 [AsyncHttpClient-1-16] DEBUG org.asynchttpclient.netty.handler.HttpHandler - 

Request DefaultFullHttpRequest(decodeResult: success, version: HTTP/1.1, content: EmptyByteBufBE)
GET /session/b12a9d12f053de4c37836735c8ff35e0/url HTTP/1.1
User-Agent: selenium/4.1.2 (java windows)
Cache-Control: no-cache
Content-Type: application/json; charset=utf-8
host: localhost:52252
accept: */*

Response DefaultHttpResponse(decodeResult: success, version: HTTP/1.1)
HTTP/1.1 200 OK
Content-Type: application/json; charset=utf-8
cache-control: no-cache
content-length: 51

18:12:56.930 [AsyncHttpClient-1-16] DEBUG org.asynchttpclient.netty.channel.ChannelManager - Adding key: http://localhost:52252 for channel [id: 0xdb3a4efd, L:/127.0.0.1:51877 - R:localhost/127.0.0.1:52252]
18:12:56.934 [Forwarding findElement on session b12a9d12f053de4c37836735c8ff35e0 to remote] DEBUG org.asynchttpclient.netty.request.NettyRequestSender - Using pooled Channel '[id: 0xdb3a4efd, L:/127.0.0.1:51877 - R:localhost/127.0.0.1:52252]' for 'POST' to 'http://localhost:52252/session/b12a9d12f053de4c37836735c8ff35e0/element'
18:12:56.934 [Forwarding findElement on session b12a9d12f053de4c37836735c8ff35e0 to remote] DEBUG org.asynchttpclient.netty.request.NettyRequestSender - Using open Channel [id: 0xdb3a4efd, L:/127.0.0.1:51877 - R:localhost/127.0.0.1:52252] for POST '/session/b12a9d12f053de4c37836735c8ff35e0/element'
18:12:56.944 [AsyncHttpClient-1-16] DEBUG org.asynchttpclient.netty.handler.HttpHandler - 

Request DefaultHttpRequest(decodeResult: success, version: HTTP/1.1)
POST /session/b12a9d12f053de4c37836735c8ff35e0/element HTTP/1.1
User-Agent: selenium/4.1.2 (java windows)
Content-Length: 55
Content-Type: application/json; charset=utf-8
host: localhost:52252
accept: */*

Response DefaultHttpResponse(decodeResult: success, version: HTTP/1.1)
HTTP/1.1 200 OK
Content-Type: application/json; charset=utf-8
cache-control: no-cache
content-length: 88

18:12:56.944 [AsyncHttpClient-1-16] DEBUG org.asynchttpclient.netty.channel.ChannelManager - Adding key: http://localhost:52252 for channel [id: 0xdb3a4efd, L:/127.0.0.1:51877 - R:localhost/127.0.0.1:52252]
18:12:56.945 [Forwarding clearElement on session b12a9d12f053de4c37836735c8ff35e0 to remote] DEBUG org.asynchttpclient.netty.request.NettyRequestSender - Using pooled Channel '[id: 0xdb3a4efd, L:/127.0.0.1:51877 - R:localhost/127.0.0.1:52252]' for 'POST' to 'http://localhost:52252/session/b12a9d12f053de4c37836735c8ff35e0/element/6ed5233b-f96b-4bce-b371-6c71c128b5fe/clear'
18:12:56.945 [Forwarding clearElement on session b12a9d12f053de4c37836735c8ff35e0 to remote] DEBUG org.asynchttpclient.netty.request.NettyRequestSender - Using open Channel [id: 0xdb3a4efd, L:/127.0.0.1:51877 - R:localhost/127.0.0.1:52252] for POST '/session/b12a9d12f053de4c37836735c8ff35e0/element/6ed5233b-f96b-4bce-b371-6c71c128b5fe/clear'
18:12:56.973 [AsyncHttpClient-1-16] DEBUG org.asynchttpclient.netty.handler.HttpHandler - 

Request DefaultHttpRequest(decodeResult: success, version: HTTP/1.1)
POST /session/b12a9d12f053de4c37836735c8ff35e0/element/6ed5233b-f96b-4bce-b371-6c71c128b5fe/clear HTTP/1.1
User-Agent: selenium/4.1.2 (java windows)
Content-Length: 50
Content-Type: application/json; charset=utf-8
host: localhost:52252
accept: */*

Response DefaultHttpResponse(decodeResult: success, version: HTTP/1.1)
HTTP/1.1 200 OK
Content-Type: application/json; charset=utf-8
cache-control: no-cache
content-length: 14

18:12:56.973 [AsyncHttpClient-1-16] DEBUG org.asynchttpclient.netty.channel.ChannelManager - Adding key: http://localhost:52252 for channel [id: 0xdb3a4efd, L:/127.0.0.1:51877 - R:localhost/127.0.0.1:52252]
18:12:56.975 [Forwarding sendKeysToElement on session b12a9d12f053de4c37836735c8ff35e0 to remote] DEBUG org.asynchttpclient.netty.request.NettyRequestSender - Using pooled Channel '[id: 0xdb3a4efd, L:/127.0.0.1:51877 - R:localhost/127.0.0.1:52252]' for 'POST' to 'http://localhost:52252/session/b12a9d12f053de4c37836735c8ff35e0/element/6ed5233b-f96b-4bce-b371-6c71c128b5fe/value'
18:12:56.975 [Forwarding sendKeysToElement on session b12a9d12f053de4c37836735c8ff35e0 to remote] DEBUG org.asynchttpclient.netty.request.NettyRequestSender - Using open Channel [id: 0xdb3a4efd, L:/127.0.0.1:51877 - R:localhost/127.0.0.1:52252] for POST '/session/b12a9d12f053de4c37836735c8ff35e0/element/6ed5233b-f96b-4bce-b371-6c71c128b5fe/value'
18:12:57.073 [AsyncHttpClient-1-16] DEBUG org.asynchttpclient.netty.handler.HttpHandler - 

Request DefaultHttpRequest(decodeResult: success, version: HTTP/1.1)
POST /session/b12a9d12f053de4c37836735c8ff35e0/element/6ed5233b-f96b-4bce-b371-6c71c128b5fe/value HTTP/1.1
User-Agent: selenium/4.1.2 (java windows)
Content-Length: 241
Content-Type: application/json; charset=utf-8
host: localhost:52252
accept: */*

Response DefaultHttpResponse(decodeResult: success, version: HTTP/1.1)
HTTP/1.1 200 OK
Content-Type: application/json; charset=utf-8
cache-control: no-cache
content-length: 14

18:12:57.074 [AsyncHttpClient-1-16] DEBUG org.asynchttpclient.netty.channel.ChannelManager - Adding key: http://localhost:52252 for channel [id: 0xdb3a4efd, L:/127.0.0.1:51877 - R:localhost/127.0.0.1:52252]
18:12:57.079 [Forwarding findElement on session b12a9d12f053de4c37836735c8ff35e0 to remote] DEBUG org.asynchttpclient.netty.request.NettyRequestSender - Using pooled Channel '[id: 0xdb3a4efd, L:/127.0.0.1:51877 - R:localhost/127.0.0.1:52252]' for 'POST' to 'http://localhost:52252/session/b12a9d12f053de4c37836735c8ff35e0/element'
18:12:57.079 [Forwarding findElement on session b12a9d12f053de4c37836735c8ff35e0 to remote] DEBUG org.asynchttpclient.netty.request.NettyRequestSender - Using open Channel [id: 0xdb3a4efd, L:/127.0.0.1:51877 - R:localhost/127.0.0.1:52252] for POST '/session/b12a9d12f053de4c37836735c8ff35e0/element'
18:12:57.090 [AsyncHttpClient-1-16] DEBUG org.asynchttpclient.netty.handler.HttpHandler - 

Request DefaultHttpRequest(decodeResult: success, version: HTTP/1.1)
POST /session/b12a9d12f053de4c37836735c8ff35e0/element HTTP/1.1
User-Agent: selenium/4.1.2 (java windows)
Content-Length: 55
Content-Type: application/json; charset=utf-8
host: localhost:52252
accept: */*

Response DefaultHttpResponse(decodeResult: success, version: HTTP/1.1)
HTTP/1.1 200 OK
Content-Type: application/json; charset=utf-8
cache-control: no-cache
content-length: 88

18:12:57.091 [AsyncHttpClient-1-16] DEBUG org.asynchttpclient.netty.channel.ChannelManager - Adding key: http://localhost:52252 for channel [id: 0xdb3a4efd, L:/127.0.0.1:51877 - R:localhost/127.0.0.1:52252]
18:12:57.092 [Forwarding clearElement on session b12a9d12f053de4c37836735c8ff35e0 to remote] DEBUG org.asynchttpclient.netty.request.NettyRequestSender - Using pooled Channel '[id: 0xdb3a4efd, L:/127.0.0.1:51877 - R:localhost/127.0.0.1:52252]' for 'POST' to 'http://localhost:52252/session/b12a9d12f053de4c37836735c8ff35e0/element/07317d0b-b882-4d4c-b4a5-30a45ccd7c31/clear'
18:12:57.092 [Forwarding clearElement on session b12a9d12f053de4c37836735c8ff35e0 to remote] DEBUG org.asynchttpclient.netty.request.NettyRequestSender - Using open Channel [id: 0xdb3a4efd, L:/127.0.0.1:51877 - R:localhost/127.0.0.1:52252] for POST '/session/b12a9d12f053de4c37836735c8ff35e0/element/07317d0b-b882-4d4c-b4a5-30a45ccd7c31/clear'
18:12:57.120 [AsyncHttpClient-1-16] DEBUG org.asynchttpclient.netty.handler.HttpHandler - 

Request DefaultHttpRequest(decodeResult: success, version: HTTP/1.1)
POST /session/b12a9d12f053de4c37836735c8ff35e0/element/07317d0b-b882-4d4c-b4a5-30a45ccd7c31/clear HTTP/1.1
User-Agent: selenium/4.1.2 (java windows)
Content-Length: 50
Content-Type: application/json; charset=utf-8
host: localhost:52252
accept: */*

Response DefaultHttpResponse(decodeResult: success, version: HTTP/1.1)
HTTP/1.1 200 OK
Content-Type: application/json; charset=utf-8
cache-control: no-cache
content-length: 14

18:12:57.120 [AsyncHttpClient-1-16] DEBUG org.asynchttpclient.netty.channel.ChannelManager - Adding key: http://localhost:52252 for channel [id: 0xdb3a4efd, L:/127.0.0.1:51877 - R:localhost/127.0.0.1:52252]
18:12:57.123 [Forwarding sendKeysToElement on session b12a9d12f053de4c37836735c8ff35e0 to remote] DEBUG org.asynchttpclient.netty.request.NettyRequestSender - Using pooled Channel '[id: 0xdb3a4efd, L:/127.0.0.1:51877 - R:localhost/127.0.0.1:52252]' for 'POST' to 'http://localhost:52252/session/b12a9d12f053de4c37836735c8ff35e0/element/07317d0b-b882-4d4c-b4a5-30a45ccd7c31/value'
18:12:57.123 [Forwarding sendKeysToElement on session b12a9d12f053de4c37836735c8ff35e0 to remote] DEBUG org.asynchttpclient.netty.request.NettyRequestSender - Using open Channel [id: 0xdb3a4efd, L:/127.0.0.1:51877 - R:localhost/127.0.0.1:52252] for POST '/session/b12a9d12f053de4c37836735c8ff35e0/element/07317d0b-b882-4d4c-b4a5-30a45ccd7c31/value'
18:12:57.176 [AsyncHttpClient-1-1] DEBUG org.asynchttpclient.netty.channel.DefaultChannelPool - Entry count for : http://localhost:51878 : 1
18:12:57.193 [AsyncHttpClient-1-16] DEBUG org.asynchttpclient.netty.handler.HttpHandler - 

Request DefaultHttpRequest(decodeResult: success, version: HTTP/1.1)
POST /session/b12a9d12f053de4c37836735c8ff35e0/element/07317d0b-b882-4d4c-b4a5-30a45ccd7c31/value HTTP/1.1
User-Agent: selenium/4.1.2 (java windows)
Content-Length: 141
Content-Type: application/json; charset=utf-8
host: localhost:52252
accept: */*

Response DefaultHttpResponse(decodeResult: success, version: HTTP/1.1)
HTTP/1.1 200 OK
Content-Type: application/json; charset=utf-8
cache-control: no-cache
content-length: 14

18:12:57.194 [AsyncHttpClient-1-16] DEBUG org.asynchttpclient.netty.channel.ChannelManager - Adding key: http://localhost:52252 for channel [id: 0xdb3a4efd, L:/127.0.0.1:51877 - R:localhost/127.0.0.1:52252]
18:12:57.199 [Forwarding findElement on session b12a9d12f053de4c37836735c8ff35e0 to remote] DEBUG org.asynchttpclient.netty.request.NettyRequestSender - Using pooled Channel '[id: 0xdb3a4efd, L:/127.0.0.1:51877 - R:localhost/127.0.0.1:52252]' for 'POST' to 'http://localhost:52252/session/b12a9d12f053de4c37836735c8ff35e0/element'
18:12:57.199 [Forwarding findElement on session b12a9d12f053de4c37836735c8ff35e0 to remote] DEBUG org.asynchttpclient.netty.request.NettyRequestSender - Using open Channel [id: 0xdb3a4efd, L:/127.0.0.1:51877 - R:localhost/127.0.0.1:52252] for POST '/session/b12a9d12f053de4c37836735c8ff35e0/element'
18:12:57.212 [AsyncHttpClient-1-16] DEBUG org.asynchttpclient.netty.handler.HttpHandler - 

Request DefaultHttpRequest(decodeResult: success, version: HTTP/1.1)
POST /session/b12a9d12f053de4c37836735c8ff35e0/element HTTP/1.1
User-Agent: selenium/4.1.2 (java windows)
Content-Length: 143
Content-Type: application/json; charset=utf-8
host: localhost:52252
accept: */*

Response DefaultHttpResponse(decodeResult: success, version: HTTP/1.1)
HTTP/1.1 200 OK
Content-Type: application/json; charset=utf-8
cache-control: no-cache
content-length: 88

18:12:57.212 [AsyncHttpClient-1-16] DEBUG org.asynchttpclient.netty.channel.ChannelManager - Adding key: http://localhost:52252 for channel [id: 0xdb3a4efd, L:/127.0.0.1:51877 - R:localhost/127.0.0.1:52252]
18:12:57.213 [Forwarding getElementTagName on session b12a9d12f053de4c37836735c8ff35e0 to remote] DEBUG org.asynchttpclient.netty.request.NettyRequestSender - Using pooled Channel '[id: 0xdb3a4efd, L:/127.0.0.1:51877 - R:localhost/127.0.0.1:52252]' for 'GET' to 'http://localhost:52252/session/b12a9d12f053de4c37836735c8ff35e0/element/c112ee09-03ed-43f4-8ccb-9be452fd8873/name'
18:12:57.213 [Forwarding getElementTagName on session b12a9d12f053de4c37836735c8ff35e0 to remote] DEBUG org.asynchttpclient.netty.request.NettyRequestSender - Using open Channel [id: 0xdb3a4efd, L:/127.0.0.1:51877 - R:localhost/127.0.0.1:52252] for GET '/session/b12a9d12f053de4c37836735c8ff35e0/element/c112ee09-03ed-43f4-8ccb-9be452fd8873/name'
18:12:57.217 [AsyncHttpClient-1-16] DEBUG org.asynchttpclient.netty.handler.HttpHandler - 

Request DefaultFullHttpRequest(decodeResult: success, version: HTTP/1.1, content: EmptyByteBufBE)
GET /session/b12a9d12f053de4c37836735c8ff35e0/element/c112ee09-03ed-43f4-8ccb-9be452fd8873/name HTTP/1.1
User-Agent: selenium/4.1.2 (java windows)
Cache-Control: no-cache
Content-Type: application/json; charset=utf-8
host: localhost:52252
accept: */*

Response DefaultHttpResponse(decodeResult: success, version: HTTP/1.1)
HTTP/1.1 200 OK
Content-Type: application/json; charset=utf-8
cache-control: no-cache
content-length: 18

18:12:57.217 [AsyncHttpClient-1-16] DEBUG org.asynchttpclient.netty.channel.ChannelManager - Adding key: http://localhost:52252 for channel [id: 0xdb3a4efd, L:/127.0.0.1:51877 - R:localhost/127.0.0.1:52252]
18:12:57.220 [Forwarding getElementTagName on session b12a9d12f053de4c37836735c8ff35e0 to remote] DEBUG org.asynchttpclient.netty.request.NettyRequestSender - Using pooled Channel '[id: 0xdb3a4efd, L:/127.0.0.1:51877 - R:localhost/127.0.0.1:52252]' for 'GET' to 'http://localhost:52252/session/b12a9d12f053de4c37836735c8ff35e0/element/c112ee09-03ed-43f4-8ccb-9be452fd8873/name'
18:12:57.220 [Forwarding getElementTagName on session b12a9d12f053de4c37836735c8ff35e0 to remote] DEBUG org.asynchttpclient.netty.request.NettyRequestSender - Using open Channel [id: 0xdb3a4efd, L:/127.0.0.1:51877 - R:localhost/127.0.0.1:52252] for GET '/session/b12a9d12f053de4c37836735c8ff35e0/element/c112ee09-03ed-43f4-8ccb-9be452fd8873/name'
18:12:57.225 [AsyncHttpClient-1-16] DEBUG org.asynchttpclient.netty.handler.HttpHandler - 

Request DefaultFullHttpRequest(decodeResult: success, version: HTTP/1.1, content: EmptyByteBufBE)
GET /session/b12a9d12f053de4c37836735c8ff35e0/element/c112ee09-03ed-43f4-8ccb-9be452fd8873/name HTTP/1.1
User-Agent: selenium/4.1.2 (java windows)
Cache-Control: no-cache
Content-Type: application/json; charset=utf-8
host: localhost:52252
accept: */*

Response DefaultHttpResponse(decodeResult: success, version: HTTP/1.1)
HTTP/1.1 200 OK
Content-Type: application/json; charset=utf-8
cache-control: no-cache
content-length: 18

18:12:57.225 [AsyncHttpClient-1-16] DEBUG org.asynchttpclient.netty.channel.ChannelManager - Adding key: http://localhost:52252 for channel [id: 0xdb3a4efd, L:/127.0.0.1:51877 - R:localhost/127.0.0.1:52252]
18:12:57.227 [Forwarding isElementEnabled on session b12a9d12f053de4c37836735c8ff35e0 to remote] DEBUG org.asynchttpclient.netty.request.NettyRequestSender - Using pooled Channel '[id: 0xdb3a4efd, L:/127.0.0.1:51877 - R:localhost/127.0.0.1:52252]' for 'GET' to 'http://localhost:52252/session/b12a9d12f053de4c37836735c8ff35e0/element/c112ee09-03ed-43f4-8ccb-9be452fd8873/enabled'
18:12:57.227 [Forwarding isElementEnabled on session b12a9d12f053de4c37836735c8ff35e0 to remote] DEBUG org.asynchttpclient.netty.request.NettyRequestSender - Using open Channel [id: 0xdb3a4efd, L:/127.0.0.1:51877 - R:localhost/127.0.0.1:52252] for GET '/session/b12a9d12f053de4c37836735c8ff35e0/element/c112ee09-03ed-43f4-8ccb-9be452fd8873/enabled'
18:12:57.234 [AsyncHttpClient-1-16] DEBUG org.asynchttpclient.netty.handler.HttpHandler - 

Request DefaultFullHttpRequest(decodeResult: success, version: HTTP/1.1, content: EmptyByteBufBE)
GET /session/b12a9d12f053de4c37836735c8ff35e0/element/c112ee09-03ed-43f4-8ccb-9be452fd8873/enabled HTTP/1.1
User-Agent: selenium/4.1.2 (java windows)
Cache-Control: no-cache
Content-Type: application/json; charset=utf-8
host: localhost:52252
accept: */*

Response DefaultHttpResponse(decodeResult: success, version: HTTP/1.1)
HTTP/1.1 200 OK
Content-Type: application/json; charset=utf-8
cache-control: no-cache
content-length: 14

18:12:57.234 [AsyncHttpClient-1-16] DEBUG org.asynchttpclient.netty.channel.ChannelManager - Adding key: http://localhost:52252 for channel [id: 0xdb3a4efd, L:/127.0.0.1:51877 - R:localhost/127.0.0.1:52252]
18:12:57.236 [Forwarding isElementEnabled on session b12a9d12f053de4c37836735c8ff35e0 to remote] DEBUG org.asynchttpclient.netty.request.NettyRequestSender - Using pooled Channel '[id: 0xdb3a4efd, L:/127.0.0.1:51877 - R:localhost/127.0.0.1:52252]' for 'GET' to 'http://localhost:52252/session/b12a9d12f053de4c37836735c8ff35e0/element/c112ee09-03ed-43f4-8ccb-9be452fd8873/enabled'
18:12:57.237 [Forwarding isElementEnabled on session b12a9d12f053de4c37836735c8ff35e0 to remote] DEBUG org.asynchttpclient.netty.request.NettyRequestSender - Using open Channel [id: 0xdb3a4efd, L:/127.0.0.1:51877 - R:localhost/127.0.0.1:52252] for GET '/session/b12a9d12f053de4c37836735c8ff35e0/element/c112ee09-03ed-43f4-8ccb-9be452fd8873/enabled'
18:12:57.243 [AsyncHttpClient-1-16] DEBUG org.asynchttpclient.netty.handler.HttpHandler - 

Request DefaultFullHttpRequest(decodeResult: success, version: HTTP/1.1, content: EmptyByteBufBE)
GET /session/b12a9d12f053de4c37836735c8ff35e0/element/c112ee09-03ed-43f4-8ccb-9be452fd8873/enabled HTTP/1.1
User-Agent: selenium/4.1.2 (java windows)
Cache-Control: no-cache
Content-Type: application/json; charset=utf-8
host: localhost:52252
accept: */*

Response DefaultHttpResponse(decodeResult: success, version: HTTP/1.1)
HTTP/1.1 200 OK
Content-Type: application/json; charset=utf-8
cache-control: no-cache
content-length: 14

18:12:57.243 [AsyncHttpClient-1-16] DEBUG org.asynchttpclient.netty.channel.ChannelManager - Adding key: http://localhost:52252 for channel [id: 0xdb3a4efd, L:/127.0.0.1:51877 - R:localhost/127.0.0.1:52252]
18:12:57.245 [Forwarding findElement on session b12a9d12f053de4c37836735c8ff35e0 to remote] DEBUG org.asynchttpclient.netty.request.NettyRequestSender - Using pooled Channel '[id: 0xdb3a4efd, L:/127.0.0.1:51877 - R:localhost/127.0.0.1:52252]' for 'POST' to 'http://localhost:52252/session/b12a9d12f053de4c37836735c8ff35e0/element'
18:12:57.245 [Forwarding findElement on session b12a9d12f053de4c37836735c8ff35e0 to remote] DEBUG org.asynchttpclient.netty.request.NettyRequestSender - Using open Channel [id: 0xdb3a4efd, L:/127.0.0.1:51877 - R:localhost/127.0.0.1:52252] for POST '/session/b12a9d12f053de4c37836735c8ff35e0/element'
18:12:57.250 [AsyncHttpClient-1-16] DEBUG org.asynchttpclient.netty.handler.HttpHandler - 

Request DefaultHttpRequest(decodeResult: success, version: HTTP/1.1)
POST /session/b12a9d12f053de4c37836735c8ff35e0/element HTTP/1.1
User-Agent: selenium/4.1.2 (java windows)
Content-Length: 143
Content-Type: application/json; charset=utf-8
host: localhost:52252
accept: */*

Response DefaultHttpResponse(decodeResult: success, version: HTTP/1.1)
HTTP/1.1 200 OK
Content-Type: application/json; charset=utf-8
cache-control: no-cache
content-length: 88

18:12:57.251 [AsyncHttpClient-1-16] DEBUG org.asynchttpclient.netty.channel.ChannelManager - Adding key: http://localhost:52252 for channel [id: 0xdb3a4efd, L:/127.0.0.1:51877 - R:localhost/127.0.0.1:52252]
18:12:57.252 [Forwarding clickElement on session b12a9d12f053de4c37836735c8ff35e0 to remote] DEBUG org.asynchttpclient.netty.request.NettyRequestSender - Using pooled Channel '[id: 0xdb3a4efd, L:/127.0.0.1:51877 - R:localhost/127.0.0.1:52252]' for 'POST' to 'http://localhost:52252/session/b12a9d12f053de4c37836735c8ff35e0/element/c112ee09-03ed-43f4-8ccb-9be452fd8873/click'
18:12:57.252 [Forwarding clickElement on session b12a9d12f053de4c37836735c8ff35e0 to remote] DEBUG org.asynchttpclient.netty.request.NettyRequestSender - Using open Channel [id: 0xdb3a4efd, L:/127.0.0.1:51877 - R:localhost/127.0.0.1:52252] for POST '/session/b12a9d12f053de4c37836735c8ff35e0/element/c112ee09-03ed-43f4-8ccb-9be452fd8873/click'
18:12:57.292 [AsyncHttpClient-1-16] DEBUG org.asynchttpclient.netty.handler.HttpHandler - 

Request DefaultHttpRequest(decodeResult: success, version: HTTP/1.1)
POST /session/b12a9d12f053de4c37836735c8ff35e0/element/c112ee09-03ed-43f4-8ccb-9be452fd8873/click HTTP/1.1
User-Agent: selenium/4.1.2 (java windows)
Content-Length: 50
Content-Type: application/json; charset=utf-8
host: localhost:52252
accept: */*

Response DefaultHttpResponse(decodeResult: success, version: HTTP/1.1)
HTTP/1.1 200 OK
Content-Type: application/json; charset=utf-8
cache-control: no-cache
content-length: 14

18:12:57.292 [AsyncHttpClient-1-16] DEBUG org.asynchttpclient.netty.channel.ChannelManager - Adding key: http://localhost:52252 for channel [id: 0xdb3a4efd, L:/127.0.0.1:51877 - R:localhost/127.0.0.1:52252]
18:12:57.297 [Forwarding screenshot on session b12a9d12f053de4c37836735c8ff35e0 to remote] DEBUG org.asynchttpclient.netty.request.NettyRequestSender - Using pooled Channel '[id: 0xdb3a4efd, L:/127.0.0.1:51877 - R:localhost/127.0.0.1:52252]' for 'GET' to 'http://localhost:52252/session/b12a9d12f053de4c37836735c8ff35e0/screenshot'
18:12:57.297 [Forwarding screenshot on session b12a9d12f053de4c37836735c8ff35e0 to remote] DEBUG org.asynchttpclient.netty.request.NettyRequestSender - Using open Channel [id: 0xdb3a4efd, L:/127.0.0.1:51877 - R:localhost/127.0.0.1:52252] for GET '/session/b12a9d12f053de4c37836735c8ff35e0/screenshot'
18:12:57.433 [AsyncHttpClient-1-16] DEBUG org.asynchttpclient.netty.handler.HttpHandler - 

Request DefaultFullHttpRequest(decodeResult: success, version: HTTP/1.1, content: EmptyByteBufBE)
GET /session/b12a9d12f053de4c37836735c8ff35e0/screenshot HTTP/1.1
User-Agent: selenium/4.1.2 (java windows)
Cache-Control: no-cache
Content-Type: application/json; charset=utf-8
host: localhost:52252
accept: */*

Response DefaultHttpResponse(decodeResult: success, version: HTTP/1.1)
HTTP/1.1 200 OK
Content-Type: application/json; charset=utf-8
cache-control: no-cache
content-length: 29912

18:12:57.434 [AsyncHttpClient-1-16] DEBUG org.asynchttpclient.netty.channel.ChannelManager - Adding key: http://localhost:52252 for channel [id: 0xdb3a4efd, L:/127.0.0.1:51877 - R:localhost/127.0.0.1:52252]
18:12:57.435 [main] DEBUG net.serenitybdd.core.photography.Darkroom - Send negative for processing for target\site\serenity\54c15d0bcdc67f96ce06ab7c2d910d6c0f42a6421071bcb557bc6fe0b327444a.png
18:12:57.435 [main] DEBUG net.thucydides.core.steps.StepInterceptor - STEP DONE: iWillLogin
18:12:57.436 [Darkroom Processing Line] DEBUG net.serenitybdd.core.photography.DarkroomProcessingLine - Processing screenshot image in /var/screenshots/screenshot-5972128478904432446
18:12:57.436 [Darkroom Processing Line] DEBUG net.serenitybdd.core.photography.DarkroomProcessingLine - Saving screenshot to target\site\serenity\54c15d0bcdc67f96ce06ab7c2d910d6c0f42a6421071bcb557bc6fe0b327444a.png
18:12:57.442 [main] DEBUG net.thucydides.core.steps.StepInterceptor - STARTING STEP: LogoutStep.iLogin - iAmOnTheHomePage
18:12:57.443 [Forwarding get on session b12a9d12f053de4c37836735c8ff35e0 to remote] DEBUG org.asynchttpclient.netty.request.NettyRequestSender - Using pooled Channel '[id: 0xdb3a4efd, L:/127.0.0.1:51877 - R:localhost/127.0.0.1:52252]' for 'POST' to 'http://localhost:52252/session/b12a9d12f053de4c37836735c8ff35e0/url'
18:12:57.443 [Forwarding get on session b12a9d12f053de4c37836735c8ff35e0 to remote] DEBUG org.asynchttpclient.netty.request.NettyRequestSender - Using open Channel [id: 0xdb3a4efd, L:/127.0.0.1:51877 - R:localhost/127.0.0.1:52252] for POST '/session/b12a9d12f053de4c37836735c8ff35e0/url'
18:12:57.615 [AsyncHttpClient-1-16] DEBUG org.asynchttpclient.netty.handler.HttpHandler - 

Request DefaultHttpRequest(decodeResult: success, version: HTTP/1.1)
POST /session/b12a9d12f053de4c37836735c8ff35e0/url HTTP/1.1
User-Agent: selenium/4.1.2 (java windows)
Content-Length: 59
Content-Type: application/json; charset=utf-8
host: localhost:52252
accept: */*

Response DefaultHttpResponse(decodeResult: success, version: HTTP/1.1)
HTTP/1.1 200 OK
Content-Type: application/json; charset=utf-8
cache-control: no-cache
content-length: 14

18:12:57.615 [AsyncHttpClient-1-16] DEBUG org.asynchttpclient.netty.channel.ChannelManager - Adding key: http://localhost:52252 for channel [id: 0xdb3a4efd, L:/127.0.0.1:51877 - R:localhost/127.0.0.1:52252]
18:12:57.622 [Forwarding getCurrentUrl on session b12a9d12f053de4c37836735c8ff35e0 to remote] DEBUG org.asynchttpclient.netty.request.NettyRequestSender - Using pooled Channel '[id: 0xdb3a4efd, L:/127.0.0.1:51877 - R:localhost/127.0.0.1:52252]' for 'GET' to 'http://localhost:52252/session/b12a9d12f053de4c37836735c8ff35e0/url'
18:12:57.623 [Forwarding getCurrentUrl on session b12a9d12f053de4c37836735c8ff35e0 to remote] DEBUG org.asynchttpclient.netty.request.NettyRequestSender - Using open Channel [id: 0xdb3a4efd, L:/127.0.0.1:51877 - R:localhost/127.0.0.1:52252] for GET '/session/b12a9d12f053de4c37836735c8ff35e0/url'
18:12:57.628 [AsyncHttpClient-1-16] DEBUG org.asynchttpclient.netty.handler.HttpHandler - 

Request DefaultFullHttpRequest(decodeResult: success, version: HTTP/1.1, content: EmptyByteBufBE)
GET /session/b12a9d12f053de4c37836735c8ff35e0/url HTTP/1.1
User-Agent: selenium/4.1.2 (java windows)
Cache-Control: no-cache
Content-Type: application/json; charset=utf-8
host: localhost:52252
accept: */*

Response DefaultHttpResponse(decodeResult: success, version: HTTP/1.1)
HTTP/1.1 200 OK
Content-Type: application/json; charset=utf-8
cache-control: no-cache
content-length: 41

18:12:57.628 [AsyncHttpClient-1-16] DEBUG org.asynchttpclient.netty.channel.ChannelManager - Adding key: http://localhost:52252 for channel [id: 0xdb3a4efd, L:/127.0.0.1:51877 - R:localhost/127.0.0.1:52252]
18:12:57.634 [Forwarding screenshot on session b12a9d12f053de4c37836735c8ff35e0 to remote] DEBUG org.asynchttpclient.netty.request.NettyRequestSender - Using pooled Channel '[id: 0xdb3a4efd, L:/127.0.0.1:51877 - R:localhost/127.0.0.1:52252]' for 'GET' to 'http://localhost:52252/session/b12a9d12f053de4c37836735c8ff35e0/screenshot'
18:12:57.634 [Forwarding screenshot on session b12a9d12f053de4c37836735c8ff35e0 to remote] DEBUG org.asynchttpclient.netty.request.NettyRequestSender - Using open Channel [id: 0xdb3a4efd, L:/127.0.0.1:51877 - R:localhost/127.0.0.1:52252] for GET '/session/b12a9d12f053de4c37836735c8ff35e0/screenshot'
18:12:57.805 [AsyncHttpClient-1-16] DEBUG org.asynchttpclient.netty.handler.HttpHandler - 

Request DefaultFullHttpRequest(decodeResult: success, version: HTTP/1.1, content: EmptyByteBufBE)
GET /session/b12a9d12f053de4c37836735c8ff35e0/screenshot HTTP/1.1
User-Agent: selenium/4.1.2 (java windows)
Cache-Control: no-cache
Content-Type: application/json; charset=utf-8
host: localhost:52252
accept: */*

Response DefaultHttpResponse(decodeResult: success, version: HTTP/1.1)
HTTP/1.1 200 OK
Content-Type: application/json; charset=utf-8
cache-control: no-cache
content-length: 24704

18:12:57.806 [AsyncHttpClient-1-16] DEBUG org.asynchttpclient.netty.channel.ChannelManager - Adding key: http://localhost:52252 for channel [id: 0xdb3a4efd, L:/127.0.0.1:51877 - R:localhost/127.0.0.1:52252]
18:12:57.807 [main] DEBUG net.serenitybdd.core.photography.Darkroom - Send negative for processing for target\site\serenity\fafbe6254c6deb2890b6c136e6476518842b10307c6d948ca2ff03d1c1220b80.png
18:12:57.807 [main] DEBUG net.thucydides.core.steps.StepInterceptor - STEP DONE: iAmOnTheHomePage
  &amp#27;[32mAnd &amp#27;[0m&amp#27;[32mI login&amp#27;[0m                       &amp#27;[90m# starter.stepdefinitions.LogoutStep.iLogin()&amp#27;[0m
18:12:57.807 [Darkroom Processing Line] DEBUG net.serenitybdd.core.photography.DarkroomProcessingLine - Processing screenshot image in /var/screenshots/screenshot-7207473224077525541
18:12:57.807 [Darkroom Processing Line] DEBUG net.serenitybdd.core.photography.DarkroomProcessingLine - Saving screenshot to target\site\serenity\fafbe6254c6deb2890b6c136e6476518842b10307c6d948ca2ff03d1c1220b80.png
18:12:57.815 [Forwarding findElement on session b12a9d12f053de4c37836735c8ff35e0 to remote] DEBUG org.asynchttpclient.netty.request.NettyRequestSender - Using pooled Channel '[id: 0xdb3a4efd, L:/127.0.0.1:51877 - R:localhost/127.0.0.1:52252]' for 'POST' to 'http://localhost:52252/session/b12a9d12f053de4c37836735c8ff35e0/element'
18:12:57.815 [Forwarding findElement on session b12a9d12f053de4c37836735c8ff35e0 to remote] DEBUG org.asynchttpclient.netty.request.NettyRequestSender - Using open Channel [id: 0xdb3a4efd, L:/127.0.0.1:51877 - R:localhost/127.0.0.1:52252] for POST '/session/b12a9d12f053de4c37836735c8ff35e0/element'
18:12:57.827 [AsyncHttpClient-1-16] DEBUG org.asynchttpclient.netty.handler.HttpHandler - 

Request DefaultHttpRequest(decodeResult: success, version: HTTP/1.1)
POST /session/b12a9d12f053de4c37836735c8ff35e0/element HTTP/1.1
User-Agent: selenium/4.1.2 (java windows)
Content-Length: 128
Content-Type: application/json; charset=utf-8
host: localhost:52252
accept: */*

Response DefaultHttpResponse(decodeResult: success, version: HTTP/1.1)
HTTP/1.1 200 OK
Content-Type: application/json; charset=utf-8
cache-control: no-cache
content-length: 88

18:12:57.827 [AsyncHttpClient-1-16] DEBUG org.asynchttpclient.netty.channel.ChannelManager - Adding key: http://localhost:52252 for channel [id: 0xdb3a4efd, L:/127.0.0.1:51877 - R:localhost/127.0.0.1:52252]
18:12:57.828 [Forwarding getElementTagName on session b12a9d12f053de4c37836735c8ff35e0 to remote] DEBUG org.asynchttpclient.netty.request.NettyRequestSender - Using pooled Channel '[id: 0xdb3a4efd, L:/127.0.0.1:51877 - R:localhost/127.0.0.1:52252]' for 'GET' to 'http://localhost:52252/session/b12a9d12f053de4c37836735c8ff35e0/element/49acdc7b-577f-458d-89f3-fc7ec5b5e29a/name'
18:12:57.828 [Forwarding getElementTagName on session b12a9d12f053de4c37836735c8ff35e0 to remote] DEBUG org.asynchttpclient.netty.request.NettyRequestSender - Using open Channel [id: 0xdb3a4efd, L:/127.0.0.1:51877 - R:localhost/127.0.0.1:52252] for GET '/session/b12a9d12f053de4c37836735c8ff35e0/element/49acdc7b-577f-458d-89f3-fc7ec5b5e29a/name'
18:12:57.832 [AsyncHttpClient-1-16] DEBUG org.asynchttpclient.netty.handler.HttpHandler - 

Request DefaultFullHttpRequest(decodeResult: success, version: HTTP/1.1, content: EmptyByteBufBE)
GET /session/b12a9d12f053de4c37836735c8ff35e0/element/49acdc7b-577f-458d-89f3-fc7ec5b5e29a/name HTTP/1.1
User-Agent: selenium/4.1.2 (java windows)
Cache-Control: no-cache
Content-Type: application/json; charset=utf-8
host: localhost:52252
accept: */*

Response DefaultHttpResponse(decodeResult: success, version: HTTP/1.1)
HTTP/1.1 200 OK
Content-Type: application/json; charset=utf-8
cache-control: no-cache
content-length: 13

18:12:57.832 [AsyncHttpClient-1-16] DEBUG org.asynchttpclient.netty.channel.ChannelManager - Adding key: http://localhost:52252 for channel [id: 0xdb3a4efd, L:/127.0.0.1:51877 - R:localhost/127.0.0.1:52252]
18:12:57.833 [Forwarding getElementTagName on session b12a9d12f053de4c37836735c8ff35e0 to remote] DEBUG org.asynchttpclient.netty.request.NettyRequestSender - Using pooled Channel '[id: 0xdb3a4efd, L:/127.0.0.1:51877 - R:localhost/127.0.0.1:52252]' for 'GET' to 'http://localhost:52252/session/b12a9d12f053de4c37836735c8ff35e0/element/49acdc7b-577f-458d-89f3-fc7ec5b5e29a/name'
18:12:57.833 [Forwarding getElementTagName on session b12a9d12f053de4c37836735c8ff35e0 to remote] DEBUG org.asynchttpclient.netty.request.NettyRequestSender - Using open Channel [id: 0xdb3a4efd, L:/127.0.0.1:51877 - R:localhost/127.0.0.1:52252] for GET '/session/b12a9d12f053de4c37836735c8ff35e0/element/49acdc7b-577f-458d-89f3-fc7ec5b5e29a/name'
18:12:57.835 [AsyncHttpClient-1-16] DEBUG org.asynchttpclient.netty.handler.HttpHandler - 

Request DefaultFullHttpRequest(decodeResult: success, version: HTTP/1.1, content: EmptyByteBufBE)
GET /session/b12a9d12f053de4c37836735c8ff35e0/element/49acdc7b-577f-458d-89f3-fc7ec5b5e29a/name HTTP/1.1
User-Agent: selenium/4.1.2 (java windows)
Cache-Control: no-cache
Content-Type: application/json; charset=utf-8
host: localhost:52252
accept: */*

Response DefaultHttpResponse(decodeResult: success, version: HTTP/1.1)
HTTP/1.1 200 OK
Content-Type: application/json; charset=utf-8
cache-control: no-cache
content-length: 13

18:12:57.835 [AsyncHttpClient-1-16] DEBUG org.asynchttpclient.netty.channel.ChannelManager - Adding key: http://localhost:52252 for channel [id: 0xdb3a4efd, L:/127.0.0.1:51877 - R:localhost/127.0.0.1:52252]
18:12:57.838 [Forwarding findElement on session b12a9d12f053de4c37836735c8ff35e0 to remote] DEBUG org.asynchttpclient.netty.request.NettyRequestSender - Using pooled Channel '[id: 0xdb3a4efd, L:/127.0.0.1:51877 - R:localhost/127.0.0.1:52252]' for 'POST' to 'http://localhost:52252/session/b12a9d12f053de4c37836735c8ff35e0/element'
18:12:57.838 [Forwarding findElement on session b12a9d12f053de4c37836735c8ff35e0 to remote] DEBUG org.asynchttpclient.netty.request.NettyRequestSender - Using open Channel [id: 0xdb3a4efd, L:/127.0.0.1:51877 - R:localhost/127.0.0.1:52252] for POST '/session/b12a9d12f053de4c37836735c8ff35e0/element'
18:12:57.846 [AsyncHttpClient-1-16] DEBUG org.asynchttpclient.netty.handler.HttpHandler - 

Request DefaultHttpRequest(decodeResult: success, version: HTTP/1.1)
POST /session/b12a9d12f053de4c37836735c8ff35e0/element HTTP/1.1
User-Agent: selenium/4.1.2 (java windows)
Content-Length: 128
Content-Type: application/json; charset=utf-8
host: localhost:52252
accept: */*

Response DefaultHttpResponse(decodeResult: success, version: HTTP/1.1)
HTTP/1.1 200 OK
Content-Type: application/json; charset=utf-8
cache-control: no-cache
content-length: 88

18:12:57.846 [AsyncHttpClient-1-16] DEBUG org.asynchttpclient.netty.channel.ChannelManager - Adding key: http://localhost:52252 for channel [id: 0xdb3a4efd, L:/127.0.0.1:51877 - R:localhost/127.0.0.1:52252]
18:12:57.847 [Forwarding clickElement on session b12a9d12f053de4c37836735c8ff35e0 to remote] DEBUG org.asynchttpclient.netty.request.NettyRequestSender - Using pooled Channel '[id: 0xdb3a4efd, L:/127.0.0.1:51877 - R:localhost/127.0.0.1:52252]' for 'POST' to 'http://localhost:52252/session/b12a9d12f053de4c37836735c8ff35e0/element/49acdc7b-577f-458d-89f3-fc7ec5b5e29a/click'
18:12:57.847 [Forwarding clickElement on session b12a9d12f053de4c37836735c8ff35e0 to remote] DEBUG org.asynchttpclient.netty.request.NettyRequestSender - Using open Channel [id: 0xdb3a4efd, L:/127.0.0.1:51877 - R:localhost/127.0.0.1:52252] for POST '/session/b12a9d12f053de4c37836735c8ff35e0/element/49acdc7b-577f-458d-89f3-fc7ec5b5e29a/click'
18:12:57.880 [AsyncHttpClient-1-16] DEBUG org.asynchttpclient.netty.handler.HttpHandler - 

Request DefaultHttpRequest(decodeResult: success, version: HTTP/1.1)
POST /session/b12a9d12f053de4c37836735c8ff35e0/element/49acdc7b-577f-458d-89f3-fc7ec5b5e29a/click HTTP/1.1
User-Agent: selenium/4.1.2 (java windows)
Content-Length: 50
Content-Type: application/json; charset=utf-8
host: localhost:52252
accept: */*

Response DefaultHttpResponse(decodeResult: success, version: HTTP/1.1)
HTTP/1.1 200 OK
Content-Type: application/json; charset=utf-8
cache-control: no-cache
content-length: 14

18:12:57.880 [AsyncHttpClient-1-16] DEBUG org.asynchttpclient.netty.channel.ChannelManager - Adding key: http://localhost:52252 for channel [id: 0xdb3a4efd, L:/127.0.0.1:51877 - R:localhost/127.0.0.1:52252]
  &amp#27;[32mWhen &amp#27;[0m&amp#27;[32mI click button&amp#27;[0m               &amp#27;[90m# starter.stepdefinitions.LogoutStep.iClickButton()&amp#27;[0m
18:12:57.885 [Forwarding screenshot on session b12a9d12f053de4c37836735c8ff35e0 to remote] DEBUG org.asynchttpclient.netty.request.NettyRequestSender - Using pooled Channel '[id: 0xdb3a4efd, L:/127.0.0.1:51877 - R:localhost/127.0.0.1:52252]' for 'GET' to 'http://localhost:52252/session/b12a9d12f053de4c37836735c8ff35e0/screenshot'
18:12:57.885 [Forwarding screenshot on session b12a9d12f053de4c37836735c8ff35e0 to remote] DEBUG org.asynchttpclient.netty.request.NettyRequestSender - Using open Channel [id: 0xdb3a4efd, L:/127.0.0.1:51877 - R:localhost/127.0.0.1:52252] for GET '/session/b12a9d12f053de4c37836735c8ff35e0/screenshot'
18:12:58.069 [AsyncHttpClient-1-16] DEBUG org.asynchttpclient.netty.handler.HttpHandler - 

Request DefaultFullHttpRequest(decodeResult: success, version: HTTP/1.1, content: EmptyByteBufBE)
GET /session/b12a9d12f053de4c37836735c8ff35e0/screenshot HTTP/1.1
User-Agent: selenium/4.1.2 (java windows)
Cache-Control: no-cache
Content-Type: application/json; charset=utf-8
host: localhost:52252
accept: */*

Response DefaultHttpResponse(decodeResult: success, version: HTTP/1.1)
HTTP/1.1 200 OK
Content-Type: application/json; charset=utf-8
cache-control: no-cache
content-length: 26372

18:12:58.069 [AsyncHttpClient-1-16] DEBUG org.asynchttpclient.netty.channel.ChannelManager - Adding key: http://localhost:52252 for channel [id: 0xdb3a4efd, L:/127.0.0.1:51877 - R:localhost/127.0.0.1:52252]
18:12:58.070 [main] DEBUG net.serenitybdd.core.photography.Darkroom - Send negative for processing for target\site\serenity\50fa9aefe6fb7a736e775f4498131aea2073cc63ff5d418997828cf8fde55e0a.png
18:12:58.071 [Darkroom Processing Line] DEBUG net.serenitybdd.core.photography.DarkroomProcessingLine - Processing screenshot image in /var/screenshots/screenshot-625769088207445420
18:12:58.071 [Darkroom Processing Line] DEBUG net.serenitybdd.core.photography.DarkroomProcessingLine - Saving screenshot to target\site\serenity\50fa9aefe6fb7a736e775f4498131aea2073cc63ff5d418997828cf8fde55e0a.png
18:12:58.077 [main] DEBUG net.thucydides.core.steps.StepInterceptor - STARTING STEP: LogoutStep.iWillGetTheResultLogout - iAmOnTheLoginPage
18:12:58.079 [Forwarding get on session b12a9d12f053de4c37836735c8ff35e0 to remote] DEBUG org.asynchttpclient.netty.request.NettyRequestSender - Using pooled Channel '[id: 0xdb3a4efd, L:/127.0.0.1:51877 - R:localhost/127.0.0.1:52252]' for 'POST' to 'http://localhost:52252/session/b12a9d12f053de4c37836735c8ff35e0/url'
18:12:58.079 [Forwarding get on session b12a9d12f053de4c37836735c8ff35e0 to remote] DEBUG org.asynchttpclient.netty.request.NettyRequestSender - Using open Channel [id: 0xdb3a4efd, L:/127.0.0.1:51877 - R:localhost/127.0.0.1:52252] for POST '/session/b12a9d12f053de4c37836735c8ff35e0/url'
18:12:58.207 [AsyncHttpClient-1-16] DEBUG org.asynchttpclient.netty.handler.HttpHandler - 

Request DefaultHttpRequest(decodeResult: success, version: HTTP/1.1)
POST /session/b12a9d12f053de4c37836735c8ff35e0/url HTTP/1.1
User-Agent: selenium/4.1.2 (java windows)
Content-Length: 74
Content-Type: application/json; charset=utf-8
host: localhost:52252
accept: */*

Response DefaultHttpResponse(decodeResult: success, version: HTTP/1.1)
HTTP/1.1 200 OK
Content-Type: application/json; charset=utf-8
cache-control: no-cache
content-length: 14

18:12:58.207 [AsyncHttpClient-1-16] DEBUG org.asynchttpclient.netty.channel.ChannelManager - Adding key: http://localhost:52252 for channel [id: 0xdb3a4efd, L:/127.0.0.1:51877 - R:localhost/127.0.0.1:52252]
18:12:58.209 [Forwarding getCurrentUrl on session b12a9d12f053de4c37836735c8ff35e0 to remote] DEBUG org.asynchttpclient.netty.request.NettyRequestSender - Using pooled Channel '[id: 0xdb3a4efd, L:/127.0.0.1:51877 - R:localhost/127.0.0.1:52252]' for 'GET' to 'http://localhost:52252/session/b12a9d12f053de4c37836735c8ff35e0/url'
18:12:58.209 [Forwarding getCurrentUrl on session b12a9d12f053de4c37836735c8ff35e0 to remote] DEBUG org.asynchttpclient.netty.request.NettyRequestSender - Using open Channel [id: 0xdb3a4efd, L:/127.0.0.1:51877 - R:localhost/127.0.0.1:52252] for GET '/session/b12a9d12f053de4c37836735c8ff35e0/url'
18:12:58.212 [AsyncHttpClient-1-16] DEBUG org.asynchttpclient.netty.handler.HttpHandler - 

Request DefaultFullHttpRequest(decodeResult: success, version: HTTP/1.1, content: EmptyByteBufBE)
GET /session/b12a9d12f053de4c37836735c8ff35e0/url HTTP/1.1
User-Agent: selenium/4.1.2 (java windows)
Cache-Control: no-cache
Content-Type: application/json; charset=utf-8
host: localhost:52252
accept: */*

Response DefaultHttpResponse(decodeResult: success, version: HTTP/1.1)
HTTP/1.1 200 OK
Content-Type: application/json; charset=utf-8
cache-control: no-cache
content-length: 51

18:12:58.212 [AsyncHttpClient-1-16] DEBUG org.asynchttpclient.netty.channel.ChannelManager - Adding key: http://localhost:52252 for channel [id: 0xdb3a4efd, L:/127.0.0.1:51877 - R:localhost/127.0.0.1:52252]
18:12:58.215 [Forwarding screenshot on session b12a9d12f053de4c37836735c8ff35e0 to remote] DEBUG org.asynchttpclient.netty.request.NettyRequestSender - Using pooled Channel '[id: 0xdb3a4efd, L:/127.0.0.1:51877 - R:localhost/127.0.0.1:52252]' for 'GET' to 'http://localhost:52252/session/b12a9d12f053de4c37836735c8ff35e0/screenshot'
18:12:58.215 [Forwarding screenshot on session b12a9d12f053de4c37836735c8ff35e0 to remote] DEBUG org.asynchttpclient.netty.request.NettyRequestSender - Using open Channel [id: 0xdb3a4efd, L:/127.0.0.1:51877 - R:localhost/127.0.0.1:52252] for GET '/session/b12a9d12f053de4c37836735c8ff35e0/screenshot'
18:12:58.284 [AsyncHttpClient-1-1] DEBUG org.asynchttpclient.netty.channel.DefaultChannelPool - Entry count for : http://localhost:51878 : 1
18:12:58.299 [AsyncHttpClient-1-16] DEBUG org.asynchttpclient.netty.handler.HttpHandler - 

Request DefaultFullHttpRequest(decodeResult: success, version: HTTP/1.1, content: EmptyByteBufBE)
GET /session/b12a9d12f053de4c37836735c8ff35e0/screenshot HTTP/1.1
User-Agent: selenium/4.1.2 (java windows)
Cache-Control: no-cache
Content-Type: application/json; charset=utf-8
host: localhost:52252
accept: */*

Response DefaultHttpResponse(decodeResult: success, version: HTTP/1.1)
HTTP/1.1 200 OK
Content-Type: application/json; charset=utf-8
cache-control: no-cache
content-length: 24528

18:12:58.300 [AsyncHttpClient-1-16] DEBUG org.asynchttpclient.netty.channel.ChannelManager - Adding key: http://localhost:52252 for channel [id: 0xdb3a4efd, L:/127.0.0.1:51877 - R:localhost/127.0.0.1:52252]
18:12:58.301 [main] DEBUG net.serenitybdd.core.photography.Darkroom - Send negative for processing for target\site\serenity\4a081d05db2e6be9b3256b332b844d9c53d5aa88207142e6b6c18ed6759b787c.png
18:12:58.301 [main] DEBUG net.thucydides.core.steps.StepInterceptor - STEP DONE: iAmOnTheLoginPage
  &amp#27;[32mThen &amp#27;[0m&amp#27;[32mI will get the result logout&amp#27;[0m &amp#27;[90m# starter.stepdefinitions.LogoutStep.iWillGetTheResultLogout()&amp#27;[0m
18:12:58.305 [main] INFO  - 
  _____   ___   ___   _____     ___     _     ___   ___   ___   ___  
 |_   _| | __| / __| |_   _|   | _ \   /_\   / __| / __| | __| |   \ 
   | |   | _|  \__ \   | |     |  _/  / _ \  \__ \ \__ \ | _|  | |) |
   |_|   |___| |___/   |_|     |_|   /_/ \_\ |___/ |___/ |___| |___/ 

Logout
----------------------------------------------------------------------
18:12:58.306 [AsyncHttpClient-1-2] DEBUG org.asynchttpclient.netty.handler.WebSocketHandler - Channel Closed: [id: 0x5dd7e358, L:/127.0.0.1:51885 ! R:localhost/127.0.0.1:51878] with attribute NettyResponseFuture{currentRetry=5,
	isDone=1,
	isCancelled=0,
	asyncHandler=org.asynchttpclient.ws.WebSocketUpgradeHandler@5899cbcf,
	nettyRequest=org.asynchttpclient.netty.request.NettyRequest@6d204bfa,
	future=java.util.concurrent.CompletableFuture@6ac6860d[Completed normally],
	uri=ws://localhost:51878/devtools/browser/aa38fdf5-d9db-4fe8-9090-8a18121da846,
	keepAlive=true,
	redirectCount=0,
	timeoutsHolder=null,
	inAuth=0,
	touch=1667041975839}
18:12:58.306 [AsyncHttpClient-1-2] DEBUG org.asynchttpclient.netty.channel.ChannelManager - Closing Channel [id: 0x5dd7e358, L:/127.0.0.1:51885 ! R:localhost/127.0.0.1:51878] 
18:12:58.306 [Driver Command Executor] DEBUG org.asynchttpclient.netty.request.NettyRequestSender - Using pooled Channel '[id: 0xdb3a4efd, L:/127.0.0.1:51877 - R:localhost/127.0.0.1:52252]' for 'DELETE' to 'http://localhost:52252/session/b12a9d12f053de4c37836735c8ff35e0'
18:12:58.306 [Driver Command Executor] DEBUG org.asynchttpclient.netty.request.NettyRequestSender - Using open Channel [id: 0xdb3a4efd, L:/127.0.0.1:51877 - R:localhost/127.0.0.1:52252] for DELETE '/session/b12a9d12f053de4c37836735c8ff35e0'
18:12:58.335 [AsyncHttpClient-1-17] DEBUG org.asynchttpclient.netty.handler.HttpHandler - Unexpected I/O exception on channel [id: 0x643dd3de, L:/127.0.0.1:51884 - R:localhost/127.0.0.1:51878]
java.net.SocketException: Connection reset
	at java.base/sun.nio.ch.SocketChannelImpl.throwConnectionReset(SocketChannelImpl.java:345)
	at java.base/sun.nio.ch.SocketChannelImpl.read(SocketChannelImpl.java:376)
	at io.netty.buffer.PooledByteBuf.setBytes(PooledByteBuf.java:258)
	at io.netty.buffer.AbstractByteBuf.writeBytes(AbstractByteBuf.java:1132)
	at io.netty.channel.socket.nio.NioSocketChannel.doReadBytes(NioSocketChannel.java:350)
	at io.netty.channel.nio.AbstractNioByteChannel$NioByteUnsafe.read(AbstractNioByteChannel.java:151)
	at io.netty.channel.nio.NioEventLoop.processSelectedKey(NioEventLoop.java:722)
	at io.netty.channel.nio.NioEventLoop.processSelectedKeysOptimized(NioEventLoop.java:658)
	at io.netty.channel.nio.NioEventLoop.processSelectedKeys(NioEventLoop.java:584)
	at io.netty.channel.nio.NioEventLoop.run(NioEventLoop.java:496)
	at io.netty.util.concurrent.SingleThreadEventExecutor$4.run(SingleThreadEventExecutor.java:986)
	at io.netty.util.internal.ThreadExecutorMap$2.run(ThreadExecutorMap.java:74)
	at io.netty.util.concurrent.FastThreadLocalRunnable.run(FastThreadLocalRunnable.java:30)
	at java.base/java.lang.Thread.run(Thread.java:830)
18:12:58.335 [AsyncHttpClient-1-17] DEBUG org.asynchttpclient.netty.channel.ChannelManager - Closing Channel [id: 0x643dd3de, L:/127.0.0.1:51884 - R:localhost/127.0.0.1:51878] 
18:12:58.336 [AsyncHttpClient-1-17] DEBUG org.asynchttpclient.netty.handler.HttpHandler - Channel Closed: [id: 0x643dd3de, L:/127.0.0.1:51884 ! R:localhost/127.0.0.1:51878] with attribute DISCARD
18:12:58.346 [AsyncHttpClient-1-16] DEBUG org.asynchttpclient.netty.handler.HttpHandler - 

Request DefaultFullHttpRequest(decodeResult: success, version: HTTP/1.1, content: EmptyByteBufBE)
DELETE /session/b12a9d12f053de4c37836735c8ff35e0 HTTP/1.1
User-Agent: selenium/4.1.2 (java windows)
Content-Type: application/json; charset=utf-8
host: localhost:52252
accept: */*

Response DefaultHttpResponse(decodeResult: success, version: HTTP/1.1)
HTTP/1.1 200 OK
Content-Type: application/json; charset=utf-8
cache-control: no-cache
content-length: 14

18:12:58.346 [AsyncHttpClient-1-16] DEBUG org.asynchttpclient.netty.channel.ChannelManager - Adding key: http://localhost:52252 for channel [id: 0xdb3a4efd, L:/127.0.0.1:51877 - R:localhost/127.0.0.1:52252]
18:12:58.408 [AsyncHttpClient-1-16] DEBUG org.asynchttpclient.netty.handler.HttpHandler - Channel Closed: [id: 0xdb3a4efd, L:/127.0.0.1:51877 ! R:localhost/127.0.0.1:52252] with attribute DISCARD
]]></system-out>
    <system-err><![CDATA[Starting ChromeDriver 105.0.5195.52 (412c95e518836d8a7d97250d62b29c2ae6a26a85-refs/branch-heads/5195@{#853}) on port 52252
Only local connections are allowed.
Please see https://chromedriver.chromium.org/security-considerations for suggestions on keeping ChromeDriver safe.
ChromeDriver was started successfully.
[1667041975.813][WARNING]: This version of ChromeDriver has not been tested with Chrome version 106.
Okt 29, 2022 6:12:55 PM org.openqa.selenium.remote.ProtocolHandshake createSession
INFO: Detected dialect: W3C
Okt 29, 2022 6:12:55 PM org.openqa.selenium.devtools.CdpVersionFinder findNearestMatch
WARNING: Unable to find an exact match for CDP version 106, so returning the closest version found: a no-op implementation
Okt 29, 2022 6:12:55 PM org.openqa.selenium.devtools.CdpVersionFinder findNearestMatch
INFO: Unable to find CDP implementation matching 106.
Okt 29, 2022 6:12:55 PM org.openqa.selenium.chromium.ChromiumDriver lambda$new$3
WARNING: Unable to find version of CDP to use for . You may need to include a dependency on a specific version of the CDP using something similar to `org.seleniumhq.selenium:selenium-devtools-v86:4.1.2` where the version ("v86") matches the version of the chromium-based browser you're using and the version number of the artifact is the same as Selenium's.
]]></system-err>
  </testcase>
  <testcase name="Order product" classname="Order" time="6.636">
    <system-out><![CDATA[18:12:58.939 [main] INFO io.cucumber.core.plugin.SerenityReporter - Running feature from file:///C:/Users/alwi/IdeaProjects/AltaShop/src/test/resources/features/Order.feature
18:12:58.942 [main] DEBUG net.thucydides.core.steps.StepEventBus - Test suite started for story net.thucydides.core.model.Story@cc4b76a8
18:12:58.943 [main] INFO  - Test Suite Started: Order

Scenario: Order product             &amp#27;[90m# src/test/resources/features/Order.feature:6&amp#27;[0m
18:12:58.959 [main] INFO io.cucumber.core.plugin.SerenityReporter - Running feature from file:///C:/Users/alwi/IdeaProjects/AltaShop/src/test/resources/features/Order.feature
18:12:58.961 [main] INFO  - 
  _____   ___   ___   _____     ___   _____     _     ___   _____   ___   ___  
 |_   _| | __| / __| |_   _|   / __| |_   _|   /_\   | _ \ |_   _| | __| |   \ 
   | |   | _|  \__ \   | |     \__ \   | |    / _ \  |   /   | |   | _|  | |) |
   |_|   |___| |___/   |_|     |___/   |_|   /_/ \_\ |_|_\   |_|   |___| |___/ 

Order product(order;order-product)
--------------------------------------------------------------------------------
18:12:58.983 [main] INFO net.serenitybdd.core.webdriver.driverproviders.ChromeDriverProvider - Using automatically driver download
18:12:59.112 [main] DEBUG io.github.bonigarcia.wdm.cache.ResolutionCache - Resolution chrome=106 in cache (valid until 18:14:56 29/10/2022 WIB)
18:12:59.116 [main] DEBUG io.github.bonigarcia.wdm.cache.ResolutionCache - Resolution chrome106=106.0.5249.61 in cache (valid until 19:30:28 29/10/2022 WIB)
18:12:59.118 [main] INFO io.github.bonigarcia.wdm.WebDriverManager - Using chromedriver 106.0.5249.61 (resolved driver for Chrome 106)
18:12:59.146 [main] DEBUG io.github.bonigarcia.wdm.WebDriverManager - Driver chromedriver 106.0.5249.61 found in cache
18:12:59.147 [main] INFO io.github.bonigarcia.wdm.WebDriverManager - Exporting webdriver.chrome.driver as C:\Users\alwi\.cache\selenium\chromedriver\win32\106.0.5249.61\chromedriver.exe
18:12:59.296 [main] DEBUG net.serenitybdd.core.webdriver.driverproviders.ProvideNewDriver - Instantiating driver
18:12:59.296 [main] DEBUG net.serenitybdd.core.webdriver.driverproviders.ProvideNewDriver - Driver capabilities: Capabilities {acceptInsecureCerts: false, base.url: https://alta-shop.vercel.app, browserName: chrome, chrome.driver: src/test/resources/webdrive..., driver: chrome, goog:chromeOptions: {args: [], extensions: []}, wait.for.timeout: 6000}
18:12:59.376 [AsyncHttpClient-1-1] DEBUG org.asynchttpclient.netty.channel.DefaultChannelPool - Entry count for : http://localhost:52252 : 1
18:12:59.376 [AsyncHttpClient-1-1] DEBUG org.asynchttpclient.netty.channel.DefaultChannelPool - Entry count for : http://localhost:51878 : 1
18:12:59.376 [AsyncHttpClient-1-1] DEBUG org.asynchttpclient.netty.channel.DefaultChannelPool - Adding Candidate expired Channel [id: 0xdb3a4efd, L:/127.0.0.1:51877 ! R:localhost/127.0.0.1:52252] isIdleTimeoutExpired=false isRemotelyClosed=true isTtlExpired=false
18:12:59.376 [AsyncHttpClient-1-1] DEBUG org.asynchttpclient.netty.channel.DefaultChannelPool - Closing Idle Channel [id: 0xdb3a4efd, L:/127.0.0.1:51877 ! R:localhost/127.0.0.1:52252]
18:12:59.376 [AsyncHttpClient-1-1] DEBUG org.asynchttpclient.netty.channel.DefaultChannelPool - Adding Candidate expired Channel [id: 0x643dd3de, L:/127.0.0.1:51884 ! R:localhost/127.0.0.1:51878] isIdleTimeoutExpired=false isRemotelyClosed=true isTtlExpired=false
18:12:59.376 [AsyncHttpClient-1-1] DEBUG org.asynchttpclient.netty.channel.DefaultChannelPool - Closing Idle Channel [id: 0x643dd3de, L:/127.0.0.1:51884 ! R:localhost/127.0.0.1:51878]
18:12:59.376 [AsyncHttpClient-1-1] DEBUG org.asynchttpclient.netty.channel.DefaultChannelPool - Closed 2 connections out of 2 in 0 ms
18:12:59.841 [AsyncHttpClient-1-3] DEBUG org.asynchttpclient.netty.channel.NettyConnectListener - Using new Channel '[id: 0x05ec6a6b, L:/127.0.0.1:51906 - R:localhost/127.0.0.1:59720]' for 'POST' to '/session'
18:13:00.531 [AsyncHttpClient-1-3] DEBUG org.asynchttpclient.netty.handler.HttpHandler - 

Request DefaultHttpRequest(decodeResult: success, version: HTTP/1.1)
POST /session HTTP/1.1
User-Agent: selenium/4.1.2 (java windows)
Content-Length: 639
Content-Type: application/json; charset=utf-8
host: localhost:59720
accept: */*

Response DefaultHttpResponse(decodeResult: success, version: HTTP/1.1)
HTTP/1.1 200 OK
Content-Type: application/json; charset=utf-8
cache-control: no-cache
content-length: 789

18:13:00.532 [AsyncHttpClient-1-3] DEBUG org.asynchttpclient.netty.channel.ChannelManager - Adding key: http://localhost:59720 for channel [id: 0x05ec6a6b, L:/127.0.0.1:51906 - R:localhost/127.0.0.1:59720]
18:13:00.536 [AsyncHttpClient-1-4] DEBUG org.asynchttpclient.netty.channel.NettyConnectListener - Using new Channel '[id: 0x9d75ee0b, L:/127.0.0.1:51914 - R:localhost/127.0.0.1:51907]' for 'GET' to '/json/version'
18:13:00.537 [AsyncHttpClient-1-4] DEBUG org.asynchttpclient.netty.handler.HttpHandler - 

Request DefaultFullHttpRequest(decodeResult: success, version: HTTP/1.1, content: EmptyByteBufBE)
GET /json/version HTTP/1.1
User-Agent: selenium/4.1.2 (java windows)
host: localhost:51907
accept: */*

Response DefaultHttpResponse(decodeResult: success, version: HTTP/1.1)
HTTP/1.1 200 OK
Content-Type: application/json; charset=UTF-8
content-length: 424

18:13:00.537 [AsyncHttpClient-1-4] DEBUG org.asynchttpclient.netty.channel.ChannelManager - Adding key: http://localhost:51907 for channel [id: 0x9d75ee0b, L:/127.0.0.1:51914 - R:localhost/127.0.0.1:51907]
18:13:00.539 [AsyncHttpClient-1-5] DEBUG org.asynchttpclient.netty.channel.NettyConnectListener - Using new Channel '[id: 0x34ca366d, L:/127.0.0.1:51915 - R:localhost/127.0.0.1:51907]' for 'GET' to '/devtools/browser/ddb51e71-2f3e-4888-a9f4-c59317eb9666'
18:13:00.539 [AsyncHttpClient-1-5] DEBUG org.asynchttpclient.netty.handler.WebSocketHandler - 

Request DefaultFullHttpRequest(decodeResult: success, version: HTTP/1.1, content: EmptyByteBufBE)
GET /devtools/browser/ddb51e71-2f3e-4888-a9f4-c59317eb9666 HTTP/1.1
upgrade: websocket
connection: upgrade
sec-websocket-key: GF174gz7LZcMed0iu/oLnQ==
sec-websocket-version: 13
origin: http://localhost:51907
host: localhost:51907
accept: */*
user-agent: AHC/2.1

Response DefaultHttpResponse(decodeResult: success, version: HTTP/1.1)
HTTP/1.1 101 WebSocket Protocol Handshake
Upgrade: WebSocket
Connection: Upgrade
Sec-WebSocket-Accept: 2YBZuMfQZoxcK3kLiklaAuTCn3A=

18:13:00.543 [Forwarding get on session 2f5aaf1dd7ed88bf46c220e774b421c6 to remote] DEBUG org.asynchttpclient.netty.request.NettyRequestSender - Using pooled Channel '[id: 0x05ec6a6b, L:/127.0.0.1:51906 - R:localhost/127.0.0.1:59720]' for 'POST' to 'http://localhost:59720/session/2f5aaf1dd7ed88bf46c220e774b421c6/url'
18:13:00.544 [Forwarding get on session 2f5aaf1dd7ed88bf46c220e774b421c6 to remote] DEBUG org.asynchttpclient.netty.request.NettyRequestSender - Using open Channel [id: 0x05ec6a6b, L:/127.0.0.1:51906 - R:localhost/127.0.0.1:59720] for POST '/session/2f5aaf1dd7ed88bf46c220e774b421c6/url'
18:13:01.020 [AsyncHttpClient-1-3] DEBUG org.asynchttpclient.netty.handler.HttpHandler - 

Request DefaultHttpRequest(decodeResult: success, version: HTTP/1.1)
POST /session/2f5aaf1dd7ed88bf46c220e774b421c6/url HTTP/1.1
User-Agent: selenium/4.1.2 (java windows)
Content-Length: 59
Content-Type: application/json; charset=utf-8
host: localhost:59720
accept: */*

Response DefaultHttpResponse(decodeResult: success, version: HTTP/1.1)
HTTP/1.1 200 OK
Content-Type: application/json; charset=utf-8
cache-control: no-cache
content-length: 14

18:13:01.020 [AsyncHttpClient-1-3] DEBUG org.asynchttpclient.netty.channel.ChannelManager - Adding key: http://localhost:59720 for channel [id: 0x05ec6a6b, L:/127.0.0.1:51906 - R:localhost/127.0.0.1:59720]
18:13:01.022 [Forwarding setTimeout on session 2f5aaf1dd7ed88bf46c220e774b421c6 to remote] DEBUG org.asynchttpclient.netty.request.NettyRequestSender - Using pooled Channel '[id: 0x05ec6a6b, L:/127.0.0.1:51906 - R:localhost/127.0.0.1:59720]' for 'POST' to 'http://localhost:59720/session/2f5aaf1dd7ed88bf46c220e774b421c6/timeouts'
18:13:01.022 [Forwarding setTimeout on session 2f5aaf1dd7ed88bf46c220e774b421c6 to remote] DEBUG org.asynchttpclient.netty.request.NettyRequestSender - Using open Channel [id: 0x05ec6a6b, L:/127.0.0.1:51906 - R:localhost/127.0.0.1:59720] for POST '/session/2f5aaf1dd7ed88bf46c220e774b421c6/timeouts'
18:13:01.025 [AsyncHttpClient-1-3] DEBUG org.asynchttpclient.netty.handler.HttpHandler - 

Request DefaultHttpRequest(decodeResult: success, version: HTTP/1.1)
POST /session/2f5aaf1dd7ed88bf46c220e774b421c6/timeouts HTTP/1.1
User-Agent: selenium/4.1.2 (java windows)
Content-Length: 22
Content-Type: application/json; charset=utf-8
host: localhost:59720
accept: */*

Response DefaultHttpResponse(decodeResult: success, version: HTTP/1.1)
HTTP/1.1 200 OK
Content-Type: application/json; charset=utf-8
cache-control: no-cache
content-length: 14

18:13:01.026 [AsyncHttpClient-1-3] DEBUG org.asynchttpclient.netty.channel.ChannelManager - Adding key: http://localhost:59720 for channel [id: 0x05ec6a6b, L:/127.0.0.1:51906 - R:localhost/127.0.0.1:59720]
18:13:01.030 [Forwarding getCurrentUrl on session 2f5aaf1dd7ed88bf46c220e774b421c6 to remote] DEBUG org.asynchttpclient.netty.request.NettyRequestSender - Using pooled Channel '[id: 0x05ec6a6b, L:/127.0.0.1:51906 - R:localhost/127.0.0.1:59720]' for 'GET' to 'http://localhost:59720/session/2f5aaf1dd7ed88bf46c220e774b421c6/url'
18:13:01.030 [Forwarding getCurrentUrl on session 2f5aaf1dd7ed88bf46c220e774b421c6 to remote] DEBUG org.asynchttpclient.netty.request.NettyRequestSender - Using open Channel [id: 0x05ec6a6b, L:/127.0.0.1:51906 - R:localhost/127.0.0.1:59720] for GET '/session/2f5aaf1dd7ed88bf46c220e774b421c6/url'
18:13:01.035 [AsyncHttpClient-1-3] DEBUG org.asynchttpclient.netty.handler.HttpHandler - 

Request DefaultFullHttpRequest(decodeResult: success, version: HTTP/1.1, content: EmptyByteBufBE)
GET /session/2f5aaf1dd7ed88bf46c220e774b421c6/url HTTP/1.1
User-Agent: selenium/4.1.2 (java windows)
Cache-Control: no-cache
Content-Type: application/json; charset=utf-8
host: localhost:59720
accept: */*

Response DefaultHttpResponse(decodeResult: success, version: HTTP/1.1)
HTTP/1.1 200 OK
Content-Type: application/json; charset=utf-8
cache-control: no-cache
content-length: 41

18:13:01.035 [AsyncHttpClient-1-3] DEBUG org.asynchttpclient.netty.channel.ChannelManager - Adding key: http://localhost:59720 for channel [id: 0x05ec6a6b, L:/127.0.0.1:51906 - R:localhost/127.0.0.1:59720]
  &amp#27;[32mGiven &amp#27;[0m&amp#27;[32mI am on the home page&amp#27;[0m       &amp#27;[90m# starter.stepdefinitions.HomeStep.iAmOnTheHomePage()&amp#27;[0m
18:13:01.043 [main] DEBUG net.serenitybdd.core.photography.Darkroom - Opening darkroom
18:13:01.045 [Forwarding screenshot on session 2f5aaf1dd7ed88bf46c220e774b421c6 to remote] DEBUG org.asynchttpclient.netty.request.NettyRequestSender - Using pooled Channel '[id: 0x05ec6a6b, L:/127.0.0.1:51906 - R:localhost/127.0.0.1:59720]' for 'GET' to 'http://localhost:59720/session/2f5aaf1dd7ed88bf46c220e774b421c6/screenshot'
18:13:01.045 [Forwarding screenshot on session 2f5aaf1dd7ed88bf46c220e774b421c6 to remote] DEBUG org.asynchttpclient.netty.request.NettyRequestSender - Using open Channel [id: 0x05ec6a6b, L:/127.0.0.1:51906 - R:localhost/127.0.0.1:59720] for GET '/session/2f5aaf1dd7ed88bf46c220e774b421c6/screenshot'
18:13:01.045 [Darkroom Processing Line] DEBUG net.serenitybdd.core.photography.DarkroomProcessingLine - Darkroom processing line starting up
18:13:01.206 [AsyncHttpClient-1-3] DEBUG org.asynchttpclient.netty.handler.HttpHandler - 

Request DefaultFullHttpRequest(decodeResult: success, version: HTTP/1.1, content: EmptyByteBufBE)
GET /session/2f5aaf1dd7ed88bf46c220e774b421c6/screenshot HTTP/1.1
User-Agent: selenium/4.1.2 (java windows)
Cache-Control: no-cache
Content-Type: application/json; charset=utf-8
host: localhost:59720
accept: */*

Response DefaultHttpResponse(decodeResult: success, version: HTTP/1.1)
HTTP/1.1 200 OK
Content-Type: application/json; charset=utf-8
cache-control: no-cache
content-length: 27644

18:13:01.206 [AsyncHttpClient-1-3] DEBUG org.asynchttpclient.netty.channel.ChannelManager - Adding key: http://localhost:59720 for channel [id: 0x05ec6a6b, L:/127.0.0.1:51906 - R:localhost/127.0.0.1:59720]
18:13:01.208 [main] DEBUG net.serenitybdd.core.photography.Darkroom - Send negative for processing for target\site\serenity\63212dce16d718065d5a2a17bb8b93d3f436fdad279583d4e79f6a1a679392f9.png
18:13:01.208 [Darkroom Processing Line] DEBUG net.serenitybdd.core.photography.DarkroomProcessingLine - Processing screenshot image in /var/screenshots/screenshot-16296983325544097080
18:13:01.208 [Darkroom Processing Line] DEBUG net.serenitybdd.core.photography.DarkroomProcessingLine - Saving screenshot to target\site\serenity\63212dce16d718065d5a2a17bb8b93d3f436fdad279583d4e79f6a1a679392f9.png
18:13:01.218 [Forwarding findElement on session 2f5aaf1dd7ed88bf46c220e774b421c6 to remote] DEBUG org.asynchttpclient.netty.request.NettyRequestSender - Using pooled Channel '[id: 0x05ec6a6b, L:/127.0.0.1:51906 - R:localhost/127.0.0.1:59720]' for 'POST' to 'http://localhost:59720/session/2f5aaf1dd7ed88bf46c220e774b421c6/element'
18:13:01.218 [Forwarding findElement on session 2f5aaf1dd7ed88bf46c220e774b421c6 to remote] DEBUG org.asynchttpclient.netty.request.NettyRequestSender - Using open Channel [id: 0x05ec6a6b, L:/127.0.0.1:51906 - R:localhost/127.0.0.1:59720] for POST '/session/2f5aaf1dd7ed88bf46c220e774b421c6/element'
18:13:01.587 [AsyncHttpClient-1-1] DEBUG org.asynchttpclient.netty.channel.DefaultChannelPool - Entry count for : http://localhost:51907 : 1
18:13:02.675 [AsyncHttpClient-1-1] DEBUG org.asynchttpclient.netty.channel.DefaultChannelPool - Entry count for : http://localhost:51907 : 1
18:13:02.774 [AsyncHttpClient-1-3] DEBUG org.asynchttpclient.netty.handler.HttpHandler - 

Request DefaultHttpRequest(decodeResult: success, version: HTTP/1.1)
POST /session/2f5aaf1dd7ed88bf46c220e774b421c6/element HTTP/1.1
User-Agent: selenium/4.1.2 (java windows)
Content-Length: 145
Content-Type: application/json; charset=utf-8
host: localhost:59720
accept: */*

Response DefaultHttpResponse(decodeResult: success, version: HTTP/1.1)
HTTP/1.1 200 OK
Content-Type: application/json; charset=utf-8
cache-control: no-cache
content-length: 88

18:13:02.774 [AsyncHttpClient-1-3] DEBUG org.asynchttpclient.netty.channel.ChannelManager - Adding key: http://localhost:59720 for channel [id: 0x05ec6a6b, L:/127.0.0.1:51906 - R:localhost/127.0.0.1:59720]
18:13:02.776 [Forwarding getElementTagName on session 2f5aaf1dd7ed88bf46c220e774b421c6 to remote] DEBUG org.asynchttpclient.netty.request.NettyRequestSender - Using pooled Channel '[id: 0x05ec6a6b, L:/127.0.0.1:51906 - R:localhost/127.0.0.1:59720]' for 'GET' to 'http://localhost:59720/session/2f5aaf1dd7ed88bf46c220e774b421c6/element/09de958b-e5ea-4fcd-a1bc-8c077a392e24/name'
18:13:02.776 [Forwarding getElementTagName on session 2f5aaf1dd7ed88bf46c220e774b421c6 to remote] DEBUG org.asynchttpclient.netty.request.NettyRequestSender - Using open Channel [id: 0x05ec6a6b, L:/127.0.0.1:51906 - R:localhost/127.0.0.1:59720] for GET '/session/2f5aaf1dd7ed88bf46c220e774b421c6/element/09de958b-e5ea-4fcd-a1bc-8c077a392e24/name'
18:13:02.781 [AsyncHttpClient-1-3] DEBUG org.asynchttpclient.netty.handler.HttpHandler - 

Request DefaultFullHttpRequest(decodeResult: success, version: HTTP/1.1, content: EmptyByteBufBE)
GET /session/2f5aaf1dd7ed88bf46c220e774b421c6/element/09de958b-e5ea-4fcd-a1bc-8c077a392e24/name HTTP/1.1
User-Agent: selenium/4.1.2 (java windows)
Cache-Control: no-cache
Content-Type: application/json; charset=utf-8
host: localhost:59720
accept: */*

Response DefaultHttpResponse(decodeResult: success, version: HTTP/1.1)
HTTP/1.1 200 OK
Content-Type: application/json; charset=utf-8
cache-control: no-cache
content-length: 18

18:13:02.781 [AsyncHttpClient-1-3] DEBUG org.asynchttpclient.netty.channel.ChannelManager - Adding key: http://localhost:59720 for channel [id: 0x05ec6a6b, L:/127.0.0.1:51906 - R:localhost/127.0.0.1:59720]
18:13:02.782 [Forwarding getElementTagName on session 2f5aaf1dd7ed88bf46c220e774b421c6 to remote] DEBUG org.asynchttpclient.netty.request.NettyRequestSender - Using pooled Channel '[id: 0x05ec6a6b, L:/127.0.0.1:51906 - R:localhost/127.0.0.1:59720]' for 'GET' to 'http://localhost:59720/session/2f5aaf1dd7ed88bf46c220e774b421c6/element/09de958b-e5ea-4fcd-a1bc-8c077a392e24/name'
18:13:02.783 [Forwarding getElementTagName on session 2f5aaf1dd7ed88bf46c220e774b421c6 to remote] DEBUG org.asynchttpclient.netty.request.NettyRequestSender - Using open Channel [id: 0x05ec6a6b, L:/127.0.0.1:51906 - R:localhost/127.0.0.1:59720] for GET '/session/2f5aaf1dd7ed88bf46c220e774b421c6/element/09de958b-e5ea-4fcd-a1bc-8c077a392e24/name'
18:13:02.786 [AsyncHttpClient-1-3] DEBUG org.asynchttpclient.netty.handler.HttpHandler - 

Request DefaultFullHttpRequest(decodeResult: success, version: HTTP/1.1, content: EmptyByteBufBE)
GET /session/2f5aaf1dd7ed88bf46c220e774b421c6/element/09de958b-e5ea-4fcd-a1bc-8c077a392e24/name HTTP/1.1
User-Agent: selenium/4.1.2 (java windows)
Cache-Control: no-cache
Content-Type: application/json; charset=utf-8
host: localhost:59720
accept: */*

Response DefaultHttpResponse(decodeResult: success, version: HTTP/1.1)
HTTP/1.1 200 OK
Content-Type: application/json; charset=utf-8
cache-control: no-cache
content-length: 18

18:13:02.786 [AsyncHttpClient-1-3] DEBUG org.asynchttpclient.netty.channel.ChannelManager - Adding key: http://localhost:59720 for channel [id: 0x05ec6a6b, L:/127.0.0.1:51906 - R:localhost/127.0.0.1:59720]
18:13:02.788 [Forwarding isElementEnabled on session 2f5aaf1dd7ed88bf46c220e774b421c6 to remote] DEBUG org.asynchttpclient.netty.request.NettyRequestSender - Using pooled Channel '[id: 0x05ec6a6b, L:/127.0.0.1:51906 - R:localhost/127.0.0.1:59720]' for 'GET' to 'http://localhost:59720/session/2f5aaf1dd7ed88bf46c220e774b421c6/element/09de958b-e5ea-4fcd-a1bc-8c077a392e24/enabled'
18:13:02.789 [Forwarding isElementEnabled on session 2f5aaf1dd7ed88bf46c220e774b421c6 to remote] DEBUG org.asynchttpclient.netty.request.NettyRequestSender - Using open Channel [id: 0x05ec6a6b, L:/127.0.0.1:51906 - R:localhost/127.0.0.1:59720] for GET '/session/2f5aaf1dd7ed88bf46c220e774b421c6/element/09de958b-e5ea-4fcd-a1bc-8c077a392e24/enabled'
18:13:02.795 [AsyncHttpClient-1-3] DEBUG org.asynchttpclient.netty.handler.HttpHandler - 

Request DefaultFullHttpRequest(decodeResult: success, version: HTTP/1.1, content: EmptyByteBufBE)
GET /session/2f5aaf1dd7ed88bf46c220e774b421c6/element/09de958b-e5ea-4fcd-a1bc-8c077a392e24/enabled HTTP/1.1
User-Agent: selenium/4.1.2 (java windows)
Cache-Control: no-cache
Content-Type: application/json; charset=utf-8
host: localhost:59720
accept: */*

Response DefaultHttpResponse(decodeResult: success, version: HTTP/1.1)
HTTP/1.1 200 OK
Content-Type: application/json; charset=utf-8
cache-control: no-cache
content-length: 14

18:13:02.796 [AsyncHttpClient-1-3] DEBUG org.asynchttpclient.netty.channel.ChannelManager - Adding key: http://localhost:59720 for channel [id: 0x05ec6a6b, L:/127.0.0.1:51906 - R:localhost/127.0.0.1:59720]
18:13:02.797 [Forwarding isElementEnabled on session 2f5aaf1dd7ed88bf46c220e774b421c6 to remote] DEBUG org.asynchttpclient.netty.request.NettyRequestSender - Using pooled Channel '[id: 0x05ec6a6b, L:/127.0.0.1:51906 - R:localhost/127.0.0.1:59720]' for 'GET' to 'http://localhost:59720/session/2f5aaf1dd7ed88bf46c220e774b421c6/element/09de958b-e5ea-4fcd-a1bc-8c077a392e24/enabled'
18:13:02.797 [Forwarding isElementEnabled on session 2f5aaf1dd7ed88bf46c220e774b421c6 to remote] DEBUG org.asynchttpclient.netty.request.NettyRequestSender - Using open Channel [id: 0x05ec6a6b, L:/127.0.0.1:51906 - R:localhost/127.0.0.1:59720] for GET '/session/2f5aaf1dd7ed88bf46c220e774b421c6/element/09de958b-e5ea-4fcd-a1bc-8c077a392e24/enabled'
18:13:02.802 [AsyncHttpClient-1-3] DEBUG org.asynchttpclient.netty.handler.HttpHandler - 

Request DefaultFullHttpRequest(decodeResult: success, version: HTTP/1.1, content: EmptyByteBufBE)
GET /session/2f5aaf1dd7ed88bf46c220e774b421c6/element/09de958b-e5ea-4fcd-a1bc-8c077a392e24/enabled HTTP/1.1
User-Agent: selenium/4.1.2 (java windows)
Cache-Control: no-cache
Content-Type: application/json; charset=utf-8
host: localhost:59720
accept: */*

Response DefaultHttpResponse(decodeResult: success, version: HTTP/1.1)
HTTP/1.1 200 OK
Content-Type: application/json; charset=utf-8
cache-control: no-cache
content-length: 14

18:13:02.802 [AsyncHttpClient-1-3] DEBUG org.asynchttpclient.netty.channel.ChannelManager - Adding key: http://localhost:59720 for channel [id: 0x05ec6a6b, L:/127.0.0.1:51906 - R:localhost/127.0.0.1:59720]
18:13:02.804 [Forwarding findElement on session 2f5aaf1dd7ed88bf46c220e774b421c6 to remote] DEBUG org.asynchttpclient.netty.request.NettyRequestSender - Using pooled Channel '[id: 0x05ec6a6b, L:/127.0.0.1:51906 - R:localhost/127.0.0.1:59720]' for 'POST' to 'http://localhost:59720/session/2f5aaf1dd7ed88bf46c220e774b421c6/element'
18:13:02.804 [Forwarding findElement on session 2f5aaf1dd7ed88bf46c220e774b421c6 to remote] DEBUG org.asynchttpclient.netty.request.NettyRequestSender - Using open Channel [id: 0x05ec6a6b, L:/127.0.0.1:51906 - R:localhost/127.0.0.1:59720] for POST '/session/2f5aaf1dd7ed88bf46c220e774b421c6/element'
18:13:02.810 [AsyncHttpClient-1-3] DEBUG org.asynchttpclient.netty.handler.HttpHandler - 

Request DefaultHttpRequest(decodeResult: success, version: HTTP/1.1)
POST /session/2f5aaf1dd7ed88bf46c220e774b421c6/element HTTP/1.1
User-Agent: selenium/4.1.2 (java windows)
Content-Length: 145
Content-Type: application/json; charset=utf-8
host: localhost:59720
accept: */*

Response DefaultHttpResponse(decodeResult: success, version: HTTP/1.1)
HTTP/1.1 200 OK
Content-Type: application/json; charset=utf-8
cache-control: no-cache
content-length: 88

18:13:02.810 [AsyncHttpClient-1-3] DEBUG org.asynchttpclient.netty.channel.ChannelManager - Adding key: http://localhost:59720 for channel [id: 0x05ec6a6b, L:/127.0.0.1:51906 - R:localhost/127.0.0.1:59720]
18:13:02.811 [Forwarding clickElement on session 2f5aaf1dd7ed88bf46c220e774b421c6 to remote] DEBUG org.asynchttpclient.netty.request.NettyRequestSender - Using pooled Channel '[id: 0x05ec6a6b, L:/127.0.0.1:51906 - R:localhost/127.0.0.1:59720]' for 'POST' to 'http://localhost:59720/session/2f5aaf1dd7ed88bf46c220e774b421c6/element/09de958b-e5ea-4fcd-a1bc-8c077a392e24/click'
18:13:02.812 [Forwarding clickElement on session 2f5aaf1dd7ed88bf46c220e774b421c6 to remote] DEBUG org.asynchttpclient.netty.request.NettyRequestSender - Using open Channel [id: 0x05ec6a6b, L:/127.0.0.1:51906 - R:localhost/127.0.0.1:59720] for POST '/session/2f5aaf1dd7ed88bf46c220e774b421c6/element/09de958b-e5ea-4fcd-a1bc-8c077a392e24/click'
18:13:02.849 [AsyncHttpClient-1-3] DEBUG org.asynchttpclient.netty.handler.HttpHandler - 

Request DefaultHttpRequest(decodeResult: success, version: HTTP/1.1)
POST /session/2f5aaf1dd7ed88bf46c220e774b421c6/element/09de958b-e5ea-4fcd-a1bc-8c077a392e24/click HTTP/1.1
User-Agent: selenium/4.1.2 (java windows)
Content-Length: 50
Content-Type: application/json; charset=utf-8
host: localhost:59720
accept: */*

Response DefaultHttpResponse(decodeResult: success, version: HTTP/1.1)
HTTP/1.1 200 OK
Content-Type: application/json; charset=utf-8
cache-control: no-cache
content-length: 14

18:13:02.849 [AsyncHttpClient-1-3] DEBUG org.asynchttpclient.netty.channel.ChannelManager - Adding key: http://localhost:59720 for channel [id: 0x05ec6a6b, L:/127.0.0.1:51906 - R:localhost/127.0.0.1:59720]
  &amp#27;[32mAnd &amp#27;[0m&amp#27;[32mI click button buy&amp#27;[0m            &amp#27;[90m# starter.stepdefinitions.HomeStep.iClickButtonBuy()&amp#27;[0m
18:13:02.856 [Forwarding screenshot on session 2f5aaf1dd7ed88bf46c220e774b421c6 to remote] DEBUG org.asynchttpclient.netty.request.NettyRequestSender - Using pooled Channel '[id: 0x05ec6a6b, L:/127.0.0.1:51906 - R:localhost/127.0.0.1:59720]' for 'GET' to 'http://localhost:59720/session/2f5aaf1dd7ed88bf46c220e774b421c6/screenshot'
18:13:02.856 [Forwarding screenshot on session 2f5aaf1dd7ed88bf46c220e774b421c6 to remote] DEBUG org.asynchttpclient.netty.request.NettyRequestSender - Using open Channel [id: 0x05ec6a6b, L:/127.0.0.1:51906 - R:localhost/127.0.0.1:59720] for GET '/session/2f5aaf1dd7ed88bf46c220e774b421c6/screenshot'
18:13:02.947 [AsyncHttpClient-1-3] DEBUG org.asynchttpclient.netty.handler.HttpHandler - 

Request DefaultFullHttpRequest(decodeResult: success, version: HTTP/1.1, content: EmptyByteBufBE)
GET /session/2f5aaf1dd7ed88bf46c220e774b421c6/screenshot HTTP/1.1
User-Agent: selenium/4.1.2 (java windows)
Cache-Control: no-cache
Content-Type: application/json; charset=utf-8
host: localhost:59720
accept: */*

Response DefaultHttpResponse(decodeResult: success, version: HTTP/1.1)
HTTP/1.1 200 OK
Content-Type: application/json; charset=utf-8
cache-control: no-cache
content-length: 69712

18:13:02.948 [AsyncHttpClient-1-3] DEBUG org.asynchttpclient.netty.channel.ChannelManager - Adding key: http://localhost:59720 for channel [id: 0x05ec6a6b, L:/127.0.0.1:51906 - R:localhost/127.0.0.1:59720]
18:13:02.950 [main] DEBUG net.serenitybdd.core.photography.Darkroom - Send negative for processing for target\site\serenity\b5723769f28794e579cb16612675d8a31aa20842fd9e94cdad2a9a1151eff1b4.png
18:13:02.951 [Darkroom Processing Line] DEBUG net.serenitybdd.core.photography.DarkroomProcessingLine - Processing screenshot image in /var/screenshots/screenshot-11236073192243861004
18:13:02.951 [Darkroom Processing Line] DEBUG net.serenitybdd.core.photography.DarkroomProcessingLine - Saving screenshot to target\site\serenity\b5723769f28794e579cb16612675d8a31aa20842fd9e94cdad2a9a1151eff1b4.png
18:13:03.075 [Forwarding findElement on session 2f5aaf1dd7ed88bf46c220e774b421c6 to remote] DEBUG org.asynchttpclient.netty.request.NettyRequestSender - Using pooled Channel '[id: 0x05ec6a6b, L:/127.0.0.1:51906 - R:localhost/127.0.0.1:59720]' for 'POST' to 'http://localhost:59720/session/2f5aaf1dd7ed88bf46c220e774b421c6/element'
18:13:03.075 [Forwarding findElement on session 2f5aaf1dd7ed88bf46c220e774b421c6 to remote] DEBUG org.asynchttpclient.netty.request.NettyRequestSender - Using open Channel [id: 0x05ec6a6b, L:/127.0.0.1:51906 - R:localhost/127.0.0.1:59720] for POST '/session/2f5aaf1dd7ed88bf46c220e774b421c6/element'
18:13:03.086 [AsyncHttpClient-1-3] DEBUG org.asynchttpclient.netty.handler.HttpHandler - 

Request DefaultHttpRequest(decodeResult: success, version: HTTP/1.1)
POST /session/2f5aaf1dd7ed88bf46c220e774b421c6/element HTTP/1.1
User-Agent: selenium/4.1.2 (java windows)
Content-Length: 132
Content-Type: application/json; charset=utf-8
host: localhost:59720
accept: */*

Response DefaultHttpResponse(decodeResult: success, version: HTTP/1.1)
HTTP/1.1 200 OK
Content-Type: application/json; charset=utf-8
cache-control: no-cache
content-length: 88

18:13:03.087 [AsyncHttpClient-1-3] DEBUG org.asynchttpclient.netty.channel.ChannelManager - Adding key: http://localhost:59720 for channel [id: 0x05ec6a6b, L:/127.0.0.1:51906 - R:localhost/127.0.0.1:59720]
18:13:03.088 [Forwarding getElementTagName on session 2f5aaf1dd7ed88bf46c220e774b421c6 to remote] DEBUG org.asynchttpclient.netty.request.NettyRequestSender - Using pooled Channel '[id: 0x05ec6a6b, L:/127.0.0.1:51906 - R:localhost/127.0.0.1:59720]' for 'GET' to 'http://localhost:59720/session/2f5aaf1dd7ed88bf46c220e774b421c6/element/94074a70-b4a4-464e-8968-f603f55a6a57/name'
18:13:03.088 [Forwarding getElementTagName on session 2f5aaf1dd7ed88bf46c220e774b421c6 to remote] DEBUG org.asynchttpclient.netty.request.NettyRequestSender - Using open Channel [id: 0x05ec6a6b, L:/127.0.0.1:51906 - R:localhost/127.0.0.1:59720] for GET '/session/2f5aaf1dd7ed88bf46c220e774b421c6/element/94074a70-b4a4-464e-8968-f603f55a6a57/name'
18:13:03.091 [AsyncHttpClient-1-3] DEBUG org.asynchttpclient.netty.handler.HttpHandler - 

Request DefaultFullHttpRequest(decodeResult: success, version: HTTP/1.1, content: EmptyByteBufBE)
GET /session/2f5aaf1dd7ed88bf46c220e774b421c6/element/94074a70-b4a4-464e-8968-f603f55a6a57/name HTTP/1.1
User-Agent: selenium/4.1.2 (java windows)
Cache-Control: no-cache
Content-Type: application/json; charset=utf-8
host: localhost:59720
accept: */*

Response DefaultHttpResponse(decodeResult: success, version: HTTP/1.1)
HTTP/1.1 200 OK
Content-Type: application/json; charset=utf-8
cache-control: no-cache
content-length: 16

18:13:03.092 [AsyncHttpClient-1-3] DEBUG org.asynchttpclient.netty.channel.ChannelManager - Adding key: http://localhost:59720 for channel [id: 0x05ec6a6b, L:/127.0.0.1:51906 - R:localhost/127.0.0.1:59720]
18:13:03.093 [Forwarding getElementTagName on session 2f5aaf1dd7ed88bf46c220e774b421c6 to remote] DEBUG org.asynchttpclient.netty.request.NettyRequestSender - Using pooled Channel '[id: 0x05ec6a6b, L:/127.0.0.1:51906 - R:localhost/127.0.0.1:59720]' for 'GET' to 'http://localhost:59720/session/2f5aaf1dd7ed88bf46c220e774b421c6/element/94074a70-b4a4-464e-8968-f603f55a6a57/name'
18:13:03.093 [Forwarding getElementTagName on session 2f5aaf1dd7ed88bf46c220e774b421c6 to remote] DEBUG org.asynchttpclient.netty.request.NettyRequestSender - Using open Channel [id: 0x05ec6a6b, L:/127.0.0.1:51906 - R:localhost/127.0.0.1:59720] for GET '/session/2f5aaf1dd7ed88bf46c220e774b421c6/element/94074a70-b4a4-464e-8968-f603f55a6a57/name'
18:13:03.095 [AsyncHttpClient-1-3] DEBUG org.asynchttpclient.netty.handler.HttpHandler - 

Request DefaultFullHttpRequest(decodeResult: success, version: HTTP/1.1, content: EmptyByteBufBE)
GET /session/2f5aaf1dd7ed88bf46c220e774b421c6/element/94074a70-b4a4-464e-8968-f603f55a6a57/name HTTP/1.1
User-Agent: selenium/4.1.2 (java windows)
Cache-Control: no-cache
Content-Type: application/json; charset=utf-8
host: localhost:59720
accept: */*

Response DefaultHttpResponse(decodeResult: success, version: HTTP/1.1)
HTTP/1.1 200 OK
Content-Type: application/json; charset=utf-8
cache-control: no-cache
content-length: 16

18:13:03.095 [AsyncHttpClient-1-3] DEBUG org.asynchttpclient.netty.channel.ChannelManager - Adding key: http://localhost:59720 for channel [id: 0x05ec6a6b, L:/127.0.0.1:51906 - R:localhost/127.0.0.1:59720]
18:13:03.098 [Forwarding findElement on session 2f5aaf1dd7ed88bf46c220e774b421c6 to remote] DEBUG org.asynchttpclient.netty.request.NettyRequestSender - Using pooled Channel '[id: 0x05ec6a6b, L:/127.0.0.1:51906 - R:localhost/127.0.0.1:59720]' for 'POST' to 'http://localhost:59720/session/2f5aaf1dd7ed88bf46c220e774b421c6/element'
18:13:03.098 [Forwarding findElement on session 2f5aaf1dd7ed88bf46c220e774b421c6 to remote] DEBUG org.asynchttpclient.netty.request.NettyRequestSender - Using open Channel [id: 0x05ec6a6b, L:/127.0.0.1:51906 - R:localhost/127.0.0.1:59720] for POST '/session/2f5aaf1dd7ed88bf46c220e774b421c6/element'
18:13:03.104 [AsyncHttpClient-1-3] DEBUG org.asynchttpclient.netty.handler.HttpHandler - 

Request DefaultHttpRequest(decodeResult: success, version: HTTP/1.1)
POST /session/2f5aaf1dd7ed88bf46c220e774b421c6/element HTTP/1.1
User-Agent: selenium/4.1.2 (java windows)
Content-Length: 132
Content-Type: application/json; charset=utf-8
host: localhost:59720
accept: */*

Response DefaultHttpResponse(decodeResult: success, version: HTTP/1.1)
HTTP/1.1 200 OK
Content-Type: application/json; charset=utf-8
cache-control: no-cache
content-length: 88

18:13:03.105 [AsyncHttpClient-1-3] DEBUG org.asynchttpclient.netty.channel.ChannelManager - Adding key: http://localhost:59720 for channel [id: 0x05ec6a6b, L:/127.0.0.1:51906 - R:localhost/127.0.0.1:59720]
18:13:03.106 [Forwarding clickElement on session 2f5aaf1dd7ed88bf46c220e774b421c6 to remote] DEBUG org.asynchttpclient.netty.request.NettyRequestSender - Using pooled Channel '[id: 0x05ec6a6b, L:/127.0.0.1:51906 - R:localhost/127.0.0.1:59720]' for 'POST' to 'http://localhost:59720/session/2f5aaf1dd7ed88bf46c220e774b421c6/element/94074a70-b4a4-464e-8968-f603f55a6a57/click'
18:13:03.106 [Forwarding clickElement on session 2f5aaf1dd7ed88bf46c220e774b421c6 to remote] DEBUG org.asynchttpclient.netty.request.NettyRequestSender - Using open Channel [id: 0x05ec6a6b, L:/127.0.0.1:51906 - R:localhost/127.0.0.1:59720] for POST '/session/2f5aaf1dd7ed88bf46c220e774b421c6/element/94074a70-b4a4-464e-8968-f603f55a6a57/click'
18:13:03.135 [AsyncHttpClient-1-3] DEBUG org.asynchttpclient.netty.handler.HttpHandler - 

Request DefaultHttpRequest(decodeResult: success, version: HTTP/1.1)
POST /session/2f5aaf1dd7ed88bf46c220e774b421c6/element/94074a70-b4a4-464e-8968-f603f55a6a57/click HTTP/1.1
User-Agent: selenium/4.1.2 (java windows)
Content-Length: 50
Content-Type: application/json; charset=utf-8
host: localhost:59720
accept: */*

Response DefaultHttpResponse(decodeResult: success, version: HTTP/1.1)
HTTP/1.1 200 OK
Content-Type: application/json; charset=utf-8
cache-control: no-cache
content-length: 14

18:13:03.135 [AsyncHttpClient-1-3] DEBUG org.asynchttpclient.netty.channel.ChannelManager - Adding key: http://localhost:59720 for channel [id: 0x05ec6a6b, L:/127.0.0.1:51906 - R:localhost/127.0.0.1:59720]
  &amp#27;[32mAnd &amp#27;[0m&amp#27;[32mI click order button&amp#27;[0m          &amp#27;[90m# starter.stepdefinitions.OrderStep.iClickOrderButton()&amp#27;[0m
18:13:03.144 [Forwarding screenshot on session 2f5aaf1dd7ed88bf46c220e774b421c6 to remote] DEBUG org.asynchttpclient.netty.request.NettyRequestSender - Using pooled Channel '[id: 0x05ec6a6b, L:/127.0.0.1:51906 - R:localhost/127.0.0.1:59720]' for 'GET' to 'http://localhost:59720/session/2f5aaf1dd7ed88bf46c220e774b421c6/screenshot'
18:13:03.144 [Forwarding screenshot on session 2f5aaf1dd7ed88bf46c220e774b421c6 to remote] DEBUG org.asynchttpclient.netty.request.NettyRequestSender - Using open Channel [id: 0x05ec6a6b, L:/127.0.0.1:51906 - R:localhost/127.0.0.1:59720] for GET '/session/2f5aaf1dd7ed88bf46c220e774b421c6/screenshot'
18:13:03.331 [AsyncHttpClient-1-3] DEBUG org.asynchttpclient.netty.handler.HttpHandler - 

Request DefaultFullHttpRequest(decodeResult: success, version: HTTP/1.1, content: EmptyByteBufBE)
GET /session/2f5aaf1dd7ed88bf46c220e774b421c6/screenshot HTTP/1.1
User-Agent: selenium/4.1.2 (java windows)
Cache-Control: no-cache
Content-Type: application/json; charset=utf-8
host: localhost:59720
accept: */*

Response DefaultHttpResponse(decodeResult: success, version: HTTP/1.1)
HTTP/1.1 200 OK
Content-Type: application/json; charset=utf-8
cache-control: no-cache
content-length: 29684

18:13:03.331 [AsyncHttpClient-1-3] DEBUG org.asynchttpclient.netty.channel.ChannelManager - Adding key: http://localhost:59720 for channel [id: 0x05ec6a6b, L:/127.0.0.1:51906 - R:localhost/127.0.0.1:59720]
18:13:03.333 [main] DEBUG net.serenitybdd.core.photography.Darkroom - Send negative for processing for target\site\serenity\2fc0fa0ace65171a4ba7bca6acfeeec1cbe7aedc8cf53e9ffbdabb5c34eed1e1.png
18:13:03.333 [Darkroom Processing Line] DEBUG net.serenitybdd.core.photography.DarkroomProcessingLine - Processing screenshot image in /var/screenshots/screenshot-8181193918661571935
18:13:03.333 [Darkroom Processing Line] DEBUG net.serenitybdd.core.photography.DarkroomProcessingLine - Saving screenshot to target\site\serenity\2fc0fa0ace65171a4ba7bca6acfeeec1cbe7aedc8cf53e9ffbdabb5c34eed1e1.png
18:13:03.339 [Forwarding findElement on session 2f5aaf1dd7ed88bf46c220e774b421c6 to remote] DEBUG org.asynchttpclient.netty.request.NettyRequestSender - Using pooled Channel '[id: 0x05ec6a6b, L:/127.0.0.1:51906 - R:localhost/127.0.0.1:59720]' for 'POST' to 'http://localhost:59720/session/2f5aaf1dd7ed88bf46c220e774b421c6/element'
18:13:03.339 [Forwarding findElement on session 2f5aaf1dd7ed88bf46c220e774b421c6 to remote] DEBUG org.asynchttpclient.netty.request.NettyRequestSender - Using open Channel [id: 0x05ec6a6b, L:/127.0.0.1:51906 - R:localhost/127.0.0.1:59720] for POST '/session/2f5aaf1dd7ed88bf46c220e774b421c6/element'
18:13:03.349 [AsyncHttpClient-1-3] DEBUG org.asynchttpclient.netty.handler.HttpHandler - 

Request DefaultHttpRequest(decodeResult: success, version: HTTP/1.1)
POST /session/2f5aaf1dd7ed88bf46c220e774b421c6/element HTTP/1.1
User-Agent: selenium/4.1.2 (java windows)
Content-Length: 66
Content-Type: application/json; charset=utf-8
host: localhost:59720
accept: */*

Response DefaultHttpResponse(decodeResult: success, version: HTTP/1.1)
HTTP/1.1 200 OK
Content-Type: application/json; charset=utf-8
cache-control: no-cache
content-length: 88

18:13:03.349 [AsyncHttpClient-1-3] DEBUG org.asynchttpclient.netty.channel.ChannelManager - Adding key: http://localhost:59720 for channel [id: 0x05ec6a6b, L:/127.0.0.1:51906 - R:localhost/127.0.0.1:59720]
18:13:03.350 [Forwarding getElementTagName on session 2f5aaf1dd7ed88bf46c220e774b421c6 to remote] DEBUG org.asynchttpclient.netty.request.NettyRequestSender - Using pooled Channel '[id: 0x05ec6a6b, L:/127.0.0.1:51906 - R:localhost/127.0.0.1:59720]' for 'GET' to 'http://localhost:59720/session/2f5aaf1dd7ed88bf46c220e774b421c6/element/8165586c-a3b1-4343-b4b5-20532dc94bc0/name'
18:13:03.350 [Forwarding getElementTagName on session 2f5aaf1dd7ed88bf46c220e774b421c6 to remote] DEBUG org.asynchttpclient.netty.request.NettyRequestSender - Using open Channel [id: 0x05ec6a6b, L:/127.0.0.1:51906 - R:localhost/127.0.0.1:59720] for GET '/session/2f5aaf1dd7ed88bf46c220e774b421c6/element/8165586c-a3b1-4343-b4b5-20532dc94bc0/name'
18:13:03.354 [AsyncHttpClient-1-3] DEBUG org.asynchttpclient.netty.handler.HttpHandler - 

Request DefaultFullHttpRequest(decodeResult: success, version: HTTP/1.1, content: EmptyByteBufBE)
GET /session/2f5aaf1dd7ed88bf46c220e774b421c6/element/8165586c-a3b1-4343-b4b5-20532dc94bc0/name HTTP/1.1
User-Agent: selenium/4.1.2 (java windows)
Cache-Control: no-cache
Content-Type: application/json; charset=utf-8
host: localhost:59720
accept: */*

Response DefaultHttpResponse(decodeResult: success, version: HTTP/1.1)
HTTP/1.1 200 OK
Content-Type: application/json; charset=utf-8
cache-control: no-cache
content-length: 16

18:13:03.354 [AsyncHttpClient-1-3] DEBUG org.asynchttpclient.netty.channel.ChannelManager - Adding key: http://localhost:59720 for channel [id: 0x05ec6a6b, L:/127.0.0.1:51906 - R:localhost/127.0.0.1:59720]
18:13:03.355 [Forwarding getElementTagName on session 2f5aaf1dd7ed88bf46c220e774b421c6 to remote] DEBUG org.asynchttpclient.netty.request.NettyRequestSender - Using pooled Channel '[id: 0x05ec6a6b, L:/127.0.0.1:51906 - R:localhost/127.0.0.1:59720]' for 'GET' to 'http://localhost:59720/session/2f5aaf1dd7ed88bf46c220e774b421c6/element/8165586c-a3b1-4343-b4b5-20532dc94bc0/name'
18:13:03.355 [Forwarding getElementTagName on session 2f5aaf1dd7ed88bf46c220e774b421c6 to remote] DEBUG org.asynchttpclient.netty.request.NettyRequestSender - Using open Channel [id: 0x05ec6a6b, L:/127.0.0.1:51906 - R:localhost/127.0.0.1:59720] for GET '/session/2f5aaf1dd7ed88bf46c220e774b421c6/element/8165586c-a3b1-4343-b4b5-20532dc94bc0/name'
18:13:03.357 [AsyncHttpClient-1-3] DEBUG org.asynchttpclient.netty.handler.HttpHandler - 

Request DefaultFullHttpRequest(decodeResult: success, version: HTTP/1.1, content: EmptyByteBufBE)
GET /session/2f5aaf1dd7ed88bf46c220e774b421c6/element/8165586c-a3b1-4343-b4b5-20532dc94bc0/name HTTP/1.1
User-Agent: selenium/4.1.2 (java windows)
Cache-Control: no-cache
Content-Type: application/json; charset=utf-8
host: localhost:59720
accept: */*

Response DefaultHttpResponse(decodeResult: success, version: HTTP/1.1)
HTTP/1.1 200 OK
Content-Type: application/json; charset=utf-8
cache-control: no-cache
content-length: 16

18:13:03.357 [AsyncHttpClient-1-3] DEBUG org.asynchttpclient.netty.channel.ChannelManager - Adding key: http://localhost:59720 for channel [id: 0x05ec6a6b, L:/127.0.0.1:51906 - R:localhost/127.0.0.1:59720]
18:13:03.358 [Forwarding findElement on session 2f5aaf1dd7ed88bf46c220e774b421c6 to remote] DEBUG org.asynchttpclient.netty.request.NettyRequestSender - Using pooled Channel '[id: 0x05ec6a6b, L:/127.0.0.1:51906 - R:localhost/127.0.0.1:59720]' for 'POST' to 'http://localhost:59720/session/2f5aaf1dd7ed88bf46c220e774b421c6/element'
18:13:03.358 [Forwarding findElement on session 2f5aaf1dd7ed88bf46c220e774b421c6 to remote] DEBUG org.asynchttpclient.netty.request.NettyRequestSender - Using open Channel [id: 0x05ec6a6b, L:/127.0.0.1:51906 - R:localhost/127.0.0.1:59720] for POST '/session/2f5aaf1dd7ed88bf46c220e774b421c6/element'
18:13:03.363 [AsyncHttpClient-1-3] DEBUG org.asynchttpclient.netty.handler.HttpHandler - 

Request DefaultHttpRequest(decodeResult: success, version: HTTP/1.1)
POST /session/2f5aaf1dd7ed88bf46c220e774b421c6/element HTTP/1.1
User-Agent: selenium/4.1.2 (java windows)
Content-Length: 66
Content-Type: application/json; charset=utf-8
host: localhost:59720
accept: */*

Response DefaultHttpResponse(decodeResult: success, version: HTTP/1.1)
HTTP/1.1 200 OK
Content-Type: application/json; charset=utf-8
cache-control: no-cache
content-length: 88

18:13:03.363 [AsyncHttpClient-1-3] DEBUG org.asynchttpclient.netty.channel.ChannelManager - Adding key: http://localhost:59720 for channel [id: 0x05ec6a6b, L:/127.0.0.1:51906 - R:localhost/127.0.0.1:59720]
18:13:03.364 [Forwarding clickElement on session 2f5aaf1dd7ed88bf46c220e774b421c6 to remote] DEBUG org.asynchttpclient.netty.request.NettyRequestSender - Using pooled Channel '[id: 0x05ec6a6b, L:/127.0.0.1:51906 - R:localhost/127.0.0.1:59720]' for 'POST' to 'http://localhost:59720/session/2f5aaf1dd7ed88bf46c220e774b421c6/element/8165586c-a3b1-4343-b4b5-20532dc94bc0/click'
18:13:03.364 [Forwarding clickElement on session 2f5aaf1dd7ed88bf46c220e774b421c6 to remote] DEBUG org.asynchttpclient.netty.request.NettyRequestSender - Using open Channel [id: 0x05ec6a6b, L:/127.0.0.1:51906 - R:localhost/127.0.0.1:59720] for POST '/session/2f5aaf1dd7ed88bf46c220e774b421c6/element/8165586c-a3b1-4343-b4b5-20532dc94bc0/click'
18:13:03.399 [AsyncHttpClient-1-3] DEBUG org.asynchttpclient.netty.handler.HttpHandler - 

Request DefaultHttpRequest(decodeResult: success, version: HTTP/1.1)
POST /session/2f5aaf1dd7ed88bf46c220e774b421c6/element/8165586c-a3b1-4343-b4b5-20532dc94bc0/click HTTP/1.1
User-Agent: selenium/4.1.2 (java windows)
Content-Length: 50
Content-Type: application/json; charset=utf-8
host: localhost:59720
accept: */*

Response DefaultHttpResponse(decodeResult: success, version: HTTP/1.1)
HTTP/1.1 200 OK
Content-Type: application/json; charset=utf-8
cache-control: no-cache
content-length: 14

18:13:03.400 [AsyncHttpClient-1-3] DEBUG org.asynchttpclient.netty.channel.ChannelManager - Adding key: http://localhost:59720 for channel [id: 0x05ec6a6b, L:/127.0.0.1:51906 - R:localhost/127.0.0.1:59720]
  &amp#27;[32mWhen &amp#27;[0m&amp#27;[32mI click button add&amp#27;[0m           &amp#27;[90m# starter.stepdefinitions.OrderStep.iClickButtonAdd()&amp#27;[0m
18:13:03.407 [Forwarding screenshot on session 2f5aaf1dd7ed88bf46c220e774b421c6 to remote] DEBUG org.asynchttpclient.netty.request.NettyRequestSender - Using pooled Channel '[id: 0x05ec6a6b, L:/127.0.0.1:51906 - R:localhost/127.0.0.1:59720]' for 'GET' to 'http://localhost:59720/session/2f5aaf1dd7ed88bf46c220e774b421c6/screenshot'
18:13:03.407 [Forwarding screenshot on session 2f5aaf1dd7ed88bf46c220e774b421c6 to remote] DEBUG org.asynchttpclient.netty.request.NettyRequestSender - Using open Channel [id: 0x05ec6a6b, L:/127.0.0.1:51906 - R:localhost/127.0.0.1:59720] for GET '/session/2f5aaf1dd7ed88bf46c220e774b421c6/screenshot'
18:13:03.548 [AsyncHttpClient-1-3] DEBUG org.asynchttpclient.netty.handler.HttpHandler - 

Request DefaultFullHttpRequest(decodeResult: success, version: HTTP/1.1, content: EmptyByteBufBE)
GET /session/2f5aaf1dd7ed88bf46c220e774b421c6/screenshot HTTP/1.1
User-Agent: selenium/4.1.2 (java windows)
Cache-Control: no-cache
Content-Type: application/json; charset=utf-8
host: localhost:59720
accept: */*

Response DefaultHttpResponse(decodeResult: success, version: HTTP/1.1)
HTTP/1.1 200 OK
Content-Type: application/json; charset=utf-8
cache-control: no-cache
content-length: 32652

18:13:03.549 [AsyncHttpClient-1-3] DEBUG org.asynchttpclient.netty.channel.ChannelManager - Adding key: http://localhost:59720 for channel [id: 0x05ec6a6b, L:/127.0.0.1:51906 - R:localhost/127.0.0.1:59720]
18:13:03.550 [main] DEBUG net.serenitybdd.core.photography.Darkroom - Send negative for processing for target\site\serenity\bd65cfeaebb1042b32bfd1ce0c193852e56c4a76d8e2e20f28be16e1ab1aa7bf.png
18:13:03.550 [Darkroom Processing Line] DEBUG net.serenitybdd.core.photography.DarkroomProcessingLine - Processing screenshot image in /var/screenshots/screenshot-12706791769777043342
18:13:03.550 [Darkroom Processing Line] DEBUG net.serenitybdd.core.photography.DarkroomProcessingLine - Saving screenshot to target\site\serenity\bd65cfeaebb1042b32bfd1ce0c193852e56c4a76d8e2e20f28be16e1ab1aa7bf.png
18:13:03.555 [Forwarding findElement on session 2f5aaf1dd7ed88bf46c220e774b421c6 to remote] DEBUG org.asynchttpclient.netty.request.NettyRequestSender - Using pooled Channel '[id: 0x05ec6a6b, L:/127.0.0.1:51906 - R:localhost/127.0.0.1:59720]' for 'POST' to 'http://localhost:59720/session/2f5aaf1dd7ed88bf46c220e774b421c6/element'
18:13:03.555 [Forwarding findElement on session 2f5aaf1dd7ed88bf46c220e774b421c6 to remote] DEBUG org.asynchttpclient.netty.request.NettyRequestSender - Using open Channel [id: 0x05ec6a6b, L:/127.0.0.1:51906 - R:localhost/127.0.0.1:59720] for POST '/session/2f5aaf1dd7ed88bf46c220e774b421c6/element'
18:13:03.566 [AsyncHttpClient-1-3] DEBUG org.asynchttpclient.netty.handler.HttpHandler - 

Request DefaultHttpRequest(decodeResult: success, version: HTTP/1.1)
POST /session/2f5aaf1dd7ed88bf46c220e774b421c6/element HTTP/1.1
User-Agent: selenium/4.1.2 (java windows)
Content-Length: 83
Content-Type: application/json; charset=utf-8
host: localhost:59720
accept: */*

Response DefaultHttpResponse(decodeResult: success, version: HTTP/1.1)
HTTP/1.1 200 OK
Content-Type: application/json; charset=utf-8
cache-control: no-cache
content-length: 88

18:13:03.566 [AsyncHttpClient-1-3] DEBUG org.asynchttpclient.netty.channel.ChannelManager - Adding key: http://localhost:59720 for channel [id: 0x05ec6a6b, L:/127.0.0.1:51906 - R:localhost/127.0.0.1:59720]
18:13:03.568 [Forwarding isElementDisplayed on session 2f5aaf1dd7ed88bf46c220e774b421c6 to remote] DEBUG org.asynchttpclient.netty.request.NettyRequestSender - Using pooled Channel '[id: 0x05ec6a6b, L:/127.0.0.1:51906 - R:localhost/127.0.0.1:59720]' for 'POST' to 'http://localhost:59720/session/2f5aaf1dd7ed88bf46c220e774b421c6/execute/sync'
18:13:03.569 [Forwarding isElementDisplayed on session 2f5aaf1dd7ed88bf46c220e774b421c6 to remote] DEBUG org.asynchttpclient.netty.request.NettyRequestSender - Using open Channel [id: 0x05ec6a6b, L:/127.0.0.1:51906 - R:localhost/127.0.0.1:59720] for POST '/session/2f5aaf1dd7ed88bf46c220e774b421c6/execute/sync'
18:13:03.581 [AsyncHttpClient-1-3] DEBUG org.asynchttpclient.netty.handler.HttpHandler - 

Request DefaultHttpRequest(decodeResult: success, version: HTTP/1.1)
POST /session/2f5aaf1dd7ed88bf46c220e774b421c6/execute/sync HTTP/1.1
User-Agent: selenium/4.1.2 (java windows)
Content-Length: 48780
Content-Type: application/json; charset=utf-8
host: localhost:59720
accept: */*

Response DefaultHttpResponse(decodeResult: success, version: HTTP/1.1)
HTTP/1.1 200 OK
Content-Type: application/json; charset=utf-8
cache-control: no-cache
content-length: 14

18:13:03.581 [AsyncHttpClient-1-3] DEBUG org.asynchttpclient.netty.channel.ChannelManager - Adding key: http://localhost:59720 for channel [id: 0x05ec6a6b, L:/127.0.0.1:51906 - R:localhost/127.0.0.1:59720]
  &amp#27;[32mAnd &amp#27;[0m&amp#27;[32mText qty has change&amp#27;[0m           &amp#27;[90m# starter.stepdefinitions.OrderStep.textQtyHasChange()&amp#27;[0m
18:13:03.592 [Forwarding findElement on session 2f5aaf1dd7ed88bf46c220e774b421c6 to remote] DEBUG org.asynchttpclient.netty.request.NettyRequestSender - Using pooled Channel '[id: 0x05ec6a6b, L:/127.0.0.1:51906 - R:localhost/127.0.0.1:59720]' for 'POST' to 'http://localhost:59720/session/2f5aaf1dd7ed88bf46c220e774b421c6/element'
18:13:03.592 [Forwarding findElement on session 2f5aaf1dd7ed88bf46c220e774b421c6 to remote] DEBUG org.asynchttpclient.netty.request.NettyRequestSender - Using open Channel [id: 0x05ec6a6b, L:/127.0.0.1:51906 - R:localhost/127.0.0.1:59720] for POST '/session/2f5aaf1dd7ed88bf46c220e774b421c6/element'
18:13:03.603 [AsyncHttpClient-1-3] DEBUG org.asynchttpclient.netty.handler.HttpHandler - 

Request DefaultHttpRequest(decodeResult: success, version: HTTP/1.1)
POST /session/2f5aaf1dd7ed88bf46c220e774b421c6/element HTTP/1.1
User-Agent: selenium/4.1.2 (java windows)
Content-Length: 66
Content-Type: application/json; charset=utf-8
host: localhost:59720
accept: */*

Response DefaultHttpResponse(decodeResult: success, version: HTTP/1.1)
HTTP/1.1 200 OK
Content-Type: application/json; charset=utf-8
cache-control: no-cache
content-length: 88

18:13:03.603 [AsyncHttpClient-1-3] DEBUG org.asynchttpclient.netty.channel.ChannelManager - Adding key: http://localhost:59720 for channel [id: 0x05ec6a6b, L:/127.0.0.1:51906 - R:localhost/127.0.0.1:59720]
18:13:03.604 [Forwarding getElementTagName on session 2f5aaf1dd7ed88bf46c220e774b421c6 to remote] DEBUG org.asynchttpclient.netty.request.NettyRequestSender - Using pooled Channel '[id: 0x05ec6a6b, L:/127.0.0.1:51906 - R:localhost/127.0.0.1:59720]' for 'GET' to 'http://localhost:59720/session/2f5aaf1dd7ed88bf46c220e774b421c6/element/490052c0-74bf-4c4c-a69f-0242736e90bf/name'
18:13:03.604 [Forwarding getElementTagName on session 2f5aaf1dd7ed88bf46c220e774b421c6 to remote] DEBUG org.asynchttpclient.netty.request.NettyRequestSender - Using open Channel [id: 0x05ec6a6b, L:/127.0.0.1:51906 - R:localhost/127.0.0.1:59720] for GET '/session/2f5aaf1dd7ed88bf46c220e774b421c6/element/490052c0-74bf-4c4c-a69f-0242736e90bf/name'
18:13:03.608 [AsyncHttpClient-1-3] DEBUG org.asynchttpclient.netty.handler.HttpHandler - 

Request DefaultFullHttpRequest(decodeResult: success, version: HTTP/1.1, content: EmptyByteBufBE)
GET /session/2f5aaf1dd7ed88bf46c220e774b421c6/element/490052c0-74bf-4c4c-a69f-0242736e90bf/name HTTP/1.1
User-Agent: selenium/4.1.2 (java windows)
Cache-Control: no-cache
Content-Type: application/json; charset=utf-8
host: localhost:59720
accept: */*

Response DefaultHttpResponse(decodeResult: success, version: HTTP/1.1)
HTTP/1.1 200 OK
Content-Type: application/json; charset=utf-8
cache-control: no-cache
content-length: 16

18:13:03.608 [AsyncHttpClient-1-3] DEBUG org.asynchttpclient.netty.channel.ChannelManager - Adding key: http://localhost:59720 for channel [id: 0x05ec6a6b, L:/127.0.0.1:51906 - R:localhost/127.0.0.1:59720]
18:13:03.609 [Forwarding getElementTagName on session 2f5aaf1dd7ed88bf46c220e774b421c6 to remote] DEBUG org.asynchttpclient.netty.request.NettyRequestSender - Using pooled Channel '[id: 0x05ec6a6b, L:/127.0.0.1:51906 - R:localhost/127.0.0.1:59720]' for 'GET' to 'http://localhost:59720/session/2f5aaf1dd7ed88bf46c220e774b421c6/element/490052c0-74bf-4c4c-a69f-0242736e90bf/name'
18:13:03.609 [Forwarding getElementTagName on session 2f5aaf1dd7ed88bf46c220e774b421c6 to remote] DEBUG org.asynchttpclient.netty.request.NettyRequestSender - Using open Channel [id: 0x05ec6a6b, L:/127.0.0.1:51906 - R:localhost/127.0.0.1:59720] for GET '/session/2f5aaf1dd7ed88bf46c220e774b421c6/element/490052c0-74bf-4c4c-a69f-0242736e90bf/name'
18:13:03.613 [AsyncHttpClient-1-3] DEBUG org.asynchttpclient.netty.handler.HttpHandler - 

Request DefaultFullHttpRequest(decodeResult: success, version: HTTP/1.1, content: EmptyByteBufBE)
GET /session/2f5aaf1dd7ed88bf46c220e774b421c6/element/490052c0-74bf-4c4c-a69f-0242736e90bf/name HTTP/1.1
User-Agent: selenium/4.1.2 (java windows)
Cache-Control: no-cache
Content-Type: application/json; charset=utf-8
host: localhost:59720
accept: */*

Response DefaultHttpResponse(decodeResult: success, version: HTTP/1.1)
HTTP/1.1 200 OK
Content-Type: application/json; charset=utf-8
cache-control: no-cache
content-length: 16

18:13:03.613 [AsyncHttpClient-1-3] DEBUG org.asynchttpclient.netty.channel.ChannelManager - Adding key: http://localhost:59720 for channel [id: 0x05ec6a6b, L:/127.0.0.1:51906 - R:localhost/127.0.0.1:59720]
18:13:03.614 [Forwarding findElement on session 2f5aaf1dd7ed88bf46c220e774b421c6 to remote] DEBUG org.asynchttpclient.netty.request.NettyRequestSender - Using pooled Channel '[id: 0x05ec6a6b, L:/127.0.0.1:51906 - R:localhost/127.0.0.1:59720]' for 'POST' to 'http://localhost:59720/session/2f5aaf1dd7ed88bf46c220e774b421c6/element'
18:13:03.614 [Forwarding findElement on session 2f5aaf1dd7ed88bf46c220e774b421c6 to remote] DEBUG org.asynchttpclient.netty.request.NettyRequestSender - Using open Channel [id: 0x05ec6a6b, L:/127.0.0.1:51906 - R:localhost/127.0.0.1:59720] for POST '/session/2f5aaf1dd7ed88bf46c220e774b421c6/element'
18:13:03.620 [AsyncHttpClient-1-3] DEBUG org.asynchttpclient.netty.handler.HttpHandler - 

Request DefaultHttpRequest(decodeResult: success, version: HTTP/1.1)
POST /session/2f5aaf1dd7ed88bf46c220e774b421c6/element HTTP/1.1
User-Agent: selenium/4.1.2 (java windows)
Content-Length: 66
Content-Type: application/json; charset=utf-8
host: localhost:59720
accept: */*

Response DefaultHttpResponse(decodeResult: success, version: HTTP/1.1)
HTTP/1.1 200 OK
Content-Type: application/json; charset=utf-8
cache-control: no-cache
content-length: 88

18:13:03.620 [AsyncHttpClient-1-3] DEBUG org.asynchttpclient.netty.channel.ChannelManager - Adding key: http://localhost:59720 for channel [id: 0x05ec6a6b, L:/127.0.0.1:51906 - R:localhost/127.0.0.1:59720]
18:13:03.622 [Forwarding clickElement on session 2f5aaf1dd7ed88bf46c220e774b421c6 to remote] DEBUG org.asynchttpclient.netty.request.NettyRequestSender - Using pooled Channel '[id: 0x05ec6a6b, L:/127.0.0.1:51906 - R:localhost/127.0.0.1:59720]' for 'POST' to 'http://localhost:59720/session/2f5aaf1dd7ed88bf46c220e774b421c6/element/490052c0-74bf-4c4c-a69f-0242736e90bf/click'
18:13:03.622 [Forwarding clickElement on session 2f5aaf1dd7ed88bf46c220e774b421c6 to remote] DEBUG org.asynchttpclient.netty.request.NettyRequestSender - Using open Channel [id: 0x05ec6a6b, L:/127.0.0.1:51906 - R:localhost/127.0.0.1:59720] for POST '/session/2f5aaf1dd7ed88bf46c220e774b421c6/element/490052c0-74bf-4c4c-a69f-0242736e90bf/click'
18:13:03.655 [AsyncHttpClient-1-3] DEBUG org.asynchttpclient.netty.handler.HttpHandler - 

Request DefaultHttpRequest(decodeResult: success, version: HTTP/1.1)
POST /session/2f5aaf1dd7ed88bf46c220e774b421c6/element/490052c0-74bf-4c4c-a69f-0242736e90bf/click HTTP/1.1
User-Agent: selenium/4.1.2 (java windows)
Content-Length: 50
Content-Type: application/json; charset=utf-8
host: localhost:59720
accept: */*

Response DefaultHttpResponse(decodeResult: success, version: HTTP/1.1)
HTTP/1.1 200 OK
Content-Type: application/json; charset=utf-8
cache-control: no-cache
content-length: 14

18:13:03.655 [AsyncHttpClient-1-3] DEBUG org.asynchttpclient.netty.channel.ChannelManager - Adding key: http://localhost:59720 for channel [id: 0x05ec6a6b, L:/127.0.0.1:51906 - R:localhost/127.0.0.1:59720]
  &amp#27;[32mAnd &amp#27;[0m&amp#27;[32mI click button delete&amp#27;[0m         &amp#27;[90m# starter.stepdefinitions.OrderStep.iClickButtonDelete()&amp#27;[0m
18:13:03.660 [Forwarding screenshot on session 2f5aaf1dd7ed88bf46c220e774b421c6 to remote] DEBUG org.asynchttpclient.netty.request.NettyRequestSender - Using pooled Channel '[id: 0x05ec6a6b, L:/127.0.0.1:51906 - R:localhost/127.0.0.1:59720]' for 'GET' to 'http://localhost:59720/session/2f5aaf1dd7ed88bf46c220e774b421c6/screenshot'
18:13:03.660 [Forwarding screenshot on session 2f5aaf1dd7ed88bf46c220e774b421c6 to remote] DEBUG org.asynchttpclient.netty.request.NettyRequestSender - Using open Channel [id: 0x05ec6a6b, L:/127.0.0.1:51906 - R:localhost/127.0.0.1:59720] for GET '/session/2f5aaf1dd7ed88bf46c220e774b421c6/screenshot'
18:13:03.779 [AsyncHttpClient-1-1] DEBUG org.asynchttpclient.netty.channel.DefaultChannelPool - Entry count for : http://localhost:51907 : 1
18:13:03.804 [AsyncHttpClient-1-3] DEBUG org.asynchttpclient.netty.handler.HttpHandler - 

Request DefaultFullHttpRequest(decodeResult: success, version: HTTP/1.1, content: EmptyByteBufBE)
GET /session/2f5aaf1dd7ed88bf46c220e774b421c6/screenshot HTTP/1.1
User-Agent: selenium/4.1.2 (java windows)
Cache-Control: no-cache
Content-Type: application/json; charset=utf-8
host: localhost:59720
accept: */*

Response DefaultHttpResponse(decodeResult: success, version: HTTP/1.1)
HTTP/1.1 200 OK
Content-Type: application/json; charset=utf-8
cache-control: no-cache
content-length: 29748

18:13:03.804 [AsyncHttpClient-1-3] DEBUG org.asynchttpclient.netty.channel.ChannelManager - Adding key: http://localhost:59720 for channel [id: 0x05ec6a6b, L:/127.0.0.1:51906 - R:localhost/127.0.0.1:59720]
18:13:03.806 [main] DEBUG net.serenitybdd.core.photography.Darkroom - Send negative for processing for target\site\serenity\e38a379c59c747919c3048fcb45bbfa5f0dce25aaece5fa2b85a4f99c075a3b4.png
18:13:03.806 [Darkroom Processing Line] DEBUG net.serenitybdd.core.photography.DarkroomProcessingLine - Processing screenshot image in /var/screenshots/screenshot-2567774565579786602
18:13:03.806 [Darkroom Processing Line] DEBUG net.serenitybdd.core.photography.DarkroomProcessingLine - Saving screenshot to target\site\serenity\e38a379c59c747919c3048fcb45bbfa5f0dce25aaece5fa2b85a4f99c075a3b4.png
18:13:03.811 [Forwarding findElement on session 2f5aaf1dd7ed88bf46c220e774b421c6 to remote] DEBUG org.asynchttpclient.netty.request.NettyRequestSender - Using pooled Channel '[id: 0x05ec6a6b, L:/127.0.0.1:51906 - R:localhost/127.0.0.1:59720]' for 'POST' to 'http://localhost:59720/session/2f5aaf1dd7ed88bf46c220e774b421c6/element'
18:13:03.811 [Forwarding findElement on session 2f5aaf1dd7ed88bf46c220e774b421c6 to remote] DEBUG org.asynchttpclient.netty.request.NettyRequestSender - Using open Channel [id: 0x05ec6a6b, L:/127.0.0.1:51906 - R:localhost/127.0.0.1:59720] for POST '/session/2f5aaf1dd7ed88bf46c220e774b421c6/element'
18:13:03.817 [AsyncHttpClient-1-3] DEBUG org.asynchttpclient.netty.handler.HttpHandler - 

Request DefaultHttpRequest(decodeResult: success, version: HTTP/1.1)
POST /session/2f5aaf1dd7ed88bf46c220e774b421c6/element HTTP/1.1
User-Agent: selenium/4.1.2 (java windows)
Content-Length: 83
Content-Type: application/json; charset=utf-8
host: localhost:59720
accept: */*

Response DefaultHttpResponse(decodeResult: success, version: HTTP/1.1)
HTTP/1.1 200 OK
Content-Type: application/json; charset=utf-8
cache-control: no-cache
content-length: 88

18:13:03.818 [AsyncHttpClient-1-3] DEBUG org.asynchttpclient.netty.channel.ChannelManager - Adding key: http://localhost:59720 for channel [id: 0x05ec6a6b, L:/127.0.0.1:51906 - R:localhost/127.0.0.1:59720]
18:13:03.820 [Forwarding isElementDisplayed on session 2f5aaf1dd7ed88bf46c220e774b421c6 to remote] DEBUG org.asynchttpclient.netty.request.NettyRequestSender - Using pooled Channel '[id: 0x05ec6a6b, L:/127.0.0.1:51906 - R:localhost/127.0.0.1:59720]' for 'POST' to 'http://localhost:59720/session/2f5aaf1dd7ed88bf46c220e774b421c6/execute/sync'
18:13:03.820 [Forwarding isElementDisplayed on session 2f5aaf1dd7ed88bf46c220e774b421c6 to remote] DEBUG org.asynchttpclient.netty.request.NettyRequestSender - Using open Channel [id: 0x05ec6a6b, L:/127.0.0.1:51906 - R:localhost/127.0.0.1:59720] for POST '/session/2f5aaf1dd7ed88bf46c220e774b421c6/execute/sync'
18:13:03.834 [AsyncHttpClient-1-3] DEBUG org.asynchttpclient.netty.handler.HttpHandler - 

Request DefaultHttpRequest(decodeResult: success, version: HTTP/1.1)
POST /session/2f5aaf1dd7ed88bf46c220e774b421c6/execute/sync HTTP/1.1
User-Agent: selenium/4.1.2 (java windows)
Content-Length: 48780
Content-Type: application/json; charset=utf-8
host: localhost:59720
accept: */*

Response DefaultHttpResponse(decodeResult: success, version: HTTP/1.1)
HTTP/1.1 200 OK
Content-Type: application/json; charset=utf-8
cache-control: no-cache
content-length: 14

18:13:03.834 [AsyncHttpClient-1-3] DEBUG org.asynchttpclient.netty.channel.ChannelManager - Adding key: http://localhost:59720 for channel [id: 0x05ec6a6b, L:/127.0.0.1:51906 - R:localhost/127.0.0.1:59720]
  &amp#27;[32mAnd &amp#27;[0m&amp#27;[32mText qty has change&amp#27;[0m           &amp#27;[90m# starter.stepdefinitions.OrderStep.textQtyHasChange()&amp#27;[0m
18:13:03.842 [Forwarding findElement on session 2f5aaf1dd7ed88bf46c220e774b421c6 to remote] DEBUG org.asynchttpclient.netty.request.NettyRequestSender - Using pooled Channel '[id: 0x05ec6a6b, L:/127.0.0.1:51906 - R:localhost/127.0.0.1:59720]' for 'POST' to 'http://localhost:59720/session/2f5aaf1dd7ed88bf46c220e774b421c6/element'
18:13:03.842 [Forwarding findElement on session 2f5aaf1dd7ed88bf46c220e774b421c6 to remote] DEBUG org.asynchttpclient.netty.request.NettyRequestSender - Using open Channel [id: 0x05ec6a6b, L:/127.0.0.1:51906 - R:localhost/127.0.0.1:59720] for POST '/session/2f5aaf1dd7ed88bf46c220e774b421c6/element'
18:13:03.852 [AsyncHttpClient-1-3] DEBUG org.asynchttpclient.netty.handler.HttpHandler - 

Request DefaultHttpRequest(decodeResult: success, version: HTTP/1.1)
POST /session/2f5aaf1dd7ed88bf46c220e774b421c6/element HTTP/1.1
User-Agent: selenium/4.1.2 (java windows)
Content-Length: 59
Content-Type: application/json; charset=utf-8
host: localhost:59720
accept: */*

Response DefaultHttpResponse(decodeResult: success, version: HTTP/1.1)
HTTP/1.1 200 OK
Content-Type: application/json; charset=utf-8
cache-control: no-cache
content-length: 88

18:13:03.852 [AsyncHttpClient-1-3] DEBUG org.asynchttpclient.netty.channel.ChannelManager - Adding key: http://localhost:59720 for channel [id: 0x05ec6a6b, L:/127.0.0.1:51906 - R:localhost/127.0.0.1:59720]
18:13:03.853 [Forwarding getElementTagName on session 2f5aaf1dd7ed88bf46c220e774b421c6 to remote] DEBUG org.asynchttpclient.netty.request.NettyRequestSender - Using pooled Channel '[id: 0x05ec6a6b, L:/127.0.0.1:51906 - R:localhost/127.0.0.1:59720]' for 'GET' to 'http://localhost:59720/session/2f5aaf1dd7ed88bf46c220e774b421c6/element/f932ad2e-f4ab-4422-b0d0-4ba94cc2471e/name'
18:13:03.853 [Forwarding getElementTagName on session 2f5aaf1dd7ed88bf46c220e774b421c6 to remote] DEBUG org.asynchttpclient.netty.request.NettyRequestSender - Using open Channel [id: 0x05ec6a6b, L:/127.0.0.1:51906 - R:localhost/127.0.0.1:59720] for GET '/session/2f5aaf1dd7ed88bf46c220e774b421c6/element/f932ad2e-f4ab-4422-b0d0-4ba94cc2471e/name'
18:13:03.857 [AsyncHttpClient-1-3] DEBUG org.asynchttpclient.netty.handler.HttpHandler - 

Request DefaultFullHttpRequest(decodeResult: success, version: HTTP/1.1, content: EmptyByteBufBE)
GET /session/2f5aaf1dd7ed88bf46c220e774b421c6/element/f932ad2e-f4ab-4422-b0d0-4ba94cc2471e/name HTTP/1.1
User-Agent: selenium/4.1.2 (java windows)
Cache-Control: no-cache
Content-Type: application/json; charset=utf-8
host: localhost:59720
accept: */*

Response DefaultHttpResponse(decodeResult: success, version: HTTP/1.1)
HTTP/1.1 200 OK
Content-Type: application/json; charset=utf-8
cache-control: no-cache
content-length: 18

18:13:03.857 [AsyncHttpClient-1-3] DEBUG org.asynchttpclient.netty.channel.ChannelManager - Adding key: http://localhost:59720 for channel [id: 0x05ec6a6b, L:/127.0.0.1:51906 - R:localhost/127.0.0.1:59720]
18:13:03.858 [Forwarding getElementTagName on session 2f5aaf1dd7ed88bf46c220e774b421c6 to remote] DEBUG org.asynchttpclient.netty.request.NettyRequestSender - Using pooled Channel '[id: 0x05ec6a6b, L:/127.0.0.1:51906 - R:localhost/127.0.0.1:59720]' for 'GET' to 'http://localhost:59720/session/2f5aaf1dd7ed88bf46c220e774b421c6/element/f932ad2e-f4ab-4422-b0d0-4ba94cc2471e/name'
18:13:03.858 [Forwarding getElementTagName on session 2f5aaf1dd7ed88bf46c220e774b421c6 to remote] DEBUG org.asynchttpclient.netty.request.NettyRequestSender - Using open Channel [id: 0x05ec6a6b, L:/127.0.0.1:51906 - R:localhost/127.0.0.1:59720] for GET '/session/2f5aaf1dd7ed88bf46c220e774b421c6/element/f932ad2e-f4ab-4422-b0d0-4ba94cc2471e/name'
18:13:03.861 [AsyncHttpClient-1-3] DEBUG org.asynchttpclient.netty.handler.HttpHandler - 

Request DefaultFullHttpRequest(decodeResult: success, version: HTTP/1.1, content: EmptyByteBufBE)
GET /session/2f5aaf1dd7ed88bf46c220e774b421c6/element/f932ad2e-f4ab-4422-b0d0-4ba94cc2471e/name HTTP/1.1
User-Agent: selenium/4.1.2 (java windows)
Cache-Control: no-cache
Content-Type: application/json; charset=utf-8
host: localhost:59720
accept: */*

Response DefaultHttpResponse(decodeResult: success, version: HTTP/1.1)
HTTP/1.1 200 OK
Content-Type: application/json; charset=utf-8
cache-control: no-cache
content-length: 18

18:13:03.861 [AsyncHttpClient-1-3] DEBUG org.asynchttpclient.netty.channel.ChannelManager - Adding key: http://localhost:59720 for channel [id: 0x05ec6a6b, L:/127.0.0.1:51906 - R:localhost/127.0.0.1:59720]
18:13:03.862 [Forwarding isElementEnabled on session 2f5aaf1dd7ed88bf46c220e774b421c6 to remote] DEBUG org.asynchttpclient.netty.request.NettyRequestSender - Using pooled Channel '[id: 0x05ec6a6b, L:/127.0.0.1:51906 - R:localhost/127.0.0.1:59720]' for 'GET' to 'http://localhost:59720/session/2f5aaf1dd7ed88bf46c220e774b421c6/element/f932ad2e-f4ab-4422-b0d0-4ba94cc2471e/enabled'
18:13:03.862 [Forwarding isElementEnabled on session 2f5aaf1dd7ed88bf46c220e774b421c6 to remote] DEBUG org.asynchttpclient.netty.request.NettyRequestSender - Using open Channel [id: 0x05ec6a6b, L:/127.0.0.1:51906 - R:localhost/127.0.0.1:59720] for GET '/session/2f5aaf1dd7ed88bf46c220e774b421c6/element/f932ad2e-f4ab-4422-b0d0-4ba94cc2471e/enabled'
18:13:03.870 [AsyncHttpClient-1-3] DEBUG org.asynchttpclient.netty.handler.HttpHandler - 

Request DefaultFullHttpRequest(decodeResult: success, version: HTTP/1.1, content: EmptyByteBufBE)
GET /session/2f5aaf1dd7ed88bf46c220e774b421c6/element/f932ad2e-f4ab-4422-b0d0-4ba94cc2471e/enabled HTTP/1.1
User-Agent: selenium/4.1.2 (java windows)
Cache-Control: no-cache
Content-Type: application/json; charset=utf-8
host: localhost:59720
accept: */*

Response DefaultHttpResponse(decodeResult: success, version: HTTP/1.1)
HTTP/1.1 200 OK
Content-Type: application/json; charset=utf-8
cache-control: no-cache
content-length: 14

18:13:03.870 [AsyncHttpClient-1-3] DEBUG org.asynchttpclient.netty.channel.ChannelManager - Adding key: http://localhost:59720 for channel [id: 0x05ec6a6b, L:/127.0.0.1:51906 - R:localhost/127.0.0.1:59720]
18:13:03.871 [Forwarding isElementEnabled on session 2f5aaf1dd7ed88bf46c220e774b421c6 to remote] DEBUG org.asynchttpclient.netty.request.NettyRequestSender - Using pooled Channel '[id: 0x05ec6a6b, L:/127.0.0.1:51906 - R:localhost/127.0.0.1:59720]' for 'GET' to 'http://localhost:59720/session/2f5aaf1dd7ed88bf46c220e774b421c6/element/f932ad2e-f4ab-4422-b0d0-4ba94cc2471e/enabled'
18:13:03.871 [Forwarding isElementEnabled on session 2f5aaf1dd7ed88bf46c220e774b421c6 to remote] DEBUG org.asynchttpclient.netty.request.NettyRequestSender - Using open Channel [id: 0x05ec6a6b, L:/127.0.0.1:51906 - R:localhost/127.0.0.1:59720] for GET '/session/2f5aaf1dd7ed88bf46c220e774b421c6/element/f932ad2e-f4ab-4422-b0d0-4ba94cc2471e/enabled'
18:13:03.876 [AsyncHttpClient-1-3] DEBUG org.asynchttpclient.netty.handler.HttpHandler - 

Request DefaultFullHttpRequest(decodeResult: success, version: HTTP/1.1, content: EmptyByteBufBE)
GET /session/2f5aaf1dd7ed88bf46c220e774b421c6/element/f932ad2e-f4ab-4422-b0d0-4ba94cc2471e/enabled HTTP/1.1
User-Agent: selenium/4.1.2 (java windows)
Cache-Control: no-cache
Content-Type: application/json; charset=utf-8
host: localhost:59720
accept: */*

Response DefaultHttpResponse(decodeResult: success, version: HTTP/1.1)
HTTP/1.1 200 OK
Content-Type: application/json; charset=utf-8
cache-control: no-cache
content-length: 14

18:13:03.876 [AsyncHttpClient-1-3] DEBUG org.asynchttpclient.netty.channel.ChannelManager - Adding key: http://localhost:59720 for channel [id: 0x05ec6a6b, L:/127.0.0.1:51906 - R:localhost/127.0.0.1:59720]
18:13:03.878 [Forwarding findElement on session 2f5aaf1dd7ed88bf46c220e774b421c6 to remote] DEBUG org.asynchttpclient.netty.request.NettyRequestSender - Using pooled Channel '[id: 0x05ec6a6b, L:/127.0.0.1:51906 - R:localhost/127.0.0.1:59720]' for 'POST' to 'http://localhost:59720/session/2f5aaf1dd7ed88bf46c220e774b421c6/element'
18:13:03.878 [Forwarding findElement on session 2f5aaf1dd7ed88bf46c220e774b421c6 to remote] DEBUG org.asynchttpclient.netty.request.NettyRequestSender - Using open Channel [id: 0x05ec6a6b, L:/127.0.0.1:51906 - R:localhost/127.0.0.1:59720] for POST '/session/2f5aaf1dd7ed88bf46c220e774b421c6/element'
18:13:03.884 [AsyncHttpClient-1-3] DEBUG org.asynchttpclient.netty.handler.HttpHandler - 

Request DefaultHttpRequest(decodeResult: success, version: HTTP/1.1)
POST /session/2f5aaf1dd7ed88bf46c220e774b421c6/element HTTP/1.1
User-Agent: selenium/4.1.2 (java windows)
Content-Length: 59
Content-Type: application/json; charset=utf-8
host: localhost:59720
accept: */*

Response DefaultHttpResponse(decodeResult: success, version: HTTP/1.1)
HTTP/1.1 200 OK
Content-Type: application/json; charset=utf-8
cache-control: no-cache
content-length: 88

18:13:03.884 [AsyncHttpClient-1-3] DEBUG org.asynchttpclient.netty.channel.ChannelManager - Adding key: http://localhost:59720 for channel [id: 0x05ec6a6b, L:/127.0.0.1:51906 - R:localhost/127.0.0.1:59720]
18:13:03.885 [Forwarding clickElement on session 2f5aaf1dd7ed88bf46c220e774b421c6 to remote] DEBUG org.asynchttpclient.netty.request.NettyRequestSender - Using pooled Channel '[id: 0x05ec6a6b, L:/127.0.0.1:51906 - R:localhost/127.0.0.1:59720]' for 'POST' to 'http://localhost:59720/session/2f5aaf1dd7ed88bf46c220e774b421c6/element/f932ad2e-f4ab-4422-b0d0-4ba94cc2471e/click'
18:13:03.885 [Forwarding clickElement on session 2f5aaf1dd7ed88bf46c220e774b421c6 to remote] DEBUG org.asynchttpclient.netty.request.NettyRequestSender - Using open Channel [id: 0x05ec6a6b, L:/127.0.0.1:51906 - R:localhost/127.0.0.1:59720] for POST '/session/2f5aaf1dd7ed88bf46c220e774b421c6/element/f932ad2e-f4ab-4422-b0d0-4ba94cc2471e/click'
18:13:03.921 [AsyncHttpClient-1-3] DEBUG org.asynchttpclient.netty.handler.HttpHandler - 

Request DefaultHttpRequest(decodeResult: success, version: HTTP/1.1)
POST /session/2f5aaf1dd7ed88bf46c220e774b421c6/element/f932ad2e-f4ab-4422-b0d0-4ba94cc2471e/click HTTP/1.1
User-Agent: selenium/4.1.2 (java windows)
Content-Length: 50
Content-Type: application/json; charset=utf-8
host: localhost:59720
accept: */*

Response DefaultHttpResponse(decodeResult: success, version: HTTP/1.1)
HTTP/1.1 200 OK
Content-Type: application/json; charset=utf-8
cache-control: no-cache
content-length: 14

18:13:03.922 [AsyncHttpClient-1-3] DEBUG org.asynchttpclient.netty.channel.ChannelManager - Adding key: http://localhost:59720 for channel [id: 0x05ec6a6b, L:/127.0.0.1:51906 - R:localhost/127.0.0.1:59720]
18:13:03.928 [Forwarding screenshot on session 2f5aaf1dd7ed88bf46c220e774b421c6 to remote] DEBUG org.asynchttpclient.netty.request.NettyRequestSender - Using pooled Channel '[id: 0x05ec6a6b, L:/127.0.0.1:51906 - R:localhost/127.0.0.1:59720]' for 'GET' to 'http://localhost:59720/session/2f5aaf1dd7ed88bf46c220e774b421c6/screenshot'
18:13:03.928 [Forwarding screenshot on session 2f5aaf1dd7ed88bf46c220e774b421c6 to remote] DEBUG org.asynchttpclient.netty.request.NettyRequestSender - Using open Channel [id: 0x05ec6a6b, L:/127.0.0.1:51906 - R:localhost/127.0.0.1:59720] for GET '/session/2f5aaf1dd7ed88bf46c220e774b421c6/screenshot'
18:13:04.082 [AsyncHttpClient-1-3] DEBUG org.asynchttpclient.netty.handler.HttpHandler - 

Request DefaultFullHttpRequest(decodeResult: success, version: HTTP/1.1, content: EmptyByteBufBE)
GET /session/2f5aaf1dd7ed88bf46c220e774b421c6/screenshot HTTP/1.1
User-Agent: selenium/4.1.2 (java windows)
Cache-Control: no-cache
Content-Type: application/json; charset=utf-8
host: localhost:59720
accept: */*

Response DefaultHttpResponse(decodeResult: success, version: HTTP/1.1)
HTTP/1.1 200 OK
Content-Type: application/json; charset=utf-8
cache-control: no-cache
content-length: 24884

18:13:04.083 [AsyncHttpClient-1-3] DEBUG org.asynchttpclient.netty.channel.ChannelManager - Adding key: http://localhost:59720 for channel [id: 0x05ec6a6b, L:/127.0.0.1:51906 - R:localhost/127.0.0.1:59720]
18:13:04.084 [main] DEBUG net.serenitybdd.core.photography.Darkroom - Send negative for processing for target\site\serenity\78648ce7445b9226fab94dc126049d32cfbe45d7cc0e249790210bd23f7d45b7.png
18:13:04.085 [main] DEBUG net.thucydides.core.steps.StepInterceptor - STARTING STEP: OrderStep.iClickButtonCheckoutOrder - iWillLogin
18:13:04.085 [Darkroom Processing Line] DEBUG net.serenitybdd.core.photography.DarkroomProcessingLine - Processing screenshot image in /var/screenshots/screenshot-4882355865876049599
18:13:04.085 [Darkroom Processing Line] DEBUG net.serenitybdd.core.photography.DarkroomProcessingLine - Saving screenshot to target\site\serenity\78648ce7445b9226fab94dc126049d32cfbe45d7cc0e249790210bd23f7d45b7.png
18:13:04.086 [Forwarding get on session 2f5aaf1dd7ed88bf46c220e774b421c6 to remote] DEBUG org.asynchttpclient.netty.request.NettyRequestSender - Using pooled Channel '[id: 0x05ec6a6b, L:/127.0.0.1:51906 - R:localhost/127.0.0.1:59720]' for 'POST' to 'http://localhost:59720/session/2f5aaf1dd7ed88bf46c220e774b421c6/url'
18:13:04.086 [Forwarding get on session 2f5aaf1dd7ed88bf46c220e774b421c6 to remote] DEBUG org.asynchttpclient.netty.request.NettyRequestSender - Using open Channel [id: 0x05ec6a6b, L:/127.0.0.1:51906 - R:localhost/127.0.0.1:59720] for POST '/session/2f5aaf1dd7ed88bf46c220e774b421c6/url'
18:13:04.419 [AsyncHttpClient-1-3] DEBUG org.asynchttpclient.netty.handler.HttpHandler - 

Request DefaultHttpRequest(decodeResult: success, version: HTTP/1.1)
POST /session/2f5aaf1dd7ed88bf46c220e774b421c6/url HTTP/1.1
User-Agent: selenium/4.1.2 (java windows)
Content-Length: 74
Content-Type: application/json; charset=utf-8
host: localhost:59720
accept: */*

Response DefaultHttpResponse(decodeResult: success, version: HTTP/1.1)
HTTP/1.1 200 OK
Content-Type: application/json; charset=utf-8
cache-control: no-cache
content-length: 14

18:13:04.419 [AsyncHttpClient-1-3] DEBUG org.asynchttpclient.netty.channel.ChannelManager - Adding key: http://localhost:59720 for channel [id: 0x05ec6a6b, L:/127.0.0.1:51906 - R:localhost/127.0.0.1:59720]
18:13:04.421 [Forwarding getCurrentUrl on session 2f5aaf1dd7ed88bf46c220e774b421c6 to remote] DEBUG org.asynchttpclient.netty.request.NettyRequestSender - Using pooled Channel '[id: 0x05ec6a6b, L:/127.0.0.1:51906 - R:localhost/127.0.0.1:59720]' for 'GET' to 'http://localhost:59720/session/2f5aaf1dd7ed88bf46c220e774b421c6/url'
18:13:04.422 [Forwarding getCurrentUrl on session 2f5aaf1dd7ed88bf46c220e774b421c6 to remote] DEBUG org.asynchttpclient.netty.request.NettyRequestSender - Using open Channel [id: 0x05ec6a6b, L:/127.0.0.1:51906 - R:localhost/127.0.0.1:59720] for GET '/session/2f5aaf1dd7ed88bf46c220e774b421c6/url'
18:13:04.425 [AsyncHttpClient-1-3] DEBUG org.asynchttpclient.netty.handler.HttpHandler - 

Request DefaultFullHttpRequest(decodeResult: success, version: HTTP/1.1, content: EmptyByteBufBE)
GET /session/2f5aaf1dd7ed88bf46c220e774b421c6/url HTTP/1.1
User-Agent: selenium/4.1.2 (java windows)
Cache-Control: no-cache
Content-Type: application/json; charset=utf-8
host: localhost:59720
accept: */*

Response DefaultHttpResponse(decodeResult: success, version: HTTP/1.1)
HTTP/1.1 200 OK
Content-Type: application/json; charset=utf-8
cache-control: no-cache
content-length: 51

18:13:04.425 [AsyncHttpClient-1-3] DEBUG org.asynchttpclient.netty.channel.ChannelManager - Adding key: http://localhost:59720 for channel [id: 0x05ec6a6b, L:/127.0.0.1:51906 - R:localhost/127.0.0.1:59720]
18:13:04.428 [Forwarding findElement on session 2f5aaf1dd7ed88bf46c220e774b421c6 to remote] DEBUG org.asynchttpclient.netty.request.NettyRequestSender - Using pooled Channel '[id: 0x05ec6a6b, L:/127.0.0.1:51906 - R:localhost/127.0.0.1:59720]' for 'POST' to 'http://localhost:59720/session/2f5aaf1dd7ed88bf46c220e774b421c6/element'
18:13:04.428 [Forwarding findElement on session 2f5aaf1dd7ed88bf46c220e774b421c6 to remote] DEBUG org.asynchttpclient.netty.request.NettyRequestSender - Using open Channel [id: 0x05ec6a6b, L:/127.0.0.1:51906 - R:localhost/127.0.0.1:59720] for POST '/session/2f5aaf1dd7ed88bf46c220e774b421c6/element'
18:13:04.439 [AsyncHttpClient-1-3] DEBUG org.asynchttpclient.netty.handler.HttpHandler - 

Request DefaultHttpRequest(decodeResult: success, version: HTTP/1.1)
POST /session/2f5aaf1dd7ed88bf46c220e774b421c6/element HTTP/1.1
User-Agent: selenium/4.1.2 (java windows)
Content-Length: 55
Content-Type: application/json; charset=utf-8
host: localhost:59720
accept: */*

Response DefaultHttpResponse(decodeResult: success, version: HTTP/1.1)
HTTP/1.1 200 OK
Content-Type: application/json; charset=utf-8
cache-control: no-cache
content-length: 88

18:13:04.439 [AsyncHttpClient-1-3] DEBUG org.asynchttpclient.netty.channel.ChannelManager - Adding key: http://localhost:59720 for channel [id: 0x05ec6a6b, L:/127.0.0.1:51906 - R:localhost/127.0.0.1:59720]
18:13:04.440 [Forwarding clearElement on session 2f5aaf1dd7ed88bf46c220e774b421c6 to remote] DEBUG org.asynchttpclient.netty.request.NettyRequestSender - Using pooled Channel '[id: 0x05ec6a6b, L:/127.0.0.1:51906 - R:localhost/127.0.0.1:59720]' for 'POST' to 'http://localhost:59720/session/2f5aaf1dd7ed88bf46c220e774b421c6/element/f12ffcf0-92f2-4ba7-a539-000f8890acd3/clear'
18:13:04.440 [Forwarding clearElement on session 2f5aaf1dd7ed88bf46c220e774b421c6 to remote] DEBUG org.asynchttpclient.netty.request.NettyRequestSender - Using open Channel [id: 0x05ec6a6b, L:/127.0.0.1:51906 - R:localhost/127.0.0.1:59720] for POST '/session/2f5aaf1dd7ed88bf46c220e774b421c6/element/f12ffcf0-92f2-4ba7-a539-000f8890acd3/clear'
18:13:04.467 [AsyncHttpClient-1-3] DEBUG org.asynchttpclient.netty.handler.HttpHandler - 

Request DefaultHttpRequest(decodeResult: success, version: HTTP/1.1)
POST /session/2f5aaf1dd7ed88bf46c220e774b421c6/element/f12ffcf0-92f2-4ba7-a539-000f8890acd3/clear HTTP/1.1
User-Agent: selenium/4.1.2 (java windows)
Content-Length: 50
Content-Type: application/json; charset=utf-8
host: localhost:59720
accept: */*

Response DefaultHttpResponse(decodeResult: success, version: HTTP/1.1)
HTTP/1.1 200 OK
Content-Type: application/json; charset=utf-8
cache-control: no-cache
content-length: 14

18:13:04.467 [AsyncHttpClient-1-3] DEBUG org.asynchttpclient.netty.channel.ChannelManager - Adding key: http://localhost:59720 for channel [id: 0x05ec6a6b, L:/127.0.0.1:51906 - R:localhost/127.0.0.1:59720]
18:13:04.468 [Forwarding sendKeysToElement on session 2f5aaf1dd7ed88bf46c220e774b421c6 to remote] DEBUG org.asynchttpclient.netty.request.NettyRequestSender - Using pooled Channel '[id: 0x05ec6a6b, L:/127.0.0.1:51906 - R:localhost/127.0.0.1:59720]' for 'POST' to 'http://localhost:59720/session/2f5aaf1dd7ed88bf46c220e774b421c6/element/f12ffcf0-92f2-4ba7-a539-000f8890acd3/value'
18:13:04.469 [Forwarding sendKeysToElement on session 2f5aaf1dd7ed88bf46c220e774b421c6 to remote] DEBUG org.asynchttpclient.netty.request.NettyRequestSender - Using open Channel [id: 0x05ec6a6b, L:/127.0.0.1:51906 - R:localhost/127.0.0.1:59720] for POST '/session/2f5aaf1dd7ed88bf46c220e774b421c6/element/f12ffcf0-92f2-4ba7-a539-000f8890acd3/value'
18:13:04.570 [AsyncHttpClient-1-3] DEBUG org.asynchttpclient.netty.handler.HttpHandler - 

Request DefaultHttpRequest(decodeResult: success, version: HTTP/1.1)
POST /session/2f5aaf1dd7ed88bf46c220e774b421c6/element/f12ffcf0-92f2-4ba7-a539-000f8890acd3/value HTTP/1.1
User-Agent: selenium/4.1.2 (java windows)
Content-Length: 241
Content-Type: application/json; charset=utf-8
host: localhost:59720
accept: */*

Response DefaultHttpResponse(decodeResult: success, version: HTTP/1.1)
HTTP/1.1 200 OK
Content-Type: application/json; charset=utf-8
cache-control: no-cache
content-length: 14

18:13:04.570 [AsyncHttpClient-1-3] DEBUG org.asynchttpclient.netty.channel.ChannelManager - Adding key: http://localhost:59720 for channel [id: 0x05ec6a6b, L:/127.0.0.1:51906 - R:localhost/127.0.0.1:59720]
18:13:04.575 [Forwarding findElement on session 2f5aaf1dd7ed88bf46c220e774b421c6 to remote] DEBUG org.asynchttpclient.netty.request.NettyRequestSender - Using pooled Channel '[id: 0x05ec6a6b, L:/127.0.0.1:51906 - R:localhost/127.0.0.1:59720]' for 'POST' to 'http://localhost:59720/session/2f5aaf1dd7ed88bf46c220e774b421c6/element'
18:13:04.575 [Forwarding findElement on session 2f5aaf1dd7ed88bf46c220e774b421c6 to remote] DEBUG org.asynchttpclient.netty.request.NettyRequestSender - Using open Channel [id: 0x05ec6a6b, L:/127.0.0.1:51906 - R:localhost/127.0.0.1:59720] for POST '/session/2f5aaf1dd7ed88bf46c220e774b421c6/element'
18:13:04.587 [AsyncHttpClient-1-3] DEBUG org.asynchttpclient.netty.handler.HttpHandler - 

Request DefaultHttpRequest(decodeResult: success, version: HTTP/1.1)
POST /session/2f5aaf1dd7ed88bf46c220e774b421c6/element HTTP/1.1
User-Agent: selenium/4.1.2 (java windows)
Content-Length: 55
Content-Type: application/json; charset=utf-8
host: localhost:59720
accept: */*

Response DefaultHttpResponse(decodeResult: success, version: HTTP/1.1)
HTTP/1.1 200 OK
Content-Type: application/json; charset=utf-8
cache-control: no-cache
content-length: 88

18:13:04.587 [AsyncHttpClient-1-3] DEBUG org.asynchttpclient.netty.channel.ChannelManager - Adding key: http://localhost:59720 for channel [id: 0x05ec6a6b, L:/127.0.0.1:51906 - R:localhost/127.0.0.1:59720]
18:13:04.588 [Forwarding clearElement on session 2f5aaf1dd7ed88bf46c220e774b421c6 to remote] DEBUG org.asynchttpclient.netty.request.NettyRequestSender - Using pooled Channel '[id: 0x05ec6a6b, L:/127.0.0.1:51906 - R:localhost/127.0.0.1:59720]' for 'POST' to 'http://localhost:59720/session/2f5aaf1dd7ed88bf46c220e774b421c6/element/98c3367d-fcd7-4cac-86f9-7f9451e63836/clear'
18:13:04.588 [Forwarding clearElement on session 2f5aaf1dd7ed88bf46c220e774b421c6 to remote] DEBUG org.asynchttpclient.netty.request.NettyRequestSender - Using open Channel [id: 0x05ec6a6b, L:/127.0.0.1:51906 - R:localhost/127.0.0.1:59720] for POST '/session/2f5aaf1dd7ed88bf46c220e774b421c6/element/98c3367d-fcd7-4cac-86f9-7f9451e63836/clear'
18:13:04.616 [AsyncHttpClient-1-3] DEBUG org.asynchttpclient.netty.handler.HttpHandler - 

Request DefaultHttpRequest(decodeResult: success, version: HTTP/1.1)
POST /session/2f5aaf1dd7ed88bf46c220e774b421c6/element/98c3367d-fcd7-4cac-86f9-7f9451e63836/clear HTTP/1.1
User-Agent: selenium/4.1.2 (java windows)
Content-Length: 50
Content-Type: application/json; charset=utf-8
host: localhost:59720
accept: */*

Response DefaultHttpResponse(decodeResult: success, version: HTTP/1.1)
HTTP/1.1 200 OK
Content-Type: application/json; charset=utf-8
cache-control: no-cache
content-length: 14

18:13:04.616 [AsyncHttpClient-1-3] DEBUG org.asynchttpclient.netty.channel.ChannelManager - Adding key: http://localhost:59720 for channel [id: 0x05ec6a6b, L:/127.0.0.1:51906 - R:localhost/127.0.0.1:59720]
18:13:04.618 [Forwarding sendKeysToElement on session 2f5aaf1dd7ed88bf46c220e774b421c6 to remote] DEBUG org.asynchttpclient.netty.request.NettyRequestSender - Using pooled Channel '[id: 0x05ec6a6b, L:/127.0.0.1:51906 - R:localhost/127.0.0.1:59720]' for 'POST' to 'http://localhost:59720/session/2f5aaf1dd7ed88bf46c220e774b421c6/element/98c3367d-fcd7-4cac-86f9-7f9451e63836/value'
18:13:04.618 [Forwarding sendKeysToElement on session 2f5aaf1dd7ed88bf46c220e774b421c6 to remote] DEBUG org.asynchttpclient.netty.request.NettyRequestSender - Using open Channel [id: 0x05ec6a6b, L:/127.0.0.1:51906 - R:localhost/127.0.0.1:59720] for POST '/session/2f5aaf1dd7ed88bf46c220e774b421c6/element/98c3367d-fcd7-4cac-86f9-7f9451e63836/value'
18:13:04.671 [AsyncHttpClient-1-3] DEBUG org.asynchttpclient.netty.handler.HttpHandler - 

Request DefaultHttpRequest(decodeResult: success, version: HTTP/1.1)
POST /session/2f5aaf1dd7ed88bf46c220e774b421c6/element/98c3367d-fcd7-4cac-86f9-7f9451e63836/value HTTP/1.1
User-Agent: selenium/4.1.2 (java windows)
Content-Length: 141
Content-Type: application/json; charset=utf-8
host: localhost:59720
accept: */*

Response DefaultHttpResponse(decodeResult: success, version: HTTP/1.1)
HTTP/1.1 200 OK
Content-Type: application/json; charset=utf-8
cache-control: no-cache
content-length: 14

18:13:04.672 [AsyncHttpClient-1-3] DEBUG org.asynchttpclient.netty.channel.ChannelManager - Adding key: http://localhost:59720 for channel [id: 0x05ec6a6b, L:/127.0.0.1:51906 - R:localhost/127.0.0.1:59720]
18:13:04.677 [Forwarding findElement on session 2f5aaf1dd7ed88bf46c220e774b421c6 to remote] DEBUG org.asynchttpclient.netty.request.NettyRequestSender - Using pooled Channel '[id: 0x05ec6a6b, L:/127.0.0.1:51906 - R:localhost/127.0.0.1:59720]' for 'POST' to 'http://localhost:59720/session/2f5aaf1dd7ed88bf46c220e774b421c6/element'
18:13:04.677 [Forwarding findElement on session 2f5aaf1dd7ed88bf46c220e774b421c6 to remote] DEBUG org.asynchttpclient.netty.request.NettyRequestSender - Using open Channel [id: 0x05ec6a6b, L:/127.0.0.1:51906 - R:localhost/127.0.0.1:59720] for POST '/session/2f5aaf1dd7ed88bf46c220e774b421c6/element'
18:13:04.689 [AsyncHttpClient-1-3] DEBUG org.asynchttpclient.netty.handler.HttpHandler - 

Request DefaultHttpRequest(decodeResult: success, version: HTTP/1.1)
POST /session/2f5aaf1dd7ed88bf46c220e774b421c6/element HTTP/1.1
User-Agent: selenium/4.1.2 (java windows)
Content-Length: 143
Content-Type: application/json; charset=utf-8
host: localhost:59720
accept: */*

Response DefaultHttpResponse(decodeResult: success, version: HTTP/1.1)
HTTP/1.1 200 OK
Content-Type: application/json; charset=utf-8
cache-control: no-cache
content-length: 88

18:13:04.689 [AsyncHttpClient-1-3] DEBUG org.asynchttpclient.netty.channel.ChannelManager - Adding key: http://localhost:59720 for channel [id: 0x05ec6a6b, L:/127.0.0.1:51906 - R:localhost/127.0.0.1:59720]
18:13:04.690 [Forwarding getElementTagName on session 2f5aaf1dd7ed88bf46c220e774b421c6 to remote] DEBUG org.asynchttpclient.netty.request.NettyRequestSender - Using pooled Channel '[id: 0x05ec6a6b, L:/127.0.0.1:51906 - R:localhost/127.0.0.1:59720]' for 'GET' to 'http://localhost:59720/session/2f5aaf1dd7ed88bf46c220e774b421c6/element/bd8356db-c9bf-40b0-b575-939ffb2c246f/name'
18:13:04.690 [Forwarding getElementTagName on session 2f5aaf1dd7ed88bf46c220e774b421c6 to remote] DEBUG org.asynchttpclient.netty.request.NettyRequestSender - Using open Channel [id: 0x05ec6a6b, L:/127.0.0.1:51906 - R:localhost/127.0.0.1:59720] for GET '/session/2f5aaf1dd7ed88bf46c220e774b421c6/element/bd8356db-c9bf-40b0-b575-939ffb2c246f/name'
18:13:04.694 [AsyncHttpClient-1-3] DEBUG org.asynchttpclient.netty.handler.HttpHandler - 

Request DefaultFullHttpRequest(decodeResult: success, version: HTTP/1.1, content: EmptyByteBufBE)
GET /session/2f5aaf1dd7ed88bf46c220e774b421c6/element/bd8356db-c9bf-40b0-b575-939ffb2c246f/name HTTP/1.1
User-Agent: selenium/4.1.2 (java windows)
Cache-Control: no-cache
Content-Type: application/json; charset=utf-8
host: localhost:59720
accept: */*

Response DefaultHttpResponse(decodeResult: success, version: HTTP/1.1)
HTTP/1.1 200 OK
Content-Type: application/json; charset=utf-8
cache-control: no-cache
content-length: 18

18:13:04.694 [AsyncHttpClient-1-3] DEBUG org.asynchttpclient.netty.channel.ChannelManager - Adding key: http://localhost:59720 for channel [id: 0x05ec6a6b, L:/127.0.0.1:51906 - R:localhost/127.0.0.1:59720]
18:13:04.695 [Forwarding getElementTagName on session 2f5aaf1dd7ed88bf46c220e774b421c6 to remote] DEBUG org.asynchttpclient.netty.request.NettyRequestSender - Using pooled Channel '[id: 0x05ec6a6b, L:/127.0.0.1:51906 - R:localhost/127.0.0.1:59720]' for 'GET' to 'http://localhost:59720/session/2f5aaf1dd7ed88bf46c220e774b421c6/element/bd8356db-c9bf-40b0-b575-939ffb2c246f/name'
18:13:04.695 [Forwarding getElementTagName on session 2f5aaf1dd7ed88bf46c220e774b421c6 to remote] DEBUG org.asynchttpclient.netty.request.NettyRequestSender - Using open Channel [id: 0x05ec6a6b, L:/127.0.0.1:51906 - R:localhost/127.0.0.1:59720] for GET '/session/2f5aaf1dd7ed88bf46c220e774b421c6/element/bd8356db-c9bf-40b0-b575-939ffb2c246f/name'
18:13:04.698 [AsyncHttpClient-1-3] DEBUG org.asynchttpclient.netty.handler.HttpHandler - 

Request DefaultFullHttpRequest(decodeResult: success, version: HTTP/1.1, content: EmptyByteBufBE)
GET /session/2f5aaf1dd7ed88bf46c220e774b421c6/element/bd8356db-c9bf-40b0-b575-939ffb2c246f/name HTTP/1.1
User-Agent: selenium/4.1.2 (java windows)
Cache-Control: no-cache
Content-Type: application/json; charset=utf-8
host: localhost:59720
accept: */*

Response DefaultHttpResponse(decodeResult: success, version: HTTP/1.1)
HTTP/1.1 200 OK
Content-Type: application/json; charset=utf-8
cache-control: no-cache
content-length: 18

18:13:04.698 [AsyncHttpClient-1-3] DEBUG org.asynchttpclient.netty.channel.ChannelManager - Adding key: http://localhost:59720 for channel [id: 0x05ec6a6b, L:/127.0.0.1:51906 - R:localhost/127.0.0.1:59720]
18:13:04.699 [Forwarding isElementEnabled on session 2f5aaf1dd7ed88bf46c220e774b421c6 to remote] DEBUG org.asynchttpclient.netty.request.NettyRequestSender - Using pooled Channel '[id: 0x05ec6a6b, L:/127.0.0.1:51906 - R:localhost/127.0.0.1:59720]' for 'GET' to 'http://localhost:59720/session/2f5aaf1dd7ed88bf46c220e774b421c6/element/bd8356db-c9bf-40b0-b575-939ffb2c246f/enabled'
18:13:04.700 [Forwarding isElementEnabled on session 2f5aaf1dd7ed88bf46c220e774b421c6 to remote] DEBUG org.asynchttpclient.netty.request.NettyRequestSender - Using open Channel [id: 0x05ec6a6b, L:/127.0.0.1:51906 - R:localhost/127.0.0.1:59720] for GET '/session/2f5aaf1dd7ed88bf46c220e774b421c6/element/bd8356db-c9bf-40b0-b575-939ffb2c246f/enabled'
18:13:04.709 [AsyncHttpClient-1-3] DEBUG org.asynchttpclient.netty.handler.HttpHandler - 

Request DefaultFullHttpRequest(decodeResult: success, version: HTTP/1.1, content: EmptyByteBufBE)
GET /session/2f5aaf1dd7ed88bf46c220e774b421c6/element/bd8356db-c9bf-40b0-b575-939ffb2c246f/enabled HTTP/1.1
User-Agent: selenium/4.1.2 (java windows)
Cache-Control: no-cache
Content-Type: application/json; charset=utf-8
host: localhost:59720
accept: */*

Response DefaultHttpResponse(decodeResult: success, version: HTTP/1.1)
HTTP/1.1 200 OK
Content-Type: application/json; charset=utf-8
cache-control: no-cache
content-length: 14

18:13:04.709 [AsyncHttpClient-1-3] DEBUG org.asynchttpclient.netty.channel.ChannelManager - Adding key: http://localhost:59720 for channel [id: 0x05ec6a6b, L:/127.0.0.1:51906 - R:localhost/127.0.0.1:59720]
18:13:04.710 [Forwarding isElementEnabled on session 2f5aaf1dd7ed88bf46c220e774b421c6 to remote] DEBUG org.asynchttpclient.netty.request.NettyRequestSender - Using pooled Channel '[id: 0x05ec6a6b, L:/127.0.0.1:51906 - R:localhost/127.0.0.1:59720]' for 'GET' to 'http://localhost:59720/session/2f5aaf1dd7ed88bf46c220e774b421c6/element/bd8356db-c9bf-40b0-b575-939ffb2c246f/enabled'
18:13:04.711 [Forwarding isElementEnabled on session 2f5aaf1dd7ed88bf46c220e774b421c6 to remote] DEBUG org.asynchttpclient.netty.request.NettyRequestSender - Using open Channel [id: 0x05ec6a6b, L:/127.0.0.1:51906 - R:localhost/127.0.0.1:59720] for GET '/session/2f5aaf1dd7ed88bf46c220e774b421c6/element/bd8356db-c9bf-40b0-b575-939ffb2c246f/enabled'
18:13:04.715 [AsyncHttpClient-1-3] DEBUG org.asynchttpclient.netty.handler.HttpHandler - 

Request DefaultFullHttpRequest(decodeResult: success, version: HTTP/1.1, content: EmptyByteBufBE)
GET /session/2f5aaf1dd7ed88bf46c220e774b421c6/element/bd8356db-c9bf-40b0-b575-939ffb2c246f/enabled HTTP/1.1
User-Agent: selenium/4.1.2 (java windows)
Cache-Control: no-cache
Content-Type: application/json; charset=utf-8
host: localhost:59720
accept: */*

Response DefaultHttpResponse(decodeResult: success, version: HTTP/1.1)
HTTP/1.1 200 OK
Content-Type: application/json; charset=utf-8
cache-control: no-cache
content-length: 14

18:13:04.715 [AsyncHttpClient-1-3] DEBUG org.asynchttpclient.netty.channel.ChannelManager - Adding key: http://localhost:59720 for channel [id: 0x05ec6a6b, L:/127.0.0.1:51906 - R:localhost/127.0.0.1:59720]
18:13:04.717 [Forwarding findElement on session 2f5aaf1dd7ed88bf46c220e774b421c6 to remote] DEBUG org.asynchttpclient.netty.request.NettyRequestSender - Using pooled Channel '[id: 0x05ec6a6b, L:/127.0.0.1:51906 - R:localhost/127.0.0.1:59720]' for 'POST' to 'http://localhost:59720/session/2f5aaf1dd7ed88bf46c220e774b421c6/element'
18:13:04.717 [Forwarding findElement on session 2f5aaf1dd7ed88bf46c220e774b421c6 to remote] DEBUG org.asynchttpclient.netty.request.NettyRequestSender - Using open Channel [id: 0x05ec6a6b, L:/127.0.0.1:51906 - R:localhost/127.0.0.1:59720] for POST '/session/2f5aaf1dd7ed88bf46c220e774b421c6/element'
18:13:04.724 [AsyncHttpClient-1-3] DEBUG org.asynchttpclient.netty.handler.HttpHandler - 

Request DefaultHttpRequest(decodeResult: success, version: HTTP/1.1)
POST /session/2f5aaf1dd7ed88bf46c220e774b421c6/element HTTP/1.1
User-Agent: selenium/4.1.2 (java windows)
Content-Length: 143
Content-Type: application/json; charset=utf-8
host: localhost:59720
accept: */*

Response DefaultHttpResponse(decodeResult: success, version: HTTP/1.1)
HTTP/1.1 200 OK
Content-Type: application/json; charset=utf-8
cache-control: no-cache
content-length: 88

18:13:04.724 [AsyncHttpClient-1-3] DEBUG org.asynchttpclient.netty.channel.ChannelManager - Adding key: http://localhost:59720 for channel [id: 0x05ec6a6b, L:/127.0.0.1:51906 - R:localhost/127.0.0.1:59720]
18:13:04.725 [Forwarding clickElement on session 2f5aaf1dd7ed88bf46c220e774b421c6 to remote] DEBUG org.asynchttpclient.netty.request.NettyRequestSender - Using pooled Channel '[id: 0x05ec6a6b, L:/127.0.0.1:51906 - R:localhost/127.0.0.1:59720]' for 'POST' to 'http://localhost:59720/session/2f5aaf1dd7ed88bf46c220e774b421c6/element/bd8356db-c9bf-40b0-b575-939ffb2c246f/click'
18:13:04.725 [Forwarding clickElement on session 2f5aaf1dd7ed88bf46c220e774b421c6 to remote] DEBUG org.asynchttpclient.netty.request.NettyRequestSender - Using open Channel [id: 0x05ec6a6b, L:/127.0.0.1:51906 - R:localhost/127.0.0.1:59720] for POST '/session/2f5aaf1dd7ed88bf46c220e774b421c6/element/bd8356db-c9bf-40b0-b575-939ffb2c246f/click'
18:13:04.765 [AsyncHttpClient-1-3] DEBUG org.asynchttpclient.netty.handler.HttpHandler - 

Request DefaultHttpRequest(decodeResult: success, version: HTTP/1.1)
POST /session/2f5aaf1dd7ed88bf46c220e774b421c6/element/bd8356db-c9bf-40b0-b575-939ffb2c246f/click HTTP/1.1
User-Agent: selenium/4.1.2 (java windows)
Content-Length: 50
Content-Type: application/json; charset=utf-8
host: localhost:59720
accept: */*

Response DefaultHttpResponse(decodeResult: success, version: HTTP/1.1)
HTTP/1.1 200 OK
Content-Type: application/json; charset=utf-8
cache-control: no-cache
content-length: 14

18:13:04.765 [AsyncHttpClient-1-3] DEBUG org.asynchttpclient.netty.channel.ChannelManager - Adding key: http://localhost:59720 for channel [id: 0x05ec6a6b, L:/127.0.0.1:51906 - R:localhost/127.0.0.1:59720]
18:13:04.770 [Forwarding screenshot on session 2f5aaf1dd7ed88bf46c220e774b421c6 to remote] DEBUG org.asynchttpclient.netty.request.NettyRequestSender - Using pooled Channel '[id: 0x05ec6a6b, L:/127.0.0.1:51906 - R:localhost/127.0.0.1:59720]' for 'GET' to 'http://localhost:59720/session/2f5aaf1dd7ed88bf46c220e774b421c6/screenshot'
18:13:04.771 [Forwarding screenshot on session 2f5aaf1dd7ed88bf46c220e774b421c6 to remote] DEBUG org.asynchttpclient.netty.request.NettyRequestSender - Using open Channel [id: 0x05ec6a6b, L:/127.0.0.1:51906 - R:localhost/127.0.0.1:59720] for GET '/session/2f5aaf1dd7ed88bf46c220e774b421c6/screenshot'
18:13:04.876 [AsyncHttpClient-1-1] DEBUG org.asynchttpclient.netty.channel.DefaultChannelPool - Entry count for : http://localhost:51907 : 1
18:13:04.909 [AsyncHttpClient-1-3] DEBUG org.asynchttpclient.netty.handler.HttpHandler - 

Request DefaultFullHttpRequest(decodeResult: success, version: HTTP/1.1, content: EmptyByteBufBE)
GET /session/2f5aaf1dd7ed88bf46c220e774b421c6/screenshot HTTP/1.1
User-Agent: selenium/4.1.2 (java windows)
Cache-Control: no-cache
Content-Type: application/json; charset=utf-8
host: localhost:59720
accept: */*

Response DefaultHttpResponse(decodeResult: success, version: HTTP/1.1)
HTTP/1.1 200 OK
Content-Type: application/json; charset=utf-8
cache-control: no-cache
content-length: 29968

18:13:04.909 [AsyncHttpClient-1-3] DEBUG org.asynchttpclient.netty.channel.ChannelManager - Adding key: http://localhost:59720 for channel [id: 0x05ec6a6b, L:/127.0.0.1:51906 - R:localhost/127.0.0.1:59720]
18:13:04.910 [main] DEBUG net.serenitybdd.core.photography.Darkroom - Send negative for processing for target\site\serenity\9fb6dea2a9ad8eaae7d369a410f576a095a929ffafe0bc9cac06295419a03fbb.png
18:13:04.911 [main] DEBUG net.thucydides.core.steps.StepInterceptor - STEP DONE: iWillLogin
  &amp#27;[32mAnd &amp#27;[0m&amp#27;[32mI click button checkout order&amp#27;[0m &amp#27;[90m# starter.stepdefinitions.OrderStep.iClickButtonCheckoutOrder()&amp#27;[0m
18:13:04.911 [Darkroom Processing Line] DEBUG net.serenitybdd.core.photography.DarkroomProcessingLine - Processing screenshot image in /var/screenshots/screenshot-7246428846914819854
18:13:04.911 [Darkroom Processing Line] DEBUG net.serenitybdd.core.photography.DarkroomProcessingLine - Saving screenshot to target\site\serenity\9fb6dea2a9ad8eaae7d369a410f576a095a929ffafe0bc9cac06295419a03fbb.png
18:13:04.919 [Forwarding findElement on session 2f5aaf1dd7ed88bf46c220e774b421c6 to remote] DEBUG org.asynchttpclient.netty.request.NettyRequestSender - Using pooled Channel '[id: 0x05ec6a6b, L:/127.0.0.1:51906 - R:localhost/127.0.0.1:59720]' for 'POST' to 'http://localhost:59720/session/2f5aaf1dd7ed88bf46c220e774b421c6/element'
18:13:04.919 [Forwarding findElement on session 2f5aaf1dd7ed88bf46c220e774b421c6 to remote] DEBUG org.asynchttpclient.netty.request.NettyRequestSender - Using open Channel [id: 0x05ec6a6b, L:/127.0.0.1:51906 - R:localhost/127.0.0.1:59720] for POST '/session/2f5aaf1dd7ed88bf46c220e774b421c6/element'
18:13:04.929 [AsyncHttpClient-1-3] DEBUG org.asynchttpclient.netty.handler.HttpHandler - 

Request DefaultHttpRequest(decodeResult: success, version: HTTP/1.1)
POST /session/2f5aaf1dd7ed88bf46c220e774b421c6/element HTTP/1.1
User-Agent: selenium/4.1.2 (java windows)
Content-Length: 75
Content-Type: application/json; charset=utf-8
host: localhost:59720
accept: */*

Response DefaultHttpResponse(decodeResult: success, version: HTTP/1.1)
HTTP/1.1 200 OK
Content-Type: application/json; charset=utf-8
cache-control: no-cache
content-length: 88

18:13:04.929 [AsyncHttpClient-1-3] DEBUG org.asynchttpclient.netty.channel.ChannelManager - Adding key: http://localhost:59720 for channel [id: 0x05ec6a6b, L:/127.0.0.1:51906 - R:localhost/127.0.0.1:59720]
18:13:04.931 [Forwarding isElementDisplayed on session 2f5aaf1dd7ed88bf46c220e774b421c6 to remote] DEBUG org.asynchttpclient.netty.request.NettyRequestSender - Using pooled Channel '[id: 0x05ec6a6b, L:/127.0.0.1:51906 - R:localhost/127.0.0.1:59720]' for 'POST' to 'http://localhost:59720/session/2f5aaf1dd7ed88bf46c220e774b421c6/execute/sync'
18:13:04.931 [Forwarding isElementDisplayed on session 2f5aaf1dd7ed88bf46c220e774b421c6 to remote] DEBUG org.asynchttpclient.netty.request.NettyRequestSender - Using open Channel [id: 0x05ec6a6b, L:/127.0.0.1:51906 - R:localhost/127.0.0.1:59720] for POST '/session/2f5aaf1dd7ed88bf46c220e774b421c6/execute/sync'
18:13:04.940 [AsyncHttpClient-1-3] DEBUG org.asynchttpclient.netty.handler.HttpHandler - 

Request DefaultHttpRequest(decodeResult: success, version: HTTP/1.1)
POST /session/2f5aaf1dd7ed88bf46c220e774b421c6/execute/sync HTTP/1.1
User-Agent: selenium/4.1.2 (java windows)
Content-Length: 48780
Content-Type: application/json; charset=utf-8
host: localhost:59720
accept: */*

Response DefaultHttpResponse(decodeResult: success, version: HTTP/1.1)
HTTP/1.1 200 OK
Content-Type: application/json; charset=utf-8
cache-control: no-cache
content-length: 14

18:13:04.940 [AsyncHttpClient-1-3] DEBUG org.asynchttpclient.netty.channel.ChannelManager - Adding key: http://localhost:59720 for channel [id: 0x05ec6a6b, L:/127.0.0.1:51906 - R:localhost/127.0.0.1:59720]
  &amp#27;[32mThen &amp#27;[0m&amp#27;[32mI will get the result&amp#27;[0m        &amp#27;[90m# starter.stepdefinitions.OrderStep.iWillGetTheResult()&amp#27;[0m
18:13:04.946 [main] INFO  - 
  _____   ___   ___   _____     ___     _     ___   ___   ___   ___  
 |_   _| | __| / __| |_   _|   | _ \   /_\   / __| / __| | __| |   \ 
   | |   | _|  \__ \   | |     |  _/  / _ \  \__ \ \__ \ | _|  | |) |
   |_|   |___| |___/   |_|     |_|   /_/ \_\ |___/ |___/ |___| |___/ 

Order product
----------------------------------------------------------------------
18:13:04.947 [AsyncHttpClient-1-5] DEBUG org.asynchttpclient.netty.handler.WebSocketHandler - Channel Closed: [id: 0x34ca366d, L:/127.0.0.1:51915 ! R:localhost/127.0.0.1:51907] with attribute NettyResponseFuture{currentRetry=5,
	isDone=1,
	isCancelled=0,
	asyncHandler=org.asynchttpclient.ws.WebSocketUpgradeHandler@6d7ff723,
	nettyRequest=org.asynchttpclient.netty.request.NettyRequest@610e54c2,
	future=java.util.concurrent.CompletableFuture@342d8c7[Completed normally],
	uri=ws://localhost:51907/devtools/browser/ddb51e71-2f3e-4888-a9f4-c59317eb9666,
	keepAlive=true,
	redirectCount=0,
	timeoutsHolder=null,
	inAuth=0,
	touch=1667041980540}
18:13:04.947 [AsyncHttpClient-1-5] DEBUG org.asynchttpclient.netty.channel.ChannelManager - Closing Channel [id: 0x34ca366d, L:/127.0.0.1:51915 ! R:localhost/127.0.0.1:51907] 
18:13:04.948 [Driver Command Executor] DEBUG org.asynchttpclient.netty.request.NettyRequestSender - Using pooled Channel '[id: 0x05ec6a6b, L:/127.0.0.1:51906 - R:localhost/127.0.0.1:59720]' for 'DELETE' to 'http://localhost:59720/session/2f5aaf1dd7ed88bf46c220e774b421c6'
18:13:04.948 [Driver Command Executor] DEBUG org.asynchttpclient.netty.request.NettyRequestSender - Using open Channel [id: 0x05ec6a6b, L:/127.0.0.1:51906 - R:localhost/127.0.0.1:59720] for DELETE '/session/2f5aaf1dd7ed88bf46c220e774b421c6'
18:13:04.978 [AsyncHttpClient-1-4] DEBUG org.asynchttpclient.netty.handler.HttpHandler - Unexpected I/O exception on channel [id: 0x9d75ee0b, L:/127.0.0.1:51914 - R:localhost/127.0.0.1:51907]
java.net.SocketException: Connection reset
	at java.base/sun.nio.ch.SocketChannelImpl.throwConnectionReset(SocketChannelImpl.java:345)
	at java.base/sun.nio.ch.SocketChannelImpl.read(SocketChannelImpl.java:376)
	at io.netty.buffer.PooledByteBuf.setBytes(PooledByteBuf.java:258)
	at io.netty.buffer.AbstractByteBuf.writeBytes(AbstractByteBuf.java:1132)
	at io.netty.channel.socket.nio.NioSocketChannel.doReadBytes(NioSocketChannel.java:350)
	at io.netty.channel.nio.AbstractNioByteChannel$NioByteUnsafe.read(AbstractNioByteChannel.java:151)
	at io.netty.channel.nio.NioEventLoop.processSelectedKey(NioEventLoop.java:722)
	at io.netty.channel.nio.NioEventLoop.processSelectedKeysOptimized(NioEventLoop.java:658)
	at io.netty.channel.nio.NioEventLoop.processSelectedKeys(NioEventLoop.java:584)
	at io.netty.channel.nio.NioEventLoop.run(NioEventLoop.java:496)
	at io.netty.util.concurrent.SingleThreadEventExecutor$4.run(SingleThreadEventExecutor.java:986)
	at io.netty.util.internal.ThreadExecutorMap$2.run(ThreadExecutorMap.java:74)
	at io.netty.util.concurrent.FastThreadLocalRunnable.run(FastThreadLocalRunnable.java:30)
	at java.base/java.lang.Thread.run(Thread.java:830)
18:13:04.978 [AsyncHttpClient-1-4] DEBUG org.asynchttpclient.netty.channel.ChannelManager - Closing Channel [id: 0x9d75ee0b, L:/127.0.0.1:51914 - R:localhost/127.0.0.1:51907] 
18:13:04.978 [AsyncHttpClient-1-4] DEBUG org.asynchttpclient.netty.handler.HttpHandler - Channel Closed: [id: 0x9d75ee0b, L:/127.0.0.1:51914 ! R:localhost/127.0.0.1:51907] with attribute DISCARD
18:13:04.993 [AsyncHttpClient-1-3] DEBUG org.asynchttpclient.netty.handler.HttpHandler - 

Request DefaultFullHttpRequest(decodeResult: success, version: HTTP/1.1, content: EmptyByteBufBE)
DELETE /session/2f5aaf1dd7ed88bf46c220e774b421c6 HTTP/1.1
User-Agent: selenium/4.1.2 (java windows)
Content-Type: application/json; charset=utf-8
host: localhost:59720
accept: */*

Response DefaultHttpResponse(decodeResult: success, version: HTTP/1.1)
HTTP/1.1 200 OK
Content-Type: application/json; charset=utf-8
cache-control: no-cache
content-length: 14

18:13:04.994 [AsyncHttpClient-1-3] DEBUG org.asynchttpclient.netty.channel.ChannelManager - Adding key: http://localhost:59720 for channel [id: 0x05ec6a6b, L:/127.0.0.1:51906 - R:localhost/127.0.0.1:59720]
18:13:05.063 [AsyncHttpClient-1-3] DEBUG org.asynchttpclient.netty.handler.HttpHandler - Channel Closed: [id: 0x05ec6a6b, L:/127.0.0.1:51906 ! R:localhost/127.0.0.1:59720] with attribute DISCARD
]]></system-out>
    <system-err><![CDATA[Starting ChromeDriver 105.0.5195.52 (412c95e518836d8a7d97250d62b29c2ae6a26a85-refs/branch-heads/5195@{#853}) on port 59720
Only local connections are allowed.
Please see https://chromedriver.chromium.org/security-considerations for suggestions on keeping ChromeDriver safe.
ChromeDriver was started successfully.
[1667041980.516][WARNING]: This version of ChromeDriver has not been tested with Chrome version 106.
Okt 29, 2022 6:13:00 PM org.openqa.selenium.remote.ProtocolHandshake createSession
INFO: Detected dialect: W3C
Okt 29, 2022 6:13:00 PM org.openqa.selenium.devtools.CdpVersionFinder findNearestMatch
WARNING: Unable to find an exact match for CDP version 106, so returning the closest version found: a no-op implementation
Okt 29, 2022 6:13:00 PM org.openqa.selenium.devtools.CdpVersionFinder findNearestMatch
INFO: Unable to find CDP implementation matching 106.
Okt 29, 2022 6:13:00 PM org.openqa.selenium.chromium.ChromiumDriver lambda$new$3
WARNING: Unable to find version of CDP to use for . You may need to include a dependency on a specific version of the CDP using something similar to `org.seleniumhq.selenium:selenium-devtools-v86:4.1.2` where the version ("v86") matches the version of the chromium-based browser you're using and the version number of the artifact is the same as Selenium's.
]]></system-err>
  </testcase>
  <testcase name="Register account #1" classname="Register" time="4.838">
    <system-out><![CDATA[18:13:05.580 [main] INFO io.cucumber.core.plugin.SerenityReporter - Running feature from file:///C:/Users/alwi/IdeaProjects/AltaShop/src/test/resources/features/Register.feature
18:13:05.582 [main] DEBUG net.thucydides.core.steps.StepEventBus - Test suite started for story net.thucydides.core.model.Story@30e75088
18:13:05.583 [main] INFO  - Test Suite Started: Register

Scenario Outline: Register account              &amp#27;[90m# src/test/resources/features/Register.feature:15&amp#27;[0m
18:13:05.589 [main] INFO io.cucumber.core.plugin.SerenityReporter - Running feature from file:///C:/Users/alwi/IdeaProjects/AltaShop/src/test/resources/features/Register.feature
18:13:05.591 [main] INFO  - 
  _____   ___   ___   _____     ___   _____     _     ___   _____   ___   ___  
 |_   _| | __| / __| |_   _|   / __| |_   _|   /_\   | _ \ |_   _| | __| |   \ 
   | |   | _|  \__ \   | |     \__ \   | |    / _ \  |   /   | |   | _|  | |) |
   |_|   |___| |___/   |_|     |___/   |_|   /_/ \_\ |_|_\   |_|   |___| |___/ 

Register account(register;register-account)
--------------------------------------------------------------------------------
18:13:05.700 [main] INFO net.serenitybdd.core.webdriver.driverproviders.ChromeDriverProvider - Using automatically driver download
18:13:05.902 [main] DEBUG io.github.bonigarcia.wdm.cache.ResolutionCache - Resolution chrome=106 in cache (valid until 18:14:56 29/10/2022 WIB)
18:13:05.909 [main] DEBUG io.github.bonigarcia.wdm.cache.ResolutionCache - Resolution chrome106=106.0.5249.61 in cache (valid until 19:30:28 29/10/2022 WIB)
18:13:05.912 [main] INFO io.github.bonigarcia.wdm.WebDriverManager - Using chromedriver 106.0.5249.61 (resolved driver for Chrome 106)
18:13:05.926 [main] DEBUG io.github.bonigarcia.wdm.WebDriverManager - Driver chromedriver 106.0.5249.61 found in cache
18:13:05.927 [main] INFO io.github.bonigarcia.wdm.WebDriverManager - Exporting webdriver.chrome.driver as C:\Users\alwi\.cache\selenium\chromedriver\win32\106.0.5249.61\chromedriver.exe
18:13:05.974 [AsyncHttpClient-1-1] DEBUG org.asynchttpclient.netty.channel.DefaultChannelPool - Entry count for : http://localhost:51907 : 1
18:13:05.974 [AsyncHttpClient-1-1] DEBUG org.asynchttpclient.netty.channel.DefaultChannelPool - Entry count for : http://localhost:59720 : 1
18:13:05.974 [AsyncHttpClient-1-1] DEBUG org.asynchttpclient.netty.channel.DefaultChannelPool - Adding Candidate expired Channel [id: 0x9d75ee0b, L:/127.0.0.1:51914 ! R:localhost/127.0.0.1:51907] isIdleTimeoutExpired=false isRemotelyClosed=true isTtlExpired=false
18:13:05.974 [AsyncHttpClient-1-1] DEBUG org.asynchttpclient.netty.channel.DefaultChannelPool - Closing Idle Channel [id: 0x9d75ee0b, L:/127.0.0.1:51914 ! R:localhost/127.0.0.1:51907]
18:13:05.974 [AsyncHttpClient-1-1] DEBUG org.asynchttpclient.netty.channel.DefaultChannelPool - Adding Candidate expired Channel [id: 0x05ec6a6b, L:/127.0.0.1:51906 ! R:localhost/127.0.0.1:59720] isIdleTimeoutExpired=false isRemotelyClosed=true isTtlExpired=false
18:13:05.974 [AsyncHttpClient-1-1] DEBUG org.asynchttpclient.netty.channel.DefaultChannelPool - Closing Idle Channel [id: 0x05ec6a6b, L:/127.0.0.1:51906 ! R:localhost/127.0.0.1:59720]
18:13:05.974 [AsyncHttpClient-1-1] DEBUG org.asynchttpclient.netty.channel.DefaultChannelPool - Closed 2 connections out of 2 in 0 ms
18:13:06.101 [main] DEBUG net.serenitybdd.core.webdriver.driverproviders.ProvideNewDriver - Instantiating driver
18:13:06.101 [main] DEBUG net.serenitybdd.core.webdriver.driverproviders.ProvideNewDriver - Driver capabilities: Capabilities {acceptInsecureCerts: false, base.url: https://alta-shop.vercel.app, browserName: chrome, chrome.driver: src/test/resources/webdrive..., driver: chrome, goog:chromeOptions: {args: [], extensions: []}, wait.for.timeout: 6000}
18:13:06.639 [AsyncHttpClient-1-6] DEBUG org.asynchttpclient.netty.channel.NettyConnectListener - Using new Channel '[id: 0x47bd19bf, L:/127.0.0.1:51939 - R:localhost/127.0.0.1:62744]' for 'POST' to '/session'
18:13:07.447 [AsyncHttpClient-1-6] DEBUG org.asynchttpclient.netty.handler.HttpHandler - 

Request DefaultHttpRequest(decodeResult: success, version: HTTP/1.1)
POST /session HTTP/1.1
User-Agent: selenium/4.1.2 (java windows)
Content-Length: 639
Content-Type: application/json; charset=utf-8
host: localhost:62744
accept: */*

Response DefaultHttpResponse(decodeResult: success, version: HTTP/1.1)
HTTP/1.1 200 OK
Content-Type: application/json; charset=utf-8
cache-control: no-cache
content-length: 788

18:13:07.447 [AsyncHttpClient-1-6] DEBUG org.asynchttpclient.netty.channel.ChannelManager - Adding key: http://localhost:62744 for channel [id: 0x47bd19bf, L:/127.0.0.1:51939 - R:localhost/127.0.0.1:62744]
18:13:07.452 [AsyncHttpClient-1-7] DEBUG org.asynchttpclient.netty.channel.NettyConnectListener - Using new Channel '[id: 0xa939cd85, L:/127.0.0.1:51946 - R:localhost/127.0.0.1:51940]' for 'GET' to '/json/version'
18:13:07.452 [AsyncHttpClient-1-7] DEBUG org.asynchttpclient.netty.handler.HttpHandler - 

Request DefaultFullHttpRequest(decodeResult: success, version: HTTP/1.1, content: EmptyByteBufBE)
GET /json/version HTTP/1.1
User-Agent: selenium/4.1.2 (java windows)
host: localhost:51940
accept: */*

Response DefaultHttpResponse(decodeResult: success, version: HTTP/1.1)
HTTP/1.1 200 OK
Content-Type: application/json; charset=UTF-8
content-length: 424

18:13:07.453 [AsyncHttpClient-1-7] DEBUG org.asynchttpclient.netty.channel.ChannelManager - Adding key: http://localhost:51940 for channel [id: 0xa939cd85, L:/127.0.0.1:51946 - R:localhost/127.0.0.1:51940]
18:13:07.454 [AsyncHttpClient-1-8] DEBUG org.asynchttpclient.netty.channel.NettyConnectListener - Using new Channel '[id: 0x9fe4450e, L:/127.0.0.1:51947 - R:localhost/127.0.0.1:51940]' for 'GET' to '/devtools/browser/3ccb4e6b-0198-419d-8006-e6fbb0127d8d'
18:13:07.455 [AsyncHttpClient-1-8] DEBUG org.asynchttpclient.netty.handler.WebSocketHandler - 

Request DefaultFullHttpRequest(decodeResult: success, version: HTTP/1.1, content: EmptyByteBufBE)
GET /devtools/browser/3ccb4e6b-0198-419d-8006-e6fbb0127d8d HTTP/1.1
upgrade: websocket
connection: upgrade
sec-websocket-key: xQBNOlCacR/TOqklMXjk+w==
sec-websocket-version: 13
origin: http://localhost:51940
host: localhost:51940
accept: */*
user-agent: AHC/2.1

Response DefaultHttpResponse(decodeResult: success, version: HTTP/1.1)
HTTP/1.1 101 WebSocket Protocol Handshake
Upgrade: WebSocket
Connection: Upgrade
Sec-WebSocket-Accept: oiergrucuiXaK1eTr5VhJj8E854=

18:13:07.459 [Forwarding get on session b8838b05de91a1f720c0c6cf88a72597 to remote] DEBUG org.asynchttpclient.netty.request.NettyRequestSender - Using pooled Channel '[id: 0x47bd19bf, L:/127.0.0.1:51939 - R:localhost/127.0.0.1:62744]' for 'POST' to 'http://localhost:62744/session/b8838b05de91a1f720c0c6cf88a72597/url'
18:13:07.459 [Forwarding get on session b8838b05de91a1f720c0c6cf88a72597 to remote] DEBUG org.asynchttpclient.netty.request.NettyRequestSender - Using open Channel [id: 0x47bd19bf, L:/127.0.0.1:51939 - R:localhost/127.0.0.1:62744] for POST '/session/b8838b05de91a1f720c0c6cf88a72597/url'
18:13:07.944 [AsyncHttpClient-1-6] DEBUG org.asynchttpclient.netty.handler.HttpHandler - 

Request DefaultHttpRequest(decodeResult: success, version: HTTP/1.1)
POST /session/b8838b05de91a1f720c0c6cf88a72597/url HTTP/1.1
User-Agent: selenium/4.1.2 (java windows)
Content-Length: 77
Content-Type: application/json; charset=utf-8
host: localhost:62744
accept: */*

Response DefaultHttpResponse(decodeResult: success, version: HTTP/1.1)
HTTP/1.1 200 OK
Content-Type: application/json; charset=utf-8
cache-control: no-cache
content-length: 14

18:13:07.944 [AsyncHttpClient-1-6] DEBUG org.asynchttpclient.netty.channel.ChannelManager - Adding key: http://localhost:62744 for channel [id: 0x47bd19bf, L:/127.0.0.1:51939 - R:localhost/127.0.0.1:62744]
18:13:07.946 [Forwarding setTimeout on session b8838b05de91a1f720c0c6cf88a72597 to remote] DEBUG org.asynchttpclient.netty.request.NettyRequestSender - Using pooled Channel '[id: 0x47bd19bf, L:/127.0.0.1:51939 - R:localhost/127.0.0.1:62744]' for 'POST' to 'http://localhost:62744/session/b8838b05de91a1f720c0c6cf88a72597/timeouts'
18:13:07.946 [Forwarding setTimeout on session b8838b05de91a1f720c0c6cf88a72597 to remote] DEBUG org.asynchttpclient.netty.request.NettyRequestSender - Using open Channel [id: 0x47bd19bf, L:/127.0.0.1:51939 - R:localhost/127.0.0.1:62744] for POST '/session/b8838b05de91a1f720c0c6cf88a72597/timeouts'
18:13:07.947 [AsyncHttpClient-1-6] DEBUG org.asynchttpclient.netty.handler.HttpHandler - 

Request DefaultHttpRequest(decodeResult: success, version: HTTP/1.1)
POST /session/b8838b05de91a1f720c0c6cf88a72597/timeouts HTTP/1.1
User-Agent: selenium/4.1.2 (java windows)
Content-Length: 22
Content-Type: application/json; charset=utf-8
host: localhost:62744
accept: */*

Response DefaultHttpResponse(decodeResult: success, version: HTTP/1.1)
HTTP/1.1 200 OK
Content-Type: application/json; charset=utf-8
cache-control: no-cache
content-length: 14

18:13:07.947 [AsyncHttpClient-1-6] DEBUG org.asynchttpclient.netty.channel.ChannelManager - Adding key: http://localhost:62744 for channel [id: 0x47bd19bf, L:/127.0.0.1:51939 - R:localhost/127.0.0.1:62744]
18:13:07.951 [Forwarding getCurrentUrl on session b8838b05de91a1f720c0c6cf88a72597 to remote] DEBUG org.asynchttpclient.netty.request.NettyRequestSender - Using pooled Channel '[id: 0x47bd19bf, L:/127.0.0.1:51939 - R:localhost/127.0.0.1:62744]' for 'GET' to 'http://localhost:62744/session/b8838b05de91a1f720c0c6cf88a72597/url'
18:13:07.951 [Forwarding getCurrentUrl on session b8838b05de91a1f720c0c6cf88a72597 to remote] DEBUG org.asynchttpclient.netty.request.NettyRequestSender - Using open Channel [id: 0x47bd19bf, L:/127.0.0.1:51939 - R:localhost/127.0.0.1:62744] for GET '/session/b8838b05de91a1f720c0c6cf88a72597/url'
18:13:07.959 [AsyncHttpClient-1-6] DEBUG org.asynchttpclient.netty.handler.HttpHandler - 

Request DefaultFullHttpRequest(decodeResult: success, version: HTTP/1.1, content: EmptyByteBufBE)
GET /session/b8838b05de91a1f720c0c6cf88a72597/url HTTP/1.1
User-Agent: selenium/4.1.2 (java windows)
Cache-Control: no-cache
Content-Type: application/json; charset=utf-8
host: localhost:62744
accept: */*

Response DefaultHttpResponse(decodeResult: success, version: HTTP/1.1)
HTTP/1.1 200 OK
Content-Type: application/json; charset=utf-8
cache-control: no-cache
content-length: 54

18:13:07.963 [AsyncHttpClient-1-6] DEBUG org.asynchttpclient.netty.channel.ChannelManager - Adding key: http://localhost:62744 for channel [id: 0x47bd19bf, L:/127.0.0.1:51939 - R:localhost/127.0.0.1:62744]
  &amp#27;[32mGiven &amp#27;[0m&amp#27;[32mI am on the register page&amp#27;[0m               &amp#27;[90m# starter.stepdefinitions.RegisterStep.iAmOnTheRegisterPage()&amp#27;[0m
18:13:07.972 [main] DEBUG net.serenitybdd.core.photography.Darkroom - Opening darkroom
18:13:07.973 [Forwarding screenshot on session b8838b05de91a1f720c0c6cf88a72597 to remote] DEBUG org.asynchttpclient.netty.request.NettyRequestSender - Using pooled Channel '[id: 0x47bd19bf, L:/127.0.0.1:51939 - R:localhost/127.0.0.1:62744]' for 'GET' to 'http://localhost:62744/session/b8838b05de91a1f720c0c6cf88a72597/screenshot'
18:13:07.973 [Forwarding screenshot on session b8838b05de91a1f720c0c6cf88a72597 to remote] DEBUG org.asynchttpclient.netty.request.NettyRequestSender - Using open Channel [id: 0x47bd19bf, L:/127.0.0.1:51939 - R:localhost/127.0.0.1:62744] for GET '/session/b8838b05de91a1f720c0c6cf88a72597/screenshot'
18:13:07.974 [Darkroom Processing Line] DEBUG net.serenitybdd.core.photography.DarkroomProcessingLine - Darkroom processing line starting up
18:13:08.073 [AsyncHttpClient-1-6] DEBUG org.asynchttpclient.netty.handler.HttpHandler - 

Request DefaultFullHttpRequest(decodeResult: success, version: HTTP/1.1, content: EmptyByteBufBE)
GET /session/b8838b05de91a1f720c0c6cf88a72597/screenshot HTTP/1.1
User-Agent: selenium/4.1.2 (java windows)
Cache-Control: no-cache
Content-Type: application/json; charset=utf-8
host: localhost:62744
accept: */*

Response DefaultHttpResponse(decodeResult: success, version: HTTP/1.1)
HTTP/1.1 200 OK
Content-Type: application/json; charset=utf-8
cache-control: no-cache
content-length: 29396

18:13:08.073 [AsyncHttpClient-1-6] DEBUG org.asynchttpclient.netty.channel.ChannelManager - Adding key: http://localhost:62744 for channel [id: 0x47bd19bf, L:/127.0.0.1:51939 - R:localhost/127.0.0.1:62744]
18:13:08.075 [main] DEBUG net.serenitybdd.core.photography.Darkroom - Send negative for processing for target\site\serenity\731f2d5e65f52e6f18ed786e82312868c45da0a3a93b12f69eba2a4af226a333.png
18:13:08.075 [Darkroom Processing Line] DEBUG net.serenitybdd.core.photography.DarkroomProcessingLine - Processing screenshot image in /var/screenshots/screenshot-5368878367057408829
18:13:08.075 [Darkroom Processing Line] DEBUG net.serenitybdd.core.photography.DarkroomProcessingLine - Saving screenshot to target\site\serenity\731f2d5e65f52e6f18ed786e82312868c45da0a3a93b12f69eba2a4af226a333.png
18:13:08.081 [Forwarding findElement on session b8838b05de91a1f720c0c6cf88a72597 to remote] DEBUG org.asynchttpclient.netty.request.NettyRequestSender - Using pooled Channel '[id: 0x47bd19bf, L:/127.0.0.1:51939 - R:localhost/127.0.0.1:62744]' for 'POST' to 'http://localhost:62744/session/b8838b05de91a1f720c0c6cf88a72597/element'
18:13:08.082 [Forwarding findElement on session b8838b05de91a1f720c0c6cf88a72597 to remote] DEBUG org.asynchttpclient.netty.request.NettyRequestSender - Using open Channel [id: 0x47bd19bf, L:/127.0.0.1:51939 - R:localhost/127.0.0.1:62744] for POST '/session/b8838b05de91a1f720c0c6cf88a72597/element'
18:13:08.091 [AsyncHttpClient-1-6] DEBUG org.asynchttpclient.netty.handler.HttpHandler - 

Request DefaultHttpRequest(decodeResult: success, version: HTTP/1.1)
POST /session/b8838b05de91a1f720c0c6cf88a72597/element HTTP/1.1
User-Agent: selenium/4.1.2 (java windows)
Content-Length: 55
Content-Type: application/json; charset=utf-8
host: localhost:62744
accept: */*

Response DefaultHttpResponse(decodeResult: success, version: HTTP/1.1)
HTTP/1.1 200 OK
Content-Type: application/json; charset=utf-8
cache-control: no-cache
content-length: 88

18:13:08.091 [AsyncHttpClient-1-6] DEBUG org.asynchttpclient.netty.channel.ChannelManager - Adding key: http://localhost:62744 for channel [id: 0x47bd19bf, L:/127.0.0.1:51939 - R:localhost/127.0.0.1:62744]
18:13:08.092 [Forwarding clearElement on session b8838b05de91a1f720c0c6cf88a72597 to remote] DEBUG org.asynchttpclient.netty.request.NettyRequestSender - Using pooled Channel '[id: 0x47bd19bf, L:/127.0.0.1:51939 - R:localhost/127.0.0.1:62744]' for 'POST' to 'http://localhost:62744/session/b8838b05de91a1f720c0c6cf88a72597/element/957577e9-4521-4be3-aaf2-3321018db667/clear'
18:13:08.092 [Forwarding clearElement on session b8838b05de91a1f720c0c6cf88a72597 to remote] DEBUG org.asynchttpclient.netty.request.NettyRequestSender - Using open Channel [id: 0x47bd19bf, L:/127.0.0.1:51939 - R:localhost/127.0.0.1:62744] for POST '/session/b8838b05de91a1f720c0c6cf88a72597/element/957577e9-4521-4be3-aaf2-3321018db667/clear'
18:13:08.118 [AsyncHttpClient-1-6] DEBUG org.asynchttpclient.netty.handler.HttpHandler - 

Request DefaultHttpRequest(decodeResult: success, version: HTTP/1.1)
POST /session/b8838b05de91a1f720c0c6cf88a72597/element/957577e9-4521-4be3-aaf2-3321018db667/clear HTTP/1.1
User-Agent: selenium/4.1.2 (java windows)
Content-Length: 50
Content-Type: application/json; charset=utf-8
host: localhost:62744
accept: */*

Response DefaultHttpResponse(decodeResult: success, version: HTTP/1.1)
HTTP/1.1 200 OK
Content-Type: application/json; charset=utf-8
cache-control: no-cache
content-length: 14

18:13:08.118 [AsyncHttpClient-1-6] DEBUG org.asynchttpclient.netty.channel.ChannelManager - Adding key: http://localhost:62744 for channel [id: 0x47bd19bf, L:/127.0.0.1:51939 - R:localhost/127.0.0.1:62744]
18:13:08.119 [Forwarding sendKeysToElement on session b8838b05de91a1f720c0c6cf88a72597 to remote] DEBUG org.asynchttpclient.netty.request.NettyRequestSender - Using pooled Channel '[id: 0x47bd19bf, L:/127.0.0.1:51939 - R:localhost/127.0.0.1:62744]' for 'POST' to 'http://localhost:62744/session/b8838b05de91a1f720c0c6cf88a72597/element/957577e9-4521-4be3-aaf2-3321018db667/value'
18:13:08.119 [Forwarding sendKeysToElement on session b8838b05de91a1f720c0c6cf88a72597 to remote] DEBUG org.asynchttpclient.netty.request.NettyRequestSender - Using open Channel [id: 0x47bd19bf, L:/127.0.0.1:51939 - R:localhost/127.0.0.1:62744] for POST '/session/b8838b05de91a1f720c0c6cf88a72597/element/957577e9-4521-4be3-aaf2-3321018db667/value'
18:13:08.175 [AsyncHttpClient-1-1] DEBUG org.asynchttpclient.netty.channel.DefaultChannelPool - Entry count for : http://localhost:51940 : 1
18:13:08.184 [AsyncHttpClient-1-6] DEBUG org.asynchttpclient.netty.handler.HttpHandler - 

Request DefaultHttpRequest(decodeResult: success, version: HTTP/1.1)
POST /session/b8838b05de91a1f720c0c6cf88a72597/element/957577e9-4521-4be3-aaf2-3321018db667/value HTTP/1.1
User-Agent: selenium/4.1.2 (java windows)
Content-Length: 131
Content-Type: application/json; charset=utf-8
host: localhost:62744
accept: */*

Response DefaultHttpResponse(decodeResult: success, version: HTTP/1.1)
HTTP/1.1 200 OK
Content-Type: application/json; charset=utf-8
cache-control: no-cache
content-length: 14

18:13:08.184 [AsyncHttpClient-1-6] DEBUG org.asynchttpclient.netty.channel.ChannelManager - Adding key: http://localhost:62744 for channel [id: 0x47bd19bf, L:/127.0.0.1:51939 - R:localhost/127.0.0.1:62744]
  &amp#27;[32mWhen &amp#27;[0m&amp#27;[32mI input fullname register &amp#27;[0m&amp#27;[32m&amp#27;[1m"benar"&amp#27;[0m        &amp#27;[90m# starter.stepdefinitions.RegisterStep.iInputFullnameRegister(java.lang.String)&amp#27;[0m
18:13:08.190 [Forwarding screenshot on session b8838b05de91a1f720c0c6cf88a72597 to remote] DEBUG org.asynchttpclient.netty.request.NettyRequestSender - Using pooled Channel '[id: 0x47bd19bf, L:/127.0.0.1:51939 - R:localhost/127.0.0.1:62744]' for 'GET' to 'http://localhost:62744/session/b8838b05de91a1f720c0c6cf88a72597/screenshot'
18:13:08.190 [Forwarding screenshot on session b8838b05de91a1f720c0c6cf88a72597 to remote] DEBUG org.asynchttpclient.netty.request.NettyRequestSender - Using open Channel [id: 0x47bd19bf, L:/127.0.0.1:51939 - R:localhost/127.0.0.1:62744] for GET '/session/b8838b05de91a1f720c0c6cf88a72597/screenshot'
18:13:08.341 [AsyncHttpClient-1-6] DEBUG org.asynchttpclient.netty.handler.HttpHandler - 

Request DefaultFullHttpRequest(decodeResult: success, version: HTTP/1.1, content: EmptyByteBufBE)
GET /session/b8838b05de91a1f720c0c6cf88a72597/screenshot HTTP/1.1
User-Agent: selenium/4.1.2 (java windows)
Cache-Control: no-cache
Content-Type: application/json; charset=utf-8
host: localhost:62744
accept: */*

Response DefaultHttpResponse(decodeResult: success, version: HTTP/1.1)
HTTP/1.1 200 OK
Content-Type: application/json; charset=utf-8
cache-control: no-cache
content-length: 30756

18:13:08.341 [AsyncHttpClient-1-6] DEBUG org.asynchttpclient.netty.channel.ChannelManager - Adding key: http://localhost:62744 for channel [id: 0x47bd19bf, L:/127.0.0.1:51939 - R:localhost/127.0.0.1:62744]
18:13:08.343 [main] DEBUG net.serenitybdd.core.photography.Darkroom - Send negative for processing for target\site\serenity\cd2d06f8064d85ca8cc5a2ee2f905d362d296a2f84893f3a404f7613ca5f8599.png
18:13:08.343 [Darkroom Processing Line] DEBUG net.serenitybdd.core.photography.DarkroomProcessingLine - Processing screenshot image in /var/screenshots/screenshot-1235616531151492905
18:13:08.343 [Darkroom Processing Line] DEBUG net.serenitybdd.core.photography.DarkroomProcessingLine - Saving screenshot to target\site\serenity\cd2d06f8064d85ca8cc5a2ee2f905d362d296a2f84893f3a404f7613ca5f8599.png
18:13:08.349 [Forwarding findElement on session b8838b05de91a1f720c0c6cf88a72597 to remote] DEBUG org.asynchttpclient.netty.request.NettyRequestSender - Using pooled Channel '[id: 0x47bd19bf, L:/127.0.0.1:51939 - R:localhost/127.0.0.1:62744]' for 'POST' to 'http://localhost:62744/session/b8838b05de91a1f720c0c6cf88a72597/element'
18:13:08.349 [Forwarding findElement on session b8838b05de91a1f720c0c6cf88a72597 to remote] DEBUG org.asynchttpclient.netty.request.NettyRequestSender - Using open Channel [id: 0x47bd19bf, L:/127.0.0.1:51939 - R:localhost/127.0.0.1:62744] for POST '/session/b8838b05de91a1f720c0c6cf88a72597/element'
18:13:08.360 [AsyncHttpClient-1-6] DEBUG org.asynchttpclient.netty.handler.HttpHandler - 

Request DefaultHttpRequest(decodeResult: success, version: HTTP/1.1)
POST /session/b8838b05de91a1f720c0c6cf88a72597/element HTTP/1.1
User-Agent: selenium/4.1.2 (java windows)
Content-Length: 55
Content-Type: application/json; charset=utf-8
host: localhost:62744
accept: */*

Response DefaultHttpResponse(decodeResult: success, version: HTTP/1.1)
HTTP/1.1 200 OK
Content-Type: application/json; charset=utf-8
cache-control: no-cache
content-length: 88

18:13:08.360 [AsyncHttpClient-1-6] DEBUG org.asynchttpclient.netty.channel.ChannelManager - Adding key: http://localhost:62744 for channel [id: 0x47bd19bf, L:/127.0.0.1:51939 - R:localhost/127.0.0.1:62744]
18:13:08.361 [Forwarding clearElement on session b8838b05de91a1f720c0c6cf88a72597 to remote] DEBUG org.asynchttpclient.netty.request.NettyRequestSender - Using pooled Channel '[id: 0x47bd19bf, L:/127.0.0.1:51939 - R:localhost/127.0.0.1:62744]' for 'POST' to 'http://localhost:62744/session/b8838b05de91a1f720c0c6cf88a72597/element/803bb512-e246-4bdd-bd38-cb309e9086e6/clear'
18:13:08.361 [Forwarding clearElement on session b8838b05de91a1f720c0c6cf88a72597 to remote] DEBUG org.asynchttpclient.netty.request.NettyRequestSender - Using open Channel [id: 0x47bd19bf, L:/127.0.0.1:51939 - R:localhost/127.0.0.1:62744] for POST '/session/b8838b05de91a1f720c0c6cf88a72597/element/803bb512-e246-4bdd-bd38-cb309e9086e6/clear'
18:13:08.389 [AsyncHttpClient-1-6] DEBUG org.asynchttpclient.netty.handler.HttpHandler - 

Request DefaultHttpRequest(decodeResult: success, version: HTTP/1.1)
POST /session/b8838b05de91a1f720c0c6cf88a72597/element/803bb512-e246-4bdd-bd38-cb309e9086e6/clear HTTP/1.1
User-Agent: selenium/4.1.2 (java windows)
Content-Length: 50
Content-Type: application/json; charset=utf-8
host: localhost:62744
accept: */*

Response DefaultHttpResponse(decodeResult: success, version: HTTP/1.1)
HTTP/1.1 200 OK
Content-Type: application/json; charset=utf-8
cache-control: no-cache
content-length: 14

18:13:08.389 [AsyncHttpClient-1-6] DEBUG org.asynchttpclient.netty.channel.ChannelManager - Adding key: http://localhost:62744 for channel [id: 0x47bd19bf, L:/127.0.0.1:51939 - R:localhost/127.0.0.1:62744]
18:13:08.392 [Forwarding sendKeysToElement on session b8838b05de91a1f720c0c6cf88a72597 to remote] DEBUG org.asynchttpclient.netty.request.NettyRequestSender - Using pooled Channel '[id: 0x47bd19bf, L:/127.0.0.1:51939 - R:localhost/127.0.0.1:62744]' for 'POST' to 'http://localhost:62744/session/b8838b05de91a1f720c0c6cf88a72597/element/803bb512-e246-4bdd-bd38-cb309e9086e6/value'
18:13:08.392 [Forwarding sendKeysToElement on session b8838b05de91a1f720c0c6cf88a72597 to remote] DEBUG org.asynchttpclient.netty.request.NettyRequestSender - Using open Channel [id: 0x47bd19bf, L:/127.0.0.1:51939 - R:localhost/127.0.0.1:62744] for POST '/session/b8838b05de91a1f720c0c6cf88a72597/element/803bb512-e246-4bdd-bd38-cb309e9086e6/value'
18:13:08.518 [AsyncHttpClient-1-6] DEBUG org.asynchttpclient.netty.handler.HttpHandler - 

Request DefaultHttpRequest(decodeResult: success, version: HTTP/1.1)
POST /session/b8838b05de91a1f720c0c6cf88a72597/element/803bb512-e246-4bdd-bd38-cb309e9086e6/value HTTP/1.1
User-Agent: selenium/4.1.2 (java windows)
Content-Length: 321
Content-Type: application/json; charset=utf-8
host: localhost:62744
accept: */*

Response DefaultHttpResponse(decodeResult: success, version: HTTP/1.1)
HTTP/1.1 200 OK
Content-Type: application/json; charset=utf-8
cache-control: no-cache
content-length: 14

18:13:08.518 [AsyncHttpClient-1-6] DEBUG org.asynchttpclient.netty.channel.ChannelManager - Adding key: http://localhost:62744 for channel [id: 0x47bd19bf, L:/127.0.0.1:51939 - R:localhost/127.0.0.1:62744]
18:13:08.522 [Forwarding findElement on session b8838b05de91a1f720c0c6cf88a72597 to remote] DEBUG org.asynchttpclient.netty.request.NettyRequestSender - Using pooled Channel '[id: 0x47bd19bf, L:/127.0.0.1:51939 - R:localhost/127.0.0.1:62744]' for 'POST' to 'http://localhost:62744/session/b8838b05de91a1f720c0c6cf88a72597/element'
18:13:08.522 [Forwarding findElement on session b8838b05de91a1f720c0c6cf88a72597 to remote] DEBUG org.asynchttpclient.netty.request.NettyRequestSender - Using open Channel [id: 0x47bd19bf, L:/127.0.0.1:51939 - R:localhost/127.0.0.1:62744] for POST '/session/b8838b05de91a1f720c0c6cf88a72597/element'
18:13:08.529 [AsyncHttpClient-1-6] DEBUG org.asynchttpclient.netty.handler.HttpHandler - 

Request DefaultHttpRequest(decodeResult: success, version: HTTP/1.1)
POST /session/b8838b05de91a1f720c0c6cf88a72597/element HTTP/1.1
User-Agent: selenium/4.1.2 (java windows)
Content-Length: 55
Content-Type: application/json; charset=utf-8
host: localhost:62744
accept: */*

Response DefaultHttpResponse(decodeResult: success, version: HTTP/1.1)
HTTP/1.1 200 OK
Content-Type: application/json; charset=utf-8
cache-control: no-cache
content-length: 88

18:13:08.529 [AsyncHttpClient-1-6] DEBUG org.asynchttpclient.netty.channel.ChannelManager - Adding key: http://localhost:62744 for channel [id: 0x47bd19bf, L:/127.0.0.1:51939 - R:localhost/127.0.0.1:62744]
18:13:08.530 [Forwarding clearElement on session b8838b05de91a1f720c0c6cf88a72597 to remote] DEBUG org.asynchttpclient.netty.request.NettyRequestSender - Using pooled Channel '[id: 0x47bd19bf, L:/127.0.0.1:51939 - R:localhost/127.0.0.1:62744]' for 'POST' to 'http://localhost:62744/session/b8838b05de91a1f720c0c6cf88a72597/element/803bb512-e246-4bdd-bd38-cb309e9086e6/clear'
18:13:08.530 [Forwarding clearElement on session b8838b05de91a1f720c0c6cf88a72597 to remote] DEBUG org.asynchttpclient.netty.request.NettyRequestSender - Using open Channel [id: 0x47bd19bf, L:/127.0.0.1:51939 - R:localhost/127.0.0.1:62744] for POST '/session/b8838b05de91a1f720c0c6cf88a72597/element/803bb512-e246-4bdd-bd38-cb309e9086e6/clear'
18:13:08.549 [AsyncHttpClient-1-6] DEBUG org.asynchttpclient.netty.handler.HttpHandler - 

Request DefaultHttpRequest(decodeResult: success, version: HTTP/1.1)
POST /session/b8838b05de91a1f720c0c6cf88a72597/element/803bb512-e246-4bdd-bd38-cb309e9086e6/clear HTTP/1.1
User-Agent: selenium/4.1.2 (java windows)
Content-Length: 50
Content-Type: application/json; charset=utf-8
host: localhost:62744
accept: */*

Response DefaultHttpResponse(decodeResult: success, version: HTTP/1.1)
HTTP/1.1 200 OK
Content-Type: application/json; charset=utf-8
cache-control: no-cache
content-length: 14

18:13:08.549 [AsyncHttpClient-1-6] DEBUG org.asynchttpclient.netty.channel.ChannelManager - Adding key: http://localhost:62744 for channel [id: 0x47bd19bf, L:/127.0.0.1:51939 - R:localhost/127.0.0.1:62744]
18:13:08.552 [Forwarding sendKeysToElement on session b8838b05de91a1f720c0c6cf88a72597 to remote] DEBUG org.asynchttpclient.netty.request.NettyRequestSender - Using pooled Channel '[id: 0x47bd19bf, L:/127.0.0.1:51939 - R:localhost/127.0.0.1:62744]' for 'POST' to 'http://localhost:62744/session/b8838b05de91a1f720c0c6cf88a72597/element/803bb512-e246-4bdd-bd38-cb309e9086e6/value'
18:13:08.552 [Forwarding sendKeysToElement on session b8838b05de91a1f720c0c6cf88a72597 to remote] DEBUG org.asynchttpclient.netty.request.NettyRequestSender - Using open Channel [id: 0x47bd19bf, L:/127.0.0.1:51939 - R:localhost/127.0.0.1:62744] for POST '/session/b8838b05de91a1f720c0c6cf88a72597/element/803bb512-e246-4bdd-bd38-cb309e9086e6/value'
18:13:08.682 [AsyncHttpClient-1-6] DEBUG org.asynchttpclient.netty.handler.HttpHandler - 

Request DefaultHttpRequest(decodeResult: success, version: HTTP/1.1)
POST /session/b8838b05de91a1f720c0c6cf88a72597/element/803bb512-e246-4bdd-bd38-cb309e9086e6/value HTTP/1.1
User-Agent: selenium/4.1.2 (java windows)
Content-Length: 321
Content-Type: application/json; charset=utf-8
host: localhost:62744
accept: */*

Response DefaultHttpResponse(decodeResult: success, version: HTTP/1.1)
HTTP/1.1 200 OK
Content-Type: application/json; charset=utf-8
cache-control: no-cache
content-length: 14

18:13:08.682 [AsyncHttpClient-1-6] DEBUG org.asynchttpclient.netty.channel.ChannelManager - Adding key: http://localhost:62744 for channel [id: 0x47bd19bf, L:/127.0.0.1:51939 - R:localhost/127.0.0.1:62744]
  &amp#27;[32mAnd &amp#27;[0m&amp#27;[32mI input email register &amp#27;[0m&amp#27;[32m&amp#27;[1m"benar"&amp#27;[0m            &amp#27;[90m# starter.stepdefinitions.RegisterStep.iInputEmailRegister(java.lang.String)&amp#27;[0m
18:13:08.688 [Forwarding screenshot on session b8838b05de91a1f720c0c6cf88a72597 to remote] DEBUG org.asynchttpclient.netty.request.NettyRequestSender - Using pooled Channel '[id: 0x47bd19bf, L:/127.0.0.1:51939 - R:localhost/127.0.0.1:62744]' for 'GET' to 'http://localhost:62744/session/b8838b05de91a1f720c0c6cf88a72597/screenshot'
18:13:08.688 [Forwarding screenshot on session b8838b05de91a1f720c0c6cf88a72597 to remote] DEBUG org.asynchttpclient.netty.request.NettyRequestSender - Using open Channel [id: 0x47bd19bf, L:/127.0.0.1:51939 - R:localhost/127.0.0.1:62744] for GET '/session/b8838b05de91a1f720c0c6cf88a72597/screenshot'
18:13:08.827 [AsyncHttpClient-1-6] DEBUG org.asynchttpclient.netty.handler.HttpHandler - 

Request DefaultFullHttpRequest(decodeResult: success, version: HTTP/1.1, content: EmptyByteBufBE)
GET /session/b8838b05de91a1f720c0c6cf88a72597/screenshot HTTP/1.1
User-Agent: selenium/4.1.2 (java windows)
Cache-Control: no-cache
Content-Type: application/json; charset=utf-8
host: localhost:62744
accept: */*

Response DefaultHttpResponse(decodeResult: success, version: HTTP/1.1)
HTTP/1.1 200 OK
Content-Type: application/json; charset=utf-8
cache-control: no-cache
content-length: 40444

18:13:08.828 [AsyncHttpClient-1-6] DEBUG org.asynchttpclient.netty.channel.ChannelManager - Adding key: http://localhost:62744 for channel [id: 0x47bd19bf, L:/127.0.0.1:51939 - R:localhost/127.0.0.1:62744]
18:13:08.829 [main] DEBUG net.serenitybdd.core.photography.Darkroom - Send negative for processing for target\site\serenity\4bc85ef51675cf18d1106f598e5d40bbfd9be80e98692e98f3c42771fd48c58a.png
18:13:08.830 [Darkroom Processing Line] DEBUG net.serenitybdd.core.photography.DarkroomProcessingLine - Processing screenshot image in /var/screenshots/screenshot-4987080982377982269
18:13:08.830 [Darkroom Processing Line] DEBUG net.serenitybdd.core.photography.DarkroomProcessingLine - Saving screenshot to target\site\serenity\4bc85ef51675cf18d1106f598e5d40bbfd9be80e98692e98f3c42771fd48c58a.png
18:13:08.836 [Forwarding findElement on session b8838b05de91a1f720c0c6cf88a72597 to remote] DEBUG org.asynchttpclient.netty.request.NettyRequestSender - Using pooled Channel '[id: 0x47bd19bf, L:/127.0.0.1:51939 - R:localhost/127.0.0.1:62744]' for 'POST' to 'http://localhost:62744/session/b8838b05de91a1f720c0c6cf88a72597/element'
18:13:08.836 [Forwarding findElement on session b8838b05de91a1f720c0c6cf88a72597 to remote] DEBUG org.asynchttpclient.netty.request.NettyRequestSender - Using open Channel [id: 0x47bd19bf, L:/127.0.0.1:51939 - R:localhost/127.0.0.1:62744] for POST '/session/b8838b05de91a1f720c0c6cf88a72597/element'
18:13:08.847 [AsyncHttpClient-1-6] DEBUG org.asynchttpclient.netty.handler.HttpHandler - 

Request DefaultHttpRequest(decodeResult: success, version: HTTP/1.1)
POST /session/b8838b05de91a1f720c0c6cf88a72597/element HTTP/1.1
User-Agent: selenium/4.1.2 (java windows)
Content-Length: 55
Content-Type: application/json; charset=utf-8
host: localhost:62744
accept: */*

Response DefaultHttpResponse(decodeResult: success, version: HTTP/1.1)
HTTP/1.1 200 OK
Content-Type: application/json; charset=utf-8
cache-control: no-cache
content-length: 88

18:13:08.847 [AsyncHttpClient-1-6] DEBUG org.asynchttpclient.netty.channel.ChannelManager - Adding key: http://localhost:62744 for channel [id: 0x47bd19bf, L:/127.0.0.1:51939 - R:localhost/127.0.0.1:62744]
18:13:08.848 [Forwarding clearElement on session b8838b05de91a1f720c0c6cf88a72597 to remote] DEBUG org.asynchttpclient.netty.request.NettyRequestSender - Using pooled Channel '[id: 0x47bd19bf, L:/127.0.0.1:51939 - R:localhost/127.0.0.1:62744]' for 'POST' to 'http://localhost:62744/session/b8838b05de91a1f720c0c6cf88a72597/element/48939122-b000-431a-a40e-0bf8f5b69a85/clear'
18:13:08.848 [Forwarding clearElement on session b8838b05de91a1f720c0c6cf88a72597 to remote] DEBUG org.asynchttpclient.netty.request.NettyRequestSender - Using open Channel [id: 0x47bd19bf, L:/127.0.0.1:51939 - R:localhost/127.0.0.1:62744] for POST '/session/b8838b05de91a1f720c0c6cf88a72597/element/48939122-b000-431a-a40e-0bf8f5b69a85/clear'
18:13:08.878 [AsyncHttpClient-1-6] DEBUG org.asynchttpclient.netty.handler.HttpHandler - 

Request DefaultHttpRequest(decodeResult: success, version: HTTP/1.1)
POST /session/b8838b05de91a1f720c0c6cf88a72597/element/48939122-b000-431a-a40e-0bf8f5b69a85/clear HTTP/1.1
User-Agent: selenium/4.1.2 (java windows)
Content-Length: 50
Content-Type: application/json; charset=utf-8
host: localhost:62744
accept: */*

Response DefaultHttpResponse(decodeResult: success, version: HTTP/1.1)
HTTP/1.1 200 OK
Content-Type: application/json; charset=utf-8
cache-control: no-cache
content-length: 14

18:13:08.878 [AsyncHttpClient-1-6] DEBUG org.asynchttpclient.netty.channel.ChannelManager - Adding key: http://localhost:62744 for channel [id: 0x47bd19bf, L:/127.0.0.1:51939 - R:localhost/127.0.0.1:62744]
18:13:08.880 [Forwarding sendKeysToElement on session b8838b05de91a1f720c0c6cf88a72597 to remote] DEBUG org.asynchttpclient.netty.request.NettyRequestSender - Using pooled Channel '[id: 0x47bd19bf, L:/127.0.0.1:51939 - R:localhost/127.0.0.1:62744]' for 'POST' to 'http://localhost:62744/session/b8838b05de91a1f720c0c6cf88a72597/element/48939122-b000-431a-a40e-0bf8f5b69a85/value'
18:13:08.880 [Forwarding sendKeysToElement on session b8838b05de91a1f720c0c6cf88a72597 to remote] DEBUG org.asynchttpclient.netty.request.NettyRequestSender - Using open Channel [id: 0x47bd19bf, L:/127.0.0.1:51939 - R:localhost/127.0.0.1:62744] for POST '/session/b8838b05de91a1f720c0c6cf88a72597/element/48939122-b000-431a-a40e-0bf8f5b69a85/value'
18:13:08.925 [AsyncHttpClient-1-6] DEBUG org.asynchttpclient.netty.handler.HttpHandler - 

Request DefaultHttpRequest(decodeResult: success, version: HTTP/1.1)
POST /session/b8838b05de91a1f720c0c6cf88a72597/element/48939122-b000-431a-a40e-0bf8f5b69a85/value HTTP/1.1
User-Agent: selenium/4.1.2 (java windows)
Content-Length: 121
Content-Type: application/json; charset=utf-8
host: localhost:62744
accept: */*

Response DefaultHttpResponse(decodeResult: success, version: HTTP/1.1)
HTTP/1.1 200 OK
Content-Type: application/json; charset=utf-8
cache-control: no-cache
content-length: 14

18:13:08.926 [AsyncHttpClient-1-6] DEBUG org.asynchttpclient.netty.channel.ChannelManager - Adding key: http://localhost:62744 for channel [id: 0x47bd19bf, L:/127.0.0.1:51939 - R:localhost/127.0.0.1:62744]
  &amp#27;[32mAnd &amp#27;[0m&amp#27;[32mI input password register &amp#27;[0m&amp#27;[32m&amp#27;[1m"1234"&amp#27;[0m          &amp#27;[90m# starter.stepdefinitions.RegisterStep.iInputPasswordRegister(java.lang.String)&amp#27;[0m
18:13:08.934 [Forwarding screenshot on session b8838b05de91a1f720c0c6cf88a72597 to remote] DEBUG org.asynchttpclient.netty.request.NettyRequestSender - Using pooled Channel '[id: 0x47bd19bf, L:/127.0.0.1:51939 - R:localhost/127.0.0.1:62744]' for 'GET' to 'http://localhost:62744/session/b8838b05de91a1f720c0c6cf88a72597/screenshot'
18:13:08.934 [Forwarding screenshot on session b8838b05de91a1f720c0c6cf88a72597 to remote] DEBUG org.asynchttpclient.netty.request.NettyRequestSender - Using open Channel [id: 0x47bd19bf, L:/127.0.0.1:51939 - R:localhost/127.0.0.1:62744] for GET '/session/b8838b05de91a1f720c0c6cf88a72597/screenshot'
18:13:09.072 [AsyncHttpClient-1-6] DEBUG org.asynchttpclient.netty.handler.HttpHandler - 

Request DefaultFullHttpRequest(decodeResult: success, version: HTTP/1.1, content: EmptyByteBufBE)
GET /session/b8838b05de91a1f720c0c6cf88a72597/screenshot HTTP/1.1
User-Agent: selenium/4.1.2 (java windows)
Cache-Control: no-cache
Content-Type: application/json; charset=utf-8
host: localhost:62744
accept: */*

Response DefaultHttpResponse(decodeResult: success, version: HTTP/1.1)
HTTP/1.1 200 OK
Content-Type: application/json; charset=utf-8
cache-control: no-cache
content-length: 41312

18:13:09.072 [AsyncHttpClient-1-6] DEBUG org.asynchttpclient.netty.channel.ChannelManager - Adding key: http://localhost:62744 for channel [id: 0x47bd19bf, L:/127.0.0.1:51939 - R:localhost/127.0.0.1:62744]
18:13:09.075 [main] DEBUG net.serenitybdd.core.photography.Darkroom - Send negative for processing for target\site\serenity\a4936b65530aca623ce7ed4a5371d669ee44508f2c69565c59c7a1a58f1b107f.png
18:13:09.075 [Darkroom Processing Line] DEBUG net.serenitybdd.core.photography.DarkroomProcessingLine - Processing screenshot image in /var/screenshots/screenshot-12181630877378324507
18:13:09.075 [Darkroom Processing Line] DEBUG net.serenitybdd.core.photography.DarkroomProcessingLine - Saving screenshot to target\site\serenity\a4936b65530aca623ce7ed4a5371d669ee44508f2c69565c59c7a1a58f1b107f.png
18:13:09.082 [Forwarding findElement on session b8838b05de91a1f720c0c6cf88a72597 to remote] DEBUG org.asynchttpclient.netty.request.NettyRequestSender - Using pooled Channel '[id: 0x47bd19bf, L:/127.0.0.1:51939 - R:localhost/127.0.0.1:62744]' for 'POST' to 'http://localhost:62744/session/b8838b05de91a1f720c0c6cf88a72597/element'
18:13:09.083 [Forwarding findElement on session b8838b05de91a1f720c0c6cf88a72597 to remote] DEBUG org.asynchttpclient.netty.request.NettyRequestSender - Using open Channel [id: 0x47bd19bf, L:/127.0.0.1:51939 - R:localhost/127.0.0.1:62744] for POST '/session/b8838b05de91a1f720c0c6cf88a72597/element'
18:13:09.095 [AsyncHttpClient-1-6] DEBUG org.asynchttpclient.netty.handler.HttpHandler - 

Request DefaultHttpRequest(decodeResult: success, version: HTTP/1.1)
POST /session/b8838b05de91a1f720c0c6cf88a72597/element HTTP/1.1
User-Agent: selenium/4.1.2 (java windows)
Content-Length: 142
Content-Type: application/json; charset=utf-8
host: localhost:62744
accept: */*

Response DefaultHttpResponse(decodeResult: success, version: HTTP/1.1)
HTTP/1.1 200 OK
Content-Type: application/json; charset=utf-8
cache-control: no-cache
content-length: 88

18:13:09.095 [AsyncHttpClient-1-6] DEBUG org.asynchttpclient.netty.channel.ChannelManager - Adding key: http://localhost:62744 for channel [id: 0x47bd19bf, L:/127.0.0.1:51939 - R:localhost/127.0.0.1:62744]
18:13:09.096 [Forwarding getElementTagName on session b8838b05de91a1f720c0c6cf88a72597 to remote] DEBUG org.asynchttpclient.netty.request.NettyRequestSender - Using pooled Channel '[id: 0x47bd19bf, L:/127.0.0.1:51939 - R:localhost/127.0.0.1:62744]' for 'GET' to 'http://localhost:62744/session/b8838b05de91a1f720c0c6cf88a72597/element/336026f2-efd4-4121-b006-52e032470ac3/name'
18:13:09.096 [Forwarding getElementTagName on session b8838b05de91a1f720c0c6cf88a72597 to remote] DEBUG org.asynchttpclient.netty.request.NettyRequestSender - Using open Channel [id: 0x47bd19bf, L:/127.0.0.1:51939 - R:localhost/127.0.0.1:62744] for GET '/session/b8838b05de91a1f720c0c6cf88a72597/element/336026f2-efd4-4121-b006-52e032470ac3/name'
18:13:09.100 [AsyncHttpClient-1-6] DEBUG org.asynchttpclient.netty.handler.HttpHandler - 

Request DefaultFullHttpRequest(decodeResult: success, version: HTTP/1.1, content: EmptyByteBufBE)
GET /session/b8838b05de91a1f720c0c6cf88a72597/element/336026f2-efd4-4121-b006-52e032470ac3/name HTTP/1.1
User-Agent: selenium/4.1.2 (java windows)
Cache-Control: no-cache
Content-Type: application/json; charset=utf-8
host: localhost:62744
accept: */*

Response DefaultHttpResponse(decodeResult: success, version: HTTP/1.1)
HTTP/1.1 200 OK
Content-Type: application/json; charset=utf-8
cache-control: no-cache
content-length: 18

18:13:09.100 [AsyncHttpClient-1-6] DEBUG org.asynchttpclient.netty.channel.ChannelManager - Adding key: http://localhost:62744 for channel [id: 0x47bd19bf, L:/127.0.0.1:51939 - R:localhost/127.0.0.1:62744]
18:13:09.101 [Forwarding getElementTagName on session b8838b05de91a1f720c0c6cf88a72597 to remote] DEBUG org.asynchttpclient.netty.request.NettyRequestSender - Using pooled Channel '[id: 0x47bd19bf, L:/127.0.0.1:51939 - R:localhost/127.0.0.1:62744]' for 'GET' to 'http://localhost:62744/session/b8838b05de91a1f720c0c6cf88a72597/element/336026f2-efd4-4121-b006-52e032470ac3/name'
18:13:09.101 [Forwarding getElementTagName on session b8838b05de91a1f720c0c6cf88a72597 to remote] DEBUG org.asynchttpclient.netty.request.NettyRequestSender - Using open Channel [id: 0x47bd19bf, L:/127.0.0.1:51939 - R:localhost/127.0.0.1:62744] for GET '/session/b8838b05de91a1f720c0c6cf88a72597/element/336026f2-efd4-4121-b006-52e032470ac3/name'
18:13:09.104 [AsyncHttpClient-1-6] DEBUG org.asynchttpclient.netty.handler.HttpHandler - 

Request DefaultFullHttpRequest(decodeResult: success, version: HTTP/1.1, content: EmptyByteBufBE)
GET /session/b8838b05de91a1f720c0c6cf88a72597/element/336026f2-efd4-4121-b006-52e032470ac3/name HTTP/1.1
User-Agent: selenium/4.1.2 (java windows)
Cache-Control: no-cache
Content-Type: application/json; charset=utf-8
host: localhost:62744
accept: */*

Response DefaultHttpResponse(decodeResult: success, version: HTTP/1.1)
HTTP/1.1 200 OK
Content-Type: application/json; charset=utf-8
cache-control: no-cache
content-length: 18

18:13:09.104 [AsyncHttpClient-1-6] DEBUG org.asynchttpclient.netty.channel.ChannelManager - Adding key: http://localhost:62744 for channel [id: 0x47bd19bf, L:/127.0.0.1:51939 - R:localhost/127.0.0.1:62744]
18:13:09.106 [Forwarding isElementEnabled on session b8838b05de91a1f720c0c6cf88a72597 to remote] DEBUG org.asynchttpclient.netty.request.NettyRequestSender - Using pooled Channel '[id: 0x47bd19bf, L:/127.0.0.1:51939 - R:localhost/127.0.0.1:62744]' for 'GET' to 'http://localhost:62744/session/b8838b05de91a1f720c0c6cf88a72597/element/336026f2-efd4-4121-b006-52e032470ac3/enabled'
18:13:09.106 [Forwarding isElementEnabled on session b8838b05de91a1f720c0c6cf88a72597 to remote] DEBUG org.asynchttpclient.netty.request.NettyRequestSender - Using open Channel [id: 0x47bd19bf, L:/127.0.0.1:51939 - R:localhost/127.0.0.1:62744] for GET '/session/b8838b05de91a1f720c0c6cf88a72597/element/336026f2-efd4-4121-b006-52e032470ac3/enabled'
18:13:09.114 [AsyncHttpClient-1-6] DEBUG org.asynchttpclient.netty.handler.HttpHandler - 

Request DefaultFullHttpRequest(decodeResult: success, version: HTTP/1.1, content: EmptyByteBufBE)
GET /session/b8838b05de91a1f720c0c6cf88a72597/element/336026f2-efd4-4121-b006-52e032470ac3/enabled HTTP/1.1
User-Agent: selenium/4.1.2 (java windows)
Cache-Control: no-cache
Content-Type: application/json; charset=utf-8
host: localhost:62744
accept: */*

Response DefaultHttpResponse(decodeResult: success, version: HTTP/1.1)
HTTP/1.1 200 OK
Content-Type: application/json; charset=utf-8
cache-control: no-cache
content-length: 14

18:13:09.114 [AsyncHttpClient-1-6] DEBUG org.asynchttpclient.netty.channel.ChannelManager - Adding key: http://localhost:62744 for channel [id: 0x47bd19bf, L:/127.0.0.1:51939 - R:localhost/127.0.0.1:62744]
18:13:09.116 [Forwarding isElementEnabled on session b8838b05de91a1f720c0c6cf88a72597 to remote] DEBUG org.asynchttpclient.netty.request.NettyRequestSender - Using pooled Channel '[id: 0x47bd19bf, L:/127.0.0.1:51939 - R:localhost/127.0.0.1:62744]' for 'GET' to 'http://localhost:62744/session/b8838b05de91a1f720c0c6cf88a72597/element/336026f2-efd4-4121-b006-52e032470ac3/enabled'
18:13:09.116 [Forwarding isElementEnabled on session b8838b05de91a1f720c0c6cf88a72597 to remote] DEBUG org.asynchttpclient.netty.request.NettyRequestSender - Using open Channel [id: 0x47bd19bf, L:/127.0.0.1:51939 - R:localhost/127.0.0.1:62744] for GET '/session/b8838b05de91a1f720c0c6cf88a72597/element/336026f2-efd4-4121-b006-52e032470ac3/enabled'
18:13:09.120 [AsyncHttpClient-1-6] DEBUG org.asynchttpclient.netty.handler.HttpHandler - 

Request DefaultFullHttpRequest(decodeResult: success, version: HTTP/1.1, content: EmptyByteBufBE)
GET /session/b8838b05de91a1f720c0c6cf88a72597/element/336026f2-efd4-4121-b006-52e032470ac3/enabled HTTP/1.1
User-Agent: selenium/4.1.2 (java windows)
Cache-Control: no-cache
Content-Type: application/json; charset=utf-8
host: localhost:62744
accept: */*

Response DefaultHttpResponse(decodeResult: success, version: HTTP/1.1)
HTTP/1.1 200 OK
Content-Type: application/json; charset=utf-8
cache-control: no-cache
content-length: 14

18:13:09.120 [AsyncHttpClient-1-6] DEBUG org.asynchttpclient.netty.channel.ChannelManager - Adding key: http://localhost:62744 for channel [id: 0x47bd19bf, L:/127.0.0.1:51939 - R:localhost/127.0.0.1:62744]
18:13:09.122 [Forwarding findElement on session b8838b05de91a1f720c0c6cf88a72597 to remote] DEBUG org.asynchttpclient.netty.request.NettyRequestSender - Using pooled Channel '[id: 0x47bd19bf, L:/127.0.0.1:51939 - R:localhost/127.0.0.1:62744]' for 'POST' to 'http://localhost:62744/session/b8838b05de91a1f720c0c6cf88a72597/element'
18:13:09.122 [Forwarding findElement on session b8838b05de91a1f720c0c6cf88a72597 to remote] DEBUG org.asynchttpclient.netty.request.NettyRequestSender - Using open Channel [id: 0x47bd19bf, L:/127.0.0.1:51939 - R:localhost/127.0.0.1:62744] for POST '/session/b8838b05de91a1f720c0c6cf88a72597/element'
18:13:09.130 [AsyncHttpClient-1-6] DEBUG org.asynchttpclient.netty.handler.HttpHandler - 

Request DefaultHttpRequest(decodeResult: success, version: HTTP/1.1)
POST /session/b8838b05de91a1f720c0c6cf88a72597/element HTTP/1.1
User-Agent: selenium/4.1.2 (java windows)
Content-Length: 142
Content-Type: application/json; charset=utf-8
host: localhost:62744
accept: */*

Response DefaultHttpResponse(decodeResult: success, version: HTTP/1.1)
HTTP/1.1 200 OK
Content-Type: application/json; charset=utf-8
cache-control: no-cache
content-length: 88

18:13:09.130 [AsyncHttpClient-1-6] DEBUG org.asynchttpclient.netty.channel.ChannelManager - Adding key: http://localhost:62744 for channel [id: 0x47bd19bf, L:/127.0.0.1:51939 - R:localhost/127.0.0.1:62744]
18:13:09.131 [Forwarding clickElement on session b8838b05de91a1f720c0c6cf88a72597 to remote] DEBUG org.asynchttpclient.netty.request.NettyRequestSender - Using pooled Channel '[id: 0x47bd19bf, L:/127.0.0.1:51939 - R:localhost/127.0.0.1:62744]' for 'POST' to 'http://localhost:62744/session/b8838b05de91a1f720c0c6cf88a72597/element/336026f2-efd4-4121-b006-52e032470ac3/click'
18:13:09.131 [Forwarding clickElement on session b8838b05de91a1f720c0c6cf88a72597 to remote] DEBUG org.asynchttpclient.netty.request.NettyRequestSender - Using open Channel [id: 0x47bd19bf, L:/127.0.0.1:51939 - R:localhost/127.0.0.1:62744] for POST '/session/b8838b05de91a1f720c0c6cf88a72597/element/336026f2-efd4-4121-b006-52e032470ac3/click'
18:13:09.172 [AsyncHttpClient-1-6] DEBUG org.asynchttpclient.netty.handler.HttpHandler - 

Request DefaultHttpRequest(decodeResult: success, version: HTTP/1.1)
POST /session/b8838b05de91a1f720c0c6cf88a72597/element/336026f2-efd4-4121-b006-52e032470ac3/click HTTP/1.1
User-Agent: selenium/4.1.2 (java windows)
Content-Length: 50
Content-Type: application/json; charset=utf-8
host: localhost:62744
accept: */*

Response DefaultHttpResponse(decodeResult: success, version: HTTP/1.1)
HTTP/1.1 200 OK
Content-Type: application/json; charset=utf-8
cache-control: no-cache
content-length: 14

18:13:09.172 [AsyncHttpClient-1-6] DEBUG org.asynchttpclient.netty.channel.ChannelManager - Adding key: http://localhost:62744 for channel [id: 0x47bd19bf, L:/127.0.0.1:51939 - R:localhost/127.0.0.1:62744]
  &amp#27;[32mAnd &amp#27;[0m&amp#27;[32mI click submit register button&amp#27;[0m            &amp#27;[90m# starter.stepdefinitions.RegisterStep.iClickSubmitRegisterButton()&amp#27;[0m
18:13:09.178 [Forwarding screenshot on session b8838b05de91a1f720c0c6cf88a72597 to remote] DEBUG org.asynchttpclient.netty.request.NettyRequestSender - Using pooled Channel '[id: 0x47bd19bf, L:/127.0.0.1:51939 - R:localhost/127.0.0.1:62744]' for 'GET' to 'http://localhost:62744/session/b8838b05de91a1f720c0c6cf88a72597/screenshot'
18:13:09.178 [Forwarding screenshot on session b8838b05de91a1f720c0c6cf88a72597 to remote] DEBUG org.asynchttpclient.netty.request.NettyRequestSender - Using open Channel [id: 0x47bd19bf, L:/127.0.0.1:51939 - R:localhost/127.0.0.1:62744] for GET '/session/b8838b05de91a1f720c0c6cf88a72597/screenshot'
18:13:09.280 [AsyncHttpClient-1-1] DEBUG org.asynchttpclient.netty.channel.DefaultChannelPool - Entry count for : http://localhost:51940 : 1
18:13:09.326 [AsyncHttpClient-1-6] DEBUG org.asynchttpclient.netty.handler.HttpHandler - 

Request DefaultFullHttpRequest(decodeResult: success, version: HTTP/1.1, content: EmptyByteBufBE)
GET /session/b8838b05de91a1f720c0c6cf88a72597/screenshot HTTP/1.1
User-Agent: selenium/4.1.2 (java windows)
Cache-Control: no-cache
Content-Type: application/json; charset=utf-8
host: localhost:62744
accept: */*

Response DefaultHttpResponse(decodeResult: success, version: HTTP/1.1)
HTTP/1.1 200 OK
Content-Type: application/json; charset=utf-8
cache-control: no-cache
content-length: 40688

18:13:09.326 [AsyncHttpClient-1-6] DEBUG org.asynchttpclient.netty.channel.ChannelManager - Adding key: http://localhost:62744 for channel [id: 0x47bd19bf, L:/127.0.0.1:51939 - R:localhost/127.0.0.1:62744]
18:13:09.329 [main] DEBUG net.serenitybdd.core.photography.Darkroom - Send negative for processing for target\site\serenity\a84a196c806e8f24ca19243f3c46d111875308fc41e7a3b88cdbf97b5e9f42c6.png
18:13:09.329 [Darkroom Processing Line] DEBUG net.serenitybdd.core.photography.DarkroomProcessingLine - Processing screenshot image in /var/screenshots/screenshot-2994319159640856280
18:13:09.329 [Darkroom Processing Line] DEBUG net.serenitybdd.core.photography.DarkroomProcessingLine - Saving screenshot to target\site\serenity\a84a196c806e8f24ca19243f3c46d111875308fc41e7a3b88cdbf97b5e9f42c6.png
18:13:09.334 [Forwarding get on session b8838b05de91a1f720c0c6cf88a72597 to remote] DEBUG org.asynchttpclient.netty.request.NettyRequestSender - Using pooled Channel '[id: 0x47bd19bf, L:/127.0.0.1:51939 - R:localhost/127.0.0.1:62744]' for 'POST' to 'http://localhost:62744/session/b8838b05de91a1f720c0c6cf88a72597/url'
18:13:09.334 [Forwarding get on session b8838b05de91a1f720c0c6cf88a72597 to remote] DEBUG org.asynchttpclient.netty.request.NettyRequestSender - Using open Channel [id: 0x47bd19bf, L:/127.0.0.1:51939 - R:localhost/127.0.0.1:62744] for POST '/session/b8838b05de91a1f720c0c6cf88a72597/url'
18:13:09.657 [AsyncHttpClient-1-6] DEBUG org.asynchttpclient.netty.handler.HttpHandler - 

Request DefaultHttpRequest(decodeResult: success, version: HTTP/1.1)
POST /session/b8838b05de91a1f720c0c6cf88a72597/url HTTP/1.1
User-Agent: selenium/4.1.2 (java windows)
Content-Length: 74
Content-Type: application/json; charset=utf-8
host: localhost:62744
accept: */*

Response DefaultHttpResponse(decodeResult: success, version: HTTP/1.1)
HTTP/1.1 200 OK
Content-Type: application/json; charset=utf-8
cache-control: no-cache
content-length: 14

18:13:09.658 [AsyncHttpClient-1-6] DEBUG org.asynchttpclient.netty.channel.ChannelManager - Adding key: http://localhost:62744 for channel [id: 0x47bd19bf, L:/127.0.0.1:51939 - R:localhost/127.0.0.1:62744]
18:13:09.661 [Forwarding getCurrentUrl on session b8838b05de91a1f720c0c6cf88a72597 to remote] DEBUG org.asynchttpclient.netty.request.NettyRequestSender - Using pooled Channel '[id: 0x47bd19bf, L:/127.0.0.1:51939 - R:localhost/127.0.0.1:62744]' for 'GET' to 'http://localhost:62744/session/b8838b05de91a1f720c0c6cf88a72597/url'
18:13:09.662 [Forwarding getCurrentUrl on session b8838b05de91a1f720c0c6cf88a72597 to remote] DEBUG org.asynchttpclient.netty.request.NettyRequestSender - Using open Channel [id: 0x47bd19bf, L:/127.0.0.1:51939 - R:localhost/127.0.0.1:62744] for GET '/session/b8838b05de91a1f720c0c6cf88a72597/url'
18:13:09.667 [AsyncHttpClient-1-6] DEBUG org.asynchttpclient.netty.handler.HttpHandler - 

Request DefaultFullHttpRequest(decodeResult: success, version: HTTP/1.1, content: EmptyByteBufBE)
GET /session/b8838b05de91a1f720c0c6cf88a72597/url HTTP/1.1
User-Agent: selenium/4.1.2 (java windows)
Cache-Control: no-cache
Content-Type: application/json; charset=utf-8
host: localhost:62744
accept: */*

Response DefaultHttpResponse(decodeResult: success, version: HTTP/1.1)
HTTP/1.1 200 OK
Content-Type: application/json; charset=utf-8
cache-control: no-cache
content-length: 51

18:13:09.667 [AsyncHttpClient-1-6] DEBUG org.asynchttpclient.netty.channel.ChannelManager - Adding key: http://localhost:62744 for channel [id: 0x47bd19bf, L:/127.0.0.1:51939 - R:localhost/127.0.0.1:62744]
  &amp#27;[32mThen &amp#27;[0m&amp#27;[32mI will get the result register &amp#27;[0m&amp#27;[32m&amp#27;[1m"success"&amp#27;[0m &amp#27;[90m# starter.stepdefinitions.RegisterStep.iWillGetTheResultRegister(java.lang.String)&amp#27;[0m
18:13:09.672 [Forwarding screenshot on session b8838b05de91a1f720c0c6cf88a72597 to remote] DEBUG org.asynchttpclient.netty.request.NettyRequestSender - Using pooled Channel '[id: 0x47bd19bf, L:/127.0.0.1:51939 - R:localhost/127.0.0.1:62744]' for 'GET' to 'http://localhost:62744/session/b8838b05de91a1f720c0c6cf88a72597/screenshot'
18:13:09.672 [Forwarding screenshot on session b8838b05de91a1f720c0c6cf88a72597 to remote] DEBUG org.asynchttpclient.netty.request.NettyRequestSender - Using open Channel [id: 0x47bd19bf, L:/127.0.0.1:51939 - R:localhost/127.0.0.1:62744] for GET '/session/b8838b05de91a1f720c0c6cf88a72597/screenshot'
18:13:09.775 [AsyncHttpClient-1-6] DEBUG org.asynchttpclient.netty.handler.HttpHandler - 

Request DefaultFullHttpRequest(decodeResult: success, version: HTTP/1.1, content: EmptyByteBufBE)
GET /session/b8838b05de91a1f720c0c6cf88a72597/screenshot HTTP/1.1
User-Agent: selenium/4.1.2 (java windows)
Cache-Control: no-cache
Content-Type: application/json; charset=utf-8
host: localhost:62744
accept: */*

Response DefaultHttpResponse(decodeResult: success, version: HTTP/1.1)
HTTP/1.1 200 OK
Content-Type: application/json; charset=utf-8
cache-control: no-cache
content-length: 24528

18:13:09.775 [AsyncHttpClient-1-6] DEBUG org.asynchttpclient.netty.channel.ChannelManager - Adding key: http://localhost:62744 for channel [id: 0x47bd19bf, L:/127.0.0.1:51939 - R:localhost/127.0.0.1:62744]
18:13:09.777 [main] DEBUG net.serenitybdd.core.photography.Darkroom - Send negative for processing for target\site\serenity\4a081d05db2e6be9b3256b332b844d9c53d5aa88207142e6b6c18ed6759b787c.png
18:13:09.782 [AsyncHttpClient-1-8] DEBUG org.asynchttpclient.netty.handler.WebSocketHandler - Channel Closed: [id: 0x9fe4450e, L:/127.0.0.1:51947 ! R:localhost/127.0.0.1:51940] with attribute NettyResponseFuture{currentRetry=5,
	isDone=1,
	isCancelled=0,
	asyncHandler=org.asynchttpclient.ws.WebSocketUpgradeHandler@7f05713f,
	nettyRequest=org.asynchttpclient.netty.request.NettyRequest@4b751340,
	future=java.util.concurrent.CompletableFuture@2a9eaa01[Completed normally],
	uri=ws://localhost:51940/devtools/browser/3ccb4e6b-0198-419d-8006-e6fbb0127d8d,
	keepAlive=true,
	redirectCount=0,
	timeoutsHolder=null,
	inAuth=0,
	touch=1667041987456}
18:13:09.782 [AsyncHttpClient-1-8] DEBUG org.asynchttpclient.netty.channel.ChannelManager - Closing Channel [id: 0x9fe4450e, L:/127.0.0.1:51947 ! R:localhost/127.0.0.1:51940] 
18:13:09.782 [Driver Command Executor] DEBUG org.asynchttpclient.netty.request.NettyRequestSender - Using pooled Channel '[id: 0x47bd19bf, L:/127.0.0.1:51939 - R:localhost/127.0.0.1:62744]' for 'DELETE' to 'http://localhost:62744/session/b8838b05de91a1f720c0c6cf88a72597'
18:13:09.782 [Driver Command Executor] DEBUG org.asynchttpclient.netty.request.NettyRequestSender - Using open Channel [id: 0x47bd19bf, L:/127.0.0.1:51939 - R:localhost/127.0.0.1:62744] for DELETE '/session/b8838b05de91a1f720c0c6cf88a72597'
18:13:09.807 [AsyncHttpClient-1-7] DEBUG org.asynchttpclient.netty.handler.HttpHandler - Unexpected I/O exception on channel [id: 0xa939cd85, L:/127.0.0.1:51946 - R:localhost/127.0.0.1:51940]
java.net.SocketException: Connection reset
	at java.base/sun.nio.ch.SocketChannelImpl.throwConnectionReset(SocketChannelImpl.java:345)
	at java.base/sun.nio.ch.SocketChannelImpl.read(SocketChannelImpl.java:376)
	at io.netty.buffer.PooledByteBuf.setBytes(PooledByteBuf.java:258)
	at io.netty.buffer.AbstractByteBuf.writeBytes(AbstractByteBuf.java:1132)
	at io.netty.channel.socket.nio.NioSocketChannel.doReadBytes(NioSocketChannel.java:350)
	at io.netty.channel.nio.AbstractNioByteChannel$NioByteUnsafe.read(AbstractNioByteChannel.java:151)
	at io.netty.channel.nio.NioEventLoop.processSelectedKey(NioEventLoop.java:722)
	at io.netty.channel.nio.NioEventLoop.processSelectedKeysOptimized(NioEventLoop.java:658)
	at io.netty.channel.nio.NioEventLoop.processSelectedKeys(NioEventLoop.java:584)
	at io.netty.channel.nio.NioEventLoop.run(NioEventLoop.java:496)
	at io.netty.util.concurrent.SingleThreadEventExecutor$4.run(SingleThreadEventExecutor.java:986)
	at io.netty.util.internal.ThreadExecutorMap$2.run(ThreadExecutorMap.java:74)
	at io.netty.util.concurrent.FastThreadLocalRunnable.run(FastThreadLocalRunnable.java:30)
	at java.base/java.lang.Thread.run(Thread.java:830)
18:13:09.808 [AsyncHttpClient-1-7] DEBUG org.asynchttpclient.netty.channel.ChannelManager - Closing Channel [id: 0xa939cd85, L:/127.0.0.1:51946 - R:localhost/127.0.0.1:51940] 
18:13:09.808 [AsyncHttpClient-1-7] DEBUG org.asynchttpclient.netty.handler.HttpHandler - Channel Closed: [id: 0xa939cd85, L:/127.0.0.1:51946 ! R:localhost/127.0.0.1:51940] with attribute DISCARD
18:13:09.822 [AsyncHttpClient-1-6] DEBUG org.asynchttpclient.netty.handler.HttpHandler - 

Request DefaultFullHttpRequest(decodeResult: success, version: HTTP/1.1, content: EmptyByteBufBE)
DELETE /session/b8838b05de91a1f720c0c6cf88a72597 HTTP/1.1
User-Agent: selenium/4.1.2 (java windows)
Content-Type: application/json; charset=utf-8
host: localhost:62744
accept: */*

Response DefaultHttpResponse(decodeResult: success, version: HTTP/1.1)
HTTP/1.1 200 OK
Content-Type: application/json; charset=utf-8
cache-control: no-cache
content-length: 14

18:13:09.823 [AsyncHttpClient-1-6] DEBUG org.asynchttpclient.netty.channel.ChannelManager - Adding key: http://localhost:62744 for channel [id: 0x47bd19bf, L:/127.0.0.1:51939 - R:localhost/127.0.0.1:62744]
18:13:09.891 [AsyncHttpClient-1-6] DEBUG org.asynchttpclient.netty.handler.HttpHandler - Channel Closed: [id: 0x47bd19bf, L:/127.0.0.1:51939 ! R:localhost/127.0.0.1:62744] with attribute DISCARD
18:13:10.374 [AsyncHttpClient-1-1] DEBUG org.asynchttpclient.netty.channel.DefaultChannelPool - Entry count for : http://localhost:51940 : 1
18:13:10.374 [AsyncHttpClient-1-1] DEBUG org.asynchttpclient.netty.channel.DefaultChannelPool - Entry count for : http://localhost:62744 : 1
18:13:10.374 [AsyncHttpClient-1-1] DEBUG org.asynchttpclient.netty.channel.DefaultChannelPool - Adding Candidate expired Channel [id: 0xa939cd85, L:/127.0.0.1:51946 ! R:localhost/127.0.0.1:51940] isIdleTimeoutExpired=false isRemotelyClosed=true isTtlExpired=false
18:13:10.374 [AsyncHttpClient-1-1] DEBUG org.asynchttpclient.netty.channel.DefaultChannelPool - Closing Idle Channel [id: 0xa939cd85, L:/127.0.0.1:51946 ! R:localhost/127.0.0.1:51940]
18:13:10.374 [AsyncHttpClient-1-1] DEBUG org.asynchttpclient.netty.channel.DefaultChannelPool - Adding Candidate expired Channel [id: 0x47bd19bf, L:/127.0.0.1:51939 ! R:localhost/127.0.0.1:62744] isIdleTimeoutExpired=false isRemotelyClosed=true isTtlExpired=false
18:13:10.374 [AsyncHttpClient-1-1] DEBUG org.asynchttpclient.netty.channel.DefaultChannelPool - Closing Idle Channel [id: 0x47bd19bf, L:/127.0.0.1:51939 ! R:localhost/127.0.0.1:62744]
18:13:10.374 [AsyncHttpClient-1-1] DEBUG org.asynchttpclient.netty.channel.DefaultChannelPool - Closed 2 connections out of 2 in 0 ms
18:13:10.420 [main] INFO  - 
  _____   ___   ___   _____     ___     _     ___   ___   ___   ___  
 |_   _| | __| / __| |_   _|   | _ \   /_\   / __| / __| | __| |   \ 
   | |   | _|  \__ \   | |     |  _/  / _ \  \__ \ \__ \ | _|  | |) |
   |_|   |___| |___/   |_|     |_|   /_/ \_\ |___/ |___/ |___| |___/ 

Register account
----------------------------------------------------------------------
]]></system-out>
    <system-err><![CDATA[Starting ChromeDriver 105.0.5195.52 (412c95e518836d8a7d97250d62b29c2ae6a26a85-refs/branch-heads/5195@{#853}) on port 62744
Only local connections are allowed.
Please see https://chromedriver.chromium.org/security-considerations for suggestions on keeping ChromeDriver safe.
ChromeDriver was started successfully.
[1667041987.432][WARNING]: This version of ChromeDriver has not been tested with Chrome version 106.
Okt 29, 2022 6:13:07 PM org.openqa.selenium.remote.ProtocolHandshake createSession
INFO: Detected dialect: W3C
Okt 29, 2022 6:13:07 PM org.openqa.selenium.devtools.CdpVersionFinder findNearestMatch
WARNING: Unable to find an exact match for CDP version 106, so returning the closest version found: a no-op implementation
Okt 29, 2022 6:13:07 PM org.openqa.selenium.devtools.CdpVersionFinder findNearestMatch
INFO: Unable to find CDP implementation matching 106.
Okt 29, 2022 6:13:07 PM org.openqa.selenium.chromium.ChromiumDriver lambda$new$3
WARNING: Unable to find version of CDP to use for . You may need to include a dependency on a specific version of the CDP using something similar to `org.seleniumhq.selenium:selenium-devtools-v86:4.1.2` where the version ("v86") matches the version of the chromium-based browser you're using and the version number of the artifact is the same as Selenium's.
]]></system-err>
  </testcase>
  <testcase name="Register account #2" classname="Register" time="5.631">
    <system-out><![CDATA[
Scenario Outline: Register account             &amp#27;[90m# src/test/resources/features/Register.feature:16&amp#27;[0m
18:13:10.426 [main] INFO io.cucumber.core.plugin.SerenityReporter - Running feature from file:///C:/Users/alwi/IdeaProjects/AltaShop/src/test/resources/features/Register.feature
18:13:10.438 [main] INFO net.serenitybdd.core.webdriver.driverproviders.ChromeDriverProvider - Using automatically driver download
18:13:10.578 [main] DEBUG io.github.bonigarcia.wdm.cache.ResolutionCache - Resolution chrome=106 in cache (valid until 18:14:56 29/10/2022 WIB)
18:13:10.583 [main] DEBUG io.github.bonigarcia.wdm.cache.ResolutionCache - Resolution chrome106=106.0.5249.61 in cache (valid until 19:30:28 29/10/2022 WIB)
18:13:10.585 [main] INFO io.github.bonigarcia.wdm.WebDriverManager - Using chromedriver 106.0.5249.61 (resolved driver for Chrome 106)
18:13:10.622 [main] DEBUG io.github.bonigarcia.wdm.WebDriverManager - Driver chromedriver 106.0.5249.61 found in cache
18:13:10.623 [main] INFO io.github.bonigarcia.wdm.WebDriverManager - Exporting webdriver.chrome.driver as C:\Users\alwi\.cache\selenium\chromedriver\win32\106.0.5249.61\chromedriver.exe
18:13:10.832 [main] DEBUG net.serenitybdd.core.webdriver.driverproviders.ProvideNewDriver - Instantiating driver
18:13:10.832 [main] DEBUG net.serenitybdd.core.webdriver.driverproviders.ProvideNewDriver - Driver capabilities: Capabilities {acceptInsecureCerts: false, base.url: https://alta-shop.vercel.app, browserName: chrome, chrome.driver: src/test/resources/webdrive..., driver: chrome, goog:chromeOptions: {args: [], extensions: []}, wait.for.timeout: 6000}
18:13:11.379 [AsyncHttpClient-1-9] DEBUG org.asynchttpclient.netty.channel.NettyConnectListener - Using new Channel '[id: 0xebf2a8e1, L:/127.0.0.1:55079 - R:localhost/127.0.0.1:55824]' for 'POST' to '/session'
18:13:12.098 [AsyncHttpClient-1-9] DEBUG org.asynchttpclient.netty.handler.HttpHandler - 

Request DefaultHttpRequest(decodeResult: success, version: HTTP/1.1)
POST /session HTTP/1.1
User-Agent: selenium/4.1.2 (java windows)
Content-Length: 639
Content-Type: application/json; charset=utf-8
host: localhost:55824
accept: */*

Response DefaultHttpResponse(decodeResult: success, version: HTTP/1.1)
HTTP/1.1 200 OK
Content-Type: application/json; charset=utf-8
cache-control: no-cache
content-length: 790

18:13:12.098 [AsyncHttpClient-1-9] DEBUG org.asynchttpclient.netty.channel.ChannelManager - Adding key: http://localhost:55824 for channel [id: 0xebf2a8e1, L:/127.0.0.1:55079 - R:localhost/127.0.0.1:55824]
18:13:12.103 [AsyncHttpClient-1-10] DEBUG org.asynchttpclient.netty.channel.NettyConnectListener - Using new Channel '[id: 0xbc12c03c, L:/127.0.0.1:55087 - R:localhost/127.0.0.1:55081]' for 'GET' to '/json/version'
18:13:12.103 [AsyncHttpClient-1-10] DEBUG org.asynchttpclient.netty.handler.HttpHandler - 

Request DefaultFullHttpRequest(decodeResult: success, version: HTTP/1.1, content: EmptyByteBufBE)
GET /json/version HTTP/1.1
User-Agent: selenium/4.1.2 (java windows)
host: localhost:55081
accept: */*

Response DefaultHttpResponse(decodeResult: success, version: HTTP/1.1)
HTTP/1.1 200 OK
Content-Type: application/json; charset=UTF-8
content-length: 424

18:13:12.103 [AsyncHttpClient-1-10] DEBUG org.asynchttpclient.netty.channel.ChannelManager - Adding key: http://localhost:55081 for channel [id: 0xbc12c03c, L:/127.0.0.1:55087 - R:localhost/127.0.0.1:55081]
18:13:12.106 [AsyncHttpClient-1-11] DEBUG org.asynchttpclient.netty.channel.NettyConnectListener - Using new Channel '[id: 0x2d5621dd, L:/127.0.0.1:55088 - R:localhost/127.0.0.1:55081]' for 'GET' to '/devtools/browser/f52e1237-93d9-43bc-8e92-82635efd2a5c'
18:13:12.106 [AsyncHttpClient-1-11] DEBUG org.asynchttpclient.netty.handler.WebSocketHandler - 

Request DefaultFullHttpRequest(decodeResult: success, version: HTTP/1.1, content: EmptyByteBufBE)
GET /devtools/browser/f52e1237-93d9-43bc-8e92-82635efd2a5c HTTP/1.1
upgrade: websocket
connection: upgrade
sec-websocket-key: pCmbs6jZWRjNBIPaqXkM3Q==
sec-websocket-version: 13
origin: http://localhost:55081
host: localhost:55081
accept: */*
user-agent: AHC/2.1

Response DefaultHttpResponse(decodeResult: success, version: HTTP/1.1)
HTTP/1.1 101 WebSocket Protocol Handshake
Upgrade: WebSocket
Connection: Upgrade
Sec-WebSocket-Accept: P1Ttt7cKs3wjDpxveFJr53pmBqQ=

18:13:12.110 [Forwarding get on session 8ef88f4223d39fe3eada9320a530c3ec to remote] DEBUG org.asynchttpclient.netty.request.NettyRequestSender - Using pooled Channel '[id: 0xebf2a8e1, L:/127.0.0.1:55079 - R:localhost/127.0.0.1:55824]' for 'POST' to 'http://localhost:55824/session/8ef88f4223d39fe3eada9320a530c3ec/url'
18:13:12.110 [Forwarding get on session 8ef88f4223d39fe3eada9320a530c3ec to remote] DEBUG org.asynchttpclient.netty.request.NettyRequestSender - Using open Channel [id: 0xebf2a8e1, L:/127.0.0.1:55079 - R:localhost/127.0.0.1:55824] for POST '/session/8ef88f4223d39fe3eada9320a530c3ec/url'
18:13:12.583 [AsyncHttpClient-1-1] DEBUG org.asynchttpclient.netty.channel.DefaultChannelPool - Entry count for : http://localhost:55081 : 1
18:13:12.614 [AsyncHttpClient-1-9] DEBUG org.asynchttpclient.netty.handler.HttpHandler - 

Request DefaultHttpRequest(decodeResult: success, version: HTTP/1.1)
POST /session/8ef88f4223d39fe3eada9320a530c3ec/url HTTP/1.1
User-Agent: selenium/4.1.2 (java windows)
Content-Length: 77
Content-Type: application/json; charset=utf-8
host: localhost:55824
accept: */*

Response DefaultHttpResponse(decodeResult: success, version: HTTP/1.1)
HTTP/1.1 200 OK
Content-Type: application/json; charset=utf-8
cache-control: no-cache
content-length: 14

18:13:12.614 [AsyncHttpClient-1-9] DEBUG org.asynchttpclient.netty.channel.ChannelManager - Adding key: http://localhost:55824 for channel [id: 0xebf2a8e1, L:/127.0.0.1:55079 - R:localhost/127.0.0.1:55824]
18:13:12.615 [Forwarding setTimeout on session 8ef88f4223d39fe3eada9320a530c3ec to remote] DEBUG org.asynchttpclient.netty.request.NettyRequestSender - Using pooled Channel '[id: 0xebf2a8e1, L:/127.0.0.1:55079 - R:localhost/127.0.0.1:55824]' for 'POST' to 'http://localhost:55824/session/8ef88f4223d39fe3eada9320a530c3ec/timeouts'
18:13:12.615 [Forwarding setTimeout on session 8ef88f4223d39fe3eada9320a530c3ec to remote] DEBUG org.asynchttpclient.netty.request.NettyRequestSender - Using open Channel [id: 0xebf2a8e1, L:/127.0.0.1:55079 - R:localhost/127.0.0.1:55824] for POST '/session/8ef88f4223d39fe3eada9320a530c3ec/timeouts'
18:13:12.616 [AsyncHttpClient-1-9] DEBUG org.asynchttpclient.netty.handler.HttpHandler - 

Request DefaultHttpRequest(decodeResult: success, version: HTTP/1.1)
POST /session/8ef88f4223d39fe3eada9320a530c3ec/timeouts HTTP/1.1
User-Agent: selenium/4.1.2 (java windows)
Content-Length: 22
Content-Type: application/json; charset=utf-8
host: localhost:55824
accept: */*

Response DefaultHttpResponse(decodeResult: success, version: HTTP/1.1)
HTTP/1.1 200 OK
Content-Type: application/json; charset=utf-8
cache-control: no-cache
content-length: 14

18:13:12.616 [AsyncHttpClient-1-9] DEBUG org.asynchttpclient.netty.channel.ChannelManager - Adding key: http://localhost:55824 for channel [id: 0xebf2a8e1, L:/127.0.0.1:55079 - R:localhost/127.0.0.1:55824]
18:13:12.619 [Forwarding getCurrentUrl on session 8ef88f4223d39fe3eada9320a530c3ec to remote] DEBUG org.asynchttpclient.netty.request.NettyRequestSender - Using pooled Channel '[id: 0xebf2a8e1, L:/127.0.0.1:55079 - R:localhost/127.0.0.1:55824]' for 'GET' to 'http://localhost:55824/session/8ef88f4223d39fe3eada9320a530c3ec/url'
18:13:12.619 [Forwarding getCurrentUrl on session 8ef88f4223d39fe3eada9320a530c3ec to remote] DEBUG org.asynchttpclient.netty.request.NettyRequestSender - Using open Channel [id: 0xebf2a8e1, L:/127.0.0.1:55079 - R:localhost/127.0.0.1:55824] for GET '/session/8ef88f4223d39fe3eada9320a530c3ec/url'
18:13:12.623 [AsyncHttpClient-1-9] DEBUG org.asynchttpclient.netty.handler.HttpHandler - 

Request DefaultFullHttpRequest(decodeResult: success, version: HTTP/1.1, content: EmptyByteBufBE)
GET /session/8ef88f4223d39fe3eada9320a530c3ec/url HTTP/1.1
User-Agent: selenium/4.1.2 (java windows)
Cache-Control: no-cache
Content-Type: application/json; charset=utf-8
host: localhost:55824
accept: */*

Response DefaultHttpResponse(decodeResult: success, version: HTTP/1.1)
HTTP/1.1 200 OK
Content-Type: application/json; charset=utf-8
cache-control: no-cache
content-length: 54

18:13:12.623 [AsyncHttpClient-1-9] DEBUG org.asynchttpclient.netty.channel.ChannelManager - Adding key: http://localhost:55824 for channel [id: 0xebf2a8e1, L:/127.0.0.1:55079 - R:localhost/127.0.0.1:55824]
  &amp#27;[32mGiven &amp#27;[0m&amp#27;[32mI am on the register page&amp#27;[0m              &amp#27;[90m# starter.stepdefinitions.RegisterStep.iAmOnTheRegisterPage()&amp#27;[0m
18:13:12.627 [Forwarding screenshot on session 8ef88f4223d39fe3eada9320a530c3ec to remote] DEBUG org.asynchttpclient.netty.request.NettyRequestSender - Using pooled Channel '[id: 0xebf2a8e1, L:/127.0.0.1:55079 - R:localhost/127.0.0.1:55824]' for 'GET' to 'http://localhost:55824/session/8ef88f4223d39fe3eada9320a530c3ec/screenshot'
18:13:12.628 [Forwarding screenshot on session 8ef88f4223d39fe3eada9320a530c3ec to remote] DEBUG org.asynchttpclient.netty.request.NettyRequestSender - Using open Channel [id: 0xebf2a8e1, L:/127.0.0.1:55079 - R:localhost/127.0.0.1:55824] for GET '/session/8ef88f4223d39fe3eada9320a530c3ec/screenshot'
18:13:12.712 [AsyncHttpClient-1-9] DEBUG org.asynchttpclient.netty.handler.HttpHandler - 

Request DefaultFullHttpRequest(decodeResult: success, version: HTTP/1.1, content: EmptyByteBufBE)
GET /session/8ef88f4223d39fe3eada9320a530c3ec/screenshot HTTP/1.1
User-Agent: selenium/4.1.2 (java windows)
Cache-Control: no-cache
Content-Type: application/json; charset=utf-8
host: localhost:55824
accept: */*

Response DefaultHttpResponse(decodeResult: success, version: HTTP/1.1)
HTTP/1.1 200 OK
Content-Type: application/json; charset=utf-8
cache-control: no-cache
content-length: 29396

18:13:12.713 [AsyncHttpClient-1-9] DEBUG org.asynchttpclient.netty.channel.ChannelManager - Adding key: http://localhost:55824 for channel [id: 0xebf2a8e1, L:/127.0.0.1:55079 - R:localhost/127.0.0.1:55824]
18:13:12.714 [main] DEBUG net.serenitybdd.core.photography.Darkroom - Send negative for processing for target\site\serenity\731f2d5e65f52e6f18ed786e82312868c45da0a3a93b12f69eba2a4af226a333.png
18:13:12.721 [Forwarding findElement on session 8ef88f4223d39fe3eada9320a530c3ec to remote] DEBUG org.asynchttpclient.netty.request.NettyRequestSender - Using pooled Channel '[id: 0xebf2a8e1, L:/127.0.0.1:55079 - R:localhost/127.0.0.1:55824]' for 'POST' to 'http://localhost:55824/session/8ef88f4223d39fe3eada9320a530c3ec/element'
18:13:12.721 [Forwarding findElement on session 8ef88f4223d39fe3eada9320a530c3ec to remote] DEBUG org.asynchttpclient.netty.request.NettyRequestSender - Using open Channel [id: 0xebf2a8e1, L:/127.0.0.1:55079 - R:localhost/127.0.0.1:55824] for POST '/session/8ef88f4223d39fe3eada9320a530c3ec/element'
18:13:12.730 [AsyncHttpClient-1-9] DEBUG org.asynchttpclient.netty.handler.HttpHandler - 

Request DefaultHttpRequest(decodeResult: success, version: HTTP/1.1)
POST /session/8ef88f4223d39fe3eada9320a530c3ec/element HTTP/1.1
User-Agent: selenium/4.1.2 (java windows)
Content-Length: 55
Content-Type: application/json; charset=utf-8
host: localhost:55824
accept: */*

Response DefaultHttpResponse(decodeResult: success, version: HTTP/1.1)
HTTP/1.1 200 OK
Content-Type: application/json; charset=utf-8
cache-control: no-cache
content-length: 88

18:13:12.730 [AsyncHttpClient-1-9] DEBUG org.asynchttpclient.netty.channel.ChannelManager - Adding key: http://localhost:55824 for channel [id: 0xebf2a8e1, L:/127.0.0.1:55079 - R:localhost/127.0.0.1:55824]
18:13:12.731 [Forwarding clearElement on session 8ef88f4223d39fe3eada9320a530c3ec to remote] DEBUG org.asynchttpclient.netty.request.NettyRequestSender - Using pooled Channel '[id: 0xebf2a8e1, L:/127.0.0.1:55079 - R:localhost/127.0.0.1:55824]' for 'POST' to 'http://localhost:55824/session/8ef88f4223d39fe3eada9320a530c3ec/element/c1b32a75-e949-4409-9d84-3cbb7dc2286e/clear'
18:13:12.731 [Forwarding clearElement on session 8ef88f4223d39fe3eada9320a530c3ec to remote] DEBUG org.asynchttpclient.netty.request.NettyRequestSender - Using open Channel [id: 0xebf2a8e1, L:/127.0.0.1:55079 - R:localhost/127.0.0.1:55824] for POST '/session/8ef88f4223d39fe3eada9320a530c3ec/element/c1b32a75-e949-4409-9d84-3cbb7dc2286e/clear'
18:13:12.758 [AsyncHttpClient-1-9] DEBUG org.asynchttpclient.netty.handler.HttpHandler - 

Request DefaultHttpRequest(decodeResult: success, version: HTTP/1.1)
POST /session/8ef88f4223d39fe3eada9320a530c3ec/element/c1b32a75-e949-4409-9d84-3cbb7dc2286e/clear HTTP/1.1
User-Agent: selenium/4.1.2 (java windows)
Content-Length: 50
Content-Type: application/json; charset=utf-8
host: localhost:55824
accept: */*

Response DefaultHttpResponse(decodeResult: success, version: HTTP/1.1)
HTTP/1.1 200 OK
Content-Type: application/json; charset=utf-8
cache-control: no-cache
content-length: 14

18:13:12.758 [AsyncHttpClient-1-9] DEBUG org.asynchttpclient.netty.channel.ChannelManager - Adding key: http://localhost:55824 for channel [id: 0xebf2a8e1, L:/127.0.0.1:55079 - R:localhost/127.0.0.1:55824]
18:13:12.759 [Forwarding sendKeysToElement on session 8ef88f4223d39fe3eada9320a530c3ec to remote] DEBUG org.asynchttpclient.netty.request.NettyRequestSender - Using pooled Channel '[id: 0xebf2a8e1, L:/127.0.0.1:55079 - R:localhost/127.0.0.1:55824]' for 'POST' to 'http://localhost:55824/session/8ef88f4223d39fe3eada9320a530c3ec/element/c1b32a75-e949-4409-9d84-3cbb7dc2286e/value'
18:13:12.759 [Forwarding sendKeysToElement on session 8ef88f4223d39fe3eada9320a530c3ec to remote] DEBUG org.asynchttpclient.netty.request.NettyRequestSender - Using open Channel [id: 0xebf2a8e1, L:/127.0.0.1:55079 - R:localhost/127.0.0.1:55824] for POST '/session/8ef88f4223d39fe3eada9320a530c3ec/element/c1b32a75-e949-4409-9d84-3cbb7dc2286e/value'
18:13:12.793 [AsyncHttpClient-1-9] DEBUG org.asynchttpclient.netty.handler.HttpHandler - 

Request DefaultHttpRequest(decodeResult: success, version: HTTP/1.1)
POST /session/8ef88f4223d39fe3eada9320a530c3ec/element/c1b32a75-e949-4409-9d84-3cbb7dc2286e/value HTTP/1.1
User-Agent: selenium/4.1.2 (java windows)
Content-Length: 82
Content-Type: application/json; charset=utf-8
host: localhost:55824
accept: */*

Response DefaultHttpResponse(decodeResult: success, version: HTTP/1.1)
HTTP/1.1 200 OK
Content-Type: application/json; charset=utf-8
cache-control: no-cache
content-length: 14

18:13:12.793 [AsyncHttpClient-1-9] DEBUG org.asynchttpclient.netty.channel.ChannelManager - Adding key: http://localhost:55824 for channel [id: 0xebf2a8e1, L:/127.0.0.1:55079 - R:localhost/127.0.0.1:55824]
  &amp#27;[32mWhen &amp#27;[0m&amp#27;[32mI input fullname register &amp#27;[0m&amp#27;[32m&amp#27;[1m""&amp#27;[0m            &amp#27;[90m# starter.stepdefinitions.RegisterStep.iInputFullnameRegister(java.lang.String)&amp#27;[0m
18:13:12.801 [Forwarding screenshot on session 8ef88f4223d39fe3eada9320a530c3ec to remote] DEBUG org.asynchttpclient.netty.request.NettyRequestSender - Using pooled Channel '[id: 0xebf2a8e1, L:/127.0.0.1:55079 - R:localhost/127.0.0.1:55824]' for 'GET' to 'http://localhost:55824/session/8ef88f4223d39fe3eada9320a530c3ec/screenshot'
18:13:12.801 [Forwarding screenshot on session 8ef88f4223d39fe3eada9320a530c3ec to remote] DEBUG org.asynchttpclient.netty.request.NettyRequestSender - Using open Channel [id: 0xebf2a8e1, L:/127.0.0.1:55079 - R:localhost/127.0.0.1:55824] for GET '/session/8ef88f4223d39fe3eada9320a530c3ec/screenshot'
18:13:12.902 [AsyncHttpClient-1-9] DEBUG org.asynchttpclient.netty.handler.HttpHandler - 

Request DefaultFullHttpRequest(decodeResult: success, version: HTTP/1.1, content: EmptyByteBufBE)
GET /session/8ef88f4223d39fe3eada9320a530c3ec/screenshot HTTP/1.1
User-Agent: selenium/4.1.2 (java windows)
Cache-Control: no-cache
Content-Type: application/json; charset=utf-8
host: localhost:55824
accept: */*

Response DefaultHttpResponse(decodeResult: success, version: HTTP/1.1)
HTTP/1.1 200 OK
Content-Type: application/json; charset=utf-8
cache-control: no-cache
content-length: 29584

18:13:12.903 [AsyncHttpClient-1-9] DEBUG org.asynchttpclient.netty.channel.ChannelManager - Adding key: http://localhost:55824 for channel [id: 0xebf2a8e1, L:/127.0.0.1:55079 - R:localhost/127.0.0.1:55824]
18:13:12.904 [main] DEBUG net.serenitybdd.core.photography.Darkroom - Send negative for processing for target\site\serenity\99efca98c5edb3ba7cff1767d8d88c3acd7a8c891c6c07fe7e1870461bf7ea39.png
18:13:12.905 [Darkroom Processing Line] DEBUG net.serenitybdd.core.photography.DarkroomProcessingLine - Processing screenshot image in /var/screenshots/screenshot-6759515211269181387
18:13:12.905 [Darkroom Processing Line] DEBUG net.serenitybdd.core.photography.DarkroomProcessingLine - Saving screenshot to target\site\serenity\99efca98c5edb3ba7cff1767d8d88c3acd7a8c891c6c07fe7e1870461bf7ea39.png
18:13:12.912 [Forwarding findElement on session 8ef88f4223d39fe3eada9320a530c3ec to remote] DEBUG org.asynchttpclient.netty.request.NettyRequestSender - Using pooled Channel '[id: 0xebf2a8e1, L:/127.0.0.1:55079 - R:localhost/127.0.0.1:55824]' for 'POST' to 'http://localhost:55824/session/8ef88f4223d39fe3eada9320a530c3ec/element'
18:13:12.912 [Forwarding findElement on session 8ef88f4223d39fe3eada9320a530c3ec to remote] DEBUG org.asynchttpclient.netty.request.NettyRequestSender - Using open Channel [id: 0xebf2a8e1, L:/127.0.0.1:55079 - R:localhost/127.0.0.1:55824] for POST '/session/8ef88f4223d39fe3eada9320a530c3ec/element'
18:13:12.923 [AsyncHttpClient-1-9] DEBUG org.asynchttpclient.netty.handler.HttpHandler - 

Request DefaultHttpRequest(decodeResult: success, version: HTTP/1.1)
POST /session/8ef88f4223d39fe3eada9320a530c3ec/element HTTP/1.1
User-Agent: selenium/4.1.2 (java windows)
Content-Length: 55
Content-Type: application/json; charset=utf-8
host: localhost:55824
accept: */*

Response DefaultHttpResponse(decodeResult: success, version: HTTP/1.1)
HTTP/1.1 200 OK
Content-Type: application/json; charset=utf-8
cache-control: no-cache
content-length: 88

18:13:12.923 [AsyncHttpClient-1-9] DEBUG org.asynchttpclient.netty.channel.ChannelManager - Adding key: http://localhost:55824 for channel [id: 0xebf2a8e1, L:/127.0.0.1:55079 - R:localhost/127.0.0.1:55824]
18:13:12.924 [Forwarding clearElement on session 8ef88f4223d39fe3eada9320a530c3ec to remote] DEBUG org.asynchttpclient.netty.request.NettyRequestSender - Using pooled Channel '[id: 0xebf2a8e1, L:/127.0.0.1:55079 - R:localhost/127.0.0.1:55824]' for 'POST' to 'http://localhost:55824/session/8ef88f4223d39fe3eada9320a530c3ec/element/5df31161-704e-4cf4-ac55-fe40d22b0acd/clear'
18:13:12.925 [Forwarding clearElement on session 8ef88f4223d39fe3eada9320a530c3ec to remote] DEBUG org.asynchttpclient.netty.request.NettyRequestSender - Using open Channel [id: 0xebf2a8e1, L:/127.0.0.1:55079 - R:localhost/127.0.0.1:55824] for POST '/session/8ef88f4223d39fe3eada9320a530c3ec/element/5df31161-704e-4cf4-ac55-fe40d22b0acd/clear'
18:13:12.953 [AsyncHttpClient-1-9] DEBUG org.asynchttpclient.netty.handler.HttpHandler - 

Request DefaultHttpRequest(decodeResult: success, version: HTTP/1.1)
POST /session/8ef88f4223d39fe3eada9320a530c3ec/element/5df31161-704e-4cf4-ac55-fe40d22b0acd/clear HTTP/1.1
User-Agent: selenium/4.1.2 (java windows)
Content-Length: 50
Content-Type: application/json; charset=utf-8
host: localhost:55824
accept: */*

Response DefaultHttpResponse(decodeResult: success, version: HTTP/1.1)
HTTP/1.1 200 OK
Content-Type: application/json; charset=utf-8
cache-control: no-cache
content-length: 14

18:13:12.953 [AsyncHttpClient-1-9] DEBUG org.asynchttpclient.netty.channel.ChannelManager - Adding key: http://localhost:55824 for channel [id: 0xebf2a8e1, L:/127.0.0.1:55079 - R:localhost/127.0.0.1:55824]
18:13:12.955 [Forwarding sendKeysToElement on session 8ef88f4223d39fe3eada9320a530c3ec to remote] DEBUG org.asynchttpclient.netty.request.NettyRequestSender - Using pooled Channel '[id: 0xebf2a8e1, L:/127.0.0.1:55079 - R:localhost/127.0.0.1:55824]' for 'POST' to 'http://localhost:55824/session/8ef88f4223d39fe3eada9320a530c3ec/element/5df31161-704e-4cf4-ac55-fe40d22b0acd/value'
18:13:12.955 [Forwarding sendKeysToElement on session 8ef88f4223d39fe3eada9320a530c3ec to remote] DEBUG org.asynchttpclient.netty.request.NettyRequestSender - Using open Channel [id: 0xebf2a8e1, L:/127.0.0.1:55079 - R:localhost/127.0.0.1:55824] for POST '/session/8ef88f4223d39fe3eada9320a530c3ec/element/5df31161-704e-4cf4-ac55-fe40d22b0acd/value'
18:13:13.052 [AsyncHttpClient-1-9] DEBUG org.asynchttpclient.netty.handler.HttpHandler - 

Request DefaultHttpRequest(decodeResult: success, version: HTTP/1.1)
POST /session/8ef88f4223d39fe3eada9320a530c3ec/element/5df31161-704e-4cf4-ac55-fe40d22b0acd/value HTTP/1.1
User-Agent: selenium/4.1.2 (java windows)
Content-Length: 201
Content-Type: application/json; charset=utf-8
host: localhost:55824
accept: */*

Response DefaultHttpResponse(decodeResult: success, version: HTTP/1.1)
HTTP/1.1 200 OK
Content-Type: application/json; charset=utf-8
cache-control: no-cache
content-length: 14

18:13:13.052 [AsyncHttpClient-1-9] DEBUG org.asynchttpclient.netty.channel.ChannelManager - Adding key: http://localhost:55824 for channel [id: 0xebf2a8e1, L:/127.0.0.1:55079 - R:localhost/127.0.0.1:55824]
  &amp#27;[32mAnd &amp#27;[0m&amp#27;[32mI input email register &amp#27;[0m&amp#27;[32m&amp#27;[1m"naixxy@co.uk"&amp#27;[0m    &amp#27;[90m# starter.stepdefinitions.RegisterStep.iInputEmailRegister(java.lang.String)&amp#27;[0m
18:13:13.058 [Forwarding screenshot on session 8ef88f4223d39fe3eada9320a530c3ec to remote] DEBUG org.asynchttpclient.netty.request.NettyRequestSender - Using pooled Channel '[id: 0xebf2a8e1, L:/127.0.0.1:55079 - R:localhost/127.0.0.1:55824]' for 'GET' to 'http://localhost:55824/session/8ef88f4223d39fe3eada9320a530c3ec/screenshot'
18:13:13.058 [Forwarding screenshot on session 8ef88f4223d39fe3eada9320a530c3ec to remote] DEBUG org.asynchttpclient.netty.request.NettyRequestSender - Using open Channel [id: 0xebf2a8e1, L:/127.0.0.1:55079 - R:localhost/127.0.0.1:55824] for GET '/session/8ef88f4223d39fe3eada9320a530c3ec/screenshot'
18:13:13.201 [AsyncHttpClient-1-9] DEBUG org.asynchttpclient.netty.handler.HttpHandler - 

Request DefaultFullHttpRequest(decodeResult: success, version: HTTP/1.1, content: EmptyByteBufBE)
GET /session/8ef88f4223d39fe3eada9320a530c3ec/screenshot HTTP/1.1
User-Agent: selenium/4.1.2 (java windows)
Cache-Control: no-cache
Content-Type: application/json; charset=utf-8
host: localhost:55824
accept: */*

Response DefaultHttpResponse(decodeResult: success, version: HTTP/1.1)
HTTP/1.1 200 OK
Content-Type: application/json; charset=utf-8
cache-control: no-cache
content-length: 33704

18:13:13.202 [AsyncHttpClient-1-9] DEBUG org.asynchttpclient.netty.channel.ChannelManager - Adding key: http://localhost:55824 for channel [id: 0xebf2a8e1, L:/127.0.0.1:55079 - R:localhost/127.0.0.1:55824]
18:13:13.203 [main] DEBUG net.serenitybdd.core.photography.Darkroom - Send negative for processing for target\site\serenity\a3c62684f33ecf1bf24f20009104f7db95995ceed810188e1e7201155cb8fb66.png
18:13:13.204 [Darkroom Processing Line] DEBUG net.serenitybdd.core.photography.DarkroomProcessingLine - Processing screenshot image in /var/screenshots/screenshot-1379570830605391674
18:13:13.204 [Darkroom Processing Line] DEBUG net.serenitybdd.core.photography.DarkroomProcessingLine - Saving screenshot to target\site\serenity\a3c62684f33ecf1bf24f20009104f7db95995ceed810188e1e7201155cb8fb66.png
18:13:13.210 [Forwarding findElement on session 8ef88f4223d39fe3eada9320a530c3ec to remote] DEBUG org.asynchttpclient.netty.request.NettyRequestSender - Using pooled Channel '[id: 0xebf2a8e1, L:/127.0.0.1:55079 - R:localhost/127.0.0.1:55824]' for 'POST' to 'http://localhost:55824/session/8ef88f4223d39fe3eada9320a530c3ec/element'
18:13:13.210 [Forwarding findElement on session 8ef88f4223d39fe3eada9320a530c3ec to remote] DEBUG org.asynchttpclient.netty.request.NettyRequestSender - Using open Channel [id: 0xebf2a8e1, L:/127.0.0.1:55079 - R:localhost/127.0.0.1:55824] for POST '/session/8ef88f4223d39fe3eada9320a530c3ec/element'
18:13:13.221 [AsyncHttpClient-1-9] DEBUG org.asynchttpclient.netty.handler.HttpHandler - 

Request DefaultHttpRequest(decodeResult: success, version: HTTP/1.1)
POST /session/8ef88f4223d39fe3eada9320a530c3ec/element HTTP/1.1
User-Agent: selenium/4.1.2 (java windows)
Content-Length: 55
Content-Type: application/json; charset=utf-8
host: localhost:55824
accept: */*

Response DefaultHttpResponse(decodeResult: success, version: HTTP/1.1)
HTTP/1.1 200 OK
Content-Type: application/json; charset=utf-8
cache-control: no-cache
content-length: 88

18:13:13.222 [AsyncHttpClient-1-9] DEBUG org.asynchttpclient.netty.channel.ChannelManager - Adding key: http://localhost:55824 for channel [id: 0xebf2a8e1, L:/127.0.0.1:55079 - R:localhost/127.0.0.1:55824]
18:13:13.223 [Forwarding clearElement on session 8ef88f4223d39fe3eada9320a530c3ec to remote] DEBUG org.asynchttpclient.netty.request.NettyRequestSender - Using pooled Channel '[id: 0xebf2a8e1, L:/127.0.0.1:55079 - R:localhost/127.0.0.1:55824]' for 'POST' to 'http://localhost:55824/session/8ef88f4223d39fe3eada9320a530c3ec/element/e6d7c891-fcf5-417b-aa4f-796d0377483c/clear'
18:13:13.223 [Forwarding clearElement on session 8ef88f4223d39fe3eada9320a530c3ec to remote] DEBUG org.asynchttpclient.netty.request.NettyRequestSender - Using open Channel [id: 0xebf2a8e1, L:/127.0.0.1:55079 - R:localhost/127.0.0.1:55824] for POST '/session/8ef88f4223d39fe3eada9320a530c3ec/element/e6d7c891-fcf5-417b-aa4f-796d0377483c/clear'
18:13:13.261 [AsyncHttpClient-1-9] DEBUG org.asynchttpclient.netty.handler.HttpHandler - 

Request DefaultHttpRequest(decodeResult: success, version: HTTP/1.1)
POST /session/8ef88f4223d39fe3eada9320a530c3ec/element/e6d7c891-fcf5-417b-aa4f-796d0377483c/clear HTTP/1.1
User-Agent: selenium/4.1.2 (java windows)
Content-Length: 50
Content-Type: application/json; charset=utf-8
host: localhost:55824
accept: */*

Response DefaultHttpResponse(decodeResult: success, version: HTTP/1.1)
HTTP/1.1 200 OK
Content-Type: application/json; charset=utf-8
cache-control: no-cache
content-length: 14

18:13:13.262 [AsyncHttpClient-1-9] DEBUG org.asynchttpclient.netty.channel.ChannelManager - Adding key: http://localhost:55824 for channel [id: 0xebf2a8e1, L:/127.0.0.1:55079 - R:localhost/127.0.0.1:55824]
18:13:13.264 [Forwarding sendKeysToElement on session 8ef88f4223d39fe3eada9320a530c3ec to remote] DEBUG org.asynchttpclient.netty.request.NettyRequestSender - Using pooled Channel '[id: 0xebf2a8e1, L:/127.0.0.1:55079 - R:localhost/127.0.0.1:55824]' for 'POST' to 'http://localhost:55824/session/8ef88f4223d39fe3eada9320a530c3ec/element/e6d7c891-fcf5-417b-aa4f-796d0377483c/value'
18:13:13.264 [Forwarding sendKeysToElement on session 8ef88f4223d39fe3eada9320a530c3ec to remote] DEBUG org.asynchttpclient.netty.request.NettyRequestSender - Using open Channel [id: 0xebf2a8e1, L:/127.0.0.1:55079 - R:localhost/127.0.0.1:55824] for POST '/session/8ef88f4223d39fe3eada9320a530c3ec/element/e6d7c891-fcf5-417b-aa4f-796d0377483c/value'
18:13:13.337 [AsyncHttpClient-1-9] DEBUG org.asynchttpclient.netty.handler.HttpHandler - 

Request DefaultHttpRequest(decodeResult: success, version: HTTP/1.1)
POST /session/8ef88f4223d39fe3eada9320a530c3ec/element/e6d7c891-fcf5-417b-aa4f-796d0377483c/value HTTP/1.1
User-Agent: selenium/4.1.2 (java windows)
Content-Length: 121
Content-Type: application/json; charset=utf-8
host: localhost:55824
accept: */*

Response DefaultHttpResponse(decodeResult: success, version: HTTP/1.1)
HTTP/1.1 200 OK
Content-Type: application/json; charset=utf-8
cache-control: no-cache
content-length: 14

18:13:13.338 [AsyncHttpClient-1-9] DEBUG org.asynchttpclient.netty.channel.ChannelManager - Adding key: http://localhost:55824 for channel [id: 0xebf2a8e1, L:/127.0.0.1:55079 - R:localhost/127.0.0.1:55824]
  &amp#27;[32mAnd &amp#27;[0m&amp#27;[32mI input password register &amp#27;[0m&amp#27;[32m&amp#27;[1m"1234"&amp#27;[0m         &amp#27;[90m# starter.stepdefinitions.RegisterStep.iInputPasswordRegister(java.lang.String)&amp#27;[0m
18:13:13.346 [Forwarding screenshot on session 8ef88f4223d39fe3eada9320a530c3ec to remote] DEBUG org.asynchttpclient.netty.request.NettyRequestSender - Using pooled Channel '[id: 0xebf2a8e1, L:/127.0.0.1:55079 - R:localhost/127.0.0.1:55824]' for 'GET' to 'http://localhost:55824/session/8ef88f4223d39fe3eada9320a530c3ec/screenshot'
18:13:13.346 [Forwarding screenshot on session 8ef88f4223d39fe3eada9320a530c3ec to remote] DEBUG org.asynchttpclient.netty.request.NettyRequestSender - Using open Channel [id: 0xebf2a8e1, L:/127.0.0.1:55079 - R:localhost/127.0.0.1:55824] for GET '/session/8ef88f4223d39fe3eada9320a530c3ec/screenshot'
18:13:13.488 [AsyncHttpClient-1-9] DEBUG org.asynchttpclient.netty.handler.HttpHandler - 

Request DefaultFullHttpRequest(decodeResult: success, version: HTTP/1.1, content: EmptyByteBufBE)
GET /session/8ef88f4223d39fe3eada9320a530c3ec/screenshot HTTP/1.1
User-Agent: selenium/4.1.2 (java windows)
Cache-Control: no-cache
Content-Type: application/json; charset=utf-8
host: localhost:55824
accept: */*

Response DefaultHttpResponse(decodeResult: success, version: HTTP/1.1)
HTTP/1.1 200 OK
Content-Type: application/json; charset=utf-8
cache-control: no-cache
content-length: 33736

18:13:13.489 [AsyncHttpClient-1-9] DEBUG org.asynchttpclient.netty.channel.ChannelManager - Adding key: http://localhost:55824 for channel [id: 0xebf2a8e1, L:/127.0.0.1:55079 - R:localhost/127.0.0.1:55824]
18:13:13.491 [main] DEBUG net.serenitybdd.core.photography.Darkroom - Send negative for processing for target\site\serenity\92894923bcc5104b4193f0efb74753eee26c20fa1d2a98b6098cb211c7b763ce.png
18:13:13.491 [Darkroom Processing Line] DEBUG net.serenitybdd.core.photography.DarkroomProcessingLine - Processing screenshot image in /var/screenshots/screenshot-2316274849731289055
18:13:13.491 [Darkroom Processing Line] DEBUG net.serenitybdd.core.photography.DarkroomProcessingLine - Saving screenshot to target\site\serenity\92894923bcc5104b4193f0efb74753eee26c20fa1d2a98b6098cb211c7b763ce.png
18:13:13.498 [Forwarding findElement on session 8ef88f4223d39fe3eada9320a530c3ec to remote] DEBUG org.asynchttpclient.netty.request.NettyRequestSender - Using pooled Channel '[id: 0xebf2a8e1, L:/127.0.0.1:55079 - R:localhost/127.0.0.1:55824]' for 'POST' to 'http://localhost:55824/session/8ef88f4223d39fe3eada9320a530c3ec/element'
18:13:13.499 [Forwarding findElement on session 8ef88f4223d39fe3eada9320a530c3ec to remote] DEBUG org.asynchttpclient.netty.request.NettyRequestSender - Using open Channel [id: 0xebf2a8e1, L:/127.0.0.1:55079 - R:localhost/127.0.0.1:55824] for POST '/session/8ef88f4223d39fe3eada9320a530c3ec/element'
18:13:13.511 [AsyncHttpClient-1-9] DEBUG org.asynchttpclient.netty.handler.HttpHandler - 

Request DefaultHttpRequest(decodeResult: success, version: HTTP/1.1)
POST /session/8ef88f4223d39fe3eada9320a530c3ec/element HTTP/1.1
User-Agent: selenium/4.1.2 (java windows)
Content-Length: 142
Content-Type: application/json; charset=utf-8
host: localhost:55824
accept: */*

Response DefaultHttpResponse(decodeResult: success, version: HTTP/1.1)
HTTP/1.1 200 OK
Content-Type: application/json; charset=utf-8
cache-control: no-cache
content-length: 88

18:13:13.511 [AsyncHttpClient-1-9] DEBUG org.asynchttpclient.netty.channel.ChannelManager - Adding key: http://localhost:55824 for channel [id: 0xebf2a8e1, L:/127.0.0.1:55079 - R:localhost/127.0.0.1:55824]
18:13:13.512 [Forwarding getElementTagName on session 8ef88f4223d39fe3eada9320a530c3ec to remote] DEBUG org.asynchttpclient.netty.request.NettyRequestSender - Using pooled Channel '[id: 0xebf2a8e1, L:/127.0.0.1:55079 - R:localhost/127.0.0.1:55824]' for 'GET' to 'http://localhost:55824/session/8ef88f4223d39fe3eada9320a530c3ec/element/53c93556-948f-44d5-8e6a-f535586ada35/name'
18:13:13.512 [Forwarding getElementTagName on session 8ef88f4223d39fe3eada9320a530c3ec to remote] DEBUG org.asynchttpclient.netty.request.NettyRequestSender - Using open Channel [id: 0xebf2a8e1, L:/127.0.0.1:55079 - R:localhost/127.0.0.1:55824] for GET '/session/8ef88f4223d39fe3eada9320a530c3ec/element/53c93556-948f-44d5-8e6a-f535586ada35/name'
18:13:13.516 [AsyncHttpClient-1-9] DEBUG org.asynchttpclient.netty.handler.HttpHandler - 

Request DefaultFullHttpRequest(decodeResult: success, version: HTTP/1.1, content: EmptyByteBufBE)
GET /session/8ef88f4223d39fe3eada9320a530c3ec/element/53c93556-948f-44d5-8e6a-f535586ada35/name HTTP/1.1
User-Agent: selenium/4.1.2 (java windows)
Cache-Control: no-cache
Content-Type: application/json; charset=utf-8
host: localhost:55824
accept: */*

Response DefaultHttpResponse(decodeResult: success, version: HTTP/1.1)
HTTP/1.1 200 OK
Content-Type: application/json; charset=utf-8
cache-control: no-cache
content-length: 18

18:13:13.517 [AsyncHttpClient-1-9] DEBUG org.asynchttpclient.netty.channel.ChannelManager - Adding key: http://localhost:55824 for channel [id: 0xebf2a8e1, L:/127.0.0.1:55079 - R:localhost/127.0.0.1:55824]
18:13:13.518 [Forwarding getElementTagName on session 8ef88f4223d39fe3eada9320a530c3ec to remote] DEBUG org.asynchttpclient.netty.request.NettyRequestSender - Using pooled Channel '[id: 0xebf2a8e1, L:/127.0.0.1:55079 - R:localhost/127.0.0.1:55824]' for 'GET' to 'http://localhost:55824/session/8ef88f4223d39fe3eada9320a530c3ec/element/53c93556-948f-44d5-8e6a-f535586ada35/name'
18:13:13.518 [Forwarding getElementTagName on session 8ef88f4223d39fe3eada9320a530c3ec to remote] DEBUG org.asynchttpclient.netty.request.NettyRequestSender - Using open Channel [id: 0xebf2a8e1, L:/127.0.0.1:55079 - R:localhost/127.0.0.1:55824] for GET '/session/8ef88f4223d39fe3eada9320a530c3ec/element/53c93556-948f-44d5-8e6a-f535586ada35/name'
18:13:13.523 [AsyncHttpClient-1-9] DEBUG org.asynchttpclient.netty.handler.HttpHandler - 

Request DefaultFullHttpRequest(decodeResult: success, version: HTTP/1.1, content: EmptyByteBufBE)
GET /session/8ef88f4223d39fe3eada9320a530c3ec/element/53c93556-948f-44d5-8e6a-f535586ada35/name HTTP/1.1
User-Agent: selenium/4.1.2 (java windows)
Cache-Control: no-cache
Content-Type: application/json; charset=utf-8
host: localhost:55824
accept: */*

Response DefaultHttpResponse(decodeResult: success, version: HTTP/1.1)
HTTP/1.1 200 OK
Content-Type: application/json; charset=utf-8
cache-control: no-cache
content-length: 18

18:13:13.523 [AsyncHttpClient-1-9] DEBUG org.asynchttpclient.netty.channel.ChannelManager - Adding key: http://localhost:55824 for channel [id: 0xebf2a8e1, L:/127.0.0.1:55079 - R:localhost/127.0.0.1:55824]
18:13:13.525 [Forwarding isElementEnabled on session 8ef88f4223d39fe3eada9320a530c3ec to remote] DEBUG org.asynchttpclient.netty.request.NettyRequestSender - Using pooled Channel '[id: 0xebf2a8e1, L:/127.0.0.1:55079 - R:localhost/127.0.0.1:55824]' for 'GET' to 'http://localhost:55824/session/8ef88f4223d39fe3eada9320a530c3ec/element/53c93556-948f-44d5-8e6a-f535586ada35/enabled'
18:13:13.525 [Forwarding isElementEnabled on session 8ef88f4223d39fe3eada9320a530c3ec to remote] DEBUG org.asynchttpclient.netty.request.NettyRequestSender - Using open Channel [id: 0xebf2a8e1, L:/127.0.0.1:55079 - R:localhost/127.0.0.1:55824] for GET '/session/8ef88f4223d39fe3eada9320a530c3ec/element/53c93556-948f-44d5-8e6a-f535586ada35/enabled'
18:13:13.531 [AsyncHttpClient-1-9] DEBUG org.asynchttpclient.netty.handler.HttpHandler - 

Request DefaultFullHttpRequest(decodeResult: success, version: HTTP/1.1, content: EmptyByteBufBE)
GET /session/8ef88f4223d39fe3eada9320a530c3ec/element/53c93556-948f-44d5-8e6a-f535586ada35/enabled HTTP/1.1
User-Agent: selenium/4.1.2 (java windows)
Cache-Control: no-cache
Content-Type: application/json; charset=utf-8
host: localhost:55824
accept: */*

Response DefaultHttpResponse(decodeResult: success, version: HTTP/1.1)
HTTP/1.1 200 OK
Content-Type: application/json; charset=utf-8
cache-control: no-cache
content-length: 14

18:13:13.532 [AsyncHttpClient-1-9] DEBUG org.asynchttpclient.netty.channel.ChannelManager - Adding key: http://localhost:55824 for channel [id: 0xebf2a8e1, L:/127.0.0.1:55079 - R:localhost/127.0.0.1:55824]
18:13:13.533 [Forwarding isElementEnabled on session 8ef88f4223d39fe3eada9320a530c3ec to remote] DEBUG org.asynchttpclient.netty.request.NettyRequestSender - Using pooled Channel '[id: 0xebf2a8e1, L:/127.0.0.1:55079 - R:localhost/127.0.0.1:55824]' for 'GET' to 'http://localhost:55824/session/8ef88f4223d39fe3eada9320a530c3ec/element/53c93556-948f-44d5-8e6a-f535586ada35/enabled'
18:13:13.533 [Forwarding isElementEnabled on session 8ef88f4223d39fe3eada9320a530c3ec to remote] DEBUG org.asynchttpclient.netty.request.NettyRequestSender - Using open Channel [id: 0xebf2a8e1, L:/127.0.0.1:55079 - R:localhost/127.0.0.1:55824] for GET '/session/8ef88f4223d39fe3eada9320a530c3ec/element/53c93556-948f-44d5-8e6a-f535586ada35/enabled'
18:13:13.541 [AsyncHttpClient-1-9] DEBUG org.asynchttpclient.netty.handler.HttpHandler - 

Request DefaultFullHttpRequest(decodeResult: success, version: HTTP/1.1, content: EmptyByteBufBE)
GET /session/8ef88f4223d39fe3eada9320a530c3ec/element/53c93556-948f-44d5-8e6a-f535586ada35/enabled HTTP/1.1
User-Agent: selenium/4.1.2 (java windows)
Cache-Control: no-cache
Content-Type: application/json; charset=utf-8
host: localhost:55824
accept: */*

Response DefaultHttpResponse(decodeResult: success, version: HTTP/1.1)
HTTP/1.1 200 OK
Content-Type: application/json; charset=utf-8
cache-control: no-cache
content-length: 14

18:13:13.542 [AsyncHttpClient-1-9] DEBUG org.asynchttpclient.netty.channel.ChannelManager - Adding key: http://localhost:55824 for channel [id: 0xebf2a8e1, L:/127.0.0.1:55079 - R:localhost/127.0.0.1:55824]
18:13:13.543 [Forwarding findElement on session 8ef88f4223d39fe3eada9320a530c3ec to remote] DEBUG org.asynchttpclient.netty.request.NettyRequestSender - Using pooled Channel '[id: 0xebf2a8e1, L:/127.0.0.1:55079 - R:localhost/127.0.0.1:55824]' for 'POST' to 'http://localhost:55824/session/8ef88f4223d39fe3eada9320a530c3ec/element'
18:13:13.543 [Forwarding findElement on session 8ef88f4223d39fe3eada9320a530c3ec to remote] DEBUG org.asynchttpclient.netty.request.NettyRequestSender - Using open Channel [id: 0xebf2a8e1, L:/127.0.0.1:55079 - R:localhost/127.0.0.1:55824] for POST '/session/8ef88f4223d39fe3eada9320a530c3ec/element'
18:13:13.549 [AsyncHttpClient-1-9] DEBUG org.asynchttpclient.netty.handler.HttpHandler - 

Request DefaultHttpRequest(decodeResult: success, version: HTTP/1.1)
POST /session/8ef88f4223d39fe3eada9320a530c3ec/element HTTP/1.1
User-Agent: selenium/4.1.2 (java windows)
Content-Length: 142
Content-Type: application/json; charset=utf-8
host: localhost:55824
accept: */*

Response DefaultHttpResponse(decodeResult: success, version: HTTP/1.1)
HTTP/1.1 200 OK
Content-Type: application/json; charset=utf-8
cache-control: no-cache
content-length: 88

18:13:13.549 [AsyncHttpClient-1-9] DEBUG org.asynchttpclient.netty.channel.ChannelManager - Adding key: http://localhost:55824 for channel [id: 0xebf2a8e1, L:/127.0.0.1:55079 - R:localhost/127.0.0.1:55824]
18:13:13.551 [Forwarding clickElement on session 8ef88f4223d39fe3eada9320a530c3ec to remote] DEBUG org.asynchttpclient.netty.request.NettyRequestSender - Using pooled Channel '[id: 0xebf2a8e1, L:/127.0.0.1:55079 - R:localhost/127.0.0.1:55824]' for 'POST' to 'http://localhost:55824/session/8ef88f4223d39fe3eada9320a530c3ec/element/53c93556-948f-44d5-8e6a-f535586ada35/click'
18:13:13.551 [Forwarding clickElement on session 8ef88f4223d39fe3eada9320a530c3ec to remote] DEBUG org.asynchttpclient.netty.request.NettyRequestSender - Using open Channel [id: 0xebf2a8e1, L:/127.0.0.1:55079 - R:localhost/127.0.0.1:55824] for POST '/session/8ef88f4223d39fe3eada9320a530c3ec/element/53c93556-948f-44d5-8e6a-f535586ada35/click'
18:13:13.597 [AsyncHttpClient-1-9] DEBUG org.asynchttpclient.netty.handler.HttpHandler - 

Request DefaultHttpRequest(decodeResult: success, version: HTTP/1.1)
POST /session/8ef88f4223d39fe3eada9320a530c3ec/element/53c93556-948f-44d5-8e6a-f535586ada35/click HTTP/1.1
User-Agent: selenium/4.1.2 (java windows)
Content-Length: 50
Content-Type: application/json; charset=utf-8
host: localhost:55824
accept: */*

Response DefaultHttpResponse(decodeResult: success, version: HTTP/1.1)
HTTP/1.1 200 OK
Content-Type: application/json; charset=utf-8
cache-control: no-cache
content-length: 14

18:13:13.597 [AsyncHttpClient-1-9] DEBUG org.asynchttpclient.netty.channel.ChannelManager - Adding key: http://localhost:55824 for channel [id: 0xebf2a8e1, L:/127.0.0.1:55079 - R:localhost/127.0.0.1:55824]
  &amp#27;[32mAnd &amp#27;[0m&amp#27;[32mI click submit register button&amp#27;[0m           &amp#27;[90m# starter.stepdefinitions.RegisterStep.iClickSubmitRegisterButton()&amp#27;[0m
18:13:13.606 [Forwarding screenshot on session 8ef88f4223d39fe3eada9320a530c3ec to remote] DEBUG org.asynchttpclient.netty.request.NettyRequestSender - Using pooled Channel '[id: 0xebf2a8e1, L:/127.0.0.1:55079 - R:localhost/127.0.0.1:55824]' for 'GET' to 'http://localhost:55824/session/8ef88f4223d39fe3eada9320a530c3ec/screenshot'
18:13:13.606 [Forwarding screenshot on session 8ef88f4223d39fe3eada9320a530c3ec to remote] DEBUG org.asynchttpclient.netty.request.NettyRequestSender - Using open Channel [id: 0xebf2a8e1, L:/127.0.0.1:55079 - R:localhost/127.0.0.1:55824] for GET '/session/8ef88f4223d39fe3eada9320a530c3ec/screenshot'
18:13:13.678 [AsyncHttpClient-1-1] DEBUG org.asynchttpclient.netty.channel.DefaultChannelPool - Entry count for : http://localhost:55081 : 1
18:13:13.750 [AsyncHttpClient-1-9] DEBUG org.asynchttpclient.netty.handler.HttpHandler - 

Request DefaultFullHttpRequest(decodeResult: success, version: HTTP/1.1, content: EmptyByteBufBE)
GET /session/8ef88f4223d39fe3eada9320a530c3ec/screenshot HTTP/1.1
User-Agent: selenium/4.1.2 (java windows)
Cache-Control: no-cache
Content-Type: application/json; charset=utf-8
host: localhost:55824
accept: */*

Response DefaultHttpResponse(decodeResult: success, version: HTTP/1.1)
HTTP/1.1 200 OK
Content-Type: application/json; charset=utf-8
cache-control: no-cache
content-length: 33020

18:13:13.751 [AsyncHttpClient-1-9] DEBUG org.asynchttpclient.netty.channel.ChannelManager - Adding key: http://localhost:55824 for channel [id: 0xebf2a8e1, L:/127.0.0.1:55079 - R:localhost/127.0.0.1:55824]
18:13:13.753 [main] DEBUG net.serenitybdd.core.photography.Darkroom - Send negative for processing for target\site\serenity\f7f3a3b02ea005e542751b76f3b84cc4b300f8da03044847782756375cc50b24.png
18:13:13.753 [Darkroom Processing Line] DEBUG net.serenitybdd.core.photography.DarkroomProcessingLine - Processing screenshot image in /var/screenshots/screenshot-242190924559483396
18:13:13.753 [Darkroom Processing Line] DEBUG net.serenitybdd.core.photography.DarkroomProcessingLine - Saving screenshot to target\site\serenity\f7f3a3b02ea005e542751b76f3b84cc4b300f8da03044847782756375cc50b24.png
18:13:13.759 [Forwarding findElement on session 8ef88f4223d39fe3eada9320a530c3ec to remote] DEBUG org.asynchttpclient.netty.request.NettyRequestSender - Using pooled Channel '[id: 0xebf2a8e1, L:/127.0.0.1:55079 - R:localhost/127.0.0.1:55824]' for 'POST' to 'http://localhost:55824/session/8ef88f4223d39fe3eada9320a530c3ec/element'
18:13:13.759 [Forwarding findElement on session 8ef88f4223d39fe3eada9320a530c3ec to remote] DEBUG org.asynchttpclient.netty.request.NettyRequestSender - Using open Channel [id: 0xebf2a8e1, L:/127.0.0.1:55079 - R:localhost/127.0.0.1:55824] for POST '/session/8ef88f4223d39fe3eada9320a530c3ec/element'
18:13:14.775 [AsyncHttpClient-1-1] DEBUG org.asynchttpclient.netty.channel.DefaultChannelPool - Entry count for : http://localhost:55081 : 1
18:13:15.266 [AsyncHttpClient-1-9] DEBUG org.asynchttpclient.netty.handler.HttpHandler - 

Request DefaultHttpRequest(decodeResult: success, version: HTTP/1.1)
POST /session/8ef88f4223d39fe3eada9320a530c3ec/element HTTP/1.1
User-Agent: selenium/4.1.2 (java windows)
Content-Length: 140
Content-Type: application/json; charset=utf-8
host: localhost:55824
accept: */*

Response DefaultHttpResponse(decodeResult: success, version: HTTP/1.1)
HTTP/1.1 200 OK
Content-Type: application/json; charset=utf-8
cache-control: no-cache
content-length: 88

18:13:15.266 [AsyncHttpClient-1-9] DEBUG org.asynchttpclient.netty.channel.ChannelManager - Adding key: http://localhost:55824 for channel [id: 0xebf2a8e1, L:/127.0.0.1:55079 - R:localhost/127.0.0.1:55824]
18:13:15.269 [Forwarding isElementDisplayed on session 8ef88f4223d39fe3eada9320a530c3ec to remote] DEBUG org.asynchttpclient.netty.request.NettyRequestSender - Using pooled Channel '[id: 0xebf2a8e1, L:/127.0.0.1:55079 - R:localhost/127.0.0.1:55824]' for 'POST' to 'http://localhost:55824/session/8ef88f4223d39fe3eada9320a530c3ec/execute/sync'
18:13:15.269 [Forwarding isElementDisplayed on session 8ef88f4223d39fe3eada9320a530c3ec to remote] DEBUG org.asynchttpclient.netty.request.NettyRequestSender - Using open Channel [id: 0xebf2a8e1, L:/127.0.0.1:55079 - R:localhost/127.0.0.1:55824] for POST '/session/8ef88f4223d39fe3eada9320a530c3ec/execute/sync'
18:13:15.282 [AsyncHttpClient-1-9] DEBUG org.asynchttpclient.netty.handler.HttpHandler - 

Request DefaultHttpRequest(decodeResult: success, version: HTTP/1.1)
POST /session/8ef88f4223d39fe3eada9320a530c3ec/execute/sync HTTP/1.1
User-Agent: selenium/4.1.2 (java windows)
Content-Length: 48780
Content-Type: application/json; charset=utf-8
host: localhost:55824
accept: */*

Response DefaultHttpResponse(decodeResult: success, version: HTTP/1.1)
HTTP/1.1 200 OK
Content-Type: application/json; charset=utf-8
cache-control: no-cache
content-length: 14

18:13:15.282 [AsyncHttpClient-1-9] DEBUG org.asynchttpclient.netty.channel.ChannelManager - Adding key: http://localhost:55824 for channel [id: 0xebf2a8e1, L:/127.0.0.1:55079 - R:localhost/127.0.0.1:55824]
  &amp#27;[32mThen &amp#27;[0m&amp#27;[32mI will get the result register &amp#27;[0m&amp#27;[32m&amp#27;[1m"failed"&amp#27;[0m &amp#27;[90m# starter.stepdefinitions.RegisterStep.iWillGetTheResultRegister(java.lang.String)&amp#27;[0m
18:13:15.286 [Forwarding screenshot on session 8ef88f4223d39fe3eada9320a530c3ec to remote] DEBUG org.asynchttpclient.netty.request.NettyRequestSender - Using pooled Channel '[id: 0xebf2a8e1, L:/127.0.0.1:55079 - R:localhost/127.0.0.1:55824]' for 'GET' to 'http://localhost:55824/session/8ef88f4223d39fe3eada9320a530c3ec/screenshot'
18:13:15.286 [Forwarding screenshot on session 8ef88f4223d39fe3eada9320a530c3ec to remote] DEBUG org.asynchttpclient.netty.request.NettyRequestSender - Using open Channel [id: 0xebf2a8e1, L:/127.0.0.1:55079 - R:localhost/127.0.0.1:55824] for GET '/session/8ef88f4223d39fe3eada9320a530c3ec/screenshot'
18:13:15.409 [AsyncHttpClient-1-9] DEBUG org.asynchttpclient.netty.handler.HttpHandler - 

Request DefaultFullHttpRequest(decodeResult: success, version: HTTP/1.1, content: EmptyByteBufBE)
GET /session/8ef88f4223d39fe3eada9320a530c3ec/screenshot HTTP/1.1
User-Agent: selenium/4.1.2 (java windows)
Cache-Control: no-cache
Content-Type: application/json; charset=utf-8
host: localhost:55824
accept: */*

Response DefaultHttpResponse(decodeResult: success, version: HTTP/1.1)
HTTP/1.1 200 OK
Content-Type: application/json; charset=utf-8
cache-control: no-cache
content-length: 34760

18:13:15.409 [AsyncHttpClient-1-9] DEBUG org.asynchttpclient.netty.channel.ChannelManager - Adding key: http://localhost:55824 for channel [id: 0xebf2a8e1, L:/127.0.0.1:55079 - R:localhost/127.0.0.1:55824]
18:13:15.411 [main] DEBUG net.serenitybdd.core.photography.Darkroom - Send negative for processing for target\site\serenity\6e5763890f20aa0fa237d9e844654afbf6356ebbb4df2639a807291f79278918.png
18:13:15.411 [Darkroom Processing Line] DEBUG net.serenitybdd.core.photography.DarkroomProcessingLine - Processing screenshot image in /var/screenshots/screenshot-14671720892702322209
18:13:15.412 [Darkroom Processing Line] DEBUG net.serenitybdd.core.photography.DarkroomProcessingLine - Saving screenshot to target\site\serenity\6e5763890f20aa0fa237d9e844654afbf6356ebbb4df2639a807291f79278918.png
18:13:15.416 [AsyncHttpClient-1-11] DEBUG org.asynchttpclient.netty.handler.WebSocketHandler - Channel Closed: [id: 0x2d5621dd, L:/127.0.0.1:55088 ! R:localhost/127.0.0.1:55081] with attribute NettyResponseFuture{currentRetry=5,
	isDone=1,
	isCancelled=0,
	asyncHandler=org.asynchttpclient.ws.WebSocketUpgradeHandler@2722db5b,
	nettyRequest=org.asynchttpclient.netty.request.NettyRequest@5efadca5,
	future=java.util.concurrent.CompletableFuture@7b8cc7b8[Completed normally],
	uri=ws://localhost:55081/devtools/browser/f52e1237-93d9-43bc-8e92-82635efd2a5c,
	keepAlive=true,
	redirectCount=0,
	timeoutsHolder=null,
	inAuth=0,
	touch=1667041992107}
18:13:15.416 [Driver Command Executor] DEBUG org.asynchttpclient.netty.request.NettyRequestSender - Using pooled Channel '[id: 0xebf2a8e1, L:/127.0.0.1:55079 - R:localhost/127.0.0.1:55824]' for 'DELETE' to 'http://localhost:55824/session/8ef88f4223d39fe3eada9320a530c3ec'
18:13:15.416 [AsyncHttpClient-1-11] DEBUG org.asynchttpclient.netty.channel.ChannelManager - Closing Channel [id: 0x2d5621dd, L:/127.0.0.1:55088 ! R:localhost/127.0.0.1:55081] 
18:13:15.416 [Driver Command Executor] DEBUG org.asynchttpclient.netty.request.NettyRequestSender - Using open Channel [id: 0xebf2a8e1, L:/127.0.0.1:55079 - R:localhost/127.0.0.1:55824] for DELETE '/session/8ef88f4223d39fe3eada9320a530c3ec'
18:13:15.450 [AsyncHttpClient-1-10] DEBUG org.asynchttpclient.netty.handler.HttpHandler - Unexpected I/O exception on channel [id: 0xbc12c03c, L:/127.0.0.1:55087 - R:localhost/127.0.0.1:55081]
java.net.SocketException: Connection reset
	at java.base/sun.nio.ch.SocketChannelImpl.throwConnectionReset(SocketChannelImpl.java:345)
	at java.base/sun.nio.ch.SocketChannelImpl.read(SocketChannelImpl.java:376)
	at io.netty.buffer.PooledByteBuf.setBytes(PooledByteBuf.java:258)
	at io.netty.buffer.AbstractByteBuf.writeBytes(AbstractByteBuf.java:1132)
	at io.netty.channel.socket.nio.NioSocketChannel.doReadBytes(NioSocketChannel.java:350)
	at io.netty.channel.nio.AbstractNioByteChannel$NioByteUnsafe.read(AbstractNioByteChannel.java:151)
	at io.netty.channel.nio.NioEventLoop.processSelectedKey(NioEventLoop.java:722)
	at io.netty.channel.nio.NioEventLoop.processSelectedKeysOptimized(NioEventLoop.java:658)
	at io.netty.channel.nio.NioEventLoop.processSelectedKeys(NioEventLoop.java:584)
	at io.netty.channel.nio.NioEventLoop.run(NioEventLoop.java:496)
	at io.netty.util.concurrent.SingleThreadEventExecutor$4.run(SingleThreadEventExecutor.java:986)
	at io.netty.util.internal.ThreadExecutorMap$2.run(ThreadExecutorMap.java:74)
	at io.netty.util.concurrent.FastThreadLocalRunnable.run(FastThreadLocalRunnable.java:30)
	at java.base/java.lang.Thread.run(Thread.java:830)
18:13:15.450 [AsyncHttpClient-1-10] DEBUG org.asynchttpclient.netty.channel.ChannelManager - Closing Channel [id: 0xbc12c03c, L:/127.0.0.1:55087 - R:localhost/127.0.0.1:55081] 
18:13:15.450 [AsyncHttpClient-1-10] DEBUG org.asynchttpclient.netty.handler.HttpHandler - Channel Closed: [id: 0xbc12c03c, L:/127.0.0.1:55087 ! R:localhost/127.0.0.1:55081] with attribute DISCARD
18:13:15.461 [AsyncHttpClient-1-9] DEBUG org.asynchttpclient.netty.handler.HttpHandler - 

Request DefaultFullHttpRequest(decodeResult: success, version: HTTP/1.1, content: EmptyByteBufBE)
DELETE /session/8ef88f4223d39fe3eada9320a530c3ec HTTP/1.1
User-Agent: selenium/4.1.2 (java windows)
Content-Type: application/json; charset=utf-8
host: localhost:55824
accept: */*

Response DefaultHttpResponse(decodeResult: success, version: HTTP/1.1)
HTTP/1.1 200 OK
Content-Type: application/json; charset=utf-8
cache-control: no-cache
content-length: 14

18:13:15.461 [AsyncHttpClient-1-9] DEBUG org.asynchttpclient.netty.channel.ChannelManager - Adding key: http://localhost:55824 for channel [id: 0xebf2a8e1, L:/127.0.0.1:55079 - R:localhost/127.0.0.1:55824]
18:13:15.528 [AsyncHttpClient-1-9] DEBUG org.asynchttpclient.netty.handler.HttpHandler - Channel Closed: [id: 0xebf2a8e1, L:/127.0.0.1:55079 ! R:localhost/127.0.0.1:55824] with attribute DISCARD
18:13:15.876 [AsyncHttpClient-1-1] DEBUG org.asynchttpclient.netty.channel.DefaultChannelPool - Entry count for : http://localhost:55824 : 1
18:13:15.876 [AsyncHttpClient-1-1] DEBUG org.asynchttpclient.netty.channel.DefaultChannelPool - Entry count for : http://localhost:55081 : 1
18:13:15.876 [AsyncHttpClient-1-1] DEBUG org.asynchttpclient.netty.channel.DefaultChannelPool - Adding Candidate expired Channel [id: 0xebf2a8e1, L:/127.0.0.1:55079 ! R:localhost/127.0.0.1:55824] isIdleTimeoutExpired=false isRemotelyClosed=true isTtlExpired=false
18:13:15.876 [AsyncHttpClient-1-1] DEBUG org.asynchttpclient.netty.channel.DefaultChannelPool - Closing Idle Channel [id: 0xebf2a8e1, L:/127.0.0.1:55079 ! R:localhost/127.0.0.1:55824]
18:13:15.876 [AsyncHttpClient-1-1] DEBUG org.asynchttpclient.netty.channel.DefaultChannelPool - Adding Candidate expired Channel [id: 0xbc12c03c, L:/127.0.0.1:55087 ! R:localhost/127.0.0.1:55081] isIdleTimeoutExpired=false isRemotelyClosed=true isTtlExpired=false
18:13:15.876 [AsyncHttpClient-1-1] DEBUG org.asynchttpclient.netty.channel.DefaultChannelPool - Closing Idle Channel [id: 0xbc12c03c, L:/127.0.0.1:55087 ! R:localhost/127.0.0.1:55081]
18:13:15.876 [AsyncHttpClient-1-1] DEBUG org.asynchttpclient.netty.channel.DefaultChannelPool - Closed 2 connections out of 2 in 0 ms
18:13:16.051 [main] INFO  - 
  _____   ___   ___   _____     ___     _     ___   ___   ___   ___  
 |_   _| | __| / __| |_   _|   | _ \   /_\   / __| / __| | __| |   \ 
   | |   | _|  \__ \   | |     |  _/  / _ \  \__ \ \__ \ | _|  | |) |
   |_|   |___| |___/   |_|     |_|   /_/ \_\ |___/ |___/ |___| |___/ 

Register account
----------------------------------------------------------------------
]]></system-out>
    <system-err><![CDATA[Starting ChromeDriver 105.0.5195.52 (412c95e518836d8a7d97250d62b29c2ae6a26a85-refs/branch-heads/5195@{#853}) on port 55824
Only local connections are allowed.
Please see https://chromedriver.chromium.org/security-considerations for suggestions on keeping ChromeDriver safe.
ChromeDriver was started successfully.
[1667041992.085][WARNING]: This version of ChromeDriver has not been tested with Chrome version 106.
Okt 29, 2022 6:13:12 PM org.openqa.selenium.remote.ProtocolHandshake createSession
INFO: Detected dialect: W3C
Okt 29, 2022 6:13:12 PM org.openqa.selenium.devtools.CdpVersionFinder findNearestMatch
WARNING: Unable to find an exact match for CDP version 106, so returning the closest version found: a no-op implementation
Okt 29, 2022 6:13:12 PM org.openqa.selenium.devtools.CdpVersionFinder findNearestMatch
INFO: Unable to find CDP implementation matching 106.
Okt 29, 2022 6:13:12 PM org.openqa.selenium.chromium.ChromiumDriver lambda$new$3
WARNING: Unable to find version of CDP to use for . You may need to include a dependency on a specific version of the CDP using something similar to `org.seleniumhq.selenium:selenium-devtools-v86:4.1.2` where the version ("v86") matches the version of the chromium-based browser you're using and the version number of the artifact is the same as Selenium's.
]]></system-err>
  </testcase>
  <testcase name="Register account #3" classname="Register" time="5.519">
    <system-out><![CDATA[
Scenario Outline: Register account             &amp#27;[90m# src/test/resources/features/Register.feature:17&amp#27;[0m
18:13:16.060 [main] INFO io.cucumber.core.plugin.SerenityReporter - Running feature from file:///C:/Users/alwi/IdeaProjects/AltaShop/src/test/resources/features/Register.feature
18:13:16.079 [main] INFO net.serenitybdd.core.webdriver.driverproviders.ChromeDriverProvider - Using automatically driver download
18:13:16.221 [main] DEBUG io.github.bonigarcia.wdm.cache.ResolutionCache - Resolution chrome=106 in cache (valid until 18:14:56 29/10/2022 WIB)
18:13:16.225 [main] DEBUG io.github.bonigarcia.wdm.cache.ResolutionCache - Resolution chrome106=106.0.5249.61 in cache (valid until 19:30:28 29/10/2022 WIB)
18:13:16.227 [main] INFO io.github.bonigarcia.wdm.WebDriverManager - Using chromedriver 106.0.5249.61 (resolved driver for Chrome 106)
18:13:16.239 [main] DEBUG io.github.bonigarcia.wdm.WebDriverManager - Driver chromedriver 106.0.5249.61 found in cache
18:13:16.240 [main] INFO io.github.bonigarcia.wdm.WebDriverManager - Exporting webdriver.chrome.driver as C:\Users\alwi\.cache\selenium\chromedriver\win32\106.0.5249.61\chromedriver.exe
18:13:16.405 [main] DEBUG net.serenitybdd.core.webdriver.driverproviders.ProvideNewDriver - Instantiating driver
18:13:16.405 [main] DEBUG net.serenitybdd.core.webdriver.driverproviders.ProvideNewDriver - Driver capabilities: Capabilities {acceptInsecureCerts: false, base.url: https://alta-shop.vercel.app, browserName: chrome, chrome.driver: src/test/resources/webdrive..., driver: chrome, goog:chromeOptions: {args: [], extensions: []}, wait.for.timeout: 6000}
18:13:16.947 [AsyncHttpClient-1-12] DEBUG org.asynchttpclient.netty.channel.NettyConnectListener - Using new Channel '[id: 0xb320748e, L:/127.0.0.1:55110 - R:localhost/127.0.0.1:49697]' for 'POST' to '/session'
18:13:17.569 [AsyncHttpClient-1-12] DEBUG org.asynchttpclient.netty.handler.HttpHandler - 

Request DefaultHttpRequest(decodeResult: success, version: HTTP/1.1)
POST /session HTTP/1.1
User-Agent: selenium/4.1.2 (java windows)
Content-Length: 639
Content-Type: application/json; charset=utf-8
host: localhost:49697
accept: */*

Response DefaultHttpResponse(decodeResult: success, version: HTTP/1.1)
HTTP/1.1 200 OK
Content-Type: application/json; charset=utf-8
cache-control: no-cache
content-length: 789

18:13:17.569 [AsyncHttpClient-1-12] DEBUG org.asynchttpclient.netty.channel.ChannelManager - Adding key: http://localhost:49697 for channel [id: 0xb320748e, L:/127.0.0.1:55110 - R:localhost/127.0.0.1:49697]
18:13:17.575 [AsyncHttpClient-1-13] DEBUG org.asynchttpclient.netty.channel.NettyConnectListener - Using new Channel '[id: 0x39ad5b4f, L:/127.0.0.1:55117 - R:localhost/127.0.0.1:55111]' for 'GET' to '/json/version'
18:13:17.577 [AsyncHttpClient-1-13] DEBUG org.asynchttpclient.netty.handler.HttpHandler - 

Request DefaultFullHttpRequest(decodeResult: success, version: HTTP/1.1, content: EmptyByteBufBE)
GET /json/version HTTP/1.1
User-Agent: selenium/4.1.2 (java windows)
host: localhost:55111
accept: */*

Response DefaultHttpResponse(decodeResult: success, version: HTTP/1.1)
HTTP/1.1 200 OK
Content-Type: application/json; charset=UTF-8
content-length: 424

18:13:17.577 [AsyncHttpClient-1-13] DEBUG org.asynchttpclient.netty.channel.ChannelManager - Adding key: http://localhost:55111 for channel [id: 0x39ad5b4f, L:/127.0.0.1:55117 - R:localhost/127.0.0.1:55111]
18:13:17.579 [AsyncHttpClient-1-14] DEBUG org.asynchttpclient.netty.channel.NettyConnectListener - Using new Channel '[id: 0x5c3ae909, L:/127.0.0.1:55118 - R:localhost/127.0.0.1:55111]' for 'GET' to '/devtools/browser/2eb32fe6-c5ea-48d6-aa8d-20004fd90400'
18:13:17.580 [AsyncHttpClient-1-14] DEBUG org.asynchttpclient.netty.handler.WebSocketHandler - 

Request DefaultFullHttpRequest(decodeResult: success, version: HTTP/1.1, content: EmptyByteBufBE)
GET /devtools/browser/2eb32fe6-c5ea-48d6-aa8d-20004fd90400 HTTP/1.1
upgrade: websocket
connection: upgrade
sec-websocket-key: deZWGrNk8fIFw4VlicTtvA==
sec-websocket-version: 13
origin: http://localhost:55111
host: localhost:55111
accept: */*
user-agent: AHC/2.1

Response DefaultHttpResponse(decodeResult: success, version: HTTP/1.1)
HTTP/1.1 101 WebSocket Protocol Handshake
Upgrade: WebSocket
Connection: Upgrade
Sec-WebSocket-Accept: qQ/H55USE3AueBnlWbHenB9/wXU=

18:13:17.584 [Forwarding get on session d4117806b2054757a374d24e63a06a4b to remote] DEBUG org.asynchttpclient.netty.request.NettyRequestSender - Using pooled Channel '[id: 0xb320748e, L:/127.0.0.1:55110 - R:localhost/127.0.0.1:49697]' for 'POST' to 'http://localhost:49697/session/d4117806b2054757a374d24e63a06a4b/url'
18:13:17.584 [Forwarding get on session d4117806b2054757a374d24e63a06a4b to remote] DEBUG org.asynchttpclient.netty.request.NettyRequestSender - Using open Channel [id: 0xb320748e, L:/127.0.0.1:55110 - R:localhost/127.0.0.1:49697] for POST '/session/d4117806b2054757a374d24e63a06a4b/url'
18:13:18.075 [AsyncHttpClient-1-1] DEBUG org.asynchttpclient.netty.channel.DefaultChannelPool - Entry count for : http://localhost:55111 : 1
18:13:18.150 [AsyncHttpClient-1-12] DEBUG org.asynchttpclient.netty.handler.HttpHandler - 

Request DefaultHttpRequest(decodeResult: success, version: HTTP/1.1)
POST /session/d4117806b2054757a374d24e63a06a4b/url HTTP/1.1
User-Agent: selenium/4.1.2 (java windows)
Content-Length: 77
Content-Type: application/json; charset=utf-8
host: localhost:49697
accept: */*

Response DefaultHttpResponse(decodeResult: success, version: HTTP/1.1)
HTTP/1.1 200 OK
Content-Type: application/json; charset=utf-8
cache-control: no-cache
content-length: 14

18:13:18.150 [AsyncHttpClient-1-12] DEBUG org.asynchttpclient.netty.channel.ChannelManager - Adding key: http://localhost:49697 for channel [id: 0xb320748e, L:/127.0.0.1:55110 - R:localhost/127.0.0.1:49697]
18:13:18.152 [Forwarding setTimeout on session d4117806b2054757a374d24e63a06a4b to remote] DEBUG org.asynchttpclient.netty.request.NettyRequestSender - Using pooled Channel '[id: 0xb320748e, L:/127.0.0.1:55110 - R:localhost/127.0.0.1:49697]' for 'POST' to 'http://localhost:49697/session/d4117806b2054757a374d24e63a06a4b/timeouts'
18:13:18.152 [Forwarding setTimeout on session d4117806b2054757a374d24e63a06a4b to remote] DEBUG org.asynchttpclient.netty.request.NettyRequestSender - Using open Channel [id: 0xb320748e, L:/127.0.0.1:55110 - R:localhost/127.0.0.1:49697] for POST '/session/d4117806b2054757a374d24e63a06a4b/timeouts'
18:13:18.153 [AsyncHttpClient-1-12] DEBUG org.asynchttpclient.netty.handler.HttpHandler - 

Request DefaultHttpRequest(decodeResult: success, version: HTTP/1.1)
POST /session/d4117806b2054757a374d24e63a06a4b/timeouts HTTP/1.1
User-Agent: selenium/4.1.2 (java windows)
Content-Length: 22
Content-Type: application/json; charset=utf-8
host: localhost:49697
accept: */*

Response DefaultHttpResponse(decodeResult: success, version: HTTP/1.1)
HTTP/1.1 200 OK
Content-Type: application/json; charset=utf-8
cache-control: no-cache
content-length: 14

18:13:18.153 [AsyncHttpClient-1-12] DEBUG org.asynchttpclient.netty.channel.ChannelManager - Adding key: http://localhost:49697 for channel [id: 0xb320748e, L:/127.0.0.1:55110 - R:localhost/127.0.0.1:49697]
18:13:18.156 [Forwarding getCurrentUrl on session d4117806b2054757a374d24e63a06a4b to remote] DEBUG org.asynchttpclient.netty.request.NettyRequestSender - Using pooled Channel '[id: 0xb320748e, L:/127.0.0.1:55110 - R:localhost/127.0.0.1:49697]' for 'GET' to 'http://localhost:49697/session/d4117806b2054757a374d24e63a06a4b/url'
18:13:18.156 [Forwarding getCurrentUrl on session d4117806b2054757a374d24e63a06a4b to remote] DEBUG org.asynchttpclient.netty.request.NettyRequestSender - Using open Channel [id: 0xb320748e, L:/127.0.0.1:55110 - R:localhost/127.0.0.1:49697] for GET '/session/d4117806b2054757a374d24e63a06a4b/url'
18:13:18.160 [AsyncHttpClient-1-12] DEBUG org.asynchttpclient.netty.handler.HttpHandler - 

Request DefaultFullHttpRequest(decodeResult: success, version: HTTP/1.1, content: EmptyByteBufBE)
GET /session/d4117806b2054757a374d24e63a06a4b/url HTTP/1.1
User-Agent: selenium/4.1.2 (java windows)
Cache-Control: no-cache
Content-Type: application/json; charset=utf-8
host: localhost:49697
accept: */*

Response DefaultHttpResponse(decodeResult: success, version: HTTP/1.1)
HTTP/1.1 200 OK
Content-Type: application/json; charset=utf-8
cache-control: no-cache
content-length: 54

18:13:18.160 [AsyncHttpClient-1-12] DEBUG org.asynchttpclient.netty.channel.ChannelManager - Adding key: http://localhost:49697 for channel [id: 0xb320748e, L:/127.0.0.1:55110 - R:localhost/127.0.0.1:49697]
  &amp#27;[32mGiven &amp#27;[0m&amp#27;[32mI am on the register page&amp#27;[0m              &amp#27;[90m# starter.stepdefinitions.RegisterStep.iAmOnTheRegisterPage()&amp#27;[0m
18:13:18.165 [Forwarding screenshot on session d4117806b2054757a374d24e63a06a4b to remote] DEBUG org.asynchttpclient.netty.request.NettyRequestSender - Using pooled Channel '[id: 0xb320748e, L:/127.0.0.1:55110 - R:localhost/127.0.0.1:49697]' for 'GET' to 'http://localhost:49697/session/d4117806b2054757a374d24e63a06a4b/screenshot'
18:13:18.165 [Forwarding screenshot on session d4117806b2054757a374d24e63a06a4b to remote] DEBUG org.asynchttpclient.netty.request.NettyRequestSender - Using open Channel [id: 0xb320748e, L:/127.0.0.1:55110 - R:localhost/127.0.0.1:49697] for GET '/session/d4117806b2054757a374d24e63a06a4b/screenshot'
18:13:18.255 [AsyncHttpClient-1-12] DEBUG org.asynchttpclient.netty.handler.HttpHandler - 

Request DefaultFullHttpRequest(decodeResult: success, version: HTTP/1.1, content: EmptyByteBufBE)
GET /session/d4117806b2054757a374d24e63a06a4b/screenshot HTTP/1.1
User-Agent: selenium/4.1.2 (java windows)
Cache-Control: no-cache
Content-Type: application/json; charset=utf-8
host: localhost:49697
accept: */*

Response DefaultHttpResponse(decodeResult: success, version: HTTP/1.1)
HTTP/1.1 200 OK
Content-Type: application/json; charset=utf-8
cache-control: no-cache
content-length: 29396

18:13:18.256 [AsyncHttpClient-1-12] DEBUG org.asynchttpclient.netty.channel.ChannelManager - Adding key: http://localhost:49697 for channel [id: 0xb320748e, L:/127.0.0.1:55110 - R:localhost/127.0.0.1:49697]
18:13:18.258 [main] DEBUG net.serenitybdd.core.photography.Darkroom - Send negative for processing for target\site\serenity\731f2d5e65f52e6f18ed786e82312868c45da0a3a93b12f69eba2a4af226a333.png
18:13:18.264 [Forwarding findElement on session d4117806b2054757a374d24e63a06a4b to remote] DEBUG org.asynchttpclient.netty.request.NettyRequestSender - Using pooled Channel '[id: 0xb320748e, L:/127.0.0.1:55110 - R:localhost/127.0.0.1:49697]' for 'POST' to 'http://localhost:49697/session/d4117806b2054757a374d24e63a06a4b/element'
18:13:18.264 [Forwarding findElement on session d4117806b2054757a374d24e63a06a4b to remote] DEBUG org.asynchttpclient.netty.request.NettyRequestSender - Using open Channel [id: 0xb320748e, L:/127.0.0.1:55110 - R:localhost/127.0.0.1:49697] for POST '/session/d4117806b2054757a374d24e63a06a4b/element'
18:13:18.275 [AsyncHttpClient-1-12] DEBUG org.asynchttpclient.netty.handler.HttpHandler - 

Request DefaultHttpRequest(decodeResult: success, version: HTTP/1.1)
POST /session/d4117806b2054757a374d24e63a06a4b/element HTTP/1.1
User-Agent: selenium/4.1.2 (java windows)
Content-Length: 55
Content-Type: application/json; charset=utf-8
host: localhost:49697
accept: */*

Response DefaultHttpResponse(decodeResult: success, version: HTTP/1.1)
HTTP/1.1 200 OK
Content-Type: application/json; charset=utf-8
cache-control: no-cache
content-length: 88

18:13:18.275 [AsyncHttpClient-1-12] DEBUG org.asynchttpclient.netty.channel.ChannelManager - Adding key: http://localhost:49697 for channel [id: 0xb320748e, L:/127.0.0.1:55110 - R:localhost/127.0.0.1:49697]
18:13:18.276 [Forwarding clearElement on session d4117806b2054757a374d24e63a06a4b to remote] DEBUG org.asynchttpclient.netty.request.NettyRequestSender - Using pooled Channel '[id: 0xb320748e, L:/127.0.0.1:55110 - R:localhost/127.0.0.1:49697]' for 'POST' to 'http://localhost:49697/session/d4117806b2054757a374d24e63a06a4b/element/f73002ce-6ba9-4e58-bf06-e8a999290a9c/clear'
18:13:18.276 [Forwarding clearElement on session d4117806b2054757a374d24e63a06a4b to remote] DEBUG org.asynchttpclient.netty.request.NettyRequestSender - Using open Channel [id: 0xb320748e, L:/127.0.0.1:55110 - R:localhost/127.0.0.1:49697] for POST '/session/d4117806b2054757a374d24e63a06a4b/element/f73002ce-6ba9-4e58-bf06-e8a999290a9c/clear'
18:13:18.302 [AsyncHttpClient-1-12] DEBUG org.asynchttpclient.netty.handler.HttpHandler - 

Request DefaultHttpRequest(decodeResult: success, version: HTTP/1.1)
POST /session/d4117806b2054757a374d24e63a06a4b/element/f73002ce-6ba9-4e58-bf06-e8a999290a9c/clear HTTP/1.1
User-Agent: selenium/4.1.2 (java windows)
Content-Length: 50
Content-Type: application/json; charset=utf-8
host: localhost:49697
accept: */*

Response DefaultHttpResponse(decodeResult: success, version: HTTP/1.1)
HTTP/1.1 200 OK
Content-Type: application/json; charset=utf-8
cache-control: no-cache
content-length: 14

18:13:18.303 [AsyncHttpClient-1-12] DEBUG org.asynchttpclient.netty.channel.ChannelManager - Adding key: http://localhost:49697 for channel [id: 0xb320748e, L:/127.0.0.1:55110 - R:localhost/127.0.0.1:49697]
18:13:18.304 [Forwarding sendKeysToElement on session d4117806b2054757a374d24e63a06a4b to remote] DEBUG org.asynchttpclient.netty.request.NettyRequestSender - Using pooled Channel '[id: 0xb320748e, L:/127.0.0.1:55110 - R:localhost/127.0.0.1:49697]' for 'POST' to 'http://localhost:49697/session/d4117806b2054757a374d24e63a06a4b/element/f73002ce-6ba9-4e58-bf06-e8a999290a9c/value'
18:13:18.304 [Forwarding sendKeysToElement on session d4117806b2054757a374d24e63a06a4b to remote] DEBUG org.asynchttpclient.netty.request.NettyRequestSender - Using open Channel [id: 0xb320748e, L:/127.0.0.1:55110 - R:localhost/127.0.0.1:49697] for POST '/session/d4117806b2054757a374d24e63a06a4b/element/f73002ce-6ba9-4e58-bf06-e8a999290a9c/value'
18:13:18.380 [AsyncHttpClient-1-12] DEBUG org.asynchttpclient.netty.handler.HttpHandler - 

Request DefaultHttpRequest(decodeResult: success, version: HTTP/1.1)
POST /session/d4117806b2054757a374d24e63a06a4b/element/f73002ce-6ba9-4e58-bf06-e8a999290a9c/value HTTP/1.1
User-Agent: selenium/4.1.2 (java windows)
Content-Length: 161
Content-Type: application/json; charset=utf-8
host: localhost:49697
accept: */*

Response DefaultHttpResponse(decodeResult: success, version: HTTP/1.1)
HTTP/1.1 200 OK
Content-Type: application/json; charset=utf-8
cache-control: no-cache
content-length: 14

18:13:18.380 [AsyncHttpClient-1-12] DEBUG org.asynchttpclient.netty.channel.ChannelManager - Adding key: http://localhost:49697 for channel [id: 0xb320748e, L:/127.0.0.1:55110 - R:localhost/127.0.0.1:49697]
  &amp#27;[32mWhen &amp#27;[0m&amp#27;[32mI input fullname register &amp#27;[0m&amp#27;[32m&amp#27;[1m"naixxy12"&amp#27;[0m    &amp#27;[90m# starter.stepdefinitions.RegisterStep.iInputFullnameRegister(java.lang.String)&amp#27;[0m
18:13:18.386 [Forwarding screenshot on session d4117806b2054757a374d24e63a06a4b to remote] DEBUG org.asynchttpclient.netty.request.NettyRequestSender - Using pooled Channel '[id: 0xb320748e, L:/127.0.0.1:55110 - R:localhost/127.0.0.1:49697]' for 'GET' to 'http://localhost:49697/session/d4117806b2054757a374d24e63a06a4b/screenshot'
18:13:18.386 [Forwarding screenshot on session d4117806b2054757a374d24e63a06a4b to remote] DEBUG org.asynchttpclient.netty.request.NettyRequestSender - Using open Channel [id: 0xb320748e, L:/127.0.0.1:55110 - R:localhost/127.0.0.1:49697] for GET '/session/d4117806b2054757a374d24e63a06a4b/screenshot'
18:13:18.523 [AsyncHttpClient-1-12] DEBUG org.asynchttpclient.netty.handler.HttpHandler - 

Request DefaultFullHttpRequest(decodeResult: success, version: HTTP/1.1, content: EmptyByteBufBE)
GET /session/d4117806b2054757a374d24e63a06a4b/screenshot HTTP/1.1
User-Agent: selenium/4.1.2 (java windows)
Cache-Control: no-cache
Content-Type: application/json; charset=utf-8
host: localhost:49697
accept: */*

Response DefaultHttpResponse(decodeResult: success, version: HTTP/1.1)
HTTP/1.1 200 OK
Content-Type: application/json; charset=utf-8
cache-control: no-cache
content-length: 31636

18:13:18.524 [AsyncHttpClient-1-12] DEBUG org.asynchttpclient.netty.channel.ChannelManager - Adding key: http://localhost:49697 for channel [id: 0xb320748e, L:/127.0.0.1:55110 - R:localhost/127.0.0.1:49697]
18:13:18.525 [main] DEBUG net.serenitybdd.core.photography.Darkroom - Send negative for processing for target\site\serenity\7ec75652a39c38361f8df9af65edb2df54ad344f30b893bb8641bfaec9d8b004.png
18:13:18.526 [Darkroom Processing Line] DEBUG net.serenitybdd.core.photography.DarkroomProcessingLine - Processing screenshot image in /var/screenshots/screenshot-4296168599905505456
18:13:18.526 [Darkroom Processing Line] DEBUG net.serenitybdd.core.photography.DarkroomProcessingLine - Saving screenshot to target\site\serenity\7ec75652a39c38361f8df9af65edb2df54ad344f30b893bb8641bfaec9d8b004.png
18:13:18.533 [Forwarding findElement on session d4117806b2054757a374d24e63a06a4b to remote] DEBUG org.asynchttpclient.netty.request.NettyRequestSender - Using pooled Channel '[id: 0xb320748e, L:/127.0.0.1:55110 - R:localhost/127.0.0.1:49697]' for 'POST' to 'http://localhost:49697/session/d4117806b2054757a374d24e63a06a4b/element'
18:13:18.533 [Forwarding findElement on session d4117806b2054757a374d24e63a06a4b to remote] DEBUG org.asynchttpclient.netty.request.NettyRequestSender - Using open Channel [id: 0xb320748e, L:/127.0.0.1:55110 - R:localhost/127.0.0.1:49697] for POST '/session/d4117806b2054757a374d24e63a06a4b/element'
18:13:18.542 [AsyncHttpClient-1-12] DEBUG org.asynchttpclient.netty.handler.HttpHandler - 

Request DefaultHttpRequest(decodeResult: success, version: HTTP/1.1)
POST /session/d4117806b2054757a374d24e63a06a4b/element HTTP/1.1
User-Agent: selenium/4.1.2 (java windows)
Content-Length: 55
Content-Type: application/json; charset=utf-8
host: localhost:49697
accept: */*

Response DefaultHttpResponse(decodeResult: success, version: HTTP/1.1)
HTTP/1.1 200 OK
Content-Type: application/json; charset=utf-8
cache-control: no-cache
content-length: 88

18:13:18.543 [AsyncHttpClient-1-12] DEBUG org.asynchttpclient.netty.channel.ChannelManager - Adding key: http://localhost:49697 for channel [id: 0xb320748e, L:/127.0.0.1:55110 - R:localhost/127.0.0.1:49697]
18:13:18.544 [Forwarding clearElement on session d4117806b2054757a374d24e63a06a4b to remote] DEBUG org.asynchttpclient.netty.request.NettyRequestSender - Using pooled Channel '[id: 0xb320748e, L:/127.0.0.1:55110 - R:localhost/127.0.0.1:49697]' for 'POST' to 'http://localhost:49697/session/d4117806b2054757a374d24e63a06a4b/element/c12ea52c-246d-4a0e-84f2-76efaf5c5363/clear'
18:13:18.544 [Forwarding clearElement on session d4117806b2054757a374d24e63a06a4b to remote] DEBUG org.asynchttpclient.netty.request.NettyRequestSender - Using open Channel [id: 0xb320748e, L:/127.0.0.1:55110 - R:localhost/127.0.0.1:49697] for POST '/session/d4117806b2054757a374d24e63a06a4b/element/c12ea52c-246d-4a0e-84f2-76efaf5c5363/clear'
18:13:18.572 [AsyncHttpClient-1-12] DEBUG org.asynchttpclient.netty.handler.HttpHandler - 

Request DefaultHttpRequest(decodeResult: success, version: HTTP/1.1)
POST /session/d4117806b2054757a374d24e63a06a4b/element/c12ea52c-246d-4a0e-84f2-76efaf5c5363/clear HTTP/1.1
User-Agent: selenium/4.1.2 (java windows)
Content-Length: 50
Content-Type: application/json; charset=utf-8
host: localhost:49697
accept: */*

Response DefaultHttpResponse(decodeResult: success, version: HTTP/1.1)
HTTP/1.1 200 OK
Content-Type: application/json; charset=utf-8
cache-control: no-cache
content-length: 14

18:13:18.572 [AsyncHttpClient-1-12] DEBUG org.asynchttpclient.netty.channel.ChannelManager - Adding key: http://localhost:49697 for channel [id: 0xb320748e, L:/127.0.0.1:55110 - R:localhost/127.0.0.1:49697]
18:13:18.574 [Forwarding sendKeysToElement on session d4117806b2054757a374d24e63a06a4b to remote] DEBUG org.asynchttpclient.netty.request.NettyRequestSender - Using pooled Channel '[id: 0xb320748e, L:/127.0.0.1:55110 - R:localhost/127.0.0.1:49697]' for 'POST' to 'http://localhost:49697/session/d4117806b2054757a374d24e63a06a4b/element/c12ea52c-246d-4a0e-84f2-76efaf5c5363/value'
18:13:18.574 [Forwarding sendKeysToElement on session d4117806b2054757a374d24e63a06a4b to remote] DEBUG org.asynchttpclient.netty.request.NettyRequestSender - Using open Channel [id: 0xb320748e, L:/127.0.0.1:55110 - R:localhost/127.0.0.1:49697] for POST '/session/d4117806b2054757a374d24e63a06a4b/element/c12ea52c-246d-4a0e-84f2-76efaf5c5363/value'
18:13:18.609 [AsyncHttpClient-1-12] DEBUG org.asynchttpclient.netty.handler.HttpHandler - 

Request DefaultHttpRequest(decodeResult: success, version: HTTP/1.1)
POST /session/d4117806b2054757a374d24e63a06a4b/element/c12ea52c-246d-4a0e-84f2-76efaf5c5363/value HTTP/1.1
User-Agent: selenium/4.1.2 (java windows)
Content-Length: 82
Content-Type: application/json; charset=utf-8
host: localhost:49697
accept: */*

Response DefaultHttpResponse(decodeResult: success, version: HTTP/1.1)
HTTP/1.1 200 OK
Content-Type: application/json; charset=utf-8
cache-control: no-cache
content-length: 14

18:13:18.609 [AsyncHttpClient-1-12] DEBUG org.asynchttpclient.netty.channel.ChannelManager - Adding key: http://localhost:49697 for channel [id: 0xb320748e, L:/127.0.0.1:55110 - R:localhost/127.0.0.1:49697]
  &amp#27;[32mAnd &amp#27;[0m&amp#27;[32mI input email register &amp#27;[0m&amp#27;[32m&amp#27;[1m""&amp#27;[0m                &amp#27;[90m# starter.stepdefinitions.RegisterStep.iInputEmailRegister(java.lang.String)&amp#27;[0m
18:13:18.616 [Forwarding screenshot on session d4117806b2054757a374d24e63a06a4b to remote] DEBUG org.asynchttpclient.netty.request.NettyRequestSender - Using pooled Channel '[id: 0xb320748e, L:/127.0.0.1:55110 - R:localhost/127.0.0.1:49697]' for 'GET' to 'http://localhost:49697/session/d4117806b2054757a374d24e63a06a4b/screenshot'
18:13:18.616 [Forwarding screenshot on session d4117806b2054757a374d24e63a06a4b to remote] DEBUG org.asynchttpclient.netty.request.NettyRequestSender - Using open Channel [id: 0xb320748e, L:/127.0.0.1:55110 - R:localhost/127.0.0.1:49697] for GET '/session/d4117806b2054757a374d24e63a06a4b/screenshot'
18:13:18.756 [AsyncHttpClient-1-12] DEBUG org.asynchttpclient.netty.handler.HttpHandler - 

Request DefaultFullHttpRequest(decodeResult: success, version: HTTP/1.1, content: EmptyByteBufBE)
GET /session/d4117806b2054757a374d24e63a06a4b/screenshot HTTP/1.1
User-Agent: selenium/4.1.2 (java windows)
Cache-Control: no-cache
Content-Type: application/json; charset=utf-8
host: localhost:49697
accept: */*

Response DefaultHttpResponse(decodeResult: success, version: HTTP/1.1)
HTTP/1.1 200 OK
Content-Type: application/json; charset=utf-8
cache-control: no-cache
content-length: 30920

18:13:18.757 [AsyncHttpClient-1-12] DEBUG org.asynchttpclient.netty.channel.ChannelManager - Adding key: http://localhost:49697 for channel [id: 0xb320748e, L:/127.0.0.1:55110 - R:localhost/127.0.0.1:49697]
18:13:18.758 [main] DEBUG net.serenitybdd.core.photography.Darkroom - Send negative for processing for target\site\serenity\ac736220f9eaf27b7b022cd1f1feffeb27f1cc703a4d80ef51403ab543f79385.png
18:13:18.759 [Darkroom Processing Line] DEBUG net.serenitybdd.core.photography.DarkroomProcessingLine - Processing screenshot image in /var/screenshots/screenshot-6180796123959633483
18:13:18.759 [Darkroom Processing Line] DEBUG net.serenitybdd.core.photography.DarkroomProcessingLine - Saving screenshot to target\site\serenity\ac736220f9eaf27b7b022cd1f1feffeb27f1cc703a4d80ef51403ab543f79385.png
18:13:18.766 [Forwarding findElement on session d4117806b2054757a374d24e63a06a4b to remote] DEBUG org.asynchttpclient.netty.request.NettyRequestSender - Using pooled Channel '[id: 0xb320748e, L:/127.0.0.1:55110 - R:localhost/127.0.0.1:49697]' for 'POST' to 'http://localhost:49697/session/d4117806b2054757a374d24e63a06a4b/element'
18:13:18.766 [Forwarding findElement on session d4117806b2054757a374d24e63a06a4b to remote] DEBUG org.asynchttpclient.netty.request.NettyRequestSender - Using open Channel [id: 0xb320748e, L:/127.0.0.1:55110 - R:localhost/127.0.0.1:49697] for POST '/session/d4117806b2054757a374d24e63a06a4b/element'
18:13:18.775 [AsyncHttpClient-1-12] DEBUG org.asynchttpclient.netty.handler.HttpHandler - 

Request DefaultHttpRequest(decodeResult: success, version: HTTP/1.1)
POST /session/d4117806b2054757a374d24e63a06a4b/element HTTP/1.1
User-Agent: selenium/4.1.2 (java windows)
Content-Length: 55
Content-Type: application/json; charset=utf-8
host: localhost:49697
accept: */*

Response DefaultHttpResponse(decodeResult: success, version: HTTP/1.1)
HTTP/1.1 200 OK
Content-Type: application/json; charset=utf-8
cache-control: no-cache
content-length: 88

18:13:18.776 [AsyncHttpClient-1-12] DEBUG org.asynchttpclient.netty.channel.ChannelManager - Adding key: http://localhost:49697 for channel [id: 0xb320748e, L:/127.0.0.1:55110 - R:localhost/127.0.0.1:49697]
18:13:18.777 [Forwarding clearElement on session d4117806b2054757a374d24e63a06a4b to remote] DEBUG org.asynchttpclient.netty.request.NettyRequestSender - Using pooled Channel '[id: 0xb320748e, L:/127.0.0.1:55110 - R:localhost/127.0.0.1:49697]' for 'POST' to 'http://localhost:49697/session/d4117806b2054757a374d24e63a06a4b/element/deaeed2a-657d-4f99-aad3-493876f1feb2/clear'
18:13:18.777 [Forwarding clearElement on session d4117806b2054757a374d24e63a06a4b to remote] DEBUG org.asynchttpclient.netty.request.NettyRequestSender - Using open Channel [id: 0xb320748e, L:/127.0.0.1:55110 - R:localhost/127.0.0.1:49697] for POST '/session/d4117806b2054757a374d24e63a06a4b/element/deaeed2a-657d-4f99-aad3-493876f1feb2/clear'
18:13:18.816 [AsyncHttpClient-1-12] DEBUG org.asynchttpclient.netty.handler.HttpHandler - 

Request DefaultHttpRequest(decodeResult: success, version: HTTP/1.1)
POST /session/d4117806b2054757a374d24e63a06a4b/element/deaeed2a-657d-4f99-aad3-493876f1feb2/clear HTTP/1.1
User-Agent: selenium/4.1.2 (java windows)
Content-Length: 50
Content-Type: application/json; charset=utf-8
host: localhost:49697
accept: */*

Response DefaultHttpResponse(decodeResult: success, version: HTTP/1.1)
HTTP/1.1 200 OK
Content-Type: application/json; charset=utf-8
cache-control: no-cache
content-length: 14

18:13:18.816 [AsyncHttpClient-1-12] DEBUG org.asynchttpclient.netty.channel.ChannelManager - Adding key: http://localhost:49697 for channel [id: 0xb320748e, L:/127.0.0.1:55110 - R:localhost/127.0.0.1:49697]
18:13:18.817 [Forwarding sendKeysToElement on session d4117806b2054757a374d24e63a06a4b to remote] DEBUG org.asynchttpclient.netty.request.NettyRequestSender - Using pooled Channel '[id: 0xb320748e, L:/127.0.0.1:55110 - R:localhost/127.0.0.1:49697]' for 'POST' to 'http://localhost:49697/session/d4117806b2054757a374d24e63a06a4b/element/deaeed2a-657d-4f99-aad3-493876f1feb2/value'
18:13:18.817 [Forwarding sendKeysToElement on session d4117806b2054757a374d24e63a06a4b to remote] DEBUG org.asynchttpclient.netty.request.NettyRequestSender - Using open Channel [id: 0xb320748e, L:/127.0.0.1:55110 - R:localhost/127.0.0.1:49697] for POST '/session/d4117806b2054757a374d24e63a06a4b/element/deaeed2a-657d-4f99-aad3-493876f1feb2/value'
18:13:18.871 [AsyncHttpClient-1-12] DEBUG org.asynchttpclient.netty.handler.HttpHandler - 

Request DefaultHttpRequest(decodeResult: success, version: HTTP/1.1)
POST /session/d4117806b2054757a374d24e63a06a4b/element/deaeed2a-657d-4f99-aad3-493876f1feb2/value HTTP/1.1
User-Agent: selenium/4.1.2 (java windows)
Content-Length: 121
Content-Type: application/json; charset=utf-8
host: localhost:49697
accept: */*

Response DefaultHttpResponse(decodeResult: success, version: HTTP/1.1)
HTTP/1.1 200 OK
Content-Type: application/json; charset=utf-8
cache-control: no-cache
content-length: 14

18:13:18.871 [AsyncHttpClient-1-12] DEBUG org.asynchttpclient.netty.channel.ChannelManager - Adding key: http://localhost:49697 for channel [id: 0xb320748e, L:/127.0.0.1:55110 - R:localhost/127.0.0.1:49697]
  &amp#27;[32mAnd &amp#27;[0m&amp#27;[32mI input password register &amp#27;[0m&amp#27;[32m&amp#27;[1m"1234"&amp#27;[0m         &amp#27;[90m# starter.stepdefinitions.RegisterStep.iInputPasswordRegister(java.lang.String)&amp#27;[0m
18:13:18.877 [Forwarding screenshot on session d4117806b2054757a374d24e63a06a4b to remote] DEBUG org.asynchttpclient.netty.request.NettyRequestSender - Using pooled Channel '[id: 0xb320748e, L:/127.0.0.1:55110 - R:localhost/127.0.0.1:49697]' for 'GET' to 'http://localhost:49697/session/d4117806b2054757a374d24e63a06a4b/screenshot'
18:13:18.877 [Forwarding screenshot on session d4117806b2054757a374d24e63a06a4b to remote] DEBUG org.asynchttpclient.netty.request.NettyRequestSender - Using open Channel [id: 0xb320748e, L:/127.0.0.1:55110 - R:localhost/127.0.0.1:49697] for GET '/session/d4117806b2054757a374d24e63a06a4b/screenshot'
18:13:19.023 [AsyncHttpClient-1-12] DEBUG org.asynchttpclient.netty.handler.HttpHandler - 

Request DefaultFullHttpRequest(decodeResult: success, version: HTTP/1.1, content: EmptyByteBufBE)
GET /session/d4117806b2054757a374d24e63a06a4b/screenshot HTTP/1.1
User-Agent: selenium/4.1.2 (java windows)
Cache-Control: no-cache
Content-Type: application/json; charset=utf-8
host: localhost:49697
accept: */*

Response DefaultHttpResponse(decodeResult: success, version: HTTP/1.1)
HTTP/1.1 200 OK
Content-Type: application/json; charset=utf-8
cache-control: no-cache
content-length: 32064

18:13:19.024 [AsyncHttpClient-1-12] DEBUG org.asynchttpclient.netty.channel.ChannelManager - Adding key: http://localhost:49697 for channel [id: 0xb320748e, L:/127.0.0.1:55110 - R:localhost/127.0.0.1:49697]
18:13:19.025 [main] DEBUG net.serenitybdd.core.photography.Darkroom - Send negative for processing for target\site\serenity\e1708dfd8f80d99bf79ec1207cb2da88911b974239795674c180e9b362ecdd6f.png
18:13:19.026 [Darkroom Processing Line] DEBUG net.serenitybdd.core.photography.DarkroomProcessingLine - Processing screenshot image in /var/screenshots/screenshot-8716471390449355612
18:13:19.026 [Darkroom Processing Line] DEBUG net.serenitybdd.core.photography.DarkroomProcessingLine - Saving screenshot to target\site\serenity\e1708dfd8f80d99bf79ec1207cb2da88911b974239795674c180e9b362ecdd6f.png
18:13:19.033 [Forwarding findElement on session d4117806b2054757a374d24e63a06a4b to remote] DEBUG org.asynchttpclient.netty.request.NettyRequestSender - Using pooled Channel '[id: 0xb320748e, L:/127.0.0.1:55110 - R:localhost/127.0.0.1:49697]' for 'POST' to 'http://localhost:49697/session/d4117806b2054757a374d24e63a06a4b/element'
18:13:19.033 [Forwarding findElement on session d4117806b2054757a374d24e63a06a4b to remote] DEBUG org.asynchttpclient.netty.request.NettyRequestSender - Using open Channel [id: 0xb320748e, L:/127.0.0.1:55110 - R:localhost/127.0.0.1:49697] for POST '/session/d4117806b2054757a374d24e63a06a4b/element'
18:13:19.044 [AsyncHttpClient-1-12] DEBUG org.asynchttpclient.netty.handler.HttpHandler - 

Request DefaultHttpRequest(decodeResult: success, version: HTTP/1.1)
POST /session/d4117806b2054757a374d24e63a06a4b/element HTTP/1.1
User-Agent: selenium/4.1.2 (java windows)
Content-Length: 142
Content-Type: application/json; charset=utf-8
host: localhost:49697
accept: */*

Response DefaultHttpResponse(decodeResult: success, version: HTTP/1.1)
HTTP/1.1 200 OK
Content-Type: application/json; charset=utf-8
cache-control: no-cache
content-length: 88

18:13:19.044 [AsyncHttpClient-1-12] DEBUG org.asynchttpclient.netty.channel.ChannelManager - Adding key: http://localhost:49697 for channel [id: 0xb320748e, L:/127.0.0.1:55110 - R:localhost/127.0.0.1:49697]
18:13:19.046 [Forwarding getElementTagName on session d4117806b2054757a374d24e63a06a4b to remote] DEBUG org.asynchttpclient.netty.request.NettyRequestSender - Using pooled Channel '[id: 0xb320748e, L:/127.0.0.1:55110 - R:localhost/127.0.0.1:49697]' for 'GET' to 'http://localhost:49697/session/d4117806b2054757a374d24e63a06a4b/element/d1f89109-ae9f-4c2b-9e3e-25a01bf345dd/name'
18:13:19.046 [Forwarding getElementTagName on session d4117806b2054757a374d24e63a06a4b to remote] DEBUG org.asynchttpclient.netty.request.NettyRequestSender - Using open Channel [id: 0xb320748e, L:/127.0.0.1:55110 - R:localhost/127.0.0.1:49697] for GET '/session/d4117806b2054757a374d24e63a06a4b/element/d1f89109-ae9f-4c2b-9e3e-25a01bf345dd/name'
18:13:19.050 [AsyncHttpClient-1-12] DEBUG org.asynchttpclient.netty.handler.HttpHandler - 

Request DefaultFullHttpRequest(decodeResult: success, version: HTTP/1.1, content: EmptyByteBufBE)
GET /session/d4117806b2054757a374d24e63a06a4b/element/d1f89109-ae9f-4c2b-9e3e-25a01bf345dd/name HTTP/1.1
User-Agent: selenium/4.1.2 (java windows)
Cache-Control: no-cache
Content-Type: application/json; charset=utf-8
host: localhost:49697
accept: */*

Response DefaultHttpResponse(decodeResult: success, version: HTTP/1.1)
HTTP/1.1 200 OK
Content-Type: application/json; charset=utf-8
cache-control: no-cache
content-length: 18

18:13:19.050 [AsyncHttpClient-1-12] DEBUG org.asynchttpclient.netty.channel.ChannelManager - Adding key: http://localhost:49697 for channel [id: 0xb320748e, L:/127.0.0.1:55110 - R:localhost/127.0.0.1:49697]
18:13:19.051 [Forwarding getElementTagName on session d4117806b2054757a374d24e63a06a4b to remote] DEBUG org.asynchttpclient.netty.request.NettyRequestSender - Using pooled Channel '[id: 0xb320748e, L:/127.0.0.1:55110 - R:localhost/127.0.0.1:49697]' for 'GET' to 'http://localhost:49697/session/d4117806b2054757a374d24e63a06a4b/element/d1f89109-ae9f-4c2b-9e3e-25a01bf345dd/name'
18:13:19.051 [Forwarding getElementTagName on session d4117806b2054757a374d24e63a06a4b to remote] DEBUG org.asynchttpclient.netty.request.NettyRequestSender - Using open Channel [id: 0xb320748e, L:/127.0.0.1:55110 - R:localhost/127.0.0.1:49697] for GET '/session/d4117806b2054757a374d24e63a06a4b/element/d1f89109-ae9f-4c2b-9e3e-25a01bf345dd/name'
18:13:19.054 [AsyncHttpClient-1-12] DEBUG org.asynchttpclient.netty.handler.HttpHandler - 

Request DefaultFullHttpRequest(decodeResult: success, version: HTTP/1.1, content: EmptyByteBufBE)
GET /session/d4117806b2054757a374d24e63a06a4b/element/d1f89109-ae9f-4c2b-9e3e-25a01bf345dd/name HTTP/1.1
User-Agent: selenium/4.1.2 (java windows)
Cache-Control: no-cache
Content-Type: application/json; charset=utf-8
host: localhost:49697
accept: */*

Response DefaultHttpResponse(decodeResult: success, version: HTTP/1.1)
HTTP/1.1 200 OK
Content-Type: application/json; charset=utf-8
cache-control: no-cache
content-length: 18

18:13:19.054 [AsyncHttpClient-1-12] DEBUG org.asynchttpclient.netty.channel.ChannelManager - Adding key: http://localhost:49697 for channel [id: 0xb320748e, L:/127.0.0.1:55110 - R:localhost/127.0.0.1:49697]
18:13:19.056 [Forwarding isElementEnabled on session d4117806b2054757a374d24e63a06a4b to remote] DEBUG org.asynchttpclient.netty.request.NettyRequestSender - Using pooled Channel '[id: 0xb320748e, L:/127.0.0.1:55110 - R:localhost/127.0.0.1:49697]' for 'GET' to 'http://localhost:49697/session/d4117806b2054757a374d24e63a06a4b/element/d1f89109-ae9f-4c2b-9e3e-25a01bf345dd/enabled'
18:13:19.056 [Forwarding isElementEnabled on session d4117806b2054757a374d24e63a06a4b to remote] DEBUG org.asynchttpclient.netty.request.NettyRequestSender - Using open Channel [id: 0xb320748e, L:/127.0.0.1:55110 - R:localhost/127.0.0.1:49697] for GET '/session/d4117806b2054757a374d24e63a06a4b/element/d1f89109-ae9f-4c2b-9e3e-25a01bf345dd/enabled'
18:13:19.065 [AsyncHttpClient-1-12] DEBUG org.asynchttpclient.netty.handler.HttpHandler - 

Request DefaultFullHttpRequest(decodeResult: success, version: HTTP/1.1, content: EmptyByteBufBE)
GET /session/d4117806b2054757a374d24e63a06a4b/element/d1f89109-ae9f-4c2b-9e3e-25a01bf345dd/enabled HTTP/1.1
User-Agent: selenium/4.1.2 (java windows)
Cache-Control: no-cache
Content-Type: application/json; charset=utf-8
host: localhost:49697
accept: */*

Response DefaultHttpResponse(decodeResult: success, version: HTTP/1.1)
HTTP/1.1 200 OK
Content-Type: application/json; charset=utf-8
cache-control: no-cache
content-length: 14

18:13:19.065 [AsyncHttpClient-1-12] DEBUG org.asynchttpclient.netty.channel.ChannelManager - Adding key: http://localhost:49697 for channel [id: 0xb320748e, L:/127.0.0.1:55110 - R:localhost/127.0.0.1:49697]
18:13:19.067 [Forwarding isElementEnabled on session d4117806b2054757a374d24e63a06a4b to remote] DEBUG org.asynchttpclient.netty.request.NettyRequestSender - Using pooled Channel '[id: 0xb320748e, L:/127.0.0.1:55110 - R:localhost/127.0.0.1:49697]' for 'GET' to 'http://localhost:49697/session/d4117806b2054757a374d24e63a06a4b/element/d1f89109-ae9f-4c2b-9e3e-25a01bf345dd/enabled'
18:13:19.067 [Forwarding isElementEnabled on session d4117806b2054757a374d24e63a06a4b to remote] DEBUG org.asynchttpclient.netty.request.NettyRequestSender - Using open Channel [id: 0xb320748e, L:/127.0.0.1:55110 - R:localhost/127.0.0.1:49697] for GET '/session/d4117806b2054757a374d24e63a06a4b/element/d1f89109-ae9f-4c2b-9e3e-25a01bf345dd/enabled'
18:13:19.072 [AsyncHttpClient-1-12] DEBUG org.asynchttpclient.netty.handler.HttpHandler - 

Request DefaultFullHttpRequest(decodeResult: success, version: HTTP/1.1, content: EmptyByteBufBE)
GET /session/d4117806b2054757a374d24e63a06a4b/element/d1f89109-ae9f-4c2b-9e3e-25a01bf345dd/enabled HTTP/1.1
User-Agent: selenium/4.1.2 (java windows)
Cache-Control: no-cache
Content-Type: application/json; charset=utf-8
host: localhost:49697
accept: */*

Response DefaultHttpResponse(decodeResult: success, version: HTTP/1.1)
HTTP/1.1 200 OK
Content-Type: application/json; charset=utf-8
cache-control: no-cache
content-length: 14

18:13:19.072 [AsyncHttpClient-1-12] DEBUG org.asynchttpclient.netty.channel.ChannelManager - Adding key: http://localhost:49697 for channel [id: 0xb320748e, L:/127.0.0.1:55110 - R:localhost/127.0.0.1:49697]
18:13:19.073 [Forwarding findElement on session d4117806b2054757a374d24e63a06a4b to remote] DEBUG org.asynchttpclient.netty.request.NettyRequestSender - Using pooled Channel '[id: 0xb320748e, L:/127.0.0.1:55110 - R:localhost/127.0.0.1:49697]' for 'POST' to 'http://localhost:49697/session/d4117806b2054757a374d24e63a06a4b/element'
18:13:19.073 [Forwarding findElement on session d4117806b2054757a374d24e63a06a4b to remote] DEBUG org.asynchttpclient.netty.request.NettyRequestSender - Using open Channel [id: 0xb320748e, L:/127.0.0.1:55110 - R:localhost/127.0.0.1:49697] for POST '/session/d4117806b2054757a374d24e63a06a4b/element'
18:13:19.083 [AsyncHttpClient-1-12] DEBUG org.asynchttpclient.netty.handler.HttpHandler - 

Request DefaultHttpRequest(decodeResult: success, version: HTTP/1.1)
POST /session/d4117806b2054757a374d24e63a06a4b/element HTTP/1.1
User-Agent: selenium/4.1.2 (java windows)
Content-Length: 142
Content-Type: application/json; charset=utf-8
host: localhost:49697
accept: */*

Response DefaultHttpResponse(decodeResult: success, version: HTTP/1.1)
HTTP/1.1 200 OK
Content-Type: application/json; charset=utf-8
cache-control: no-cache
content-length: 88

18:13:19.083 [AsyncHttpClient-1-12] DEBUG org.asynchttpclient.netty.channel.ChannelManager - Adding key: http://localhost:49697 for channel [id: 0xb320748e, L:/127.0.0.1:55110 - R:localhost/127.0.0.1:49697]
18:13:19.084 [Forwarding clickElement on session d4117806b2054757a374d24e63a06a4b to remote] DEBUG org.asynchttpclient.netty.request.NettyRequestSender - Using pooled Channel '[id: 0xb320748e, L:/127.0.0.1:55110 - R:localhost/127.0.0.1:49697]' for 'POST' to 'http://localhost:49697/session/d4117806b2054757a374d24e63a06a4b/element/d1f89109-ae9f-4c2b-9e3e-25a01bf345dd/click'
18:13:19.084 [Forwarding clickElement on session d4117806b2054757a374d24e63a06a4b to remote] DEBUG org.asynchttpclient.netty.request.NettyRequestSender - Using open Channel [id: 0xb320748e, L:/127.0.0.1:55110 - R:localhost/127.0.0.1:49697] for POST '/session/d4117806b2054757a374d24e63a06a4b/element/d1f89109-ae9f-4c2b-9e3e-25a01bf345dd/click'
18:13:19.125 [AsyncHttpClient-1-12] DEBUG org.asynchttpclient.netty.handler.HttpHandler - 

Request DefaultHttpRequest(decodeResult: success, version: HTTP/1.1)
POST /session/d4117806b2054757a374d24e63a06a4b/element/d1f89109-ae9f-4c2b-9e3e-25a01bf345dd/click HTTP/1.1
User-Agent: selenium/4.1.2 (java windows)
Content-Length: 50
Content-Type: application/json; charset=utf-8
host: localhost:49697
accept: */*

Response DefaultHttpResponse(decodeResult: success, version: HTTP/1.1)
HTTP/1.1 200 OK
Content-Type: application/json; charset=utf-8
cache-control: no-cache
content-length: 14

18:13:19.125 [AsyncHttpClient-1-12] DEBUG org.asynchttpclient.netty.channel.ChannelManager - Adding key: http://localhost:49697 for channel [id: 0xb320748e, L:/127.0.0.1:55110 - R:localhost/127.0.0.1:49697]
  &amp#27;[32mAnd &amp#27;[0m&amp#27;[32mI click submit register button&amp#27;[0m           &amp#27;[90m# starter.stepdefinitions.RegisterStep.iClickSubmitRegisterButton()&amp#27;[0m
18:13:19.130 [Forwarding screenshot on session d4117806b2054757a374d24e63a06a4b to remote] DEBUG org.asynchttpclient.netty.request.NettyRequestSender - Using pooled Channel '[id: 0xb320748e, L:/127.0.0.1:55110 - R:localhost/127.0.0.1:49697]' for 'GET' to 'http://localhost:49697/session/d4117806b2054757a374d24e63a06a4b/screenshot'
18:13:19.130 [Forwarding screenshot on session d4117806b2054757a374d24e63a06a4b to remote] DEBUG org.asynchttpclient.netty.request.NettyRequestSender - Using open Channel [id: 0xb320748e, L:/127.0.0.1:55110 - R:localhost/127.0.0.1:49697] for GET '/session/d4117806b2054757a374d24e63a06a4b/screenshot'
18:13:19.182 [AsyncHttpClient-1-1] DEBUG org.asynchttpclient.netty.channel.DefaultChannelPool - Entry count for : http://localhost:55111 : 1
18:13:19.323 [AsyncHttpClient-1-12] DEBUG org.asynchttpclient.netty.handler.HttpHandler - 

Request DefaultFullHttpRequest(decodeResult: success, version: HTTP/1.1, content: EmptyByteBufBE)
GET /session/d4117806b2054757a374d24e63a06a4b/screenshot HTTP/1.1
User-Agent: selenium/4.1.2 (java windows)
Cache-Control: no-cache
Content-Type: application/json; charset=utf-8
host: localhost:49697
accept: */*

Response DefaultHttpResponse(decodeResult: success, version: HTTP/1.1)
HTTP/1.1 200 OK
Content-Type: application/json; charset=utf-8
cache-control: no-cache
content-length: 30936

18:13:19.323 [AsyncHttpClient-1-12] DEBUG org.asynchttpclient.netty.channel.ChannelManager - Adding key: http://localhost:49697 for channel [id: 0xb320748e, L:/127.0.0.1:55110 - R:localhost/127.0.0.1:49697]
18:13:19.325 [main] DEBUG net.serenitybdd.core.photography.Darkroom - Send negative for processing for target\site\serenity\df4b9a49f42e8830c00fa59bdc0a496b8f3869a1d947d8b879eeeb49f9ab85cb.png
18:13:19.325 [Darkroom Processing Line] DEBUG net.serenitybdd.core.photography.DarkroomProcessingLine - Processing screenshot image in /var/screenshots/screenshot-12063152491438016429
18:13:19.325 [Darkroom Processing Line] DEBUG net.serenitybdd.core.photography.DarkroomProcessingLine - Saving screenshot to target\site\serenity\df4b9a49f42e8830c00fa59bdc0a496b8f3869a1d947d8b879eeeb49f9ab85cb.png
18:13:19.332 [Forwarding findElement on session d4117806b2054757a374d24e63a06a4b to remote] DEBUG org.asynchttpclient.netty.request.NettyRequestSender - Using pooled Channel '[id: 0xb320748e, L:/127.0.0.1:55110 - R:localhost/127.0.0.1:49697]' for 'POST' to 'http://localhost:49697/session/d4117806b2054757a374d24e63a06a4b/element'
18:13:19.332 [Forwarding findElement on session d4117806b2054757a374d24e63a06a4b to remote] DEBUG org.asynchttpclient.netty.request.NettyRequestSender - Using open Channel [id: 0xb320748e, L:/127.0.0.1:55110 - R:localhost/127.0.0.1:49697] for POST '/session/d4117806b2054757a374d24e63a06a4b/element'
18:13:20.275 [AsyncHttpClient-1-1] DEBUG org.asynchttpclient.netty.channel.DefaultChannelPool - Entry count for : http://localhost:55111 : 1
18:13:20.776 [AsyncHttpClient-1-12] DEBUG org.asynchttpclient.netty.handler.HttpHandler - 

Request DefaultHttpRequest(decodeResult: success, version: HTTP/1.1)
POST /session/d4117806b2054757a374d24e63a06a4b/element HTTP/1.1
User-Agent: selenium/4.1.2 (java windows)
Content-Length: 140
Content-Type: application/json; charset=utf-8
host: localhost:49697
accept: */*

Response DefaultHttpResponse(decodeResult: success, version: HTTP/1.1)
HTTP/1.1 200 OK
Content-Type: application/json; charset=utf-8
cache-control: no-cache
content-length: 88

18:13:20.776 [AsyncHttpClient-1-12] DEBUG org.asynchttpclient.netty.channel.ChannelManager - Adding key: http://localhost:49697 for channel [id: 0xb320748e, L:/127.0.0.1:55110 - R:localhost/127.0.0.1:49697]
18:13:20.779 [Forwarding isElementDisplayed on session d4117806b2054757a374d24e63a06a4b to remote] DEBUG org.asynchttpclient.netty.request.NettyRequestSender - Using pooled Channel '[id: 0xb320748e, L:/127.0.0.1:55110 - R:localhost/127.0.0.1:49697]' for 'POST' to 'http://localhost:49697/session/d4117806b2054757a374d24e63a06a4b/execute/sync'
18:13:20.779 [Forwarding isElementDisplayed on session d4117806b2054757a374d24e63a06a4b to remote] DEBUG org.asynchttpclient.netty.request.NettyRequestSender - Using open Channel [id: 0xb320748e, L:/127.0.0.1:55110 - R:localhost/127.0.0.1:49697] for POST '/session/d4117806b2054757a374d24e63a06a4b/execute/sync'
18:13:20.792 [AsyncHttpClient-1-12] DEBUG org.asynchttpclient.netty.handler.HttpHandler - 

Request DefaultHttpRequest(decodeResult: success, version: HTTP/1.1)
POST /session/d4117806b2054757a374d24e63a06a4b/execute/sync HTTP/1.1
User-Agent: selenium/4.1.2 (java windows)
Content-Length: 48780
Content-Type: application/json; charset=utf-8
host: localhost:49697
accept: */*

Response DefaultHttpResponse(decodeResult: success, version: HTTP/1.1)
HTTP/1.1 200 OK
Content-Type: application/json; charset=utf-8
cache-control: no-cache
content-length: 14

18:13:20.792 [AsyncHttpClient-1-12] DEBUG org.asynchttpclient.netty.channel.ChannelManager - Adding key: http://localhost:49697 for channel [id: 0xb320748e, L:/127.0.0.1:55110 - R:localhost/127.0.0.1:49697]
  &amp#27;[32mThen &amp#27;[0m&amp#27;[32mI will get the result register &amp#27;[0m&amp#27;[32m&amp#27;[1m"failed"&amp#27;[0m &amp#27;[90m# starter.stepdefinitions.RegisterStep.iWillGetTheResultRegister(java.lang.String)&amp#27;[0m
18:13:20.796 [Forwarding screenshot on session d4117806b2054757a374d24e63a06a4b to remote] DEBUG org.asynchttpclient.netty.request.NettyRequestSender - Using pooled Channel '[id: 0xb320748e, L:/127.0.0.1:55110 - R:localhost/127.0.0.1:49697]' for 'GET' to 'http://localhost:49697/session/d4117806b2054757a374d24e63a06a4b/screenshot'
18:13:20.796 [Forwarding screenshot on session d4117806b2054757a374d24e63a06a4b to remote] DEBUG org.asynchttpclient.netty.request.NettyRequestSender - Using open Channel [id: 0xb320748e, L:/127.0.0.1:55110 - R:localhost/127.0.0.1:49697] for GET '/session/d4117806b2054757a374d24e63a06a4b/screenshot'
18:13:20.935 [AsyncHttpClient-1-12] DEBUG org.asynchttpclient.netty.handler.HttpHandler - 

Request DefaultFullHttpRequest(decodeResult: success, version: HTTP/1.1, content: EmptyByteBufBE)
GET /session/d4117806b2054757a374d24e63a06a4b/screenshot HTTP/1.1
User-Agent: selenium/4.1.2 (java windows)
Cache-Control: no-cache
Content-Type: application/json; charset=utf-8
host: localhost:49697
accept: */*

Response DefaultHttpResponse(decodeResult: success, version: HTTP/1.1)
HTTP/1.1 200 OK
Content-Type: application/json; charset=utf-8
cache-control: no-cache
content-length: 32504

18:13:20.935 [AsyncHttpClient-1-12] DEBUG org.asynchttpclient.netty.channel.ChannelManager - Adding key: http://localhost:49697 for channel [id: 0xb320748e, L:/127.0.0.1:55110 - R:localhost/127.0.0.1:49697]
18:13:20.937 [main] DEBUG net.serenitybdd.core.photography.Darkroom - Send negative for processing for target\site\serenity\19c048f465ccb13c9d7627e3eae7a076f6487a48cf219854dbccfb0726897331.png
18:13:20.937 [Darkroom Processing Line] DEBUG net.serenitybdd.core.photography.DarkroomProcessingLine - Processing screenshot image in /var/screenshots/screenshot-10485165662532987965
18:13:20.937 [Darkroom Processing Line] DEBUG net.serenitybdd.core.photography.DarkroomProcessingLine - Saving screenshot to target\site\serenity\19c048f465ccb13c9d7627e3eae7a076f6487a48cf219854dbccfb0726897331.png
18:13:20.942 [AsyncHttpClient-1-14] DEBUG org.asynchttpclient.netty.handler.WebSocketHandler - Channel Closed: [id: 0x5c3ae909, L:/127.0.0.1:55118 ! R:localhost/127.0.0.1:55111] with attribute NettyResponseFuture{currentRetry=5,
	isDone=1,
	isCancelled=0,
	asyncHandler=org.asynchttpclient.ws.WebSocketUpgradeHandler@2f872e8b,
	nettyRequest=org.asynchttpclient.netty.request.NettyRequest@62d603f6,
	future=java.util.concurrent.CompletableFuture@1e2e57d5[Completed normally],
	uri=ws://localhost:55111/devtools/browser/2eb32fe6-c5ea-48d6-aa8d-20004fd90400,
	keepAlive=true,
	redirectCount=0,
	timeoutsHolder=null,
	inAuth=0,
	touch=1667041997580}
18:13:20.942 [AsyncHttpClient-1-14] DEBUG org.asynchttpclient.netty.channel.ChannelManager - Closing Channel [id: 0x5c3ae909, L:/127.0.0.1:55118 ! R:localhost/127.0.0.1:55111] 
18:13:20.942 [Driver Command Executor] DEBUG org.asynchttpclient.netty.request.NettyRequestSender - Using pooled Channel '[id: 0xb320748e, L:/127.0.0.1:55110 - R:localhost/127.0.0.1:49697]' for 'DELETE' to 'http://localhost:49697/session/d4117806b2054757a374d24e63a06a4b'
18:13:20.942 [Driver Command Executor] DEBUG org.asynchttpclient.netty.request.NettyRequestSender - Using open Channel [id: 0xb320748e, L:/127.0.0.1:55110 - R:localhost/127.0.0.1:49697] for DELETE '/session/d4117806b2054757a374d24e63a06a4b'
18:13:20.954 [AsyncHttpClient-1-13] DEBUG org.asynchttpclient.netty.handler.HttpHandler - Unexpected I/O exception on channel [id: 0x39ad5b4f, L:/127.0.0.1:55117 - R:localhost/127.0.0.1:55111]
java.net.SocketException: Connection reset
	at java.base/sun.nio.ch.SocketChannelImpl.throwConnectionReset(SocketChannelImpl.java:345)
	at java.base/sun.nio.ch.SocketChannelImpl.read(SocketChannelImpl.java:376)
	at io.netty.buffer.PooledByteBuf.setBytes(PooledByteBuf.java:258)
	at io.netty.buffer.AbstractByteBuf.writeBytes(AbstractByteBuf.java:1132)
	at io.netty.channel.socket.nio.NioSocketChannel.doReadBytes(NioSocketChannel.java:350)
	at io.netty.channel.nio.AbstractNioByteChannel$NioByteUnsafe.read(AbstractNioByteChannel.java:151)
	at io.netty.channel.nio.NioEventLoop.processSelectedKey(NioEventLoop.java:722)
	at io.netty.channel.nio.NioEventLoop.processSelectedKeysOptimized(NioEventLoop.java:658)
	at io.netty.channel.nio.NioEventLoop.processSelectedKeys(NioEventLoop.java:584)
	at io.netty.channel.nio.NioEventLoop.run(NioEventLoop.java:496)
	at io.netty.util.concurrent.SingleThreadEventExecutor$4.run(SingleThreadEventExecutor.java:986)
	at io.netty.util.internal.ThreadExecutorMap$2.run(ThreadExecutorMap.java:74)
	at io.netty.util.concurrent.FastThreadLocalRunnable.run(FastThreadLocalRunnable.java:30)
	at java.base/java.lang.Thread.run(Thread.java:830)
18:13:20.955 [AsyncHttpClient-1-13] DEBUG org.asynchttpclient.netty.channel.ChannelManager - Closing Channel [id: 0x39ad5b4f, L:/127.0.0.1:55117 - R:localhost/127.0.0.1:55111] 
18:13:20.955 [AsyncHttpClient-1-13] DEBUG org.asynchttpclient.netty.handler.HttpHandler - Channel Closed: [id: 0x39ad5b4f, L:/127.0.0.1:55117 ! R:localhost/127.0.0.1:55111] with attribute DISCARD
18:13:20.981 [AsyncHttpClient-1-12] DEBUG org.asynchttpclient.netty.handler.HttpHandler - 

Request DefaultFullHttpRequest(decodeResult: success, version: HTTP/1.1, content: EmptyByteBufBE)
DELETE /session/d4117806b2054757a374d24e63a06a4b HTTP/1.1
User-Agent: selenium/4.1.2 (java windows)
Content-Type: application/json; charset=utf-8
host: localhost:49697
accept: */*

Response DefaultHttpResponse(decodeResult: success, version: HTTP/1.1)
HTTP/1.1 200 OK
Content-Type: application/json; charset=utf-8
cache-control: no-cache
content-length: 14

18:13:20.982 [AsyncHttpClient-1-12] DEBUG org.asynchttpclient.netty.channel.ChannelManager - Adding key: http://localhost:49697 for channel [id: 0xb320748e, L:/127.0.0.1:55110 - R:localhost/127.0.0.1:49697]
18:13:21.040 [AsyncHttpClient-1-12] DEBUG org.asynchttpclient.netty.handler.HttpHandler - Channel Closed: [id: 0xb320748e, L:/127.0.0.1:55110 ! R:localhost/127.0.0.1:49697] with attribute DISCARD
18:13:21.374 [AsyncHttpClient-1-1] DEBUG org.asynchttpclient.netty.channel.DefaultChannelPool - Entry count for : http://localhost:55111 : 1
18:13:21.374 [AsyncHttpClient-1-1] DEBUG org.asynchttpclient.netty.channel.DefaultChannelPool - Entry count for : http://localhost:49697 : 1
18:13:21.374 [AsyncHttpClient-1-1] DEBUG org.asynchttpclient.netty.channel.DefaultChannelPool - Adding Candidate expired Channel [id: 0x39ad5b4f, L:/127.0.0.1:55117 ! R:localhost/127.0.0.1:55111] isIdleTimeoutExpired=false isRemotelyClosed=true isTtlExpired=false
18:13:21.374 [AsyncHttpClient-1-1] DEBUG org.asynchttpclient.netty.channel.DefaultChannelPool - Closing Idle Channel [id: 0x39ad5b4f, L:/127.0.0.1:55117 ! R:localhost/127.0.0.1:55111]
18:13:21.374 [AsyncHttpClient-1-1] DEBUG org.asynchttpclient.netty.channel.DefaultChannelPool - Adding Candidate expired Channel [id: 0xb320748e, L:/127.0.0.1:55110 ! R:localhost/127.0.0.1:49697] isIdleTimeoutExpired=false isRemotelyClosed=true isTtlExpired=false
18:13:21.374 [AsyncHttpClient-1-1] DEBUG org.asynchttpclient.netty.channel.DefaultChannelPool - Closing Idle Channel [id: 0xb320748e, L:/127.0.0.1:55110 ! R:localhost/127.0.0.1:49697]
18:13:21.374 [AsyncHttpClient-1-1] DEBUG org.asynchttpclient.netty.channel.DefaultChannelPool - Closed 2 connections out of 2 in 0 ms
]]></system-out>
    <system-err><![CDATA[Starting ChromeDriver 105.0.5195.52 (412c95e518836d8a7d97250d62b29c2ae6a26a85-refs/branch-heads/5195@{#853}) on port 49697
Only local connections are allowed.
Please see https://chromedriver.chromium.org/security-considerations for suggestions on keeping ChromeDriver safe.
ChromeDriver was started successfully.
[1667041997.555][WARNING]: This version of ChromeDriver has not been tested with Chrome version 106.
Okt 29, 2022 6:13:17 PM org.openqa.selenium.remote.ProtocolHandshake createSession
INFO: Detected dialect: W3C
Okt 29, 2022 6:13:17 PM org.openqa.selenium.devtools.CdpVersionFinder findNearestMatch
WARNING: Unable to find an exact match for CDP version 106, so returning the closest version found: a no-op implementation
Okt 29, 2022 6:13:17 PM org.openqa.selenium.devtools.CdpVersionFinder findNearestMatch
INFO: Unable to find CDP implementation matching 106.
Okt 29, 2022 6:13:17 PM org.openqa.selenium.chromium.ChromiumDriver lambda$new$3
WARNING: Unable to find version of CDP to use for . You may need to include a dependency on a specific version of the CDP using something similar to `org.seleniumhq.selenium:selenium-devtools-v86:4.1.2` where the version ("v86") matches the version of the chromium-based browser you're using and the version number of the artifact is the same as Selenium's.
]]></system-err>
  </testcase>
  <testcase name="Register account #4" classname="Register" time="5.556">
    <system-out><![CDATA[
Scenario Outline: Register account             &amp#27;[90m# src/test/resources/features/Register.feature:18&amp#27;[0m
18:13:21.586 [main] INFO io.cucumber.core.plugin.SerenityReporter - Running feature from file:///C:/Users/alwi/IdeaProjects/AltaShop/src/test/resources/features/Register.feature
18:13:21.604 [main] INFO net.serenitybdd.core.webdriver.driverproviders.ChromeDriverProvider - Using automatically driver download
18:13:21.730 [main] DEBUG io.github.bonigarcia.wdm.cache.ResolutionCache - Resolution chrome=106 in cache (valid until 18:14:56 29/10/2022 WIB)
18:13:21.735 [main] DEBUG io.github.bonigarcia.wdm.cache.ResolutionCache - Resolution chrome106=106.0.5249.61 in cache (valid until 19:30:28 29/10/2022 WIB)
18:13:21.736 [main] INFO io.github.bonigarcia.wdm.WebDriverManager - Using chromedriver 106.0.5249.61 (resolved driver for Chrome 106)
18:13:21.747 [main] DEBUG io.github.bonigarcia.wdm.WebDriverManager - Driver chromedriver 106.0.5249.61 found in cache
18:13:21.748 [main] INFO io.github.bonigarcia.wdm.WebDriverManager - Exporting webdriver.chrome.driver as C:\Users\alwi\.cache\selenium\chromedriver\win32\106.0.5249.61\chromedriver.exe
18:13:21.892 [main] DEBUG net.serenitybdd.core.webdriver.driverproviders.ProvideNewDriver - Instantiating driver
18:13:21.892 [main] DEBUG net.serenitybdd.core.webdriver.driverproviders.ProvideNewDriver - Driver capabilities: Capabilities {acceptInsecureCerts: false, base.url: https://alta-shop.vercel.app, browserName: chrome, chrome.driver: src/test/resources/webdrive..., driver: chrome, goog:chromeOptions: {args: [], extensions: []}, wait.for.timeout: 6000}
18:13:22.432 [AsyncHttpClient-1-15] DEBUG org.asynchttpclient.netty.channel.NettyConnectListener - Using new Channel '[id: 0xac2c65bf, L:/127.0.0.1:55136 - R:localhost/127.0.0.1:61176]' for 'POST' to '/session'
18:13:23.203 [AsyncHttpClient-1-15] DEBUG org.asynchttpclient.netty.handler.HttpHandler - 

Request DefaultHttpRequest(decodeResult: success, version: HTTP/1.1)
POST /session HTTP/1.1
User-Agent: selenium/4.1.2 (java windows)
Content-Length: 639
Content-Type: application/json; charset=utf-8
host: localhost:61176
accept: */*

Response DefaultHttpResponse(decodeResult: success, version: HTTP/1.1)
HTTP/1.1 200 OK
Content-Type: application/json; charset=utf-8
cache-control: no-cache
content-length: 790

18:13:23.203 [AsyncHttpClient-1-15] DEBUG org.asynchttpclient.netty.channel.ChannelManager - Adding key: http://localhost:61176 for channel [id: 0xac2c65bf, L:/127.0.0.1:55136 - R:localhost/127.0.0.1:61176]
18:13:23.210 [AsyncHttpClient-1-16] DEBUG org.asynchttpclient.netty.channel.NettyConnectListener - Using new Channel '[id: 0x0aa4f6c8, L:/127.0.0.1:55143 - R:localhost/127.0.0.1:55137]' for 'GET' to '/json/version'
18:13:23.211 [AsyncHttpClient-1-16] DEBUG org.asynchttpclient.netty.handler.HttpHandler - 

Request DefaultFullHttpRequest(decodeResult: success, version: HTTP/1.1, content: EmptyByteBufBE)
GET /json/version HTTP/1.1
User-Agent: selenium/4.1.2 (java windows)
host: localhost:55137
accept: */*

Response DefaultHttpResponse(decodeResult: success, version: HTTP/1.1)
HTTP/1.1 200 OK
Content-Type: application/json; charset=UTF-8
content-length: 424

18:13:23.211 [AsyncHttpClient-1-16] DEBUG org.asynchttpclient.netty.channel.ChannelManager - Adding key: http://localhost:55137 for channel [id: 0x0aa4f6c8, L:/127.0.0.1:55143 - R:localhost/127.0.0.1:55137]
18:13:23.212 [AsyncHttpClient-1-17] DEBUG org.asynchttpclient.netty.channel.NettyConnectListener - Using new Channel '[id: 0xeea9842e, L:/127.0.0.1:55144 - R:localhost/127.0.0.1:55137]' for 'GET' to '/devtools/browser/ca69c2b0-c722-4424-9b5d-40f8f7cc95d3'
18:13:23.213 [AsyncHttpClient-1-17] DEBUG org.asynchttpclient.netty.handler.WebSocketHandler - 

Request DefaultFullHttpRequest(decodeResult: success, version: HTTP/1.1, content: EmptyByteBufBE)
GET /devtools/browser/ca69c2b0-c722-4424-9b5d-40f8f7cc95d3 HTTP/1.1
upgrade: websocket
connection: upgrade
sec-websocket-key: l+5hqbtANfwOmqzT2WEXCg==
sec-websocket-version: 13
origin: http://localhost:55137
host: localhost:55137
accept: */*
user-agent: AHC/2.1

Response DefaultHttpResponse(decodeResult: success, version: HTTP/1.1)
HTTP/1.1 101 WebSocket Protocol Handshake
Upgrade: WebSocket
Connection: Upgrade
Sec-WebSocket-Accept: 9h4qIBELzrv2M1q2AfQYhW5zdEc=

18:13:23.217 [Forwarding get on session 889dc37dd5bdeefb79bc641e4cae6a46 to remote] DEBUG org.asynchttpclient.netty.request.NettyRequestSender - Using pooled Channel '[id: 0xac2c65bf, L:/127.0.0.1:55136 - R:localhost/127.0.0.1:61176]' for 'POST' to 'http://localhost:61176/session/889dc37dd5bdeefb79bc641e4cae6a46/url'
18:13:23.217 [Forwarding get on session 889dc37dd5bdeefb79bc641e4cae6a46 to remote] DEBUG org.asynchttpclient.netty.request.NettyRequestSender - Using open Channel [id: 0xac2c65bf, L:/127.0.0.1:55136 - R:localhost/127.0.0.1:61176] for POST '/session/889dc37dd5bdeefb79bc641e4cae6a46/url'
18:13:23.580 [AsyncHttpClient-1-1] DEBUG org.asynchttpclient.netty.channel.DefaultChannelPool - Entry count for : http://localhost:55137 : 1
18:13:23.835 [AsyncHttpClient-1-15] DEBUG org.asynchttpclient.netty.handler.HttpHandler - 

Request DefaultHttpRequest(decodeResult: success, version: HTTP/1.1)
POST /session/889dc37dd5bdeefb79bc641e4cae6a46/url HTTP/1.1
User-Agent: selenium/4.1.2 (java windows)
Content-Length: 77
Content-Type: application/json; charset=utf-8
host: localhost:61176
accept: */*

Response DefaultHttpResponse(decodeResult: success, version: HTTP/1.1)
HTTP/1.1 200 OK
Content-Type: application/json; charset=utf-8
cache-control: no-cache
content-length: 14

18:13:23.835 [AsyncHttpClient-1-15] DEBUG org.asynchttpclient.netty.channel.ChannelManager - Adding key: http://localhost:61176 for channel [id: 0xac2c65bf, L:/127.0.0.1:55136 - R:localhost/127.0.0.1:61176]
18:13:23.837 [Forwarding setTimeout on session 889dc37dd5bdeefb79bc641e4cae6a46 to remote] DEBUG org.asynchttpclient.netty.request.NettyRequestSender - Using pooled Channel '[id: 0xac2c65bf, L:/127.0.0.1:55136 - R:localhost/127.0.0.1:61176]' for 'POST' to 'http://localhost:61176/session/889dc37dd5bdeefb79bc641e4cae6a46/timeouts'
18:13:23.837 [Forwarding setTimeout on session 889dc37dd5bdeefb79bc641e4cae6a46 to remote] DEBUG org.asynchttpclient.netty.request.NettyRequestSender - Using open Channel [id: 0xac2c65bf, L:/127.0.0.1:55136 - R:localhost/127.0.0.1:61176] for POST '/session/889dc37dd5bdeefb79bc641e4cae6a46/timeouts'
18:13:23.838 [AsyncHttpClient-1-15] DEBUG org.asynchttpclient.netty.handler.HttpHandler - 

Request DefaultHttpRequest(decodeResult: success, version: HTTP/1.1)
POST /session/889dc37dd5bdeefb79bc641e4cae6a46/timeouts HTTP/1.1
User-Agent: selenium/4.1.2 (java windows)
Content-Length: 22
Content-Type: application/json; charset=utf-8
host: localhost:61176
accept: */*

Response DefaultHttpResponse(decodeResult: success, version: HTTP/1.1)
HTTP/1.1 200 OK
Content-Type: application/json; charset=utf-8
cache-control: no-cache
content-length: 14

18:13:23.838 [AsyncHttpClient-1-15] DEBUG org.asynchttpclient.netty.channel.ChannelManager - Adding key: http://localhost:61176 for channel [id: 0xac2c65bf, L:/127.0.0.1:55136 - R:localhost/127.0.0.1:61176]
18:13:23.840 [Forwarding getCurrentUrl on session 889dc37dd5bdeefb79bc641e4cae6a46 to remote] DEBUG org.asynchttpclient.netty.request.NettyRequestSender - Using pooled Channel '[id: 0xac2c65bf, L:/127.0.0.1:55136 - R:localhost/127.0.0.1:61176]' for 'GET' to 'http://localhost:61176/session/889dc37dd5bdeefb79bc641e4cae6a46/url'
18:13:23.841 [Forwarding getCurrentUrl on session 889dc37dd5bdeefb79bc641e4cae6a46 to remote] DEBUG org.asynchttpclient.netty.request.NettyRequestSender - Using open Channel [id: 0xac2c65bf, L:/127.0.0.1:55136 - R:localhost/127.0.0.1:61176] for GET '/session/889dc37dd5bdeefb79bc641e4cae6a46/url'
18:13:23.845 [AsyncHttpClient-1-15] DEBUG org.asynchttpclient.netty.handler.HttpHandler - 

Request DefaultFullHttpRequest(decodeResult: success, version: HTTP/1.1, content: EmptyByteBufBE)
GET /session/889dc37dd5bdeefb79bc641e4cae6a46/url HTTP/1.1
User-Agent: selenium/4.1.2 (java windows)
Cache-Control: no-cache
Content-Type: application/json; charset=utf-8
host: localhost:61176
accept: */*

Response DefaultHttpResponse(decodeResult: success, version: HTTP/1.1)
HTTP/1.1 200 OK
Content-Type: application/json; charset=utf-8
cache-control: no-cache
content-length: 54

18:13:23.845 [AsyncHttpClient-1-15] DEBUG org.asynchttpclient.netty.channel.ChannelManager - Adding key: http://localhost:61176 for channel [id: 0xac2c65bf, L:/127.0.0.1:55136 - R:localhost/127.0.0.1:61176]
  &amp#27;[32mGiven &amp#27;[0m&amp#27;[32mI am on the register page&amp#27;[0m              &amp#27;[90m# starter.stepdefinitions.RegisterStep.iAmOnTheRegisterPage()&amp#27;[0m
18:13:23.850 [Forwarding screenshot on session 889dc37dd5bdeefb79bc641e4cae6a46 to remote] DEBUG org.asynchttpclient.netty.request.NettyRequestSender - Using pooled Channel '[id: 0xac2c65bf, L:/127.0.0.1:55136 - R:localhost/127.0.0.1:61176]' for 'GET' to 'http://localhost:61176/session/889dc37dd5bdeefb79bc641e4cae6a46/screenshot'
18:13:23.850 [Forwarding screenshot on session 889dc37dd5bdeefb79bc641e4cae6a46 to remote] DEBUG org.asynchttpclient.netty.request.NettyRequestSender - Using open Channel [id: 0xac2c65bf, L:/127.0.0.1:55136 - R:localhost/127.0.0.1:61176] for GET '/session/889dc37dd5bdeefb79bc641e4cae6a46/screenshot'
18:13:23.934 [AsyncHttpClient-1-15] DEBUG org.asynchttpclient.netty.handler.HttpHandler - 

Request DefaultFullHttpRequest(decodeResult: success, version: HTTP/1.1, content: EmptyByteBufBE)
GET /session/889dc37dd5bdeefb79bc641e4cae6a46/screenshot HTTP/1.1
User-Agent: selenium/4.1.2 (java windows)
Cache-Control: no-cache
Content-Type: application/json; charset=utf-8
host: localhost:61176
accept: */*

Response DefaultHttpResponse(decodeResult: success, version: HTTP/1.1)
HTTP/1.1 200 OK
Content-Type: application/json; charset=utf-8
cache-control: no-cache
content-length: 29396

18:13:23.935 [AsyncHttpClient-1-15] DEBUG org.asynchttpclient.netty.channel.ChannelManager - Adding key: http://localhost:61176 for channel [id: 0xac2c65bf, L:/127.0.0.1:55136 - R:localhost/127.0.0.1:61176]
18:13:23.936 [main] DEBUG net.serenitybdd.core.photography.Darkroom - Send negative for processing for target\site\serenity\731f2d5e65f52e6f18ed786e82312868c45da0a3a93b12f69eba2a4af226a333.png
18:13:23.944 [Forwarding findElement on session 889dc37dd5bdeefb79bc641e4cae6a46 to remote] DEBUG org.asynchttpclient.netty.request.NettyRequestSender - Using pooled Channel '[id: 0xac2c65bf, L:/127.0.0.1:55136 - R:localhost/127.0.0.1:61176]' for 'POST' to 'http://localhost:61176/session/889dc37dd5bdeefb79bc641e4cae6a46/element'
18:13:23.944 [Forwarding findElement on session 889dc37dd5bdeefb79bc641e4cae6a46 to remote] DEBUG org.asynchttpclient.netty.request.NettyRequestSender - Using open Channel [id: 0xac2c65bf, L:/127.0.0.1:55136 - R:localhost/127.0.0.1:61176] for POST '/session/889dc37dd5bdeefb79bc641e4cae6a46/element'
18:13:23.954 [AsyncHttpClient-1-15] DEBUG org.asynchttpclient.netty.handler.HttpHandler - 

Request DefaultHttpRequest(decodeResult: success, version: HTTP/1.1)
POST /session/889dc37dd5bdeefb79bc641e4cae6a46/element HTTP/1.1
User-Agent: selenium/4.1.2 (java windows)
Content-Length: 55
Content-Type: application/json; charset=utf-8
host: localhost:61176
accept: */*

Response DefaultHttpResponse(decodeResult: success, version: HTTP/1.1)
HTTP/1.1 200 OK
Content-Type: application/json; charset=utf-8
cache-control: no-cache
content-length: 88

18:13:23.955 [AsyncHttpClient-1-15] DEBUG org.asynchttpclient.netty.channel.ChannelManager - Adding key: http://localhost:61176 for channel [id: 0xac2c65bf, L:/127.0.0.1:55136 - R:localhost/127.0.0.1:61176]
18:13:23.956 [Forwarding clearElement on session 889dc37dd5bdeefb79bc641e4cae6a46 to remote] DEBUG org.asynchttpclient.netty.request.NettyRequestSender - Using pooled Channel '[id: 0xac2c65bf, L:/127.0.0.1:55136 - R:localhost/127.0.0.1:61176]' for 'POST' to 'http://localhost:61176/session/889dc37dd5bdeefb79bc641e4cae6a46/element/7ab421af-a6d2-435a-99ff-df0970287841/clear'
18:13:23.956 [Forwarding clearElement on session 889dc37dd5bdeefb79bc641e4cae6a46 to remote] DEBUG org.asynchttpclient.netty.request.NettyRequestSender - Using open Channel [id: 0xac2c65bf, L:/127.0.0.1:55136 - R:localhost/127.0.0.1:61176] for POST '/session/889dc37dd5bdeefb79bc641e4cae6a46/element/7ab421af-a6d2-435a-99ff-df0970287841/clear'
18:13:23.982 [AsyncHttpClient-1-15] DEBUG org.asynchttpclient.netty.handler.HttpHandler - 

Request DefaultHttpRequest(decodeResult: success, version: HTTP/1.1)
POST /session/889dc37dd5bdeefb79bc641e4cae6a46/element/7ab421af-a6d2-435a-99ff-df0970287841/clear HTTP/1.1
User-Agent: selenium/4.1.2 (java windows)
Content-Length: 50
Content-Type: application/json; charset=utf-8
host: localhost:61176
accept: */*

Response DefaultHttpResponse(decodeResult: success, version: HTTP/1.1)
HTTP/1.1 200 OK
Content-Type: application/json; charset=utf-8
cache-control: no-cache
content-length: 14

18:13:23.982 [AsyncHttpClient-1-15] DEBUG org.asynchttpclient.netty.channel.ChannelManager - Adding key: http://localhost:61176 for channel [id: 0xac2c65bf, L:/127.0.0.1:55136 - R:localhost/127.0.0.1:61176]
18:13:23.984 [Forwarding sendKeysToElement on session 889dc37dd5bdeefb79bc641e4cae6a46 to remote] DEBUG org.asynchttpclient.netty.request.NettyRequestSender - Using pooled Channel '[id: 0xac2c65bf, L:/127.0.0.1:55136 - R:localhost/127.0.0.1:61176]' for 'POST' to 'http://localhost:61176/session/889dc37dd5bdeefb79bc641e4cae6a46/element/7ab421af-a6d2-435a-99ff-df0970287841/value'
18:13:23.984 [Forwarding sendKeysToElement on session 889dc37dd5bdeefb79bc641e4cae6a46 to remote] DEBUG org.asynchttpclient.netty.request.NettyRequestSender - Using open Channel [id: 0xac2c65bf, L:/127.0.0.1:55136 - R:localhost/127.0.0.1:61176] for POST '/session/889dc37dd5bdeefb79bc641e4cae6a46/element/7ab421af-a6d2-435a-99ff-df0970287841/value'
18:13:24.065 [AsyncHttpClient-1-15] DEBUG org.asynchttpclient.netty.handler.HttpHandler - 

Request DefaultHttpRequest(decodeResult: success, version: HTTP/1.1)
POST /session/889dc37dd5bdeefb79bc641e4cae6a46/element/7ab421af-a6d2-435a-99ff-df0970287841/value HTTP/1.1
User-Agent: selenium/4.1.2 (java windows)
Content-Length: 161
Content-Type: application/json; charset=utf-8
host: localhost:61176
accept: */*

Response DefaultHttpResponse(decodeResult: success, version: HTTP/1.1)
HTTP/1.1 200 OK
Content-Type: application/json; charset=utf-8
cache-control: no-cache
content-length: 14

18:13:24.065 [AsyncHttpClient-1-15] DEBUG org.asynchttpclient.netty.channel.ChannelManager - Adding key: http://localhost:61176 for channel [id: 0xac2c65bf, L:/127.0.0.1:55136 - R:localhost/127.0.0.1:61176]
  &amp#27;[32mWhen &amp#27;[0m&amp#27;[32mI input fullname register &amp#27;[0m&amp#27;[32m&amp#27;[1m"naixxy12"&amp#27;[0m    &amp#27;[90m# starter.stepdefinitions.RegisterStep.iInputFullnameRegister(java.lang.String)&amp#27;[0m
18:13:24.072 [Forwarding screenshot on session 889dc37dd5bdeefb79bc641e4cae6a46 to remote] DEBUG org.asynchttpclient.netty.request.NettyRequestSender - Using pooled Channel '[id: 0xac2c65bf, L:/127.0.0.1:55136 - R:localhost/127.0.0.1:61176]' for 'GET' to 'http://localhost:61176/session/889dc37dd5bdeefb79bc641e4cae6a46/screenshot'
18:13:24.072 [Forwarding screenshot on session 889dc37dd5bdeefb79bc641e4cae6a46 to remote] DEBUG org.asynchttpclient.netty.request.NettyRequestSender - Using open Channel [id: 0xac2c65bf, L:/127.0.0.1:55136 - R:localhost/127.0.0.1:61176] for GET '/session/889dc37dd5bdeefb79bc641e4cae6a46/screenshot'
18:13:24.217 [AsyncHttpClient-1-15] DEBUG org.asynchttpclient.netty.handler.HttpHandler - 

Request DefaultFullHttpRequest(decodeResult: success, version: HTTP/1.1, content: EmptyByteBufBE)
GET /session/889dc37dd5bdeefb79bc641e4cae6a46/screenshot HTTP/1.1
User-Agent: selenium/4.1.2 (java windows)
Cache-Control: no-cache
Content-Type: application/json; charset=utf-8
host: localhost:61176
accept: */*

Response DefaultHttpResponse(decodeResult: success, version: HTTP/1.1)
HTTP/1.1 200 OK
Content-Type: application/json; charset=utf-8
cache-control: no-cache
content-length: 31328

18:13:24.217 [AsyncHttpClient-1-15] DEBUG org.asynchttpclient.netty.channel.ChannelManager - Adding key: http://localhost:61176 for channel [id: 0xac2c65bf, L:/127.0.0.1:55136 - R:localhost/127.0.0.1:61176]
18:13:24.218 [main] DEBUG net.serenitybdd.core.photography.Darkroom - Send negative for processing for target\site\serenity\3ab1ff575334d09ecc16052dfa595ff6a66958f87b9a1e2fd6ed576d93a40c14.png
18:13:24.219 [Darkroom Processing Line] DEBUG net.serenitybdd.core.photography.DarkroomProcessingLine - Processing screenshot image in /var/screenshots/screenshot-14302199340288062149
18:13:24.219 [Darkroom Processing Line] DEBUG net.serenitybdd.core.photography.DarkroomProcessingLine - Saving screenshot to target\site\serenity\3ab1ff575334d09ecc16052dfa595ff6a66958f87b9a1e2fd6ed576d93a40c14.png
18:13:24.226 [Forwarding findElement on session 889dc37dd5bdeefb79bc641e4cae6a46 to remote] DEBUG org.asynchttpclient.netty.request.NettyRequestSender - Using pooled Channel '[id: 0xac2c65bf, L:/127.0.0.1:55136 - R:localhost/127.0.0.1:61176]' for 'POST' to 'http://localhost:61176/session/889dc37dd5bdeefb79bc641e4cae6a46/element'
18:13:24.226 [Forwarding findElement on session 889dc37dd5bdeefb79bc641e4cae6a46 to remote] DEBUG org.asynchttpclient.netty.request.NettyRequestSender - Using open Channel [id: 0xac2c65bf, L:/127.0.0.1:55136 - R:localhost/127.0.0.1:61176] for POST '/session/889dc37dd5bdeefb79bc641e4cae6a46/element'
18:13:24.235 [AsyncHttpClient-1-15] DEBUG org.asynchttpclient.netty.handler.HttpHandler - 

Request DefaultHttpRequest(decodeResult: success, version: HTTP/1.1)
POST /session/889dc37dd5bdeefb79bc641e4cae6a46/element HTTP/1.1
User-Agent: selenium/4.1.2 (java windows)
Content-Length: 55
Content-Type: application/json; charset=utf-8
host: localhost:61176
accept: */*

Response DefaultHttpResponse(decodeResult: success, version: HTTP/1.1)
HTTP/1.1 200 OK
Content-Type: application/json; charset=utf-8
cache-control: no-cache
content-length: 88

18:13:24.236 [AsyncHttpClient-1-15] DEBUG org.asynchttpclient.netty.channel.ChannelManager - Adding key: http://localhost:61176 for channel [id: 0xac2c65bf, L:/127.0.0.1:55136 - R:localhost/127.0.0.1:61176]
18:13:24.237 [Forwarding clearElement on session 889dc37dd5bdeefb79bc641e4cae6a46 to remote] DEBUG org.asynchttpclient.netty.request.NettyRequestSender - Using pooled Channel '[id: 0xac2c65bf, L:/127.0.0.1:55136 - R:localhost/127.0.0.1:61176]' for 'POST' to 'http://localhost:61176/session/889dc37dd5bdeefb79bc641e4cae6a46/element/4977a822-3a9c-4729-9363-9304d74927bb/clear'
18:13:24.237 [Forwarding clearElement on session 889dc37dd5bdeefb79bc641e4cae6a46 to remote] DEBUG org.asynchttpclient.netty.request.NettyRequestSender - Using open Channel [id: 0xac2c65bf, L:/127.0.0.1:55136 - R:localhost/127.0.0.1:61176] for POST '/session/889dc37dd5bdeefb79bc641e4cae6a46/element/4977a822-3a9c-4729-9363-9304d74927bb/clear'
18:13:24.264 [AsyncHttpClient-1-15] DEBUG org.asynchttpclient.netty.handler.HttpHandler - 

Request DefaultHttpRequest(decodeResult: success, version: HTTP/1.1)
POST /session/889dc37dd5bdeefb79bc641e4cae6a46/element/4977a822-3a9c-4729-9363-9304d74927bb/clear HTTP/1.1
User-Agent: selenium/4.1.2 (java windows)
Content-Length: 50
Content-Type: application/json; charset=utf-8
host: localhost:61176
accept: */*

Response DefaultHttpResponse(decodeResult: success, version: HTTP/1.1)
HTTP/1.1 200 OK
Content-Type: application/json; charset=utf-8
cache-control: no-cache
content-length: 14

18:13:24.264 [AsyncHttpClient-1-15] DEBUG org.asynchttpclient.netty.channel.ChannelManager - Adding key: http://localhost:61176 for channel [id: 0xac2c65bf, L:/127.0.0.1:55136 - R:localhost/127.0.0.1:61176]
18:13:24.265 [Forwarding sendKeysToElement on session 889dc37dd5bdeefb79bc641e4cae6a46 to remote] DEBUG org.asynchttpclient.netty.request.NettyRequestSender - Using pooled Channel '[id: 0xac2c65bf, L:/127.0.0.1:55136 - R:localhost/127.0.0.1:61176]' for 'POST' to 'http://localhost:61176/session/889dc37dd5bdeefb79bc641e4cae6a46/element/4977a822-3a9c-4729-9363-9304d74927bb/value'
18:13:24.266 [Forwarding sendKeysToElement on session 889dc37dd5bdeefb79bc641e4cae6a46 to remote] DEBUG org.asynchttpclient.netty.request.NettyRequestSender - Using open Channel [id: 0xac2c65bf, L:/127.0.0.1:55136 - R:localhost/127.0.0.1:61176] for POST '/session/889dc37dd5bdeefb79bc641e4cae6a46/element/4977a822-3a9c-4729-9363-9304d74927bb/value'
18:13:24.340 [AsyncHttpClient-1-15] DEBUG org.asynchttpclient.netty.handler.HttpHandler - 

Request DefaultHttpRequest(decodeResult: success, version: HTTP/1.1)
POST /session/889dc37dd5bdeefb79bc641e4cae6a46/element/4977a822-3a9c-4729-9363-9304d74927bb/value HTTP/1.1
User-Agent: selenium/4.1.2 (java windows)
Content-Length: 201
Content-Type: application/json; charset=utf-8
host: localhost:61176
accept: */*

Response DefaultHttpResponse(decodeResult: success, version: HTTP/1.1)
HTTP/1.1 200 OK
Content-Type: application/json; charset=utf-8
cache-control: no-cache
content-length: 14

18:13:24.340 [AsyncHttpClient-1-15] DEBUG org.asynchttpclient.netty.channel.ChannelManager - Adding key: http://localhost:61176 for channel [id: 0xac2c65bf, L:/127.0.0.1:55136 - R:localhost/127.0.0.1:61176]
  &amp#27;[32mAnd &amp#27;[0m&amp#27;[32mI input email register &amp#27;[0m&amp#27;[32m&amp#27;[1m"naixxy@co.uk"&amp#27;[0m    &amp#27;[90m# starter.stepdefinitions.RegisterStep.iInputEmailRegister(java.lang.String)&amp#27;[0m
18:13:24.346 [Forwarding screenshot on session 889dc37dd5bdeefb79bc641e4cae6a46 to remote] DEBUG org.asynchttpclient.netty.request.NettyRequestSender - Using pooled Channel '[id: 0xac2c65bf, L:/127.0.0.1:55136 - R:localhost/127.0.0.1:61176]' for 'GET' to 'http://localhost:61176/session/889dc37dd5bdeefb79bc641e4cae6a46/screenshot'
18:13:24.346 [Forwarding screenshot on session 889dc37dd5bdeefb79bc641e4cae6a46 to remote] DEBUG org.asynchttpclient.netty.request.NettyRequestSender - Using open Channel [id: 0xac2c65bf, L:/127.0.0.1:55136 - R:localhost/127.0.0.1:61176] for GET '/session/889dc37dd5bdeefb79bc641e4cae6a46/screenshot'
18:13:24.453 [AsyncHttpClient-1-15] DEBUG org.asynchttpclient.netty.handler.HttpHandler - 

Request DefaultFullHttpRequest(decodeResult: success, version: HTTP/1.1, content: EmptyByteBufBE)
GET /session/889dc37dd5bdeefb79bc641e4cae6a46/screenshot HTTP/1.1
User-Agent: selenium/4.1.2 (java windows)
Cache-Control: no-cache
Content-Type: application/json; charset=utf-8
host: localhost:61176
accept: */*

Response DefaultHttpResponse(decodeResult: success, version: HTTP/1.1)
HTTP/1.1 200 OK
Content-Type: application/json; charset=utf-8
cache-control: no-cache
content-length: 34180

18:13:24.454 [AsyncHttpClient-1-15] DEBUG org.asynchttpclient.netty.channel.ChannelManager - Adding key: http://localhost:61176 for channel [id: 0xac2c65bf, L:/127.0.0.1:55136 - R:localhost/127.0.0.1:61176]
18:13:24.456 [main] DEBUG net.serenitybdd.core.photography.Darkroom - Send negative for processing for target\site\serenity\a6e97b0dde1cf11695452685c8846b84a8fb544683ed60d7d73f095065af5d6a.png
18:13:24.456 [Darkroom Processing Line] DEBUG net.serenitybdd.core.photography.DarkroomProcessingLine - Processing screenshot image in /var/screenshots/screenshot-7218527686978621855
18:13:24.456 [Darkroom Processing Line] DEBUG net.serenitybdd.core.photography.DarkroomProcessingLine - Saving screenshot to target\site\serenity\a6e97b0dde1cf11695452685c8846b84a8fb544683ed60d7d73f095065af5d6a.png
18:13:24.463 [Forwarding findElement on session 889dc37dd5bdeefb79bc641e4cae6a46 to remote] DEBUG org.asynchttpclient.netty.request.NettyRequestSender - Using pooled Channel '[id: 0xac2c65bf, L:/127.0.0.1:55136 - R:localhost/127.0.0.1:61176]' for 'POST' to 'http://localhost:61176/session/889dc37dd5bdeefb79bc641e4cae6a46/element'
18:13:24.463 [Forwarding findElement on session 889dc37dd5bdeefb79bc641e4cae6a46 to remote] DEBUG org.asynchttpclient.netty.request.NettyRequestSender - Using open Channel [id: 0xac2c65bf, L:/127.0.0.1:55136 - R:localhost/127.0.0.1:61176] for POST '/session/889dc37dd5bdeefb79bc641e4cae6a46/element'
18:13:24.474 [AsyncHttpClient-1-15] DEBUG org.asynchttpclient.netty.handler.HttpHandler - 

Request DefaultHttpRequest(decodeResult: success, version: HTTP/1.1)
POST /session/889dc37dd5bdeefb79bc641e4cae6a46/element HTTP/1.1
User-Agent: selenium/4.1.2 (java windows)
Content-Length: 55
Content-Type: application/json; charset=utf-8
host: localhost:61176
accept: */*

Response DefaultHttpResponse(decodeResult: success, version: HTTP/1.1)
HTTP/1.1 200 OK
Content-Type: application/json; charset=utf-8
cache-control: no-cache
content-length: 88

18:13:24.474 [AsyncHttpClient-1-15] DEBUG org.asynchttpclient.netty.channel.ChannelManager - Adding key: http://localhost:61176 for channel [id: 0xac2c65bf, L:/127.0.0.1:55136 - R:localhost/127.0.0.1:61176]
18:13:24.476 [Forwarding clearElement on session 889dc37dd5bdeefb79bc641e4cae6a46 to remote] DEBUG org.asynchttpclient.netty.request.NettyRequestSender - Using pooled Channel '[id: 0xac2c65bf, L:/127.0.0.1:55136 - R:localhost/127.0.0.1:61176]' for 'POST' to 'http://localhost:61176/session/889dc37dd5bdeefb79bc641e4cae6a46/element/243c3f48-26ac-447e-81c5-99744c49c6d8/clear'
18:13:24.476 [Forwarding clearElement on session 889dc37dd5bdeefb79bc641e4cae6a46 to remote] DEBUG org.asynchttpclient.netty.request.NettyRequestSender - Using open Channel [id: 0xac2c65bf, L:/127.0.0.1:55136 - R:localhost/127.0.0.1:61176] for POST '/session/889dc37dd5bdeefb79bc641e4cae6a46/element/243c3f48-26ac-447e-81c5-99744c49c6d8/clear'
18:13:24.508 [AsyncHttpClient-1-15] DEBUG org.asynchttpclient.netty.handler.HttpHandler - 

Request DefaultHttpRequest(decodeResult: success, version: HTTP/1.1)
POST /session/889dc37dd5bdeefb79bc641e4cae6a46/element/243c3f48-26ac-447e-81c5-99744c49c6d8/clear HTTP/1.1
User-Agent: selenium/4.1.2 (java windows)
Content-Length: 50
Content-Type: application/json; charset=utf-8
host: localhost:61176
accept: */*

Response DefaultHttpResponse(decodeResult: success, version: HTTP/1.1)
HTTP/1.1 200 OK
Content-Type: application/json; charset=utf-8
cache-control: no-cache
content-length: 14

18:13:24.508 [AsyncHttpClient-1-15] DEBUG org.asynchttpclient.netty.channel.ChannelManager - Adding key: http://localhost:61176 for channel [id: 0xac2c65bf, L:/127.0.0.1:55136 - R:localhost/127.0.0.1:61176]
18:13:24.510 [Forwarding sendKeysToElement on session 889dc37dd5bdeefb79bc641e4cae6a46 to remote] DEBUG org.asynchttpclient.netty.request.NettyRequestSender - Using pooled Channel '[id: 0xac2c65bf, L:/127.0.0.1:55136 - R:localhost/127.0.0.1:61176]' for 'POST' to 'http://localhost:61176/session/889dc37dd5bdeefb79bc641e4cae6a46/element/243c3f48-26ac-447e-81c5-99744c49c6d8/value'
18:13:24.510 [Forwarding sendKeysToElement on session 889dc37dd5bdeefb79bc641e4cae6a46 to remote] DEBUG org.asynchttpclient.netty.request.NettyRequestSender - Using open Channel [id: 0xac2c65bf, L:/127.0.0.1:55136 - R:localhost/127.0.0.1:61176] for POST '/session/889dc37dd5bdeefb79bc641e4cae6a46/element/243c3f48-26ac-447e-81c5-99744c49c6d8/value'
18:13:24.546 [AsyncHttpClient-1-15] DEBUG org.asynchttpclient.netty.handler.HttpHandler - 

Request DefaultHttpRequest(decodeResult: success, version: HTTP/1.1)
POST /session/889dc37dd5bdeefb79bc641e4cae6a46/element/243c3f48-26ac-447e-81c5-99744c49c6d8/value HTTP/1.1
User-Agent: selenium/4.1.2 (java windows)
Content-Length: 82
Content-Type: application/json; charset=utf-8
host: localhost:61176
accept: */*

Response DefaultHttpResponse(decodeResult: success, version: HTTP/1.1)
HTTP/1.1 200 OK
Content-Type: application/json; charset=utf-8
cache-control: no-cache
content-length: 14

18:13:24.546 [AsyncHttpClient-1-15] DEBUG org.asynchttpclient.netty.channel.ChannelManager - Adding key: http://localhost:61176 for channel [id: 0xac2c65bf, L:/127.0.0.1:55136 - R:localhost/127.0.0.1:61176]
  &amp#27;[32mAnd &amp#27;[0m&amp#27;[32mI input password register &amp#27;[0m&amp#27;[32m&amp#27;[1m""&amp#27;[0m             &amp#27;[90m# starter.stepdefinitions.RegisterStep.iInputPasswordRegister(java.lang.String)&amp#27;[0m
18:13:24.551 [Forwarding screenshot on session 889dc37dd5bdeefb79bc641e4cae6a46 to remote] DEBUG org.asynchttpclient.netty.request.NettyRequestSender - Using pooled Channel '[id: 0xac2c65bf, L:/127.0.0.1:55136 - R:localhost/127.0.0.1:61176]' for 'GET' to 'http://localhost:61176/session/889dc37dd5bdeefb79bc641e4cae6a46/screenshot'
18:13:24.551 [Forwarding screenshot on session 889dc37dd5bdeefb79bc641e4cae6a46 to remote] DEBUG org.asynchttpclient.netty.request.NettyRequestSender - Using open Channel [id: 0xac2c65bf, L:/127.0.0.1:55136 - R:localhost/127.0.0.1:61176] for GET '/session/889dc37dd5bdeefb79bc641e4cae6a46/screenshot'
18:13:24.653 [AsyncHttpClient-1-15] DEBUG org.asynchttpclient.netty.handler.HttpHandler - 

Request DefaultFullHttpRequest(decodeResult: success, version: HTTP/1.1, content: EmptyByteBufBE)
GET /session/889dc37dd5bdeefb79bc641e4cae6a46/screenshot HTTP/1.1
User-Agent: selenium/4.1.2 (java windows)
Cache-Control: no-cache
Content-Type: application/json; charset=utf-8
host: localhost:61176
accept: */*

Response DefaultHttpResponse(decodeResult: success, version: HTTP/1.1)
HTTP/1.1 200 OK
Content-Type: application/json; charset=utf-8
cache-control: no-cache
content-length: 34520

18:13:24.653 [AsyncHttpClient-1-15] DEBUG org.asynchttpclient.netty.channel.ChannelManager - Adding key: http://localhost:61176 for channel [id: 0xac2c65bf, L:/127.0.0.1:55136 - R:localhost/127.0.0.1:61176]
18:13:24.655 [main] DEBUG net.serenitybdd.core.photography.Darkroom - Send negative for processing for target\site\serenity\f2a9ac77c906524191dc5ed390c8d37711dafeafb39d436f150475afd1204bd4.png
18:13:24.655 [Darkroom Processing Line] DEBUG net.serenitybdd.core.photography.DarkroomProcessingLine - Processing screenshot image in /var/screenshots/screenshot-11855204451205000211
18:13:24.655 [Darkroom Processing Line] DEBUG net.serenitybdd.core.photography.DarkroomProcessingLine - Saving screenshot to target\site\serenity\f2a9ac77c906524191dc5ed390c8d37711dafeafb39d436f150475afd1204bd4.png
18:13:24.662 [Forwarding findElement on session 889dc37dd5bdeefb79bc641e4cae6a46 to remote] DEBUG org.asynchttpclient.netty.request.NettyRequestSender - Using pooled Channel '[id: 0xac2c65bf, L:/127.0.0.1:55136 - R:localhost/127.0.0.1:61176]' for 'POST' to 'http://localhost:61176/session/889dc37dd5bdeefb79bc641e4cae6a46/element'
18:13:24.663 [Forwarding findElement on session 889dc37dd5bdeefb79bc641e4cae6a46 to remote] DEBUG org.asynchttpclient.netty.request.NettyRequestSender - Using open Channel [id: 0xac2c65bf, L:/127.0.0.1:55136 - R:localhost/127.0.0.1:61176] for POST '/session/889dc37dd5bdeefb79bc641e4cae6a46/element'
18:13:24.675 [AsyncHttpClient-1-1] DEBUG org.asynchttpclient.netty.channel.DefaultChannelPool - Entry count for : http://localhost:55137 : 1
18:13:24.675 [AsyncHttpClient-1-15] DEBUG org.asynchttpclient.netty.handler.HttpHandler - 

Request DefaultHttpRequest(decodeResult: success, version: HTTP/1.1)
POST /session/889dc37dd5bdeefb79bc641e4cae6a46/element HTTP/1.1
User-Agent: selenium/4.1.2 (java windows)
Content-Length: 142
Content-Type: application/json; charset=utf-8
host: localhost:61176
accept: */*

Response DefaultHttpResponse(decodeResult: success, version: HTTP/1.1)
HTTP/1.1 200 OK
Content-Type: application/json; charset=utf-8
cache-control: no-cache
content-length: 88

18:13:24.675 [AsyncHttpClient-1-15] DEBUG org.asynchttpclient.netty.channel.ChannelManager - Adding key: http://localhost:61176 for channel [id: 0xac2c65bf, L:/127.0.0.1:55136 - R:localhost/127.0.0.1:61176]
18:13:24.676 [Forwarding getElementTagName on session 889dc37dd5bdeefb79bc641e4cae6a46 to remote] DEBUG org.asynchttpclient.netty.request.NettyRequestSender - Using pooled Channel '[id: 0xac2c65bf, L:/127.0.0.1:55136 - R:localhost/127.0.0.1:61176]' for 'GET' to 'http://localhost:61176/session/889dc37dd5bdeefb79bc641e4cae6a46/element/c76a0a41-fb00-41f8-bfe6-e1be55f56ea2/name'
18:13:24.676 [Forwarding getElementTagName on session 889dc37dd5bdeefb79bc641e4cae6a46 to remote] DEBUG org.asynchttpclient.netty.request.NettyRequestSender - Using open Channel [id: 0xac2c65bf, L:/127.0.0.1:55136 - R:localhost/127.0.0.1:61176] for GET '/session/889dc37dd5bdeefb79bc641e4cae6a46/element/c76a0a41-fb00-41f8-bfe6-e1be55f56ea2/name'
18:13:24.680 [AsyncHttpClient-1-15] DEBUG org.asynchttpclient.netty.handler.HttpHandler - 

Request DefaultFullHttpRequest(decodeResult: success, version: HTTP/1.1, content: EmptyByteBufBE)
GET /session/889dc37dd5bdeefb79bc641e4cae6a46/element/c76a0a41-fb00-41f8-bfe6-e1be55f56ea2/name HTTP/1.1
User-Agent: selenium/4.1.2 (java windows)
Cache-Control: no-cache
Content-Type: application/json; charset=utf-8
host: localhost:61176
accept: */*

Response DefaultHttpResponse(decodeResult: success, version: HTTP/1.1)
HTTP/1.1 200 OK
Content-Type: application/json; charset=utf-8
cache-control: no-cache
content-length: 18

18:13:24.680 [AsyncHttpClient-1-15] DEBUG org.asynchttpclient.netty.channel.ChannelManager - Adding key: http://localhost:61176 for channel [id: 0xac2c65bf, L:/127.0.0.1:55136 - R:localhost/127.0.0.1:61176]
18:13:24.681 [Forwarding getElementTagName on session 889dc37dd5bdeefb79bc641e4cae6a46 to remote] DEBUG org.asynchttpclient.netty.request.NettyRequestSender - Using pooled Channel '[id: 0xac2c65bf, L:/127.0.0.1:55136 - R:localhost/127.0.0.1:61176]' for 'GET' to 'http://localhost:61176/session/889dc37dd5bdeefb79bc641e4cae6a46/element/c76a0a41-fb00-41f8-bfe6-e1be55f56ea2/name'
18:13:24.681 [Forwarding getElementTagName on session 889dc37dd5bdeefb79bc641e4cae6a46 to remote] DEBUG org.asynchttpclient.netty.request.NettyRequestSender - Using open Channel [id: 0xac2c65bf, L:/127.0.0.1:55136 - R:localhost/127.0.0.1:61176] for GET '/session/889dc37dd5bdeefb79bc641e4cae6a46/element/c76a0a41-fb00-41f8-bfe6-e1be55f56ea2/name'
18:13:24.684 [AsyncHttpClient-1-15] DEBUG org.asynchttpclient.netty.handler.HttpHandler - 

Request DefaultFullHttpRequest(decodeResult: success, version: HTTP/1.1, content: EmptyByteBufBE)
GET /session/889dc37dd5bdeefb79bc641e4cae6a46/element/c76a0a41-fb00-41f8-bfe6-e1be55f56ea2/name HTTP/1.1
User-Agent: selenium/4.1.2 (java windows)
Cache-Control: no-cache
Content-Type: application/json; charset=utf-8
host: localhost:61176
accept: */*

Response DefaultHttpResponse(decodeResult: success, version: HTTP/1.1)
HTTP/1.1 200 OK
Content-Type: application/json; charset=utf-8
cache-control: no-cache
content-length: 18

18:13:24.684 [AsyncHttpClient-1-15] DEBUG org.asynchttpclient.netty.channel.ChannelManager - Adding key: http://localhost:61176 for channel [id: 0xac2c65bf, L:/127.0.0.1:55136 - R:localhost/127.0.0.1:61176]
18:13:24.685 [Forwarding isElementEnabled on session 889dc37dd5bdeefb79bc641e4cae6a46 to remote] DEBUG org.asynchttpclient.netty.request.NettyRequestSender - Using pooled Channel '[id: 0xac2c65bf, L:/127.0.0.1:55136 - R:localhost/127.0.0.1:61176]' for 'GET' to 'http://localhost:61176/session/889dc37dd5bdeefb79bc641e4cae6a46/element/c76a0a41-fb00-41f8-bfe6-e1be55f56ea2/enabled'
18:13:24.685 [Forwarding isElementEnabled on session 889dc37dd5bdeefb79bc641e4cae6a46 to remote] DEBUG org.asynchttpclient.netty.request.NettyRequestSender - Using open Channel [id: 0xac2c65bf, L:/127.0.0.1:55136 - R:localhost/127.0.0.1:61176] for GET '/session/889dc37dd5bdeefb79bc641e4cae6a46/element/c76a0a41-fb00-41f8-bfe6-e1be55f56ea2/enabled'
18:13:24.695 [AsyncHttpClient-1-15] DEBUG org.asynchttpclient.netty.handler.HttpHandler - 

Request DefaultFullHttpRequest(decodeResult: success, version: HTTP/1.1, content: EmptyByteBufBE)
GET /session/889dc37dd5bdeefb79bc641e4cae6a46/element/c76a0a41-fb00-41f8-bfe6-e1be55f56ea2/enabled HTTP/1.1
User-Agent: selenium/4.1.2 (java windows)
Cache-Control: no-cache
Content-Type: application/json; charset=utf-8
host: localhost:61176
accept: */*

Response DefaultHttpResponse(decodeResult: success, version: HTTP/1.1)
HTTP/1.1 200 OK
Content-Type: application/json; charset=utf-8
cache-control: no-cache
content-length: 14

18:13:24.695 [AsyncHttpClient-1-15] DEBUG org.asynchttpclient.netty.channel.ChannelManager - Adding key: http://localhost:61176 for channel [id: 0xac2c65bf, L:/127.0.0.1:55136 - R:localhost/127.0.0.1:61176]
18:13:24.696 [Forwarding isElementEnabled on session 889dc37dd5bdeefb79bc641e4cae6a46 to remote] DEBUG org.asynchttpclient.netty.request.NettyRequestSender - Using pooled Channel '[id: 0xac2c65bf, L:/127.0.0.1:55136 - R:localhost/127.0.0.1:61176]' for 'GET' to 'http://localhost:61176/session/889dc37dd5bdeefb79bc641e4cae6a46/element/c76a0a41-fb00-41f8-bfe6-e1be55f56ea2/enabled'
18:13:24.696 [Forwarding isElementEnabled on session 889dc37dd5bdeefb79bc641e4cae6a46 to remote] DEBUG org.asynchttpclient.netty.request.NettyRequestSender - Using open Channel [id: 0xac2c65bf, L:/127.0.0.1:55136 - R:localhost/127.0.0.1:61176] for GET '/session/889dc37dd5bdeefb79bc641e4cae6a46/element/c76a0a41-fb00-41f8-bfe6-e1be55f56ea2/enabled'
18:13:24.701 [AsyncHttpClient-1-15] DEBUG org.asynchttpclient.netty.handler.HttpHandler - 

Request DefaultFullHttpRequest(decodeResult: success, version: HTTP/1.1, content: EmptyByteBufBE)
GET /session/889dc37dd5bdeefb79bc641e4cae6a46/element/c76a0a41-fb00-41f8-bfe6-e1be55f56ea2/enabled HTTP/1.1
User-Agent: selenium/4.1.2 (java windows)
Cache-Control: no-cache
Content-Type: application/json; charset=utf-8
host: localhost:61176
accept: */*

Response DefaultHttpResponse(decodeResult: success, version: HTTP/1.1)
HTTP/1.1 200 OK
Content-Type: application/json; charset=utf-8
cache-control: no-cache
content-length: 14

18:13:24.701 [AsyncHttpClient-1-15] DEBUG org.asynchttpclient.netty.channel.ChannelManager - Adding key: http://localhost:61176 for channel [id: 0xac2c65bf, L:/127.0.0.1:55136 - R:localhost/127.0.0.1:61176]
18:13:24.703 [Forwarding findElement on session 889dc37dd5bdeefb79bc641e4cae6a46 to remote] DEBUG org.asynchttpclient.netty.request.NettyRequestSender - Using pooled Channel '[id: 0xac2c65bf, L:/127.0.0.1:55136 - R:localhost/127.0.0.1:61176]' for 'POST' to 'http://localhost:61176/session/889dc37dd5bdeefb79bc641e4cae6a46/element'
18:13:24.703 [Forwarding findElement on session 889dc37dd5bdeefb79bc641e4cae6a46 to remote] DEBUG org.asynchttpclient.netty.request.NettyRequestSender - Using open Channel [id: 0xac2c65bf, L:/127.0.0.1:55136 - R:localhost/127.0.0.1:61176] for POST '/session/889dc37dd5bdeefb79bc641e4cae6a46/element'
18:13:24.711 [AsyncHttpClient-1-15] DEBUG org.asynchttpclient.netty.handler.HttpHandler - 

Request DefaultHttpRequest(decodeResult: success, version: HTTP/1.1)
POST /session/889dc37dd5bdeefb79bc641e4cae6a46/element HTTP/1.1
User-Agent: selenium/4.1.2 (java windows)
Content-Length: 142
Content-Type: application/json; charset=utf-8
host: localhost:61176
accept: */*

Response DefaultHttpResponse(decodeResult: success, version: HTTP/1.1)
HTTP/1.1 200 OK
Content-Type: application/json; charset=utf-8
cache-control: no-cache
content-length: 88

18:13:24.711 [AsyncHttpClient-1-15] DEBUG org.asynchttpclient.netty.channel.ChannelManager - Adding key: http://localhost:61176 for channel [id: 0xac2c65bf, L:/127.0.0.1:55136 - R:localhost/127.0.0.1:61176]
18:13:24.712 [Forwarding clickElement on session 889dc37dd5bdeefb79bc641e4cae6a46 to remote] DEBUG org.asynchttpclient.netty.request.NettyRequestSender - Using pooled Channel '[id: 0xac2c65bf, L:/127.0.0.1:55136 - R:localhost/127.0.0.1:61176]' for 'POST' to 'http://localhost:61176/session/889dc37dd5bdeefb79bc641e4cae6a46/element/c76a0a41-fb00-41f8-bfe6-e1be55f56ea2/click'
18:13:24.712 [Forwarding clickElement on session 889dc37dd5bdeefb79bc641e4cae6a46 to remote] DEBUG org.asynchttpclient.netty.request.NettyRequestSender - Using open Channel [id: 0xac2c65bf, L:/127.0.0.1:55136 - R:localhost/127.0.0.1:61176] for POST '/session/889dc37dd5bdeefb79bc641e4cae6a46/element/c76a0a41-fb00-41f8-bfe6-e1be55f56ea2/click'
18:13:24.751 [AsyncHttpClient-1-15] DEBUG org.asynchttpclient.netty.handler.HttpHandler - 

Request DefaultHttpRequest(decodeResult: success, version: HTTP/1.1)
POST /session/889dc37dd5bdeefb79bc641e4cae6a46/element/c76a0a41-fb00-41f8-bfe6-e1be55f56ea2/click HTTP/1.1
User-Agent: selenium/4.1.2 (java windows)
Content-Length: 50
Content-Type: application/json; charset=utf-8
host: localhost:61176
accept: */*

Response DefaultHttpResponse(decodeResult: success, version: HTTP/1.1)
HTTP/1.1 200 OK
Content-Type: application/json; charset=utf-8
cache-control: no-cache
content-length: 14

18:13:24.752 [AsyncHttpClient-1-15] DEBUG org.asynchttpclient.netty.channel.ChannelManager - Adding key: http://localhost:61176 for channel [id: 0xac2c65bf, L:/127.0.0.1:55136 - R:localhost/127.0.0.1:61176]
  &amp#27;[32mAnd &amp#27;[0m&amp#27;[32mI click submit register button&amp#27;[0m           &amp#27;[90m# starter.stepdefinitions.RegisterStep.iClickSubmitRegisterButton()&amp#27;[0m
18:13:24.757 [Forwarding screenshot on session 889dc37dd5bdeefb79bc641e4cae6a46 to remote] DEBUG org.asynchttpclient.netty.request.NettyRequestSender - Using pooled Channel '[id: 0xac2c65bf, L:/127.0.0.1:55136 - R:localhost/127.0.0.1:61176]' for 'GET' to 'http://localhost:61176/session/889dc37dd5bdeefb79bc641e4cae6a46/screenshot'
18:13:24.757 [Forwarding screenshot on session 889dc37dd5bdeefb79bc641e4cae6a46 to remote] DEBUG org.asynchttpclient.netty.request.NettyRequestSender - Using open Channel [id: 0xac2c65bf, L:/127.0.0.1:55136 - R:localhost/127.0.0.1:61176] for GET '/session/889dc37dd5bdeefb79bc641e4cae6a46/screenshot'
18:13:24.870 [AsyncHttpClient-1-15] DEBUG org.asynchttpclient.netty.handler.HttpHandler - 

Request DefaultFullHttpRequest(decodeResult: success, version: HTTP/1.1, content: EmptyByteBufBE)
GET /session/889dc37dd5bdeefb79bc641e4cae6a46/screenshot HTTP/1.1
User-Agent: selenium/4.1.2 (java windows)
Cache-Control: no-cache
Content-Type: application/json; charset=utf-8
host: localhost:61176
accept: */*

Response DefaultHttpResponse(decodeResult: success, version: HTTP/1.1)
HTTP/1.1 200 OK
Content-Type: application/json; charset=utf-8
cache-control: no-cache
content-length: 34044

18:13:24.870 [AsyncHttpClient-1-15] DEBUG org.asynchttpclient.netty.channel.ChannelManager - Adding key: http://localhost:61176 for channel [id: 0xac2c65bf, L:/127.0.0.1:55136 - R:localhost/127.0.0.1:61176]
18:13:24.872 [main] DEBUG net.serenitybdd.core.photography.Darkroom - Send negative for processing for target\site\serenity\5f7d37c5dde3f372689f53b581f5f468c5ce544279c8a81486e22b6fb96810b0.png
18:13:24.872 [Darkroom Processing Line] DEBUG net.serenitybdd.core.photography.DarkroomProcessingLine - Processing screenshot image in /var/screenshots/screenshot-1202790463985113026
18:13:24.872 [Darkroom Processing Line] DEBUG net.serenitybdd.core.photography.DarkroomProcessingLine - Saving screenshot to target\site\serenity\5f7d37c5dde3f372689f53b581f5f468c5ce544279c8a81486e22b6fb96810b0.png
18:13:24.879 [Forwarding findElement on session 889dc37dd5bdeefb79bc641e4cae6a46 to remote] DEBUG org.asynchttpclient.netty.request.NettyRequestSender - Using pooled Channel '[id: 0xac2c65bf, L:/127.0.0.1:55136 - R:localhost/127.0.0.1:61176]' for 'POST' to 'http://localhost:61176/session/889dc37dd5bdeefb79bc641e4cae6a46/element'
18:13:24.879 [Forwarding findElement on session 889dc37dd5bdeefb79bc641e4cae6a46 to remote] DEBUG org.asynchttpclient.netty.request.NettyRequestSender - Using open Channel [id: 0xac2c65bf, L:/127.0.0.1:55136 - R:localhost/127.0.0.1:61176] for POST '/session/889dc37dd5bdeefb79bc641e4cae6a46/element'
18:13:25.776 [AsyncHttpClient-1-1] DEBUG org.asynchttpclient.netty.channel.DefaultChannelPool - Entry count for : http://localhost:55137 : 1
18:13:26.382 [AsyncHttpClient-1-15] DEBUG org.asynchttpclient.netty.handler.HttpHandler - 

Request DefaultHttpRequest(decodeResult: success, version: HTTP/1.1)
POST /session/889dc37dd5bdeefb79bc641e4cae6a46/element HTTP/1.1
User-Agent: selenium/4.1.2 (java windows)
Content-Length: 140
Content-Type: application/json; charset=utf-8
host: localhost:61176
accept: */*

Response DefaultHttpResponse(decodeResult: success, version: HTTP/1.1)
HTTP/1.1 200 OK
Content-Type: application/json; charset=utf-8
cache-control: no-cache
content-length: 88

18:13:26.382 [AsyncHttpClient-1-15] DEBUG org.asynchttpclient.netty.channel.ChannelManager - Adding key: http://localhost:61176 for channel [id: 0xac2c65bf, L:/127.0.0.1:55136 - R:localhost/127.0.0.1:61176]
18:13:26.385 [Forwarding isElementDisplayed on session 889dc37dd5bdeefb79bc641e4cae6a46 to remote] DEBUG org.asynchttpclient.netty.request.NettyRequestSender - Using pooled Channel '[id: 0xac2c65bf, L:/127.0.0.1:55136 - R:localhost/127.0.0.1:61176]' for 'POST' to 'http://localhost:61176/session/889dc37dd5bdeefb79bc641e4cae6a46/execute/sync'
18:13:26.385 [Forwarding isElementDisplayed on session 889dc37dd5bdeefb79bc641e4cae6a46 to remote] DEBUG org.asynchttpclient.netty.request.NettyRequestSender - Using open Channel [id: 0xac2c65bf, L:/127.0.0.1:55136 - R:localhost/127.0.0.1:61176] for POST '/session/889dc37dd5bdeefb79bc641e4cae6a46/execute/sync'
18:13:26.400 [AsyncHttpClient-1-15] DEBUG org.asynchttpclient.netty.handler.HttpHandler - 

Request DefaultHttpRequest(decodeResult: success, version: HTTP/1.1)
POST /session/889dc37dd5bdeefb79bc641e4cae6a46/execute/sync HTTP/1.1
User-Agent: selenium/4.1.2 (java windows)
Content-Length: 48780
Content-Type: application/json; charset=utf-8
host: localhost:61176
accept: */*

Response DefaultHttpResponse(decodeResult: success, version: HTTP/1.1)
HTTP/1.1 200 OK
Content-Type: application/json; charset=utf-8
cache-control: no-cache
content-length: 14

18:13:26.400 [AsyncHttpClient-1-15] DEBUG org.asynchttpclient.netty.channel.ChannelManager - Adding key: http://localhost:61176 for channel [id: 0xac2c65bf, L:/127.0.0.1:55136 - R:localhost/127.0.0.1:61176]
  &amp#27;[32mThen &amp#27;[0m&amp#27;[32mI will get the result register &amp#27;[0m&amp#27;[32m&amp#27;[1m"failed"&amp#27;[0m &amp#27;[90m# starter.stepdefinitions.RegisterStep.iWillGetTheResultRegister(java.lang.String)&amp#27;[0m
18:13:26.404 [Forwarding screenshot on session 889dc37dd5bdeefb79bc641e4cae6a46 to remote] DEBUG org.asynchttpclient.netty.request.NettyRequestSender - Using pooled Channel '[id: 0xac2c65bf, L:/127.0.0.1:55136 - R:localhost/127.0.0.1:61176]' for 'GET' to 'http://localhost:61176/session/889dc37dd5bdeefb79bc641e4cae6a46/screenshot'
18:13:26.404 [Forwarding screenshot on session 889dc37dd5bdeefb79bc641e4cae6a46 to remote] DEBUG org.asynchttpclient.netty.request.NettyRequestSender - Using open Channel [id: 0xac2c65bf, L:/127.0.0.1:55136 - R:localhost/127.0.0.1:61176] for GET '/session/889dc37dd5bdeefb79bc641e4cae6a46/screenshot'
18:13:26.505 [AsyncHttpClient-1-15] DEBUG org.asynchttpclient.netty.handler.HttpHandler - 

Request DefaultFullHttpRequest(decodeResult: success, version: HTTP/1.1, content: EmptyByteBufBE)
GET /session/889dc37dd5bdeefb79bc641e4cae6a46/screenshot HTTP/1.1
User-Agent: selenium/4.1.2 (java windows)
Cache-Control: no-cache
Content-Type: application/json; charset=utf-8
host: localhost:61176
accept: */*

Response DefaultHttpResponse(decodeResult: success, version: HTTP/1.1)
HTTP/1.1 200 OK
Content-Type: application/json; charset=utf-8
cache-control: no-cache
content-length: 35128

18:13:26.505 [AsyncHttpClient-1-15] DEBUG org.asynchttpclient.netty.channel.ChannelManager - Adding key: http://localhost:61176 for channel [id: 0xac2c65bf, L:/127.0.0.1:55136 - R:localhost/127.0.0.1:61176]
18:13:26.507 [main] DEBUG net.serenitybdd.core.photography.Darkroom - Send negative for processing for target\site\serenity\1452bffcac1be52f45538f232bc3c73bf1f41707503e22b8297f12a97aa85285.png
18:13:26.507 [Darkroom Processing Line] DEBUG net.serenitybdd.core.photography.DarkroomProcessingLine - Processing screenshot image in /var/screenshots/screenshot-6877492939239639702
18:13:26.507 [Darkroom Processing Line] DEBUG net.serenitybdd.core.photography.DarkroomProcessingLine - Saving screenshot to target\site\serenity\1452bffcac1be52f45538f232bc3c73bf1f41707503e22b8297f12a97aa85285.png
18:13:26.513 [AsyncHttpClient-1-17] DEBUG org.asynchttpclient.netty.handler.WebSocketHandler - Channel Closed: [id: 0xeea9842e, L:/127.0.0.1:55144 ! R:localhost/127.0.0.1:55137] with attribute NettyResponseFuture{currentRetry=5,
	isDone=1,
	isCancelled=0,
	asyncHandler=org.asynchttpclient.ws.WebSocketUpgradeHandler@751e535b,
	nettyRequest=org.asynchttpclient.netty.request.NettyRequest@3c6d404e,
	future=java.util.concurrent.CompletableFuture@26b5d98a[Completed normally],
	uri=ws://localhost:55137/devtools/browser/ca69c2b0-c722-4424-9b5d-40f8f7cc95d3,
	keepAlive=true,
	redirectCount=0,
	timeoutsHolder=null,
	inAuth=0,
	touch=1667042003213}
18:13:26.513 [AsyncHttpClient-1-17] DEBUG org.asynchttpclient.netty.channel.ChannelManager - Closing Channel [id: 0xeea9842e, L:/127.0.0.1:55144 ! R:localhost/127.0.0.1:55137] 
18:13:26.513 [Driver Command Executor] DEBUG org.asynchttpclient.netty.request.NettyRequestSender - Using pooled Channel '[id: 0xac2c65bf, L:/127.0.0.1:55136 - R:localhost/127.0.0.1:61176]' for 'DELETE' to 'http://localhost:61176/session/889dc37dd5bdeefb79bc641e4cae6a46'
18:13:26.513 [Driver Command Executor] DEBUG org.asynchttpclient.netty.request.NettyRequestSender - Using open Channel [id: 0xac2c65bf, L:/127.0.0.1:55136 - R:localhost/127.0.0.1:61176] for DELETE '/session/889dc37dd5bdeefb79bc641e4cae6a46'
18:13:26.523 [AsyncHttpClient-1-16] DEBUG org.asynchttpclient.netty.handler.HttpHandler - Unexpected I/O exception on channel [id: 0x0aa4f6c8, L:/127.0.0.1:55143 - R:localhost/127.0.0.1:55137]
java.net.SocketException: Connection reset
	at java.base/sun.nio.ch.SocketChannelImpl.throwConnectionReset(SocketChannelImpl.java:345)
	at java.base/sun.nio.ch.SocketChannelImpl.read(SocketChannelImpl.java:376)
	at io.netty.buffer.PooledByteBuf.setBytes(PooledByteBuf.java:258)
	at io.netty.buffer.AbstractByteBuf.writeBytes(AbstractByteBuf.java:1132)
	at io.netty.channel.socket.nio.NioSocketChannel.doReadBytes(NioSocketChannel.java:350)
	at io.netty.channel.nio.AbstractNioByteChannel$NioByteUnsafe.read(AbstractNioByteChannel.java:151)
	at io.netty.channel.nio.NioEventLoop.processSelectedKey(NioEventLoop.java:722)
	at io.netty.channel.nio.NioEventLoop.processSelectedKeysOptimized(NioEventLoop.java:658)
	at io.netty.channel.nio.NioEventLoop.processSelectedKeys(NioEventLoop.java:584)
	at io.netty.channel.nio.NioEventLoop.run(NioEventLoop.java:496)
	at io.netty.util.concurrent.SingleThreadEventExecutor$4.run(SingleThreadEventExecutor.java:986)
	at io.netty.util.internal.ThreadExecutorMap$2.run(ThreadExecutorMap.java:74)
	at io.netty.util.concurrent.FastThreadLocalRunnable.run(FastThreadLocalRunnable.java:30)
	at java.base/java.lang.Thread.run(Thread.java:830)
18:13:26.523 [AsyncHttpClient-1-16] DEBUG org.asynchttpclient.netty.channel.ChannelManager - Closing Channel [id: 0x0aa4f6c8, L:/127.0.0.1:55143 - R:localhost/127.0.0.1:55137] 
18:13:26.523 [AsyncHttpClient-1-16] DEBUG org.asynchttpclient.netty.handler.HttpHandler - Channel Closed: [id: 0x0aa4f6c8, L:/127.0.0.1:55143 ! R:localhost/127.0.0.1:55137] with attribute DISCARD
18:13:26.549 [AsyncHttpClient-1-15] DEBUG org.asynchttpclient.netty.handler.HttpHandler - 

Request DefaultFullHttpRequest(decodeResult: success, version: HTTP/1.1, content: EmptyByteBufBE)
DELETE /session/889dc37dd5bdeefb79bc641e4cae6a46 HTTP/1.1
User-Agent: selenium/4.1.2 (java windows)
Content-Type: application/json; charset=utf-8
host: localhost:61176
accept: */*

Response DefaultHttpResponse(decodeResult: success, version: HTTP/1.1)
HTTP/1.1 200 OK
Content-Type: application/json; charset=utf-8
cache-control: no-cache
content-length: 14

18:13:26.549 [AsyncHttpClient-1-15] DEBUG org.asynchttpclient.netty.channel.ChannelManager - Adding key: http://localhost:61176 for channel [id: 0xac2c65bf, L:/127.0.0.1:55136 - R:localhost/127.0.0.1:61176]
18:13:26.601 [AsyncHttpClient-1-15] DEBUG org.asynchttpclient.netty.handler.HttpHandler - Channel Closed: [id: 0xac2c65bf, L:/127.0.0.1:55136 ! R:localhost/127.0.0.1:61176] with attribute DISCARD
18:13:26.875 [AsyncHttpClient-1-1] DEBUG org.asynchttpclient.netty.channel.DefaultChannelPool - Entry count for : http://localhost:61176 : 1
18:13:26.875 [AsyncHttpClient-1-1] DEBUG org.asynchttpclient.netty.channel.DefaultChannelPool - Entry count for : http://localhost:55137 : 1
18:13:26.875 [AsyncHttpClient-1-1] DEBUG org.asynchttpclient.netty.channel.DefaultChannelPool - Adding Candidate expired Channel [id: 0xac2c65bf, L:/127.0.0.1:55136 ! R:localhost/127.0.0.1:61176] isIdleTimeoutExpired=false isRemotelyClosed=true isTtlExpired=false
18:13:26.875 [AsyncHttpClient-1-1] DEBUG org.asynchttpclient.netty.channel.DefaultChannelPool - Closing Idle Channel [id: 0xac2c65bf, L:/127.0.0.1:55136 ! R:localhost/127.0.0.1:61176]
18:13:26.875 [AsyncHttpClient-1-1] DEBUG org.asynchttpclient.netty.channel.DefaultChannelPool - Adding Candidate expired Channel [id: 0x0aa4f6c8, L:/127.0.0.1:55143 ! R:localhost/127.0.0.1:55137] isIdleTimeoutExpired=false isRemotelyClosed=true isTtlExpired=false
18:13:26.875 [AsyncHttpClient-1-1] DEBUG org.asynchttpclient.netty.channel.DefaultChannelPool - Closing Idle Channel [id: 0x0aa4f6c8, L:/127.0.0.1:55143 ! R:localhost/127.0.0.1:55137]
18:13:26.875 [AsyncHttpClient-1-1] DEBUG org.asynchttpclient.netty.channel.DefaultChannelPool - Closed 2 connections out of 2 in 0 ms
]]></system-out>
    <system-err><![CDATA[Starting ChromeDriver 105.0.5195.52 (412c95e518836d8a7d97250d62b29c2ae6a26a85-refs/branch-heads/5195@{#853}) on port 61176
Only local connections are allowed.
Please see https://chromedriver.chromium.org/security-considerations for suggestions on keeping ChromeDriver safe.
ChromeDriver was started successfully.
[1667042003.189][WARNING]: This version of ChromeDriver has not been tested with Chrome version 106.
Okt 29, 2022 6:13:23 PM org.openqa.selenium.remote.ProtocolHandshake createSession
INFO: Detected dialect: W3C
Okt 29, 2022 6:13:23 PM org.openqa.selenium.devtools.CdpVersionFinder findNearestMatch
WARNING: Unable to find an exact match for CDP version 106, so returning the closest version found: a no-op implementation
Okt 29, 2022 6:13:23 PM org.openqa.selenium.devtools.CdpVersionFinder findNearestMatch
INFO: Unable to find CDP implementation matching 106.
Okt 29, 2022 6:13:23 PM org.openqa.selenium.chromium.ChromiumDriver lambda$new$3
WARNING: Unable to find version of CDP to use for . You may need to include a dependency on a specific version of the CDP using something similar to `org.seleniumhq.selenium:selenium-devtools-v86:4.1.2` where the version ("v86") matches the version of the chromium-based browser you're using and the version number of the artifact is the same as Selenium's.
]]></system-err>
  </testcase>
  <testcase name="Register account #5" classname="Register" time="5.755">
    <system-out><![CDATA[
Scenario Outline: Register account             &amp#27;[90m# src/test/resources/features/Register.feature:19&amp#27;[0m
18:13:27.135 [main] INFO io.cucumber.core.plugin.SerenityReporter - Running feature from file:///C:/Users/alwi/IdeaProjects/AltaShop/src/test/resources/features/Register.feature
18:13:27.149 [main] INFO net.serenitybdd.core.webdriver.driverproviders.ChromeDriverProvider - Using automatically driver download
18:13:27.253 [main] DEBUG io.github.bonigarcia.wdm.cache.ResolutionCache - Resolution chrome=106 in cache (valid until 18:14:56 29/10/2022 WIB)
18:13:27.257 [main] DEBUG io.github.bonigarcia.wdm.cache.ResolutionCache - Resolution chrome106=106.0.5249.61 in cache (valid until 19:30:28 29/10/2022 WIB)
18:13:27.259 [main] INFO io.github.bonigarcia.wdm.WebDriverManager - Using chromedriver 106.0.5249.61 (resolved driver for Chrome 106)
18:13:27.269 [main] DEBUG io.github.bonigarcia.wdm.WebDriverManager - Driver chromedriver 106.0.5249.61 found in cache
18:13:27.270 [main] INFO io.github.bonigarcia.wdm.WebDriverManager - Exporting webdriver.chrome.driver as C:\Users\alwi\.cache\selenium\chromedriver\win32\106.0.5249.61\chromedriver.exe
18:13:27.395 [main] DEBUG net.serenitybdd.core.webdriver.driverproviders.ProvideNewDriver - Instantiating driver
18:13:27.395 [main] DEBUG net.serenitybdd.core.webdriver.driverproviders.ProvideNewDriver - Driver capabilities: Capabilities {acceptInsecureCerts: false, base.url: https://alta-shop.vercel.app, browserName: chrome, chrome.driver: src/test/resources/webdrive..., driver: chrome, goog:chromeOptions: {args: [], extensions: []}, wait.for.timeout: 6000}
18:13:27.938 [AsyncHttpClient-1-2] DEBUG org.asynchttpclient.netty.channel.NettyConnectListener - Using new Channel '[id: 0x718f7d3a, L:/127.0.0.1:55167 - R:localhost/127.0.0.1:52293]' for 'POST' to '/session'
18:13:28.848 [AsyncHttpClient-1-2] DEBUG org.asynchttpclient.netty.handler.HttpHandler - 

Request DefaultHttpRequest(decodeResult: success, version: HTTP/1.1)
POST /session HTTP/1.1
User-Agent: selenium/4.1.2 (java windows)
Content-Length: 639
Content-Type: application/json; charset=utf-8
host: localhost:52293
accept: */*

Response DefaultHttpResponse(decodeResult: success, version: HTTP/1.1)
HTTP/1.1 200 OK
Content-Type: application/json; charset=utf-8
cache-control: no-cache
content-length: 790

18:13:28.848 [AsyncHttpClient-1-2] DEBUG org.asynchttpclient.netty.channel.ChannelManager - Adding key: http://localhost:52293 for channel [id: 0x718f7d3a, L:/127.0.0.1:55167 - R:localhost/127.0.0.1:52293]
18:13:28.855 [AsyncHttpClient-1-3] DEBUG org.asynchttpclient.netty.channel.NettyConnectListener - Using new Channel '[id: 0x4e59a3cd, L:/127.0.0.1:55174 - R:localhost/127.0.0.1:55168]' for 'GET' to '/json/version'
18:13:28.856 [AsyncHttpClient-1-3] DEBUG org.asynchttpclient.netty.handler.HttpHandler - 

Request DefaultFullHttpRequest(decodeResult: success, version: HTTP/1.1, content: EmptyByteBufBE)
GET /json/version HTTP/1.1
User-Agent: selenium/4.1.2 (java windows)
host: localhost:55168
accept: */*

Response DefaultHttpResponse(decodeResult: success, version: HTTP/1.1)
HTTP/1.1 200 OK
Content-Type: application/json; charset=UTF-8
content-length: 424

18:13:28.856 [AsyncHttpClient-1-3] DEBUG org.asynchttpclient.netty.channel.ChannelManager - Adding key: http://localhost:55168 for channel [id: 0x4e59a3cd, L:/127.0.0.1:55174 - R:localhost/127.0.0.1:55168]
18:13:28.858 [AsyncHttpClient-1-4] DEBUG org.asynchttpclient.netty.channel.NettyConnectListener - Using new Channel '[id: 0x799bae11, L:/127.0.0.1:55175 - R:localhost/127.0.0.1:55168]' for 'GET' to '/devtools/browser/32bd1c4a-6884-48fe-8d45-45e9117048fa'
18:13:28.859 [AsyncHttpClient-1-4] DEBUG org.asynchttpclient.netty.handler.WebSocketHandler - 

Request DefaultFullHttpRequest(decodeResult: success, version: HTTP/1.1, content: EmptyByteBufBE)
GET /devtools/browser/32bd1c4a-6884-48fe-8d45-45e9117048fa HTTP/1.1
upgrade: websocket
connection: upgrade
sec-websocket-key: PvIZUqJTrItlprt40B2WCg==
sec-websocket-version: 13
origin: http://localhost:55168
host: localhost:55168
accept: */*
user-agent: AHC/2.1

Response DefaultHttpResponse(decodeResult: success, version: HTTP/1.1)
HTTP/1.1 101 WebSocket Protocol Handshake
Upgrade: WebSocket
Connection: Upgrade
Sec-WebSocket-Accept: Lv0gIgMhr7JWxD/Yi+AzJqYAXRo=

18:13:28.863 [Forwarding get on session 3b4928dbf0f90917dd6ca3617cf3f6cb to remote] DEBUG org.asynchttpclient.netty.request.NettyRequestSender - Using pooled Channel '[id: 0x718f7d3a, L:/127.0.0.1:55167 - R:localhost/127.0.0.1:52293]' for 'POST' to 'http://localhost:52293/session/3b4928dbf0f90917dd6ca3617cf3f6cb/url'
18:13:28.863 [Forwarding get on session 3b4928dbf0f90917dd6ca3617cf3f6cb to remote] DEBUG org.asynchttpclient.netty.request.NettyRequestSender - Using open Channel [id: 0x718f7d3a, L:/127.0.0.1:55167 - R:localhost/127.0.0.1:52293] for POST '/session/3b4928dbf0f90917dd6ca3617cf3f6cb/url'
18:13:29.081 [AsyncHttpClient-1-1] DEBUG org.asynchttpclient.netty.channel.DefaultChannelPool - Entry count for : http://localhost:55168 : 1
18:13:29.576 [AsyncHttpClient-1-2] DEBUG org.asynchttpclient.netty.handler.HttpHandler - 

Request DefaultHttpRequest(decodeResult: success, version: HTTP/1.1)
POST /session/3b4928dbf0f90917dd6ca3617cf3f6cb/url HTTP/1.1
User-Agent: selenium/4.1.2 (java windows)
Content-Length: 77
Content-Type: application/json; charset=utf-8
host: localhost:52293
accept: */*

Response DefaultHttpResponse(decodeResult: success, version: HTTP/1.1)
HTTP/1.1 200 OK
Content-Type: application/json; charset=utf-8
cache-control: no-cache
content-length: 14

18:13:29.576 [AsyncHttpClient-1-2] DEBUG org.asynchttpclient.netty.channel.ChannelManager - Adding key: http://localhost:52293 for channel [id: 0x718f7d3a, L:/127.0.0.1:55167 - R:localhost/127.0.0.1:52293]
18:13:29.577 [Forwarding setTimeout on session 3b4928dbf0f90917dd6ca3617cf3f6cb to remote] DEBUG org.asynchttpclient.netty.request.NettyRequestSender - Using pooled Channel '[id: 0x718f7d3a, L:/127.0.0.1:55167 - R:localhost/127.0.0.1:52293]' for 'POST' to 'http://localhost:52293/session/3b4928dbf0f90917dd6ca3617cf3f6cb/timeouts'
18:13:29.577 [Forwarding setTimeout on session 3b4928dbf0f90917dd6ca3617cf3f6cb to remote] DEBUG org.asynchttpclient.netty.request.NettyRequestSender - Using open Channel [id: 0x718f7d3a, L:/127.0.0.1:55167 - R:localhost/127.0.0.1:52293] for POST '/session/3b4928dbf0f90917dd6ca3617cf3f6cb/timeouts'
18:13:29.578 [AsyncHttpClient-1-2] DEBUG org.asynchttpclient.netty.handler.HttpHandler - 

Request DefaultHttpRequest(decodeResult: success, version: HTTP/1.1)
POST /session/3b4928dbf0f90917dd6ca3617cf3f6cb/timeouts HTTP/1.1
User-Agent: selenium/4.1.2 (java windows)
Content-Length: 22
Content-Type: application/json; charset=utf-8
host: localhost:52293
accept: */*

Response DefaultHttpResponse(decodeResult: success, version: HTTP/1.1)
HTTP/1.1 200 OK
Content-Type: application/json; charset=utf-8
cache-control: no-cache
content-length: 14

18:13:29.578 [AsyncHttpClient-1-2] DEBUG org.asynchttpclient.netty.channel.ChannelManager - Adding key: http://localhost:52293 for channel [id: 0x718f7d3a, L:/127.0.0.1:55167 - R:localhost/127.0.0.1:52293]
18:13:29.580 [Forwarding getCurrentUrl on session 3b4928dbf0f90917dd6ca3617cf3f6cb to remote] DEBUG org.asynchttpclient.netty.request.NettyRequestSender - Using pooled Channel '[id: 0x718f7d3a, L:/127.0.0.1:55167 - R:localhost/127.0.0.1:52293]' for 'GET' to 'http://localhost:52293/session/3b4928dbf0f90917dd6ca3617cf3f6cb/url'
18:13:29.580 [Forwarding getCurrentUrl on session 3b4928dbf0f90917dd6ca3617cf3f6cb to remote] DEBUG org.asynchttpclient.netty.request.NettyRequestSender - Using open Channel [id: 0x718f7d3a, L:/127.0.0.1:55167 - R:localhost/127.0.0.1:52293] for GET '/session/3b4928dbf0f90917dd6ca3617cf3f6cb/url'
18:13:29.585 [AsyncHttpClient-1-2] DEBUG org.asynchttpclient.netty.handler.HttpHandler - 

Request DefaultFullHttpRequest(decodeResult: success, version: HTTP/1.1, content: EmptyByteBufBE)
GET /session/3b4928dbf0f90917dd6ca3617cf3f6cb/url HTTP/1.1
User-Agent: selenium/4.1.2 (java windows)
Cache-Control: no-cache
Content-Type: application/json; charset=utf-8
host: localhost:52293
accept: */*

Response DefaultHttpResponse(decodeResult: success, version: HTTP/1.1)
HTTP/1.1 200 OK
Content-Type: application/json; charset=utf-8
cache-control: no-cache
content-length: 54

18:13:29.586 [AsyncHttpClient-1-2] DEBUG org.asynchttpclient.netty.channel.ChannelManager - Adding key: http://localhost:52293 for channel [id: 0x718f7d3a, L:/127.0.0.1:55167 - R:localhost/127.0.0.1:52293]
  &amp#27;[32mGiven &amp#27;[0m&amp#27;[32mI am on the register page&amp#27;[0m              &amp#27;[90m# starter.stepdefinitions.RegisterStep.iAmOnTheRegisterPage()&amp#27;[0m
18:13:29.590 [Forwarding screenshot on session 3b4928dbf0f90917dd6ca3617cf3f6cb to remote] DEBUG org.asynchttpclient.netty.request.NettyRequestSender - Using pooled Channel '[id: 0x718f7d3a, L:/127.0.0.1:55167 - R:localhost/127.0.0.1:52293]' for 'GET' to 'http://localhost:52293/session/3b4928dbf0f90917dd6ca3617cf3f6cb/screenshot'
18:13:29.590 [Forwarding screenshot on session 3b4928dbf0f90917dd6ca3617cf3f6cb to remote] DEBUG org.asynchttpclient.netty.request.NettyRequestSender - Using open Channel [id: 0x718f7d3a, L:/127.0.0.1:55167 - R:localhost/127.0.0.1:52293] for GET '/session/3b4928dbf0f90917dd6ca3617cf3f6cb/screenshot'
18:13:29.695 [AsyncHttpClient-1-2] DEBUG org.asynchttpclient.netty.handler.HttpHandler - 

Request DefaultFullHttpRequest(decodeResult: success, version: HTTP/1.1, content: EmptyByteBufBE)
GET /session/3b4928dbf0f90917dd6ca3617cf3f6cb/screenshot HTTP/1.1
User-Agent: selenium/4.1.2 (java windows)
Cache-Control: no-cache
Content-Type: application/json; charset=utf-8
host: localhost:52293
accept: */*

Response DefaultHttpResponse(decodeResult: success, version: HTTP/1.1)
HTTP/1.1 200 OK
Content-Type: application/json; charset=utf-8
cache-control: no-cache
content-length: 29396

18:13:29.695 [AsyncHttpClient-1-2] DEBUG org.asynchttpclient.netty.channel.ChannelManager - Adding key: http://localhost:52293 for channel [id: 0x718f7d3a, L:/127.0.0.1:55167 - R:localhost/127.0.0.1:52293]
18:13:29.697 [main] DEBUG net.serenitybdd.core.photography.Darkroom - Send negative for processing for target\site\serenity\731f2d5e65f52e6f18ed786e82312868c45da0a3a93b12f69eba2a4af226a333.png
18:13:29.703 [Forwarding findElement on session 3b4928dbf0f90917dd6ca3617cf3f6cb to remote] DEBUG org.asynchttpclient.netty.request.NettyRequestSender - Using pooled Channel '[id: 0x718f7d3a, L:/127.0.0.1:55167 - R:localhost/127.0.0.1:52293]' for 'POST' to 'http://localhost:52293/session/3b4928dbf0f90917dd6ca3617cf3f6cb/element'
18:13:29.703 [Forwarding findElement on session 3b4928dbf0f90917dd6ca3617cf3f6cb to remote] DEBUG org.asynchttpclient.netty.request.NettyRequestSender - Using open Channel [id: 0x718f7d3a, L:/127.0.0.1:55167 - R:localhost/127.0.0.1:52293] for POST '/session/3b4928dbf0f90917dd6ca3617cf3f6cb/element'
18:13:29.713 [AsyncHttpClient-1-2] DEBUG org.asynchttpclient.netty.handler.HttpHandler - 

Request DefaultHttpRequest(decodeResult: success, version: HTTP/1.1)
POST /session/3b4928dbf0f90917dd6ca3617cf3f6cb/element HTTP/1.1
User-Agent: selenium/4.1.2 (java windows)
Content-Length: 55
Content-Type: application/json; charset=utf-8
host: localhost:52293
accept: */*

Response DefaultHttpResponse(decodeResult: success, version: HTTP/1.1)
HTTP/1.1 200 OK
Content-Type: application/json; charset=utf-8
cache-control: no-cache
content-length: 88

18:13:29.713 [AsyncHttpClient-1-2] DEBUG org.asynchttpclient.netty.channel.ChannelManager - Adding key: http://localhost:52293 for channel [id: 0x718f7d3a, L:/127.0.0.1:55167 - R:localhost/127.0.0.1:52293]
18:13:29.714 [Forwarding clearElement on session 3b4928dbf0f90917dd6ca3617cf3f6cb to remote] DEBUG org.asynchttpclient.netty.request.NettyRequestSender - Using pooled Channel '[id: 0x718f7d3a, L:/127.0.0.1:55167 - R:localhost/127.0.0.1:52293]' for 'POST' to 'http://localhost:52293/session/3b4928dbf0f90917dd6ca3617cf3f6cb/element/b83a65bf-37bd-43eb-95f9-17d626abe5ab/clear'
18:13:29.714 [Forwarding clearElement on session 3b4928dbf0f90917dd6ca3617cf3f6cb to remote] DEBUG org.asynchttpclient.netty.request.NettyRequestSender - Using open Channel [id: 0x718f7d3a, L:/127.0.0.1:55167 - R:localhost/127.0.0.1:52293] for POST '/session/3b4928dbf0f90917dd6ca3617cf3f6cb/element/b83a65bf-37bd-43eb-95f9-17d626abe5ab/clear'
18:13:29.743 [AsyncHttpClient-1-2] DEBUG org.asynchttpclient.netty.handler.HttpHandler - 

Request DefaultHttpRequest(decodeResult: success, version: HTTP/1.1)
POST /session/3b4928dbf0f90917dd6ca3617cf3f6cb/element/b83a65bf-37bd-43eb-95f9-17d626abe5ab/clear HTTP/1.1
User-Agent: selenium/4.1.2 (java windows)
Content-Length: 50
Content-Type: application/json; charset=utf-8
host: localhost:52293
accept: */*

Response DefaultHttpResponse(decodeResult: success, version: HTTP/1.1)
HTTP/1.1 200 OK
Content-Type: application/json; charset=utf-8
cache-control: no-cache
content-length: 14

18:13:29.743 [AsyncHttpClient-1-2] DEBUG org.asynchttpclient.netty.channel.ChannelManager - Adding key: http://localhost:52293 for channel [id: 0x718f7d3a, L:/127.0.0.1:55167 - R:localhost/127.0.0.1:52293]
18:13:29.744 [Forwarding sendKeysToElement on session 3b4928dbf0f90917dd6ca3617cf3f6cb to remote] DEBUG org.asynchttpclient.netty.request.NettyRequestSender - Using pooled Channel '[id: 0x718f7d3a, L:/127.0.0.1:55167 - R:localhost/127.0.0.1:52293]' for 'POST' to 'http://localhost:52293/session/3b4928dbf0f90917dd6ca3617cf3f6cb/element/b83a65bf-37bd-43eb-95f9-17d626abe5ab/value'
18:13:29.744 [Forwarding sendKeysToElement on session 3b4928dbf0f90917dd6ca3617cf3f6cb to remote] DEBUG org.asynchttpclient.netty.request.NettyRequestSender - Using open Channel [id: 0x718f7d3a, L:/127.0.0.1:55167 - R:localhost/127.0.0.1:52293] for POST '/session/3b4928dbf0f90917dd6ca3617cf3f6cb/element/b83a65bf-37bd-43eb-95f9-17d626abe5ab/value'
18:13:29.780 [AsyncHttpClient-1-2] DEBUG org.asynchttpclient.netty.handler.HttpHandler - 

Request DefaultHttpRequest(decodeResult: success, version: HTTP/1.1)
POST /session/3b4928dbf0f90917dd6ca3617cf3f6cb/element/b83a65bf-37bd-43eb-95f9-17d626abe5ab/value HTTP/1.1
User-Agent: selenium/4.1.2 (java windows)
Content-Length: 82
Content-Type: application/json; charset=utf-8
host: localhost:52293
accept: */*

Response DefaultHttpResponse(decodeResult: success, version: HTTP/1.1)
HTTP/1.1 200 OK
Content-Type: application/json; charset=utf-8
cache-control: no-cache
content-length: 14

18:13:29.780 [AsyncHttpClient-1-2] DEBUG org.asynchttpclient.netty.channel.ChannelManager - Adding key: http://localhost:52293 for channel [id: 0x718f7d3a, L:/127.0.0.1:55167 - R:localhost/127.0.0.1:52293]
  &amp#27;[32mWhen &amp#27;[0m&amp#27;[32mI input fullname register &amp#27;[0m&amp#27;[32m&amp#27;[1m""&amp#27;[0m            &amp#27;[90m# starter.stepdefinitions.RegisterStep.iInputFullnameRegister(java.lang.String)&amp#27;[0m
18:13:29.786 [Forwarding screenshot on session 3b4928dbf0f90917dd6ca3617cf3f6cb to remote] DEBUG org.asynchttpclient.netty.request.NettyRequestSender - Using pooled Channel '[id: 0x718f7d3a, L:/127.0.0.1:55167 - R:localhost/127.0.0.1:52293]' for 'GET' to 'http://localhost:52293/session/3b4928dbf0f90917dd6ca3617cf3f6cb/screenshot'
18:13:29.787 [Forwarding screenshot on session 3b4928dbf0f90917dd6ca3617cf3f6cb to remote] DEBUG org.asynchttpclient.netty.request.NettyRequestSender - Using open Channel [id: 0x718f7d3a, L:/127.0.0.1:55167 - R:localhost/127.0.0.1:52293] for GET '/session/3b4928dbf0f90917dd6ca3617cf3f6cb/screenshot'
18:13:29.921 [AsyncHttpClient-1-2] DEBUG org.asynchttpclient.netty.handler.HttpHandler - 

Request DefaultFullHttpRequest(decodeResult: success, version: HTTP/1.1, content: EmptyByteBufBE)
GET /session/3b4928dbf0f90917dd6ca3617cf3f6cb/screenshot HTTP/1.1
User-Agent: selenium/4.1.2 (java windows)
Cache-Control: no-cache
Content-Type: application/json; charset=utf-8
host: localhost:52293
accept: */*

Response DefaultHttpResponse(decodeResult: success, version: HTTP/1.1)
HTTP/1.1 200 OK
Content-Type: application/json; charset=utf-8
cache-control: no-cache
content-length: 29444

18:13:29.921 [AsyncHttpClient-1-2] DEBUG org.asynchttpclient.netty.channel.ChannelManager - Adding key: http://localhost:52293 for channel [id: 0x718f7d3a, L:/127.0.0.1:55167 - R:localhost/127.0.0.1:52293]
18:13:29.923 [main] DEBUG net.serenitybdd.core.photography.Darkroom - Send negative for processing for target\site\serenity\e5273c2b5705baddd6bf57e7fbb889a8d7f026e073ad21331ad94a4bece0db71.png
18:13:29.923 [Darkroom Processing Line] DEBUG net.serenitybdd.core.photography.DarkroomProcessingLine - Processing screenshot image in /var/screenshots/screenshot-5110964514595885374
18:13:29.923 [Darkroom Processing Line] DEBUG net.serenitybdd.core.photography.DarkroomProcessingLine - Saving screenshot to target\site\serenity\e5273c2b5705baddd6bf57e7fbb889a8d7f026e073ad21331ad94a4bece0db71.png
18:13:29.929 [Forwarding findElement on session 3b4928dbf0f90917dd6ca3617cf3f6cb to remote] DEBUG org.asynchttpclient.netty.request.NettyRequestSender - Using pooled Channel '[id: 0x718f7d3a, L:/127.0.0.1:55167 - R:localhost/127.0.0.1:52293]' for 'POST' to 'http://localhost:52293/session/3b4928dbf0f90917dd6ca3617cf3f6cb/element'
18:13:29.929 [Forwarding findElement on session 3b4928dbf0f90917dd6ca3617cf3f6cb to remote] DEBUG org.asynchttpclient.netty.request.NettyRequestSender - Using open Channel [id: 0x718f7d3a, L:/127.0.0.1:55167 - R:localhost/127.0.0.1:52293] for POST '/session/3b4928dbf0f90917dd6ca3617cf3f6cb/element'
18:13:29.940 [AsyncHttpClient-1-2] DEBUG org.asynchttpclient.netty.handler.HttpHandler - 

Request DefaultHttpRequest(decodeResult: success, version: HTTP/1.1)
POST /session/3b4928dbf0f90917dd6ca3617cf3f6cb/element HTTP/1.1
User-Agent: selenium/4.1.2 (java windows)
Content-Length: 55
Content-Type: application/json; charset=utf-8
host: localhost:52293
accept: */*

Response DefaultHttpResponse(decodeResult: success, version: HTTP/1.1)
HTTP/1.1 200 OK
Content-Type: application/json; charset=utf-8
cache-control: no-cache
content-length: 88

18:13:29.940 [AsyncHttpClient-1-2] DEBUG org.asynchttpclient.netty.channel.ChannelManager - Adding key: http://localhost:52293 for channel [id: 0x718f7d3a, L:/127.0.0.1:55167 - R:localhost/127.0.0.1:52293]
18:13:29.941 [Forwarding clearElement on session 3b4928dbf0f90917dd6ca3617cf3f6cb to remote] DEBUG org.asynchttpclient.netty.request.NettyRequestSender - Using pooled Channel '[id: 0x718f7d3a, L:/127.0.0.1:55167 - R:localhost/127.0.0.1:52293]' for 'POST' to 'http://localhost:52293/session/3b4928dbf0f90917dd6ca3617cf3f6cb/element/68db3629-0fb0-4337-a109-b44b78998b5c/clear'
18:13:29.941 [Forwarding clearElement on session 3b4928dbf0f90917dd6ca3617cf3f6cb to remote] DEBUG org.asynchttpclient.netty.request.NettyRequestSender - Using open Channel [id: 0x718f7d3a, L:/127.0.0.1:55167 - R:localhost/127.0.0.1:52293] for POST '/session/3b4928dbf0f90917dd6ca3617cf3f6cb/element/68db3629-0fb0-4337-a109-b44b78998b5c/clear'
18:13:29.970 [AsyncHttpClient-1-2] DEBUG org.asynchttpclient.netty.handler.HttpHandler - 

Request DefaultHttpRequest(decodeResult: success, version: HTTP/1.1)
POST /session/3b4928dbf0f90917dd6ca3617cf3f6cb/element/68db3629-0fb0-4337-a109-b44b78998b5c/clear HTTP/1.1
User-Agent: selenium/4.1.2 (java windows)
Content-Length: 50
Content-Type: application/json; charset=utf-8
host: localhost:52293
accept: */*

Response DefaultHttpResponse(decodeResult: success, version: HTTP/1.1)
HTTP/1.1 200 OK
Content-Type: application/json; charset=utf-8
cache-control: no-cache
content-length: 14

18:13:29.971 [AsyncHttpClient-1-2] DEBUG org.asynchttpclient.netty.channel.ChannelManager - Adding key: http://localhost:52293 for channel [id: 0x718f7d3a, L:/127.0.0.1:55167 - R:localhost/127.0.0.1:52293]
18:13:29.972 [Forwarding sendKeysToElement on session 3b4928dbf0f90917dd6ca3617cf3f6cb to remote] DEBUG org.asynchttpclient.netty.request.NettyRequestSender - Using pooled Channel '[id: 0x718f7d3a, L:/127.0.0.1:55167 - R:localhost/127.0.0.1:52293]' for 'POST' to 'http://localhost:52293/session/3b4928dbf0f90917dd6ca3617cf3f6cb/element/68db3629-0fb0-4337-a109-b44b78998b5c/value'
18:13:29.972 [Forwarding sendKeysToElement on session 3b4928dbf0f90917dd6ca3617cf3f6cb to remote] DEBUG org.asynchttpclient.netty.request.NettyRequestSender - Using open Channel [id: 0x718f7d3a, L:/127.0.0.1:55167 - R:localhost/127.0.0.1:52293] for POST '/session/3b4928dbf0f90917dd6ca3617cf3f6cb/element/68db3629-0fb0-4337-a109-b44b78998b5c/value'
18:13:30.008 [AsyncHttpClient-1-2] DEBUG org.asynchttpclient.netty.handler.HttpHandler - 

Request DefaultHttpRequest(decodeResult: success, version: HTTP/1.1)
POST /session/3b4928dbf0f90917dd6ca3617cf3f6cb/element/68db3629-0fb0-4337-a109-b44b78998b5c/value HTTP/1.1
User-Agent: selenium/4.1.2 (java windows)
Content-Length: 82
Content-Type: application/json; charset=utf-8
host: localhost:52293
accept: */*

Response DefaultHttpResponse(decodeResult: success, version: HTTP/1.1)
HTTP/1.1 200 OK
Content-Type: application/json; charset=utf-8
cache-control: no-cache
content-length: 14

18:13:30.009 [AsyncHttpClient-1-2] DEBUG org.asynchttpclient.netty.channel.ChannelManager - Adding key: http://localhost:52293 for channel [id: 0x718f7d3a, L:/127.0.0.1:55167 - R:localhost/127.0.0.1:52293]
  &amp#27;[32mAnd &amp#27;[0m&amp#27;[32mI input email register &amp#27;[0m&amp#27;[32m&amp#27;[1m""&amp#27;[0m                &amp#27;[90m# starter.stepdefinitions.RegisterStep.iInputEmailRegister(java.lang.String)&amp#27;[0m
18:13:30.014 [Forwarding screenshot on session 3b4928dbf0f90917dd6ca3617cf3f6cb to remote] DEBUG org.asynchttpclient.netty.request.NettyRequestSender - Using pooled Channel '[id: 0x718f7d3a, L:/127.0.0.1:55167 - R:localhost/127.0.0.1:52293]' for 'GET' to 'http://localhost:52293/session/3b4928dbf0f90917dd6ca3617cf3f6cb/screenshot'
18:13:30.014 [Forwarding screenshot on session 3b4928dbf0f90917dd6ca3617cf3f6cb to remote] DEBUG org.asynchttpclient.netty.request.NettyRequestSender - Using open Channel [id: 0x718f7d3a, L:/127.0.0.1:55167 - R:localhost/127.0.0.1:52293] for GET '/session/3b4928dbf0f90917dd6ca3617cf3f6cb/screenshot'
18:13:30.147 [AsyncHttpClient-1-2] DEBUG org.asynchttpclient.netty.handler.HttpHandler - 

Request DefaultFullHttpRequest(decodeResult: success, version: HTTP/1.1, content: EmptyByteBufBE)
GET /session/3b4928dbf0f90917dd6ca3617cf3f6cb/screenshot HTTP/1.1
User-Agent: selenium/4.1.2 (java windows)
Cache-Control: no-cache
Content-Type: application/json; charset=utf-8
host: localhost:52293
accept: */*

Response DefaultHttpResponse(decodeResult: success, version: HTTP/1.1)
HTTP/1.1 200 OK
Content-Type: application/json; charset=utf-8
cache-control: no-cache
content-length: 30412

18:13:30.147 [AsyncHttpClient-1-2] DEBUG org.asynchttpclient.netty.channel.ChannelManager - Adding key: http://localhost:52293 for channel [id: 0x718f7d3a, L:/127.0.0.1:55167 - R:localhost/127.0.0.1:52293]
18:13:30.149 [main] DEBUG net.serenitybdd.core.photography.Darkroom - Send negative for processing for target\site\serenity\9c38a9fdd5e10c2281a6035aab4d1515a74f7dc41de5f3c465af2f72d0038677.png
18:13:30.149 [Darkroom Processing Line] DEBUG net.serenitybdd.core.photography.DarkroomProcessingLine - Processing screenshot image in /var/screenshots/screenshot-8129942025737434684
18:13:30.149 [Darkroom Processing Line] DEBUG net.serenitybdd.core.photography.DarkroomProcessingLine - Saving screenshot to target\site\serenity\9c38a9fdd5e10c2281a6035aab4d1515a74f7dc41de5f3c465af2f72d0038677.png
18:13:30.156 [Forwarding findElement on session 3b4928dbf0f90917dd6ca3617cf3f6cb to remote] DEBUG org.asynchttpclient.netty.request.NettyRequestSender - Using pooled Channel '[id: 0x718f7d3a, L:/127.0.0.1:55167 - R:localhost/127.0.0.1:52293]' for 'POST' to 'http://localhost:52293/session/3b4928dbf0f90917dd6ca3617cf3f6cb/element'
18:13:30.156 [Forwarding findElement on session 3b4928dbf0f90917dd6ca3617cf3f6cb to remote] DEBUG org.asynchttpclient.netty.request.NettyRequestSender - Using open Channel [id: 0x718f7d3a, L:/127.0.0.1:55167 - R:localhost/127.0.0.1:52293] for POST '/session/3b4928dbf0f90917dd6ca3617cf3f6cb/element'
18:13:30.166 [AsyncHttpClient-1-2] DEBUG org.asynchttpclient.netty.handler.HttpHandler - 

Request DefaultHttpRequest(decodeResult: success, version: HTTP/1.1)
POST /session/3b4928dbf0f90917dd6ca3617cf3f6cb/element HTTP/1.1
User-Agent: selenium/4.1.2 (java windows)
Content-Length: 55
Content-Type: application/json; charset=utf-8
host: localhost:52293
accept: */*

Response DefaultHttpResponse(decodeResult: success, version: HTTP/1.1)
HTTP/1.1 200 OK
Content-Type: application/json; charset=utf-8
cache-control: no-cache
content-length: 88

18:13:30.166 [AsyncHttpClient-1-2] DEBUG org.asynchttpclient.netty.channel.ChannelManager - Adding key: http://localhost:52293 for channel [id: 0x718f7d3a, L:/127.0.0.1:55167 - R:localhost/127.0.0.1:52293]
18:13:30.167 [Forwarding clearElement on session 3b4928dbf0f90917dd6ca3617cf3f6cb to remote] DEBUG org.asynchttpclient.netty.request.NettyRequestSender - Using pooled Channel '[id: 0x718f7d3a, L:/127.0.0.1:55167 - R:localhost/127.0.0.1:52293]' for 'POST' to 'http://localhost:52293/session/3b4928dbf0f90917dd6ca3617cf3f6cb/element/68d45189-5bd5-44e9-89be-a30ed1e97640/clear'
18:13:30.167 [Forwarding clearElement on session 3b4928dbf0f90917dd6ca3617cf3f6cb to remote] DEBUG org.asynchttpclient.netty.request.NettyRequestSender - Using open Channel [id: 0x718f7d3a, L:/127.0.0.1:55167 - R:localhost/127.0.0.1:52293] for POST '/session/3b4928dbf0f90917dd6ca3617cf3f6cb/element/68d45189-5bd5-44e9-89be-a30ed1e97640/clear'
18:13:30.175 [AsyncHttpClient-1-1] DEBUG org.asynchttpclient.netty.channel.DefaultChannelPool - Entry count for : http://localhost:55168 : 1
18:13:30.198 [AsyncHttpClient-1-2] DEBUG org.asynchttpclient.netty.handler.HttpHandler - 

Request DefaultHttpRequest(decodeResult: success, version: HTTP/1.1)
POST /session/3b4928dbf0f90917dd6ca3617cf3f6cb/element/68d45189-5bd5-44e9-89be-a30ed1e97640/clear HTTP/1.1
User-Agent: selenium/4.1.2 (java windows)
Content-Length: 50
Content-Type: application/json; charset=utf-8
host: localhost:52293
accept: */*

Response DefaultHttpResponse(decodeResult: success, version: HTTP/1.1)
HTTP/1.1 200 OK
Content-Type: application/json; charset=utf-8
cache-control: no-cache
content-length: 14

18:13:30.198 [AsyncHttpClient-1-2] DEBUG org.asynchttpclient.netty.channel.ChannelManager - Adding key: http://localhost:52293 for channel [id: 0x718f7d3a, L:/127.0.0.1:55167 - R:localhost/127.0.0.1:52293]
18:13:30.200 [Forwarding sendKeysToElement on session 3b4928dbf0f90917dd6ca3617cf3f6cb to remote] DEBUG org.asynchttpclient.netty.request.NettyRequestSender - Using pooled Channel '[id: 0x718f7d3a, L:/127.0.0.1:55167 - R:localhost/127.0.0.1:52293]' for 'POST' to 'http://localhost:52293/session/3b4928dbf0f90917dd6ca3617cf3f6cb/element/68d45189-5bd5-44e9-89be-a30ed1e97640/value'
18:13:30.200 [Forwarding sendKeysToElement on session 3b4928dbf0f90917dd6ca3617cf3f6cb to remote] DEBUG org.asynchttpclient.netty.request.NettyRequestSender - Using open Channel [id: 0x718f7d3a, L:/127.0.0.1:55167 - R:localhost/127.0.0.1:52293] for POST '/session/3b4928dbf0f90917dd6ca3617cf3f6cb/element/68d45189-5bd5-44e9-89be-a30ed1e97640/value'
18:13:30.238 [AsyncHttpClient-1-2] DEBUG org.asynchttpclient.netty.handler.HttpHandler - 

Request DefaultHttpRequest(decodeResult: success, version: HTTP/1.1)
POST /session/3b4928dbf0f90917dd6ca3617cf3f6cb/element/68d45189-5bd5-44e9-89be-a30ed1e97640/value HTTP/1.1
User-Agent: selenium/4.1.2 (java windows)
Content-Length: 82
Content-Type: application/json; charset=utf-8
host: localhost:52293
accept: */*

Response DefaultHttpResponse(decodeResult: success, version: HTTP/1.1)
HTTP/1.1 200 OK
Content-Type: application/json; charset=utf-8
cache-control: no-cache
content-length: 14

18:13:30.238 [AsyncHttpClient-1-2] DEBUG org.asynchttpclient.netty.channel.ChannelManager - Adding key: http://localhost:52293 for channel [id: 0x718f7d3a, L:/127.0.0.1:55167 - R:localhost/127.0.0.1:52293]
  &amp#27;[32mAnd &amp#27;[0m&amp#27;[32mI input password register &amp#27;[0m&amp#27;[32m&amp#27;[1m""&amp#27;[0m             &amp#27;[90m# starter.stepdefinitions.RegisterStep.iInputPasswordRegister(java.lang.String)&amp#27;[0m
18:13:30.242 [Forwarding screenshot on session 3b4928dbf0f90917dd6ca3617cf3f6cb to remote] DEBUG org.asynchttpclient.netty.request.NettyRequestSender - Using pooled Channel '[id: 0x718f7d3a, L:/127.0.0.1:55167 - R:localhost/127.0.0.1:52293]' for 'GET' to 'http://localhost:52293/session/3b4928dbf0f90917dd6ca3617cf3f6cb/screenshot'
18:13:30.242 [Forwarding screenshot on session 3b4928dbf0f90917dd6ca3617cf3f6cb to remote] DEBUG org.asynchttpclient.netty.request.NettyRequestSender - Using open Channel [id: 0x718f7d3a, L:/127.0.0.1:55167 - R:localhost/127.0.0.1:52293] for GET '/session/3b4928dbf0f90917dd6ca3617cf3f6cb/screenshot'
18:13:30.369 [AsyncHttpClient-1-2] DEBUG org.asynchttpclient.netty.handler.HttpHandler - 

Request DefaultFullHttpRequest(decodeResult: success, version: HTTP/1.1, content: EmptyByteBufBE)
GET /session/3b4928dbf0f90917dd6ca3617cf3f6cb/screenshot HTTP/1.1
User-Agent: selenium/4.1.2 (java windows)
Cache-Control: no-cache
Content-Type: application/json; charset=utf-8
host: localhost:52293
accept: */*

Response DefaultHttpResponse(decodeResult: success, version: HTTP/1.1)
HTTP/1.1 200 OK
Content-Type: application/json; charset=utf-8
cache-control: no-cache
content-length: 29796

18:13:30.370 [AsyncHttpClient-1-2] DEBUG org.asynchttpclient.netty.channel.ChannelManager - Adding key: http://localhost:52293 for channel [id: 0x718f7d3a, L:/127.0.0.1:55167 - R:localhost/127.0.0.1:52293]
18:13:30.371 [main] DEBUG net.serenitybdd.core.photography.Darkroom - Send negative for processing for target\site\serenity\535286b029fcee157156f8a3f953bd4263f36cfa4ab904daa0f259b29e639e8c.png
18:13:30.371 [Darkroom Processing Line] DEBUG net.serenitybdd.core.photography.DarkroomProcessingLine - Processing screenshot image in /var/screenshots/screenshot-13692239604324544617
18:13:30.371 [Darkroom Processing Line] DEBUG net.serenitybdd.core.photography.DarkroomProcessingLine - Saving screenshot to target\site\serenity\535286b029fcee157156f8a3f953bd4263f36cfa4ab904daa0f259b29e639e8c.png
18:13:30.376 [Forwarding findElement on session 3b4928dbf0f90917dd6ca3617cf3f6cb to remote] DEBUG org.asynchttpclient.netty.request.NettyRequestSender - Using pooled Channel '[id: 0x718f7d3a, L:/127.0.0.1:55167 - R:localhost/127.0.0.1:52293]' for 'POST' to 'http://localhost:52293/session/3b4928dbf0f90917dd6ca3617cf3f6cb/element'
18:13:30.376 [Forwarding findElement on session 3b4928dbf0f90917dd6ca3617cf3f6cb to remote] DEBUG org.asynchttpclient.netty.request.NettyRequestSender - Using open Channel [id: 0x718f7d3a, L:/127.0.0.1:55167 - R:localhost/127.0.0.1:52293] for POST '/session/3b4928dbf0f90917dd6ca3617cf3f6cb/element'
18:13:30.389 [AsyncHttpClient-1-2] DEBUG org.asynchttpclient.netty.handler.HttpHandler - 

Request DefaultHttpRequest(decodeResult: success, version: HTTP/1.1)
POST /session/3b4928dbf0f90917dd6ca3617cf3f6cb/element HTTP/1.1
User-Agent: selenium/4.1.2 (java windows)
Content-Length: 142
Content-Type: application/json; charset=utf-8
host: localhost:52293
accept: */*

Response DefaultHttpResponse(decodeResult: success, version: HTTP/1.1)
HTTP/1.1 200 OK
Content-Type: application/json; charset=utf-8
cache-control: no-cache
content-length: 88

18:13:30.389 [AsyncHttpClient-1-2] DEBUG org.asynchttpclient.netty.channel.ChannelManager - Adding key: http://localhost:52293 for channel [id: 0x718f7d3a, L:/127.0.0.1:55167 - R:localhost/127.0.0.1:52293]
18:13:30.390 [Forwarding getElementTagName on session 3b4928dbf0f90917dd6ca3617cf3f6cb to remote] DEBUG org.asynchttpclient.netty.request.NettyRequestSender - Using pooled Channel '[id: 0x718f7d3a, L:/127.0.0.1:55167 - R:localhost/127.0.0.1:52293]' for 'GET' to 'http://localhost:52293/session/3b4928dbf0f90917dd6ca3617cf3f6cb/element/d4eefdd6-fb51-4aba-8c47-d9cbeb4012d2/name'
18:13:30.390 [Forwarding getElementTagName on session 3b4928dbf0f90917dd6ca3617cf3f6cb to remote] DEBUG org.asynchttpclient.netty.request.NettyRequestSender - Using open Channel [id: 0x718f7d3a, L:/127.0.0.1:55167 - R:localhost/127.0.0.1:52293] for GET '/session/3b4928dbf0f90917dd6ca3617cf3f6cb/element/d4eefdd6-fb51-4aba-8c47-d9cbeb4012d2/name'
18:13:30.394 [AsyncHttpClient-1-2] DEBUG org.asynchttpclient.netty.handler.HttpHandler - 

Request DefaultFullHttpRequest(decodeResult: success, version: HTTP/1.1, content: EmptyByteBufBE)
GET /session/3b4928dbf0f90917dd6ca3617cf3f6cb/element/d4eefdd6-fb51-4aba-8c47-d9cbeb4012d2/name HTTP/1.1
User-Agent: selenium/4.1.2 (java windows)
Cache-Control: no-cache
Content-Type: application/json; charset=utf-8
host: localhost:52293
accept: */*

Response DefaultHttpResponse(decodeResult: success, version: HTTP/1.1)
HTTP/1.1 200 OK
Content-Type: application/json; charset=utf-8
cache-control: no-cache
content-length: 18

18:13:30.394 [AsyncHttpClient-1-2] DEBUG org.asynchttpclient.netty.channel.ChannelManager - Adding key: http://localhost:52293 for channel [id: 0x718f7d3a, L:/127.0.0.1:55167 - R:localhost/127.0.0.1:52293]
18:13:30.394 [Forwarding getElementTagName on session 3b4928dbf0f90917dd6ca3617cf3f6cb to remote] DEBUG org.asynchttpclient.netty.request.NettyRequestSender - Using pooled Channel '[id: 0x718f7d3a, L:/127.0.0.1:55167 - R:localhost/127.0.0.1:52293]' for 'GET' to 'http://localhost:52293/session/3b4928dbf0f90917dd6ca3617cf3f6cb/element/d4eefdd6-fb51-4aba-8c47-d9cbeb4012d2/name'
18:13:30.394 [Forwarding getElementTagName on session 3b4928dbf0f90917dd6ca3617cf3f6cb to remote] DEBUG org.asynchttpclient.netty.request.NettyRequestSender - Using open Channel [id: 0x718f7d3a, L:/127.0.0.1:55167 - R:localhost/127.0.0.1:52293] for GET '/session/3b4928dbf0f90917dd6ca3617cf3f6cb/element/d4eefdd6-fb51-4aba-8c47-d9cbeb4012d2/name'
18:13:30.397 [AsyncHttpClient-1-2] DEBUG org.asynchttpclient.netty.handler.HttpHandler - 

Request DefaultFullHttpRequest(decodeResult: success, version: HTTP/1.1, content: EmptyByteBufBE)
GET /session/3b4928dbf0f90917dd6ca3617cf3f6cb/element/d4eefdd6-fb51-4aba-8c47-d9cbeb4012d2/name HTTP/1.1
User-Agent: selenium/4.1.2 (java windows)
Cache-Control: no-cache
Content-Type: application/json; charset=utf-8
host: localhost:52293
accept: */*

Response DefaultHttpResponse(decodeResult: success, version: HTTP/1.1)
HTTP/1.1 200 OK
Content-Type: application/json; charset=utf-8
cache-control: no-cache
content-length: 18

18:13:30.397 [AsyncHttpClient-1-2] DEBUG org.asynchttpclient.netty.channel.ChannelManager - Adding key: http://localhost:52293 for channel [id: 0x718f7d3a, L:/127.0.0.1:55167 - R:localhost/127.0.0.1:52293]
18:13:30.398 [Forwarding isElementEnabled on session 3b4928dbf0f90917dd6ca3617cf3f6cb to remote] DEBUG org.asynchttpclient.netty.request.NettyRequestSender - Using pooled Channel '[id: 0x718f7d3a, L:/127.0.0.1:55167 - R:localhost/127.0.0.1:52293]' for 'GET' to 'http://localhost:52293/session/3b4928dbf0f90917dd6ca3617cf3f6cb/element/d4eefdd6-fb51-4aba-8c47-d9cbeb4012d2/enabled'
18:13:30.398 [Forwarding isElementEnabled on session 3b4928dbf0f90917dd6ca3617cf3f6cb to remote] DEBUG org.asynchttpclient.netty.request.NettyRequestSender - Using open Channel [id: 0x718f7d3a, L:/127.0.0.1:55167 - R:localhost/127.0.0.1:52293] for GET '/session/3b4928dbf0f90917dd6ca3617cf3f6cb/element/d4eefdd6-fb51-4aba-8c47-d9cbeb4012d2/enabled'
18:13:30.405 [AsyncHttpClient-1-2] DEBUG org.asynchttpclient.netty.handler.HttpHandler - 

Request DefaultFullHttpRequest(decodeResult: success, version: HTTP/1.1, content: EmptyByteBufBE)
GET /session/3b4928dbf0f90917dd6ca3617cf3f6cb/element/d4eefdd6-fb51-4aba-8c47-d9cbeb4012d2/enabled HTTP/1.1
User-Agent: selenium/4.1.2 (java windows)
Cache-Control: no-cache
Content-Type: application/json; charset=utf-8
host: localhost:52293
accept: */*

Response DefaultHttpResponse(decodeResult: success, version: HTTP/1.1)
HTTP/1.1 200 OK
Content-Type: application/json; charset=utf-8
cache-control: no-cache
content-length: 14

18:13:30.405 [AsyncHttpClient-1-2] DEBUG org.asynchttpclient.netty.channel.ChannelManager - Adding key: http://localhost:52293 for channel [id: 0x718f7d3a, L:/127.0.0.1:55167 - R:localhost/127.0.0.1:52293]
18:13:30.406 [Forwarding isElementEnabled on session 3b4928dbf0f90917dd6ca3617cf3f6cb to remote] DEBUG org.asynchttpclient.netty.request.NettyRequestSender - Using pooled Channel '[id: 0x718f7d3a, L:/127.0.0.1:55167 - R:localhost/127.0.0.1:52293]' for 'GET' to 'http://localhost:52293/session/3b4928dbf0f90917dd6ca3617cf3f6cb/element/d4eefdd6-fb51-4aba-8c47-d9cbeb4012d2/enabled'
18:13:30.406 [Forwarding isElementEnabled on session 3b4928dbf0f90917dd6ca3617cf3f6cb to remote] DEBUG org.asynchttpclient.netty.request.NettyRequestSender - Using open Channel [id: 0x718f7d3a, L:/127.0.0.1:55167 - R:localhost/127.0.0.1:52293] for GET '/session/3b4928dbf0f90917dd6ca3617cf3f6cb/element/d4eefdd6-fb51-4aba-8c47-d9cbeb4012d2/enabled'
18:13:30.411 [AsyncHttpClient-1-2] DEBUG org.asynchttpclient.netty.handler.HttpHandler - 

Request DefaultFullHttpRequest(decodeResult: success, version: HTTP/1.1, content: EmptyByteBufBE)
GET /session/3b4928dbf0f90917dd6ca3617cf3f6cb/element/d4eefdd6-fb51-4aba-8c47-d9cbeb4012d2/enabled HTTP/1.1
User-Agent: selenium/4.1.2 (java windows)
Cache-Control: no-cache
Content-Type: application/json; charset=utf-8
host: localhost:52293
accept: */*

Response DefaultHttpResponse(decodeResult: success, version: HTTP/1.1)
HTTP/1.1 200 OK
Content-Type: application/json; charset=utf-8
cache-control: no-cache
content-length: 14

18:13:30.411 [AsyncHttpClient-1-2] DEBUG org.asynchttpclient.netty.channel.ChannelManager - Adding key: http://localhost:52293 for channel [id: 0x718f7d3a, L:/127.0.0.1:55167 - R:localhost/127.0.0.1:52293]
18:13:30.412 [Forwarding findElement on session 3b4928dbf0f90917dd6ca3617cf3f6cb to remote] DEBUG org.asynchttpclient.netty.request.NettyRequestSender - Using pooled Channel '[id: 0x718f7d3a, L:/127.0.0.1:55167 - R:localhost/127.0.0.1:52293]' for 'POST' to 'http://localhost:52293/session/3b4928dbf0f90917dd6ca3617cf3f6cb/element'
18:13:30.412 [Forwarding findElement on session 3b4928dbf0f90917dd6ca3617cf3f6cb to remote] DEBUG org.asynchttpclient.netty.request.NettyRequestSender - Using open Channel [id: 0x718f7d3a, L:/127.0.0.1:55167 - R:localhost/127.0.0.1:52293] for POST '/session/3b4928dbf0f90917dd6ca3617cf3f6cb/element'
18:13:30.420 [AsyncHttpClient-1-2] DEBUG org.asynchttpclient.netty.handler.HttpHandler - 

Request DefaultHttpRequest(decodeResult: success, version: HTTP/1.1)
POST /session/3b4928dbf0f90917dd6ca3617cf3f6cb/element HTTP/1.1
User-Agent: selenium/4.1.2 (java windows)
Content-Length: 142
Content-Type: application/json; charset=utf-8
host: localhost:52293
accept: */*

Response DefaultHttpResponse(decodeResult: success, version: HTTP/1.1)
HTTP/1.1 200 OK
Content-Type: application/json; charset=utf-8
cache-control: no-cache
content-length: 88

18:13:30.420 [AsyncHttpClient-1-2] DEBUG org.asynchttpclient.netty.channel.ChannelManager - Adding key: http://localhost:52293 for channel [id: 0x718f7d3a, L:/127.0.0.1:55167 - R:localhost/127.0.0.1:52293]
18:13:30.421 [Forwarding clickElement on session 3b4928dbf0f90917dd6ca3617cf3f6cb to remote] DEBUG org.asynchttpclient.netty.request.NettyRequestSender - Using pooled Channel '[id: 0x718f7d3a, L:/127.0.0.1:55167 - R:localhost/127.0.0.1:52293]' for 'POST' to 'http://localhost:52293/session/3b4928dbf0f90917dd6ca3617cf3f6cb/element/d4eefdd6-fb51-4aba-8c47-d9cbeb4012d2/click'
18:13:30.421 [Forwarding clickElement on session 3b4928dbf0f90917dd6ca3617cf3f6cb to remote] DEBUG org.asynchttpclient.netty.request.NettyRequestSender - Using open Channel [id: 0x718f7d3a, L:/127.0.0.1:55167 - R:localhost/127.0.0.1:52293] for POST '/session/3b4928dbf0f90917dd6ca3617cf3f6cb/element/d4eefdd6-fb51-4aba-8c47-d9cbeb4012d2/click'
18:13:30.462 [AsyncHttpClient-1-2] DEBUG org.asynchttpclient.netty.handler.HttpHandler - 

Request DefaultHttpRequest(decodeResult: success, version: HTTP/1.1)
POST /session/3b4928dbf0f90917dd6ca3617cf3f6cb/element/d4eefdd6-fb51-4aba-8c47-d9cbeb4012d2/click HTTP/1.1
User-Agent: selenium/4.1.2 (java windows)
Content-Length: 50
Content-Type: application/json; charset=utf-8
host: localhost:52293
accept: */*

Response DefaultHttpResponse(decodeResult: success, version: HTTP/1.1)
HTTP/1.1 200 OK
Content-Type: application/json; charset=utf-8
cache-control: no-cache
content-length: 14

18:13:30.462 [AsyncHttpClient-1-2] DEBUG org.asynchttpclient.netty.channel.ChannelManager - Adding key: http://localhost:52293 for channel [id: 0x718f7d3a, L:/127.0.0.1:55167 - R:localhost/127.0.0.1:52293]
  &amp#27;[32mAnd &amp#27;[0m&amp#27;[32mI click submit register button&amp#27;[0m           &amp#27;[90m# starter.stepdefinitions.RegisterStep.iClickSubmitRegisterButton()&amp#27;[0m
18:13:30.466 [Forwarding screenshot on session 3b4928dbf0f90917dd6ca3617cf3f6cb to remote] DEBUG org.asynchttpclient.netty.request.NettyRequestSender - Using pooled Channel '[id: 0x718f7d3a, L:/127.0.0.1:55167 - R:localhost/127.0.0.1:52293]' for 'GET' to 'http://localhost:52293/session/3b4928dbf0f90917dd6ca3617cf3f6cb/screenshot'
18:13:30.466 [Forwarding screenshot on session 3b4928dbf0f90917dd6ca3617cf3f6cb to remote] DEBUG org.asynchttpclient.netty.request.NettyRequestSender - Using open Channel [id: 0x718f7d3a, L:/127.0.0.1:55167 - R:localhost/127.0.0.1:52293] for GET '/session/3b4928dbf0f90917dd6ca3617cf3f6cb/screenshot'
18:13:30.640 [AsyncHttpClient-1-2] DEBUG org.asynchttpclient.netty.handler.HttpHandler - 

Request DefaultFullHttpRequest(decodeResult: success, version: HTTP/1.1, content: EmptyByteBufBE)
GET /session/3b4928dbf0f90917dd6ca3617cf3f6cb/screenshot HTTP/1.1
User-Agent: selenium/4.1.2 (java windows)
Cache-Control: no-cache
Content-Type: application/json; charset=utf-8
host: localhost:52293
accept: */*

Response DefaultHttpResponse(decodeResult: success, version: HTTP/1.1)
HTTP/1.1 200 OK
Content-Type: application/json; charset=utf-8
cache-control: no-cache
content-length: 29720

18:13:30.640 [AsyncHttpClient-1-2] DEBUG org.asynchttpclient.netty.channel.ChannelManager - Adding key: http://localhost:52293 for channel [id: 0x718f7d3a, L:/127.0.0.1:55167 - R:localhost/127.0.0.1:52293]
18:13:30.642 [main] DEBUG net.serenitybdd.core.photography.Darkroom - Send negative for processing for target\site\serenity\637ffd149c8e77d044c8995548f858e1443ece75c5ccd5de35a9bd7bb42f7a9e.png
18:13:30.642 [Darkroom Processing Line] DEBUG net.serenitybdd.core.photography.DarkroomProcessingLine - Processing screenshot image in /var/screenshots/screenshot-8434490000694609645
18:13:30.642 [Darkroom Processing Line] DEBUG net.serenitybdd.core.photography.DarkroomProcessingLine - Saving screenshot to target\site\serenity\637ffd149c8e77d044c8995548f858e1443ece75c5ccd5de35a9bd7bb42f7a9e.png
18:13:30.647 [Forwarding findElement on session 3b4928dbf0f90917dd6ca3617cf3f6cb to remote] DEBUG org.asynchttpclient.netty.request.NettyRequestSender - Using pooled Channel '[id: 0x718f7d3a, L:/127.0.0.1:55167 - R:localhost/127.0.0.1:52293]' for 'POST' to 'http://localhost:52293/session/3b4928dbf0f90917dd6ca3617cf3f6cb/element'
18:13:30.647 [Forwarding findElement on session 3b4928dbf0f90917dd6ca3617cf3f6cb to remote] DEBUG org.asynchttpclient.netty.request.NettyRequestSender - Using open Channel [id: 0x718f7d3a, L:/127.0.0.1:55167 - R:localhost/127.0.0.1:52293] for POST '/session/3b4928dbf0f90917dd6ca3617cf3f6cb/element'
18:13:31.275 [AsyncHttpClient-1-1] DEBUG org.asynchttpclient.netty.channel.DefaultChannelPool - Entry count for : http://localhost:55168 : 1
18:13:32.041 [AsyncHttpClient-1-2] DEBUG org.asynchttpclient.netty.handler.HttpHandler - 

Request DefaultHttpRequest(decodeResult: success, version: HTTP/1.1)
POST /session/3b4928dbf0f90917dd6ca3617cf3f6cb/element HTTP/1.1
User-Agent: selenium/4.1.2 (java windows)
Content-Length: 140
Content-Type: application/json; charset=utf-8
host: localhost:52293
accept: */*

Response DefaultHttpResponse(decodeResult: success, version: HTTP/1.1)
HTTP/1.1 200 OK
Content-Type: application/json; charset=utf-8
cache-control: no-cache
content-length: 88

18:13:32.041 [AsyncHttpClient-1-2] DEBUG org.asynchttpclient.netty.channel.ChannelManager - Adding key: http://localhost:52293 for channel [id: 0x718f7d3a, L:/127.0.0.1:55167 - R:localhost/127.0.0.1:52293]
18:13:32.045 [Forwarding isElementDisplayed on session 3b4928dbf0f90917dd6ca3617cf3f6cb to remote] DEBUG org.asynchttpclient.netty.request.NettyRequestSender - Using pooled Channel '[id: 0x718f7d3a, L:/127.0.0.1:55167 - R:localhost/127.0.0.1:52293]' for 'POST' to 'http://localhost:52293/session/3b4928dbf0f90917dd6ca3617cf3f6cb/execute/sync'
18:13:32.045 [Forwarding isElementDisplayed on session 3b4928dbf0f90917dd6ca3617cf3f6cb to remote] DEBUG org.asynchttpclient.netty.request.NettyRequestSender - Using open Channel [id: 0x718f7d3a, L:/127.0.0.1:55167 - R:localhost/127.0.0.1:52293] for POST '/session/3b4928dbf0f90917dd6ca3617cf3f6cb/execute/sync'
18:13:32.073 [AsyncHttpClient-1-2] DEBUG org.asynchttpclient.netty.handler.HttpHandler - 

Request DefaultHttpRequest(decodeResult: success, version: HTTP/1.1)
POST /session/3b4928dbf0f90917dd6ca3617cf3f6cb/execute/sync HTTP/1.1
User-Agent: selenium/4.1.2 (java windows)
Content-Length: 48780
Content-Type: application/json; charset=utf-8
host: localhost:52293
accept: */*

Response DefaultHttpResponse(decodeResult: success, version: HTTP/1.1)
HTTP/1.1 200 OK
Content-Type: application/json; charset=utf-8
cache-control: no-cache
content-length: 14

18:13:32.073 [AsyncHttpClient-1-2] DEBUG org.asynchttpclient.netty.channel.ChannelManager - Adding key: http://localhost:52293 for channel [id: 0x718f7d3a, L:/127.0.0.1:55167 - R:localhost/127.0.0.1:52293]
  &amp#27;[32mThen &amp#27;[0m&amp#27;[32mI will get the result register &amp#27;[0m&amp#27;[32m&amp#27;[1m"failed"&amp#27;[0m &amp#27;[90m# starter.stepdefinitions.RegisterStep.iWillGetTheResultRegister(java.lang.String)&amp#27;[0m
18:13:32.080 [Forwarding screenshot on session 3b4928dbf0f90917dd6ca3617cf3f6cb to remote] DEBUG org.asynchttpclient.netty.request.NettyRequestSender - Using pooled Channel '[id: 0x718f7d3a, L:/127.0.0.1:55167 - R:localhost/127.0.0.1:52293]' for 'GET' to 'http://localhost:52293/session/3b4928dbf0f90917dd6ca3617cf3f6cb/screenshot'
18:13:32.080 [Forwarding screenshot on session 3b4928dbf0f90917dd6ca3617cf3f6cb to remote] DEBUG org.asynchttpclient.netty.request.NettyRequestSender - Using open Channel [id: 0x718f7d3a, L:/127.0.0.1:55167 - R:localhost/127.0.0.1:52293] for GET '/session/3b4928dbf0f90917dd6ca3617cf3f6cb/screenshot'
18:13:32.227 [AsyncHttpClient-1-2] DEBUG org.asynchttpclient.netty.handler.HttpHandler - 

Request DefaultFullHttpRequest(decodeResult: success, version: HTTP/1.1, content: EmptyByteBufBE)
GET /session/3b4928dbf0f90917dd6ca3617cf3f6cb/screenshot HTTP/1.1
User-Agent: selenium/4.1.2 (java windows)
Cache-Control: no-cache
Content-Type: application/json; charset=utf-8
host: localhost:52293
accept: */*

Response DefaultHttpResponse(decodeResult: success, version: HTTP/1.1)
HTTP/1.1 200 OK
Content-Type: application/json; charset=utf-8
cache-control: no-cache
content-length: 31164

18:13:32.227 [AsyncHttpClient-1-2] DEBUG org.asynchttpclient.netty.channel.ChannelManager - Adding key: http://localhost:52293 for channel [id: 0x718f7d3a, L:/127.0.0.1:55167 - R:localhost/127.0.0.1:52293]
18:13:32.230 [main] DEBUG net.serenitybdd.core.photography.Darkroom - Send negative for processing for target\site\serenity\36440dcac262f175286aafe2a35ce01a951fa56c08af3abefa24b1d44e237c04.png
18:13:32.231 [Darkroom Processing Line] DEBUG net.serenitybdd.core.photography.DarkroomProcessingLine - Processing screenshot image in /var/screenshots/screenshot-18309946238759908488
18:13:32.231 [Darkroom Processing Line] DEBUG net.serenitybdd.core.photography.DarkroomProcessingLine - Saving screenshot to target\site\serenity\36440dcac262f175286aafe2a35ce01a951fa56c08af3abefa24b1d44e237c04.png
18:13:32.240 [AsyncHttpClient-1-4] DEBUG org.asynchttpclient.netty.handler.WebSocketHandler - Channel Closed: [id: 0x799bae11, L:/127.0.0.1:55175 ! R:localhost/127.0.0.1:55168] with attribute NettyResponseFuture{currentRetry=5,
	isDone=1,
	isCancelled=0,
	asyncHandler=org.asynchttpclient.ws.WebSocketUpgradeHandler@76a44609,
	nettyRequest=org.asynchttpclient.netty.request.NettyRequest@7dedee64,
	future=java.util.concurrent.CompletableFuture@7e3d6e0c[Completed normally],
	uri=ws://localhost:55168/devtools/browser/32bd1c4a-6884-48fe-8d45-45e9117048fa,
	keepAlive=true,
	redirectCount=0,
	timeoutsHolder=null,
	inAuth=0,
	touch=1667042008859}
18:13:32.240 [AsyncHttpClient-1-4] DEBUG org.asynchttpclient.netty.channel.ChannelManager - Closing Channel [id: 0x799bae11, L:/127.0.0.1:55175 ! R:localhost/127.0.0.1:55168] 
18:13:32.240 [Driver Command Executor] DEBUG org.asynchttpclient.netty.request.NettyRequestSender - Using pooled Channel '[id: 0x718f7d3a, L:/127.0.0.1:55167 - R:localhost/127.0.0.1:52293]' for 'DELETE' to 'http://localhost:52293/session/3b4928dbf0f90917dd6ca3617cf3f6cb'
18:13:32.240 [Driver Command Executor] DEBUG org.asynchttpclient.netty.request.NettyRequestSender - Using open Channel [id: 0x718f7d3a, L:/127.0.0.1:55167 - R:localhost/127.0.0.1:52293] for DELETE '/session/3b4928dbf0f90917dd6ca3617cf3f6cb'
18:13:32.290 [AsyncHttpClient-1-3] DEBUG org.asynchttpclient.netty.handler.HttpHandler - Unexpected I/O exception on channel [id: 0x4e59a3cd, L:/127.0.0.1:55174 - R:localhost/127.0.0.1:55168]
java.net.SocketException: Connection reset
	at java.base/sun.nio.ch.SocketChannelImpl.throwConnectionReset(SocketChannelImpl.java:345)
	at java.base/sun.nio.ch.SocketChannelImpl.read(SocketChannelImpl.java:376)
	at io.netty.buffer.PooledByteBuf.setBytes(PooledByteBuf.java:258)
	at io.netty.buffer.AbstractByteBuf.writeBytes(AbstractByteBuf.java:1132)
	at io.netty.channel.socket.nio.NioSocketChannel.doReadBytes(NioSocketChannel.java:350)
	at io.netty.channel.nio.AbstractNioByteChannel$NioByteUnsafe.read(AbstractNioByteChannel.java:151)
	at io.netty.channel.nio.NioEventLoop.processSelectedKey(NioEventLoop.java:722)
	at io.netty.channel.nio.NioEventLoop.processSelectedKeysOptimized(NioEventLoop.java:658)
	at io.netty.channel.nio.NioEventLoop.processSelectedKeys(NioEventLoop.java:584)
	at io.netty.channel.nio.NioEventLoop.run(NioEventLoop.java:496)
	at io.netty.util.concurrent.SingleThreadEventExecutor$4.run(SingleThreadEventExecutor.java:986)
	at io.netty.util.internal.ThreadExecutorMap$2.run(ThreadExecutorMap.java:74)
	at io.netty.util.concurrent.FastThreadLocalRunnable.run(FastThreadLocalRunnable.java:30)
	at java.base/java.lang.Thread.run(Thread.java:830)
18:13:32.290 [AsyncHttpClient-1-3] DEBUG org.asynchttpclient.netty.channel.ChannelManager - Closing Channel [id: 0x4e59a3cd, L:/127.0.0.1:55174 - R:localhost/127.0.0.1:55168] 
18:13:32.290 [AsyncHttpClient-1-3] DEBUG org.asynchttpclient.netty.handler.HttpHandler - Channel Closed: [id: 0x4e59a3cd, L:/127.0.0.1:55174 ! R:localhost/127.0.0.1:55168] with attribute DISCARD
18:13:32.303 [AsyncHttpClient-1-2] DEBUG org.asynchttpclient.netty.handler.HttpHandler - 

Request DefaultFullHttpRequest(decodeResult: success, version: HTTP/1.1, content: EmptyByteBufBE)
DELETE /session/3b4928dbf0f90917dd6ca3617cf3f6cb HTTP/1.1
User-Agent: selenium/4.1.2 (java windows)
Content-Type: application/json; charset=utf-8
host: localhost:52293
accept: */*

Response DefaultHttpResponse(decodeResult: success, version: HTTP/1.1)
HTTP/1.1 200 OK
Content-Type: application/json; charset=utf-8
cache-control: no-cache
content-length: 14

18:13:32.303 [AsyncHttpClient-1-2] DEBUG org.asynchttpclient.netty.channel.ChannelManager - Adding key: http://localhost:52293 for channel [id: 0x718f7d3a, L:/127.0.0.1:55167 - R:localhost/127.0.0.1:52293]
18:13:32.360 [AsyncHttpClient-1-2] DEBUG org.asynchttpclient.netty.handler.HttpHandler - Channel Closed: [id: 0x718f7d3a, L:/127.0.0.1:55167 ! R:localhost/127.0.0.1:52293] with attribute DISCARD
18:13:32.375 [AsyncHttpClient-1-1] DEBUG org.asynchttpclient.netty.channel.DefaultChannelPool - Entry count for : http://localhost:52293 : 1
18:13:32.375 [AsyncHttpClient-1-1] DEBUG org.asynchttpclient.netty.channel.DefaultChannelPool - Entry count for : http://localhost:55168 : 1
18:13:32.375 [AsyncHttpClient-1-1] DEBUG org.asynchttpclient.netty.channel.DefaultChannelPool - Adding Candidate expired Channel [id: 0x718f7d3a, L:/127.0.0.1:55167 ! R:localhost/127.0.0.1:52293] isIdleTimeoutExpired=false isRemotelyClosed=true isTtlExpired=false
18:13:32.375 [AsyncHttpClient-1-1] DEBUG org.asynchttpclient.netty.channel.DefaultChannelPool - Closing Idle Channel [id: 0x718f7d3a, L:/127.0.0.1:55167 ! R:localhost/127.0.0.1:52293]
18:13:32.375 [AsyncHttpClient-1-1] DEBUG org.asynchttpclient.netty.channel.DefaultChannelPool - Adding Candidate expired Channel [id: 0x4e59a3cd, L:/127.0.0.1:55174 ! R:localhost/127.0.0.1:55168] isIdleTimeoutExpired=false isRemotelyClosed=true isTtlExpired=false
18:13:32.375 [AsyncHttpClient-1-1] DEBUG org.asynchttpclient.netty.channel.DefaultChannelPool - Closing Idle Channel [id: 0x4e59a3cd, L:/127.0.0.1:55174 ! R:localhost/127.0.0.1:55168]
18:13:32.375 [AsyncHttpClient-1-1] DEBUG org.asynchttpclient.netty.channel.DefaultChannelPool - Closed 2 connections out of 2 in 0 ms
]]></system-out>
    <system-err><![CDATA[Starting ChromeDriver 105.0.5195.52 (412c95e518836d8a7d97250d62b29c2ae6a26a85-refs/branch-heads/5195@{#853}) on port 52293
Only local connections are allowed.
Please see https://chromedriver.chromium.org/security-considerations for suggestions on keeping ChromeDriver safe.
ChromeDriver was started successfully.
[1667042008.818][WARNING]: This version of ChromeDriver has not been tested with Chrome version 106.
Okt 29, 2022 6:13:28 PM org.openqa.selenium.remote.ProtocolHandshake createSession
INFO: Detected dialect: W3C
Okt 29, 2022 6:13:28 PM org.openqa.selenium.devtools.CdpVersionFinder findNearestMatch
WARNING: Unable to find an exact match for CDP version 106, so returning the closest version found: a no-op implementation
Okt 29, 2022 6:13:28 PM org.openqa.selenium.devtools.CdpVersionFinder findNearestMatch
INFO: Unable to find CDP implementation matching 106.
Okt 29, 2022 6:13:28 PM org.openqa.selenium.chromium.ChromiumDriver lambda$new$3
WARNING: Unable to find version of CDP to use for . You may need to include a dependency on a specific version of the CDP using something similar to `org.seleniumhq.selenium:selenium-devtools-v86:4.1.2` where the version ("v86") matches the version of the chromium-based browser you're using and the version number of the artifact is the same as Selenium's.
]]></system-err>
  </testcase>
</testsuite>